2025-12-03 18:05:19,330 - /home/kantorkristof/git/neurips-polymer/I_Experiment-Synthetic/GNN/GCN.py[line:171] - INFO: 
Model training started for property: III_Equally_Distributed_Base
2025-12-03 18:05:19,330 - /home/kantorkristof/git/neurips-polymer/I_Experiment-Synthetic/GNN/GCN.py[line:86] - INFO: 
+------------+-------+
| Parameter  | Value |
+------------+-------+
| cuda       | 2     |
+------------+-------+
| datadir    | data  |
+------------+-------+
| epoch      | 1000  |
+------------+-------+
| seed       | [42]  |
+------------+-------+
| channels   | 64    |
+------------+-------+
| pretrain   | 0     |
+------------+-------+
| batch_size | 1000  |
+------------+-------+
| net_lr     | 0.001 |
+------------+-------+
2025-12-03 18:05:19,331 - /home/kantorkristof/git/neurips-polymer/I_Experiment-Synthetic/GNN/GCN.py[line:176] - INFO: --- Starting training for III_Equally_Distributed_Base with seed 42 ---
2025-12-03 18:05:19,574 - /home/kantorkristof/git/neurips-polymer/I_Experiment-Synthetic/GNN/GCN.py[line:230] - INFO: Epoch [1/1000] Train_Acc: 0.6667 Val_Acc: 0.6667 | Loss: 0.6886
2025-12-03 18:05:19,576 - /home/kantorkristof/git/neurips-polymer/I_Experiment-Synthetic/GNN/GCN.py[line:240] - INFO: Best model saved at epoch 1 with val_acc 0.6667
2025-12-03 18:05:19,815 - /home/kantorkristof/git/neurips-polymer/I_Experiment-Synthetic/GNN/GCN.py[line:230] - INFO: Epoch [2/1000] Train_Acc: 0.6667 Val_Acc: 0.6667 | Loss: 0.6587
2025-12-03 18:05:20,053 - /home/kantorkristof/git/neurips-polymer/I_Experiment-Synthetic/GNN/GCN.py[line:230] - INFO: Epoch [3/1000] Train_Acc: 0.6667 Val_Acc: 0.6667 | Loss: 0.6371
2025-12-03 18:05:20,292 - /home/kantorkristof/git/neurips-polymer/I_Experiment-Synthetic/GNN/GCN.py[line:230] - INFO: Epoch [4/1000] Train_Acc: 0.6667 Val_Acc: 0.6667 | Loss: 0.6226
2025-12-03 18:05:20,541 - /home/kantorkristof/git/neurips-polymer/I_Experiment-Synthetic/GNN/GCN.py[line:230] - INFO: Epoch [5/1000] Train_Acc: 0.6667 Val_Acc: 0.6667 | Loss: 0.6093
2025-12-03 18:05:20,781 - /home/kantorkristof/git/neurips-polymer/I_Experiment-Synthetic/GNN/GCN.py[line:230] - INFO: Epoch [6/1000] Train_Acc: 0.6667 Val_Acc: 0.6667 | Loss: 0.5965
2025-12-03 18:05:21,025 - /home/kantorkristof/git/neurips-polymer/I_Experiment-Synthetic/GNN/GCN.py[line:230] - INFO: Epoch [7/1000] Train_Acc: 0.6667 Val_Acc: 0.6667 | Loss: 0.5783
2025-12-03 18:05:21,265 - /home/kantorkristof/git/neurips-polymer/I_Experiment-Synthetic/GNN/GCN.py[line:230] - INFO: Epoch [8/1000] Train_Acc: 0.6667 Val_Acc: 0.6667 | Loss: 0.5591
2025-12-03 18:05:21,504 - /home/kantorkristof/git/neurips-polymer/I_Experiment-Synthetic/GNN/GCN.py[line:230] - INFO: Epoch [9/1000] Train_Acc: 0.6667 Val_Acc: 0.6667 | Loss: 0.5391
2025-12-03 18:05:21,746 - /home/kantorkristof/git/neurips-polymer/I_Experiment-Synthetic/GNN/GCN.py[line:230] - INFO: Epoch [10/1000] Train_Acc: 0.6667 Val_Acc: 0.6667 | Loss: 0.5135
2025-12-03 18:05:21,987 - /home/kantorkristof/git/neurips-polymer/I_Experiment-Synthetic/GNN/GCN.py[line:230] - INFO: Epoch [11/1000] Train_Acc: 0.6667 Val_Acc: 0.6667 | Loss: 0.4832
2025-12-03 18:05:22,226 - /home/kantorkristof/git/neurips-polymer/I_Experiment-Synthetic/GNN/GCN.py[line:230] - INFO: Epoch [12/1000] Train_Acc: 0.6667 Val_Acc: 0.6667 | Loss: 0.4532
2025-12-03 18:05:22,466 - /home/kantorkristof/git/neurips-polymer/I_Experiment-Synthetic/GNN/GCN.py[line:230] - INFO: Epoch [13/1000] Train_Acc: 0.6857 Val_Acc: 0.6873 | Loss: 0.4203
2025-12-03 18:05:22,469 - /home/kantorkristof/git/neurips-polymer/I_Experiment-Synthetic/GNN/GCN.py[line:240] - INFO: Best model saved at epoch 13 with val_acc 0.6873
2025-12-03 18:05:22,710 - /home/kantorkristof/git/neurips-polymer/I_Experiment-Synthetic/GNN/GCN.py[line:230] - INFO: Epoch [14/1000] Train_Acc: 0.7023 Val_Acc: 0.7060 | Loss: 0.3850
2025-12-03 18:05:22,713 - /home/kantorkristof/git/neurips-polymer/I_Experiment-Synthetic/GNN/GCN.py[line:240] - INFO: Best model saved at epoch 14 with val_acc 0.7060
2025-12-03 18:05:22,954 - /home/kantorkristof/git/neurips-polymer/I_Experiment-Synthetic/GNN/GCN.py[line:230] - INFO: Epoch [15/1000] Train_Acc: 0.7707 Val_Acc: 0.7803 | Loss: 0.3478
2025-12-03 18:05:22,957 - /home/kantorkristof/git/neurips-polymer/I_Experiment-Synthetic/GNN/GCN.py[line:240] - INFO: Best model saved at epoch 15 with val_acc 0.7803
2025-12-03 18:05:23,193 - /home/kantorkristof/git/neurips-polymer/I_Experiment-Synthetic/GNN/GCN.py[line:230] - INFO: Epoch [16/1000] Train_Acc: 0.8857 Val_Acc: 0.8773 | Loss: 0.3071
2025-12-03 18:05:23,195 - /home/kantorkristof/git/neurips-polymer/I_Experiment-Synthetic/GNN/GCN.py[line:240] - INFO: Best model saved at epoch 16 with val_acc 0.8773
2025-12-03 18:05:23,432 - /home/kantorkristof/git/neurips-polymer/I_Experiment-Synthetic/GNN/GCN.py[line:230] - INFO: Epoch [17/1000] Train_Acc: 0.9243 Val_Acc: 0.9253 | Loss: 0.2660
2025-12-03 18:05:23,434 - /home/kantorkristof/git/neurips-polymer/I_Experiment-Synthetic/GNN/GCN.py[line:240] - INFO: Best model saved at epoch 17 with val_acc 0.9253
2025-12-03 18:05:23,668 - /home/kantorkristof/git/neurips-polymer/I_Experiment-Synthetic/GNN/GCN.py[line:230] - INFO: Epoch [18/1000] Train_Acc: 0.9243 Val_Acc: 0.9253 | Loss: 0.2274
2025-12-03 18:05:23,903 - /home/kantorkristof/git/neurips-polymer/I_Experiment-Synthetic/GNN/GCN.py[line:230] - INFO: Epoch [19/1000] Train_Acc: 0.9453 Val_Acc: 0.9457 | Loss: 0.1888
2025-12-03 18:05:23,906 - /home/kantorkristof/git/neurips-polymer/I_Experiment-Synthetic/GNN/GCN.py[line:240] - INFO: Best model saved at epoch 19 with val_acc 0.9457
2025-12-03 18:05:24,141 - /home/kantorkristof/git/neurips-polymer/I_Experiment-Synthetic/GNN/GCN.py[line:230] - INFO: Epoch [20/1000] Train_Acc: 0.9453 Val_Acc: 0.9457 | Loss: 0.1505
2025-12-03 18:05:24,385 - /home/kantorkristof/git/neurips-polymer/I_Experiment-Synthetic/GNN/GCN.py[line:230] - INFO: Epoch [21/1000] Train_Acc: 0.9453 Val_Acc: 0.9457 | Loss: 0.1210
2025-12-03 18:05:24,618 - /home/kantorkristof/git/neurips-polymer/I_Experiment-Synthetic/GNN/GCN.py[line:230] - INFO: Epoch [22/1000] Train_Acc: 0.9453 Val_Acc: 0.9457 | Loss: 0.0919
2025-12-03 18:05:24,852 - /home/kantorkristof/git/neurips-polymer/I_Experiment-Synthetic/GNN/GCN.py[line:230] - INFO: Epoch [23/1000] Train_Acc: 0.9453 Val_Acc: 0.9457 | Loss: 0.0722
2025-12-03 18:05:25,088 - /home/kantorkristof/git/neurips-polymer/I_Experiment-Synthetic/GNN/GCN.py[line:230] - INFO: Epoch [24/1000] Train_Acc: 0.9453 Val_Acc: 0.9457 | Loss: 0.0548
2025-12-03 18:05:25,324 - /home/kantorkristof/git/neurips-polymer/I_Experiment-Synthetic/GNN/GCN.py[line:230] - INFO: Epoch [25/1000] Train_Acc: 0.9453 Val_Acc: 0.9457 | Loss: 0.0439
2025-12-03 18:05:25,569 - /home/kantorkristof/git/neurips-polymer/I_Experiment-Synthetic/GNN/GCN.py[line:230] - INFO: Epoch [26/1000] Train_Acc: 0.9243 Val_Acc: 0.9253 | Loss: 0.0329
2025-12-03 18:05:25,829 - /home/kantorkristof/git/neurips-polymer/I_Experiment-Synthetic/GNN/GCN.py[line:230] - INFO: Epoch [27/1000] Train_Acc: 0.9243 Val_Acc: 0.9253 | Loss: 0.0276
2025-12-03 18:05:26,076 - /home/kantorkristof/git/neurips-polymer/I_Experiment-Synthetic/GNN/GCN.py[line:230] - INFO: Epoch [28/1000] Train_Acc: 0.9053 Val_Acc: 0.9047 | Loss: 0.0207
2025-12-03 18:05:26,320 - /home/kantorkristof/git/neurips-polymer/I_Experiment-Synthetic/GNN/GCN.py[line:230] - INFO: Epoch [29/1000] Train_Acc: 0.9957 Val_Acc: 0.9967 | Loss: 0.0165
2025-12-03 18:05:26,322 - /home/kantorkristof/git/neurips-polymer/I_Experiment-Synthetic/GNN/GCN.py[line:240] - INFO: Best model saved at epoch 29 with val_acc 0.9967
2025-12-03 18:05:26,592 - /home/kantorkristof/git/neurips-polymer/I_Experiment-Synthetic/GNN/GCN.py[line:230] - INFO: Epoch [30/1000] Train_Acc: 0.8967 Val_Acc: 0.8970 | Loss: 0.0147
2025-12-03 18:05:26,829 - /home/kantorkristof/git/neurips-polymer/I_Experiment-Synthetic/GNN/GCN.py[line:230] - INFO: Epoch [31/1000] Train_Acc: 0.7880 Val_Acc: 0.7920 | Loss: 0.0122
2025-12-03 18:05:27,072 - /home/kantorkristof/git/neurips-polymer/I_Experiment-Synthetic/GNN/GCN.py[line:230] - INFO: Epoch [32/1000] Train_Acc: 0.7880 Val_Acc: 0.7920 | Loss: 0.0108
2025-12-03 18:05:27,307 - /home/kantorkristof/git/neurips-polymer/I_Experiment-Synthetic/GNN/GCN.py[line:230] - INFO: Epoch [33/1000] Train_Acc: 0.7880 Val_Acc: 0.7920 | Loss: 0.0092
2025-12-03 18:05:27,549 - /home/kantorkristof/git/neurips-polymer/I_Experiment-Synthetic/GNN/GCN.py[line:230] - INFO: Epoch [34/1000] Train_Acc: 0.8053 Val_Acc: 0.8053 | Loss: 0.0082
2025-12-03 18:05:27,794 - /home/kantorkristof/git/neurips-polymer/I_Experiment-Synthetic/GNN/GCN.py[line:230] - INFO: Epoch [35/1000] Train_Acc: 0.7880 Val_Acc: 0.7920 | Loss: 0.0070
2025-12-03 18:05:28,031 - /home/kantorkristof/git/neurips-polymer/I_Experiment-Synthetic/GNN/GCN.py[line:230] - INFO: Epoch [36/1000] Train_Acc: 0.9187 Val_Acc: 0.9130 | Loss: 0.0055
2025-12-03 18:05:28,274 - /home/kantorkristof/git/neurips-polymer/I_Experiment-Synthetic/GNN/GCN.py[line:230] - INFO: Epoch [37/1000] Train_Acc: 0.8777 Val_Acc: 0.8767 | Loss: 0.0049
2025-12-03 18:05:28,510 - /home/kantorkristof/git/neurips-polymer/I_Experiment-Synthetic/GNN/GCN.py[line:230] - INFO: Epoch [38/1000] Train_Acc: 0.9383 Val_Acc: 0.9287 | Loss: 0.0048
2025-12-03 18:05:28,893 - /home/kantorkristof/git/neurips-polymer/I_Experiment-Synthetic/GNN/GCN.py[line:230] - INFO: Epoch [39/1000] Train_Acc: 1.0000 Val_Acc: 1.0000 | Loss: 0.0039
2025-12-03 18:05:28,896 - /home/kantorkristof/git/neurips-polymer/I_Experiment-Synthetic/GNN/GCN.py[line:240] - INFO: Best model saved at epoch 39 with val_acc 1.0000
2025-12-03 18:05:28,896 - /home/kantorkristof/git/neurips-polymer/I_Experiment-Synthetic/GNN/GCN.py[line:250] - INFO: Validation accuracy reached 1.0, stopping training.
2025-12-03 18:05:29,126 - /home/kantorkristof/git/neurips-polymer/I_Experiment-Synthetic/GNN/GCN.py[line:265] - INFO: Best model Accuracy for III_Equally_Distributed_Base, seed 42:
2025-12-03 18:05:29,126 - /home/kantorkristof/git/neurips-polymer/I_Experiment-Synthetic/GNN/GCN.py[line:266] - INFO:   Train Accuracy: 1.0000
2025-12-03 18:05:29,126 - /home/kantorkristof/git/neurips-polymer/I_Experiment-Synthetic/GNN/GCN.py[line:267] - INFO:   Val Accuracy: 1.0000
2025-12-03 18:05:29,126 - /home/kantorkristof/git/neurips-polymer/I_Experiment-Synthetic/GNN/GCN.py[line:268] - INFO:   Test Accuracy: 1.0000
2025-12-03 18:05:29,126 - /home/kantorkristof/git/neurips-polymer/I_Experiment-Synthetic/GNN/GCN.py[line:284] - INFO: 
=== Results for attribute III_Equally_Distributed_Base ===
2025-12-03 18:05:29,126 - /home/kantorkristof/git/neurips-polymer/I_Experiment-Synthetic/GNN/GCN.py[line:290] - INFO: Train Accuracy: 1.0000  Val Accuracy: 1.0000  Test Accuracy: 1.0000
