2025-12-05 16:57:58,516 - /home/kantorkristof/git/neurips-polymer/II_Experiment-Molecule/GNN/DIR.py[line:335] - INFO: 
Model training started for property: Tg
2025-12-05 16:57:58,517 - /home/kantorkristof/git/neurips-polymer/II_Experiment-Molecule/GNN/DIR.py[line:121] - INFO: 
+------------+--------------+
| Parameter  | Value        |
+------------+--------------+
| cuda       | 2            |
+------------+--------------+
| datadir    | data         |
+------------+--------------+
| epoch      | 1000         |
+------------+--------------+
| seed       | [42]         |
+------------+--------------+
| channels   | 64           |
+------------+--------------+
| pretrain   | 0            |
+------------+--------------+
| alpha      | 0.001        |
+------------+--------------+
| r          | 0.900        |
+------------+--------------+
| batch_size | 32           |
+------------+--------------+
| net_lr     | 0.001        |
+------------+--------------+
2025-12-05 16:57:58,517 - /home/kantorkristof/git/neurips-polymer/II_Experiment-Molecule/GNN/DIR.py[line:340] - INFO: --- Starting training for Tg with seed 42 ---
2025-12-05 16:57:59,058 - /home/kantorkristof/git/neurips-polymer/II_Experiment-Molecule/GNN/DIR.py[line:435] - INFO: Epoch [1/1000] Train_MSE: 21691.025307 Val_MSE: 19426.877475 | Total_Loss: 42566.842187 Causal_Loss: 21282.732812 DIR_Penalty: 11.697677 Spurious_Loss: 21284.097070
2025-12-05 16:57:59,062 - /home/kantorkristof/git/neurips-polymer/II_Experiment-Molecule/GNN/DIR.py[line:449] - INFO: Best model saved at epoch 1 with val_mse 19426.877475
2025-12-05 16:57:59,589 - /home/kantorkristof/git/neurips-polymer/II_Experiment-Molecule/GNN/DIR.py[line:435] - INFO: Epoch [2/1000] Train_MSE: 20891.079969 Val_MSE: 18781.242594 | Total_Loss: 43152.266406 Causal_Loss: 21552.796387 DIR_Penalty: 1694.858495 Spurious_Loss: 21597.775391
2025-12-05 16:57:59,592 - /home/kantorkristof/git/neurips-polymer/II_Experiment-Molecule/GNN/DIR.py[line:449] - INFO: Best model saved at epoch 2 with val_mse 18781.242594
2025-12-05 16:58:00,125 - /home/kantorkristof/git/neurips-polymer/II_Experiment-Molecule/GNN/DIR.py[line:435] - INFO: Epoch [3/1000] Train_MSE: 15996.837586 Val_MSE: 14830.904084 | Total_Loss: 42424.066016 Causal_Loss: 21022.449609 DIR_Penalty: 71141.104593 Spurious_Loss: 21330.475391
2025-12-05 16:58:00,129 - /home/kantorkristof/git/neurips-polymer/II_Experiment-Molecule/GNN/DIR.py[line:449] - INFO: Best model saved at epoch 3 with val_mse 14830.904084
2025-12-05 16:58:00,668 - /home/kantorkristof/git/neurips-polymer/II_Experiment-Molecule/GNN/DIR.py[line:435] - INFO: Epoch [4/1000] Train_MSE: 10092.202293 Val_MSE: 10264.477636 | Total_Loss: 38181.126953 Causal_Loss: 18534.178613 DIR_Penalty: 356816.225000 Spurious_Loss: 19290.131934
2025-12-05 16:58:00,672 - /home/kantorkristof/git/neurips-polymer/II_Experiment-Molecule/GNN/DIR.py[line:449] - INFO: Best model saved at epoch 4 with val_mse 10264.477636
2025-12-05 16:58:01,195 - /home/kantorkristof/git/neurips-polymer/II_Experiment-Molecule/GNN/DIR.py[line:435] - INFO: Epoch [5/1000] Train_MSE: 11926.223433 Val_MSE: 11419.085744 | Total_Loss: 34722.604102 Causal_Loss: 15901.596631 DIR_Penalty: 1428846.605225 Spurious_Loss: 17392.160498
2025-12-05 16:58:01,732 - /home/kantorkristof/git/neurips-polymer/II_Experiment-Molecule/GNN/DIR.py[line:435] - INFO: Epoch [6/1000] Train_MSE: 9760.929694 Val_MSE: 10128.560247 | Total_Loss: 31829.665234 Causal_Loss: 14885.307617 DIR_Penalty: 1060260.431250 Spurious_Loss: 15884.097363
2025-12-05 16:58:01,736 - /home/kantorkristof/git/neurips-polymer/II_Experiment-Molecule/GNN/DIR.py[line:449] - INFO: Best model saved at epoch 6 with val_mse 10128.560247
2025-12-05 16:58:02,335 - /home/kantorkristof/git/neurips-polymer/II_Experiment-Molecule/GNN/DIR.py[line:435] - INFO: Epoch [7/1000] Train_MSE: 14633.171331 Val_MSE: 16101.970370 | Total_Loss: 26958.313184 Causal_Loss: 12834.427246 DIR_Penalty: 694711.326331 Spurious_Loss: 13429.174219
2025-12-05 16:58:02,902 - /home/kantorkristof/git/neurips-polymer/II_Experiment-Molecule/GNN/DIR.py[line:435] - INFO: Epoch [8/1000] Train_MSE: 27322.385438 Val_MSE: 28720.317605 | Total_Loss: 23189.630273 Causal_Loss: 10781.299365 DIR_Penalty: 650585.457812 Spurious_Loss: 11757.745557
2025-12-05 16:58:03,468 - /home/kantorkristof/git/neurips-polymer/II_Experiment-Molecule/GNN/DIR.py[line:435] - INFO: Epoch [9/1000] Train_MSE: 35675.692943 Val_MSE: 37074.828976 | Total_Loss: 23372.219727 Causal_Loss: 10549.756299 DIR_Penalty: 1222060.980322 Spurious_Loss: 11600.402539
2025-12-05 16:58:04,018 - /home/kantorkristof/git/neurips-polymer/II_Experiment-Molecule/GNN/DIR.py[line:435] - INFO: Epoch [10/1000] Train_MSE: 17863.461565 Val_MSE: 19568.810271 | Total_Loss: 23807.405762 Causal_Loss: 10571.893164 DIR_Penalty: 1469509.693750 Spurious_Loss: 11766.002588
2025-12-05 16:58:04,583 - /home/kantorkristof/git/neurips-polymer/II_Experiment-Molecule/GNN/DIR.py[line:435] - INFO: Epoch [11/1000] Train_MSE: 15621.294166 Val_MSE: 16970.884418 | Total_Loss: 23316.402148 Causal_Loss: 11069.435352 DIR_Penalty: 550499.286792 Spurious_Loss: 11696.467578
2025-12-05 16:58:05,144 - /home/kantorkristof/git/neurips-polymer/II_Experiment-Molecule/GNN/DIR.py[line:435] - INFO: Epoch [12/1000] Train_MSE: 12953.820524 Val_MSE: 14036.225567 | Total_Loss: 23028.357324 Causal_Loss: 10473.759521 DIR_Penalty: 1139918.734473 Spurious_Loss: 11414.678760
2025-12-05 16:58:05,709 - /home/kantorkristof/git/neurips-polymer/II_Experiment-Molecule/GNN/DIR.py[line:435] - INFO: Epoch [13/1000] Train_MSE: 15210.567079 Val_MSE: 16436.177149 | Total_Loss: 23140.572461 Causal_Loss: 10711.572803 DIR_Penalty: 895394.631592 Spurious_Loss: 11533.604932
2025-12-05 16:58:06,273 - /home/kantorkristof/git/neurips-polymer/II_Experiment-Molecule/GNN/DIR.py[line:435] - INFO: Epoch [14/1000] Train_MSE: 12288.306823 Val_MSE: 13374.328125 | Total_Loss: 23794.719336 Causal_Loss: 11095.043848 DIR_Penalty: 908754.682227 Spurious_Loss: 11790.920898
2025-12-05 16:58:06,827 - /home/kantorkristof/git/neurips-polymer/II_Experiment-Molecule/GNN/DIR.py[line:435] - INFO: Epoch [15/1000] Train_MSE: 13182.435524 Val_MSE: 14416.632653 | Total_Loss: 22789.075000 Causal_Loss: 10632.235498 DIR_Penalty: 619165.805664 Spurious_Loss: 11537.674170
2025-12-05 16:58:07,368 - /home/kantorkristof/git/neurips-polymer/II_Experiment-Molecule/GNN/DIR.py[line:435] - INFO: Epoch [16/1000] Train_MSE: 14834.624103 Val_MSE: 16096.275942 | Total_Loss: 22605.839941 Causal_Loss: 10555.987842 DIR_Penalty: 590652.176315 Spurious_Loss: 11459.199902
2025-12-05 16:58:07,915 - /home/kantorkristof/git/neurips-polymer/II_Experiment-Molecule/GNN/DIR.py[line:435] - INFO: Epoch [17/1000] Train_MSE: 15021.180952 Val_MSE: 16343.652919 | Total_Loss: 23686.602148 Causal_Loss: 10168.299414 DIR_Penalty: 1797956.317187 Spurious_Loss: 11720.345947
2025-12-05 16:58:08,470 - /home/kantorkristof/git/neurips-polymer/II_Experiment-Molecule/GNN/DIR.py[line:435] - INFO: Epoch [18/1000] Train_MSE: 11147.726569 Val_MSE: 12104.967353 | Total_Loss: 22838.557910 Causal_Loss: 10874.110303 DIR_Penalty: 536925.657422 Spurious_Loss: 11427.521924
2025-12-05 16:58:09,033 - /home/kantorkristof/git/neurips-polymer/II_Experiment-Molecule/GNN/DIR.py[line:435] - INFO: Epoch [19/1000] Train_MSE: 11538.759641 Val_MSE: 12746.147432 | Total_Loss: 23601.332227 Causal_Loss: 11238.661719 DIR_Penalty: 464845.107129 Spurious_Loss: 11897.825244
2025-12-05 16:58:09,576 - /home/kantorkristof/git/neurips-polymer/II_Experiment-Molecule/GNN/DIR.py[line:435] - INFO: Epoch [20/1000] Train_MSE: 13261.878560 Val_MSE: 14797.011076 | Total_Loss: 22264.357520 Causal_Loss: 10595.796997 DIR_Penalty: 338178.270508 Spurious_Loss: 11330.382300
2025-12-05 16:58:10,116 - /home/kantorkristof/git/neurips-polymer/II_Experiment-Molecule/GNN/DIR.py[line:435] - INFO: Epoch [21/1000] Train_MSE: 12997.139255 Val_MSE: 14548.639905 | Total_Loss: 23552.583789 Causal_Loss: 10654.777588 DIR_Penalty: 1027009.828125 Spurious_Loss: 11870.796240
2025-12-05 16:58:10,669 - /home/kantorkristof/git/neurips-polymer/II_Experiment-Molecule/GNN/DIR.py[line:435] - INFO: Epoch [22/1000] Train_MSE: 11186.549702 Val_MSE: 12287.137178 | Total_Loss: 23621.485352 Causal_Loss: 11078.602979 DIR_Penalty: 594901.216992 Spurious_Loss: 11947.981201
2025-12-05 16:58:11,224 - /home/kantorkristof/git/neurips-polymer/II_Experiment-Molecule/GNN/DIR.py[line:435] - INFO: Epoch [23/1000] Train_MSE: 12001.590071 Val_MSE: 13370.480087 | Total_Loss: 22297.255078 Causal_Loss: 10612.639063 DIR_Penalty: 406102.408979 Spurious_Loss: 11278.513672
2025-12-05 16:58:11,863 - /home/kantorkristof/git/neurips-polymer/II_Experiment-Molecule/GNN/DIR.py[line:435] - INFO: Epoch [24/1000] Train_MSE: 13382.577626 Val_MSE: 14882.514769 | Total_Loss: 22785.709766 Causal_Loss: 10777.589258 DIR_Penalty: 535451.548438 Spurious_Loss: 11472.669238
2025-12-05 16:58:12,426 - /home/kantorkristof/git/neurips-polymer/II_Experiment-Molecule/GNN/DIR.py[line:435] - INFO: Epoch [25/1000] Train_MSE: 13430.177894 Val_MSE: 14864.979188 | Total_Loss: 22431.655273 Causal_Loss: 10084.201367 DIR_Penalty: 1091453.676562 Spurious_Loss: 11256.000488
2025-12-05 16:58:13,010 - /home/kantorkristof/git/neurips-polymer/II_Experiment-Molecule/GNN/DIR.py[line:435] - INFO: Epoch [26/1000] Train_MSE: 12274.687855 Val_MSE: 13618.095060 | Total_Loss: 23145.138477 Causal_Loss: 10741.021143 DIR_Penalty: 620906.078125 Spurious_Loss: 11783.210889
2025-12-05 16:58:13,601 - /home/kantorkristof/git/neurips-polymer/II_Experiment-Molecule/GNN/DIR.py[line:435] - INFO: Epoch [27/1000] Train_MSE: 12321.689349 Val_MSE: 13805.921140 | Total_Loss: 23609.292480 Causal_Loss: 11389.746484 DIR_Penalty: 268363.635059 Spurious_Loss: 11951.182373
2025-12-05 16:58:14,141 - /home/kantorkristof/git/neurips-polymer/II_Experiment-Molecule/GNN/DIR.py[line:435] - INFO: Epoch [28/1000] Train_MSE: 13509.484788 Val_MSE: 15347.495025 | Total_Loss: 23462.297266 Causal_Loss: 10679.673926 DIR_Penalty: 1041144.095996 Spurious_Loss: 11741.478760
2025-12-05 16:58:14,674 - /home/kantorkristof/git/neurips-polymer/II_Experiment-Molecule/GNN/DIR.py[line:435] - INFO: Epoch [29/1000] Train_MSE: 12358.957489 Val_MSE: 14302.123849 | Total_Loss: 22349.315039 Causal_Loss: 10555.377539 DIR_Penalty: 390512.729687 Spurious_Loss: 11403.424707
2025-12-05 16:58:15,226 - /home/kantorkristof/git/neurips-polymer/II_Experiment-Molecule/GNN/DIR.py[line:435] - INFO: Epoch [30/1000] Train_MSE: 14550.459756 Val_MSE: 16641.899346 | Total_Loss: 22536.794629 Causal_Loss: 10636.360254 DIR_Penalty: 444940.162598 Spurious_Loss: 11455.494336
2025-12-05 16:58:15,762 - /home/kantorkristof/git/neurips-polymer/II_Experiment-Molecule/GNN/DIR.py[line:435] - INFO: Epoch [31/1000] Train_MSE: 12018.994502 Val_MSE: 13659.014005 | Total_Loss: 22977.674414 Causal_Loss: 10276.352734 DIR_Penalty: 1064252.489844 Spurious_Loss: 11637.068652
2025-12-05 16:58:16,312 - /home/kantorkristof/git/neurips-polymer/II_Experiment-Molecule/GNN/DIR.py[line:435] - INFO: Epoch [32/1000] Train_MSE: 12294.714247 Val_MSE: 13883.275444 | Total_Loss: 22086.022656 Causal_Loss: 10571.869678 DIR_Penalty: 287182.842041 Spurious_Loss: 11226.970752
2025-12-05 16:58:16,840 - /home/kantorkristof/git/neurips-polymer/II_Experiment-Molecule/GNN/DIR.py[line:435] - INFO: Epoch [33/1000] Train_MSE: 13838.384116 Val_MSE: 15477.870973 | Total_Loss: 22194.607422 Causal_Loss: 10388.256445 DIR_Penalty: 534930.823340 Spurious_Loss: 11271.420410
2025-12-05 16:58:17,376 - /home/kantorkristof/git/neurips-polymer/II_Experiment-Molecule/GNN/DIR.py[line:435] - INFO: Epoch [34/1000] Train_MSE: 14689.050099 Val_MSE: 16338.512686 | Total_Loss: 22166.569336 Causal_Loss: 10319.023096 DIR_Penalty: 668087.393164 Spurious_Loss: 11179.458789
2025-12-05 16:58:17,913 - /home/kantorkristof/git/neurips-polymer/II_Experiment-Molecule/GNN/DIR.py[line:435] - INFO: Epoch [35/1000] Train_MSE: 11152.508933 Val_MSE: 12502.171802 | Total_Loss: 22846.018945 Causal_Loss: 10319.489844 DIR_Penalty: 1046616.792871 Spurious_Loss: 11479.911963
2025-12-05 16:58:18,472 - /home/kantorkristof/git/neurips-polymer/II_Experiment-Molecule/GNN/DIR.py[line:435] - INFO: Epoch [36/1000] Train_MSE: 11989.751057 Val_MSE: 13517.914038 | Total_Loss: 22613.038672 Causal_Loss: 10787.625635 DIR_Penalty: 336655.104492 Spurious_Loss: 11488.757666
2025-12-05 16:58:19,000 - /home/kantorkristof/git/neurips-polymer/II_Experiment-Molecule/GNN/DIR.py[line:435] - INFO: Epoch [37/1000] Train_MSE: 12445.440788 Val_MSE: 14006.869861 | Total_Loss: 22439.453809 Causal_Loss: 10437.082080 DIR_Penalty: 594493.082715 Spurious_Loss: 11407.878369
2025-12-05 16:58:19,539 - /home/kantorkristof/git/neurips-polymer/II_Experiment-Molecule/GNN/DIR.py[line:435] - INFO: Epoch [38/1000] Train_MSE: 11168.849984 Val_MSE: 12491.688037 | Total_Loss: 23201.389844 Causal_Loss: 10517.332764 DIR_Penalty: 937445.897266 Spurious_Loss: 11746.610645
2025-12-05 16:58:20,079 - /home/kantorkristof/git/neurips-polymer/II_Experiment-Molecule/GNN/DIR.py[line:435] - INFO: Epoch [39/1000] Train_MSE: 11927.904420 Val_MSE: 13371.406177 | Total_Loss: 22900.531348 Causal_Loss: 10929.343066 DIR_Penalty: 340083.519815 Spurious_Loss: 11631.104785
2025-12-05 16:58:20,610 - /home/kantorkristof/git/neurips-polymer/II_Experiment-Molecule/GNN/DIR.py[line:435] - INFO: Epoch [40/1000] Train_MSE: 12021.369025 Val_MSE: 13409.485854 | Total_Loss: 22487.591211 Causal_Loss: 10558.875146 DIR_Penalty: 553716.202686 Spurious_Loss: 11374.999561
2025-12-05 16:58:21,151 - /home/kantorkristof/git/neurips-polymer/II_Experiment-Molecule/GNN/DIR.py[line:435] - INFO: Epoch [41/1000] Train_MSE: 11440.360755 Val_MSE: 12751.515465 | Total_Loss: 22881.257812 Causal_Loss: 10418.414990 DIR_Penalty: 921509.450391 Spurious_Loss: 11541.333398
2025-12-05 16:58:21,694 - /home/kantorkristof/git/neurips-polymer/II_Experiment-Molecule/GNN/DIR.py[line:435] - INFO: Epoch [42/1000] Train_MSE: 12553.137164 Val_MSE: 13854.311146 | Total_Loss: 22545.860742 Causal_Loss: 10758.121289 DIR_Penalty: 379109.245703 Spurious_Loss: 11408.630078
2025-12-05 16:58:22,221 - /home/kantorkristof/git/neurips-polymer/II_Experiment-Molecule/GNN/DIR.py[line:435] - INFO: Epoch [43/1000] Train_MSE: 12967.949107 Val_MSE: 14534.234718 | Total_Loss: 23027.764844 Causal_Loss: 10235.419727 DIR_Penalty: 1281407.016992 Spurious_Loss: 11510.938281
2025-12-05 16:58:22,755 - /home/kantorkristof/git/neurips-polymer/II_Experiment-Molecule/GNN/DIR.py[line:435] - INFO: Epoch [44/1000] Train_MSE: 11141.931913 Val_MSE: 12259.961634 | Total_Loss: 22056.446582 Causal_Loss: 10404.787061 DIR_Penalty: 512036.295117 Spurious_Loss: 11139.623755
2025-12-05 16:58:23,278 - /home/kantorkristof/git/neurips-polymer/II_Experiment-Molecule/GNN/DIR.py[line:435] - INFO: Epoch [45/1000] Train_MSE: 12664.785419 Val_MSE: 14016.894294 | Total_Loss: 22228.870801 Causal_Loss: 10473.146143 DIR_Penalty: 464369.291052 Spurious_Loss: 11291.355420
2025-12-05 16:58:23,803 - /home/kantorkristof/git/neurips-polymer/II_Experiment-Molecule/GNN/DIR.py[line:435] - INFO: Epoch [46/1000] Train_MSE: 11636.891179 Val_MSE: 12731.718242 | Total_Loss: 22402.205566 Causal_Loss: 10447.662305 DIR_Penalty: 531300.418750 Spurious_Loss: 11423.242578
2025-12-05 16:58:24,325 - /home/kantorkristof/git/neurips-polymer/II_Experiment-Molecule/GNN/DIR.py[line:435] - INFO: Epoch [47/1000] Train_MSE: 11978.042652 Val_MSE: 13189.565986 | Total_Loss: 23668.377441 Causal_Loss: 11202.865625 DIR_Penalty: 439278.734375 Spurious_Loss: 12026.232959
2025-12-05 16:58:24,858 - /home/kantorkristof/git/neurips-polymer/II_Experiment-Molecule/GNN/DIR.py[line:435] - INFO: Epoch [48/1000] Train_MSE: 12118.591349 Val_MSE: 13342.221515 | Total_Loss: 23402.915039 Causal_Loss: 10612.548047 DIR_Penalty: 999689.583105 Spurious_Loss: 11790.677441
2025-12-05 16:58:25,399 - /home/kantorkristof/git/neurips-polymer/II_Experiment-Molecule/GNN/DIR.py[line:435] - INFO: Epoch [49/1000] Train_MSE: 10977.448156 Val_MSE: 11736.839863 | Total_Loss: 23023.397461 Causal_Loss: 10956.104346 DIR_Penalty: 376812.472729 Spurious_Loss: 11690.480615
2025-12-05 16:58:25,931 - /home/kantorkristof/git/neurips-polymer/II_Experiment-Molecule/GNN/DIR.py[line:435] - INFO: Epoch [50/1000] Train_MSE: 13080.106903 Val_MSE: 14268.682023 | Total_Loss: 22943.027344 Causal_Loss: 11086.387207 DIR_Penalty: 199294.370312 Spurious_Loss: 11657.345605
2025-12-05 16:58:26,554 - /home/kantorkristof/git/neurips-polymer/II_Experiment-Molecule/GNN/DIR.py[line:435] - INFO: Epoch [51/1000] Train_MSE: 12474.409881 Val_MSE: 13704.445433 | Total_Loss: 24258.293555 Causal_Loss: 11170.064160 DIR_Penalty: 741412.942187 Spurious_Loss: 12346.816455
2025-12-05 16:58:27,137 - /home/kantorkristof/git/neurips-polymer/II_Experiment-Molecule/GNN/DIR.py[line:435] - INFO: Epoch [52/1000] Train_MSE: 11938.237903 Val_MSE: 13020.595693 | Total_Loss: 23600.815430 Causal_Loss: 10626.374902 DIR_Penalty: 1238774.579297 Spurious_Loss: 11735.665723
2025-12-05 16:58:27,691 - /home/kantorkristof/git/neurips-polymer/II_Experiment-Molecule/GNN/DIR.py[line:435] - INFO: Epoch [53/1000] Train_MSE: 11650.835803 Val_MSE: 12666.813738 | Total_Loss: 22357.630371 Causal_Loss: 10555.799316 DIR_Penalty: 430567.160547 Spurious_Loss: 11371.263965
2025-12-05 16:58:28,307 - /home/kantorkristof/git/neurips-polymer/II_Experiment-Molecule/GNN/DIR.py[line:435] - INFO: Epoch [54/1000] Train_MSE: 11954.460326 Val_MSE: 13025.453628 | Total_Loss: 22852.503125 Causal_Loss: 10603.394141 DIR_Penalty: 669509.872266 Spurious_Loss: 11579.599121
2025-12-05 16:58:28,882 - /home/kantorkristof/git/neurips-polymer/II_Experiment-Molecule/GNN/DIR.py[line:435] - INFO: Epoch [55/1000] Train_MSE: 11136.653506 Val_MSE: 12157.032961 | Total_Loss: 22347.057617 Causal_Loss: 10586.227637 DIR_Penalty: 408359.587695 Spurious_Loss: 11352.470264
2025-12-05 16:58:29,472 - /home/kantorkristof/git/neurips-polymer/II_Experiment-Molecule/GNN/DIR.py[line:435] - INFO: Epoch [56/1000] Train_MSE: 11509.137146 Val_MSE: 12690.313597 | Total_Loss: 22801.815137 Causal_Loss: 10711.234961 DIR_Penalty: 518537.564404 Spurious_Loss: 11572.042285
2025-12-05 16:58:30,058 - /home/kantorkristof/git/neurips-polymer/II_Experiment-Molecule/GNN/DIR.py[line:435] - INFO: Epoch [57/1000] Train_MSE: 11755.717095 Val_MSE: 13006.365259 | Total_Loss: 22634.813086 Causal_Loss: 10477.281885 DIR_Penalty: 618838.328125 Spurious_Loss: 11538.692676
2025-12-05 16:58:30,644 - /home/kantorkristof/git/neurips-polymer/II_Experiment-Molecule/GNN/DIR.py[line:435] - INFO: Epoch [58/1000] Train_MSE: 11516.291723 Val_MSE: 12728.423538 | Total_Loss: 22420.121094 Causal_Loss: 10491.596436 DIR_Penalty: 515877.019727 Spurious_Loss: 11412.647754
2025-12-05 16:58:31,232 - /home/kantorkristof/git/neurips-polymer/II_Experiment-Molecule/GNN/DIR.py[line:435] - INFO: Epoch [59/1000] Train_MSE: 13842.831993 Val_MSE: 15281.822179 | Total_Loss: 21975.418848 Causal_Loss: 10483.669092 DIR_Penalty: 312401.095384 Spurious_Loss: 11179.348438
2025-12-05 16:58:31,807 - /home/kantorkristof/git/neurips-polymer/II_Experiment-Molecule/GNN/DIR.py[line:435] - INFO: Epoch [60/1000] Train_MSE: 13131.764322 Val_MSE: 14323.696511 | Total_Loss: 23464.447656 Causal_Loss: 10394.577295 DIR_Penalty: 1256991.752344 Spurious_Loss: 11812.878662
2025-12-05 16:58:32,422 - /home/kantorkristof/git/neurips-polymer/II_Experiment-Molecule/GNN/DIR.py[line:435] - INFO: Epoch [61/1000] Train_MSE: 11191.809183 Val_MSE: 11960.267950 | Total_Loss: 22346.778711 Causal_Loss: 10474.883545 DIR_Penalty: 487509.857227 Spurious_Loss: 11384.385156
2025-12-05 16:58:32,996 - /home/kantorkristof/git/neurips-polymer/II_Experiment-Molecule/GNN/DIR.py[line:435] - INFO: Epoch [62/1000] Train_MSE: 12055.546725 Val_MSE: 12930.642597 | Total_Loss: 23184.044531 Causal_Loss: 10898.445312 DIR_Penalty: 526404.336719 Spurious_Loss: 11759.194824
2025-12-05 16:58:33,570 - /home/kantorkristof/git/neurips-polymer/II_Experiment-Molecule/GNN/DIR.py[line:435] - INFO: Epoch [63/1000] Train_MSE: 12991.911743 Val_MSE: 13774.787322 | Total_Loss: 22633.271289 Causal_Loss: 10862.734082 DIR_Penalty: 328276.695967 Spurious_Loss: 11442.260645
2025-12-05 16:58:34,136 - /home/kantorkristof/git/neurips-polymer/II_Experiment-Molecule/GNN/DIR.py[line:435] - INFO: Epoch [64/1000] Train_MSE: 15856.768981 Val_MSE: 16808.183367 | Total_Loss: 21907.255957 Causal_Loss: 10275.286621 DIR_Penalty: 565918.709180 Spurious_Loss: 11066.050635
2025-12-05 16:58:34,713 - /home/kantorkristof/git/neurips-polymer/II_Experiment-Molecule/GNN/DIR.py[line:435] - INFO: Epoch [65/1000] Train_MSE: 10529.302232 Val_MSE: 11028.268690 | Total_Loss: 24892.480273 Causal_Loss: 11019.273242 DIR_Penalty: 1716235.146289 Spurious_Loss: 12156.971973
2025-12-05 16:58:35,270 - /home/kantorkristof/git/neurips-polymer/II_Experiment-Molecule/GNN/DIR.py[line:435] - INFO: Epoch [66/1000] Train_MSE: 10642.986760 Val_MSE: 11526.931810 | Total_Loss: 22746.091602 Causal_Loss: 10853.119971 DIR_Penalty: 390433.487109 Spurious_Loss: 11502.538623
2025-12-05 16:58:35,831 - /home/kantorkristof/git/neurips-polymer/II_Experiment-Molecule/GNN/DIR.py[line:435] - INFO: Epoch [67/1000] Train_MSE: 11153.116461 Val_MSE: 12377.353815 | Total_Loss: 22559.965625 Causal_Loss: 10397.289502 DIR_Penalty: 832679.140625 Spurious_Loss: 11329.996826
2025-12-05 16:58:36,408 - /home/kantorkristof/git/neurips-polymer/II_Experiment-Molecule/GNN/DIR.py[line:435] - INFO: Epoch [68/1000] Train_MSE: 10974.020828 Val_MSE: 12059.220689 | Total_Loss: 24043.981445 Causal_Loss: 11394.049023 DIR_Penalty: 427183.611719 Spurious_Loss: 12222.748877
2025-12-05 16:58:36,969 - /home/kantorkristof/git/neurips-polymer/II_Experiment-Molecule/GNN/DIR.py[line:435] - INFO: Epoch [69/1000] Train_MSE: 11366.332806 Val_MSE: 12590.855096 | Total_Loss: 23004.416602 Causal_Loss: 10647.722754 DIR_Penalty: 670506.727344 Spurious_Loss: 11686.186816
2025-12-05 16:58:37,527 - /home/kantorkristof/git/neurips-polymer/II_Experiment-Molecule/GNN/DIR.py[line:435] - INFO: Epoch [70/1000] Train_MSE: 11611.779896 Val_MSE: 12976.124536 | Total_Loss: 22077.966895 Causal_Loss: 10452.409570 DIR_Penalty: 382669.539355 Spurious_Loss: 11242.887793
2025-12-05 16:58:38,119 - /home/kantorkristof/git/neurips-polymer/II_Experiment-Molecule/GNN/DIR.py[line:435] - INFO: Epoch [71/1000] Train_MSE: 12722.714143 Val_MSE: 14401.663753 | Total_Loss: 21812.882422 Causal_Loss: 10314.183008 DIR_Penalty: 424012.736133 Spurious_Loss: 11074.686475
2025-12-05 16:58:38,707 - /home/kantorkristof/git/neurips-polymer/II_Experiment-Molecule/GNN/DIR.py[line:435] - INFO: Epoch [72/1000] Train_MSE: 11053.103135 Val_MSE: 12324.047774 | Total_Loss: 23375.230469 Causal_Loss: 10584.406445 DIR_Penalty: 926492.764062 Spurious_Loss: 11864.331152
2025-12-05 16:58:39,278 - /home/kantorkristof/git/neurips-polymer/II_Experiment-Molecule/GNN/DIR.py[line:435] - INFO: Epoch [73/1000] Train_MSE: 12303.222432 Val_MSE: 13895.378882 | Total_Loss: 22956.904883 Causal_Loss: 10749.977295 DIR_Penalty: 655510.151807 Spurious_Loss: 11551.417041
2025-12-05 16:58:39,843 - /home/kantorkristof/git/neurips-polymer/II_Experiment-Molecule/GNN/DIR.py[line:435] - INFO: Epoch [74/1000] Train_MSE: 11299.624914 Val_MSE: 12448.541692 | Total_Loss: 23041.157031 Causal_Loss: 10677.155127 DIR_Penalty: 615565.037500 Spurious_Loss: 11748.436621
2025-12-05 16:58:40,447 - /home/kantorkristof/git/neurips-polymer/II_Experiment-Molecule/GNN/DIR.py[line:435] - INFO: Epoch [75/1000] Train_MSE: 11595.784852 Val_MSE: 12803.013338 | Total_Loss: 22712.242773 Causal_Loss: 10771.125439 DIR_Penalty: 377535.998047 Spurious_Loss: 11563.580957
2025-12-05 16:58:41,005 - /home/kantorkristof/git/neurips-polymer/II_Experiment-Molecule/GNN/DIR.py[line:435] - INFO: Epoch [76/1000] Train_MSE: 11594.427328 Val_MSE: 12647.657575 | Total_Loss: 23131.570703 Causal_Loss: 10742.570947 DIR_Penalty: 668651.692383 Spurious_Loss: 11720.348242
2025-12-05 16:58:41,601 - /home/kantorkristof/git/neurips-polymer/II_Experiment-Molecule/GNN/DIR.py[line:435] - INFO: Epoch [77/1000] Train_MSE: 11763.520962 Val_MSE: 12956.008659 | Total_Loss: 22693.096875 Causal_Loss: 10910.533398 DIR_Penalty: 272193.017310 Spurious_Loss: 11510.370264
2025-12-05 16:58:42,161 - /home/kantorkristof/git/neurips-polymer/II_Experiment-Molecule/GNN/DIR.py[line:435] - INFO: Epoch [78/1000] Train_MSE: 11879.506104 Val_MSE: 13136.309730 | Total_Loss: 23296.852246 Causal_Loss: 10654.305518 DIR_Penalty: 774425.800000 Spurious_Loss: 11868.120996
2025-12-05 16:58:42,714 - /home/kantorkristof/git/neurips-polymer/II_Experiment-Molecule/GNN/DIR.py[line:435] - INFO: Epoch [79/1000] Train_MSE: 11007.852520 Val_MSE: 12043.051671 | Total_Loss: 22844.058398 Causal_Loss: 10741.274902 DIR_Penalty: 495403.886133 Spurious_Loss: 11607.379590
2025-12-05 16:58:43,263 - /home/kantorkristof/git/neurips-polymer/II_Experiment-Molecule/GNN/DIR.py[line:435] - INFO: Epoch [80/1000] Train_MSE: 11997.682796 Val_MSE: 13388.487677 | Total_Loss: 22905.971582 Causal_Loss: 10791.759521 DIR_Penalty: 466858.617969 Spurious_Loss: 11647.353516
2025-12-05 16:58:43,839 - /home/kantorkristof/git/neurips-polymer/II_Experiment-Molecule/GNN/DIR.py[line:435] - INFO: Epoch [81/1000] Train_MSE: 11139.924116 Val_MSE: 12334.715076 | Total_Loss: 23921.857812 Causal_Loss: 11090.194092 DIR_Penalty: 696604.199414 Spurious_Loss: 12135.059766
2025-12-05 16:58:44,397 - /home/kantorkristof/git/neurips-polymer/II_Experiment-Molecule/GNN/DIR.py[line:435] - INFO: Epoch [82/1000] Train_MSE: 12336.364981 Val_MSE: 13929.961832 | Total_Loss: 21930.022852 Causal_Loss: 10397.496533 DIR_Penalty: 367321.863672 Spurious_Loss: 11165.204590
2025-12-05 16:58:44,983 - /home/kantorkristof/git/neurips-polymer/II_Experiment-Molecule/GNN/DIR.py[line:435] - INFO: Epoch [83/1000] Train_MSE: 13563.958466 Val_MSE: 15295.844717 | Total_Loss: 21893.526270 Causal_Loss: 10207.192529 DIR_Penalty: 578939.855859 Spurious_Loss: 11107.393750
2025-12-05 16:58:45,547 - /home/kantorkristof/git/neurips-polymer/II_Experiment-Molecule/GNN/DIR.py[line:435] - INFO: Epoch [84/1000] Train_MSE: 11784.140393 Val_MSE: 13126.824190 | Total_Loss: 23802.476367 Causal_Loss: 10530.432031 DIR_Penalty: 1328473.089844 Spurious_Loss: 11943.571094
2025-12-05 16:58:46,112 - /home/kantorkristof/git/neurips-polymer/II_Experiment-Molecule/GNN/DIR.py[line:435] - INFO: Epoch [85/1000] Train_MSE: 10930.682550 Val_MSE: 11868.838026 | Total_Loss: 22241.558936 Causal_Loss: 10475.219849 DIR_Penalty: 446260.414746 Spurious_Loss: 11320.078662
2025-12-05 16:58:46,683 - /home/kantorkristof/git/neurips-polymer/II_Experiment-Molecule/GNN/DIR.py[line:435] - INFO: Epoch [86/1000] Train_MSE: 11252.764247 Val_MSE: 12386.301985 | Total_Loss: 22455.690234 Causal_Loss: 10758.751660 DIR_Penalty: 290216.246204 Spurious_Loss: 11406.722852
2025-12-05 16:58:47,276 - /home/kantorkristof/git/neurips-polymer/II_Experiment-Molecule/GNN/DIR.py[line:435] - INFO: Epoch [87/1000] Train_MSE: 12642.648143 Val_MSE: 14085.731818 | Total_Loss: 22356.441016 Causal_Loss: 10518.648291 DIR_Penalty: 445746.741602 Spurious_Loss: 11392.046289
2025-12-05 16:58:47,855 - /home/kantorkristof/git/neurips-polymer/II_Experiment-Molecule/GNN/DIR.py[line:435] - INFO: Epoch [88/1000] Train_MSE: 11430.192447 Val_MSE: 12697.832181 | Total_Loss: 22130.341113 Causal_Loss: 10092.637158 DIR_Penalty: 818479.303125 Spurious_Loss: 11219.224365
2025-12-05 16:58:48,422 - /home/kantorkristof/git/neurips-polymer/II_Experiment-Molecule/GNN/DIR.py[line:435] - INFO: Epoch [89/1000] Train_MSE: 11153.392341 Val_MSE: 12391.139571 | Total_Loss: 22540.726367 Causal_Loss: 10731.029297 DIR_Penalty: 366120.048706 Spurious_Loss: 11443.576807
2025-12-05 16:58:48,998 - /home/kantorkristof/git/neurips-polymer/II_Experiment-Molecule/GNN/DIR.py[line:435] - INFO: Epoch [90/1000] Train_MSE: 12368.644941 Val_MSE: 13933.456064 | Total_Loss: 23367.030273 Causal_Loss: 10959.845117 DIR_Penalty: 557566.487476 Spurious_Loss: 11849.618408
2025-12-05 16:58:49,565 - /home/kantorkristof/git/neurips-polymer/II_Experiment-Molecule/GNN/DIR.py[line:435] - INFO: Epoch [91/1000] Train_MSE: 12006.834801 Val_MSE: 13425.382619 | Total_Loss: 22439.286328 Causal_Loss: 10286.328467 DIR_Penalty: 744878.019141 Spurious_Loss: 11408.079639
2025-12-05 16:58:50,128 - /home/kantorkristof/git/neurips-polymer/II_Experiment-Molecule/GNN/DIR.py[line:435] - INFO: Epoch [92/1000] Train_MSE: 11181.635308 Val_MSE: 12286.070549 | Total_Loss: 22189.042383 Causal_Loss: 10323.070508 DIR_Penalty: 549986.246094 Spurious_Loss: 11315.985449
2025-12-05 16:58:50,692 - /home/kantorkristof/git/neurips-polymer/II_Experiment-Molecule/GNN/DIR.py[line:435] - INFO: Epoch [93/1000] Train_MSE: 11423.836085 Val_MSE: 12667.528867 | Total_Loss: 23364.036523 Causal_Loss: 11165.597119 DIR_Penalty: 339781.887939 Spurious_Loss: 11858.657227
2025-12-05 16:58:51,253 - /home/kantorkristof/git/neurips-polymer/II_Experiment-Molecule/GNN/DIR.py[line:435] - INFO: Epoch [94/1000] Train_MSE: 11795.265346 Val_MSE: 13169.890470 | Total_Loss: 22949.672461 Causal_Loss: 10650.476758 DIR_Penalty: 594163.470313 Spurious_Loss: 11705.032324
2025-12-05 16:58:51,823 - /home/kantorkristof/git/neurips-polymer/II_Experiment-Molecule/GNN/DIR.py[line:435] - INFO: Epoch [95/1000] Train_MSE: 12122.618177 Val_MSE: 13520.030873 | Total_Loss: 23253.237109 Causal_Loss: 10674.197803 DIR_Penalty: 812219.195312 Spurious_Loss: 11766.820459
2025-12-05 16:58:52,422 - /home/kantorkristof/git/neurips-polymer/II_Experiment-Molecule/GNN/DIR.py[line:435] - INFO: Epoch [96/1000] Train_MSE: 11918.439860 Val_MSE: 13007.081002 | Total_Loss: 21728.075684 Causal_Loss: 10224.680518 DIR_Penalty: 433450.696191 Spurious_Loss: 11069.944678
2025-12-05 16:58:53,050 - /home/kantorkristof/git/neurips-polymer/II_Experiment-Molecule/GNN/DIR.py[line:435] - INFO: Epoch [97/1000] Train_MSE: 12290.644589 Val_MSE: 13331.174911 | Total_Loss: 22658.365332 Causal_Loss: 10682.099365 DIR_Penalty: 443716.028516 Spurious_Loss: 11532.550439
2025-12-05 16:58:53,615 - /home/kantorkristof/git/neurips-polymer/II_Experiment-Molecule/GNN/DIR.py[line:435] - INFO: Epoch [98/1000] Train_MSE: 11998.597288 Val_MSE: 12923.551071 | Total_Loss: 22700.760156 Causal_Loss: 10479.849902 DIR_Penalty: 733416.718750 Spurious_Loss: 11487.493164
2025-12-05 16:58:54,174 - /home/kantorkristof/git/neurips-polymer/II_Experiment-Molecule/GNN/DIR.py[line:435] - INFO: Epoch [99/1000] Train_MSE: 12331.112330 Val_MSE: 13334.350552 | Total_Loss: 22902.259668 Causal_Loss: 10716.354785 DIR_Penalty: 596682.303906 Spurious_Loss: 11589.222754
2025-12-05 16:58:54,783 - /home/kantorkristof/git/neurips-polymer/II_Experiment-Molecule/GNN/DIR.py[line:435] - INFO: Epoch [100/1000] Train_MSE: 11842.308904 Val_MSE: 12768.324891 | Total_Loss: 23317.432812 Causal_Loss: 10628.014307 DIR_Penalty: 968049.103516 Spurious_Loss: 11721.369434
2025-12-05 16:58:55,351 - /home/kantorkristof/git/neurips-polymer/II_Experiment-Molecule/GNN/DIR.py[line:435] - INFO: Epoch [101/1000] Train_MSE: 11087.507457 Val_MSE: 11802.073073 | Total_Loss: 22894.950488 Causal_Loss: 10811.723096 DIR_Penalty: 426478.029785 Spurious_Loss: 11656.749316
2025-12-05 16:58:55,929 - /home/kantorkristof/git/neurips-polymer/II_Experiment-Molecule/GNN/DIR.py[line:435] - INFO: Epoch [102/1000] Train_MSE: 11392.095332 Val_MSE: 12302.651532 | Total_Loss: 23955.813281 Causal_Loss: 11358.024219 DIR_Penalty: 478279.451953 Spurious_Loss: 12119.509521
2025-12-05 16:58:56,567 - /home/kantorkristof/git/neurips-polymer/II_Experiment-Molecule/GNN/DIR.py[line:435] - INFO: Epoch [103/1000] Train_MSE: 13725.262007 Val_MSE: 15088.458061 | Total_Loss: 22077.583691 Causal_Loss: 10456.078174 DIR_Penalty: 374861.875781 Spurious_Loss: 11246.643457
2025-12-05 16:58:57,173 - /home/kantorkristof/git/neurips-polymer/II_Experiment-Molecule/GNN/DIR.py[line:435] - INFO: Epoch [104/1000] Train_MSE: 12061.088313 Val_MSE: 13295.997936 | Total_Loss: 22448.655566 Causal_Loss: 10330.394043 DIR_Penalty: 728464.650879 Spurious_Loss: 11389.796875
2025-12-05 16:58:57,758 - /home/kantorkristof/git/neurips-polymer/II_Experiment-Molecule/GNN/DIR.py[line:435] - INFO: Epoch [105/1000] Train_MSE: 11437.144954 Val_MSE: 12745.711179 | Total_Loss: 21984.354590 Causal_Loss: 10326.329687 DIR_Penalty: 489915.685107 Spurious_Loss: 11168.109082
2025-12-05 16:58:58,312 - /home/kantorkristof/git/neurips-polymer/II_Experiment-Molecule/GNN/DIR.py[line:435] - INFO: Epoch [106/1000] Train_MSE: 11756.563521 Val_MSE: 13312.965264 | Total_Loss: 21897.375293 Causal_Loss: 10284.689502 DIR_Penalty: 454951.562561 Spurious_Loss: 11157.734131
2025-12-05 16:58:58,312 - /home/kantorkristof/git/neurips-polymer/II_Experiment-Molecule/GNN/DIR.py[line:459] - INFO: Early Stopping
2025-12-05 16:58:58,673 - /home/kantorkristof/git/neurips-polymer/II_Experiment-Molecule/GNN/DIR.py[line:474] - INFO: Best model Accuracy for Tg, seed 42:
2025-12-05 16:58:58,673 - /home/kantorkristof/git/neurips-polymer/II_Experiment-Molecule/GNN/DIR.py[line:475] - INFO:   Train MSE: 9760.104158
2025-12-05 16:58:58,673 - /home/kantorkristof/git/neurips-polymer/II_Experiment-Molecule/GNN/DIR.py[line:476] - INFO:   Val MSE: 10129.143787
2025-12-05 16:58:58,673 - /home/kantorkristof/git/neurips-polymer/II_Experiment-Molecule/GNN/DIR.py[line:477] - INFO:   Test MSE: 12125.536133
2025-12-05 16:58:58,673 - /home/kantorkristof/git/neurips-polymer/II_Experiment-Molecule/GNN/DIR.py[line:493] - INFO: 
=== Results for attribute Tg ===
2025-12-05 16:58:58,674 - /home/kantorkristof/git/neurips-polymer/II_Experiment-Molecule/GNN/DIR.py[line:499] - INFO: Train MSE: 9760.104492  Val MSE: 10129.143555  Test MSE: 12125.536133
