2025-12-03 17:22:46,620 - /home/kantorkristof/git/neurips-polymer/I_Experiment-Synthetic/GNN/DIR.py[line:335] - INFO: 
Model training started for property: II_Labeled
2025-12-03 17:22:46,621 - /home/kantorkristof/git/neurips-polymer/I_Experiment-Synthetic/GNN/DIR.py[line:120] - INFO: 
+------------+-------+
| Parameter  | Value |
+------------+-------+
| cuda       | 5     |
+------------+-------+
| datadir    | data  |
+------------+-------+
| epoch      | 1000  |
+------------+-------+
| seed       | [42]  |
+------------+-------+
| channels   | 64    |
+------------+-------+
| pretrain   | 0     |
+------------+-------+
| alpha      | 1     |
+------------+-------+
| r          | 0.420 |
+------------+-------+
| batch_size | 1000  |
+------------+-------+
| net_lr     | 0.001 |
+------------+-------+
2025-12-03 17:22:46,622 - /home/kantorkristof/git/neurips-polymer/I_Experiment-Synthetic/GNN/DIR.py[line:340] - INFO: --- Starting training for II_Labeled with seed 42 ---
2025-12-03 17:22:51,257 - /home/kantorkristof/git/neurips-polymer/I_Experiment-Synthetic/GNN/DIR.py[line:436] - INFO: Epoch [1/1000] Train_Acc: 0.6667 Val_Acc: 0.6667 | Total_Loss: 1.3820 Causal_Loss: 0.6905 DIR_Penalty: 0.000001 Spurious_Loss: 0.6915
2025-12-03 17:22:51,262 - /home/kantorkristof/git/neurips-polymer/I_Experiment-Synthetic/GNN/DIR.py[line:450] - INFO: Best model saved at epoch 1 with val_acc 0.6667
2025-12-03 17:22:55,911 - /home/kantorkristof/git/neurips-polymer/I_Experiment-Synthetic/GNN/DIR.py[line:436] - INFO: Epoch [2/1000] Train_Acc: 0.6667 Val_Acc: 0.6667 | Total_Loss: 1.3209 Causal_Loss: 0.6572 DIR_Penalty: 0.000023 Spurious_Loss: 0.6638
2025-12-03 17:23:00,550 - /home/kantorkristof/git/neurips-polymer/I_Experiment-Synthetic/GNN/DIR.py[line:436] - INFO: Epoch [3/1000] Train_Acc: 0.6667 Val_Acc: 0.6667 | Total_Loss: 1.2799 Causal_Loss: 0.6329 DIR_Penalty: 0.000103 Spurious_Loss: 0.6469
2025-12-03 17:23:05,290 - /home/kantorkristof/git/neurips-polymer/I_Experiment-Synthetic/GNN/DIR.py[line:436] - INFO: Epoch [4/1000] Train_Acc: 0.6667 Val_Acc: 0.6667 | Total_Loss: 1.2440 Causal_Loss: 0.6064 DIR_Penalty: 0.000491 Spurious_Loss: 0.6371
2025-12-03 17:23:09,895 - /home/kantorkristof/git/neurips-polymer/I_Experiment-Synthetic/GNN/DIR.py[line:436] - INFO: Epoch [5/1000] Train_Acc: 0.6667 Val_Acc: 0.6667 | Total_Loss: 1.2307 Causal_Loss: 0.5863 DIR_Penalty: 0.001632 Spurious_Loss: 0.6427
2025-12-03 17:23:14,464 - /home/kantorkristof/git/neurips-polymer/I_Experiment-Synthetic/GNN/DIR.py[line:436] - INFO: Epoch [6/1000] Train_Acc: 0.6667 Val_Acc: 0.6667 | Total_Loss: 1.2177 Causal_Loss: 0.5655 DIR_Penalty: 0.003468 Spurious_Loss: 0.6487
2025-12-03 17:23:19,065 - /home/kantorkristof/git/neurips-polymer/I_Experiment-Synthetic/GNN/DIR.py[line:436] - INFO: Epoch [7/1000] Train_Acc: 0.6667 Val_Acc: 0.6667 | Total_Loss: 1.2157 Causal_Loss: 0.5549 DIR_Penalty: 0.005128 Spurious_Loss: 0.6556
2025-12-03 17:23:23,683 - /home/kantorkristof/git/neurips-polymer/I_Experiment-Synthetic/GNN/DIR.py[line:436] - INFO: Epoch [8/1000] Train_Acc: 0.6667 Val_Acc: 0.6667 | Total_Loss: 1.2120 Causal_Loss: 0.5538 DIR_Penalty: 0.004971 Spurious_Loss: 0.6533
2025-12-03 17:23:28,354 - /home/kantorkristof/git/neurips-polymer/I_Experiment-Synthetic/GNN/DIR.py[line:436] - INFO: Epoch [9/1000] Train_Acc: 0.6667 Val_Acc: 0.6667 | Total_Loss: 1.2087 Causal_Loss: 0.5490 DIR_Penalty: 0.005530 Spurious_Loss: 0.6541
2025-12-03 17:23:32,958 - /home/kantorkristof/git/neurips-polymer/I_Experiment-Synthetic/GNN/DIR.py[line:436] - INFO: Epoch [10/1000] Train_Acc: 0.6667 Val_Acc: 0.6667 | Total_Loss: 1.2010 Causal_Loss: 0.5467 DIR_Penalty: 0.005249 Spurious_Loss: 0.6490
2025-12-03 17:23:37,525 - /home/kantorkristof/git/neurips-polymer/I_Experiment-Synthetic/GNN/DIR.py[line:436] - INFO: Epoch [11/1000] Train_Acc: 0.6667 Val_Acc: 0.6667 | Total_Loss: 1.1964 Causal_Loss: 0.5366 DIR_Penalty: 0.006809 Spurious_Loss: 0.6530
2025-12-03 17:23:42,218 - /home/kantorkristof/git/neurips-polymer/I_Experiment-Synthetic/GNN/DIR.py[line:436] - INFO: Epoch [12/1000] Train_Acc: 0.6667 Val_Acc: 0.6667 | Total_Loss: 1.1864 Causal_Loss: 0.5281 DIR_Penalty: 0.007555 Spurious_Loss: 0.6507
2025-12-03 17:23:46,902 - /home/kantorkristof/git/neurips-polymer/I_Experiment-Synthetic/GNN/DIR.py[line:436] - INFO: Epoch [13/1000] Train_Acc: 0.6667 Val_Acc: 0.6667 | Total_Loss: 1.1741 Causal_Loss: 0.5164 DIR_Penalty: 0.008792 Spurious_Loss: 0.6489
2025-12-03 17:23:51,643 - /home/kantorkristof/git/neurips-polymer/I_Experiment-Synthetic/GNN/DIR.py[line:436] - INFO: Epoch [14/1000] Train_Acc: 0.7710 Val_Acc: 0.7657 | Total_Loss: 1.1726 Causal_Loss: 0.5073 DIR_Penalty: 0.010868 Spurious_Loss: 0.6544
2025-12-03 17:23:51,647 - /home/kantorkristof/git/neurips-polymer/I_Experiment-Synthetic/GNN/DIR.py[line:450] - INFO: Best model saved at epoch 14 with val_acc 0.7657
2025-12-03 17:23:56,325 - /home/kantorkristof/git/neurips-polymer/I_Experiment-Synthetic/GNN/DIR.py[line:436] - INFO: Epoch [15/1000] Train_Acc: 0.9373 Val_Acc: 0.9350 | Total_Loss: 1.1612 Causal_Loss: 0.4975 DIR_Penalty: 0.011919 Spurious_Loss: 0.6518
2025-12-03 17:23:56,329 - /home/kantorkristof/git/neurips-polymer/I_Experiment-Synthetic/GNN/DIR.py[line:450] - INFO: Best model saved at epoch 15 with val_acc 0.9350
2025-12-03 17:24:01,119 - /home/kantorkristof/git/neurips-polymer/I_Experiment-Synthetic/GNN/DIR.py[line:436] - INFO: Epoch [16/1000] Train_Acc: 0.9557 Val_Acc: 0.9603 | Total_Loss: 1.1566 Causal_Loss: 0.4928 DIR_Penalty: 0.012567 Spurious_Loss: 0.6512
2025-12-03 17:24:01,123 - /home/kantorkristof/git/neurips-polymer/I_Experiment-Synthetic/GNN/DIR.py[line:450] - INFO: Best model saved at epoch 16 with val_acc 0.9603
2025-12-03 17:24:05,766 - /home/kantorkristof/git/neurips-polymer/I_Experiment-Synthetic/GNN/DIR.py[line:436] - INFO: Epoch [17/1000] Train_Acc: 0.9870 Val_Acc: 0.9887 | Total_Loss: 1.1424 Causal_Loss: 0.4848 DIR_Penalty: 0.012851 Spurious_Loss: 0.6448
2025-12-03 17:24:05,770 - /home/kantorkristof/git/neurips-polymer/I_Experiment-Synthetic/GNN/DIR.py[line:450] - INFO: Best model saved at epoch 17 with val_acc 0.9887
2025-12-03 17:24:10,396 - /home/kantorkristof/git/neurips-polymer/I_Experiment-Synthetic/GNN/DIR.py[line:436] - INFO: Epoch [18/1000] Train_Acc: 0.9987 Val_Acc: 0.9997 | Total_Loss: 1.1343 Causal_Loss: 0.4770 DIR_Penalty: 0.013913 Spurious_Loss: 0.6433
2025-12-03 17:24:10,400 - /home/kantorkristof/git/neurips-polymer/I_Experiment-Synthetic/GNN/DIR.py[line:450] - INFO: Best model saved at epoch 18 with val_acc 0.9997
2025-12-03 17:24:15,008 - /home/kantorkristof/git/neurips-polymer/I_Experiment-Synthetic/GNN/DIR.py[line:436] - INFO: Epoch [19/1000] Train_Acc: 0.9800 Val_Acc: 0.9803 | Total_Loss: 1.1353 Causal_Loss: 0.4677 DIR_Penalty: 0.016792 Spurious_Loss: 0.6508
2025-12-03 17:24:19,613 - /home/kantorkristof/git/neurips-polymer/I_Experiment-Synthetic/GNN/DIR.py[line:436] - INFO: Epoch [20/1000] Train_Acc: 0.9503 Val_Acc: 0.9527 | Total_Loss: 1.1201 Causal_Loss: 0.4555 DIR_Penalty: 0.018301 Spurious_Loss: 0.6463
2025-12-03 17:24:24,230 - /home/kantorkristof/git/neurips-polymer/I_Experiment-Synthetic/GNN/DIR.py[line:436] - INFO: Epoch [21/1000] Train_Acc: 0.9543 Val_Acc: 0.9650 | Total_Loss: 1.1092 Causal_Loss: 0.4380 DIR_Penalty: 0.022292 Spurious_Loss: 0.6489
2025-12-03 17:24:28,831 - /home/kantorkristof/git/neurips-polymer/I_Experiment-Synthetic/GNN/DIR.py[line:436] - INFO: Epoch [22/1000] Train_Acc: 0.9530 Val_Acc: 0.9533 | Total_Loss: 1.1132 Causal_Loss: 0.4301 DIR_Penalty: 0.025818 Spurious_Loss: 0.6573
2025-12-03 17:24:33,408 - /home/kantorkristof/git/neurips-polymer/I_Experiment-Synthetic/GNN/DIR.py[line:436] - INFO: Epoch [23/1000] Train_Acc: 0.9487 Val_Acc: 0.9533 | Total_Loss: 1.0935 Causal_Loss: 0.4185 DIR_Penalty: 0.026507 Spurious_Loss: 0.6484
2025-12-03 17:24:37,969 - /home/kantorkristof/git/neurips-polymer/I_Experiment-Synthetic/GNN/DIR.py[line:436] - INFO: Epoch [24/1000] Train_Acc: 0.9450 Val_Acc: 0.9493 | Total_Loss: 1.1079 Causal_Loss: 0.4096 DIR_Penalty: 0.032809 Spurious_Loss: 0.6655
2025-12-03 17:24:42,534 - /home/kantorkristof/git/neurips-polymer/I_Experiment-Synthetic/GNN/DIR.py[line:436] - INFO: Epoch [25/1000] Train_Acc: 0.8443 Val_Acc: 0.8433 | Total_Loss: 1.0947 Causal_Loss: 0.4014 DIR_Penalty: 0.033528 Spurious_Loss: 0.6598
2025-12-03 17:24:47,114 - /home/kantorkristof/git/neurips-polymer/I_Experiment-Synthetic/GNN/DIR.py[line:436] - INFO: Epoch [26/1000] Train_Acc: 0.8757 Val_Acc: 0.8790 | Total_Loss: 1.0935 Causal_Loss: 0.3996 DIR_Penalty: 0.033907 Spurious_Loss: 0.6600
2025-12-03 17:24:51,712 - /home/kantorkristof/git/neurips-polymer/I_Experiment-Synthetic/GNN/DIR.py[line:436] - INFO: Epoch [27/1000] Train_Acc: 0.8900 Val_Acc: 0.9010 | Total_Loss: 1.0840 Causal_Loss: 0.3865 DIR_Penalty: 0.037446 Spurious_Loss: 0.6601
2025-12-03 17:24:56,438 - /home/kantorkristof/git/neurips-polymer/I_Experiment-Synthetic/GNN/DIR.py[line:436] - INFO: Epoch [28/1000] Train_Acc: 0.9460 Val_Acc: 0.9497 | Total_Loss: 1.1033 Causal_Loss: 0.3870 DIR_Penalty: 0.041461 Spurious_Loss: 0.6748
2025-12-03 17:25:01,069 - /home/kantorkristof/git/neurips-polymer/I_Experiment-Synthetic/GNN/DIR.py[line:436] - INFO: Epoch [29/1000] Train_Acc: 0.9413 Val_Acc: 0.9430 | Total_Loss: 1.0650 Causal_Loss: 0.3704 DIR_Penalty: 0.040416 Spurious_Loss: 0.6542
2025-12-03 17:25:05,681 - /home/kantorkristof/git/neurips-polymer/I_Experiment-Synthetic/GNN/DIR.py[line:436] - INFO: Epoch [30/1000] Train_Acc: 0.9520 Val_Acc: 0.9550 | Total_Loss: 1.0812 Causal_Loss: 0.3793 DIR_Penalty: 0.040037 Spurious_Loss: 0.6619
2025-12-03 17:25:10,221 - /home/kantorkristof/git/neurips-polymer/I_Experiment-Synthetic/GNN/DIR.py[line:436] - INFO: Epoch [31/1000] Train_Acc: 0.9597 Val_Acc: 0.9667 | Total_Loss: 1.0713 Causal_Loss: 0.3808 DIR_Penalty: 0.037187 Spurious_Loss: 0.6533
2025-12-03 17:25:14,821 - /home/kantorkristof/git/neurips-polymer/I_Experiment-Synthetic/GNN/DIR.py[line:436] - INFO: Epoch [32/1000] Train_Acc: 0.9750 Val_Acc: 0.9763 | Total_Loss: 1.0696 Causal_Loss: 0.3692 DIR_Penalty: 0.041868 Spurious_Loss: 0.6585
2025-12-03 17:25:19,396 - /home/kantorkristof/git/neurips-polymer/I_Experiment-Synthetic/GNN/DIR.py[line:436] - INFO: Epoch [33/1000] Train_Acc: 0.8590 Val_Acc: 0.8720 | Total_Loss: 1.0695 Causal_Loss: 0.3691 DIR_Penalty: 0.041961 Spurious_Loss: 0.6585
2025-12-03 17:25:24,027 - /home/kantorkristof/git/neurips-polymer/I_Experiment-Synthetic/GNN/DIR.py[line:436] - INFO: Epoch [34/1000] Train_Acc: 0.9263 Val_Acc: 0.9353 | Total_Loss: 1.0825 Causal_Loss: 0.3707 DIR_Penalty: 0.044151 Spurious_Loss: 0.6677
2025-12-03 17:25:28,629 - /home/kantorkristof/git/neurips-polymer/I_Experiment-Synthetic/GNN/DIR.py[line:436] - INFO: Epoch [35/1000] Train_Acc: 0.9973 Val_Acc: 0.9993 | Total_Loss: 1.0569 Causal_Loss: 0.3534 DIR_Penalty: 0.046202 Spurious_Loss: 0.6573
2025-12-03 17:25:33,295 - /home/kantorkristof/git/neurips-polymer/I_Experiment-Synthetic/GNN/DIR.py[line:436] - INFO: Epoch [36/1000] Train_Acc: 0.9523 Val_Acc: 0.9547 | Total_Loss: 1.0660 Causal_Loss: 0.3718 DIR_Penalty: 0.040020 Spurious_Loss: 0.6542
2025-12-03 17:25:37,954 - /home/kantorkristof/git/neurips-polymer/I_Experiment-Synthetic/GNN/DIR.py[line:436] - INFO: Epoch [37/1000] Train_Acc: 0.9640 Val_Acc: 0.9653 | Total_Loss: 1.0667 Causal_Loss: 0.3734 DIR_Penalty: 0.039353 Spurious_Loss: 0.6540
2025-12-03 17:25:42,607 - /home/kantorkristof/git/neurips-polymer/I_Experiment-Synthetic/GNN/DIR.py[line:436] - INFO: Epoch [38/1000] Train_Acc: 0.9527 Val_Acc: 0.9560 | Total_Loss: 1.0594 Causal_Loss: 0.3515 DIR_Penalty: 0.047703 Spurious_Loss: 0.6602
2025-12-03 17:25:47,290 - /home/kantorkristof/git/neurips-polymer/I_Experiment-Synthetic/GNN/DIR.py[line:436] - INFO: Epoch [39/1000] Train_Acc: 0.9930 Val_Acc: 0.9937 | Total_Loss: 1.0732 Causal_Loss: 0.3576 DIR_Penalty: 0.048144 Spurious_Loss: 0.6675
2025-12-03 17:25:52,130 - /home/kantorkristof/git/neurips-polymer/I_Experiment-Synthetic/GNN/DIR.py[line:436] - INFO: Epoch [40/1000] Train_Acc: 0.9967 Val_Acc: 0.9983 | Total_Loss: 1.0537 Causal_Loss: 0.3652 DIR_Penalty: 0.040136 Spurious_Loss: 0.6484
2025-12-03 17:25:56,780 - /home/kantorkristof/git/neurips-polymer/I_Experiment-Synthetic/GNN/DIR.py[line:436] - INFO: Epoch [41/1000] Train_Acc: 0.9860 Val_Acc: 0.9920 | Total_Loss: 1.0472 Causal_Loss: 0.3505 DIR_Penalty: 0.045290 Spurious_Loss: 0.6514
2025-12-03 17:26:01,415 - /home/kantorkristof/git/neurips-polymer/I_Experiment-Synthetic/GNN/DIR.py[line:436] - INFO: Epoch [42/1000] Train_Acc: 0.9857 Val_Acc: 0.9840 | Total_Loss: 1.0562 Causal_Loss: 0.3583 DIR_Penalty: 0.043739 Spurious_Loss: 0.6541
2025-12-03 17:26:06,066 - /home/kantorkristof/git/neurips-polymer/I_Experiment-Synthetic/GNN/DIR.py[line:436] - INFO: Epoch [43/1000] Train_Acc: 0.9987 Val_Acc: 0.9983 | Total_Loss: 1.0463 Causal_Loss: 0.3584 DIR_Penalty: 0.041520 Spurious_Loss: 0.6464
2025-12-03 17:26:10,651 - /home/kantorkristof/git/neurips-polymer/I_Experiment-Synthetic/GNN/DIR.py[line:436] - INFO: Epoch [44/1000] Train_Acc: 0.9727 Val_Acc: 0.9780 | Total_Loss: 1.0513 Causal_Loss: 0.3622 DIR_Penalty: 0.040930 Spurious_Loss: 0.6482
2025-12-03 17:26:15,293 - /home/kantorkristof/git/neurips-polymer/I_Experiment-Synthetic/GNN/DIR.py[line:436] - INFO: Epoch [45/1000] Train_Acc: 0.9723 Val_Acc: 0.9780 | Total_Loss: 1.0490 Causal_Loss: 0.3596 DIR_Penalty: 0.041551 Spurious_Loss: 0.6478
2025-12-03 17:26:19,922 - /home/kantorkristof/git/neurips-polymer/I_Experiment-Synthetic/GNN/DIR.py[line:436] - INFO: Epoch [46/1000] Train_Acc: 0.9513 Val_Acc: 0.9517 | Total_Loss: 1.0453 Causal_Loss: 0.3497 DIR_Penalty: 0.045221 Spurious_Loss: 0.6504
2025-12-03 17:26:24,538 - /home/kantorkristof/git/neurips-polymer/I_Experiment-Synthetic/GNN/DIR.py[line:436] - INFO: Epoch [47/1000] Train_Acc: 0.9907 Val_Acc: 0.9917 | Total_Loss: 1.0474 Causal_Loss: 0.3479 DIR_Penalty: 0.046528 Spurious_Loss: 0.6530
2025-12-03 17:26:29,149 - /home/kantorkristof/git/neurips-polymer/I_Experiment-Synthetic/GNN/DIR.py[line:436] - INFO: Epoch [48/1000] Train_Acc: 0.9630 Val_Acc: 0.9667 | Total_Loss: 1.0354 Causal_Loss: 0.3515 DIR_Penalty: 0.042186 Spurious_Loss: 0.6417
2025-12-03 17:26:33,740 - /home/kantorkristof/git/neurips-polymer/I_Experiment-Synthetic/GNN/DIR.py[line:436] - INFO: Epoch [49/1000] Train_Acc: 0.9507 Val_Acc: 0.9580 | Total_Loss: 1.0424 Causal_Loss: 0.3507 DIR_Penalty: 0.044068 Spurious_Loss: 0.6476
2025-12-03 17:26:38,332 - /home/kantorkristof/git/neurips-polymer/I_Experiment-Synthetic/GNN/DIR.py[line:436] - INFO: Epoch [50/1000] Train_Acc: 0.9870 Val_Acc: 0.9903 | Total_Loss: 1.0453 Causal_Loss: 0.3502 DIR_Penalty: 0.044982 Spurious_Loss: 0.6501
2025-12-03 17:26:42,930 - /home/kantorkristof/git/neurips-polymer/I_Experiment-Synthetic/GNN/DIR.py[line:436] - INFO: Epoch [51/1000] Train_Acc: 0.9840 Val_Acc: 0.9893 | Total_Loss: 1.0320 Causal_Loss: 0.3375 DIR_Penalty: 0.047837 Spurious_Loss: 0.6466
2025-12-03 17:26:47,551 - /home/kantorkristof/git/neurips-polymer/I_Experiment-Synthetic/GNN/DIR.py[line:436] - INFO: Epoch [52/1000] Train_Acc: 0.9583 Val_Acc: 0.9637 | Total_Loss: 1.0268 Causal_Loss: 0.3381 DIR_Penalty: 0.046309 Spurious_Loss: 0.6424
2025-12-03 17:26:52,305 - /home/kantorkristof/git/neurips-polymer/I_Experiment-Synthetic/GNN/DIR.py[line:436] - INFO: Epoch [53/1000] Train_Acc: 0.9653 Val_Acc: 0.9697 | Total_Loss: 1.0314 Causal_Loss: 0.3405 DIR_Penalty: 0.046285 Spurious_Loss: 0.6447
2025-12-03 17:26:56,919 - /home/kantorkristof/git/neurips-polymer/I_Experiment-Synthetic/GNN/DIR.py[line:436] - INFO: Epoch [54/1000] Train_Acc: 0.9780 Val_Acc: 0.9827 | Total_Loss: 1.0264 Causal_Loss: 0.3420 DIR_Penalty: 0.044408 Spurious_Loss: 0.6399
2025-12-03 17:27:01,542 - /home/kantorkristof/git/neurips-polymer/I_Experiment-Synthetic/GNN/DIR.py[line:436] - INFO: Epoch [55/1000] Train_Acc: 0.9837 Val_Acc: 0.9893 | Total_Loss: 1.0288 Causal_Loss: 0.3360 DIR_Penalty: 0.047783 Spurious_Loss: 0.6450
2025-12-03 17:27:06,197 - /home/kantorkristof/git/neurips-polymer/I_Experiment-Synthetic/GNN/DIR.py[line:436] - INFO: Epoch [56/1000] Train_Acc: 0.9673 Val_Acc: 0.9693 | Total_Loss: 1.0260 Causal_Loss: 0.3334 DIR_Penalty: 0.048319 Spurious_Loss: 0.6443
2025-12-03 17:27:10,876 - /home/kantorkristof/git/neurips-polymer/I_Experiment-Synthetic/GNN/DIR.py[line:436] - INFO: Epoch [57/1000] Train_Acc: 0.9767 Val_Acc: 0.9813 | Total_Loss: 1.0247 Causal_Loss: 0.3354 DIR_Penalty: 0.047105 Spurious_Loss: 0.6421
2025-12-03 17:27:15,461 - /home/kantorkristof/git/neurips-polymer/I_Experiment-Synthetic/GNN/DIR.py[line:436] - INFO: Epoch [58/1000] Train_Acc: 0.9710 Val_Acc: 0.9773 | Total_Loss: 1.0304 Causal_Loss: 0.3437 DIR_Penalty: 0.044609 Spurious_Loss: 0.6421
2025-12-03 17:27:20,163 - /home/kantorkristof/git/neurips-polymer/I_Experiment-Synthetic/GNN/DIR.py[line:436] - INFO: Epoch [59/1000] Train_Acc: 0.9373 Val_Acc: 0.9417 | Total_Loss: 1.0225 Causal_Loss: 0.3340 DIR_Penalty: 0.047217 Spurious_Loss: 0.6413
2025-12-03 17:27:24,856 - /home/kantorkristof/git/neurips-polymer/I_Experiment-Synthetic/GNN/DIR.py[line:436] - INFO: Epoch [60/1000] Train_Acc: 0.9763 Val_Acc: 0.9797 | Total_Loss: 1.0246 Causal_Loss: 0.3337 DIR_Penalty: 0.047882 Spurious_Loss: 0.6430
2025-12-03 17:27:29,543 - /home/kantorkristof/git/neurips-polymer/I_Experiment-Synthetic/GNN/DIR.py[line:436] - INFO: Epoch [61/1000] Train_Acc: 0.9623 Val_Acc: 0.9640 | Total_Loss: 1.0254 Causal_Loss: 0.3342 DIR_Penalty: 0.047859 Spurious_Loss: 0.6434
2025-12-03 17:27:34,174 - /home/kantorkristof/git/neurips-polymer/I_Experiment-Synthetic/GNN/DIR.py[line:436] - INFO: Epoch [62/1000] Train_Acc: 0.9563 Val_Acc: 0.9560 | Total_Loss: 1.0212 Causal_Loss: 0.3361 DIR_Penalty: 0.045931 Spurious_Loss: 0.6392
2025-12-03 17:27:38,829 - /home/kantorkristof/git/neurips-polymer/I_Experiment-Synthetic/GNN/DIR.py[line:436] - INFO: Epoch [63/1000] Train_Acc: 0.9767 Val_Acc: 0.9807 | Total_Loss: 1.0217 Causal_Loss: 0.3233 DIR_Penalty: 0.052141 Spurious_Loss: 0.6462
2025-12-03 17:27:43,473 - /home/kantorkristof/git/neurips-polymer/I_Experiment-Synthetic/GNN/DIR.py[line:436] - INFO: Epoch [64/1000] Train_Acc: 0.9757 Val_Acc: 0.9817 | Total_Loss: 1.0187 Causal_Loss: 0.3345 DIR_Penalty: 0.046281 Spurious_Loss: 0.6379
2025-12-03 17:27:48,347 - /home/kantorkristof/git/neurips-polymer/I_Experiment-Synthetic/GNN/DIR.py[line:436] - INFO: Epoch [65/1000] Train_Acc: 0.9510 Val_Acc: 0.9577 | Total_Loss: 1.0331 Causal_Loss: 0.3373 DIR_Penalty: 0.048239 Spurious_Loss: 0.6476
2025-12-03 17:27:53,018 - /home/kantorkristof/git/neurips-polymer/I_Experiment-Synthetic/GNN/DIR.py[line:436] - INFO: Epoch [66/1000] Train_Acc: 0.9877 Val_Acc: 0.9880 | Total_Loss: 1.0250 Causal_Loss: 0.3345 DIR_Penalty: 0.047639 Spurious_Loss: 0.6429
2025-12-03 17:27:57,682 - /home/kantorkristof/git/neurips-polymer/I_Experiment-Synthetic/GNN/DIR.py[line:436] - INFO: Epoch [67/1000] Train_Acc: 0.9743 Val_Acc: 0.9720 | Total_Loss: 1.0317 Causal_Loss: 0.3408 DIR_Penalty: 0.046182 Spurious_Loss: 0.6447
2025-12-03 17:28:02,337 - /home/kantorkristof/git/neurips-polymer/I_Experiment-Synthetic/GNN/DIR.py[line:436] - INFO: Epoch [68/1000] Train_Acc: 0.9803 Val_Acc: 0.9833 | Total_Loss: 1.0192 Causal_Loss: 0.3190 DIR_Penalty: 0.053683 Spurious_Loss: 0.6465
2025-12-03 17:28:06,952 - /home/kantorkristof/git/neurips-polymer/I_Experiment-Synthetic/GNN/DIR.py[line:436] - INFO: Epoch [69/1000] Train_Acc: 0.9773 Val_Acc: 0.9790 | Total_Loss: 1.0153 Causal_Loss: 0.3257 DIR_Penalty: 0.049518 Spurious_Loss: 0.6401
2025-12-03 17:28:11,548 - /home/kantorkristof/git/neurips-polymer/I_Experiment-Synthetic/GNN/DIR.py[line:436] - INFO: Epoch [70/1000] Train_Acc: 0.9797 Val_Acc: 0.9750 | Total_Loss: 1.0046 Causal_Loss: 0.3152 DIR_Penalty: 0.052107 Spurious_Loss: 0.6373
2025-12-03 17:28:16,205 - /home/kantorkristof/git/neurips-polymer/I_Experiment-Synthetic/GNN/DIR.py[line:436] - INFO: Epoch [71/1000] Train_Acc: 0.9807 Val_Acc: 0.9753 | Total_Loss: 1.0199 Causal_Loss: 0.3212 DIR_Penalty: 0.052748 Spurious_Loss: 0.6460
2025-12-03 17:28:20,882 - /home/kantorkristof/git/neurips-polymer/I_Experiment-Synthetic/GNN/DIR.py[line:436] - INFO: Epoch [72/1000] Train_Acc: 0.9980 Val_Acc: 0.9980 | Total_Loss: 1.0248 Causal_Loss: 0.3300 DIR_Penalty: 0.049709 Spurious_Loss: 0.6450
2025-12-03 17:28:25,578 - /home/kantorkristof/git/neurips-polymer/I_Experiment-Synthetic/GNN/DIR.py[line:436] - INFO: Epoch [73/1000] Train_Acc: 0.9993 Val_Acc: 0.9987 | Total_Loss: 1.0187 Causal_Loss: 0.3377 DIR_Penalty: 0.044628 Spurious_Loss: 0.6364
2025-12-03 17:28:30,234 - /home/kantorkristof/git/neurips-polymer/I_Experiment-Synthetic/GNN/DIR.py[line:436] - INFO: Epoch [74/1000] Train_Acc: 0.9893 Val_Acc: 0.9890 | Total_Loss: 1.0171 Causal_Loss: 0.3261 DIR_Penalty: 0.049759 Spurious_Loss: 0.6413
2025-12-03 17:28:34,866 - /home/kantorkristof/git/neurips-polymer/I_Experiment-Synthetic/GNN/DIR.py[line:436] - INFO: Epoch [75/1000] Train_Acc: 0.9917 Val_Acc: 0.9897 | Total_Loss: 1.0228 Causal_Loss: 0.3415 DIR_Penalty: 0.043822 Spurious_Loss: 0.6374
2025-12-03 17:28:39,485 - /home/kantorkristof/git/neurips-polymer/I_Experiment-Synthetic/GNN/DIR.py[line:436] - INFO: Epoch [76/1000] Train_Acc: 0.9967 Val_Acc: 0.9980 | Total_Loss: 1.0081 Causal_Loss: 0.3260 DIR_Penalty: 0.047606 Spurious_Loss: 0.6344
2025-12-03 17:28:44,239 - /home/kantorkristof/git/neurips-polymer/I_Experiment-Synthetic/GNN/DIR.py[line:436] - INFO: Epoch [77/1000] Train_Acc: 0.9980 Val_Acc: 0.9983 | Total_Loss: 1.0032 Causal_Loss: 0.3161 DIR_Penalty: 0.051195 Spurious_Loss: 0.6360
2025-12-03 17:28:48,904 - /home/kantorkristof/git/neurips-polymer/I_Experiment-Synthetic/GNN/DIR.py[line:436] - INFO: Epoch [78/1000] Train_Acc: 0.9887 Val_Acc: 0.9893 | Total_Loss: 1.0226 Causal_Loss: 0.3350 DIR_Penalty: 0.046903 Spurious_Loss: 0.6407
2025-12-03 17:28:53,647 - /home/kantorkristof/git/neurips-polymer/I_Experiment-Synthetic/GNN/DIR.py[line:436] - INFO: Epoch [79/1000] Train_Acc: 0.9873 Val_Acc: 0.9890 | Total_Loss: 1.0026 Causal_Loss: 0.3165 DIR_Penalty: 0.050820 Spurious_Loss: 0.6352
2025-12-03 17:28:58,308 - /home/kantorkristof/git/neurips-polymer/I_Experiment-Synthetic/GNN/DIR.py[line:436] - INFO: Epoch [80/1000] Train_Acc: 0.9917 Val_Acc: 0.9900 | Total_Loss: 1.0009 Causal_Loss: 0.3082 DIR_Penalty: 0.054487 Spurious_Loss: 0.6382
2025-12-03 17:29:02,925 - /home/kantorkristof/git/neurips-polymer/I_Experiment-Synthetic/GNN/DIR.py[line:436] - INFO: Epoch [81/1000] Train_Acc: 0.9910 Val_Acc: 0.9907 | Total_Loss: 1.0068 Causal_Loss: 0.3198 DIR_Penalty: 0.050235 Spurious_Loss: 0.6367
2025-12-03 17:29:07,529 - /home/kantorkristof/git/neurips-polymer/I_Experiment-Synthetic/GNN/DIR.py[line:436] - INFO: Epoch [82/1000] Train_Acc: 0.9880 Val_Acc: 0.9900 | Total_Loss: 1.0103 Causal_Loss: 0.3269 DIR_Penalty: 0.047775 Spurious_Loss: 0.6357
2025-12-03 17:29:12,138 - /home/kantorkristof/git/neurips-polymer/I_Experiment-Synthetic/GNN/DIR.py[line:436] - INFO: Epoch [83/1000] Train_Acc: 0.9883 Val_Acc: 0.9897 | Total_Loss: 1.0056 Causal_Loss: 0.3264 DIR_Penalty: 0.046904 Spurious_Loss: 0.6323
2025-12-03 17:29:16,731 - /home/kantorkristof/git/neurips-polymer/I_Experiment-Synthetic/GNN/DIR.py[line:436] - INFO: Epoch [84/1000] Train_Acc: 0.9910 Val_Acc: 0.9897 | Total_Loss: 0.9991 Causal_Loss: 0.3121 DIR_Penalty: 0.052173 Spurious_Loss: 0.6348
2025-12-03 17:29:21,331 - /home/kantorkristof/git/neurips-polymer/I_Experiment-Synthetic/GNN/DIR.py[line:436] - INFO: Epoch [85/1000] Train_Acc: 0.9950 Val_Acc: 0.9973 | Total_Loss: 1.0108 Causal_Loss: 0.3276 DIR_Penalty: 0.047474 Spurious_Loss: 0.6357
2025-12-03 17:29:26,022 - /home/kantorkristof/git/neurips-polymer/I_Experiment-Synthetic/GNN/DIR.py[line:436] - INFO: Epoch [86/1000] Train_Acc: 0.9987 Val_Acc: 0.9987 | Total_Loss: 1.0163 Causal_Loss: 0.3285 DIR_Penalty: 0.048503 Spurious_Loss: 0.6393
2025-12-03 17:29:30,658 - /home/kantorkristof/git/neurips-polymer/I_Experiment-Synthetic/GNN/DIR.py[line:436] - INFO: Epoch [87/1000] Train_Acc: 0.9980 Val_Acc: 0.9987 | Total_Loss: 0.9884 Causal_Loss: 0.3026 DIR_Penalty: 0.054129 Spurious_Loss: 0.6316
2025-12-03 17:29:35,282 - /home/kantorkristof/git/neurips-polymer/I_Experiment-Synthetic/GNN/DIR.py[line:436] - INFO: Epoch [88/1000] Train_Acc: 0.9990 Val_Acc: 0.9980 | Total_Loss: 1.0043 Causal_Loss: 0.3208 DIR_Penalty: 0.049157 Spurious_Loss: 0.6344
2025-12-03 17:29:40,059 - /home/kantorkristof/git/neurips-polymer/I_Experiment-Synthetic/GNN/DIR.py[line:436] - INFO: Epoch [89/1000] Train_Acc: 0.9990 Val_Acc: 0.9987 | Total_Loss: 1.0084 Causal_Loss: 0.3209 DIR_Penalty: 0.050160 Spurious_Loss: 0.6374
2025-12-03 17:29:44,724 - /home/kantorkristof/git/neurips-polymer/I_Experiment-Synthetic/GNN/DIR.py[line:436] - INFO: Epoch [90/1000] Train_Acc: 0.9990 Val_Acc: 0.9987 | Total_Loss: 0.9992 Causal_Loss: 0.3220 DIR_Penalty: 0.047430 Spurious_Loss: 0.6297
2025-12-03 17:29:49,358 - /home/kantorkristof/git/neurips-polymer/I_Experiment-Synthetic/GNN/DIR.py[line:436] - INFO: Epoch [91/1000] Train_Acc: 0.9987 Val_Acc: 0.9987 | Total_Loss: 0.9969 Causal_Loss: 0.3067 DIR_Penalty: 0.054375 Spurious_Loss: 0.6359
2025-12-03 17:29:53,979 - /home/kantorkristof/git/neurips-polymer/I_Experiment-Synthetic/GNN/DIR.py[line:436] - INFO: Epoch [92/1000] Train_Acc: 0.9977 Val_Acc: 0.9987 | Total_Loss: 1.0146 Causal_Loss: 0.3264 DIR_Penalty: 0.048937 Spurious_Loss: 0.6393
2025-12-03 17:29:58,645 - /home/kantorkristof/git/neurips-polymer/I_Experiment-Synthetic/GNN/DIR.py[line:436] - INFO: Epoch [93/1000] Train_Acc: 0.9993 Val_Acc: 0.9987 | Total_Loss: 1.0096 Causal_Loss: 0.3260 DIR_Penalty: 0.047948 Spurious_Loss: 0.6356
2025-12-03 17:30:03,296 - /home/kantorkristof/git/neurips-polymer/I_Experiment-Synthetic/GNN/DIR.py[line:436] - INFO: Epoch [94/1000] Train_Acc: 0.9713 Val_Acc: 0.9723 | Total_Loss: 1.0219 Causal_Loss: 0.3329 DIR_Penalty: 0.047688 Spurious_Loss: 0.6413
2025-12-03 17:30:07,908 - /home/kantorkristof/git/neurips-polymer/I_Experiment-Synthetic/GNN/DIR.py[line:436] - INFO: Epoch [95/1000] Train_Acc: 0.9993 Val_Acc: 0.9987 | Total_Loss: 1.0085 Causal_Loss: 0.3235 DIR_Penalty: 0.048935 Spurious_Loss: 0.6361
2025-12-03 17:30:12,521 - /home/kantorkristof/git/neurips-polymer/I_Experiment-Synthetic/GNN/DIR.py[line:436] - INFO: Epoch [96/1000] Train_Acc: 1.0000 Val_Acc: 1.0000 | Total_Loss: 0.9912 Causal_Loss: 0.3018 DIR_Penalty: 0.055250 Spurious_Loss: 0.6342
2025-12-03 17:30:12,526 - /home/kantorkristof/git/neurips-polymer/I_Experiment-Synthetic/GNN/DIR.py[line:450] - INFO: Best model saved at epoch 96 with val_acc 1.0000
2025-12-03 17:30:12,526 - /home/kantorkristof/git/neurips-polymer/I_Experiment-Synthetic/GNN/DIR.py[line:460] - INFO: Validation accuracy reached 1.0, stopping training.
2025-12-03 17:30:17,057 - /home/kantorkristof/git/neurips-polymer/I_Experiment-Synthetic/GNN/DIR.py[line:478] - INFO: Best model Accuracy for II_Labeled, seed 42:
2025-12-03 17:30:17,057 - /home/kantorkristof/git/neurips-polymer/I_Experiment-Synthetic/GNN/DIR.py[line:479] - INFO:   Train Accuracy: 1.0000
2025-12-03 17:30:17,057 - /home/kantorkristof/git/neurips-polymer/I_Experiment-Synthetic/GNN/DIR.py[line:480] - INFO:   Val Accuracy: 1.0000
2025-12-03 17:30:17,057 - /home/kantorkristof/git/neurips-polymer/I_Experiment-Synthetic/GNN/DIR.py[line:481] - INFO:   Test Accuracy: 0.9847
2025-12-03 17:30:17,057 - /home/kantorkristof/git/neurips-polymer/I_Experiment-Synthetic/GNN/DIR.py[line:497] - INFO: 
=== Results for attribute II_Labeled ===
2025-12-03 17:30:17,057 - /home/kantorkristof/git/neurips-polymer/I_Experiment-Synthetic/GNN/DIR.py[line:503] - INFO: Train Accuracy: 1.0000  Val Accuracy: 1.0000  Test Accuracy: 0.9847
