2025-12-06 18:14:29,236 - /home/kantorkristof/git/neurips-polymer/III_Experiment-Traffic-Prediction/GNN/GAT.py[line:173] - INFO: 
Model training started for property: Avg_Travel_Time_10_km_CC (MAPE metric)
2025-12-06 18:14:29,237 - /home/kantorkristof/git/neurips-polymer/III_Experiment-Traffic-Prediction/GNN/GAT.py[line:84] - INFO: 
+------------+-------+
| Parameter  | Value |
+------------+-------+
| cuda       | 5     |
+------------+-------+
| datadir    | data  |
+------------+-------+
| epoch      | 1000  |
+------------+-------+
| seed       | [42]  |
+------------+-------+
| channels   | 64    |
+------------+-------+
| heads      | 1     |
+------------+-------+
| pretrain   | 0     |
+------------+-------+
| batch_size | 32    |
+------------+-------+
| net_lr     | 0.001 |
+------------+-------+
2025-12-06 18:14:29,238 - /home/kantorkristof/git/neurips-polymer/III_Experiment-Traffic-Prediction/GNN/GAT.py[line:178] - INFO: --- Starting training for Avg_Travel_Time_10_km_CC with seed 42 ---
2025-12-06 18:14:32,310 - /home/kantorkristof/git/neurips-polymer/III_Experiment-Traffic-Prediction/GNN/GAT.py[line:232] - INFO: Epoch [1/1000] Train_MAPE: 99.922604% Val_MAPE: 99.921878% | Loss: 99.965960
2025-12-06 18:14:32,314 - /home/kantorkristof/git/neurips-polymer/III_Experiment-Traffic-Prediction/GNN/GAT.py[line:242] - INFO: Best model saved at epoch 1 with val_mape 99.921878%
2025-12-06 18:14:33,005 - /home/kantorkristof/git/neurips-polymer/III_Experiment-Traffic-Prediction/GNN/GAT.py[line:232] - INFO: Epoch [2/1000] Train_MAPE: 99.813787% Val_MAPE: 99.814146% | Loss: 99.877322
2025-12-06 18:14:33,008 - /home/kantorkristof/git/neurips-polymer/III_Experiment-Traffic-Prediction/GNN/GAT.py[line:242] - INFO: Best model saved at epoch 2 with val_mape 99.814146%
2025-12-06 18:14:33,898 - /home/kantorkristof/git/neurips-polymer/III_Experiment-Traffic-Prediction/GNN/GAT.py[line:232] - INFO: Epoch [3/1000] Train_MAPE: 99.391200% Val_MAPE: 99.394717% | Loss: 99.687515
2025-12-06 18:14:33,901 - /home/kantorkristof/git/neurips-polymer/III_Experiment-Traffic-Prediction/GNN/GAT.py[line:242] - INFO: Best model saved at epoch 3 with val_mape 99.394717%
2025-12-06 18:14:34,580 - /home/kantorkristof/git/neurips-polymer/III_Experiment-Traffic-Prediction/GNN/GAT.py[line:232] - INFO: Epoch [4/1000] Train_MAPE: 98.732503% Val_MAPE: 98.736584% | Loss: 99.319223
2025-12-06 18:14:34,583 - /home/kantorkristof/git/neurips-polymer/III_Experiment-Traffic-Prediction/GNN/GAT.py[line:242] - INFO: Best model saved at epoch 4 with val_mape 98.736584%
2025-12-06 18:14:35,177 - /home/kantorkristof/git/neurips-polymer/III_Experiment-Traffic-Prediction/GNN/GAT.py[line:232] - INFO: Epoch [5/1000] Train_MAPE: 98.041276% Val_MAPE: 98.068919% | Loss: 98.647859
2025-12-06 18:14:35,179 - /home/kantorkristof/git/neurips-polymer/III_Experiment-Traffic-Prediction/GNN/GAT.py[line:242] - INFO: Best model saved at epoch 5 with val_mape 98.068919%
2025-12-06 18:14:35,912 - /home/kantorkristof/git/neurips-polymer/III_Experiment-Traffic-Prediction/GNN/GAT.py[line:232] - INFO: Epoch [6/1000] Train_MAPE: 96.244699% Val_MAPE: 96.317966% | Loss: 97.515779
2025-12-06 18:14:35,914 - /home/kantorkristof/git/neurips-polymer/III_Experiment-Traffic-Prediction/GNN/GAT.py[line:242] - INFO: Best model saved at epoch 6 with val_mape 96.317966%
2025-12-06 18:14:36,496 - /home/kantorkristof/git/neurips-polymer/III_Experiment-Traffic-Prediction/GNN/GAT.py[line:232] - INFO: Epoch [7/1000] Train_MAPE: 93.228635% Val_MAPE: 93.360527% | Loss: 95.747041
2025-12-06 18:14:36,498 - /home/kantorkristof/git/neurips-polymer/III_Experiment-Traffic-Prediction/GNN/GAT.py[line:242] - INFO: Best model saved at epoch 7 with val_mape 93.360527%
2025-12-06 18:14:37,063 - /home/kantorkristof/git/neurips-polymer/III_Experiment-Traffic-Prediction/GNN/GAT.py[line:232] - INFO: Epoch [8/1000] Train_MAPE: 88.861933% Val_MAPE: 89.041977% | Loss: 93.182473
2025-12-06 18:14:37,066 - /home/kantorkristof/git/neurips-polymer/III_Experiment-Traffic-Prediction/GNN/GAT.py[line:242] - INFO: Best model saved at epoch 8 with val_mape 89.041977%
2025-12-06 18:14:37,652 - /home/kantorkristof/git/neurips-polymer/III_Experiment-Traffic-Prediction/GNN/GAT.py[line:232] - INFO: Epoch [9/1000] Train_MAPE: 83.331986% Val_MAPE: 83.518098% | Loss: 89.303381
2025-12-06 18:14:37,655 - /home/kantorkristof/git/neurips-polymer/III_Experiment-Traffic-Prediction/GNN/GAT.py[line:242] - INFO: Best model saved at epoch 9 with val_mape 83.518098%
2025-12-06 18:14:38,334 - /home/kantorkristof/git/neurips-polymer/III_Experiment-Traffic-Prediction/GNN/GAT.py[line:232] - INFO: Epoch [10/1000] Train_MAPE: 80.082775% Val_MAPE: 80.571422% | Loss: 83.732628
2025-12-06 18:14:38,337 - /home/kantorkristof/git/neurips-polymer/III_Experiment-Traffic-Prediction/GNN/GAT.py[line:242] - INFO: Best model saved at epoch 10 with val_mape 80.571422%
2025-12-06 18:14:39,343 - /home/kantorkristof/git/neurips-polymer/III_Experiment-Traffic-Prediction/GNN/GAT.py[line:232] - INFO: Epoch [11/1000] Train_MAPE: 73.642678% Val_MAPE: 74.453406% | Loss: 76.373420
2025-12-06 18:14:39,346 - /home/kantorkristof/git/neurips-polymer/III_Experiment-Traffic-Prediction/GNN/GAT.py[line:242] - INFO: Best model saved at epoch 11 with val_mape 74.453406%
2025-12-06 18:14:40,008 - /home/kantorkristof/git/neurips-polymer/III_Experiment-Traffic-Prediction/GNN/GAT.py[line:232] - INFO: Epoch [12/1000] Train_MAPE: 61.426479% Val_MAPE: 62.575252% | Loss: 65.912241
2025-12-06 18:14:40,010 - /home/kantorkristof/git/neurips-polymer/III_Experiment-Traffic-Prediction/GNN/GAT.py[line:242] - INFO: Best model saved at epoch 12 with val_mape 62.575252%
2025-12-06 18:14:40,674 - /home/kantorkristof/git/neurips-polymer/III_Experiment-Traffic-Prediction/GNN/GAT.py[line:232] - INFO: Epoch [13/1000] Train_MAPE: 46.579121% Val_MAPE: 47.957746% | Loss: 52.902970
2025-12-06 18:14:40,676 - /home/kantorkristof/git/neurips-polymer/III_Experiment-Traffic-Prediction/GNN/GAT.py[line:242] - INFO: Best model saved at epoch 13 with val_mape 47.957746%
2025-12-06 18:14:41,405 - /home/kantorkristof/git/neurips-polymer/III_Experiment-Traffic-Prediction/GNN/GAT.py[line:232] - INFO: Epoch [14/1000] Train_MAPE: 35.882844% Val_MAPE: 37.189371% | Loss: 37.741556
2025-12-06 18:14:41,407 - /home/kantorkristof/git/neurips-polymer/III_Experiment-Traffic-Prediction/GNN/GAT.py[line:242] - INFO: Best model saved at epoch 14 with val_mape 37.189371%
2025-12-06 18:14:41,956 - /home/kantorkristof/git/neurips-polymer/III_Experiment-Traffic-Prediction/GNN/GAT.py[line:232] - INFO: Epoch [15/1000] Train_MAPE: 29.023442% Val_MAPE: 29.617278% | Loss: 27.224874
2025-12-06 18:14:41,958 - /home/kantorkristof/git/neurips-polymer/III_Experiment-Traffic-Prediction/GNN/GAT.py[line:242] - INFO: Best model saved at epoch 15 with val_mape 29.617278%
2025-12-06 18:14:42,520 - /home/kantorkristof/git/neurips-polymer/III_Experiment-Traffic-Prediction/GNN/GAT.py[line:232] - INFO: Epoch [16/1000] Train_MAPE: 28.717835% Val_MAPE: 29.666491% | Loss: 23.231766
2025-12-06 18:14:43,432 - /home/kantorkristof/git/neurips-polymer/III_Experiment-Traffic-Prediction/GNN/GAT.py[line:232] - INFO: Epoch [17/1000] Train_MAPE: 29.543193% Val_MAPE: 31.393933% | Loss: 24.323125
2025-12-06 18:14:43,977 - /home/kantorkristof/git/neurips-polymer/III_Experiment-Traffic-Prediction/GNN/GAT.py[line:232] - INFO: Epoch [18/1000] Train_MAPE: 25.914082% Val_MAPE: 27.099314% | Loss: 23.273802
2025-12-06 18:14:43,979 - /home/kantorkristof/git/neurips-polymer/III_Experiment-Traffic-Prediction/GNN/GAT.py[line:242] - INFO: Best model saved at epoch 18 with val_mape 27.099314%
2025-12-06 18:14:44,539 - /home/kantorkristof/git/neurips-polymer/III_Experiment-Traffic-Prediction/GNN/GAT.py[line:232] - INFO: Epoch [19/1000] Train_MAPE: 25.030449% Val_MAPE: 25.967322% | Loss: 22.627475
2025-12-06 18:14:44,541 - /home/kantorkristof/git/neurips-polymer/III_Experiment-Traffic-Prediction/GNN/GAT.py[line:242] - INFO: Best model saved at epoch 19 with val_mape 25.967322%
2025-12-06 18:14:45,126 - /home/kantorkristof/git/neurips-polymer/III_Experiment-Traffic-Prediction/GNN/GAT.py[line:232] - INFO: Epoch [20/1000] Train_MAPE: 25.293227% Val_MAPE: 25.565173% | Loss: 22.682957
2025-12-06 18:14:45,128 - /home/kantorkristof/git/neurips-polymer/III_Experiment-Traffic-Prediction/GNN/GAT.py[line:242] - INFO: Best model saved at epoch 20 with val_mape 25.565173%
2025-12-06 18:14:45,665 - /home/kantorkristof/git/neurips-polymer/III_Experiment-Traffic-Prediction/GNN/GAT.py[line:232] - INFO: Epoch [21/1000] Train_MAPE: 24.197533% Val_MAPE: 25.007515% | Loss: 22.533485
2025-12-06 18:14:45,667 - /home/kantorkristof/git/neurips-polymer/III_Experiment-Traffic-Prediction/GNN/GAT.py[line:242] - INFO: Best model saved at epoch 21 with val_mape 25.007515%
2025-12-06 18:14:46,240 - /home/kantorkristof/git/neurips-polymer/III_Experiment-Traffic-Prediction/GNN/GAT.py[line:232] - INFO: Epoch [22/1000] Train_MAPE: 23.981440% Val_MAPE: 24.689120% | Loss: 23.771936
2025-12-06 18:14:46,243 - /home/kantorkristof/git/neurips-polymer/III_Experiment-Traffic-Prediction/GNN/GAT.py[line:242] - INFO: Best model saved at epoch 22 with val_mape 24.689120%
2025-12-06 18:14:46,828 - /home/kantorkristof/git/neurips-polymer/III_Experiment-Traffic-Prediction/GNN/GAT.py[line:232] - INFO: Epoch [23/1000] Train_MAPE: 24.595796% Val_MAPE: 24.575997% | Loss: 22.992759
2025-12-06 18:14:46,831 - /home/kantorkristof/git/neurips-polymer/III_Experiment-Traffic-Prediction/GNN/GAT.py[line:242] - INFO: Best model saved at epoch 23 with val_mape 24.575997%
2025-12-06 18:14:47,414 - /home/kantorkristof/git/neurips-polymer/III_Experiment-Traffic-Prediction/GNN/GAT.py[line:232] - INFO: Epoch [24/1000] Train_MAPE: 23.648438% Val_MAPE: 23.791913% | Loss: 23.460075
2025-12-06 18:14:47,416 - /home/kantorkristof/git/neurips-polymer/III_Experiment-Traffic-Prediction/GNN/GAT.py[line:242] - INFO: Best model saved at epoch 24 with val_mape 23.791913%
2025-12-06 18:14:47,965 - /home/kantorkristof/git/neurips-polymer/III_Experiment-Traffic-Prediction/GNN/GAT.py[line:232] - INFO: Epoch [25/1000] Train_MAPE: 22.914998% Val_MAPE: 23.368195% | Loss: 22.984595
2025-12-06 18:14:47,967 - /home/kantorkristof/git/neurips-polymer/III_Experiment-Traffic-Prediction/GNN/GAT.py[line:242] - INFO: Best model saved at epoch 25 with val_mape 23.368195%
2025-12-06 18:14:48,560 - /home/kantorkristof/git/neurips-polymer/III_Experiment-Traffic-Prediction/GNN/GAT.py[line:232] - INFO: Epoch [26/1000] Train_MAPE: 22.738926% Val_MAPE: 23.162209% | Loss: 22.892545
2025-12-06 18:14:48,562 - /home/kantorkristof/git/neurips-polymer/III_Experiment-Traffic-Prediction/GNN/GAT.py[line:242] - INFO: Best model saved at epoch 26 with val_mape 23.162209%
2025-12-06 18:14:49,147 - /home/kantorkristof/git/neurips-polymer/III_Experiment-Traffic-Prediction/GNN/GAT.py[line:232] - INFO: Epoch [27/1000] Train_MAPE: 22.635634% Val_MAPE: 23.487884% | Loss: 22.585885
2025-12-06 18:14:49,696 - /home/kantorkristof/git/neurips-polymer/III_Experiment-Traffic-Prediction/GNN/GAT.py[line:232] - INFO: Epoch [28/1000] Train_MAPE: 22.686373% Val_MAPE: 23.238975% | Loss: 22.869614
2025-12-06 18:14:50,281 - /home/kantorkristof/git/neurips-polymer/III_Experiment-Traffic-Prediction/GNN/GAT.py[line:232] - INFO: Epoch [29/1000] Train_MAPE: 22.681593% Val_MAPE: 23.313771% | Loss: 23.726386
2025-12-06 18:14:50,861 - /home/kantorkristof/git/neurips-polymer/III_Experiment-Traffic-Prediction/GNN/GAT.py[line:232] - INFO: Epoch [30/1000] Train_MAPE: 22.580705% Val_MAPE: 23.056206% | Loss: 22.707454
2025-12-06 18:14:50,864 - /home/kantorkristof/git/neurips-polymer/III_Experiment-Traffic-Prediction/GNN/GAT.py[line:242] - INFO: Best model saved at epoch 30 with val_mape 23.056206%
2025-12-06 18:14:51,416 - /home/kantorkristof/git/neurips-polymer/III_Experiment-Traffic-Prediction/GNN/GAT.py[line:232] - INFO: Epoch [31/1000] Train_MAPE: 22.586583% Val_MAPE: 23.074471% | Loss: 22.518508
2025-12-06 18:14:51,940 - /home/kantorkristof/git/neurips-polymer/III_Experiment-Traffic-Prediction/GNN/GAT.py[line:232] - INFO: Epoch [32/1000] Train_MAPE: 22.965113% Val_MAPE: 23.839509% | Loss: 22.620981
2025-12-06 18:14:52,493 - /home/kantorkristof/git/neurips-polymer/III_Experiment-Traffic-Prediction/GNN/GAT.py[line:232] - INFO: Epoch [33/1000] Train_MAPE: 22.714109% Val_MAPE: 23.431548% | Loss: 23.105570
2025-12-06 18:14:53,042 - /home/kantorkristof/git/neurips-polymer/III_Experiment-Traffic-Prediction/GNN/GAT.py[line:232] - INFO: Epoch [34/1000] Train_MAPE: 22.884166% Val_MAPE: 23.604814% | Loss: 23.063649
2025-12-06 18:14:53,586 - /home/kantorkristof/git/neurips-polymer/III_Experiment-Traffic-Prediction/GNN/GAT.py[line:232] - INFO: Epoch [35/1000] Train_MAPE: 22.533795% Val_MAPE: 23.142966% | Loss: 22.352363
2025-12-06 18:14:54,126 - /home/kantorkristof/git/neurips-polymer/III_Experiment-Traffic-Prediction/GNN/GAT.py[line:232] - INFO: Epoch [36/1000] Train_MAPE: 22.605125% Val_MAPE: 23.390309% | Loss: 22.380339
2025-12-06 18:14:54,644 - /home/kantorkristof/git/neurips-polymer/III_Experiment-Traffic-Prediction/GNN/GAT.py[line:232] - INFO: Epoch [37/1000] Train_MAPE: 23.278409% Val_MAPE: 23.404850% | Loss: 22.837817
2025-12-06 18:14:55,153 - /home/kantorkristof/git/neurips-polymer/III_Experiment-Traffic-Prediction/GNN/GAT.py[line:232] - INFO: Epoch [38/1000] Train_MAPE: 24.971824% Val_MAPE: 25.121204% | Loss: 22.418800
2025-12-06 18:14:55,658 - /home/kantorkristof/git/neurips-polymer/III_Experiment-Traffic-Prediction/GNN/GAT.py[line:232] - INFO: Epoch [39/1000] Train_MAPE: 23.016476% Val_MAPE: 23.363572% | Loss: 22.354806
2025-12-06 18:14:56,180 - /home/kantorkristof/git/neurips-polymer/III_Experiment-Traffic-Prediction/GNN/GAT.py[line:232] - INFO: Epoch [40/1000] Train_MAPE: 22.490060% Val_MAPE: 22.849176% | Loss: 22.740442
2025-12-06 18:14:56,183 - /home/kantorkristof/git/neurips-polymer/III_Experiment-Traffic-Prediction/GNN/GAT.py[line:242] - INFO: Best model saved at epoch 40 with val_mape 22.849176%
2025-12-06 18:14:56,700 - /home/kantorkristof/git/neurips-polymer/III_Experiment-Traffic-Prediction/GNN/GAT.py[line:232] - INFO: Epoch [41/1000] Train_MAPE: 22.435845% Val_MAPE: 22.773413% | Loss: 22.113827
2025-12-06 18:14:56,702 - /home/kantorkristof/git/neurips-polymer/III_Experiment-Traffic-Prediction/GNN/GAT.py[line:242] - INFO: Best model saved at epoch 41 with val_mape 22.773413%
2025-12-06 18:14:57,227 - /home/kantorkristof/git/neurips-polymer/III_Experiment-Traffic-Prediction/GNN/GAT.py[line:232] - INFO: Epoch [42/1000] Train_MAPE: 22.409789% Val_MAPE: 23.009555% | Loss: 22.815323
2025-12-06 18:14:57,747 - /home/kantorkristof/git/neurips-polymer/III_Experiment-Traffic-Prediction/GNN/GAT.py[line:232] - INFO: Epoch [43/1000] Train_MAPE: 23.363053% Val_MAPE: 24.569523% | Loss: 22.128633
2025-12-06 18:14:58,269 - /home/kantorkristof/git/neurips-polymer/III_Experiment-Traffic-Prediction/GNN/GAT.py[line:232] - INFO: Epoch [44/1000] Train_MAPE: 24.092426% Val_MAPE: 25.175523% | Loss: 22.370696
2025-12-06 18:14:58,795 - /home/kantorkristof/git/neurips-polymer/III_Experiment-Traffic-Prediction/GNN/GAT.py[line:232] - INFO: Epoch [45/1000] Train_MAPE: 22.751981% Val_MAPE: 23.387977% | Loss: 22.537986
2025-12-06 18:14:59,406 - /home/kantorkristof/git/neurips-polymer/III_Experiment-Traffic-Prediction/GNN/GAT.py[line:232] - INFO: Epoch [46/1000] Train_MAPE: 22.354386% Val_MAPE: 22.758633% | Loss: 22.519560
2025-12-06 18:14:59,409 - /home/kantorkristof/git/neurips-polymer/III_Experiment-Traffic-Prediction/GNN/GAT.py[line:242] - INFO: Best model saved at epoch 46 with val_mape 22.758633%
2025-12-06 18:15:00,040 - /home/kantorkristof/git/neurips-polymer/III_Experiment-Traffic-Prediction/GNN/GAT.py[line:232] - INFO: Epoch [47/1000] Train_MAPE: 22.416877% Val_MAPE: 23.490740% | Loss: 23.424218
2025-12-06 18:15:00,698 - /home/kantorkristof/git/neurips-polymer/III_Experiment-Traffic-Prediction/GNN/GAT.py[line:232] - INFO: Epoch [48/1000] Train_MAPE: 22.486959% Val_MAPE: 23.277181% | Loss: 22.796005
2025-12-06 18:15:01,274 - /home/kantorkristof/git/neurips-polymer/III_Experiment-Traffic-Prediction/GNN/GAT.py[line:232] - INFO: Epoch [49/1000] Train_MAPE: 22.526247% Val_MAPE: 23.270063% | Loss: 22.586536
2025-12-06 18:15:01,880 - /home/kantorkristof/git/neurips-polymer/III_Experiment-Traffic-Prediction/GNN/GAT.py[line:232] - INFO: Epoch [50/1000] Train_MAPE: 22.545131% Val_MAPE: 23.274317% | Loss: 23.033809
2025-12-06 18:15:02,437 - /home/kantorkristof/git/neurips-polymer/III_Experiment-Traffic-Prediction/GNN/GAT.py[line:232] - INFO: Epoch [51/1000] Train_MAPE: 22.438013% Val_MAPE: 23.133295% | Loss: 22.823367
2025-12-06 18:15:02,997 - /home/kantorkristof/git/neurips-polymer/III_Experiment-Traffic-Prediction/GNN/GAT.py[line:232] - INFO: Epoch [52/1000] Train_MAPE: 22.493890% Val_MAPE: 23.093382% | Loss: 23.238873
2025-12-06 18:15:03,564 - /home/kantorkristof/git/neurips-polymer/III_Experiment-Traffic-Prediction/GNN/GAT.py[line:232] - INFO: Epoch [53/1000] Train_MAPE: 22.403294% Val_MAPE: 23.007852% | Loss: 22.620898
2025-12-06 18:15:04,102 - /home/kantorkristof/git/neurips-polymer/III_Experiment-Traffic-Prediction/GNN/GAT.py[line:232] - INFO: Epoch [54/1000] Train_MAPE: 22.350316% Val_MAPE: 22.912941% | Loss: 22.195879
2025-12-06 18:15:04,649 - /home/kantorkristof/git/neurips-polymer/III_Experiment-Traffic-Prediction/GNN/GAT.py[line:232] - INFO: Epoch [55/1000] Train_MAPE: 22.566351% Val_MAPE: 23.136294% | Loss: 22.797906
2025-12-06 18:15:05,189 - /home/kantorkristof/git/neurips-polymer/III_Experiment-Traffic-Prediction/GNN/GAT.py[line:232] - INFO: Epoch [56/1000] Train_MAPE: 27.454371% Val_MAPE: 27.915698% | Loss: 23.025669
2025-12-06 18:15:05,736 - /home/kantorkristof/git/neurips-polymer/III_Experiment-Traffic-Prediction/GNN/GAT.py[line:232] - INFO: Epoch [57/1000] Train_MAPE: 22.433403% Val_MAPE: 23.058348% | Loss: 22.658654
2025-12-06 18:15:06,312 - /home/kantorkristof/git/neurips-polymer/III_Experiment-Traffic-Prediction/GNN/GAT.py[line:232] - INFO: Epoch [58/1000] Train_MAPE: 22.892520% Val_MAPE: 23.688867% | Loss: 22.414097
2025-12-06 18:15:06,882 - /home/kantorkristof/git/neurips-polymer/III_Experiment-Traffic-Prediction/GNN/GAT.py[line:232] - INFO: Epoch [59/1000] Train_MAPE: 23.075111% Val_MAPE: 23.844538% | Loss: 22.209745
2025-12-06 18:15:07,411 - /home/kantorkristof/git/neurips-polymer/III_Experiment-Traffic-Prediction/GNN/GAT.py[line:232] - INFO: Epoch [60/1000] Train_MAPE: 22.441774% Val_MAPE: 23.078136% | Loss: 21.955868
2025-12-06 18:15:07,940 - /home/kantorkristof/git/neurips-polymer/III_Experiment-Traffic-Prediction/GNN/GAT.py[line:232] - INFO: Epoch [61/1000] Train_MAPE: 24.599549% Val_MAPE: 25.884359% | Loss: 22.821332
2025-12-06 18:15:08,463 - /home/kantorkristof/git/neurips-polymer/III_Experiment-Traffic-Prediction/GNN/GAT.py[line:232] - INFO: Epoch [62/1000] Train_MAPE: 23.381841% Val_MAPE: 24.844956% | Loss: 22.710542
2025-12-06 18:15:09,036 - /home/kantorkristof/git/neurips-polymer/III_Experiment-Traffic-Prediction/GNN/GAT.py[line:232] - INFO: Epoch [63/1000] Train_MAPE: 22.837961% Val_MAPE: 24.379527% | Loss: 22.853757
2025-12-06 18:15:09,561 - /home/kantorkristof/git/neurips-polymer/III_Experiment-Traffic-Prediction/GNN/GAT.py[line:232] - INFO: Epoch [64/1000] Train_MAPE: 24.146223% Val_MAPE: 25.889217% | Loss: 22.298500
2025-12-06 18:15:10,091 - /home/kantorkristof/git/neurips-polymer/III_Experiment-Traffic-Prediction/GNN/GAT.py[line:232] - INFO: Epoch [65/1000] Train_MAPE: 29.154336% Val_MAPE: 31.489957% | Loss: 23.699777
2025-12-06 18:15:10,631 - /home/kantorkristof/git/neurips-polymer/III_Experiment-Traffic-Prediction/GNN/GAT.py[line:232] - INFO: Epoch [66/1000] Train_MAPE: 26.628639% Val_MAPE: 28.943629% | Loss: 23.254128
2025-12-06 18:15:11,175 - /home/kantorkristof/git/neurips-polymer/III_Experiment-Traffic-Prediction/GNN/GAT.py[line:232] - INFO: Epoch [67/1000] Train_MAPE: 22.898108% Val_MAPE: 24.350731% | Loss: 25.376608
2025-12-06 18:15:11,707 - /home/kantorkristof/git/neurips-polymer/III_Experiment-Traffic-Prediction/GNN/GAT.py[line:232] - INFO: Epoch [68/1000] Train_MAPE: 22.571805% Val_MAPE: 23.161852% | Loss: 22.967784
2025-12-06 18:15:12,227 - /home/kantorkristof/git/neurips-polymer/III_Experiment-Traffic-Prediction/GNN/GAT.py[line:232] - INFO: Epoch [69/1000] Train_MAPE: 23.788334% Val_MAPE: 25.556197% | Loss: 22.957470
2025-12-06 18:15:12,746 - /home/kantorkristof/git/neurips-polymer/III_Experiment-Traffic-Prediction/GNN/GAT.py[line:232] - INFO: Epoch [70/1000] Train_MAPE: 28.146078% Val_MAPE: 28.920805% | Loss: 25.627733
2025-12-06 18:15:13,289 - /home/kantorkristof/git/neurips-polymer/III_Experiment-Traffic-Prediction/GNN/GAT.py[line:232] - INFO: Epoch [71/1000] Train_MAPE: 23.939755% Val_MAPE: 25.236994% | Loss: 24.408214
2025-12-06 18:15:13,816 - /home/kantorkristof/git/neurips-polymer/III_Experiment-Traffic-Prediction/GNN/GAT.py[line:232] - INFO: Epoch [72/1000] Train_MAPE: 22.680023% Val_MAPE: 24.908805% | Loss: 24.722607
2025-12-06 18:15:14,339 - /home/kantorkristof/git/neurips-polymer/III_Experiment-Traffic-Prediction/GNN/GAT.py[line:232] - INFO: Epoch [73/1000] Train_MAPE: 22.171825% Val_MAPE: 22.776460% | Loss: 23.449751
2025-12-06 18:15:14,856 - /home/kantorkristof/git/neurips-polymer/III_Experiment-Traffic-Prediction/GNN/GAT.py[line:232] - INFO: Epoch [74/1000] Train_MAPE: 22.796278% Val_MAPE: 22.890367% | Loss: 22.572760
2025-12-06 18:15:15,377 - /home/kantorkristof/git/neurips-polymer/III_Experiment-Traffic-Prediction/GNN/GAT.py[line:232] - INFO: Epoch [75/1000] Train_MAPE: 23.911441% Val_MAPE: 24.192516% | Loss: 22.716690
2025-12-06 18:15:15,899 - /home/kantorkristof/git/neurips-polymer/III_Experiment-Traffic-Prediction/GNN/GAT.py[line:232] - INFO: Epoch [76/1000] Train_MAPE: 22.701173% Val_MAPE: 23.294708% | Loss: 23.488147
2025-12-06 18:15:16,420 - /home/kantorkristof/git/neurips-polymer/III_Experiment-Traffic-Prediction/GNN/GAT.py[line:232] - INFO: Epoch [77/1000] Train_MAPE: 22.451438% Val_MAPE: 22.974286% | Loss: 22.813340
2025-12-06 18:15:16,956 - /home/kantorkristof/git/neurips-polymer/III_Experiment-Traffic-Prediction/GNN/GAT.py[line:232] - INFO: Epoch [78/1000] Train_MAPE: 22.572020% Val_MAPE: 23.171287% | Loss: 23.069087
2025-12-06 18:15:17,481 - /home/kantorkristof/git/neurips-polymer/III_Experiment-Traffic-Prediction/GNN/GAT.py[line:232] - INFO: Epoch [79/1000] Train_MAPE: 25.912061% Val_MAPE: 26.159845% | Loss: 22.608099
2025-12-06 18:15:18,008 - /home/kantorkristof/git/neurips-polymer/III_Experiment-Traffic-Prediction/GNN/GAT.py[line:232] - INFO: Epoch [80/1000] Train_MAPE: 22.481631% Val_MAPE: 23.162010% | Loss: 22.382108
2025-12-06 18:15:18,562 - /home/kantorkristof/git/neurips-polymer/III_Experiment-Traffic-Prediction/GNN/GAT.py[line:232] - INFO: Epoch [81/1000] Train_MAPE: 22.398385% Val_MAPE: 23.013498% | Loss: 22.716904
2025-12-06 18:15:19,173 - /home/kantorkristof/git/neurips-polymer/III_Experiment-Traffic-Prediction/GNN/GAT.py[line:232] - INFO: Epoch [82/1000] Train_MAPE: 22.433118% Val_MAPE: 23.390940% | Loss: 22.345118
2025-12-06 18:15:19,750 - /home/kantorkristof/git/neurips-polymer/III_Experiment-Traffic-Prediction/GNN/GAT.py[line:232] - INFO: Epoch [83/1000] Train_MAPE: 22.375323% Val_MAPE: 23.232841% | Loss: 23.243365
2025-12-06 18:15:20,335 - /home/kantorkristof/git/neurips-polymer/III_Experiment-Traffic-Prediction/GNN/GAT.py[line:232] - INFO: Epoch [84/1000] Train_MAPE: 22.377625% Val_MAPE: 22.891371% | Loss: 22.753423
2025-12-06 18:15:20,890 - /home/kantorkristof/git/neurips-polymer/III_Experiment-Traffic-Prediction/GNN/GAT.py[line:232] - INFO: Epoch [85/1000] Train_MAPE: 22.573310% Val_MAPE: 23.504690% | Loss: 22.745895
2025-12-06 18:15:21,448 - /home/kantorkristof/git/neurips-polymer/III_Experiment-Traffic-Prediction/GNN/GAT.py[line:232] - INFO: Epoch [86/1000] Train_MAPE: 32.607376% Val_MAPE: 33.553621% | Loss: 23.624310
2025-12-06 18:15:22,007 - /home/kantorkristof/git/neurips-polymer/III_Experiment-Traffic-Prediction/GNN/GAT.py[line:232] - INFO: Epoch [87/1000] Train_MAPE: 26.343142% Val_MAPE: 26.860131% | Loss: 25.397599
2025-12-06 18:15:22,572 - /home/kantorkristof/git/neurips-polymer/III_Experiment-Traffic-Prediction/GNN/GAT.py[line:232] - INFO: Epoch [88/1000] Train_MAPE: 31.009771% Val_MAPE: 31.612100% | Loss: 23.245626
2025-12-06 18:15:23,138 - /home/kantorkristof/git/neurips-polymer/III_Experiment-Traffic-Prediction/GNN/GAT.py[line:232] - INFO: Epoch [89/1000] Train_MAPE: 24.063302% Val_MAPE: 24.445217% | Loss: 22.734837
2025-12-06 18:15:23,728 - /home/kantorkristof/git/neurips-polymer/III_Experiment-Traffic-Prediction/GNN/GAT.py[line:232] - INFO: Epoch [90/1000] Train_MAPE: 22.514851% Val_MAPE: 22.932118% | Loss: 22.787441
2025-12-06 18:15:24,312 - /home/kantorkristof/git/neurips-polymer/III_Experiment-Traffic-Prediction/GNN/GAT.py[line:232] - INFO: Epoch [91/1000] Train_MAPE: 22.416610% Val_MAPE: 22.943371% | Loss: 22.629618
2025-12-06 18:15:24,875 - /home/kantorkristof/git/neurips-polymer/III_Experiment-Traffic-Prediction/GNN/GAT.py[line:232] - INFO: Epoch [92/1000] Train_MAPE: 22.487583% Val_MAPE: 22.913052% | Loss: 22.355160
2025-12-06 18:15:25,441 - /home/kantorkristof/git/neurips-polymer/III_Experiment-Traffic-Prediction/GNN/GAT.py[line:232] - INFO: Epoch [93/1000] Train_MAPE: 22.774700% Val_MAPE: 23.093134% | Loss: 22.227642
2025-12-06 18:15:26,005 - /home/kantorkristof/git/neurips-polymer/III_Experiment-Traffic-Prediction/GNN/GAT.py[line:232] - INFO: Epoch [94/1000] Train_MAPE: 23.581840% Val_MAPE: 23.959025% | Loss: 22.904298
2025-12-06 18:15:26,603 - /home/kantorkristof/git/neurips-polymer/III_Experiment-Traffic-Prediction/GNN/GAT.py[line:232] - INFO: Epoch [95/1000] Train_MAPE: 24.312314% Val_MAPE: 24.791973% | Loss: 22.545850
2025-12-06 18:15:27,241 - /home/kantorkristof/git/neurips-polymer/III_Experiment-Traffic-Prediction/GNN/GAT.py[line:232] - INFO: Epoch [96/1000] Train_MAPE: 23.624555% Val_MAPE: 24.315329% | Loss: 22.139216
2025-12-06 18:15:27,989 - /home/kantorkristof/git/neurips-polymer/III_Experiment-Traffic-Prediction/GNN/GAT.py[line:232] - INFO: Epoch [97/1000] Train_MAPE: 24.892574% Val_MAPE: 25.386171% | Loss: 22.777339
2025-12-06 18:15:28,575 - /home/kantorkristof/git/neurips-polymer/III_Experiment-Traffic-Prediction/GNN/GAT.py[line:232] - INFO: Epoch [98/1000] Train_MAPE: 22.564654% Val_MAPE: 23.514625% | Loss: 21.908599
2025-12-06 18:15:29,170 - /home/kantorkristof/git/neurips-polymer/III_Experiment-Traffic-Prediction/GNN/GAT.py[line:232] - INFO: Epoch [99/1000] Train_MAPE: 22.147677% Val_MAPE: 22.786679% | Loss: 23.373900
2025-12-06 18:15:29,725 - /home/kantorkristof/git/neurips-polymer/III_Experiment-Traffic-Prediction/GNN/GAT.py[line:232] - INFO: Epoch [100/1000] Train_MAPE: 22.090600% Val_MAPE: 22.710288% | Loss: 22.416197
2025-12-06 18:15:29,728 - /home/kantorkristof/git/neurips-polymer/III_Experiment-Traffic-Prediction/GNN/GAT.py[line:242] - INFO: Best model saved at epoch 100 with val_mape 22.710288%
2025-12-06 18:15:30,313 - /home/kantorkristof/git/neurips-polymer/III_Experiment-Traffic-Prediction/GNN/GAT.py[line:232] - INFO: Epoch [101/1000] Train_MAPE: 22.182605% Val_MAPE: 22.957839% | Loss: 22.126474
2025-12-06 18:15:30,845 - /home/kantorkristof/git/neurips-polymer/III_Experiment-Traffic-Prediction/GNN/GAT.py[line:232] - INFO: Epoch [102/1000] Train_MAPE: 22.352084% Val_MAPE: 23.097823% | Loss: 23.241370
2025-12-06 18:15:31,376 - /home/kantorkristof/git/neurips-polymer/III_Experiment-Traffic-Prediction/GNN/GAT.py[line:232] - INFO: Epoch [103/1000] Train_MAPE: 22.295771% Val_MAPE: 22.921853% | Loss: 22.375406
2025-12-06 18:15:31,905 - /home/kantorkristof/git/neurips-polymer/III_Experiment-Traffic-Prediction/GNN/GAT.py[line:232] - INFO: Epoch [104/1000] Train_MAPE: 22.400533% Val_MAPE: 22.906336% | Loss: 22.909616
2025-12-06 18:15:32,436 - /home/kantorkristof/git/neurips-polymer/III_Experiment-Traffic-Prediction/GNN/GAT.py[line:232] - INFO: Epoch [105/1000] Train_MAPE: 22.357386% Val_MAPE: 22.960979% | Loss: 21.697528
2025-12-06 18:15:32,981 - /home/kantorkristof/git/neurips-polymer/III_Experiment-Traffic-Prediction/GNN/GAT.py[line:232] - INFO: Epoch [106/1000] Train_MAPE: 22.485610% Val_MAPE: 22.956950% | Loss: 22.712466
2025-12-06 18:15:33,513 - /home/kantorkristof/git/neurips-polymer/III_Experiment-Traffic-Prediction/GNN/GAT.py[line:232] - INFO: Epoch [107/1000] Train_MAPE: 22.315032% Val_MAPE: 22.960190% | Loss: 22.676639
2025-12-06 18:15:34,044 - /home/kantorkristof/git/neurips-polymer/III_Experiment-Traffic-Prediction/GNN/GAT.py[line:232] - INFO: Epoch [108/1000] Train_MAPE: 22.248407% Val_MAPE: 22.903695% | Loss: 22.205244
2025-12-06 18:15:34,572 - /home/kantorkristof/git/neurips-polymer/III_Experiment-Traffic-Prediction/GNN/GAT.py[line:232] - INFO: Epoch [109/1000] Train_MAPE: 22.224169% Val_MAPE: 22.892961% | Loss: 23.195214
2025-12-06 18:15:35,111 - /home/kantorkristof/git/neurips-polymer/III_Experiment-Traffic-Prediction/GNN/GAT.py[line:232] - INFO: Epoch [110/1000] Train_MAPE: 22.151616% Val_MAPE: 22.792819% | Loss: 22.860281
2025-12-06 18:15:35,645 - /home/kantorkristof/git/neurips-polymer/III_Experiment-Traffic-Prediction/GNN/GAT.py[line:232] - INFO: Epoch [111/1000] Train_MAPE: 22.245119% Val_MAPE: 22.795691% | Loss: 22.593930
2025-12-06 18:15:36,184 - /home/kantorkristof/git/neurips-polymer/III_Experiment-Traffic-Prediction/GNN/GAT.py[line:232] - INFO: Epoch [112/1000] Train_MAPE: 22.216722% Val_MAPE: 22.740627% | Loss: 22.783190
2025-12-06 18:15:36,726 - /home/kantorkristof/git/neurips-polymer/III_Experiment-Traffic-Prediction/GNN/GAT.py[line:232] - INFO: Epoch [113/1000] Train_MAPE: 22.168134% Val_MAPE: 22.863858% | Loss: 22.755733
2025-12-06 18:15:37,267 - /home/kantorkristof/git/neurips-polymer/III_Experiment-Traffic-Prediction/GNN/GAT.py[line:232] - INFO: Epoch [114/1000] Train_MAPE: 22.259111% Val_MAPE: 22.987299% | Loss: 21.765696
2025-12-06 18:15:37,805 - /home/kantorkristof/git/neurips-polymer/III_Experiment-Traffic-Prediction/GNN/GAT.py[line:232] - INFO: Epoch [115/1000] Train_MAPE: 22.253386% Val_MAPE: 22.793638% | Loss: 22.746359
2025-12-06 18:15:38,346 - /home/kantorkristof/git/neurips-polymer/III_Experiment-Traffic-Prediction/GNN/GAT.py[line:232] - INFO: Epoch [116/1000] Train_MAPE: 22.342083% Val_MAPE: 22.937483% | Loss: 22.329705
2025-12-06 18:15:38,924 - /home/kantorkristof/git/neurips-polymer/III_Experiment-Traffic-Prediction/GNN/GAT.py[line:232] - INFO: Epoch [117/1000] Train_MAPE: 22.456312% Val_MAPE: 23.011322% | Loss: 22.178649
2025-12-06 18:15:39,467 - /home/kantorkristof/git/neurips-polymer/III_Experiment-Traffic-Prediction/GNN/GAT.py[line:232] - INFO: Epoch [118/1000] Train_MAPE: 22.851423% Val_MAPE: 22.946423% | Loss: 22.977424
2025-12-06 18:15:40,001 - /home/kantorkristof/git/neurips-polymer/III_Experiment-Traffic-Prediction/GNN/GAT.py[line:232] - INFO: Epoch [119/1000] Train_MAPE: 22.283448% Val_MAPE: 22.752045% | Loss: 22.274110
2025-12-06 18:15:40,537 - /home/kantorkristof/git/neurips-polymer/III_Experiment-Traffic-Prediction/GNN/GAT.py[line:232] - INFO: Epoch [120/1000] Train_MAPE: 22.256584% Val_MAPE: 23.123395% | Loss: 22.310657
2025-12-06 18:15:41,078 - /home/kantorkristof/git/neurips-polymer/III_Experiment-Traffic-Prediction/GNN/GAT.py[line:232] - INFO: Epoch [121/1000] Train_MAPE: 22.244731% Val_MAPE: 23.007661% | Loss: 22.505291
2025-12-06 18:15:41,622 - /home/kantorkristof/git/neurips-polymer/III_Experiment-Traffic-Prediction/GNN/GAT.py[line:232] - INFO: Epoch [122/1000] Train_MAPE: 22.228133% Val_MAPE: 22.993675% | Loss: 22.475217
2025-12-06 18:15:42,191 - /home/kantorkristof/git/neurips-polymer/III_Experiment-Traffic-Prediction/GNN/GAT.py[line:232] - INFO: Epoch [123/1000] Train_MAPE: 22.353341% Val_MAPE: 23.200888% | Loss: 22.747447
2025-12-06 18:15:42,723 - /home/kantorkristof/git/neurips-polymer/III_Experiment-Traffic-Prediction/GNN/GAT.py[line:232] - INFO: Epoch [124/1000] Train_MAPE: 22.278343% Val_MAPE: 23.098323% | Loss: 22.791113
2025-12-06 18:15:43,250 - /home/kantorkristof/git/neurips-polymer/III_Experiment-Traffic-Prediction/GNN/GAT.py[line:232] - INFO: Epoch [125/1000] Train_MAPE: 22.361461% Val_MAPE: 23.109320% | Loss: 22.564981
2025-12-06 18:15:43,773 - /home/kantorkristof/git/neurips-polymer/III_Experiment-Traffic-Prediction/GNN/GAT.py[line:232] - INFO: Epoch [126/1000] Train_MAPE: 22.241868% Val_MAPE: 22.825591% | Loss: 22.143144
2025-12-06 18:15:44,298 - /home/kantorkristof/git/neurips-polymer/III_Experiment-Traffic-Prediction/GNN/GAT.py[line:232] - INFO: Epoch [127/1000] Train_MAPE: 22.223173% Val_MAPE: 22.953639% | Loss: 23.055970
2025-12-06 18:15:44,819 - /home/kantorkristof/git/neurips-polymer/III_Experiment-Traffic-Prediction/GNN/GAT.py[line:232] - INFO: Epoch [128/1000] Train_MAPE: 22.275279% Val_MAPE: 23.067619% | Loss: 23.076455
2025-12-06 18:15:45,355 - /home/kantorkristof/git/neurips-polymer/III_Experiment-Traffic-Prediction/GNN/GAT.py[line:232] - INFO: Epoch [129/1000] Train_MAPE: 22.303013% Val_MAPE: 23.170935% | Loss: 22.605879
2025-12-06 18:15:45,871 - /home/kantorkristof/git/neurips-polymer/III_Experiment-Traffic-Prediction/GNN/GAT.py[line:232] - INFO: Epoch [130/1000] Train_MAPE: 22.478648% Val_MAPE: 23.080306% | Loss: 22.011439
2025-12-06 18:15:46,406 - /home/kantorkristof/git/neurips-polymer/III_Experiment-Traffic-Prediction/GNN/GAT.py[line:232] - INFO: Epoch [131/1000] Train_MAPE: 22.478723% Val_MAPE: 23.140472% | Loss: 22.905453
2025-12-06 18:15:46,922 - /home/kantorkristof/git/neurips-polymer/III_Experiment-Traffic-Prediction/GNN/GAT.py[line:232] - INFO: Epoch [132/1000] Train_MAPE: 22.286006% Val_MAPE: 22.849906% | Loss: 22.378688
2025-12-06 18:15:47,441 - /home/kantorkristof/git/neurips-polymer/III_Experiment-Traffic-Prediction/GNN/GAT.py[line:232] - INFO: Epoch [133/1000] Train_MAPE: 22.234637% Val_MAPE: 22.904642% | Loss: 23.044324
2025-12-06 18:15:47,958 - /home/kantorkristof/git/neurips-polymer/III_Experiment-Traffic-Prediction/GNN/GAT.py[line:232] - INFO: Epoch [134/1000] Train_MAPE: 22.337632% Val_MAPE: 22.987033% | Loss: 23.199074
2025-12-06 18:15:48,467 - /home/kantorkristof/git/neurips-polymer/III_Experiment-Traffic-Prediction/GNN/GAT.py[line:232] - INFO: Epoch [135/1000] Train_MAPE: 22.305510% Val_MAPE: 23.107378% | Loss: 23.161903
2025-12-06 18:15:48,980 - /home/kantorkristof/git/neurips-polymer/III_Experiment-Traffic-Prediction/GNN/GAT.py[line:232] - INFO: Epoch [136/1000] Train_MAPE: 22.102629% Val_MAPE: 22.744962% | Loss: 22.777190
2025-12-06 18:15:49,510 - /home/kantorkristof/git/neurips-polymer/III_Experiment-Traffic-Prediction/GNN/GAT.py[line:232] - INFO: Epoch [137/1000] Train_MAPE: 22.289141% Val_MAPE: 22.880527% | Loss: 22.396646
2025-12-06 18:15:50,041 - /home/kantorkristof/git/neurips-polymer/III_Experiment-Traffic-Prediction/GNN/GAT.py[line:232] - INFO: Epoch [138/1000] Train_MAPE: 22.264085% Val_MAPE: 22.823648% | Loss: 22.133634
2025-12-06 18:15:50,562 - /home/kantorkristof/git/neurips-polymer/III_Experiment-Traffic-Prediction/GNN/GAT.py[line:232] - INFO: Epoch [139/1000] Train_MAPE: 22.099101% Val_MAPE: 22.671291% | Loss: 23.038566
2025-12-06 18:15:50,565 - /home/kantorkristof/git/neurips-polymer/III_Experiment-Traffic-Prediction/GNN/GAT.py[line:242] - INFO: Best model saved at epoch 139 with val_mape 22.671291%
2025-12-06 18:15:51,088 - /home/kantorkristof/git/neurips-polymer/III_Experiment-Traffic-Prediction/GNN/GAT.py[line:232] - INFO: Epoch [140/1000] Train_MAPE: 22.193929% Val_MAPE: 22.820055% | Loss: 22.691525
2025-12-06 18:15:51,608 - /home/kantorkristof/git/neurips-polymer/III_Experiment-Traffic-Prediction/GNN/GAT.py[line:232] - INFO: Epoch [141/1000] Train_MAPE: 22.355696% Val_MAPE: 23.204216% | Loss: 22.673560
2025-12-06 18:15:52,151 - /home/kantorkristof/git/neurips-polymer/III_Experiment-Traffic-Prediction/GNN/GAT.py[line:232] - INFO: Epoch [142/1000] Train_MAPE: 22.113474% Val_MAPE: 22.835971% | Loss: 22.952758
2025-12-06 18:15:52,682 - /home/kantorkristof/git/neurips-polymer/III_Experiment-Traffic-Prediction/GNN/GAT.py[line:232] - INFO: Epoch [143/1000] Train_MAPE: 22.309954% Val_MAPE: 22.975924% | Loss: 22.539793
2025-12-06 18:15:53,226 - /home/kantorkristof/git/neurips-polymer/III_Experiment-Traffic-Prediction/GNN/GAT.py[line:232] - INFO: Epoch [144/1000] Train_MAPE: 22.185827% Val_MAPE: 22.960782% | Loss: 21.966874
2025-12-06 18:15:53,770 - /home/kantorkristof/git/neurips-polymer/III_Experiment-Traffic-Prediction/GNN/GAT.py[line:232] - INFO: Epoch [145/1000] Train_MAPE: 22.141560% Val_MAPE: 22.925665% | Loss: 22.162166
2025-12-06 18:15:54,295 - /home/kantorkristof/git/neurips-polymer/III_Experiment-Traffic-Prediction/GNN/GAT.py[line:232] - INFO: Epoch [146/1000] Train_MAPE: 22.439781% Val_MAPE: 23.237712% | Loss: 23.358443
2025-12-06 18:15:54,837 - /home/kantorkristof/git/neurips-polymer/III_Experiment-Traffic-Prediction/GNN/GAT.py[line:232] - INFO: Epoch [147/1000] Train_MAPE: 22.059941% Val_MAPE: 22.853083% | Loss: 22.711368
2025-12-06 18:15:55,398 - /home/kantorkristof/git/neurips-polymer/III_Experiment-Traffic-Prediction/GNN/GAT.py[line:232] - INFO: Epoch [148/1000] Train_MAPE: 22.121800% Val_MAPE: 22.916022% | Loss: 22.432450
2025-12-06 18:15:55,954 - /home/kantorkristof/git/neurips-polymer/III_Experiment-Traffic-Prediction/GNN/GAT.py[line:232] - INFO: Epoch [149/1000] Train_MAPE: 21.898664% Val_MAPE: 22.912624% | Loss: 22.567683
2025-12-06 18:15:56,521 - /home/kantorkristof/git/neurips-polymer/III_Experiment-Traffic-Prediction/GNN/GAT.py[line:232] - INFO: Epoch [150/1000] Train_MAPE: 22.095134% Val_MAPE: 23.128126% | Loss: 21.872087
2025-12-06 18:15:57,060 - /home/kantorkristof/git/neurips-polymer/III_Experiment-Traffic-Prediction/GNN/GAT.py[line:232] - INFO: Epoch [151/1000] Train_MAPE: 22.145778% Val_MAPE: 23.225053% | Loss: 21.804932
2025-12-06 18:15:57,605 - /home/kantorkristof/git/neurips-polymer/III_Experiment-Traffic-Prediction/GNN/GAT.py[line:232] - INFO: Epoch [152/1000] Train_MAPE: 21.833120% Val_MAPE: 22.588414% | Loss: 22.389658
2025-12-06 18:15:57,608 - /home/kantorkristof/git/neurips-polymer/III_Experiment-Traffic-Prediction/GNN/GAT.py[line:242] - INFO: Best model saved at epoch 152 with val_mape 22.588414%
2025-12-06 18:15:58,155 - /home/kantorkristof/git/neurips-polymer/III_Experiment-Traffic-Prediction/GNN/GAT.py[line:232] - INFO: Epoch [153/1000] Train_MAPE: 21.861812% Val_MAPE: 22.577791% | Loss: 22.076318
2025-12-06 18:15:58,157 - /home/kantorkristof/git/neurips-polymer/III_Experiment-Traffic-Prediction/GNN/GAT.py[line:242] - INFO: Best model saved at epoch 153 with val_mape 22.577791%
2025-12-06 18:15:58,706 - /home/kantorkristof/git/neurips-polymer/III_Experiment-Traffic-Prediction/GNN/GAT.py[line:232] - INFO: Epoch [154/1000] Train_MAPE: 21.916903% Val_MAPE: 22.566146% | Loss: 21.702254
2025-12-06 18:15:58,709 - /home/kantorkristof/git/neurips-polymer/III_Experiment-Traffic-Prediction/GNN/GAT.py[line:242] - INFO: Best model saved at epoch 154 with val_mape 22.566146%
2025-12-06 18:15:59,270 - /home/kantorkristof/git/neurips-polymer/III_Experiment-Traffic-Prediction/GNN/GAT.py[line:232] - INFO: Epoch [155/1000] Train_MAPE: 21.823744% Val_MAPE: 22.640731% | Loss: 22.269251
2025-12-06 18:15:59,822 - /home/kantorkristof/git/neurips-polymer/III_Experiment-Traffic-Prediction/GNN/GAT.py[line:232] - INFO: Epoch [156/1000] Train_MAPE: 21.914208% Val_MAPE: 22.795923% | Loss: 22.528121
2025-12-06 18:16:00,427 - /home/kantorkristof/git/neurips-polymer/III_Experiment-Traffic-Prediction/GNN/GAT.py[line:232] - INFO: Epoch [157/1000] Train_MAPE: 21.816057% Val_MAPE: 22.567004% | Loss: 21.943756
2025-12-06 18:16:00,984 - /home/kantorkristof/git/neurips-polymer/III_Experiment-Traffic-Prediction/GNN/GAT.py[line:232] - INFO: Epoch [158/1000] Train_MAPE: 22.145421% Val_MAPE: 22.621189% | Loss: 22.511023
2025-12-06 18:16:01,525 - /home/kantorkristof/git/neurips-polymer/III_Experiment-Traffic-Prediction/GNN/GAT.py[line:232] - INFO: Epoch [159/1000] Train_MAPE: 21.984477% Val_MAPE: 22.424958% | Loss: 22.398938
2025-12-06 18:16:01,528 - /home/kantorkristof/git/neurips-polymer/III_Experiment-Traffic-Prediction/GNN/GAT.py[line:242] - INFO: Best model saved at epoch 159 with val_mape 22.424958%
2025-12-06 18:16:02,064 - /home/kantorkristof/git/neurips-polymer/III_Experiment-Traffic-Prediction/GNN/GAT.py[line:232] - INFO: Epoch [160/1000] Train_MAPE: 21.756880% Val_MAPE: 22.616449% | Loss: 23.013886
2025-12-06 18:16:02,611 - /home/kantorkristof/git/neurips-polymer/III_Experiment-Traffic-Prediction/GNN/GAT.py[line:232] - INFO: Epoch [161/1000] Train_MAPE: 21.738606% Val_MAPE: 22.542237% | Loss: 22.889237
2025-12-06 18:16:03,167 - /home/kantorkristof/git/neurips-polymer/III_Experiment-Traffic-Prediction/GNN/GAT.py[line:232] - INFO: Epoch [162/1000] Train_MAPE: 21.691997% Val_MAPE: 22.688028% | Loss: 21.837851
2025-12-06 18:16:03,717 - /home/kantorkristof/git/neurips-polymer/III_Experiment-Traffic-Prediction/GNN/GAT.py[line:232] - INFO: Epoch [163/1000] Train_MAPE: 21.709732% Val_MAPE: 22.868700% | Loss: 21.785909
2025-12-06 18:16:04,277 - /home/kantorkristof/git/neurips-polymer/III_Experiment-Traffic-Prediction/GNN/GAT.py[line:232] - INFO: Epoch [164/1000] Train_MAPE: 21.680333% Val_MAPE: 22.734802% | Loss: 21.877664
2025-12-06 18:16:04,829 - /home/kantorkristof/git/neurips-polymer/III_Experiment-Traffic-Prediction/GNN/GAT.py[line:232] - INFO: Epoch [165/1000] Train_MAPE: 21.768021% Val_MAPE: 22.505070% | Loss: 22.316549
2025-12-06 18:16:05,375 - /home/kantorkristof/git/neurips-polymer/III_Experiment-Traffic-Prediction/GNN/GAT.py[line:232] - INFO: Epoch [166/1000] Train_MAPE: 21.654842% Val_MAPE: 22.782347% | Loss: 22.153716
2025-12-06 18:16:05,923 - /home/kantorkristof/git/neurips-polymer/III_Experiment-Traffic-Prediction/GNN/GAT.py[line:232] - INFO: Epoch [167/1000] Train_MAPE: 21.707017% Val_MAPE: 22.770478% | Loss: 22.314961
2025-12-06 18:16:06,490 - /home/kantorkristof/git/neurips-polymer/III_Experiment-Traffic-Prediction/GNN/GAT.py[line:232] - INFO: Epoch [168/1000] Train_MAPE: 21.729128% Val_MAPE: 22.700344% | Loss: 21.771588
2025-12-06 18:16:07,050 - /home/kantorkristof/git/neurips-polymer/III_Experiment-Traffic-Prediction/GNN/GAT.py[line:232] - INFO: Epoch [169/1000] Train_MAPE: 21.673262% Val_MAPE: 22.789590% | Loss: 21.887233
2025-12-06 18:16:07,598 - /home/kantorkristof/git/neurips-polymer/III_Experiment-Traffic-Prediction/GNN/GAT.py[line:232] - INFO: Epoch [170/1000] Train_MAPE: 21.672946% Val_MAPE: 22.765977% | Loss: 21.737919
2025-12-06 18:16:08,160 - /home/kantorkristof/git/neurips-polymer/III_Experiment-Traffic-Prediction/GNN/GAT.py[line:232] - INFO: Epoch [171/1000] Train_MAPE: 21.627213% Val_MAPE: 22.796985% | Loss: 22.338544
2025-12-06 18:16:08,712 - /home/kantorkristof/git/neurips-polymer/III_Experiment-Traffic-Prediction/GNN/GAT.py[line:232] - INFO: Epoch [172/1000] Train_MAPE: 21.772959% Val_MAPE: 22.720078% | Loss: 22.158106
2025-12-06 18:16:09,264 - /home/kantorkristof/git/neurips-polymer/III_Experiment-Traffic-Prediction/GNN/GAT.py[line:232] - INFO: Epoch [173/1000] Train_MAPE: 21.735712% Val_MAPE: 22.935512% | Loss: 21.648290
2025-12-06 18:16:09,818 - /home/kantorkristof/git/neurips-polymer/III_Experiment-Traffic-Prediction/GNN/GAT.py[line:232] - INFO: Epoch [174/1000] Train_MAPE: 21.697856% Val_MAPE: 22.854423% | Loss: 21.559327
2025-12-06 18:16:10,386 - /home/kantorkristof/git/neurips-polymer/III_Experiment-Traffic-Prediction/GNN/GAT.py[line:232] - INFO: Epoch [175/1000] Train_MAPE: 21.718613% Val_MAPE: 22.873985% | Loss: 21.850143
2025-12-06 18:16:10,934 - /home/kantorkristof/git/neurips-polymer/III_Experiment-Traffic-Prediction/GNN/GAT.py[line:232] - INFO: Epoch [176/1000] Train_MAPE: 21.695526% Val_MAPE: 23.275426% | Loss: 22.636647
2025-12-06 18:16:11,507 - /home/kantorkristof/git/neurips-polymer/III_Experiment-Traffic-Prediction/GNN/GAT.py[line:232] - INFO: Epoch [177/1000] Train_MAPE: 21.700887% Val_MAPE: 22.964255% | Loss: 21.869706
2025-12-06 18:16:12,060 - /home/kantorkristof/git/neurips-polymer/III_Experiment-Traffic-Prediction/GNN/GAT.py[line:232] - INFO: Epoch [178/1000] Train_MAPE: 21.918428% Val_MAPE: 22.752143% | Loss: 22.051523
2025-12-06 18:16:12,596 - /home/kantorkristof/git/neurips-polymer/III_Experiment-Traffic-Prediction/GNN/GAT.py[line:232] - INFO: Epoch [179/1000] Train_MAPE: 21.570925% Val_MAPE: 22.645657% | Loss: 23.030994
2025-12-06 18:16:13,150 - /home/kantorkristof/git/neurips-polymer/III_Experiment-Traffic-Prediction/GNN/GAT.py[line:232] - INFO: Epoch [180/1000] Train_MAPE: 21.513504% Val_MAPE: 22.815332% | Loss: 21.643329
2025-12-06 18:16:13,706 - /home/kantorkristof/git/neurips-polymer/III_Experiment-Traffic-Prediction/GNN/GAT.py[line:232] - INFO: Epoch [181/1000] Train_MAPE: 21.733759% Val_MAPE: 22.875641% | Loss: 22.414830
2025-12-06 18:16:14,248 - /home/kantorkristof/git/neurips-polymer/III_Experiment-Traffic-Prediction/GNN/GAT.py[line:232] - INFO: Epoch [182/1000] Train_MAPE: 21.695217% Val_MAPE: 22.906942% | Loss: 21.933586
2025-12-06 18:16:14,787 - /home/kantorkristof/git/neurips-polymer/III_Experiment-Traffic-Prediction/GNN/GAT.py[line:232] - INFO: Epoch [183/1000] Train_MAPE: 21.623422% Val_MAPE: 22.938946% | Loss: 21.594822
2025-12-06 18:16:15,340 - /home/kantorkristof/git/neurips-polymer/III_Experiment-Traffic-Prediction/GNN/GAT.py[line:232] - INFO: Epoch [184/1000] Train_MAPE: 21.527155% Val_MAPE: 22.694566% | Loss: 21.633639
2025-12-06 18:16:15,880 - /home/kantorkristof/git/neurips-polymer/III_Experiment-Traffic-Prediction/GNN/GAT.py[line:232] - INFO: Epoch [185/1000] Train_MAPE: 21.443946% Val_MAPE: 22.727416% | Loss: 22.632605
2025-12-06 18:16:16,424 - /home/kantorkristof/git/neurips-polymer/III_Experiment-Traffic-Prediction/GNN/GAT.py[line:232] - INFO: Epoch [186/1000] Train_MAPE: 21.522406% Val_MAPE: 22.362339% | Loss: 22.233286
2025-12-06 18:16:16,427 - /home/kantorkristof/git/neurips-polymer/III_Experiment-Traffic-Prediction/GNN/GAT.py[line:242] - INFO: Best model saved at epoch 186 with val_mape 22.362339%
2025-12-06 18:16:16,982 - /home/kantorkristof/git/neurips-polymer/III_Experiment-Traffic-Prediction/GNN/GAT.py[line:232] - INFO: Epoch [187/1000] Train_MAPE: 21.454241% Val_MAPE: 22.420107% | Loss: 22.148012
2025-12-06 18:16:17,522 - /home/kantorkristof/git/neurips-polymer/III_Experiment-Traffic-Prediction/GNN/GAT.py[line:232] - INFO: Epoch [188/1000] Train_MAPE: 21.601703% Val_MAPE: 22.853424% | Loss: 22.029567
2025-12-06 18:16:18,053 - /home/kantorkristof/git/neurips-polymer/III_Experiment-Traffic-Prediction/GNN/GAT.py[line:232] - INFO: Epoch [189/1000] Train_MAPE: 21.518213% Val_MAPE: 22.673818% | Loss: 21.355361
2025-12-06 18:16:18,586 - /home/kantorkristof/git/neurips-polymer/III_Experiment-Traffic-Prediction/GNN/GAT.py[line:232] - INFO: Epoch [190/1000] Train_MAPE: 21.850332% Val_MAPE: 22.834474% | Loss: 21.974999
2025-12-06 18:16:19,127 - /home/kantorkristof/git/neurips-polymer/III_Experiment-Traffic-Prediction/GNN/GAT.py[line:232] - INFO: Epoch [191/1000] Train_MAPE: 21.633301% Val_MAPE: 22.883885% | Loss: 22.221030
2025-12-06 18:16:19,662 - /home/kantorkristof/git/neurips-polymer/III_Experiment-Traffic-Prediction/GNN/GAT.py[line:232] - INFO: Epoch [192/1000] Train_MAPE: 21.857803% Val_MAPE: 22.951601% | Loss: 22.227723
2025-12-06 18:16:20,193 - /home/kantorkristof/git/neurips-polymer/III_Experiment-Traffic-Prediction/GNN/GAT.py[line:232] - INFO: Epoch [193/1000] Train_MAPE: 21.625810% Val_MAPE: 22.781805% | Loss: 22.362485
2025-12-06 18:16:20,724 - /home/kantorkristof/git/neurips-polymer/III_Experiment-Traffic-Prediction/GNN/GAT.py[line:232] - INFO: Epoch [194/1000] Train_MAPE: 21.687432% Val_MAPE: 22.783009% | Loss: 21.863816
2025-12-06 18:16:21,258 - /home/kantorkristof/git/neurips-polymer/III_Experiment-Traffic-Prediction/GNN/GAT.py[line:232] - INFO: Epoch [195/1000] Train_MAPE: 21.662024% Val_MAPE: 22.759929% | Loss: 21.999243
2025-12-06 18:16:21,808 - /home/kantorkristof/git/neurips-polymer/III_Experiment-Traffic-Prediction/GNN/GAT.py[line:232] - INFO: Epoch [196/1000] Train_MAPE: 21.529889% Val_MAPE: 22.871282% | Loss: 21.603863
2025-12-06 18:16:22,352 - /home/kantorkristof/git/neurips-polymer/III_Experiment-Traffic-Prediction/GNN/GAT.py[line:232] - INFO: Epoch [197/1000] Train_MAPE: 21.596739% Val_MAPE: 22.680325% | Loss: 21.224643
2025-12-06 18:16:22,908 - /home/kantorkristof/git/neurips-polymer/III_Experiment-Traffic-Prediction/GNN/GAT.py[line:232] - INFO: Epoch [198/1000] Train_MAPE: 21.632497% Val_MAPE: 23.009666% | Loss: 22.849028
2025-12-06 18:16:23,442 - /home/kantorkristof/git/neurips-polymer/III_Experiment-Traffic-Prediction/GNN/GAT.py[line:232] - INFO: Epoch [199/1000] Train_MAPE: 21.669366% Val_MAPE: 22.915727% | Loss: 21.880791
2025-12-06 18:16:23,962 - /home/kantorkristof/git/neurips-polymer/III_Experiment-Traffic-Prediction/GNN/GAT.py[line:232] - INFO: Epoch [200/1000] Train_MAPE: 21.984386% Val_MAPE: 23.074585% | Loss: 21.718304
2025-12-06 18:16:24,511 - /home/kantorkristof/git/neurips-polymer/III_Experiment-Traffic-Prediction/GNN/GAT.py[line:232] - INFO: Epoch [201/1000] Train_MAPE: 21.605977% Val_MAPE: 22.906977% | Loss: 22.545431
2025-12-06 18:16:25,052 - /home/kantorkristof/git/neurips-polymer/III_Experiment-Traffic-Prediction/GNN/GAT.py[line:232] - INFO: Epoch [202/1000] Train_MAPE: 21.553351% Val_MAPE: 22.600244% | Loss: 21.730469
2025-12-06 18:16:25,596 - /home/kantorkristof/git/neurips-polymer/III_Experiment-Traffic-Prediction/GNN/GAT.py[line:232] - INFO: Epoch [203/1000] Train_MAPE: 21.338547% Val_MAPE: 22.710154% | Loss: 21.360775
2025-12-06 18:16:26,138 - /home/kantorkristof/git/neurips-polymer/III_Experiment-Traffic-Prediction/GNN/GAT.py[line:232] - INFO: Epoch [204/1000] Train_MAPE: 21.362891% Val_MAPE: 22.823972% | Loss: 21.461944
2025-12-06 18:16:26,700 - /home/kantorkristof/git/neurips-polymer/III_Experiment-Traffic-Prediction/GNN/GAT.py[line:232] - INFO: Epoch [205/1000] Train_MAPE: 21.827534% Val_MAPE: 23.239819% | Loss: 22.014253
2025-12-06 18:16:27,247 - /home/kantorkristof/git/neurips-polymer/III_Experiment-Traffic-Prediction/GNN/GAT.py[line:232] - INFO: Epoch [206/1000] Train_MAPE: 21.593931% Val_MAPE: 23.241970% | Loss: 21.569404
2025-12-06 18:16:27,801 - /home/kantorkristof/git/neurips-polymer/III_Experiment-Traffic-Prediction/GNN/GAT.py[line:232] - INFO: Epoch [207/1000] Train_MAPE: 21.486974% Val_MAPE: 23.059824% | Loss: 21.545073
2025-12-06 18:16:28,364 - /home/kantorkristof/git/neurips-polymer/III_Experiment-Traffic-Prediction/GNN/GAT.py[line:232] - INFO: Epoch [208/1000] Train_MAPE: 22.601150% Val_MAPE: 23.767771% | Loss: 21.593174
2025-12-06 18:16:28,945 - /home/kantorkristof/git/neurips-polymer/III_Experiment-Traffic-Prediction/GNN/GAT.py[line:232] - INFO: Epoch [209/1000] Train_MAPE: 21.962590% Val_MAPE: 23.432045% | Loss: 21.531540
2025-12-06 18:16:29,498 - /home/kantorkristof/git/neurips-polymer/III_Experiment-Traffic-Prediction/GNN/GAT.py[line:232] - INFO: Epoch [210/1000] Train_MAPE: 21.564628% Val_MAPE: 23.106296% | Loss: 21.786558
2025-12-06 18:16:30,042 - /home/kantorkristof/git/neurips-polymer/III_Experiment-Traffic-Prediction/GNN/GAT.py[line:232] - INFO: Epoch [211/1000] Train_MAPE: 21.648331% Val_MAPE: 23.098333% | Loss: 21.990692
2025-12-06 18:16:30,584 - /home/kantorkristof/git/neurips-polymer/III_Experiment-Traffic-Prediction/GNN/GAT.py[line:232] - INFO: Epoch [212/1000] Train_MAPE: 22.033183% Val_MAPE: 23.344859% | Loss: 21.211498
2025-12-06 18:16:31,117 - /home/kantorkristof/git/neurips-polymer/III_Experiment-Traffic-Prediction/GNN/GAT.py[line:232] - INFO: Epoch [213/1000] Train_MAPE: 22.166736% Val_MAPE: 23.589262% | Loss: 21.805489
2025-12-06 18:16:31,652 - /home/kantorkristof/git/neurips-polymer/III_Experiment-Traffic-Prediction/GNN/GAT.py[line:232] - INFO: Epoch [214/1000] Train_MAPE: 22.029981% Val_MAPE: 23.530154% | Loss: 21.695773
2025-12-06 18:16:32,214 - /home/kantorkristof/git/neurips-polymer/III_Experiment-Traffic-Prediction/GNN/GAT.py[line:232] - INFO: Epoch [215/1000] Train_MAPE: 22.097287% Val_MAPE: 23.653014% | Loss: 22.046875
2025-12-06 18:16:32,759 - /home/kantorkristof/git/neurips-polymer/III_Experiment-Traffic-Prediction/GNN/GAT.py[line:232] - INFO: Epoch [216/1000] Train_MAPE: 21.821183% Val_MAPE: 23.393758% | Loss: 21.978424
2025-12-06 18:16:33,309 - /home/kantorkristof/git/neurips-polymer/III_Experiment-Traffic-Prediction/GNN/GAT.py[line:232] - INFO: Epoch [217/1000] Train_MAPE: 21.502774% Val_MAPE: 23.162772% | Loss: 21.432499
2025-12-06 18:16:33,846 - /home/kantorkristof/git/neurips-polymer/III_Experiment-Traffic-Prediction/GNN/GAT.py[line:232] - INFO: Epoch [218/1000] Train_MAPE: 21.553229% Val_MAPE: 23.200900% | Loss: 21.609905
2025-12-06 18:16:34,381 - /home/kantorkristof/git/neurips-polymer/III_Experiment-Traffic-Prediction/GNN/GAT.py[line:232] - INFO: Epoch [219/1000] Train_MAPE: 21.456528% Val_MAPE: 23.045411% | Loss: 21.781895
2025-12-06 18:16:34,918 - /home/kantorkristof/git/neurips-polymer/III_Experiment-Traffic-Prediction/GNN/GAT.py[line:232] - INFO: Epoch [220/1000] Train_MAPE: 21.718678% Val_MAPE: 23.028217% | Loss: 21.694771
2025-12-06 18:16:35,454 - /home/kantorkristof/git/neurips-polymer/III_Experiment-Traffic-Prediction/GNN/GAT.py[line:232] - INFO: Epoch [221/1000] Train_MAPE: 21.883669% Val_MAPE: 23.431586% | Loss: 22.425876
2025-12-06 18:16:35,989 - /home/kantorkristof/git/neurips-polymer/III_Experiment-Traffic-Prediction/GNN/GAT.py[line:232] - INFO: Epoch [222/1000] Train_MAPE: 21.447186% Val_MAPE: 23.136694% | Loss: 22.187603
2025-12-06 18:16:36,525 - /home/kantorkristof/git/neurips-polymer/III_Experiment-Traffic-Prediction/GNN/GAT.py[line:232] - INFO: Epoch [223/1000] Train_MAPE: 21.476090% Val_MAPE: 23.071333% | Loss: 21.547005
2025-12-06 18:16:37,061 - /home/kantorkristof/git/neurips-polymer/III_Experiment-Traffic-Prediction/GNN/GAT.py[line:232] - INFO: Epoch [224/1000] Train_MAPE: 21.673593% Val_MAPE: 23.201032% | Loss: 22.184542
2025-12-06 18:16:37,597 - /home/kantorkristof/git/neurips-polymer/III_Experiment-Traffic-Prediction/GNN/GAT.py[line:232] - INFO: Epoch [225/1000] Train_MAPE: 21.895462% Val_MAPE: 23.394224% | Loss: 21.754296
2025-12-06 18:16:38,136 - /home/kantorkristof/git/neurips-polymer/III_Experiment-Traffic-Prediction/GNN/GAT.py[line:232] - INFO: Epoch [226/1000] Train_MAPE: 22.501622% Val_MAPE: 23.849743% | Loss: 23.232372
2025-12-06 18:16:38,680 - /home/kantorkristof/git/neurips-polymer/III_Experiment-Traffic-Prediction/GNN/GAT.py[line:232] - INFO: Epoch [227/1000] Train_MAPE: 21.635329% Val_MAPE: 23.508587% | Loss: 21.335325
2025-12-06 18:16:39,231 - /home/kantorkristof/git/neurips-polymer/III_Experiment-Traffic-Prediction/GNN/GAT.py[line:232] - INFO: Epoch [228/1000] Train_MAPE: 21.663521% Val_MAPE: 23.752659% | Loss: 22.165531
2025-12-06 18:16:39,766 - /home/kantorkristof/git/neurips-polymer/III_Experiment-Traffic-Prediction/GNN/GAT.py[line:232] - INFO: Epoch [229/1000] Train_MAPE: 21.815617% Val_MAPE: 23.334272% | Loss: 22.027484
2025-12-06 18:16:40,295 - /home/kantorkristof/git/neurips-polymer/III_Experiment-Traffic-Prediction/GNN/GAT.py[line:232] - INFO: Epoch [230/1000] Train_MAPE: 22.341127% Val_MAPE: 23.560678% | Loss: 21.129374
2025-12-06 18:16:40,828 - /home/kantorkristof/git/neurips-polymer/III_Experiment-Traffic-Prediction/GNN/GAT.py[line:232] - INFO: Epoch [231/1000] Train_MAPE: 22.763257% Val_MAPE: 24.034140% | Loss: 21.404681
2025-12-06 18:16:41,361 - /home/kantorkristof/git/neurips-polymer/III_Experiment-Traffic-Prediction/GNN/GAT.py[line:232] - INFO: Epoch [232/1000] Train_MAPE: 21.571931% Val_MAPE: 23.314501% | Loss: 20.703530
2025-12-06 18:16:41,953 - /home/kantorkristof/git/neurips-polymer/III_Experiment-Traffic-Prediction/GNN/GAT.py[line:232] - INFO: Epoch [233/1000] Train_MAPE: 21.362384% Val_MAPE: 23.264788% | Loss: 22.185203
2025-12-06 18:16:42,521 - /home/kantorkristof/git/neurips-polymer/III_Experiment-Traffic-Prediction/GNN/GAT.py[line:232] - INFO: Epoch [234/1000] Train_MAPE: 22.094914% Val_MAPE: 23.822343% | Loss: 22.022262
2025-12-06 18:16:43,053 - /home/kantorkristof/git/neurips-polymer/III_Experiment-Traffic-Prediction/GNN/GAT.py[line:232] - INFO: Epoch [235/1000] Train_MAPE: 21.968645% Val_MAPE: 23.914023% | Loss: 20.729698
2025-12-06 18:16:43,594 - /home/kantorkristof/git/neurips-polymer/III_Experiment-Traffic-Prediction/GNN/GAT.py[line:232] - INFO: Epoch [236/1000] Train_MAPE: 22.045627% Val_MAPE: 23.975500% | Loss: 21.448700
2025-12-06 18:16:44,106 - /home/kantorkristof/git/neurips-polymer/III_Experiment-Traffic-Prediction/GNN/GAT.py[line:232] - INFO: Epoch [237/1000] Train_MAPE: 22.204718% Val_MAPE: 24.257327% | Loss: 21.958865
2025-12-06 18:16:44,628 - /home/kantorkristof/git/neurips-polymer/III_Experiment-Traffic-Prediction/GNN/GAT.py[line:232] - INFO: Epoch [238/1000] Train_MAPE: 21.705478% Val_MAPE: 23.707896% | Loss: 21.220157
2025-12-06 18:16:45,172 - /home/kantorkristof/git/neurips-polymer/III_Experiment-Traffic-Prediction/GNN/GAT.py[line:232] - INFO: Epoch [239/1000] Train_MAPE: 22.489523% Val_MAPE: 23.876475% | Loss: 21.355865
2025-12-06 18:16:45,702 - /home/kantorkristof/git/neurips-polymer/III_Experiment-Traffic-Prediction/GNN/GAT.py[line:232] - INFO: Epoch [240/1000] Train_MAPE: 22.282410% Val_MAPE: 23.665876% | Loss: 21.398224
2025-12-06 18:16:46,242 - /home/kantorkristof/git/neurips-polymer/III_Experiment-Traffic-Prediction/GNN/GAT.py[line:232] - INFO: Epoch [241/1000] Train_MAPE: 22.326202% Val_MAPE: 23.954387% | Loss: 21.927561
2025-12-06 18:16:46,770 - /home/kantorkristof/git/neurips-polymer/III_Experiment-Traffic-Prediction/GNN/GAT.py[line:232] - INFO: Epoch [242/1000] Train_MAPE: 22.553025% Val_MAPE: 23.888787% | Loss: 21.818967
2025-12-06 18:16:47,298 - /home/kantorkristof/git/neurips-polymer/III_Experiment-Traffic-Prediction/GNN/GAT.py[line:232] - INFO: Epoch [243/1000] Train_MAPE: 22.389707% Val_MAPE: 24.004773% | Loss: 22.203261
2025-12-06 18:16:47,826 - /home/kantorkristof/git/neurips-polymer/III_Experiment-Traffic-Prediction/GNN/GAT.py[line:232] - INFO: Epoch [244/1000] Train_MAPE: 21.322094% Val_MAPE: 23.143253% | Loss: 21.427773
2025-12-06 18:16:48,347 - /home/kantorkristof/git/neurips-polymer/III_Experiment-Traffic-Prediction/GNN/GAT.py[line:232] - INFO: Epoch [245/1000] Train_MAPE: 21.433690% Val_MAPE: 23.280170% | Loss: 21.195204
2025-12-06 18:16:48,882 - /home/kantorkristof/git/neurips-polymer/III_Experiment-Traffic-Prediction/GNN/GAT.py[line:232] - INFO: Epoch [246/1000] Train_MAPE: 21.606799% Val_MAPE: 23.686127% | Loss: 21.958673
2025-12-06 18:16:49,423 - /home/kantorkristof/git/neurips-polymer/III_Experiment-Traffic-Prediction/GNN/GAT.py[line:232] - INFO: Epoch [247/1000] Train_MAPE: 22.063769% Val_MAPE: 23.907706% | Loss: 21.212272
2025-12-06 18:16:49,952 - /home/kantorkristof/git/neurips-polymer/III_Experiment-Traffic-Prediction/GNN/GAT.py[line:232] - INFO: Epoch [248/1000] Train_MAPE: 21.314200% Val_MAPE: 23.325135% | Loss: 20.958014
2025-12-06 18:16:50,484 - /home/kantorkristof/git/neurips-polymer/III_Experiment-Traffic-Prediction/GNN/GAT.py[line:232] - INFO: Epoch [249/1000] Train_MAPE: 21.505105% Val_MAPE: 23.309231% | Loss: 21.140543
2025-12-06 18:16:51,009 - /home/kantorkristof/git/neurips-polymer/III_Experiment-Traffic-Prediction/GNN/GAT.py[line:232] - INFO: Epoch [250/1000] Train_MAPE: 21.850772% Val_MAPE: 23.547777% | Loss: 22.353257
2025-12-06 18:16:51,526 - /home/kantorkristof/git/neurips-polymer/III_Experiment-Traffic-Prediction/GNN/GAT.py[line:232] - INFO: Epoch [251/1000] Train_MAPE: 21.295906% Val_MAPE: 23.347325% | Loss: 21.640463
2025-12-06 18:16:52,077 - /home/kantorkristof/git/neurips-polymer/III_Experiment-Traffic-Prediction/GNN/GAT.py[line:232] - INFO: Epoch [252/1000] Train_MAPE: 22.418496% Val_MAPE: 24.261615% | Loss: 21.747111
2025-12-06 18:16:52,637 - /home/kantorkristof/git/neurips-polymer/III_Experiment-Traffic-Prediction/GNN/GAT.py[line:232] - INFO: Epoch [253/1000] Train_MAPE: 22.627704% Val_MAPE: 24.435573% | Loss: 21.863165
2025-12-06 18:16:53,200 - /home/kantorkristof/git/neurips-polymer/III_Experiment-Traffic-Prediction/GNN/GAT.py[line:232] - INFO: Epoch [254/1000] Train_MAPE: 22.153361% Val_MAPE: 23.880777% | Loss: 21.510206
2025-12-06 18:16:53,738 - /home/kantorkristof/git/neurips-polymer/III_Experiment-Traffic-Prediction/GNN/GAT.py[line:232] - INFO: Epoch [255/1000] Train_MAPE: 21.233931% Val_MAPE: 23.493076% | Loss: 21.234343
2025-12-06 18:16:54,296 - /home/kantorkristof/git/neurips-polymer/III_Experiment-Traffic-Prediction/GNN/GAT.py[line:232] - INFO: Epoch [256/1000] Train_MAPE: 21.558122% Val_MAPE: 23.662526% | Loss: 21.892854
2025-12-06 18:16:54,852 - /home/kantorkristof/git/neurips-polymer/III_Experiment-Traffic-Prediction/GNN/GAT.py[line:232] - INFO: Epoch [257/1000] Train_MAPE: 22.516169% Val_MAPE: 23.888124% | Loss: 22.317394
2025-12-06 18:16:55,398 - /home/kantorkristof/git/neurips-polymer/III_Experiment-Traffic-Prediction/GNN/GAT.py[line:232] - INFO: Epoch [258/1000] Train_MAPE: 21.449902% Val_MAPE: 22.811405% | Loss: 22.157954
2025-12-06 18:16:55,936 - /home/kantorkristof/git/neurips-polymer/III_Experiment-Traffic-Prediction/GNN/GAT.py[line:232] - INFO: Epoch [259/1000] Train_MAPE: 21.352414% Val_MAPE: 22.928761% | Loss: 21.707842
2025-12-06 18:16:56,475 - /home/kantorkristof/git/neurips-polymer/III_Experiment-Traffic-Prediction/GNN/GAT.py[line:232] - INFO: Epoch [260/1000] Train_MAPE: 21.648517% Val_MAPE: 23.337576% | Loss: 21.357390
2025-12-06 18:16:57,007 - /home/kantorkristof/git/neurips-polymer/III_Experiment-Traffic-Prediction/GNN/GAT.py[line:232] - INFO: Epoch [261/1000] Train_MAPE: 21.452391% Val_MAPE: 23.200288% | Loss: 21.034383
2025-12-06 18:16:57,548 - /home/kantorkristof/git/neurips-polymer/III_Experiment-Traffic-Prediction/GNN/GAT.py[line:232] - INFO: Epoch [262/1000] Train_MAPE: 21.868249% Val_MAPE: 23.359691% | Loss: 21.275922
2025-12-06 18:16:58,122 - /home/kantorkristof/git/neurips-polymer/III_Experiment-Traffic-Prediction/GNN/GAT.py[line:232] - INFO: Epoch [263/1000] Train_MAPE: 21.571930% Val_MAPE: 23.239939% | Loss: 22.082023
2025-12-06 18:16:58,647 - /home/kantorkristof/git/neurips-polymer/III_Experiment-Traffic-Prediction/GNN/GAT.py[line:232] - INFO: Epoch [264/1000] Train_MAPE: 21.992086% Val_MAPE: 23.843893% | Loss: 21.573874
2025-12-06 18:16:59,183 - /home/kantorkristof/git/neurips-polymer/III_Experiment-Traffic-Prediction/GNN/GAT.py[line:232] - INFO: Epoch [265/1000] Train_MAPE: 21.624095% Val_MAPE: 23.899061% | Loss: 21.332418
2025-12-06 18:16:59,712 - /home/kantorkristof/git/neurips-polymer/III_Experiment-Traffic-Prediction/GNN/GAT.py[line:232] - INFO: Epoch [266/1000] Train_MAPE: 22.008907% Val_MAPE: 23.758679% | Loss: 21.316995
2025-12-06 18:17:00,230 - /home/kantorkristof/git/neurips-polymer/III_Experiment-Traffic-Prediction/GNN/GAT.py[line:232] - INFO: Epoch [267/1000] Train_MAPE: 21.980592% Val_MAPE: 23.816902% | Loss: 21.935149
2025-12-06 18:17:00,752 - /home/kantorkristof/git/neurips-polymer/III_Experiment-Traffic-Prediction/GNN/GAT.py[line:232] - INFO: Epoch [268/1000] Train_MAPE: 21.674033% Val_MAPE: 23.643594% | Loss: 21.672799
2025-12-06 18:17:01,271 - /home/kantorkristof/git/neurips-polymer/III_Experiment-Traffic-Prediction/GNN/GAT.py[line:232] - INFO: Epoch [269/1000] Train_MAPE: 22.223704% Val_MAPE: 24.037823% | Loss: 21.336739
2025-12-06 18:17:01,797 - /home/kantorkristof/git/neurips-polymer/III_Experiment-Traffic-Prediction/GNN/GAT.py[line:232] - INFO: Epoch [270/1000] Train_MAPE: 22.252526% Val_MAPE: 24.300920% | Loss: 21.769279
2025-12-06 18:17:02,322 - /home/kantorkristof/git/neurips-polymer/III_Experiment-Traffic-Prediction/GNN/GAT.py[line:232] - INFO: Epoch [271/1000] Train_MAPE: 21.406031% Val_MAPE: 23.772025% | Loss: 21.840607
2025-12-06 18:17:02,849 - /home/kantorkristof/git/neurips-polymer/III_Experiment-Traffic-Prediction/GNN/GAT.py[line:232] - INFO: Epoch [272/1000] Train_MAPE: 21.450374% Val_MAPE: 23.746336% | Loss: 21.337547
2025-12-06 18:17:03,382 - /home/kantorkristof/git/neurips-polymer/III_Experiment-Traffic-Prediction/GNN/GAT.py[line:232] - INFO: Epoch [273/1000] Train_MAPE: 22.719095% Val_MAPE: 24.550546% | Loss: 22.005699
2025-12-06 18:17:03,907 - /home/kantorkristof/git/neurips-polymer/III_Experiment-Traffic-Prediction/GNN/GAT.py[line:232] - INFO: Epoch [274/1000] Train_MAPE: 23.225779% Val_MAPE: 25.084183% | Loss: 22.126313
2025-12-06 18:17:04,439 - /home/kantorkristof/git/neurips-polymer/III_Experiment-Traffic-Prediction/GNN/GAT.py[line:232] - INFO: Epoch [275/1000] Train_MAPE: 22.223040% Val_MAPE: 24.621728% | Loss: 21.335716
2025-12-06 18:17:04,968 - /home/kantorkristof/git/neurips-polymer/III_Experiment-Traffic-Prediction/GNN/GAT.py[line:232] - INFO: Epoch [276/1000] Train_MAPE: 21.920207% Val_MAPE: 24.379810% | Loss: 21.830497
2025-12-06 18:17:05,507 - /home/kantorkristof/git/neurips-polymer/III_Experiment-Traffic-Prediction/GNN/GAT.py[line:232] - INFO: Epoch [277/1000] Train_MAPE: 21.797264% Val_MAPE: 23.987844% | Loss: 21.591502
2025-12-06 18:17:06,050 - /home/kantorkristof/git/neurips-polymer/III_Experiment-Traffic-Prediction/GNN/GAT.py[line:232] - INFO: Epoch [278/1000] Train_MAPE: 21.622276% Val_MAPE: 23.423072% | Loss: 21.280131
2025-12-06 18:17:06,589 - /home/kantorkristof/git/neurips-polymer/III_Experiment-Traffic-Prediction/GNN/GAT.py[line:232] - INFO: Epoch [279/1000] Train_MAPE: 21.468914% Val_MAPE: 23.337261% | Loss: 20.585742
2025-12-06 18:17:07,153 - /home/kantorkristof/git/neurips-polymer/III_Experiment-Traffic-Prediction/GNN/GAT.py[line:232] - INFO: Epoch [280/1000] Train_MAPE: 21.405383% Val_MAPE: 23.324062% | Loss: 21.173724
2025-12-06 18:17:07,702 - /home/kantorkristof/git/neurips-polymer/III_Experiment-Traffic-Prediction/GNN/GAT.py[line:232] - INFO: Epoch [281/1000] Train_MAPE: 22.119410% Val_MAPE: 23.700367% | Loss: 21.122389
2025-12-06 18:17:08,280 - /home/kantorkristof/git/neurips-polymer/III_Experiment-Traffic-Prediction/GNN/GAT.py[line:232] - INFO: Epoch [282/1000] Train_MAPE: 21.681475% Val_MAPE: 23.438198% | Loss: 21.415863
2025-12-06 18:17:08,828 - /home/kantorkristof/git/neurips-polymer/III_Experiment-Traffic-Prediction/GNN/GAT.py[line:232] - INFO: Epoch [283/1000] Train_MAPE: 22.113131% Val_MAPE: 23.771124% | Loss: 20.714041
2025-12-06 18:17:09,399 - /home/kantorkristof/git/neurips-polymer/III_Experiment-Traffic-Prediction/GNN/GAT.py[line:232] - INFO: Epoch [284/1000] Train_MAPE: 22.829618% Val_MAPE: 24.222663% | Loss: 21.689778
2025-12-06 18:17:09,955 - /home/kantorkristof/git/neurips-polymer/III_Experiment-Traffic-Prediction/GNN/GAT.py[line:232] - INFO: Epoch [285/1000] Train_MAPE: 22.329594% Val_MAPE: 24.329851% | Loss: 21.230499
2025-12-06 18:17:10,494 - /home/kantorkristof/git/neurips-polymer/III_Experiment-Traffic-Prediction/GNN/GAT.py[line:232] - INFO: Epoch [286/1000] Train_MAPE: 21.687576% Val_MAPE: 23.921162% | Loss: 21.579021
2025-12-06 18:17:10,494 - /home/kantorkristof/git/neurips-polymer/III_Experiment-Traffic-Prediction/GNN/GAT.py[line:252] - INFO: Early Stopping
2025-12-06 18:17:10,822 - /home/kantorkristof/git/neurips-polymer/III_Experiment-Traffic-Prediction/GNN/GAT.py[line:264] - INFO: Best model Accuracy for Avg_Travel_Time_10_km_CC, seed 42:
2025-12-06 18:17:10,822 - /home/kantorkristof/git/neurips-polymer/III_Experiment-Traffic-Prediction/GNN/GAT.py[line:265] - INFO:   Train MAPE: 21.522407%
2025-12-06 18:17:10,822 - /home/kantorkristof/git/neurips-polymer/III_Experiment-Traffic-Prediction/GNN/GAT.py[line:266] - INFO:   Val MAPE:   22.362336%
2025-12-06 18:17:10,822 - /home/kantorkristof/git/neurips-polymer/III_Experiment-Traffic-Prediction/GNN/GAT.py[line:267] - INFO:   Test MAPE:  22.595994%
2025-12-06 18:17:10,822 - /home/kantorkristof/git/neurips-polymer/III_Experiment-Traffic-Prediction/GNN/GAT.py[line:283] - INFO: 
=== Results for attribute Avg_Travel_Time_10_km_CC (MAPE) ===
2025-12-06 18:17:10,822 - /home/kantorkristof/git/neurips-polymer/III_Experiment-Traffic-Prediction/GNN/GAT.py[line:289] - INFO: Train MAPE: 21.522408% Val MAPE: 22.362337% Test MAPE: 22.595993%
