2025-12-05 16:57:05,359 - /home/kantorkristof/git/neurips-polymer/II_Experiment-Molecule/GNN/GAT.py[line:174] - INFO: 
Model training started for property: Density
2025-12-05 16:57:05,360 - /home/kantorkristof/git/neurips-polymer/II_Experiment-Molecule/GNN/GAT.py[line:85] - INFO: 
+------------+--------------+
| Parameter  | Value        |
+------------+--------------+
| cuda       | 5            |
+------------+--------------+
| datadir    | data/NeurIPS |
+------------+--------------+
| epoch      | 1000         |
+------------+--------------+
| seed       | [42]         |
+------------+--------------+
| channels   | 64           |
+------------+--------------+
| heads      | 1            |
+------------+--------------+
| pretrain   | 0            |
+------------+--------------+
| batch_size | 32           |
+------------+--------------+
| net_lr     | 0.001        |
+------------+--------------+
2025-12-05 16:57:05,360 - /home/kantorkristof/git/neurips-polymer/II_Experiment-Molecule/GNN/GAT.py[line:179] - INFO: --- Starting training for Density with seed 42 ---
2025-12-05 16:57:05,504 - /home/kantorkristof/git/neurips-polymer/II_Experiment-Molecule/GNN/GAT.py[line:234] - INFO: Epoch [1/1000] Train_MSE: 0.552779 Val_MSE: 0.560010 | Loss: 0.664231
2025-12-05 16:57:05,507 - /home/kantorkristof/git/neurips-polymer/II_Experiment-Molecule/GNN/GAT.py[line:244] - INFO: Best model saved at epoch 1 with val_mse 0.560010
2025-12-05 16:57:05,651 - /home/kantorkristof/git/neurips-polymer/II_Experiment-Molecule/GNN/GAT.py[line:234] - INFO: Epoch [2/1000] Train_MSE: 0.030703 Val_MSE: 0.030232 | Loss: 0.094319
2025-12-05 16:57:05,653 - /home/kantorkristof/git/neurips-polymer/II_Experiment-Molecule/GNN/GAT.py[line:244] - INFO: Best model saved at epoch 2 with val_mse 0.030232
2025-12-05 16:57:05,796 - /home/kantorkristof/git/neurips-polymer/II_Experiment-Molecule/GNN/GAT.py[line:234] - INFO: Epoch [3/1000] Train_MSE: 0.051257 Val_MSE: 0.053419 | Loss: 0.032284
2025-12-05 16:57:05,947 - /home/kantorkristof/git/neurips-polymer/II_Experiment-Molecule/GNN/GAT.py[line:234] - INFO: Epoch [4/1000] Train_MSE: 0.027828 Val_MSE: 0.031267 | Loss: 0.021643
2025-12-05 16:57:06,103 - /home/kantorkristof/git/neurips-polymer/II_Experiment-Molecule/GNN/GAT.py[line:234] - INFO: Epoch [5/1000] Train_MSE: 0.033212 Val_MSE: 0.037864 | Loss: 0.016255
2025-12-05 16:57:06,245 - /home/kantorkristof/git/neurips-polymer/II_Experiment-Molecule/GNN/GAT.py[line:234] - INFO: Epoch [6/1000] Train_MSE: 0.032786 Val_MSE: 0.034160 | Loss: 0.013799
2025-12-05 16:57:06,382 - /home/kantorkristof/git/neurips-polymer/II_Experiment-Molecule/GNN/GAT.py[line:234] - INFO: Epoch [7/1000] Train_MSE: 0.024380 Val_MSE: 0.024717 | Loss: 0.013606
2025-12-05 16:57:06,385 - /home/kantorkristof/git/neurips-polymer/II_Experiment-Molecule/GNN/GAT.py[line:244] - INFO: Best model saved at epoch 7 with val_mse 0.024717
2025-12-05 16:57:06,520 - /home/kantorkristof/git/neurips-polymer/II_Experiment-Molecule/GNN/GAT.py[line:234] - INFO: Epoch [8/1000] Train_MSE: 0.009616 Val_MSE: 0.009669 | Loss: 0.013806
2025-12-05 16:57:06,522 - /home/kantorkristof/git/neurips-polymer/II_Experiment-Molecule/GNN/GAT.py[line:244] - INFO: Best model saved at epoch 8 with val_mse 0.009669
2025-12-05 16:57:06,674 - /home/kantorkristof/git/neurips-polymer/II_Experiment-Molecule/GNN/GAT.py[line:234] - INFO: Epoch [9/1000] Train_MSE: 0.014904 Val_MSE: 0.016156 | Loss: 0.012172
2025-12-05 16:57:06,814 - /home/kantorkristof/git/neurips-polymer/II_Experiment-Molecule/GNN/GAT.py[line:234] - INFO: Epoch [10/1000] Train_MSE: 0.014535 Val_MSE: 0.015179 | Loss: 0.013038
2025-12-05 16:57:06,952 - /home/kantorkristof/git/neurips-polymer/II_Experiment-Molecule/GNN/GAT.py[line:234] - INFO: Epoch [11/1000] Train_MSE: 0.011557 Val_MSE: 0.012861 | Loss: 0.011682
2025-12-05 16:57:07,092 - /home/kantorkristof/git/neurips-polymer/II_Experiment-Molecule/GNN/GAT.py[line:234] - INFO: Epoch [12/1000] Train_MSE: 0.012137 Val_MSE: 0.012611 | Loss: 0.011922
2025-12-05 16:57:07,221 - /home/kantorkristof/git/neurips-polymer/II_Experiment-Molecule/GNN/GAT.py[line:234] - INFO: Epoch [13/1000] Train_MSE: 0.008262 Val_MSE: 0.008060 | Loss: 0.010093
2025-12-05 16:57:07,223 - /home/kantorkristof/git/neurips-polymer/II_Experiment-Molecule/GNN/GAT.py[line:244] - INFO: Best model saved at epoch 13 with val_mse 0.008060
2025-12-05 16:57:07,356 - /home/kantorkristof/git/neurips-polymer/II_Experiment-Molecule/GNN/GAT.py[line:234] - INFO: Epoch [14/1000] Train_MSE: 0.013729 Val_MSE: 0.014067 | Loss: 0.012991
2025-12-05 16:57:07,493 - /home/kantorkristof/git/neurips-polymer/II_Experiment-Molecule/GNN/GAT.py[line:234] - INFO: Epoch [15/1000] Train_MSE: 0.009716 Val_MSE: 0.009560 | Loss: 0.010867
2025-12-05 16:57:07,628 - /home/kantorkristof/git/neurips-polymer/II_Experiment-Molecule/GNN/GAT.py[line:234] - INFO: Epoch [16/1000] Train_MSE: 0.009271 Val_MSE: 0.009472 | Loss: 0.010728
2025-12-05 16:57:07,762 - /home/kantorkristof/git/neurips-polymer/II_Experiment-Molecule/GNN/GAT.py[line:234] - INFO: Epoch [17/1000] Train_MSE: 0.017684 Val_MSE: 0.018562 | Loss: 0.013914
2025-12-05 16:57:07,897 - /home/kantorkristof/git/neurips-polymer/II_Experiment-Molecule/GNN/GAT.py[line:234] - INFO: Epoch [18/1000] Train_MSE: 0.011998 Val_MSE: 0.011355 | Loss: 0.011974
2025-12-05 16:57:08,031 - /home/kantorkristof/git/neurips-polymer/II_Experiment-Molecule/GNN/GAT.py[line:234] - INFO: Epoch [19/1000] Train_MSE: 0.013329 Val_MSE: 0.012982 | Loss: 0.010254
2025-12-05 16:57:08,168 - /home/kantorkristof/git/neurips-polymer/II_Experiment-Molecule/GNN/GAT.py[line:234] - INFO: Epoch [20/1000] Train_MSE: 0.012984 Val_MSE: 0.013762 | Loss: 0.013555
2025-12-05 16:57:08,315 - /home/kantorkristof/git/neurips-polymer/II_Experiment-Molecule/GNN/GAT.py[line:234] - INFO: Epoch [21/1000] Train_MSE: 0.017000 Val_MSE: 0.018127 | Loss: 0.010770
2025-12-05 16:57:08,455 - /home/kantorkristof/git/neurips-polymer/II_Experiment-Molecule/GNN/GAT.py[line:234] - INFO: Epoch [22/1000] Train_MSE: 0.011328 Val_MSE: 0.012512 | Loss: 0.012246
2025-12-05 16:57:08,583 - /home/kantorkristof/git/neurips-polymer/II_Experiment-Molecule/GNN/GAT.py[line:234] - INFO: Epoch [23/1000] Train_MSE: 0.008903 Val_MSE: 0.009943 | Loss: 0.009998
2025-12-05 16:57:08,721 - /home/kantorkristof/git/neurips-polymer/II_Experiment-Molecule/GNN/GAT.py[line:234] - INFO: Epoch [24/1000] Train_MSE: 0.007831 Val_MSE: 0.008091 | Loss: 0.011895
2025-12-05 16:57:08,849 - /home/kantorkristof/git/neurips-polymer/II_Experiment-Molecule/GNN/GAT.py[line:234] - INFO: Epoch [25/1000] Train_MSE: 0.010613 Val_MSE: 0.010735 | Loss: 0.011592
2025-12-05 16:57:08,972 - /home/kantorkristof/git/neurips-polymer/II_Experiment-Molecule/GNN/GAT.py[line:234] - INFO: Epoch [26/1000] Train_MSE: 0.009142 Val_MSE: 0.009353 | Loss: 0.013243
2025-12-05 16:57:09,095 - /home/kantorkristof/git/neurips-polymer/II_Experiment-Molecule/GNN/GAT.py[line:234] - INFO: Epoch [27/1000] Train_MSE: 0.011562 Val_MSE: 0.011662 | Loss: 0.011289
2025-12-05 16:57:09,223 - /home/kantorkristof/git/neurips-polymer/II_Experiment-Molecule/GNN/GAT.py[line:234] - INFO: Epoch [28/1000] Train_MSE: 0.013330 Val_MSE: 0.014956 | Loss: 0.011437
2025-12-05 16:57:09,365 - /home/kantorkristof/git/neurips-polymer/II_Experiment-Molecule/GNN/GAT.py[line:234] - INFO: Epoch [29/1000] Train_MSE: 0.007923 Val_MSE: 0.009073 | Loss: 0.010265
2025-12-05 16:57:09,499 - /home/kantorkristof/git/neurips-polymer/II_Experiment-Molecule/GNN/GAT.py[line:234] - INFO: Epoch [30/1000] Train_MSE: 0.007919 Val_MSE: 0.008422 | Loss: 0.009172
2025-12-05 16:57:09,631 - /home/kantorkristof/git/neurips-polymer/II_Experiment-Molecule/GNN/GAT.py[line:234] - INFO: Epoch [31/1000] Train_MSE: 0.007731 Val_MSE: 0.007963 | Loss: 0.010352
2025-12-05 16:57:09,634 - /home/kantorkristof/git/neurips-polymer/II_Experiment-Molecule/GNN/GAT.py[line:244] - INFO: Best model saved at epoch 31 with val_mse 0.007963
2025-12-05 16:57:09,767 - /home/kantorkristof/git/neurips-polymer/II_Experiment-Molecule/GNN/GAT.py[line:234] - INFO: Epoch [32/1000] Train_MSE: 0.009442 Val_MSE: 0.010014 | Loss: 0.008839
2025-12-05 16:57:09,900 - /home/kantorkristof/git/neurips-polymer/II_Experiment-Molecule/GNN/GAT.py[line:234] - INFO: Epoch [33/1000] Train_MSE: 0.008568 Val_MSE: 0.008836 | Loss: 0.009235
2025-12-05 16:57:10,031 - /home/kantorkristof/git/neurips-polymer/II_Experiment-Molecule/GNN/GAT.py[line:234] - INFO: Epoch [34/1000] Train_MSE: 0.017347 Val_MSE: 0.017961 | Loss: 0.009930
2025-12-05 16:57:10,167 - /home/kantorkristof/git/neurips-polymer/II_Experiment-Molecule/GNN/GAT.py[line:234] - INFO: Epoch [35/1000] Train_MSE: 0.007896 Val_MSE: 0.007792 | Loss: 0.008597
2025-12-05 16:57:10,169 - /home/kantorkristof/git/neurips-polymer/II_Experiment-Molecule/GNN/GAT.py[line:244] - INFO: Best model saved at epoch 35 with val_mse 0.007792
2025-12-05 16:57:10,301 - /home/kantorkristof/git/neurips-polymer/II_Experiment-Molecule/GNN/GAT.py[line:234] - INFO: Epoch [36/1000] Train_MSE: 0.013837 Val_MSE: 0.013925 | Loss: 0.008975
2025-12-05 16:57:10,436 - /home/kantorkristof/git/neurips-polymer/II_Experiment-Molecule/GNN/GAT.py[line:234] - INFO: Epoch [37/1000] Train_MSE: 0.012792 Val_MSE: 0.013207 | Loss: 0.009813
2025-12-05 16:57:10,566 - /home/kantorkristof/git/neurips-polymer/II_Experiment-Molecule/GNN/GAT.py[line:234] - INFO: Epoch [38/1000] Train_MSE: 0.006920 Val_MSE: 0.007149 | Loss: 0.009805
2025-12-05 16:57:10,569 - /home/kantorkristof/git/neurips-polymer/II_Experiment-Molecule/GNN/GAT.py[line:244] - INFO: Best model saved at epoch 38 with val_mse 0.007149
2025-12-05 16:57:10,704 - /home/kantorkristof/git/neurips-polymer/II_Experiment-Molecule/GNN/GAT.py[line:234] - INFO: Epoch [39/1000] Train_MSE: 0.010551 Val_MSE: 0.011002 | Loss: 0.010174
2025-12-05 16:57:10,836 - /home/kantorkristof/git/neurips-polymer/II_Experiment-Molecule/GNN/GAT.py[line:234] - INFO: Epoch [40/1000] Train_MSE: 0.011296 Val_MSE: 0.012219 | Loss: 0.009087
2025-12-05 16:57:10,967 - /home/kantorkristof/git/neurips-polymer/II_Experiment-Molecule/GNN/GAT.py[line:234] - INFO: Epoch [41/1000] Train_MSE: 0.013268 Val_MSE: 0.014098 | Loss: 0.009287
2025-12-05 16:57:11,100 - /home/kantorkristof/git/neurips-polymer/II_Experiment-Molecule/GNN/GAT.py[line:234] - INFO: Epoch [42/1000] Train_MSE: 0.009267 Val_MSE: 0.009762 | Loss: 0.008556
2025-12-05 16:57:11,239 - /home/kantorkristof/git/neurips-polymer/II_Experiment-Molecule/GNN/GAT.py[line:234] - INFO: Epoch [43/1000] Train_MSE: 0.007009 Val_MSE: 0.007159 | Loss: 0.009943
2025-12-05 16:57:11,371 - /home/kantorkristof/git/neurips-polymer/II_Experiment-Molecule/GNN/GAT.py[line:234] - INFO: Epoch [44/1000] Train_MSE: 0.016759 Val_MSE: 0.017998 | Loss: 0.008511
2025-12-05 16:57:11,506 - /home/kantorkristof/git/neurips-polymer/II_Experiment-Molecule/GNN/GAT.py[line:234] - INFO: Epoch [45/1000] Train_MSE: 0.010486 Val_MSE: 0.010146 | Loss: 0.009709
2025-12-05 16:57:11,641 - /home/kantorkristof/git/neurips-polymer/II_Experiment-Molecule/GNN/GAT.py[line:234] - INFO: Epoch [46/1000] Train_MSE: 0.010804 Val_MSE: 0.010898 | Loss: 0.009253
2025-12-05 16:57:11,775 - /home/kantorkristof/git/neurips-polymer/II_Experiment-Molecule/GNN/GAT.py[line:234] - INFO: Epoch [47/1000] Train_MSE: 0.010609 Val_MSE: 0.011192 | Loss: 0.009229
2025-12-05 16:57:11,911 - /home/kantorkristof/git/neurips-polymer/II_Experiment-Molecule/GNN/GAT.py[line:234] - INFO: Epoch [48/1000] Train_MSE: 0.009529 Val_MSE: 0.009764 | Loss: 0.008157
2025-12-05 16:57:12,043 - /home/kantorkristof/git/neurips-polymer/II_Experiment-Molecule/GNN/GAT.py[line:234] - INFO: Epoch [49/1000] Train_MSE: 0.014610 Val_MSE: 0.014941 | Loss: 0.010919
2025-12-05 16:57:12,176 - /home/kantorkristof/git/neurips-polymer/II_Experiment-Molecule/GNN/GAT.py[line:234] - INFO: Epoch [50/1000] Train_MSE: 0.011092 Val_MSE: 0.011390 | Loss: 0.009055
2025-12-05 16:57:12,310 - /home/kantorkristof/git/neurips-polymer/II_Experiment-Molecule/GNN/GAT.py[line:234] - INFO: Epoch [51/1000] Train_MSE: 0.008940 Val_MSE: 0.008700 | Loss: 0.009698
2025-12-05 16:57:12,444 - /home/kantorkristof/git/neurips-polymer/II_Experiment-Molecule/GNN/GAT.py[line:234] - INFO: Epoch [52/1000] Train_MSE: 0.008354 Val_MSE: 0.008366 | Loss: 0.009554
2025-12-05 16:57:12,593 - /home/kantorkristof/git/neurips-polymer/II_Experiment-Molecule/GNN/GAT.py[line:234] - INFO: Epoch [53/1000] Train_MSE: 0.011321 Val_MSE: 0.011720 | Loss: 0.009468
2025-12-05 16:57:12,729 - /home/kantorkristof/git/neurips-polymer/II_Experiment-Molecule/GNN/GAT.py[line:234] - INFO: Epoch [54/1000] Train_MSE: 0.009133 Val_MSE: 0.009758 | Loss: 0.009429
2025-12-05 16:57:12,863 - /home/kantorkristof/git/neurips-polymer/II_Experiment-Molecule/GNN/GAT.py[line:234] - INFO: Epoch [55/1000] Train_MSE: 0.011571 Val_MSE: 0.011623 | Loss: 0.009873
2025-12-05 16:57:13,011 - /home/kantorkristof/git/neurips-polymer/II_Experiment-Molecule/GNN/GAT.py[line:234] - INFO: Epoch [56/1000] Train_MSE: 0.010752 Val_MSE: 0.010448 | Loss: 0.009479
2025-12-05 16:57:13,137 - /home/kantorkristof/git/neurips-polymer/II_Experiment-Molecule/GNN/GAT.py[line:234] - INFO: Epoch [57/1000] Train_MSE: 0.009344 Val_MSE: 0.010366 | Loss: 0.007894
2025-12-05 16:57:13,265 - /home/kantorkristof/git/neurips-polymer/II_Experiment-Molecule/GNN/GAT.py[line:234] - INFO: Epoch [58/1000] Train_MSE: 0.008703 Val_MSE: 0.009205 | Loss: 0.009769
2025-12-05 16:57:13,406 - /home/kantorkristof/git/neurips-polymer/II_Experiment-Molecule/GNN/GAT.py[line:234] - INFO: Epoch [59/1000] Train_MSE: 0.006989 Val_MSE: 0.007454 | Loss: 0.008969
2025-12-05 16:57:13,545 - /home/kantorkristof/git/neurips-polymer/II_Experiment-Molecule/GNN/GAT.py[line:234] - INFO: Epoch [60/1000] Train_MSE: 0.007393 Val_MSE: 0.008270 | Loss: 0.009647
2025-12-05 16:57:13,678 - /home/kantorkristof/git/neurips-polymer/II_Experiment-Molecule/GNN/GAT.py[line:234] - INFO: Epoch [61/1000] Train_MSE: 0.008142 Val_MSE: 0.008832 | Loss: 0.009389
2025-12-05 16:57:13,810 - /home/kantorkristof/git/neurips-polymer/II_Experiment-Molecule/GNN/GAT.py[line:234] - INFO: Epoch [62/1000] Train_MSE: 0.011394 Val_MSE: 0.012097 | Loss: 0.010509
2025-12-05 16:57:13,935 - /home/kantorkristof/git/neurips-polymer/II_Experiment-Molecule/GNN/GAT.py[line:234] - INFO: Epoch [63/1000] Train_MSE: 0.007002 Val_MSE: 0.007317 | Loss: 0.009103
2025-12-05 16:57:14,071 - /home/kantorkristof/git/neurips-polymer/II_Experiment-Molecule/GNN/GAT.py[line:234] - INFO: Epoch [64/1000] Train_MSE: 0.008790 Val_MSE: 0.009687 | Loss: 0.008627
2025-12-05 16:57:14,204 - /home/kantorkristof/git/neurips-polymer/II_Experiment-Molecule/GNN/GAT.py[line:234] - INFO: Epoch [65/1000] Train_MSE: 0.007176 Val_MSE: 0.007772 | Loss: 0.008416
2025-12-05 16:57:14,338 - /home/kantorkristof/git/neurips-polymer/II_Experiment-Molecule/GNN/GAT.py[line:234] - INFO: Epoch [66/1000] Train_MSE: 0.005634 Val_MSE: 0.005631 | Loss: 0.009356
2025-12-05 16:57:14,340 - /home/kantorkristof/git/neurips-polymer/II_Experiment-Molecule/GNN/GAT.py[line:244] - INFO: Best model saved at epoch 66 with val_mse 0.005631
2025-12-05 16:57:14,474 - /home/kantorkristof/git/neurips-polymer/II_Experiment-Molecule/GNN/GAT.py[line:234] - INFO: Epoch [67/1000] Train_MSE: 0.006818 Val_MSE: 0.007128 | Loss: 0.009070
2025-12-05 16:57:14,616 - /home/kantorkristof/git/neurips-polymer/II_Experiment-Molecule/GNN/GAT.py[line:234] - INFO: Epoch [68/1000] Train_MSE: 0.011314 Val_MSE: 0.011642 | Loss: 0.009005
2025-12-05 16:57:14,751 - /home/kantorkristof/git/neurips-polymer/II_Experiment-Molecule/GNN/GAT.py[line:234] - INFO: Epoch [69/1000] Train_MSE: 0.019205 Val_MSE: 0.018911 | Loss: 0.008370
2025-12-05 16:57:14,887 - /home/kantorkristof/git/neurips-polymer/II_Experiment-Molecule/GNN/GAT.py[line:234] - INFO: Epoch [70/1000] Train_MSE: 0.014596 Val_MSE: 0.015037 | Loss: 0.008200
2025-12-05 16:57:15,035 - /home/kantorkristof/git/neurips-polymer/II_Experiment-Molecule/GNN/GAT.py[line:234] - INFO: Epoch [71/1000] Train_MSE: 0.006589 Val_MSE: 0.007153 | Loss: 0.009858
2025-12-05 16:57:15,156 - /home/kantorkristof/git/neurips-polymer/II_Experiment-Molecule/GNN/GAT.py[line:234] - INFO: Epoch [72/1000] Train_MSE: 0.009081 Val_MSE: 0.009535 | Loss: 0.011801
2025-12-05 16:57:15,285 - /home/kantorkristof/git/neurips-polymer/II_Experiment-Molecule/GNN/GAT.py[line:234] - INFO: Epoch [73/1000] Train_MSE: 0.007559 Val_MSE: 0.007933 | Loss: 0.012549
2025-12-05 16:57:15,410 - /home/kantorkristof/git/neurips-polymer/II_Experiment-Molecule/GNN/GAT.py[line:234] - INFO: Epoch [74/1000] Train_MSE: 0.009251 Val_MSE: 0.010156 | Loss: 0.009081
2025-12-05 16:57:15,528 - /home/kantorkristof/git/neurips-polymer/II_Experiment-Molecule/GNN/GAT.py[line:234] - INFO: Epoch [75/1000] Train_MSE: 0.011017 Val_MSE: 0.011151 | Loss: 0.009401
2025-12-05 16:57:15,653 - /home/kantorkristof/git/neurips-polymer/II_Experiment-Molecule/GNN/GAT.py[line:234] - INFO: Epoch [76/1000] Train_MSE: 0.008869 Val_MSE: 0.008660 | Loss: 0.008775
2025-12-05 16:57:15,790 - /home/kantorkristof/git/neurips-polymer/II_Experiment-Molecule/GNN/GAT.py[line:234] - INFO: Epoch [77/1000] Train_MSE: 0.010138 Val_MSE: 0.009980 | Loss: 0.007505
2025-12-05 16:57:15,935 - /home/kantorkristof/git/neurips-polymer/II_Experiment-Molecule/GNN/GAT.py[line:234] - INFO: Epoch [78/1000] Train_MSE: 0.008970 Val_MSE: 0.009012 | Loss: 0.007794
2025-12-05 16:57:16,070 - /home/kantorkristof/git/neurips-polymer/II_Experiment-Molecule/GNN/GAT.py[line:234] - INFO: Epoch [79/1000] Train_MSE: 0.010798 Val_MSE: 0.010703 | Loss: 0.008837
2025-12-05 16:57:16,213 - /home/kantorkristof/git/neurips-polymer/II_Experiment-Molecule/GNN/GAT.py[line:234] - INFO: Epoch [80/1000] Train_MSE: 0.008218 Val_MSE: 0.008688 | Loss: 0.008736
2025-12-05 16:57:16,373 - /home/kantorkristof/git/neurips-polymer/II_Experiment-Molecule/GNN/GAT.py[line:234] - INFO: Epoch [81/1000] Train_MSE: 0.008535 Val_MSE: 0.008703 | Loss: 0.010962
2025-12-05 16:57:16,508 - /home/kantorkristof/git/neurips-polymer/II_Experiment-Molecule/GNN/GAT.py[line:234] - INFO: Epoch [82/1000] Train_MSE: 0.009166 Val_MSE: 0.009256 | Loss: 0.009420
2025-12-05 16:57:16,649 - /home/kantorkristof/git/neurips-polymer/II_Experiment-Molecule/GNN/GAT.py[line:234] - INFO: Epoch [83/1000] Train_MSE: 0.010460 Val_MSE: 0.011050 | Loss: 0.008402
2025-12-05 16:57:16,789 - /home/kantorkristof/git/neurips-polymer/II_Experiment-Molecule/GNN/GAT.py[line:234] - INFO: Epoch [84/1000] Train_MSE: 0.019506 Val_MSE: 0.020402 | Loss: 0.008144
2025-12-05 16:57:16,928 - /home/kantorkristof/git/neurips-polymer/II_Experiment-Molecule/GNN/GAT.py[line:234] - INFO: Epoch [85/1000] Train_MSE: 0.008677 Val_MSE: 0.008582 | Loss: 0.008845
2025-12-05 16:57:17,066 - /home/kantorkristof/git/neurips-polymer/II_Experiment-Molecule/GNN/GAT.py[line:234] - INFO: Epoch [86/1000] Train_MSE: 0.006591 Val_MSE: 0.006739 | Loss: 0.008266
2025-12-05 16:57:17,249 - /home/kantorkristof/git/neurips-polymer/II_Experiment-Molecule/GNN/GAT.py[line:234] - INFO: Epoch [87/1000] Train_MSE: 0.006619 Val_MSE: 0.006953 | Loss: 0.009869
2025-12-05 16:57:17,392 - /home/kantorkristof/git/neurips-polymer/II_Experiment-Molecule/GNN/GAT.py[line:234] - INFO: Epoch [88/1000] Train_MSE: 0.013554 Val_MSE: 0.014115 | Loss: 0.007815
2025-12-05 16:57:17,531 - /home/kantorkristof/git/neurips-polymer/II_Experiment-Molecule/GNN/GAT.py[line:234] - INFO: Epoch [89/1000] Train_MSE: 0.006009 Val_MSE: 0.006006 | Loss: 0.008285
2025-12-05 16:57:17,674 - /home/kantorkristof/git/neurips-polymer/II_Experiment-Molecule/GNN/GAT.py[line:234] - INFO: Epoch [90/1000] Train_MSE: 0.012741 Val_MSE: 0.013430 | Loss: 0.008708
2025-12-05 16:57:17,811 - /home/kantorkristof/git/neurips-polymer/II_Experiment-Molecule/GNN/GAT.py[line:234] - INFO: Epoch [91/1000] Train_MSE: 0.006781 Val_MSE: 0.007575 | Loss: 0.008996
2025-12-05 16:57:17,946 - /home/kantorkristof/git/neurips-polymer/II_Experiment-Molecule/GNN/GAT.py[line:234] - INFO: Epoch [92/1000] Train_MSE: 0.006056 Val_MSE: 0.006122 | Loss: 0.007971
2025-12-05 16:57:18,084 - /home/kantorkristof/git/neurips-polymer/II_Experiment-Molecule/GNN/GAT.py[line:234] - INFO: Epoch [93/1000] Train_MSE: 0.005710 Val_MSE: 0.005864 | Loss: 0.009643
2025-12-05 16:57:18,226 - /home/kantorkristof/git/neurips-polymer/II_Experiment-Molecule/GNN/GAT.py[line:234] - INFO: Epoch [94/1000] Train_MSE: 0.006548 Val_MSE: 0.006021 | Loss: 0.009674
2025-12-05 16:57:18,369 - /home/kantorkristof/git/neurips-polymer/II_Experiment-Molecule/GNN/GAT.py[line:234] - INFO: Epoch [95/1000] Train_MSE: 0.007491 Val_MSE: 0.007440 | Loss: 0.007699
2025-12-05 16:57:18,519 - /home/kantorkristof/git/neurips-polymer/II_Experiment-Molecule/GNN/GAT.py[line:234] - INFO: Epoch [96/1000] Train_MSE: 0.007519 Val_MSE: 0.007798 | Loss: 0.007960
2025-12-05 16:57:18,669 - /home/kantorkristof/git/neurips-polymer/II_Experiment-Molecule/GNN/GAT.py[line:234] - INFO: Epoch [97/1000] Train_MSE: 0.007558 Val_MSE: 0.007685 | Loss: 0.009931
2025-12-05 16:57:18,808 - /home/kantorkristof/git/neurips-polymer/II_Experiment-Molecule/GNN/GAT.py[line:234] - INFO: Epoch [98/1000] Train_MSE: 0.005852 Val_MSE: 0.005858 | Loss: 0.007441
2025-12-05 16:57:18,943 - /home/kantorkristof/git/neurips-polymer/II_Experiment-Molecule/GNN/GAT.py[line:234] - INFO: Epoch [99/1000] Train_MSE: 0.007105 Val_MSE: 0.006808 | Loss: 0.008251
2025-12-05 16:57:19,082 - /home/kantorkristof/git/neurips-polymer/II_Experiment-Molecule/GNN/GAT.py[line:234] - INFO: Epoch [100/1000] Train_MSE: 0.007571 Val_MSE: 0.007981 | Loss: 0.008263
2025-12-05 16:57:19,250 - /home/kantorkristof/git/neurips-polymer/II_Experiment-Molecule/GNN/GAT.py[line:234] - INFO: Epoch [101/1000] Train_MSE: 0.012993 Val_MSE: 0.013264 | Loss: 0.008688
2025-12-05 16:57:19,394 - /home/kantorkristof/git/neurips-polymer/II_Experiment-Molecule/GNN/GAT.py[line:234] - INFO: Epoch [102/1000] Train_MSE: 0.006760 Val_MSE: 0.006476 | Loss: 0.007812
2025-12-05 16:57:19,530 - /home/kantorkristof/git/neurips-polymer/II_Experiment-Molecule/GNN/GAT.py[line:234] - INFO: Epoch [103/1000] Train_MSE: 0.008520 Val_MSE: 0.008172 | Loss: 0.008600
2025-12-05 16:57:19,664 - /home/kantorkristof/git/neurips-polymer/II_Experiment-Molecule/GNN/GAT.py[line:234] - INFO: Epoch [104/1000] Train_MSE: 0.007000 Val_MSE: 0.007302 | Loss: 0.008632
2025-12-05 16:57:19,798 - /home/kantorkristof/git/neurips-polymer/II_Experiment-Molecule/GNN/GAT.py[line:234] - INFO: Epoch [105/1000] Train_MSE: 0.007645 Val_MSE: 0.007897 | Loss: 0.008521
2025-12-05 16:57:19,937 - /home/kantorkristof/git/neurips-polymer/II_Experiment-Molecule/GNN/GAT.py[line:234] - INFO: Epoch [106/1000] Train_MSE: 0.006578 Val_MSE: 0.006732 | Loss: 0.007996
2025-12-05 16:57:20,073 - /home/kantorkristof/git/neurips-polymer/II_Experiment-Molecule/GNN/GAT.py[line:234] - INFO: Epoch [107/1000] Train_MSE: 0.005867 Val_MSE: 0.005531 | Loss: 0.007778
2025-12-05 16:57:20,076 - /home/kantorkristof/git/neurips-polymer/II_Experiment-Molecule/GNN/GAT.py[line:244] - INFO: Best model saved at epoch 107 with val_mse 0.005531
2025-12-05 16:57:20,212 - /home/kantorkristof/git/neurips-polymer/II_Experiment-Molecule/GNN/GAT.py[line:234] - INFO: Epoch [108/1000] Train_MSE: 0.005762 Val_MSE: 0.005438 | Loss: 0.007387
2025-12-05 16:57:20,214 - /home/kantorkristof/git/neurips-polymer/II_Experiment-Molecule/GNN/GAT.py[line:244] - INFO: Best model saved at epoch 108 with val_mse 0.005438
2025-12-05 16:57:20,347 - /home/kantorkristof/git/neurips-polymer/II_Experiment-Molecule/GNN/GAT.py[line:234] - INFO: Epoch [109/1000] Train_MSE: 0.006175 Val_MSE: 0.006033 | Loss: 0.007996
2025-12-05 16:57:20,479 - /home/kantorkristof/git/neurips-polymer/II_Experiment-Molecule/GNN/GAT.py[line:234] - INFO: Epoch [110/1000] Train_MSE: 0.016606 Val_MSE: 0.017538 | Loss: 0.009454
2025-12-05 16:57:20,617 - /home/kantorkristof/git/neurips-polymer/II_Experiment-Molecule/GNN/GAT.py[line:234] - INFO: Epoch [111/1000] Train_MSE: 0.010880 Val_MSE: 0.010922 | Loss: 0.008433
2025-12-05 16:57:20,753 - /home/kantorkristof/git/neurips-polymer/II_Experiment-Molecule/GNN/GAT.py[line:234] - INFO: Epoch [112/1000] Train_MSE: 0.008073 Val_MSE: 0.008087 | Loss: 0.007590
2025-12-05 16:57:20,888 - /home/kantorkristof/git/neurips-polymer/II_Experiment-Molecule/GNN/GAT.py[line:234] - INFO: Epoch [113/1000] Train_MSE: 0.006901 Val_MSE: 0.007216 | Loss: 0.007337
2025-12-05 16:57:21,023 - /home/kantorkristof/git/neurips-polymer/II_Experiment-Molecule/GNN/GAT.py[line:234] - INFO: Epoch [114/1000] Train_MSE: 0.005902 Val_MSE: 0.006073 | Loss: 0.007927
2025-12-05 16:57:21,159 - /home/kantorkristof/git/neurips-polymer/II_Experiment-Molecule/GNN/GAT.py[line:234] - INFO: Epoch [115/1000] Train_MSE: 0.005268 Val_MSE: 0.005085 | Loss: 0.007113
2025-12-05 16:57:21,162 - /home/kantorkristof/git/neurips-polymer/II_Experiment-Molecule/GNN/GAT.py[line:244] - INFO: Best model saved at epoch 115 with val_mse 0.005085
2025-12-05 16:57:21,297 - /home/kantorkristof/git/neurips-polymer/II_Experiment-Molecule/GNN/GAT.py[line:234] - INFO: Epoch [116/1000] Train_MSE: 0.009526 Val_MSE: 0.009797 | Loss: 0.007499
2025-12-05 16:57:21,432 - /home/kantorkristof/git/neurips-polymer/II_Experiment-Molecule/GNN/GAT.py[line:234] - INFO: Epoch [117/1000] Train_MSE: 0.006115 Val_MSE: 0.006128 | Loss: 0.008335
2025-12-05 16:57:21,564 - /home/kantorkristof/git/neurips-polymer/II_Experiment-Molecule/GNN/GAT.py[line:234] - INFO: Epoch [118/1000] Train_MSE: 0.007466 Val_MSE: 0.007677 | Loss: 0.008075
2025-12-05 16:57:21,699 - /home/kantorkristof/git/neurips-polymer/II_Experiment-Molecule/GNN/GAT.py[line:234] - INFO: Epoch [119/1000] Train_MSE: 0.006015 Val_MSE: 0.006338 | Loss: 0.008440
2025-12-05 16:57:21,841 - /home/kantorkristof/git/neurips-polymer/II_Experiment-Molecule/GNN/GAT.py[line:234] - INFO: Epoch [120/1000] Train_MSE: 0.007469 Val_MSE: 0.008094 | Loss: 0.007387
2025-12-05 16:57:21,979 - /home/kantorkristof/git/neurips-polymer/II_Experiment-Molecule/GNN/GAT.py[line:234] - INFO: Epoch [121/1000] Train_MSE: 0.008134 Val_MSE: 0.008464 | Loss: 0.007348
2025-12-05 16:57:22,132 - /home/kantorkristof/git/neurips-polymer/II_Experiment-Molecule/GNN/GAT.py[line:234] - INFO: Epoch [122/1000] Train_MSE: 0.006830 Val_MSE: 0.006987 | Loss: 0.008887
2025-12-05 16:57:22,291 - /home/kantorkristof/git/neurips-polymer/II_Experiment-Molecule/GNN/GAT.py[line:234] - INFO: Epoch [123/1000] Train_MSE: 0.005544 Val_MSE: 0.005453 | Loss: 0.008608
2025-12-05 16:57:22,456 - /home/kantorkristof/git/neurips-polymer/II_Experiment-Molecule/GNN/GAT.py[line:234] - INFO: Epoch [124/1000] Train_MSE: 0.005345 Val_MSE: 0.005581 | Loss: 0.007020
2025-12-05 16:57:22,608 - /home/kantorkristof/git/neurips-polymer/II_Experiment-Molecule/GNN/GAT.py[line:234] - INFO: Epoch [125/1000] Train_MSE: 0.007155 Val_MSE: 0.007406 | Loss: 0.007945
2025-12-05 16:57:22,749 - /home/kantorkristof/git/neurips-polymer/II_Experiment-Molecule/GNN/GAT.py[line:234] - INFO: Epoch [126/1000] Train_MSE: 0.005950 Val_MSE: 0.006205 | Loss: 0.007830
2025-12-05 16:57:22,886 - /home/kantorkristof/git/neurips-polymer/II_Experiment-Molecule/GNN/GAT.py[line:234] - INFO: Epoch [127/1000] Train_MSE: 0.007682 Val_MSE: 0.008551 | Loss: 0.007027
2025-12-05 16:57:23,039 - /home/kantorkristof/git/neurips-polymer/II_Experiment-Molecule/GNN/GAT.py[line:234] - INFO: Epoch [128/1000] Train_MSE: 0.012394 Val_MSE: 0.012735 | Loss: 0.008962
2025-12-05 16:57:23,177 - /home/kantorkristof/git/neurips-polymer/II_Experiment-Molecule/GNN/GAT.py[line:234] - INFO: Epoch [129/1000] Train_MSE: 0.011075 Val_MSE: 0.011309 | Loss: 0.007116
2025-12-05 16:57:23,321 - /home/kantorkristof/git/neurips-polymer/II_Experiment-Molecule/GNN/GAT.py[line:234] - INFO: Epoch [130/1000] Train_MSE: 0.010234 Val_MSE: 0.010652 | Loss: 0.007648
2025-12-05 16:57:23,461 - /home/kantorkristof/git/neurips-polymer/II_Experiment-Molecule/GNN/GAT.py[line:234] - INFO: Epoch [131/1000] Train_MSE: 0.010674 Val_MSE: 0.011760 | Loss: 0.007963
2025-12-05 16:57:23,599 - /home/kantorkristof/git/neurips-polymer/II_Experiment-Molecule/GNN/GAT.py[line:234] - INFO: Epoch [132/1000] Train_MSE: 0.012981 Val_MSE: 0.013780 | Loss: 0.008558
2025-12-05 16:57:23,746 - /home/kantorkristof/git/neurips-polymer/II_Experiment-Molecule/GNN/GAT.py[line:234] - INFO: Epoch [133/1000] Train_MSE: 0.012010 Val_MSE: 0.013284 | Loss: 0.009124
2025-12-05 16:57:23,890 - /home/kantorkristof/git/neurips-polymer/II_Experiment-Molecule/GNN/GAT.py[line:234] - INFO: Epoch [134/1000] Train_MSE: 0.007360 Val_MSE: 0.007980 | Loss: 0.007847
2025-12-05 16:57:24,033 - /home/kantorkristof/git/neurips-polymer/II_Experiment-Molecule/GNN/GAT.py[line:234] - INFO: Epoch [135/1000] Train_MSE: 0.006342 Val_MSE: 0.006737 | Loss: 0.008281
2025-12-05 16:57:24,168 - /home/kantorkristof/git/neurips-polymer/II_Experiment-Molecule/GNN/GAT.py[line:234] - INFO: Epoch [136/1000] Train_MSE: 0.006073 Val_MSE: 0.005947 | Loss: 0.006962
2025-12-05 16:57:24,304 - /home/kantorkristof/git/neurips-polymer/II_Experiment-Molecule/GNN/GAT.py[line:234] - INFO: Epoch [137/1000] Train_MSE: 0.013401 Val_MSE: 0.014547 | Loss: 0.007952
2025-12-05 16:57:24,462 - /home/kantorkristof/git/neurips-polymer/II_Experiment-Molecule/GNN/GAT.py[line:234] - INFO: Epoch [138/1000] Train_MSE: 0.011610 Val_MSE: 0.012753 | Loss: 0.009099
2025-12-05 16:57:24,599 - /home/kantorkristof/git/neurips-polymer/II_Experiment-Molecule/GNN/GAT.py[line:234] - INFO: Epoch [139/1000] Train_MSE: 0.016439 Val_MSE: 0.017840 | Loss: 0.009039
2025-12-05 16:57:24,731 - /home/kantorkristof/git/neurips-polymer/II_Experiment-Molecule/GNN/GAT.py[line:234] - INFO: Epoch [140/1000] Train_MSE: 0.015718 Val_MSE: 0.016618 | Loss: 0.011694
2025-12-05 16:57:24,870 - /home/kantorkristof/git/neurips-polymer/II_Experiment-Molecule/GNN/GAT.py[line:234] - INFO: Epoch [141/1000] Train_MSE: 0.006212 Val_MSE: 0.006588 | Loss: 0.007816
2025-12-05 16:57:25,009 - /home/kantorkristof/git/neurips-polymer/II_Experiment-Molecule/GNN/GAT.py[line:234] - INFO: Epoch [142/1000] Train_MSE: 0.010522 Val_MSE: 0.010866 | Loss: 0.006169
2025-12-05 16:57:25,150 - /home/kantorkristof/git/neurips-polymer/II_Experiment-Molecule/GNN/GAT.py[line:234] - INFO: Epoch [143/1000] Train_MSE: 0.005653 Val_MSE: 0.005628 | Loss: 0.007242
2025-12-05 16:57:25,288 - /home/kantorkristof/git/neurips-polymer/II_Experiment-Molecule/GNN/GAT.py[line:234] - INFO: Epoch [144/1000] Train_MSE: 0.006015 Val_MSE: 0.006421 | Loss: 0.006399
2025-12-05 16:57:25,425 - /home/kantorkristof/git/neurips-polymer/II_Experiment-Molecule/GNN/GAT.py[line:234] - INFO: Epoch [145/1000] Train_MSE: 0.008838 Val_MSE: 0.009517 | Loss: 0.008065
2025-12-05 16:57:25,556 - /home/kantorkristof/git/neurips-polymer/II_Experiment-Molecule/GNN/GAT.py[line:234] - INFO: Epoch [146/1000] Train_MSE: 0.006174 Val_MSE: 0.006479 | Loss: 0.009282
2025-12-05 16:57:25,693 - /home/kantorkristof/git/neurips-polymer/II_Experiment-Molecule/GNN/GAT.py[line:234] - INFO: Epoch [147/1000] Train_MSE: 0.008107 Val_MSE: 0.008799 | Loss: 0.007541
2025-12-05 16:57:25,828 - /home/kantorkristof/git/neurips-polymer/II_Experiment-Molecule/GNN/GAT.py[line:234] - INFO: Epoch [148/1000] Train_MSE: 0.008252 Val_MSE: 0.008937 | Loss: 0.007650
2025-12-05 16:57:25,978 - /home/kantorkristof/git/neurips-polymer/II_Experiment-Molecule/GNN/GAT.py[line:234] - INFO: Epoch [149/1000] Train_MSE: 0.007710 Val_MSE: 0.008525 | Loss: 0.006911
2025-12-05 16:57:26,119 - /home/kantorkristof/git/neurips-polymer/II_Experiment-Molecule/GNN/GAT.py[line:234] - INFO: Epoch [150/1000] Train_MSE: 0.007719 Val_MSE: 0.008801 | Loss: 0.007628
2025-12-05 16:57:26,266 - /home/kantorkristof/git/neurips-polymer/II_Experiment-Molecule/GNN/GAT.py[line:234] - INFO: Epoch [151/1000] Train_MSE: 0.011607 Val_MSE: 0.012658 | Loss: 0.009284
2025-12-05 16:57:26,420 - /home/kantorkristof/git/neurips-polymer/II_Experiment-Molecule/GNN/GAT.py[line:234] - INFO: Epoch [152/1000] Train_MSE: 0.014217 Val_MSE: 0.014395 | Loss: 0.008437
2025-12-05 16:57:26,567 - /home/kantorkristof/git/neurips-polymer/II_Experiment-Molecule/GNN/GAT.py[line:234] - INFO: Epoch [153/1000] Train_MSE: 0.006161 Val_MSE: 0.006575 | Loss: 0.008004
2025-12-05 16:57:26,716 - /home/kantorkristof/git/neurips-polymer/II_Experiment-Molecule/GNN/GAT.py[line:234] - INFO: Epoch [154/1000] Train_MSE: 0.006572 Val_MSE: 0.007120 | Loss: 0.006746
2025-12-05 16:57:26,856 - /home/kantorkristof/git/neurips-polymer/II_Experiment-Molecule/GNN/GAT.py[line:234] - INFO: Epoch [155/1000] Train_MSE: 0.005120 Val_MSE: 0.005636 | Loss: 0.007746
2025-12-05 16:57:26,994 - /home/kantorkristof/git/neurips-polymer/II_Experiment-Molecule/GNN/GAT.py[line:234] - INFO: Epoch [156/1000] Train_MSE: 0.005548 Val_MSE: 0.006107 | Loss: 0.008116
2025-12-05 16:57:27,134 - /home/kantorkristof/git/neurips-polymer/II_Experiment-Molecule/GNN/GAT.py[line:234] - INFO: Epoch [157/1000] Train_MSE: 0.006415 Val_MSE: 0.007133 | Loss: 0.006443
2025-12-05 16:57:27,269 - /home/kantorkristof/git/neurips-polymer/II_Experiment-Molecule/GNN/GAT.py[line:234] - INFO: Epoch [158/1000] Train_MSE: 0.007417 Val_MSE: 0.007902 | Loss: 0.007871
2025-12-05 16:57:27,405 - /home/kantorkristof/git/neurips-polymer/II_Experiment-Molecule/GNN/GAT.py[line:234] - INFO: Epoch [159/1000] Train_MSE: 0.006038 Val_MSE: 0.006730 | Loss: 0.008441
2025-12-05 16:57:27,541 - /home/kantorkristof/git/neurips-polymer/II_Experiment-Molecule/GNN/GAT.py[line:234] - INFO: Epoch [160/1000] Train_MSE: 0.006006 Val_MSE: 0.006432 | Loss: 0.007549
2025-12-05 16:57:27,680 - /home/kantorkristof/git/neurips-polymer/II_Experiment-Molecule/GNN/GAT.py[line:234] - INFO: Epoch [161/1000] Train_MSE: 0.008995 Val_MSE: 0.010258 | Loss: 0.006534
2025-12-05 16:57:27,816 - /home/kantorkristof/git/neurips-polymer/II_Experiment-Molecule/GNN/GAT.py[line:234] - INFO: Epoch [162/1000] Train_MSE: 0.006739 Val_MSE: 0.007421 | Loss: 0.006101
2025-12-05 16:57:27,954 - /home/kantorkristof/git/neurips-polymer/II_Experiment-Molecule/GNN/GAT.py[line:234] - INFO: Epoch [163/1000] Train_MSE: 0.006812 Val_MSE: 0.008370 | Loss: 0.007904
2025-12-05 16:57:28,087 - /home/kantorkristof/git/neurips-polymer/II_Experiment-Molecule/GNN/GAT.py[line:234] - INFO: Epoch [164/1000] Train_MSE: 0.006077 Val_MSE: 0.006740 | Loss: 0.007599
2025-12-05 16:57:28,220 - /home/kantorkristof/git/neurips-polymer/II_Experiment-Molecule/GNN/GAT.py[line:234] - INFO: Epoch [165/1000] Train_MSE: 0.012968 Val_MSE: 0.013632 | Loss: 0.007261
2025-12-05 16:57:28,352 - /home/kantorkristof/git/neurips-polymer/II_Experiment-Molecule/GNN/GAT.py[line:234] - INFO: Epoch [166/1000] Train_MSE: 0.015096 Val_MSE: 0.016613 | Loss: 0.008977
2025-12-05 16:57:28,486 - /home/kantorkristof/git/neurips-polymer/II_Experiment-Molecule/GNN/GAT.py[line:234] - INFO: Epoch [167/1000] Train_MSE: 0.009108 Val_MSE: 0.009786 | Loss: 0.008091
2025-12-05 16:57:28,617 - /home/kantorkristof/git/neurips-polymer/II_Experiment-Molecule/GNN/GAT.py[line:234] - INFO: Epoch [168/1000] Train_MSE: 0.007871 Val_MSE: 0.008425 | Loss: 0.006607
2025-12-05 16:57:28,755 - /home/kantorkristof/git/neurips-polymer/II_Experiment-Molecule/GNN/GAT.py[line:234] - INFO: Epoch [169/1000] Train_MSE: 0.008420 Val_MSE: 0.009107 | Loss: 0.006402
2025-12-05 16:57:28,893 - /home/kantorkristof/git/neurips-polymer/II_Experiment-Molecule/GNN/GAT.py[line:234] - INFO: Epoch [170/1000] Train_MSE: 0.005703 Val_MSE: 0.006202 | Loss: 0.007388
2025-12-05 16:57:29,037 - /home/kantorkristof/git/neurips-polymer/II_Experiment-Molecule/GNN/GAT.py[line:234] - INFO: Epoch [171/1000] Train_MSE: 0.010152 Val_MSE: 0.011151 | Loss: 0.007968
2025-12-05 16:57:29,193 - /home/kantorkristof/git/neurips-polymer/II_Experiment-Molecule/GNN/GAT.py[line:234] - INFO: Epoch [172/1000] Train_MSE: 0.008565 Val_MSE: 0.009137 | Loss: 0.009389
2025-12-05 16:57:29,340 - /home/kantorkristof/git/neurips-polymer/II_Experiment-Molecule/GNN/GAT.py[line:234] - INFO: Epoch [173/1000] Train_MSE: 0.008011 Val_MSE: 0.008812 | Loss: 0.008797
2025-12-05 16:57:29,489 - /home/kantorkristof/git/neurips-polymer/II_Experiment-Molecule/GNN/GAT.py[line:234] - INFO: Epoch [174/1000] Train_MSE: 0.013300 Val_MSE: 0.013959 | Loss: 0.007758
2025-12-05 16:57:29,645 - /home/kantorkristof/git/neurips-polymer/II_Experiment-Molecule/GNN/GAT.py[line:234] - INFO: Epoch [175/1000] Train_MSE: 0.008903 Val_MSE: 0.010622 | Loss: 0.008292
2025-12-05 16:57:29,806 - /home/kantorkristof/git/neurips-polymer/II_Experiment-Molecule/GNN/GAT.py[line:234] - INFO: Epoch [176/1000] Train_MSE: 0.005602 Val_MSE: 0.007128 | Loss: 0.008042
2025-12-05 16:57:29,961 - /home/kantorkristof/git/neurips-polymer/II_Experiment-Molecule/GNN/GAT.py[line:234] - INFO: Epoch [177/1000] Train_MSE: 0.006857 Val_MSE: 0.008585 | Loss: 0.007114
2025-12-05 16:57:30,117 - /home/kantorkristof/git/neurips-polymer/II_Experiment-Molecule/GNN/GAT.py[line:234] - INFO: Epoch [178/1000] Train_MSE: 0.006939 Val_MSE: 0.008369 | Loss: 0.007713
2025-12-05 16:57:30,265 - /home/kantorkristof/git/neurips-polymer/II_Experiment-Molecule/GNN/GAT.py[line:234] - INFO: Epoch [179/1000] Train_MSE: 0.007378 Val_MSE: 0.008502 | Loss: 0.006827
2025-12-05 16:57:30,396 - /home/kantorkristof/git/neurips-polymer/II_Experiment-Molecule/GNN/GAT.py[line:234] - INFO: Epoch [180/1000] Train_MSE: 0.011572 Val_MSE: 0.012680 | Loss: 0.008324
2025-12-05 16:57:30,544 - /home/kantorkristof/git/neurips-polymer/II_Experiment-Molecule/GNN/GAT.py[line:234] - INFO: Epoch [181/1000] Train_MSE: 0.005398 Val_MSE: 0.006001 | Loss: 0.006487
2025-12-05 16:57:30,700 - /home/kantorkristof/git/neurips-polymer/II_Experiment-Molecule/GNN/GAT.py[line:234] - INFO: Epoch [182/1000] Train_MSE: 0.005857 Val_MSE: 0.006983 | Loss: 0.006850
2025-12-05 16:57:30,836 - /home/kantorkristof/git/neurips-polymer/II_Experiment-Molecule/GNN/GAT.py[line:234] - INFO: Epoch [183/1000] Train_MSE: 0.007107 Val_MSE: 0.007814 | Loss: 0.007733
2025-12-05 16:57:30,960 - /home/kantorkristof/git/neurips-polymer/II_Experiment-Molecule/GNN/GAT.py[line:234] - INFO: Epoch [184/1000] Train_MSE: 0.007965 Val_MSE: 0.008922 | Loss: 0.006414
2025-12-05 16:57:31,096 - /home/kantorkristof/git/neurips-polymer/II_Experiment-Molecule/GNN/GAT.py[line:234] - INFO: Epoch [185/1000] Train_MSE: 0.007689 Val_MSE: 0.008689 | Loss: 0.006795
2025-12-05 16:57:31,238 - /home/kantorkristof/git/neurips-polymer/II_Experiment-Molecule/GNN/GAT.py[line:234] - INFO: Epoch [186/1000] Train_MSE: 0.006014 Val_MSE: 0.006671 | Loss: 0.008805
2025-12-05 16:57:31,402 - /home/kantorkristof/git/neurips-polymer/II_Experiment-Molecule/GNN/GAT.py[line:234] - INFO: Epoch [187/1000] Train_MSE: 0.005937 Val_MSE: 0.006729 | Loss: 0.008428
2025-12-05 16:57:31,544 - /home/kantorkristof/git/neurips-polymer/II_Experiment-Molecule/GNN/GAT.py[line:234] - INFO: Epoch [188/1000] Train_MSE: 0.005082 Val_MSE: 0.005698 | Loss: 0.007240
2025-12-05 16:57:31,678 - /home/kantorkristof/git/neurips-polymer/II_Experiment-Molecule/GNN/GAT.py[line:234] - INFO: Epoch [189/1000] Train_MSE: 0.005746 Val_MSE: 0.006382 | Loss: 0.007827
2025-12-05 16:57:31,818 - /home/kantorkristof/git/neurips-polymer/II_Experiment-Molecule/GNN/GAT.py[line:234] - INFO: Epoch [190/1000] Train_MSE: 0.006623 Val_MSE: 0.007524 | Loss: 0.007722
2025-12-05 16:57:31,963 - /home/kantorkristof/git/neurips-polymer/II_Experiment-Molecule/GNN/GAT.py[line:234] - INFO: Epoch [191/1000] Train_MSE: 0.008586 Val_MSE: 0.008965 | Loss: 0.007488
2025-12-05 16:57:32,101 - /home/kantorkristof/git/neurips-polymer/II_Experiment-Molecule/GNN/GAT.py[line:234] - INFO: Epoch [192/1000] Train_MSE: 0.005547 Val_MSE: 0.005703 | Loss: 0.008072
2025-12-05 16:57:32,240 - /home/kantorkristof/git/neurips-polymer/II_Experiment-Molecule/GNN/GAT.py[line:234] - INFO: Epoch [193/1000] Train_MSE: 0.007680 Val_MSE: 0.008236 | Loss: 0.006610
2025-12-05 16:57:32,386 - /home/kantorkristof/git/neurips-polymer/II_Experiment-Molecule/GNN/GAT.py[line:234] - INFO: Epoch [194/1000] Train_MSE: 0.007997 Val_MSE: 0.008800 | Loss: 0.006573
2025-12-05 16:57:32,533 - /home/kantorkristof/git/neurips-polymer/II_Experiment-Molecule/GNN/GAT.py[line:234] - INFO: Epoch [195/1000] Train_MSE: 0.006027 Val_MSE: 0.007076 | Loss: 0.006976
2025-12-05 16:57:32,670 - /home/kantorkristof/git/neurips-polymer/II_Experiment-Molecule/GNN/GAT.py[line:234] - INFO: Epoch [196/1000] Train_MSE: 0.007778 Val_MSE: 0.009103 | Loss: 0.007076
2025-12-05 16:57:32,813 - /home/kantorkristof/git/neurips-polymer/II_Experiment-Molecule/GNN/GAT.py[line:234] - INFO: Epoch [197/1000] Train_MSE: 0.006317 Val_MSE: 0.007568 | Loss: 0.007246
2025-12-05 16:57:32,956 - /home/kantorkristof/git/neurips-polymer/II_Experiment-Molecule/GNN/GAT.py[line:234] - INFO: Epoch [198/1000] Train_MSE: 0.008286 Val_MSE: 0.009247 | Loss: 0.006157
2025-12-05 16:57:33,099 - /home/kantorkristof/git/neurips-polymer/II_Experiment-Molecule/GNN/GAT.py[line:234] - INFO: Epoch [199/1000] Train_MSE: 0.005720 Val_MSE: 0.006762 | Loss: 0.006834
2025-12-05 16:57:33,254 - /home/kantorkristof/git/neurips-polymer/II_Experiment-Molecule/GNN/GAT.py[line:234] - INFO: Epoch [200/1000] Train_MSE: 0.005106 Val_MSE: 0.006044 | Loss: 0.006607
2025-12-05 16:57:33,424 - /home/kantorkristof/git/neurips-polymer/II_Experiment-Molecule/GNN/GAT.py[line:234] - INFO: Epoch [201/1000] Train_MSE: 0.015470 Val_MSE: 0.016941 | Loss: 0.007728
2025-12-05 16:57:33,589 - /home/kantorkristof/git/neurips-polymer/II_Experiment-Molecule/GNN/GAT.py[line:234] - INFO: Epoch [202/1000] Train_MSE: 0.008241 Val_MSE: 0.008848 | Loss: 0.006274
2025-12-05 16:57:33,749 - /home/kantorkristof/git/neurips-polymer/II_Experiment-Molecule/GNN/GAT.py[line:234] - INFO: Epoch [203/1000] Train_MSE: 0.005425 Val_MSE: 0.005763 | Loss: 0.007637
2025-12-05 16:57:33,925 - /home/kantorkristof/git/neurips-polymer/II_Experiment-Molecule/GNN/GAT.py[line:234] - INFO: Epoch [204/1000] Train_MSE: 0.006089 Val_MSE: 0.006240 | Loss: 0.007335
2025-12-05 16:57:34,087 - /home/kantorkristof/git/neurips-polymer/II_Experiment-Molecule/GNN/GAT.py[line:234] - INFO: Epoch [205/1000] Train_MSE: 0.008650 Val_MSE: 0.009372 | Loss: 0.007579
2025-12-05 16:57:34,235 - /home/kantorkristof/git/neurips-polymer/II_Experiment-Molecule/GNN/GAT.py[line:234] - INFO: Epoch [206/1000] Train_MSE: 0.006599 Val_MSE: 0.007639 | Loss: 0.007503
2025-12-05 16:57:34,391 - /home/kantorkristof/git/neurips-polymer/II_Experiment-Molecule/GNN/GAT.py[line:234] - INFO: Epoch [207/1000] Train_MSE: 0.007914 Val_MSE: 0.009216 | Loss: 0.007238
2025-12-05 16:57:34,535 - /home/kantorkristof/git/neurips-polymer/II_Experiment-Molecule/GNN/GAT.py[line:234] - INFO: Epoch [208/1000] Train_MSE: 0.009420 Val_MSE: 0.010606 | Loss: 0.006650
2025-12-05 16:57:34,691 - /home/kantorkristof/git/neurips-polymer/II_Experiment-Molecule/GNN/GAT.py[line:234] - INFO: Epoch [209/1000] Train_MSE: 0.005366 Val_MSE: 0.006240 | Loss: 0.006517
2025-12-05 16:57:34,854 - /home/kantorkristof/git/neurips-polymer/II_Experiment-Molecule/GNN/GAT.py[line:234] - INFO: Epoch [210/1000] Train_MSE: 0.005024 Val_MSE: 0.005634 | Loss: 0.006343
2025-12-05 16:57:35,040 - /home/kantorkristof/git/neurips-polymer/II_Experiment-Molecule/GNN/GAT.py[line:234] - INFO: Epoch [211/1000] Train_MSE: 0.005721 Val_MSE: 0.006476 | Loss: 0.006948
2025-12-05 16:57:35,216 - /home/kantorkristof/git/neurips-polymer/II_Experiment-Molecule/GNN/GAT.py[line:234] - INFO: Epoch [212/1000] Train_MSE: 0.004885 Val_MSE: 0.005961 | Loss: 0.008142
2025-12-05 16:57:35,364 - /home/kantorkristof/git/neurips-polymer/II_Experiment-Molecule/GNN/GAT.py[line:234] - INFO: Epoch [213/1000] Train_MSE: 0.005484 Val_MSE: 0.006320 | Loss: 0.007216
2025-12-05 16:57:35,504 - /home/kantorkristof/git/neurips-polymer/II_Experiment-Molecule/GNN/GAT.py[line:234] - INFO: Epoch [214/1000] Train_MSE: 0.006826 Val_MSE: 0.007634 | Loss: 0.007374
2025-12-05 16:57:35,651 - /home/kantorkristof/git/neurips-polymer/II_Experiment-Molecule/GNN/GAT.py[line:234] - INFO: Epoch [215/1000] Train_MSE: 0.005665 Val_MSE: 0.006212 | Loss: 0.009125
2025-12-05 16:57:35,651 - /home/kantorkristof/git/neurips-polymer/II_Experiment-Molecule/GNN/GAT.py[line:254] - INFO: Early Stopping
2025-12-05 16:57:35,723 - /home/kantorkristof/git/neurips-polymer/II_Experiment-Molecule/GNN/GAT.py[line:266] - INFO: Best model Accuracy for Density, seed 42:
2025-12-05 16:57:35,723 - /home/kantorkristof/git/neurips-polymer/II_Experiment-Molecule/GNN/GAT.py[line:267] - INFO:   Train MSE: 0.005268
2025-12-05 16:57:35,723 - /home/kantorkristof/git/neurips-polymer/II_Experiment-Molecule/GNN/GAT.py[line:268] - INFO:   Val MSE:   0.005085
2025-12-05 16:57:35,723 - /home/kantorkristof/git/neurips-polymer/II_Experiment-Molecule/GNN/GAT.py[line:269] - INFO:   Test MSE:  0.004275
2025-12-05 16:57:35,723 - /home/kantorkristof/git/neurips-polymer/II_Experiment-Molecule/GNN/GAT.py[line:285] - INFO: 
=== Results for attribute Density ===
2025-12-05 16:57:35,723 - /home/kantorkristof/git/neurips-polymer/II_Experiment-Molecule/GNN/GAT.py[line:291] - INFO: Train MSE: 0.005268  Val MSE: 0.005085  Test MSE: 0.004275
