2025-12-05 20:15:42,271 - /home/kantorkristof/git/neurips-polymer/II_Experiment-Molecule/GNN/DIR.py[line:335] - INFO: 
Model training started for property: exp
2025-12-05 20:15:42,272 - /home/kantorkristof/git/neurips-polymer/II_Experiment-Molecule/GNN/DIR.py[line:121] - INFO: 
+------------+--------------------+
| Parameter  | Value              |
+------------+--------------------+
| cuda       | 2                  |
+------------+--------------------+
| datadir    | data/Lipophilicity |
+------------+--------------------+
| epoch      | 1000               |
+------------+--------------------+
| seed       | [42]               |
+------------+--------------------+
| channels   | 64                 |
+------------+--------------------+
| pretrain   | 0                  |
+------------+--------------------+
| alpha      | 0.001              |
+------------+--------------------+
| r          | 0.900              |
+------------+--------------------+
| batch_size | 32                 |
+------------+--------------------+
| net_lr     | 0.001              |
+------------+--------------------+
2025-12-05 20:15:42,273 - /home/kantorkristof/git/neurips-polymer/II_Experiment-Molecule/GNN/DIR.py[line:340] - INFO: --- Starting training for exp with seed 42 ---
2025-12-05 20:15:48,073 - /home/kantorkristof/git/neurips-polymer/II_Experiment-Molecule/GNN/DIR.py[line:435] - INFO: Epoch [1/1000] Train_MSE: 3.413867 Val_MSE: 3.707120 | Total_Loss: 3.911050 Causal_Loss: 1.856832 DIR_Penalty: 0.042739 Spurious_Loss: 2.054175
2025-12-05 20:15:48,077 - /home/kantorkristof/git/neurips-polymer/II_Experiment-Molecule/GNN/DIR.py[line:449] - INFO: Best model saved at epoch 1 with val_mse 3.707120
2025-12-05 20:15:52,705 - /home/kantorkristof/git/neurips-polymer/II_Experiment-Molecule/GNN/DIR.py[line:435] - INFO: Epoch [2/1000] Train_MSE: 4.149801 Val_MSE: 4.479605 | Total_Loss: 2.867040 Causal_Loss: 1.267892 DIR_Penalty: 0.085320 Spurious_Loss: 1.599063
2025-12-05 20:15:57,239 - /home/kantorkristof/git/neurips-polymer/II_Experiment-Molecule/GNN/DIR.py[line:435] - INFO: Epoch [3/1000] Train_MSE: 4.068365 Val_MSE: 4.421998 | Total_Loss: 2.894802 Causal_Loss: 1.274090 DIR_Penalty: 0.091380 Spurious_Loss: 1.620621
2025-12-05 20:16:01,850 - /home/kantorkristof/git/neurips-polymer/II_Experiment-Molecule/GNN/DIR.py[line:435] - INFO: Epoch [4/1000] Train_MSE: 1.769335 Val_MSE: 2.015628 | Total_Loss: 2.837481 Causal_Loss: 1.263278 DIR_Penalty: 0.081199 Spurious_Loss: 1.574121
2025-12-05 20:16:01,854 - /home/kantorkristof/git/neurips-polymer/II_Experiment-Molecule/GNN/DIR.py[line:449] - INFO: Best model saved at epoch 4 with val_mse 2.015628
2025-12-05 20:16:06,551 - /home/kantorkristof/git/neurips-polymer/II_Experiment-Molecule/GNN/DIR.py[line:435] - INFO: Epoch [5/1000] Train_MSE: 2.978768 Val_MSE: 3.317267 | Total_Loss: 2.782532 Causal_Loss: 1.259030 DIR_Penalty: 0.059015 Spurious_Loss: 1.523443
2025-12-05 20:16:11,306 - /home/kantorkristof/git/neurips-polymer/II_Experiment-Molecule/GNN/DIR.py[line:435] - INFO: Epoch [6/1000] Train_MSE: 1.256142 Val_MSE: 1.433323 | Total_Loss: 2.810632 Causal_Loss: 1.232608 DIR_Penalty: 0.089081 Spurious_Loss: 1.577935
2025-12-05 20:16:11,310 - /home/kantorkristof/git/neurips-polymer/II_Experiment-Molecule/GNN/DIR.py[line:449] - INFO: Best model saved at epoch 6 with val_mse 1.433323
2025-12-05 20:16:15,907 - /home/kantorkristof/git/neurips-polymer/II_Experiment-Molecule/GNN/DIR.py[line:435] - INFO: Epoch [7/1000] Train_MSE: 1.374814 Val_MSE: 1.600334 | Total_Loss: 2.807390 Causal_Loss: 1.245253 DIR_Penalty: 0.070902 Spurious_Loss: 1.562066
2025-12-05 20:16:20,527 - /home/kantorkristof/git/neurips-polymer/II_Experiment-Molecule/GNN/DIR.py[line:435] - INFO: Epoch [8/1000] Train_MSE: 3.051827 Val_MSE: 3.382966 | Total_Loss: 2.783391 Causal_Loss: 1.251646 DIR_Penalty: 0.056430 Spurious_Loss: 1.531689
2025-12-05 20:16:25,089 - /home/kantorkristof/git/neurips-polymer/II_Experiment-Molecule/GNN/DIR.py[line:435] - INFO: Epoch [9/1000] Train_MSE: 1.858550 Val_MSE: 2.105983 | Total_Loss: 2.819662 Causal_Loss: 1.279469 DIR_Penalty: 0.053396 Spurious_Loss: 1.540140
2025-12-05 20:16:29,684 - /home/kantorkristof/git/neurips-polymer/II_Experiment-Molecule/GNN/DIR.py[line:435] - INFO: Epoch [10/1000] Train_MSE: 1.921985 Val_MSE: 2.204790 | Total_Loss: 2.783870 Causal_Loss: 1.265164 DIR_Penalty: 0.046202 Spurious_Loss: 1.518660
2025-12-05 20:16:34,271 - /home/kantorkristof/git/neurips-polymer/II_Experiment-Molecule/GNN/DIR.py[line:435] - INFO: Epoch [11/1000] Train_MSE: 2.066796 Val_MSE: 2.288971 | Total_Loss: 2.778820 Causal_Loss: 1.275001 DIR_Penalty: 0.043328 Spurious_Loss: 1.503776
2025-12-05 20:16:38,786 - /home/kantorkristof/git/neurips-polymer/II_Experiment-Molecule/GNN/DIR.py[line:435] - INFO: Epoch [12/1000] Train_MSE: 1.823026 Val_MSE: 2.101249 | Total_Loss: 2.759468 Causal_Loss: 1.258860 DIR_Penalty: 0.047152 Spurious_Loss: 1.500560
2025-12-05 20:16:43,336 - /home/kantorkristof/git/neurips-polymer/II_Experiment-Molecule/GNN/DIR.py[line:435] - INFO: Epoch [13/1000] Train_MSE: 1.276849 Val_MSE: 1.503651 | Total_Loss: 2.821974 Causal_Loss: 1.277315 DIR_Penalty: 0.050700 Spurious_Loss: 1.544609
2025-12-05 20:16:47,943 - /home/kantorkristof/git/neurips-polymer/II_Experiment-Molecule/GNN/DIR.py[line:435] - INFO: Epoch [14/1000] Train_MSE: 1.767143 Val_MSE: 1.875956 | Total_Loss: 2.780455 Causal_Loss: 1.267643 DIR_Penalty: 0.048167 Spurious_Loss: 1.512765
2025-12-05 20:16:52,544 - /home/kantorkristof/git/neurips-polymer/II_Experiment-Molecule/GNN/DIR.py[line:435] - INFO: Epoch [15/1000] Train_MSE: 1.742143 Val_MSE: 1.939620 | Total_Loss: 2.772606 Causal_Loss: 1.270450 DIR_Penalty: 0.039331 Spurious_Loss: 1.502116
2025-12-05 20:16:57,078 - /home/kantorkristof/git/neurips-polymer/II_Experiment-Molecule/GNN/DIR.py[line:435] - INFO: Epoch [16/1000] Train_MSE: 1.643673 Val_MSE: 1.803833 | Total_Loss: 2.733554 Causal_Loss: 1.246109 DIR_Penalty: 0.046110 Spurious_Loss: 1.487399
2025-12-05 20:17:01,579 - /home/kantorkristof/git/neurips-polymer/II_Experiment-Molecule/GNN/DIR.py[line:435] - INFO: Epoch [17/1000] Train_MSE: 1.391900 Val_MSE: 1.529099 | Total_Loss: 2.697556 Causal_Loss: 1.252404 DIR_Penalty: 0.032074 Spurious_Loss: 1.445120
2025-12-05 20:17:06,003 - /home/kantorkristof/git/neurips-polymer/II_Experiment-Molecule/GNN/DIR.py[line:435] - INFO: Epoch [18/1000] Train_MSE: 1.459497 Val_MSE: 1.615704 | Total_Loss: 2.674431 Causal_Loss: 1.228322 DIR_Penalty: 0.037263 Spurious_Loss: 1.446071
2025-12-05 20:17:10,386 - /home/kantorkristof/git/neurips-polymer/II_Experiment-Molecule/GNN/DIR.py[line:435] - INFO: Epoch [19/1000] Train_MSE: 1.380593 Val_MSE: 1.614431 | Total_Loss: 2.650051 Causal_Loss: 1.209041 DIR_Penalty: 0.038503 Spurious_Loss: 1.440971
2025-12-05 20:17:14,821 - /home/kantorkristof/git/neurips-polymer/II_Experiment-Molecule/GNN/DIR.py[line:435] - INFO: Epoch [20/1000] Train_MSE: 1.478053 Val_MSE: 1.732809 | Total_Loss: 2.666835 Causal_Loss: 1.204717 DIR_Penalty: 0.054062 Spurious_Loss: 1.462064
2025-12-05 20:17:19,335 - /home/kantorkristof/git/neurips-polymer/II_Experiment-Molecule/GNN/DIR.py[line:435] - INFO: Epoch [21/1000] Train_MSE: 1.400640 Val_MSE: 1.566370 | Total_Loss: 2.663312 Causal_Loss: 1.201356 DIR_Penalty: 0.050006 Spurious_Loss: 1.461906
2025-12-05 20:17:23,778 - /home/kantorkristof/git/neurips-polymer/II_Experiment-Molecule/GNN/DIR.py[line:435] - INFO: Epoch [22/1000] Train_MSE: 1.685205 Val_MSE: 1.962814 | Total_Loss: 2.665639 Causal_Loss: 1.196734 DIR_Penalty: 0.053997 Spurious_Loss: 1.468851
2025-12-05 20:17:28,191 - /home/kantorkristof/git/neurips-polymer/II_Experiment-Molecule/GNN/DIR.py[line:435] - INFO: Epoch [23/1000] Train_MSE: 1.327557 Val_MSE: 1.485749 | Total_Loss: 2.693689 Causal_Loss: 1.221738 DIR_Penalty: 0.045115 Spurious_Loss: 1.471906
2025-12-05 20:17:32,716 - /home/kantorkristof/git/neurips-polymer/II_Experiment-Molecule/GNN/DIR.py[line:435] - INFO: Epoch [24/1000] Train_MSE: 1.397865 Val_MSE: 1.573249 | Total_Loss: 2.626656 Causal_Loss: 1.176895 DIR_Penalty: 0.054434 Spurious_Loss: 1.449706
2025-12-05 20:17:37,218 - /home/kantorkristof/git/neurips-polymer/II_Experiment-Molecule/GNN/DIR.py[line:435] - INFO: Epoch [25/1000] Train_MSE: 1.461022 Val_MSE: 1.679515 | Total_Loss: 2.622984 Causal_Loss: 1.183903 DIR_Penalty: 0.045676 Spurious_Loss: 1.439035
2025-12-05 20:17:41,737 - /home/kantorkristof/git/neurips-polymer/II_Experiment-Molecule/GNN/DIR.py[line:435] - INFO: Epoch [26/1000] Train_MSE: 1.443682 Val_MSE: 1.629343 | Total_Loss: 2.626679 Causal_Loss: 1.180692 DIR_Penalty: 0.051968 Spurious_Loss: 1.445936
2025-12-05 20:17:46,272 - /home/kantorkristof/git/neurips-polymer/II_Experiment-Molecule/GNN/DIR.py[line:435] - INFO: Epoch [27/1000] Train_MSE: 1.604943 Val_MSE: 1.715719 | Total_Loss: 2.664904 Causal_Loss: 1.179878 DIR_Penalty: 0.062207 Spurious_Loss: 1.484964
2025-12-05 20:17:50,785 - /home/kantorkristof/git/neurips-polymer/II_Experiment-Molecule/GNN/DIR.py[line:435] - INFO: Epoch [28/1000] Train_MSE: 1.656896 Val_MSE: 1.877956 | Total_Loss: 2.591647 Causal_Loss: 1.160359 DIR_Penalty: 0.055240 Spurious_Loss: 1.431233
2025-12-05 20:17:55,302 - /home/kantorkristof/git/neurips-polymer/II_Experiment-Molecule/GNN/DIR.py[line:435] - INFO: Epoch [29/1000] Train_MSE: 1.358286 Val_MSE: 1.527958 | Total_Loss: 2.620284 Causal_Loss: 1.163000 DIR_Penalty: 0.062577 Spurious_Loss: 1.457221
2025-12-05 20:17:59,777 - /home/kantorkristof/git/neurips-polymer/II_Experiment-Molecule/GNN/DIR.py[line:435] - INFO: Epoch [30/1000] Train_MSE: 1.336883 Val_MSE: 1.538809 | Total_Loss: 2.591871 Causal_Loss: 1.134327 DIR_Penalty: 0.075782 Spurious_Loss: 1.457468
2025-12-05 20:18:04,246 - /home/kantorkristof/git/neurips-polymer/II_Experiment-Molecule/GNN/DIR.py[line:435] - INFO: Epoch [31/1000] Train_MSE: 1.469135 Val_MSE: 1.604705 | Total_Loss: 2.570105 Causal_Loss: 1.123250 DIR_Penalty: 0.070269 Spurious_Loss: 1.446785
2025-12-05 20:18:08,713 - /home/kantorkristof/git/neurips-polymer/II_Experiment-Molecule/GNN/DIR.py[line:435] - INFO: Epoch [32/1000] Train_MSE: 2.360113 Val_MSE: 2.489053 | Total_Loss: 2.613377 Causal_Loss: 1.152900 DIR_Penalty: 0.065496 Spurious_Loss: 1.460411
2025-12-05 20:18:13,247 - /home/kantorkristof/git/neurips-polymer/II_Experiment-Molecule/GNN/DIR.py[line:435] - INFO: Epoch [33/1000] Train_MSE: 1.385424 Val_MSE: 1.569643 | Total_Loss: 2.588327 Causal_Loss: 1.132167 DIR_Penalty: 0.072100 Spurious_Loss: 1.456088
2025-12-05 20:18:17,745 - /home/kantorkristof/git/neurips-polymer/II_Experiment-Molecule/GNN/DIR.py[line:435] - INFO: Epoch [34/1000] Train_MSE: 1.327968 Val_MSE: 1.479378 | Total_Loss: 2.602430 Causal_Loss: 1.128873 DIR_Penalty: 0.085988 Spurious_Loss: 1.473471
2025-12-05 20:18:22,299 - /home/kantorkristof/git/neurips-polymer/II_Experiment-Molecule/GNN/DIR.py[line:435] - INFO: Epoch [35/1000] Train_MSE: 1.359223 Val_MSE: 1.510342 | Total_Loss: 2.600897 Causal_Loss: 1.142221 DIR_Penalty: 0.072742 Spurious_Loss: 1.458603
2025-12-05 20:18:26,878 - /home/kantorkristof/git/neurips-polymer/II_Experiment-Molecule/GNN/DIR.py[line:435] - INFO: Epoch [36/1000] Train_MSE: 1.399414 Val_MSE: 1.578358 | Total_Loss: 2.547178 Causal_Loss: 1.103060 DIR_Penalty: 0.077732 Spurious_Loss: 1.444040
2025-12-05 20:18:31,558 - /home/kantorkristof/git/neurips-polymer/II_Experiment-Molecule/GNN/DIR.py[line:435] - INFO: Epoch [37/1000] Train_MSE: 1.327337 Val_MSE: 1.505314 | Total_Loss: 2.568813 Causal_Loss: 1.112723 DIR_Penalty: 0.083871 Spurious_Loss: 1.456006
2025-12-05 20:18:36,187 - /home/kantorkristof/git/neurips-polymer/II_Experiment-Molecule/GNN/DIR.py[line:435] - INFO: Epoch [38/1000] Train_MSE: 1.420847 Val_MSE: 1.598332 | Total_Loss: 2.679849 Causal_Loss: 1.175112 DIR_Penalty: 0.077625 Spurious_Loss: 1.504660
2025-12-05 20:18:40,790 - /home/kantorkristof/git/neurips-polymer/II_Experiment-Molecule/GNN/DIR.py[line:435] - INFO: Epoch [39/1000] Train_MSE: 1.485816 Val_MSE: 1.663824 | Total_Loss: 2.574277 Causal_Loss: 1.114728 DIR_Penalty: 0.081945 Spurious_Loss: 1.459468
2025-12-05 20:18:45,298 - /home/kantorkristof/git/neurips-polymer/II_Experiment-Molecule/GNN/DIR.py[line:435] - INFO: Epoch [40/1000] Train_MSE: 1.498489 Val_MSE: 1.674997 | Total_Loss: 2.569529 Causal_Loss: 1.112425 DIR_Penalty: 0.083203 Spurious_Loss: 1.457020
2025-12-05 20:18:49,886 - /home/kantorkristof/git/neurips-polymer/II_Experiment-Molecule/GNN/DIR.py[line:435] - INFO: Epoch [41/1000] Train_MSE: 1.990698 Val_MSE: 2.138381 | Total_Loss: 2.546832 Causal_Loss: 1.097479 DIR_Penalty: 0.084418 Spurious_Loss: 1.449269
2025-12-05 20:18:54,417 - /home/kantorkristof/git/neurips-polymer/II_Experiment-Molecule/GNN/DIR.py[line:435] - INFO: Epoch [42/1000] Train_MSE: 1.367203 Val_MSE: 1.545059 | Total_Loss: 2.536191 Causal_Loss: 1.086784 DIR_Penalty: 0.088156 Spurious_Loss: 1.449319
2025-12-05 20:18:58,940 - /home/kantorkristof/git/neurips-polymer/II_Experiment-Molecule/GNN/DIR.py[line:435] - INFO: Epoch [43/1000] Train_MSE: 1.479045 Val_MSE: 1.615902 | Total_Loss: 2.505736 Causal_Loss: 1.058472 DIR_Penalty: 0.095635 Spurious_Loss: 1.447169
2025-12-05 20:19:03,447 - /home/kantorkristof/git/neurips-polymer/II_Experiment-Molecule/GNN/DIR.py[line:435] - INFO: Epoch [44/1000] Train_MSE: 1.411294 Val_MSE: 1.561356 | Total_Loss: 2.509614 Causal_Loss: 1.066366 DIR_Penalty: 0.097127 Spurious_Loss: 1.443151
2025-12-05 20:19:07,927 - /home/kantorkristof/git/neurips-polymer/II_Experiment-Molecule/GNN/DIR.py[line:435] - INFO: Epoch [45/1000] Train_MSE: 1.372712 Val_MSE: 1.564081 | Total_Loss: 2.497020 Causal_Loss: 1.053688 DIR_Penalty: 0.099922 Spurious_Loss: 1.443232
2025-12-05 20:19:12,460 - /home/kantorkristof/git/neurips-polymer/II_Experiment-Molecule/GNN/DIR.py[line:435] - INFO: Epoch [46/1000] Train_MSE: 1.504579 Val_MSE: 1.671215 | Total_Loss: 2.547999 Causal_Loss: 1.097160 DIR_Penalty: 0.084126 Spurious_Loss: 1.450755
2025-12-05 20:19:17,046 - /home/kantorkristof/git/neurips-polymer/II_Experiment-Molecule/GNN/DIR.py[line:435] - INFO: Epoch [47/1000] Train_MSE: 2.270660 Val_MSE: 2.372668 | Total_Loss: 2.500918 Causal_Loss: 1.047476 DIR_Penalty: 0.114432 Spurious_Loss: 1.453327
2025-12-05 20:19:21,630 - /home/kantorkristof/git/neurips-polymer/II_Experiment-Molecule/GNN/DIR.py[line:435] - INFO: Epoch [48/1000] Train_MSE: 1.869222 Val_MSE: 1.989949 | Total_Loss: 2.465166 Causal_Loss: 1.029755 DIR_Penalty: 0.111962 Spurious_Loss: 1.435299
2025-12-05 20:19:26,297 - /home/kantorkristof/git/neurips-polymer/II_Experiment-Molecule/GNN/DIR.py[line:435] - INFO: Epoch [49/1000] Train_MSE: 1.412971 Val_MSE: 1.574273 | Total_Loss: 2.484670 Causal_Loss: 1.029264 DIR_Penalty: 0.116470 Spurious_Loss: 1.455290
2025-12-05 20:19:30,923 - /home/kantorkristof/git/neurips-polymer/II_Experiment-Molecule/GNN/DIR.py[line:435] - INFO: Epoch [50/1000] Train_MSE: 1.739768 Val_MSE: 1.891458 | Total_Loss: 2.483834 Causal_Loss: 1.051483 DIR_Penalty: 0.099853 Spurious_Loss: 1.432251
2025-12-05 20:19:35,501 - /home/kantorkristof/git/neurips-polymer/II_Experiment-Molecule/GNN/DIR.py[line:435] - INFO: Epoch [51/1000] Train_MSE: 1.970408 Val_MSE: 2.096174 | Total_Loss: 2.497857 Causal_Loss: 1.041100 DIR_Penalty: 0.129070 Spurious_Loss: 1.456628
2025-12-05 20:19:40,090 - /home/kantorkristof/git/neurips-polymer/II_Experiment-Molecule/GNN/DIR.py[line:435] - INFO: Epoch [52/1000] Train_MSE: 1.463556 Val_MSE: 1.631756 | Total_Loss: 2.485103 Causal_Loss: 1.038653 DIR_Penalty: 0.112135 Spurious_Loss: 1.446338
2025-12-05 20:19:44,661 - /home/kantorkristof/git/neurips-polymer/II_Experiment-Molecule/GNN/DIR.py[line:435] - INFO: Epoch [53/1000] Train_MSE: 1.548130 Val_MSE: 1.709854 | Total_Loss: 2.452257 Causal_Loss: 1.040235 DIR_Penalty: 0.097493 Spurious_Loss: 1.411925
2025-12-05 20:19:49,199 - /home/kantorkristof/git/neurips-polymer/II_Experiment-Molecule/GNN/DIR.py[line:435] - INFO: Epoch [54/1000] Train_MSE: 1.543502 Val_MSE: 1.692207 | Total_Loss: 2.458340 Causal_Loss: 1.021612 DIR_Penalty: 0.112128 Spurious_Loss: 1.436616
2025-12-05 20:19:53,690 - /home/kantorkristof/git/neurips-polymer/II_Experiment-Molecule/GNN/DIR.py[line:435] - INFO: Epoch [55/1000] Train_MSE: 1.400739 Val_MSE: 1.560972 | Total_Loss: 2.428621 Causal_Loss: 0.990641 DIR_Penalty: 0.129141 Spurious_Loss: 1.437850
2025-12-05 20:19:58,214 - /home/kantorkristof/git/neurips-polymer/II_Experiment-Molecule/GNN/DIR.py[line:435] - INFO: Epoch [56/1000] Train_MSE: 1.325901 Val_MSE: 1.486562 | Total_Loss: 2.449372 Causal_Loss: 1.009673 DIR_Penalty: 0.118376 Spurious_Loss: 1.439581
2025-12-05 20:20:02,798 - /home/kantorkristof/git/neurips-polymer/II_Experiment-Molecule/GNN/DIR.py[line:435] - INFO: Epoch [57/1000] Train_MSE: 1.320187 Val_MSE: 1.486815 | Total_Loss: 2.426481 Causal_Loss: 1.016700 DIR_Penalty: 0.108180 Spurious_Loss: 1.409673
2025-12-05 20:20:07,354 - /home/kantorkristof/git/neurips-polymer/II_Experiment-Molecule/GNN/DIR.py[line:435] - INFO: Epoch [58/1000] Train_MSE: 1.786063 Val_MSE: 1.924967 | Total_Loss: 2.504479 Causal_Loss: 1.071534 DIR_Penalty: 0.098375 Spurious_Loss: 1.432846
2025-12-05 20:20:11,775 - /home/kantorkristof/git/neurips-polymer/II_Experiment-Molecule/GNN/DIR.py[line:435] - INFO: Epoch [59/1000] Train_MSE: 1.352596 Val_MSE: 1.515495 | Total_Loss: 2.462604 Causal_Loss: 1.024197 DIR_Penalty: 0.113756 Spurious_Loss: 1.438294
2025-12-05 20:20:16,215 - /home/kantorkristof/git/neurips-polymer/II_Experiment-Molecule/GNN/DIR.py[line:435] - INFO: Epoch [60/1000] Train_MSE: 1.332025 Val_MSE: 1.492845 | Total_Loss: 2.491540 Causal_Loss: 1.027542 DIR_Penalty: 0.130499 Spurious_Loss: 1.463868
2025-12-05 20:20:20,740 - /home/kantorkristof/git/neurips-polymer/II_Experiment-Molecule/GNN/DIR.py[line:435] - INFO: Epoch [61/1000] Train_MSE: 1.346453 Val_MSE: 1.531968 | Total_Loss: 2.479777 Causal_Loss: 1.029504 DIR_Penalty: 0.119407 Spurious_Loss: 1.450154
2025-12-05 20:20:25,265 - /home/kantorkristof/git/neurips-polymer/II_Experiment-Molecule/GNN/DIR.py[line:435] - INFO: Epoch [62/1000] Train_MSE: 1.232748 Val_MSE: 1.391245 | Total_Loss: 2.455004 Causal_Loss: 1.018278 DIR_Penalty: 0.126854 Spurious_Loss: 1.436599
2025-12-05 20:20:25,269 - /home/kantorkristof/git/neurips-polymer/II_Experiment-Molecule/GNN/DIR.py[line:449] - INFO: Best model saved at epoch 62 with val_mse 1.391245
2025-12-05 20:20:29,776 - /home/kantorkristof/git/neurips-polymer/II_Experiment-Molecule/GNN/DIR.py[line:435] - INFO: Epoch [63/1000] Train_MSE: 1.262511 Val_MSE: 1.394586 | Total_Loss: 2.441201 Causal_Loss: 0.988931 DIR_Penalty: 0.136973 Spurious_Loss: 1.452134
2025-12-05 20:20:34,342 - /home/kantorkristof/git/neurips-polymer/II_Experiment-Molecule/GNN/DIR.py[line:435] - INFO: Epoch [64/1000] Train_MSE: 1.252496 Val_MSE: 1.398681 | Total_Loss: 2.368044 Causal_Loss: 0.955538 DIR_Penalty: 0.133415 Spurious_Loss: 1.412373
2025-12-05 20:20:38,906 - /home/kantorkristof/git/neurips-polymer/II_Experiment-Molecule/GNN/DIR.py[line:435] - INFO: Epoch [65/1000] Train_MSE: 1.312800 Val_MSE: 1.474357 | Total_Loss: 2.419965 Causal_Loss: 0.990823 DIR_Penalty: 0.125321 Spurious_Loss: 1.429016
2025-12-05 20:20:43,444 - /home/kantorkristof/git/neurips-polymer/II_Experiment-Molecule/GNN/DIR.py[line:435] - INFO: Epoch [66/1000] Train_MSE: 1.262453 Val_MSE: 1.409977 | Total_Loss: 2.409046 Causal_Loss: 0.972867 DIR_Penalty: 0.144228 Spurious_Loss: 1.436035
2025-12-05 20:20:48,028 - /home/kantorkristof/git/neurips-polymer/II_Experiment-Molecule/GNN/DIR.py[line:435] - INFO: Epoch [67/1000] Train_MSE: 1.310379 Val_MSE: 1.465203 | Total_Loss: 2.365204 Causal_Loss: 0.956739 DIR_Penalty: 0.136772 Spurious_Loss: 1.408329
2025-12-05 20:20:52,604 - /home/kantorkristof/git/neurips-polymer/II_Experiment-Molecule/GNN/DIR.py[line:435] - INFO: Epoch [68/1000] Train_MSE: 1.272145 Val_MSE: 1.424581 | Total_Loss: 2.431014 Causal_Loss: 0.986128 DIR_Penalty: 0.159859 Spurious_Loss: 1.444726
2025-12-05 20:20:57,194 - /home/kantorkristof/git/neurips-polymer/II_Experiment-Molecule/GNN/DIR.py[line:435] - INFO: Epoch [69/1000] Train_MSE: 1.306158 Val_MSE: 1.427511 | Total_Loss: 2.379889 Causal_Loss: 0.963964 DIR_Penalty: 0.130958 Spurious_Loss: 1.415794
2025-12-05 20:21:01,843 - /home/kantorkristof/git/neurips-polymer/II_Experiment-Molecule/GNN/DIR.py[line:435] - INFO: Epoch [70/1000] Train_MSE: 1.239546 Val_MSE: 1.371355 | Total_Loss: 2.448549 Causal_Loss: 1.002572 DIR_Penalty: 0.128253 Spurious_Loss: 1.445849
2025-12-05 20:21:01,847 - /home/kantorkristof/git/neurips-polymer/II_Experiment-Molecule/GNN/DIR.py[line:449] - INFO: Best model saved at epoch 70 with val_mse 1.371355
2025-12-05 20:21:06,400 - /home/kantorkristof/git/neurips-polymer/II_Experiment-Molecule/GNN/DIR.py[line:435] - INFO: Epoch [71/1000] Train_MSE: 1.261371 Val_MSE: 1.388970 | Total_Loss: 2.438349 Causal_Loss: 0.996115 DIR_Penalty: 0.133607 Spurious_Loss: 1.442101
2025-12-05 20:21:10,973 - /home/kantorkristof/git/neurips-polymer/II_Experiment-Molecule/GNN/DIR.py[line:435] - INFO: Epoch [72/1000] Train_MSE: 1.293090 Val_MSE: 1.424735 | Total_Loss: 2.407229 Causal_Loss: 0.983027 DIR_Penalty: 0.125567 Spurious_Loss: 1.424076
2025-12-05 20:21:15,530 - /home/kantorkristof/git/neurips-polymer/II_Experiment-Molecule/GNN/DIR.py[line:435] - INFO: Epoch [73/1000] Train_MSE: 1.360603 Val_MSE: 1.492016 | Total_Loss: 2.381704 Causal_Loss: 0.961283 DIR_Penalty: 0.142257 Spurious_Loss: 1.420279
2025-12-05 20:21:19,996 - /home/kantorkristof/git/neurips-polymer/II_Experiment-Molecule/GNN/DIR.py[line:435] - INFO: Epoch [74/1000] Train_MSE: 1.355602 Val_MSE: 1.503491 | Total_Loss: 2.386258 Causal_Loss: 0.970319 DIR_Penalty: 0.127856 Spurious_Loss: 1.415811
2025-12-05 20:21:24,452 - /home/kantorkristof/git/neurips-polymer/II_Experiment-Molecule/GNN/DIR.py[line:435] - INFO: Epoch [75/1000] Train_MSE: 1.230866 Val_MSE: 1.376096 | Total_Loss: 2.384933 Causal_Loss: 0.968448 DIR_Penalty: 0.137569 Spurious_Loss: 1.416347
2025-12-05 20:21:28,886 - /home/kantorkristof/git/neurips-polymer/II_Experiment-Molecule/GNN/DIR.py[line:435] - INFO: Epoch [76/1000] Train_MSE: 1.493836 Val_MSE: 1.618861 | Total_Loss: 2.381356 Causal_Loss: 0.957124 DIR_Penalty: 0.145186 Spurious_Loss: 1.424087
2025-12-05 20:21:33,416 - /home/kantorkristof/git/neurips-polymer/II_Experiment-Molecule/GNN/DIR.py[line:435] - INFO: Epoch [77/1000] Train_MSE: 1.352772 Val_MSE: 1.487064 | Total_Loss: 2.388815 Causal_Loss: 0.964567 DIR_Penalty: 0.136570 Spurious_Loss: 1.424111
2025-12-05 20:21:37,956 - /home/kantorkristof/git/neurips-polymer/II_Experiment-Molecule/GNN/DIR.py[line:435] - INFO: Epoch [78/1000] Train_MSE: 1.272707 Val_MSE: 1.384593 | Total_Loss: 2.370806 Causal_Loss: 0.926903 DIR_Penalty: 0.179897 Spurious_Loss: 1.443723
2025-12-05 20:21:42,516 - /home/kantorkristof/git/neurips-polymer/II_Experiment-Molecule/GNN/DIR.py[line:435] - INFO: Epoch [79/1000] Train_MSE: 1.335337 Val_MSE: 1.442861 | Total_Loss: 2.427976 Causal_Loss: 0.979878 DIR_Penalty: 0.139036 Spurious_Loss: 1.447959
2025-12-05 20:21:46,988 - /home/kantorkristof/git/neurips-polymer/II_Experiment-Molecule/GNN/DIR.py[line:435] - INFO: Epoch [80/1000] Train_MSE: 1.513573 Val_MSE: 1.614527 | Total_Loss: 2.393592 Causal_Loss: 0.977368 DIR_Penalty: 0.134755 Spurious_Loss: 1.416089
2025-12-05 20:21:51,529 - /home/kantorkristof/git/neurips-polymer/II_Experiment-Molecule/GNN/DIR.py[line:435] - INFO: Epoch [81/1000] Train_MSE: 1.427688 Val_MSE: 1.539375 | Total_Loss: 2.337328 Causal_Loss: 0.936637 DIR_Penalty: 0.162192 Spurious_Loss: 1.400529
2025-12-05 20:21:56,036 - /home/kantorkristof/git/neurips-polymer/II_Experiment-Molecule/GNN/DIR.py[line:435] - INFO: Epoch [82/1000] Train_MSE: 1.392094 Val_MSE: 1.531229 | Total_Loss: 2.387856 Causal_Loss: 0.966469 DIR_Penalty: 0.138507 Spurious_Loss: 1.421248
2025-12-05 20:22:00,497 - /home/kantorkristof/git/neurips-polymer/II_Experiment-Molecule/GNN/DIR.py[line:435] - INFO: Epoch [83/1000] Train_MSE: 1.288169 Val_MSE: 1.430130 | Total_Loss: 2.394376 Causal_Loss: 0.960853 DIR_Penalty: 0.149139 Spurious_Loss: 1.433374
2025-12-05 20:22:05,016 - /home/kantorkristof/git/neurips-polymer/II_Experiment-Molecule/GNN/DIR.py[line:435] - INFO: Epoch [84/1000] Train_MSE: 1.273096 Val_MSE: 1.408579 | Total_Loss: 2.402690 Causal_Loss: 0.979547 DIR_Penalty: 0.133594 Spurious_Loss: 1.423009
2025-12-05 20:22:09,525 - /home/kantorkristof/git/neurips-polymer/II_Experiment-Molecule/GNN/DIR.py[line:435] - INFO: Epoch [85/1000] Train_MSE: 1.381540 Val_MSE: 1.506613 | Total_Loss: 2.361688 Causal_Loss: 0.940136 DIR_Penalty: 0.163371 Spurious_Loss: 1.421388
2025-12-05 20:22:14,041 - /home/kantorkristof/git/neurips-polymer/II_Experiment-Molecule/GNN/DIR.py[line:435] - INFO: Epoch [86/1000] Train_MSE: 1.263112 Val_MSE: 1.400495 | Total_Loss: 2.339238 Causal_Loss: 0.923178 DIR_Penalty: 0.157336 Spurious_Loss: 1.415903
2025-12-05 20:22:18,531 - /home/kantorkristof/git/neurips-polymer/II_Experiment-Molecule/GNN/DIR.py[line:435] - INFO: Epoch [87/1000] Train_MSE: 1.451498 Val_MSE: 1.587895 | Total_Loss: 2.375958 Causal_Loss: 0.958231 DIR_Penalty: 0.142173 Spurious_Loss: 1.417584
2025-12-05 20:22:22,928 - /home/kantorkristof/git/neurips-polymer/II_Experiment-Molecule/GNN/DIR.py[line:435] - INFO: Epoch [88/1000] Train_MSE: 1.313655 Val_MSE: 1.419511 | Total_Loss: 2.329103 Causal_Loss: 0.918682 DIR_Penalty: 0.156169 Spurious_Loss: 1.410265
2025-12-05 20:22:27,412 - /home/kantorkristof/git/neurips-polymer/II_Experiment-Molecule/GNN/DIR.py[line:435] - INFO: Epoch [89/1000] Train_MSE: 1.310821 Val_MSE: 1.421755 | Total_Loss: 2.342934 Causal_Loss: 0.914800 DIR_Penalty: 0.168616 Spurious_Loss: 1.427966
2025-12-05 20:22:31,972 - /home/kantorkristof/git/neurips-polymer/II_Experiment-Molecule/GNN/DIR.py[line:435] - INFO: Epoch [90/1000] Train_MSE: 1.454305 Val_MSE: 1.558316 | Total_Loss: 2.336012 Causal_Loss: 0.910814 DIR_Penalty: 0.166401 Spurious_Loss: 1.425031
2025-12-05 20:22:36,577 - /home/kantorkristof/git/neurips-polymer/II_Experiment-Molecule/GNN/DIR.py[line:435] - INFO: Epoch [91/1000] Train_MSE: 1.265621 Val_MSE: 1.397581 | Total_Loss: 2.320557 Causal_Loss: 0.911239 DIR_Penalty: 0.159692 Spurious_Loss: 1.409158
2025-12-05 20:22:41,150 - /home/kantorkristof/git/neurips-polymer/II_Experiment-Molecule/GNN/DIR.py[line:435] - INFO: Epoch [92/1000] Train_MSE: 1.246897 Val_MSE: 1.362809 | Total_Loss: 2.356771 Causal_Loss: 0.947993 DIR_Penalty: 0.151454 Spurious_Loss: 1.408626
2025-12-05 20:22:41,154 - /home/kantorkristof/git/neurips-polymer/II_Experiment-Molecule/GNN/DIR.py[line:449] - INFO: Best model saved at epoch 92 with val_mse 1.362809
2025-12-05 20:22:45,728 - /home/kantorkristof/git/neurips-polymer/II_Experiment-Molecule/GNN/DIR.py[line:435] - INFO: Epoch [93/1000] Train_MSE: 1.362132 Val_MSE: 1.473633 | Total_Loss: 2.339476 Causal_Loss: 0.905928 DIR_Penalty: 0.184460 Spurious_Loss: 1.433363
2025-12-05 20:22:50,362 - /home/kantorkristof/git/neurips-polymer/II_Experiment-Molecule/GNN/DIR.py[line:435] - INFO: Epoch [94/1000] Train_MSE: 1.311479 Val_MSE: 1.433923 | Total_Loss: 2.342918 Causal_Loss: 0.934448 DIR_Penalty: 0.147927 Spurious_Loss: 1.408322
2025-12-05 20:22:55,001 - /home/kantorkristof/git/neurips-polymer/II_Experiment-Molecule/GNN/DIR.py[line:435] - INFO: Epoch [95/1000] Train_MSE: 1.376339 Val_MSE: 1.503794 | Total_Loss: 2.289922 Causal_Loss: 0.894477 DIR_Penalty: 0.173115 Spurious_Loss: 1.395271
2025-12-05 20:22:59,626 - /home/kantorkristof/git/neurips-polymer/II_Experiment-Molecule/GNN/DIR.py[line:435] - INFO: Epoch [96/1000] Train_MSE: 1.329663 Val_MSE: 1.456166 | Total_Loss: 2.296655 Causal_Loss: 0.872052 DIR_Penalty: 0.189657 Spurious_Loss: 1.424414
2025-12-05 20:23:04,242 - /home/kantorkristof/git/neurips-polymer/II_Experiment-Molecule/GNN/DIR.py[line:435] - INFO: Epoch [97/1000] Train_MSE: 1.309308 Val_MSE: 1.431358 | Total_Loss: 2.290086 Causal_Loss: 0.892942 DIR_Penalty: 0.151405 Spurious_Loss: 1.396992
2025-12-05 20:23:08,816 - /home/kantorkristof/git/neurips-polymer/II_Experiment-Molecule/GNN/DIR.py[line:435] - INFO: Epoch [98/1000] Train_MSE: 1.350295 Val_MSE: 1.491976 | Total_Loss: 2.331060 Causal_Loss: 0.900546 DIR_Penalty: 0.183128 Spurious_Loss: 1.430331
2025-12-05 20:23:13,362 - /home/kantorkristof/git/neurips-polymer/II_Experiment-Molecule/GNN/DIR.py[line:435] - INFO: Epoch [99/1000] Train_MSE: 1.414014 Val_MSE: 1.535731 | Total_Loss: 2.341572 Causal_Loss: 0.930837 DIR_Penalty: 0.157073 Spurious_Loss: 1.410578
2025-12-05 20:23:17,928 - /home/kantorkristof/git/neurips-polymer/II_Experiment-Molecule/GNN/DIR.py[line:435] - INFO: Epoch [100/1000] Train_MSE: 1.322149 Val_MSE: 1.453681 | Total_Loss: 2.325697 Causal_Loss: 0.918195 DIR_Penalty: 0.154573 Spurious_Loss: 1.407347
2025-12-05 20:23:22,475 - /home/kantorkristof/git/neurips-polymer/II_Experiment-Molecule/GNN/DIR.py[line:435] - INFO: Epoch [101/1000] Train_MSE: 1.326390 Val_MSE: 1.439386 | Total_Loss: 2.337828 Causal_Loss: 0.918251 DIR_Penalty: 0.161948 Spurious_Loss: 1.419415
2025-12-05 20:23:27,002 - /home/kantorkristof/git/neurips-polymer/II_Experiment-Molecule/GNN/DIR.py[line:435] - INFO: Epoch [102/1000] Train_MSE: 1.368533 Val_MSE: 1.492557 | Total_Loss: 2.343208 Causal_Loss: 0.923945 DIR_Penalty: 0.161850 Spurious_Loss: 1.419100
2025-12-05 20:23:31,474 - /home/kantorkristof/git/neurips-polymer/II_Experiment-Molecule/GNN/DIR.py[line:435] - INFO: Epoch [103/1000] Train_MSE: 1.351881 Val_MSE: 1.457948 | Total_Loss: 2.309226 Causal_Loss: 0.889899 DIR_Penalty: 0.185675 Spurious_Loss: 1.419142
2025-12-05 20:23:35,929 - /home/kantorkristof/git/neurips-polymer/II_Experiment-Molecule/GNN/DIR.py[line:435] - INFO: Epoch [104/1000] Train_MSE: 1.341892 Val_MSE: 1.455304 | Total_Loss: 2.325623 Causal_Loss: 0.913968 DIR_Penalty: 0.153546 Spurious_Loss: 1.411502
2025-12-05 20:23:40,318 - /home/kantorkristof/git/neurips-polymer/II_Experiment-Molecule/GNN/DIR.py[line:435] - INFO: Epoch [105/1000] Train_MSE: 1.397761 Val_MSE: 1.525357 | Total_Loss: 2.294561 Causal_Loss: 0.879172 DIR_Penalty: 0.185310 Spurious_Loss: 1.415203
2025-12-05 20:23:44,699 - /home/kantorkristof/git/neurips-polymer/II_Experiment-Molecule/GNN/DIR.py[line:435] - INFO: Epoch [106/1000] Train_MSE: 1.354439 Val_MSE: 1.480161 | Total_Loss: 2.277152 Causal_Loss: 0.872985 DIR_Penalty: 0.184539 Spurious_Loss: 1.403982
2025-12-05 20:23:49,123 - /home/kantorkristof/git/neurips-polymer/II_Experiment-Molecule/GNN/DIR.py[line:435] - INFO: Epoch [107/1000] Train_MSE: 1.292792 Val_MSE: 1.424625 | Total_Loss: 2.286751 Causal_Loss: 0.881818 DIR_Penalty: 0.181898 Spurious_Loss: 1.404752
2025-12-05 20:23:53,617 - /home/kantorkristof/git/neurips-polymer/II_Experiment-Molecule/GNN/DIR.py[line:435] - INFO: Epoch [108/1000] Train_MSE: 1.350185 Val_MSE: 1.499715 | Total_Loss: 2.278384 Causal_Loss: 0.884461 DIR_Penalty: 0.182095 Spurious_Loss: 1.393741
2025-12-05 20:23:58,094 - /home/kantorkristof/git/neurips-polymer/II_Experiment-Molecule/GNN/DIR.py[line:435] - INFO: Epoch [109/1000] Train_MSE: 1.289965 Val_MSE: 1.429907 | Total_Loss: 2.330387 Causal_Loss: 0.916577 DIR_Penalty: 0.152979 Spurious_Loss: 1.413656
2025-12-05 20:24:02,580 - /home/kantorkristof/git/neurips-polymer/II_Experiment-Molecule/GNN/DIR.py[line:435] - INFO: Epoch [110/1000] Train_MSE: 1.291112 Val_MSE: 1.405279 | Total_Loss: 2.303511 Causal_Loss: 0.891247 DIR_Penalty: 0.194279 Spurious_Loss: 1.412070
2025-12-05 20:24:07,049 - /home/kantorkristof/git/neurips-polymer/II_Experiment-Molecule/GNN/DIR.py[line:435] - INFO: Epoch [111/1000] Train_MSE: 1.282703 Val_MSE: 1.395005 | Total_Loss: 2.271749 Causal_Loss: 0.877742 DIR_Penalty: 0.175594 Spurious_Loss: 1.393831
2025-12-05 20:24:11,522 - /home/kantorkristof/git/neurips-polymer/II_Experiment-Molecule/GNN/DIR.py[line:435] - INFO: Epoch [112/1000] Train_MSE: 1.469896 Val_MSE: 1.616435 | Total_Loss: 2.275965 Causal_Loss: 0.873255 DIR_Penalty: 0.185696 Spurious_Loss: 1.402524
2025-12-05 20:24:15,997 - /home/kantorkristof/git/neurips-polymer/II_Experiment-Molecule/GNN/DIR.py[line:435] - INFO: Epoch [113/1000] Train_MSE: 1.452204 Val_MSE: 1.572459 | Total_Loss: 2.280901 Causal_Loss: 0.889304 DIR_Penalty: 0.179799 Spurious_Loss: 1.391417
2025-12-05 20:24:20,496 - /home/kantorkristof/git/neurips-polymer/II_Experiment-Molecule/GNN/DIR.py[line:435] - INFO: Epoch [114/1000] Train_MSE: 1.308810 Val_MSE: 1.428388 | Total_Loss: 2.261646 Causal_Loss: 0.862635 DIR_Penalty: 0.185411 Spurious_Loss: 1.398825
2025-12-05 20:24:25,030 - /home/kantorkristof/git/neurips-polymer/II_Experiment-Molecule/GNN/DIR.py[line:435] - INFO: Epoch [115/1000] Train_MSE: 1.324110 Val_MSE: 1.442065 | Total_Loss: 2.267654 Causal_Loss: 0.871949 DIR_Penalty: 0.184987 Spurious_Loss: 1.395520
2025-12-05 20:24:29,443 - /home/kantorkristof/git/neurips-polymer/II_Experiment-Molecule/GNN/DIR.py[line:435] - INFO: Epoch [116/1000] Train_MSE: 1.410517 Val_MSE: 1.517678 | Total_Loss: 2.238352 Causal_Loss: 0.850347 DIR_Penalty: 0.187906 Spurious_Loss: 1.387817
2025-12-05 20:24:33,883 - /home/kantorkristof/git/neurips-polymer/II_Experiment-Molecule/GNN/DIR.py[line:435] - INFO: Epoch [117/1000] Train_MSE: 1.411339 Val_MSE: 1.506737 | Total_Loss: 2.288871 Causal_Loss: 0.873360 DIR_Penalty: 0.203344 Spurious_Loss: 1.415308
2025-12-05 20:24:38,336 - /home/kantorkristof/git/neurips-polymer/II_Experiment-Molecule/GNN/DIR.py[line:435] - INFO: Epoch [118/1000] Train_MSE: 1.651886 Val_MSE: 1.749943 | Total_Loss: 2.270163 Causal_Loss: 0.860782 DIR_Penalty: 0.189253 Spurious_Loss: 1.409192
2025-12-05 20:24:42,938 - /home/kantorkristof/git/neurips-polymer/II_Experiment-Molecule/GNN/DIR.py[line:435] - INFO: Epoch [119/1000] Train_MSE: 1.358491 Val_MSE: 1.470041 | Total_Loss: 2.265590 Causal_Loss: 0.854073 DIR_Penalty: 0.192521 Spurious_Loss: 1.411325
2025-12-05 20:24:47,518 - /home/kantorkristof/git/neurips-polymer/II_Experiment-Molecule/GNN/DIR.py[line:435] - INFO: Epoch [120/1000] Train_MSE: 1.619587 Val_MSE: 1.758309 | Total_Loss: 2.237831 Causal_Loss: 0.845955 DIR_Penalty: 0.190513 Spurious_Loss: 1.391685
2025-12-05 20:24:52,063 - /home/kantorkristof/git/neurips-polymer/II_Experiment-Molecule/GNN/DIR.py[line:435] - INFO: Epoch [121/1000] Train_MSE: 1.447179 Val_MSE: 1.547635 | Total_Loss: 2.282931 Causal_Loss: 0.883025 DIR_Penalty: 0.183791 Spurious_Loss: 1.399723
2025-12-05 20:24:56,536 - /home/kantorkristof/git/neurips-polymer/II_Experiment-Molecule/GNN/DIR.py[line:435] - INFO: Epoch [122/1000] Train_MSE: 1.440587 Val_MSE: 1.556315 | Total_Loss: 2.264786 Causal_Loss: 0.870618 DIR_Penalty: 0.171057 Spurious_Loss: 1.393997
2025-12-05 20:25:00,997 - /home/kantorkristof/git/neurips-polymer/II_Experiment-Molecule/GNN/DIR.py[line:435] - INFO: Epoch [123/1000] Train_MSE: 1.530537 Val_MSE: 1.639207 | Total_Loss: 2.255311 Causal_Loss: 0.850737 DIR_Penalty: 0.197115 Spurious_Loss: 1.404377
2025-12-05 20:25:05,496 - /home/kantorkristof/git/neurips-polymer/II_Experiment-Molecule/GNN/DIR.py[line:435] - INFO: Epoch [124/1000] Train_MSE: 1.665565 Val_MSE: 1.796544 | Total_Loss: 2.259038 Causal_Loss: 0.856351 DIR_Penalty: 0.183730 Spurious_Loss: 1.402503
2025-12-05 20:25:09,948 - /home/kantorkristof/git/neurips-polymer/II_Experiment-Molecule/GNN/DIR.py[line:435] - INFO: Epoch [125/1000] Train_MSE: 1.467403 Val_MSE: 1.584230 | Total_Loss: 2.270970 Causal_Loss: 0.863219 DIR_Penalty: 0.207696 Spurious_Loss: 1.407544
2025-12-05 20:25:14,494 - /home/kantorkristof/git/neurips-polymer/II_Experiment-Molecule/GNN/DIR.py[line:435] - INFO: Epoch [126/1000] Train_MSE: 1.629660 Val_MSE: 1.749014 | Total_Loss: 2.260257 Causal_Loss: 0.867520 DIR_Penalty: 0.196185 Spurious_Loss: 1.392541
2025-12-05 20:25:19,014 - /home/kantorkristof/git/neurips-polymer/II_Experiment-Molecule/GNN/DIR.py[line:435] - INFO: Epoch [127/1000] Train_MSE: 1.636358 Val_MSE: 1.764757 | Total_Loss: 2.310341 Causal_Loss: 0.895580 DIR_Penalty: 0.179093 Spurious_Loss: 1.414582
2025-12-05 20:25:23,485 - /home/kantorkristof/git/neurips-polymer/II_Experiment-Molecule/GNN/DIR.py[line:435] - INFO: Epoch [128/1000] Train_MSE: 1.389890 Val_MSE: 1.503971 | Total_Loss: 2.212331 Causal_Loss: 0.816281 DIR_Penalty: 0.211953 Spurious_Loss: 1.395839
2025-12-05 20:25:27,945 - /home/kantorkristof/git/neurips-polymer/II_Experiment-Molecule/GNN/DIR.py[line:435] - INFO: Epoch [129/1000] Train_MSE: 1.421268 Val_MSE: 1.529818 | Total_Loss: 2.258115 Causal_Loss: 0.859537 DIR_Penalty: 0.198365 Spurious_Loss: 1.398379
2025-12-05 20:25:32,456 - /home/kantorkristof/git/neurips-polymer/II_Experiment-Molecule/GNN/DIR.py[line:435] - INFO: Epoch [130/1000] Train_MSE: 1.587197 Val_MSE: 1.711724 | Total_Loss: 2.232940 Causal_Loss: 0.827018 DIR_Penalty: 0.212813 Spurious_Loss: 1.405710
2025-12-05 20:25:36,918 - /home/kantorkristof/git/neurips-polymer/II_Experiment-Molecule/GNN/DIR.py[line:435] - INFO: Epoch [131/1000] Train_MSE: 1.551398 Val_MSE: 1.663488 | Total_Loss: 2.197945 Causal_Loss: 0.790493 DIR_Penalty: 0.238112 Spurious_Loss: 1.407214
2025-12-05 20:25:41,329 - /home/kantorkristof/git/neurips-polymer/II_Experiment-Molecule/GNN/DIR.py[line:435] - INFO: Epoch [132/1000] Train_MSE: 1.525947 Val_MSE: 1.648615 | Total_Loss: 2.259406 Causal_Loss: 0.856335 DIR_Penalty: 0.207611 Spurious_Loss: 1.402863
2025-12-05 20:25:45,741 - /home/kantorkristof/git/neurips-polymer/II_Experiment-Molecule/GNN/DIR.py[line:435] - INFO: Epoch [133/1000] Train_MSE: 1.606305 Val_MSE: 1.726205 | Total_Loss: 2.242681 Causal_Loss: 0.848809 DIR_Penalty: 0.197772 Spurious_Loss: 1.393675
2025-12-05 20:25:50,299 - /home/kantorkristof/git/neurips-polymer/II_Experiment-Molecule/GNN/DIR.py[line:435] - INFO: Epoch [134/1000] Train_MSE: 1.723383 Val_MSE: 1.844675 | Total_Loss: 2.218336 Causal_Loss: 0.822496 DIR_Penalty: 0.209886 Spurious_Loss: 1.395630
2025-12-05 20:25:54,871 - /home/kantorkristof/git/neurips-polymer/II_Experiment-Molecule/GNN/DIR.py[line:435] - INFO: Epoch [135/1000] Train_MSE: 1.550696 Val_MSE: 1.674351 | Total_Loss: 2.284475 Causal_Loss: 0.869713 DIR_Penalty: 0.194803 Spurious_Loss: 1.414567
2025-12-05 20:25:59,278 - /home/kantorkristof/git/neurips-polymer/II_Experiment-Molecule/GNN/DIR.py[line:435] - INFO: Epoch [136/1000] Train_MSE: 1.755719 Val_MSE: 1.868390 | Total_Loss: 2.217890 Causal_Loss: 0.824365 DIR_Penalty: 0.197715 Spurious_Loss: 1.393327
2025-12-05 20:26:03,701 - /home/kantorkristof/git/neurips-polymer/II_Experiment-Molecule/GNN/DIR.py[line:435] - INFO: Epoch [137/1000] Train_MSE: 1.825023 Val_MSE: 1.940790 | Total_Loss: 2.241406 Causal_Loss: 0.836428 DIR_Penalty: 0.215371 Spurious_Loss: 1.404763
2025-12-05 20:26:08,234 - /home/kantorkristof/git/neurips-polymer/II_Experiment-Molecule/GNN/DIR.py[line:435] - INFO: Epoch [138/1000] Train_MSE: 1.977929 Val_MSE: 2.091276 | Total_Loss: 2.201321 Causal_Loss: 0.809567 DIR_Penalty: 0.219444 Spurious_Loss: 1.391534
2025-12-05 20:26:12,785 - /home/kantorkristof/git/neurips-polymer/II_Experiment-Molecule/GNN/DIR.py[line:435] - INFO: Epoch [139/1000] Train_MSE: 1.864753 Val_MSE: 1.988244 | Total_Loss: 2.263835 Causal_Loss: 0.862010 DIR_Penalty: 0.187560 Spurious_Loss: 1.401637
2025-12-05 20:26:17,285 - /home/kantorkristof/git/neurips-polymer/II_Experiment-Molecule/GNN/DIR.py[line:435] - INFO: Epoch [140/1000] Train_MSE: 2.326250 Val_MSE: 2.446894 | Total_Loss: 2.155400 Causal_Loss: 0.768552 DIR_Penalty: 0.237973 Spurious_Loss: 1.386610
2025-12-05 20:26:21,774 - /home/kantorkristof/git/neurips-polymer/II_Experiment-Molecule/GNN/DIR.py[line:435] - INFO: Epoch [141/1000] Train_MSE: 2.006713 Val_MSE: 2.108136 | Total_Loss: 2.193658 Causal_Loss: 0.801454 DIR_Penalty: 0.223340 Spurious_Loss: 1.391981
2025-12-05 20:26:26,219 - /home/kantorkristof/git/neurips-polymer/II_Experiment-Molecule/GNN/DIR.py[line:435] - INFO: Epoch [142/1000] Train_MSE: 1.464663 Val_MSE: 1.579819 | Total_Loss: 2.231633 Causal_Loss: 0.819295 DIR_Penalty: 0.224772 Spurious_Loss: 1.412113
2025-12-05 20:26:30,723 - /home/kantorkristof/git/neurips-polymer/II_Experiment-Molecule/GNN/DIR.py[line:435] - INFO: Epoch [143/1000] Train_MSE: 1.449717 Val_MSE: 1.573731 | Total_Loss: 2.255985 Causal_Loss: 0.857328 DIR_Penalty: 0.195101 Spurious_Loss: 1.398462
2025-12-05 20:26:35,253 - /home/kantorkristof/git/neurips-polymer/II_Experiment-Molecule/GNN/DIR.py[line:435] - INFO: Epoch [144/1000] Train_MSE: 1.549658 Val_MSE: 1.678912 | Total_Loss: 2.224244 Causal_Loss: 0.820409 DIR_Penalty: 0.205648 Spurious_Loss: 1.403629
2025-12-05 20:26:39,778 - /home/kantorkristof/git/neurips-polymer/II_Experiment-Molecule/GNN/DIR.py[line:435] - INFO: Epoch [145/1000] Train_MSE: 1.538281 Val_MSE: 1.663133 | Total_Loss: 2.236192 Causal_Loss: 0.835404 DIR_Penalty: 0.200210 Spurious_Loss: 1.400589
2025-12-05 20:26:44,300 - /home/kantorkristof/git/neurips-polymer/II_Experiment-Molecule/GNN/DIR.py[line:435] - INFO: Epoch [146/1000] Train_MSE: 1.888619 Val_MSE: 2.012146 | Total_Loss: 2.272803 Causal_Loss: 0.857580 DIR_Penalty: 0.193834 Spurious_Loss: 1.415030
2025-12-05 20:26:48,683 - /home/kantorkristof/git/neurips-polymer/II_Experiment-Molecule/GNN/DIR.py[line:435] - INFO: Epoch [147/1000] Train_MSE: 1.866809 Val_MSE: 1.995703 | Total_Loss: 2.190000 Causal_Loss: 0.795004 DIR_Penalty: 0.228981 Spurious_Loss: 1.394767
2025-12-05 20:26:53,214 - /home/kantorkristof/git/neurips-polymer/II_Experiment-Molecule/GNN/DIR.py[line:435] - INFO: Epoch [148/1000] Train_MSE: 1.808731 Val_MSE: 1.930434 | Total_Loss: 2.239956 Causal_Loss: 0.841178 DIR_Penalty: 0.186895 Spurious_Loss: 1.398591
2025-12-05 20:26:57,819 - /home/kantorkristof/git/neurips-polymer/II_Experiment-Molecule/GNN/DIR.py[line:435] - INFO: Epoch [149/1000] Train_MSE: 1.954691 Val_MSE: 2.082203 | Total_Loss: 2.225523 Causal_Loss: 0.838110 DIR_Penalty: 0.203054 Spurious_Loss: 1.387210
2025-12-05 20:27:02,436 - /home/kantorkristof/git/neurips-polymer/II_Experiment-Molecule/GNN/DIR.py[line:435] - INFO: Epoch [150/1000] Train_MSE: 2.036864 Val_MSE: 2.149601 | Total_Loss: 2.205917 Causal_Loss: 0.806408 DIR_Penalty: 0.221041 Spurious_Loss: 1.399288
2025-12-05 20:27:07,027 - /home/kantorkristof/git/neurips-polymer/II_Experiment-Molecule/GNN/DIR.py[line:435] - INFO: Epoch [151/1000] Train_MSE: 1.693928 Val_MSE: 1.794782 | Total_Loss: 2.250668 Causal_Loss: 0.844337 DIR_Penalty: 0.211625 Spurious_Loss: 1.406119
2025-12-05 20:27:11,598 - /home/kantorkristof/git/neurips-polymer/II_Experiment-Molecule/GNN/DIR.py[line:435] - INFO: Epoch [152/1000] Train_MSE: 1.714936 Val_MSE: 1.812803 | Total_Loss: 2.191114 Causal_Loss: 0.817276 DIR_Penalty: 0.199676 Spurious_Loss: 1.373639
2025-12-05 20:27:16,149 - /home/kantorkristof/git/neurips-polymer/II_Experiment-Molecule/GNN/DIR.py[line:435] - INFO: Epoch [153/1000] Train_MSE: 1.798442 Val_MSE: 1.897239 | Total_Loss: 2.210368 Causal_Loss: 0.819331 DIR_Penalty: 0.216264 Spurious_Loss: 1.390821
2025-12-05 20:27:20,594 - /home/kantorkristof/git/neurips-polymer/II_Experiment-Molecule/GNN/DIR.py[line:435] - INFO: Epoch [154/1000] Train_MSE: 1.567082 Val_MSE: 1.658621 | Total_Loss: 2.232015 Causal_Loss: 0.826600 DIR_Penalty: 0.210267 Spurious_Loss: 1.405205
2025-12-05 20:27:25,126 - /home/kantorkristof/git/neurips-polymer/II_Experiment-Molecule/GNN/DIR.py[line:435] - INFO: Epoch [155/1000] Train_MSE: 1.705735 Val_MSE: 1.827925 | Total_Loss: 2.238293 Causal_Loss: 0.841944 DIR_Penalty: 0.199754 Spurious_Loss: 1.396149
2025-12-05 20:27:29,624 - /home/kantorkristof/git/neurips-polymer/II_Experiment-Molecule/GNN/DIR.py[line:435] - INFO: Epoch [156/1000] Train_MSE: 1.774920 Val_MSE: 1.912097 | Total_Loss: 2.209540 Causal_Loss: 0.802364 DIR_Penalty: 0.229552 Spurious_Loss: 1.406946
2025-12-05 20:27:34,200 - /home/kantorkristof/git/neurips-polymer/II_Experiment-Molecule/GNN/DIR.py[line:435] - INFO: Epoch [157/1000] Train_MSE: 1.699816 Val_MSE: 1.813612 | Total_Loss: 2.183215 Causal_Loss: 0.782403 DIR_Penalty: 0.233194 Spurious_Loss: 1.400579
2025-12-05 20:27:38,714 - /home/kantorkristof/git/neurips-polymer/II_Experiment-Molecule/GNN/DIR.py[line:435] - INFO: Epoch [158/1000] Train_MSE: 1.679335 Val_MSE: 1.803821 | Total_Loss: 2.180794 Causal_Loss: 0.790118 DIR_Penalty: 0.228747 Spurious_Loss: 1.390447
2025-12-05 20:27:43,237 - /home/kantorkristof/git/neurips-polymer/II_Experiment-Molecule/GNN/DIR.py[line:435] - INFO: Epoch [159/1000] Train_MSE: 1.591028 Val_MSE: 1.686579 | Total_Loss: 2.191642 Causal_Loss: 0.800285 DIR_Penalty: 0.214312 Spurious_Loss: 1.391143
2025-12-05 20:27:47,791 - /home/kantorkristof/git/neurips-polymer/II_Experiment-Molecule/GNN/DIR.py[line:435] - INFO: Epoch [160/1000] Train_MSE: 1.955631 Val_MSE: 2.094183 | Total_Loss: 2.134064 Causal_Loss: 0.738409 DIR_Penalty: 0.264078 Spurious_Loss: 1.395391
2025-12-05 20:27:52,349 - /home/kantorkristof/git/neurips-polymer/II_Experiment-Molecule/GNN/DIR.py[line:435] - INFO: Epoch [161/1000] Train_MSE: 1.625369 Val_MSE: 1.765646 | Total_Loss: 2.166840 Causal_Loss: 0.766730 DIR_Penalty: 0.247370 Spurious_Loss: 1.399862
2025-12-05 20:27:56,899 - /home/kantorkristof/git/neurips-polymer/II_Experiment-Molecule/GNN/DIR.py[line:435] - INFO: Epoch [162/1000] Train_MSE: 1.578835 Val_MSE: 1.692264 | Total_Loss: 2.158399 Causal_Loss: 0.767545 DIR_Penalty: 0.240129 Spurious_Loss: 1.390615
2025-12-05 20:28:01,326 - /home/kantorkristof/git/neurips-polymer/II_Experiment-Molecule/GNN/DIR.py[line:435] - INFO: Epoch [163/1000] Train_MSE: 1.405839 Val_MSE: 1.506454 | Total_Loss: 2.193618 Causal_Loss: 0.794855 DIR_Penalty: 0.239932 Spurious_Loss: 1.398524
2025-12-05 20:28:05,796 - /home/kantorkristof/git/neurips-polymer/II_Experiment-Molecule/GNN/DIR.py[line:435] - INFO: Epoch [164/1000] Train_MSE: 1.528260 Val_MSE: 1.660117 | Total_Loss: 2.196248 Causal_Loss: 0.805118 DIR_Penalty: 0.216400 Spurious_Loss: 1.390914
2025-12-05 20:28:10,297 - /home/kantorkristof/git/neurips-polymer/II_Experiment-Molecule/GNN/DIR.py[line:435] - INFO: Epoch [165/1000] Train_MSE: 1.595909 Val_MSE: 1.726932 | Total_Loss: 2.199911 Causal_Loss: 0.802593 DIR_Penalty: 0.218811 Spurious_Loss: 1.397099
2025-12-05 20:28:14,808 - /home/kantorkristof/git/neurips-polymer/II_Experiment-Molecule/GNN/DIR.py[line:435] - INFO: Epoch [166/1000] Train_MSE: 1.469127 Val_MSE: 1.571510 | Total_Loss: 2.168550 Causal_Loss: 0.778373 DIR_Penalty: 0.232123 Spurious_Loss: 1.389944
2025-12-05 20:28:19,401 - /home/kantorkristof/git/neurips-polymer/II_Experiment-Molecule/GNN/DIR.py[line:435] - INFO: Epoch [167/1000] Train_MSE: 1.592050 Val_MSE: 1.699166 | Total_Loss: 2.200879 Causal_Loss: 0.803092 DIR_Penalty: 0.226873 Spurious_Loss: 1.397560
2025-12-05 20:28:23,810 - /home/kantorkristof/git/neurips-polymer/II_Experiment-Molecule/GNN/DIR.py[line:435] - INFO: Epoch [168/1000] Train_MSE: 1.859400 Val_MSE: 1.980797 | Total_Loss: 2.212996 Causal_Loss: 0.827095 DIR_Penalty: 0.204765 Spurious_Loss: 1.385696
2025-12-05 20:28:28,375 - /home/kantorkristof/git/neurips-polymer/II_Experiment-Molecule/GNN/DIR.py[line:435] - INFO: Epoch [169/1000] Train_MSE: 1.440382 Val_MSE: 1.559252 | Total_Loss: 2.198845 Causal_Loss: 0.795216 DIR_Penalty: 0.234139 Spurious_Loss: 1.403395
2025-12-05 20:28:32,922 - /home/kantorkristof/git/neurips-polymer/II_Experiment-Molecule/GNN/DIR.py[line:435] - INFO: Epoch [170/1000] Train_MSE: 1.463945 Val_MSE: 1.587423 | Total_Loss: 2.143021 Causal_Loss: 0.763564 DIR_Penalty: 0.245116 Spurious_Loss: 1.379212
2025-12-05 20:28:37,377 - /home/kantorkristof/git/neurips-polymer/II_Experiment-Molecule/GNN/DIR.py[line:435] - INFO: Epoch [171/1000] Train_MSE: 1.382115 Val_MSE: 1.479570 | Total_Loss: 2.136587 Causal_Loss: 0.747481 DIR_Penalty: 0.257272 Spurious_Loss: 1.388849
2025-12-05 20:28:41,976 - /home/kantorkristof/git/neurips-polymer/II_Experiment-Molecule/GNN/DIR.py[line:435] - INFO: Epoch [172/1000] Train_MSE: 1.601966 Val_MSE: 1.704070 | Total_Loss: 2.152133 Causal_Loss: 0.760889 DIR_Penalty: 0.242891 Spurious_Loss: 1.391001
2025-12-05 20:28:46,498 - /home/kantorkristof/git/neurips-polymer/II_Experiment-Molecule/GNN/DIR.py[line:435] - INFO: Epoch [173/1000] Train_MSE: 1.539171 Val_MSE: 1.663521 | Total_Loss: 2.163185 Causal_Loss: 0.769026 DIR_Penalty: 0.251216 Spurious_Loss: 1.393908
2025-12-05 20:28:51,023 - /home/kantorkristof/git/neurips-polymer/II_Experiment-Molecule/GNN/DIR.py[line:435] - INFO: Epoch [174/1000] Train_MSE: 1.311679 Val_MSE: 1.408186 | Total_Loss: 2.169594 Causal_Loss: 0.768751 DIR_Penalty: 0.244730 Spurious_Loss: 1.400599
2025-12-05 20:28:55,473 - /home/kantorkristof/git/neurips-polymer/II_Experiment-Molecule/GNN/DIR.py[line:435] - INFO: Epoch [175/1000] Train_MSE: 1.665158 Val_MSE: 1.774107 | Total_Loss: 2.148526 Causal_Loss: 0.764609 DIR_Penalty: 0.232603 Spurious_Loss: 1.383685
2025-12-05 20:29:00,061 - /home/kantorkristof/git/neurips-polymer/II_Experiment-Molecule/GNN/DIR.py[line:435] - INFO: Epoch [176/1000] Train_MSE: 1.479758 Val_MSE: 1.586965 | Total_Loss: 2.155520 Causal_Loss: 0.771241 DIR_Penalty: 0.232968 Spurious_Loss: 1.384046
2025-12-05 20:29:04,673 - /home/kantorkristof/git/neurips-polymer/II_Experiment-Molecule/GNN/DIR.py[line:435] - INFO: Epoch [177/1000] Train_MSE: 1.611561 Val_MSE: 1.752044 | Total_Loss: 2.169648 Causal_Loss: 0.781387 DIR_Penalty: 0.229826 Spurious_Loss: 1.388032
2025-12-05 20:29:09,205 - /home/kantorkristof/git/neurips-polymer/II_Experiment-Molecule/GNN/DIR.py[line:435] - INFO: Epoch [178/1000] Train_MSE: 1.431308 Val_MSE: 1.536704 | Total_Loss: 2.217412 Causal_Loss: 0.818523 DIR_Penalty: 0.209508 Spurious_Loss: 1.398680
2025-12-05 20:29:13,733 - /home/kantorkristof/git/neurips-polymer/II_Experiment-Molecule/GNN/DIR.py[line:435] - INFO: Epoch [179/1000] Train_MSE: 1.536517 Val_MSE: 1.649529 | Total_Loss: 2.190326 Causal_Loss: 0.799667 DIR_Penalty: 0.223077 Spurious_Loss: 1.390436
2025-12-05 20:29:18,304 - /home/kantorkristof/git/neurips-polymer/II_Experiment-Molecule/GNN/DIR.py[line:435] - INFO: Epoch [180/1000] Train_MSE: 1.654136 Val_MSE: 1.767065 | Total_Loss: 2.212040 Causal_Loss: 0.816606 DIR_Penalty: 0.220834 Spurious_Loss: 1.395213
2025-12-05 20:29:22,917 - /home/kantorkristof/git/neurips-polymer/II_Experiment-Molecule/GNN/DIR.py[line:435] - INFO: Epoch [181/1000] Train_MSE: 1.621056 Val_MSE: 1.742399 | Total_Loss: 2.162982 Causal_Loss: 0.771331 DIR_Penalty: 0.239852 Spurious_Loss: 1.391411
2025-12-05 20:29:27,482 - /home/kantorkristof/git/neurips-polymer/II_Experiment-Molecule/GNN/DIR.py[line:435] - INFO: Epoch [182/1000] Train_MSE: 1.451001 Val_MSE: 1.558243 | Total_Loss: 2.163758 Causal_Loss: 0.781445 DIR_Penalty: 0.230790 Spurious_Loss: 1.382082
2025-12-05 20:29:31,899 - /home/kantorkristof/git/neurips-polymer/II_Experiment-Molecule/GNN/DIR.py[line:435] - INFO: Epoch [183/1000] Train_MSE: 1.496534 Val_MSE: 1.609796 | Total_Loss: 2.182797 Causal_Loss: 0.794730 DIR_Penalty: 0.217500 Spurious_Loss: 1.387849
2025-12-05 20:29:36,424 - /home/kantorkristof/git/neurips-polymer/II_Experiment-Molecule/GNN/DIR.py[line:435] - INFO: Epoch [184/1000] Train_MSE: 1.616641 Val_MSE: 1.719400 | Total_Loss: 2.166350 Causal_Loss: 0.790548 DIR_Penalty: 0.221785 Spurious_Loss: 1.375580
2025-12-05 20:29:40,893 - /home/kantorkristof/git/neurips-polymer/II_Experiment-Molecule/GNN/DIR.py[line:435] - INFO: Epoch [185/1000] Train_MSE: 1.552453 Val_MSE: 1.685259 | Total_Loss: 2.237877 Causal_Loss: 0.827910 DIR_Penalty: 0.219137 Spurious_Loss: 1.409748
2025-12-05 20:29:45,511 - /home/kantorkristof/git/neurips-polymer/II_Experiment-Molecule/GNN/DIR.py[line:435] - INFO: Epoch [186/1000] Train_MSE: 1.519293 Val_MSE: 1.618100 | Total_Loss: 2.184847 Causal_Loss: 0.792108 DIR_Penalty: 0.223984 Spurious_Loss: 1.392515
2025-12-05 20:29:50,060 - /home/kantorkristof/git/neurips-polymer/II_Experiment-Molecule/GNN/DIR.py[line:435] - INFO: Epoch [187/1000] Train_MSE: 1.486730 Val_MSE: 1.584140 | Total_Loss: 2.205450 Causal_Loss: 0.801354 DIR_Penalty: 0.218603 Spurious_Loss: 1.403878
2025-12-05 20:29:54,561 - /home/kantorkristof/git/neurips-polymer/II_Experiment-Molecule/GNN/DIR.py[line:435] - INFO: Epoch [188/1000] Train_MSE: 1.545018 Val_MSE: 1.654569 | Total_Loss: 2.128100 Causal_Loss: 0.746896 DIR_Penalty: 0.251114 Spurious_Loss: 1.380953
2025-12-05 20:29:59,087 - /home/kantorkristof/git/neurips-polymer/II_Experiment-Molecule/GNN/DIR.py[line:435] - INFO: Epoch [189/1000] Train_MSE: 1.661581 Val_MSE: 1.760663 | Total_Loss: 2.160160 Causal_Loss: 0.786936 DIR_Penalty: 0.206541 Spurious_Loss: 1.373017
2025-12-05 20:30:03,611 - /home/kantorkristof/git/neurips-polymer/II_Experiment-Molecule/GNN/DIR.py[line:435] - INFO: Epoch [190/1000] Train_MSE: 1.680930 Val_MSE: 1.797997 | Total_Loss: 2.161109 Causal_Loss: 0.777129 DIR_Penalty: 0.240921 Spurious_Loss: 1.383740
2025-12-05 20:30:08,084 - /home/kantorkristof/git/neurips-polymer/II_Experiment-Molecule/GNN/DIR.py[line:435] - INFO: Epoch [191/1000] Train_MSE: 1.764548 Val_MSE: 1.890700 | Total_Loss: 2.161995 Causal_Loss: 0.779426 DIR_Penalty: 0.223317 Spurious_Loss: 1.382346
2025-12-05 20:30:12,582 - /home/kantorkristof/git/neurips-polymer/II_Experiment-Molecule/GNN/DIR.py[line:435] - INFO: Epoch [192/1000] Train_MSE: 1.594350 Val_MSE: 1.707519 | Total_Loss: 2.147685 Causal_Loss: 0.746353 DIR_Penalty: 0.270060 Spurious_Loss: 1.401062
2025-12-05 20:30:12,583 - /home/kantorkristof/git/neurips-polymer/II_Experiment-Molecule/GNN/DIR.py[line:459] - INFO: Early Stopping
2025-12-05 20:30:15,408 - /home/kantorkristof/git/neurips-polymer/II_Experiment-Molecule/GNN/DIR.py[line:474] - INFO: Best model Accuracy for exp, seed 42:
2025-12-05 20:30:15,408 - /home/kantorkristof/git/neurips-polymer/II_Experiment-Molecule/GNN/DIR.py[line:475] - INFO:   Train MSE: 1.246843
2025-12-05 20:30:15,408 - /home/kantorkristof/git/neurips-polymer/II_Experiment-Molecule/GNN/DIR.py[line:476] - INFO:   Val MSE: 1.362809
2025-12-05 20:30:15,408 - /home/kantorkristof/git/neurips-polymer/II_Experiment-Molecule/GNN/DIR.py[line:477] - INFO:   Test MSE: 1.349725
2025-12-05 20:30:15,408 - /home/kantorkristof/git/neurips-polymer/II_Experiment-Molecule/GNN/DIR.py[line:493] - INFO: 
=== Results for attribute exp ===
2025-12-05 20:30:15,409 - /home/kantorkristof/git/neurips-polymer/II_Experiment-Molecule/GNN/DIR.py[line:499] - INFO: Train MSE: 1.246843  Val MSE: 1.362809  Test MSE: 1.349725
