2025-12-05 20:15:47,130 - /home/kantorkristof/git/neurips-polymer/II_Experiment-Molecule/GNN/GCN.py[line:166] - INFO: 
Model training started for property: exp
2025-12-05 20:15:47,130 - /home/kantorkristof/git/neurips-polymer/II_Experiment-Molecule/GNN/GCN.py[line:78] - INFO: 
+------------+--------------------+
| Parameter  | Value              |
+------------+--------------------+
| cuda       | 3                  |
+------------+--------------------+
| datadir    | data/Lipophilicity |
+------------+--------------------+
| epoch      | 1000               |
+------------+--------------------+
| seed       | [42]               |
+------------+--------------------+
| channels   | 64                 |
+------------+--------------------+
| pretrain   | 0                  |
+------------+--------------------+
| batch_size | 32                 |
+------------+--------------------+
| net_lr     | 0.001              |
+------------+--------------------+
2025-12-05 20:15:47,131 - /home/kantorkristof/git/neurips-polymer/II_Experiment-Molecule/GNN/GCN.py[line:171] - INFO: --- Starting training for exp with seed 42 ---
2025-12-05 20:15:48,680 - /home/kantorkristof/git/neurips-polymer/II_Experiment-Molecule/GNN/GCN.py[line:226] - INFO: Epoch [1/1000] Train_MSE: 1.583508 Val_MSE: 1.776843 | Loss: 1.868678
2025-12-05 20:15:48,683 - /home/kantorkristof/git/neurips-polymer/II_Experiment-Molecule/GNN/GCN.py[line:236] - INFO: Best model saved at epoch 1 with val_mse 1.776843
2025-12-05 20:15:49,253 - /home/kantorkristof/git/neurips-polymer/II_Experiment-Molecule/GNN/GCN.py[line:226] - INFO: Epoch [2/1000] Train_MSE: 1.313226 Val_MSE: 1.456538 | Loss: 1.282323
2025-12-05 20:15:49,256 - /home/kantorkristof/git/neurips-polymer/II_Experiment-Molecule/GNN/GCN.py[line:236] - INFO: Best model saved at epoch 2 with val_mse 1.456538
2025-12-05 20:15:49,812 - /home/kantorkristof/git/neurips-polymer/II_Experiment-Molecule/GNN/GCN.py[line:226] - INFO: Epoch [3/1000] Train_MSE: 1.525706 Val_MSE: 1.637367 | Loss: 1.222040
2025-12-05 20:15:50,369 - /home/kantorkristof/git/neurips-polymer/II_Experiment-Molecule/GNN/GCN.py[line:226] - INFO: Epoch [4/1000] Train_MSE: 1.336043 Val_MSE: 1.534638 | Loss: 1.215441
2025-12-05 20:15:50,926 - /home/kantorkristof/git/neurips-polymer/II_Experiment-Molecule/GNN/GCN.py[line:226] - INFO: Epoch [5/1000] Train_MSE: 1.151120 Val_MSE: 1.306887 | Loss: 1.196952
2025-12-05 20:15:50,928 - /home/kantorkristof/git/neurips-polymer/II_Experiment-Molecule/GNN/GCN.py[line:236] - INFO: Best model saved at epoch 5 with val_mse 1.306887
2025-12-05 20:15:51,484 - /home/kantorkristof/git/neurips-polymer/II_Experiment-Molecule/GNN/GCN.py[line:226] - INFO: Epoch [6/1000] Train_MSE: 1.143317 Val_MSE: 1.283008 | Loss: 1.156996
2025-12-05 20:15:51,487 - /home/kantorkristof/git/neurips-polymer/II_Experiment-Molecule/GNN/GCN.py[line:236] - INFO: Best model saved at epoch 6 with val_mse 1.283008
2025-12-05 20:15:52,146 - /home/kantorkristof/git/neurips-polymer/II_Experiment-Molecule/GNN/GCN.py[line:226] - INFO: Epoch [7/1000] Train_MSE: 1.135549 Val_MSE: 1.274032 | Loss: 1.172788
2025-12-05 20:15:52,149 - /home/kantorkristof/git/neurips-polymer/II_Experiment-Molecule/GNN/GCN.py[line:236] - INFO: Best model saved at epoch 7 with val_mse 1.274032
2025-12-05 20:15:52,699 - /home/kantorkristof/git/neurips-polymer/II_Experiment-Molecule/GNN/GCN.py[line:226] - INFO: Epoch [8/1000] Train_MSE: 1.520162 Val_MSE: 1.603142 | Loss: 1.116086
2025-12-05 20:15:53,238 - /home/kantorkristof/git/neurips-polymer/II_Experiment-Molecule/GNN/GCN.py[line:226] - INFO: Epoch [9/1000] Train_MSE: 1.104285 Val_MSE: 1.259124 | Loss: 1.117409
2025-12-05 20:15:53,241 - /home/kantorkristof/git/neurips-polymer/II_Experiment-Molecule/GNN/GCN.py[line:236] - INFO: Best model saved at epoch 9 with val_mse 1.259124
2025-12-05 20:15:53,787 - /home/kantorkristof/git/neurips-polymer/II_Experiment-Molecule/GNN/GCN.py[line:226] - INFO: Epoch [10/1000] Train_MSE: 1.210695 Val_MSE: 1.373591 | Loss: 1.143123
2025-12-05 20:15:54,330 - /home/kantorkristof/git/neurips-polymer/II_Experiment-Molecule/GNN/GCN.py[line:226] - INFO: Epoch [11/1000] Train_MSE: 1.107455 Val_MSE: 1.238464 | Loss: 1.081612
2025-12-05 20:15:54,333 - /home/kantorkristof/git/neurips-polymer/II_Experiment-Molecule/GNN/GCN.py[line:236] - INFO: Best model saved at epoch 11 with val_mse 1.238464
2025-12-05 20:15:54,873 - /home/kantorkristof/git/neurips-polymer/II_Experiment-Molecule/GNN/GCN.py[line:226] - INFO: Epoch [12/1000] Train_MSE: 1.047555 Val_MSE: 1.192837 | Loss: 1.123484
2025-12-05 20:15:54,876 - /home/kantorkristof/git/neurips-polymer/II_Experiment-Molecule/GNN/GCN.py[line:236] - INFO: Best model saved at epoch 12 with val_mse 1.192837
2025-12-05 20:15:55,434 - /home/kantorkristof/git/neurips-polymer/II_Experiment-Molecule/GNN/GCN.py[line:226] - INFO: Epoch [13/1000] Train_MSE: 1.311637 Val_MSE: 1.458537 | Loss: 1.099595
2025-12-05 20:15:55,981 - /home/kantorkristof/git/neurips-polymer/II_Experiment-Molecule/GNN/GCN.py[line:226] - INFO: Epoch [14/1000] Train_MSE: 1.117470 Val_MSE: 1.224244 | Loss: 1.065641
2025-12-05 20:15:56,530 - /home/kantorkristof/git/neurips-polymer/II_Experiment-Molecule/GNN/GCN.py[line:226] - INFO: Epoch [15/1000] Train_MSE: 1.035021 Val_MSE: 1.172324 | Loss: 1.077891
2025-12-05 20:15:56,533 - /home/kantorkristof/git/neurips-polymer/II_Experiment-Molecule/GNN/GCN.py[line:236] - INFO: Best model saved at epoch 15 with val_mse 1.172324
2025-12-05 20:15:57,074 - /home/kantorkristof/git/neurips-polymer/II_Experiment-Molecule/GNN/GCN.py[line:226] - INFO: Epoch [16/1000] Train_MSE: 1.840917 Val_MSE: 2.034304 | Loss: 1.093911
2025-12-05 20:15:57,629 - /home/kantorkristof/git/neurips-polymer/II_Experiment-Molecule/GNN/GCN.py[line:226] - INFO: Epoch [17/1000] Train_MSE: 1.149209 Val_MSE: 1.266875 | Loss: 1.059492
2025-12-05 20:15:58,196 - /home/kantorkristof/git/neurips-polymer/II_Experiment-Molecule/GNN/GCN.py[line:226] - INFO: Epoch [18/1000] Train_MSE: 1.015595 Val_MSE: 1.162556 | Loss: 1.064179
2025-12-05 20:15:58,198 - /home/kantorkristof/git/neurips-polymer/II_Experiment-Molecule/GNN/GCN.py[line:236] - INFO: Best model saved at epoch 18 with val_mse 1.162556
2025-12-05 20:15:58,777 - /home/kantorkristof/git/neurips-polymer/II_Experiment-Molecule/GNN/GCN.py[line:226] - INFO: Epoch [19/1000] Train_MSE: 1.034527 Val_MSE: 1.183989 | Loss: 1.047432
2025-12-05 20:15:59,329 - /home/kantorkristof/git/neurips-polymer/II_Experiment-Molecule/GNN/GCN.py[line:226] - INFO: Epoch [20/1000] Train_MSE: 1.113591 Val_MSE: 1.222477 | Loss: 1.058747
2025-12-05 20:15:59,882 - /home/kantorkristof/git/neurips-polymer/II_Experiment-Molecule/GNN/GCN.py[line:226] - INFO: Epoch [21/1000] Train_MSE: 1.271137 Val_MSE: 1.460284 | Loss: 1.053637
2025-12-05 20:16:00,440 - /home/kantorkristof/git/neurips-polymer/II_Experiment-Molecule/GNN/GCN.py[line:226] - INFO: Epoch [22/1000] Train_MSE: 1.054822 Val_MSE: 1.167248 | Loss: 1.044950
2025-12-05 20:16:00,990 - /home/kantorkristof/git/neurips-polymer/II_Experiment-Molecule/GNN/GCN.py[line:226] - INFO: Epoch [23/1000] Train_MSE: 0.981486 Val_MSE: 1.099417 | Loss: 1.033024
2025-12-05 20:16:00,993 - /home/kantorkristof/git/neurips-polymer/II_Experiment-Molecule/GNN/GCN.py[line:236] - INFO: Best model saved at epoch 23 with val_mse 1.099417
2025-12-05 20:16:01,558 - /home/kantorkristof/git/neurips-polymer/II_Experiment-Molecule/GNN/GCN.py[line:226] - INFO: Epoch [24/1000] Train_MSE: 1.042239 Val_MSE: 1.198037 | Loss: 1.016570
2025-12-05 20:16:02,099 - /home/kantorkristof/git/neurips-polymer/II_Experiment-Molecule/GNN/GCN.py[line:226] - INFO: Epoch [25/1000] Train_MSE: 0.983160 Val_MSE: 1.148196 | Loss: 1.006575
2025-12-05 20:16:02,705 - /home/kantorkristof/git/neurips-polymer/II_Experiment-Molecule/GNN/GCN.py[line:226] - INFO: Epoch [26/1000] Train_MSE: 1.347223 Val_MSE: 1.510708 | Loss: 1.011571
2025-12-05 20:16:03,255 - /home/kantorkristof/git/neurips-polymer/II_Experiment-Molecule/GNN/GCN.py[line:226] - INFO: Epoch [27/1000] Train_MSE: 1.193474 Val_MSE: 1.337612 | Loss: 0.993885
2025-12-05 20:16:03,795 - /home/kantorkristof/git/neurips-polymer/II_Experiment-Molecule/GNN/GCN.py[line:226] - INFO: Epoch [28/1000] Train_MSE: 0.966792 Val_MSE: 1.118024 | Loss: 1.025770
2025-12-05 20:16:04,334 - /home/kantorkristof/git/neurips-polymer/II_Experiment-Molecule/GNN/GCN.py[line:226] - INFO: Epoch [29/1000] Train_MSE: 1.216080 Val_MSE: 1.304480 | Loss: 0.988734
2025-12-05 20:16:04,872 - /home/kantorkristof/git/neurips-polymer/II_Experiment-Molecule/GNN/GCN.py[line:226] - INFO: Epoch [30/1000] Train_MSE: 1.164634 Val_MSE: 1.255104 | Loss: 1.005519
2025-12-05 20:16:05,406 - /home/kantorkristof/git/neurips-polymer/II_Experiment-Molecule/GNN/GCN.py[line:226] - INFO: Epoch [31/1000] Train_MSE: 0.996662 Val_MSE: 1.098254 | Loss: 0.977507
2025-12-05 20:16:05,408 - /home/kantorkristof/git/neurips-polymer/II_Experiment-Molecule/GNN/GCN.py[line:236] - INFO: Best model saved at epoch 31 with val_mse 1.098254
2025-12-05 20:16:05,945 - /home/kantorkristof/git/neurips-polymer/II_Experiment-Molecule/GNN/GCN.py[line:226] - INFO: Epoch [32/1000] Train_MSE: 0.988930 Val_MSE: 1.099712 | Loss: 0.971195
2025-12-05 20:16:06,485 - /home/kantorkristof/git/neurips-polymer/II_Experiment-Molecule/GNN/GCN.py[line:226] - INFO: Epoch [33/1000] Train_MSE: 0.925982 Val_MSE: 1.088870 | Loss: 0.985919
2025-12-05 20:16:06,487 - /home/kantorkristof/git/neurips-polymer/II_Experiment-Molecule/GNN/GCN.py[line:236] - INFO: Best model saved at epoch 33 with val_mse 1.088870
2025-12-05 20:16:07,027 - /home/kantorkristof/git/neurips-polymer/II_Experiment-Molecule/GNN/GCN.py[line:226] - INFO: Epoch [34/1000] Train_MSE: 0.939860 Val_MSE: 1.057022 | Loss: 0.982715
2025-12-05 20:16:07,029 - /home/kantorkristof/git/neurips-polymer/II_Experiment-Molecule/GNN/GCN.py[line:236] - INFO: Best model saved at epoch 34 with val_mse 1.057022
2025-12-05 20:16:07,565 - /home/kantorkristof/git/neurips-polymer/II_Experiment-Molecule/GNN/GCN.py[line:226] - INFO: Epoch [35/1000] Train_MSE: 1.194844 Val_MSE: 1.273008 | Loss: 1.009896
2025-12-05 20:16:08,107 - /home/kantorkristof/git/neurips-polymer/II_Experiment-Molecule/GNN/GCN.py[line:226] - INFO: Epoch [36/1000] Train_MSE: 0.911205 Val_MSE: 1.046190 | Loss: 0.956372
2025-12-05 20:16:08,110 - /home/kantorkristof/git/neurips-polymer/II_Experiment-Molecule/GNN/GCN.py[line:236] - INFO: Best model saved at epoch 36 with val_mse 1.046190
2025-12-05 20:16:08,648 - /home/kantorkristof/git/neurips-polymer/II_Experiment-Molecule/GNN/GCN.py[line:226] - INFO: Epoch [37/1000] Train_MSE: 1.113718 Val_MSE: 1.267462 | Loss: 0.966092
2025-12-05 20:16:09,189 - /home/kantorkristof/git/neurips-polymer/II_Experiment-Molecule/GNN/GCN.py[line:226] - INFO: Epoch [38/1000] Train_MSE: 0.960618 Val_MSE: 1.054857 | Loss: 0.956445
2025-12-05 20:16:09,737 - /home/kantorkristof/git/neurips-polymer/II_Experiment-Molecule/GNN/GCN.py[line:226] - INFO: Epoch [39/1000] Train_MSE: 1.192023 Val_MSE: 1.358378 | Loss: 0.963859
2025-12-05 20:16:10,284 - /home/kantorkristof/git/neurips-polymer/II_Experiment-Molecule/GNN/GCN.py[line:226] - INFO: Epoch [40/1000] Train_MSE: 0.918044 Val_MSE: 1.028615 | Loss: 0.956692
2025-12-05 20:16:10,286 - /home/kantorkristof/git/neurips-polymer/II_Experiment-Molecule/GNN/GCN.py[line:236] - INFO: Best model saved at epoch 40 with val_mse 1.028615
2025-12-05 20:16:10,831 - /home/kantorkristof/git/neurips-polymer/II_Experiment-Molecule/GNN/GCN.py[line:226] - INFO: Epoch [41/1000] Train_MSE: 0.989374 Val_MSE: 1.145434 | Loss: 0.925335
2025-12-05 20:16:11,364 - /home/kantorkristof/git/neurips-polymer/II_Experiment-Molecule/GNN/GCN.py[line:226] - INFO: Epoch [42/1000] Train_MSE: 1.034422 Val_MSE: 1.126445 | Loss: 0.933807
2025-12-05 20:16:11,919 - /home/kantorkristof/git/neurips-polymer/II_Experiment-Molecule/GNN/GCN.py[line:226] - INFO: Epoch [43/1000] Train_MSE: 1.409377 Val_MSE: 1.558216 | Loss: 0.943639
2025-12-05 20:16:12,459 - /home/kantorkristof/git/neurips-polymer/II_Experiment-Molecule/GNN/GCN.py[line:226] - INFO: Epoch [44/1000] Train_MSE: 0.933275 Val_MSE: 1.096489 | Loss: 0.932924
2025-12-05 20:16:13,000 - /home/kantorkristof/git/neurips-polymer/II_Experiment-Molecule/GNN/GCN.py[line:226] - INFO: Epoch [45/1000] Train_MSE: 1.052041 Val_MSE: 1.151016 | Loss: 0.946037
2025-12-05 20:16:13,543 - /home/kantorkristof/git/neurips-polymer/II_Experiment-Molecule/GNN/GCN.py[line:226] - INFO: Epoch [46/1000] Train_MSE: 0.932838 Val_MSE: 1.081699 | Loss: 0.940851
2025-12-05 20:16:14,084 - /home/kantorkristof/git/neurips-polymer/II_Experiment-Molecule/GNN/GCN.py[line:226] - INFO: Epoch [47/1000] Train_MSE: 1.074335 Val_MSE: 1.201232 | Loss: 0.922141
2025-12-05 20:16:14,619 - /home/kantorkristof/git/neurips-polymer/II_Experiment-Molecule/GNN/GCN.py[line:226] - INFO: Epoch [48/1000] Train_MSE: 0.994065 Val_MSE: 1.114120 | Loss: 0.898335
2025-12-05 20:16:15,153 - /home/kantorkristof/git/neurips-polymer/II_Experiment-Molecule/GNN/GCN.py[line:226] - INFO: Epoch [49/1000] Train_MSE: 0.920946 Val_MSE: 1.043715 | Loss: 0.938935
2025-12-05 20:16:15,689 - /home/kantorkristof/git/neurips-polymer/II_Experiment-Molecule/GNN/GCN.py[line:226] - INFO: Epoch [50/1000] Train_MSE: 0.895765 Val_MSE: 1.019688 | Loss: 0.930395
2025-12-05 20:16:15,692 - /home/kantorkristof/git/neurips-polymer/II_Experiment-Molecule/GNN/GCN.py[line:236] - INFO: Best model saved at epoch 50 with val_mse 1.019688
2025-12-05 20:16:16,228 - /home/kantorkristof/git/neurips-polymer/II_Experiment-Molecule/GNN/GCN.py[line:226] - INFO: Epoch [51/1000] Train_MSE: 0.933957 Val_MSE: 1.036052 | Loss: 0.902544
2025-12-05 20:16:16,763 - /home/kantorkristof/git/neurips-polymer/II_Experiment-Molecule/GNN/GCN.py[line:226] - INFO: Epoch [52/1000] Train_MSE: 0.838339 Val_MSE: 0.987466 | Loss: 0.938769
2025-12-05 20:16:16,766 - /home/kantorkristof/git/neurips-polymer/II_Experiment-Molecule/GNN/GCN.py[line:236] - INFO: Best model saved at epoch 52 with val_mse 0.987466
2025-12-05 20:16:17,308 - /home/kantorkristof/git/neurips-polymer/II_Experiment-Molecule/GNN/GCN.py[line:226] - INFO: Epoch [53/1000] Train_MSE: 1.066944 Val_MSE: 1.178283 | Loss: 0.895770
2025-12-05 20:16:17,845 - /home/kantorkristof/git/neurips-polymer/II_Experiment-Molecule/GNN/GCN.py[line:226] - INFO: Epoch [54/1000] Train_MSE: 0.870906 Val_MSE: 1.011737 | Loss: 0.915536
2025-12-05 20:16:18,393 - /home/kantorkristof/git/neurips-polymer/II_Experiment-Molecule/GNN/GCN.py[line:226] - INFO: Epoch [55/1000] Train_MSE: 0.886447 Val_MSE: 1.063943 | Loss: 0.914145
2025-12-05 20:16:18,935 - /home/kantorkristof/git/neurips-polymer/II_Experiment-Molecule/GNN/GCN.py[line:226] - INFO: Epoch [56/1000] Train_MSE: 0.860236 Val_MSE: 1.019066 | Loss: 0.907663
2025-12-05 20:16:19,476 - /home/kantorkristof/git/neurips-polymer/II_Experiment-Molecule/GNN/GCN.py[line:226] - INFO: Epoch [57/1000] Train_MSE: 0.856055 Val_MSE: 0.997244 | Loss: 0.876612
2025-12-05 20:16:20,015 - /home/kantorkristof/git/neurips-polymer/II_Experiment-Molecule/GNN/GCN.py[line:226] - INFO: Epoch [58/1000] Train_MSE: 1.255211 Val_MSE: 1.360476 | Loss: 0.881482
2025-12-05 20:16:20,554 - /home/kantorkristof/git/neurips-polymer/II_Experiment-Molecule/GNN/GCN.py[line:226] - INFO: Epoch [59/1000] Train_MSE: 0.855606 Val_MSE: 0.979408 | Loss: 0.909380
2025-12-05 20:16:20,556 - /home/kantorkristof/git/neurips-polymer/II_Experiment-Molecule/GNN/GCN.py[line:236] - INFO: Best model saved at epoch 59 with val_mse 0.979408
2025-12-05 20:16:21,106 - /home/kantorkristof/git/neurips-polymer/II_Experiment-Molecule/GNN/GCN.py[line:226] - INFO: Epoch [60/1000] Train_MSE: 0.878462 Val_MSE: 1.019519 | Loss: 0.876971
2025-12-05 20:16:21,635 - /home/kantorkristof/git/neurips-polymer/II_Experiment-Molecule/GNN/GCN.py[line:226] - INFO: Epoch [61/1000] Train_MSE: 0.922357 Val_MSE: 1.064794 | Loss: 0.902854
2025-12-05 20:16:22,176 - /home/kantorkristof/git/neurips-polymer/II_Experiment-Molecule/GNN/GCN.py[line:226] - INFO: Epoch [62/1000] Train_MSE: 0.847692 Val_MSE: 0.996063 | Loss: 0.920312
2025-12-05 20:16:22,670 - /home/kantorkristof/git/neurips-polymer/II_Experiment-Molecule/GNN/GCN.py[line:226] - INFO: Epoch [63/1000] Train_MSE: 0.840438 Val_MSE: 0.944515 | Loss: 0.871703
2025-12-05 20:16:22,673 - /home/kantorkristof/git/neurips-polymer/II_Experiment-Molecule/GNN/GCN.py[line:236] - INFO: Best model saved at epoch 63 with val_mse 0.944515
2025-12-05 20:16:23,213 - /home/kantorkristof/git/neurips-polymer/II_Experiment-Molecule/GNN/GCN.py[line:226] - INFO: Epoch [64/1000] Train_MSE: 0.808627 Val_MSE: 0.952977 | Loss: 0.860374
2025-12-05 20:16:23,751 - /home/kantorkristof/git/neurips-polymer/II_Experiment-Molecule/GNN/GCN.py[line:226] - INFO: Epoch [65/1000] Train_MSE: 0.836467 Val_MSE: 0.949708 | Loss: 0.850848
2025-12-05 20:16:24,289 - /home/kantorkristof/git/neurips-polymer/II_Experiment-Molecule/GNN/GCN.py[line:226] - INFO: Epoch [66/1000] Train_MSE: 0.969136 Val_MSE: 1.099559 | Loss: 0.856824
2025-12-05 20:16:24,835 - /home/kantorkristof/git/neurips-polymer/II_Experiment-Molecule/GNN/GCN.py[line:226] - INFO: Epoch [67/1000] Train_MSE: 0.846427 Val_MSE: 1.033787 | Loss: 0.873230
2025-12-05 20:16:25,373 - /home/kantorkristof/git/neurips-polymer/II_Experiment-Molecule/GNN/GCN.py[line:226] - INFO: Epoch [68/1000] Train_MSE: 1.003473 Val_MSE: 1.180690 | Loss: 0.859729
2025-12-05 20:16:25,913 - /home/kantorkristof/git/neurips-polymer/II_Experiment-Molecule/GNN/GCN.py[line:226] - INFO: Epoch [69/1000] Train_MSE: 0.821862 Val_MSE: 0.975458 | Loss: 0.847903
2025-12-05 20:16:26,455 - /home/kantorkristof/git/neurips-polymer/II_Experiment-Molecule/GNN/GCN.py[line:226] - INFO: Epoch [70/1000] Train_MSE: 1.063726 Val_MSE: 1.161731 | Loss: 0.887352
2025-12-05 20:16:26,994 - /home/kantorkristof/git/neurips-polymer/II_Experiment-Molecule/GNN/GCN.py[line:226] - INFO: Epoch [71/1000] Train_MSE: 0.787399 Val_MSE: 0.938091 | Loss: 0.838635
2025-12-05 20:16:26,997 - /home/kantorkristof/git/neurips-polymer/II_Experiment-Molecule/GNN/GCN.py[line:236] - INFO: Best model saved at epoch 71 with val_mse 0.938091
2025-12-05 20:16:27,534 - /home/kantorkristof/git/neurips-polymer/II_Experiment-Molecule/GNN/GCN.py[line:226] - INFO: Epoch [72/1000] Train_MSE: 0.847920 Val_MSE: 1.002220 | Loss: 0.851271
2025-12-05 20:16:28,078 - /home/kantorkristof/git/neurips-polymer/II_Experiment-Molecule/GNN/GCN.py[line:226] - INFO: Epoch [73/1000] Train_MSE: 0.839620 Val_MSE: 1.012244 | Loss: 0.874582
2025-12-05 20:16:28,624 - /home/kantorkristof/git/neurips-polymer/II_Experiment-Molecule/GNN/GCN.py[line:226] - INFO: Epoch [74/1000] Train_MSE: 0.959813 Val_MSE: 1.131702 | Loss: 0.844571
2025-12-05 20:16:29,164 - /home/kantorkristof/git/neurips-polymer/II_Experiment-Molecule/GNN/GCN.py[line:226] - INFO: Epoch [75/1000] Train_MSE: 1.063095 Val_MSE: 1.252566 | Loss: 0.862152
2025-12-05 20:16:29,716 - /home/kantorkristof/git/neurips-polymer/II_Experiment-Molecule/GNN/GCN.py[line:226] - INFO: Epoch [76/1000] Train_MSE: 0.882786 Val_MSE: 1.003284 | Loss: 0.880736
2025-12-05 20:16:30,254 - /home/kantorkristof/git/neurips-polymer/II_Experiment-Molecule/GNN/GCN.py[line:226] - INFO: Epoch [77/1000] Train_MSE: 0.857366 Val_MSE: 1.043846 | Loss: 0.873135
2025-12-05 20:16:30,794 - /home/kantorkristof/git/neurips-polymer/II_Experiment-Molecule/GNN/GCN.py[line:226] - INFO: Epoch [78/1000] Train_MSE: 0.781469 Val_MSE: 0.933053 | Loss: 0.865294
2025-12-05 20:16:30,796 - /home/kantorkristof/git/neurips-polymer/II_Experiment-Molecule/GNN/GCN.py[line:236] - INFO: Best model saved at epoch 78 with val_mse 0.933053
2025-12-05 20:16:31,338 - /home/kantorkristof/git/neurips-polymer/II_Experiment-Molecule/GNN/GCN.py[line:226] - INFO: Epoch [79/1000] Train_MSE: 0.905732 Val_MSE: 1.035171 | Loss: 0.840803
2025-12-05 20:16:31,864 - /home/kantorkristof/git/neurips-polymer/II_Experiment-Molecule/GNN/GCN.py[line:226] - INFO: Epoch [80/1000] Train_MSE: 0.811833 Val_MSE: 0.966724 | Loss: 0.826755
2025-12-05 20:16:32,407 - /home/kantorkristof/git/neurips-polymer/II_Experiment-Molecule/GNN/GCN.py[line:226] - INFO: Epoch [81/1000] Train_MSE: 0.818691 Val_MSE: 0.954919 | Loss: 0.857321
2025-12-05 20:16:32,949 - /home/kantorkristof/git/neurips-polymer/II_Experiment-Molecule/GNN/GCN.py[line:226] - INFO: Epoch [82/1000] Train_MSE: 1.618884 Val_MSE: 1.696345 | Loss: 0.840621
2025-12-05 20:16:33,489 - /home/kantorkristof/git/neurips-polymer/II_Experiment-Molecule/GNN/GCN.py[line:226] - INFO: Epoch [83/1000] Train_MSE: 0.755849 Val_MSE: 0.915937 | Loss: 0.828286
2025-12-05 20:16:33,491 - /home/kantorkristof/git/neurips-polymer/II_Experiment-Molecule/GNN/GCN.py[line:236] - INFO: Best model saved at epoch 83 with val_mse 0.915937
2025-12-05 20:16:34,040 - /home/kantorkristof/git/neurips-polymer/II_Experiment-Molecule/GNN/GCN.py[line:226] - INFO: Epoch [84/1000] Train_MSE: 1.038670 Val_MSE: 1.141012 | Loss: 0.866430
2025-12-05 20:16:34,586 - /home/kantorkristof/git/neurips-polymer/II_Experiment-Molecule/GNN/GCN.py[line:226] - INFO: Epoch [85/1000] Train_MSE: 0.817228 Val_MSE: 0.975175 | Loss: 0.854900
2025-12-05 20:16:35,122 - /home/kantorkristof/git/neurips-polymer/II_Experiment-Molecule/GNN/GCN.py[line:226] - INFO: Epoch [86/1000] Train_MSE: 0.982128 Val_MSE: 1.111949 | Loss: 0.827753
2025-12-05 20:16:35,656 - /home/kantorkristof/git/neurips-polymer/II_Experiment-Molecule/GNN/GCN.py[line:226] - INFO: Epoch [87/1000] Train_MSE: 1.016246 Val_MSE: 1.141954 | Loss: 0.818126
2025-12-05 20:16:36,189 - /home/kantorkristof/git/neurips-polymer/II_Experiment-Molecule/GNN/GCN.py[line:226] - INFO: Epoch [88/1000] Train_MSE: 0.837305 Val_MSE: 0.971627 | Loss: 0.835927
2025-12-05 20:16:36,722 - /home/kantorkristof/git/neurips-polymer/II_Experiment-Molecule/GNN/GCN.py[line:226] - INFO: Epoch [89/1000] Train_MSE: 0.755646 Val_MSE: 0.912849 | Loss: 0.837568
2025-12-05 20:16:36,725 - /home/kantorkristof/git/neurips-polymer/II_Experiment-Molecule/GNN/GCN.py[line:236] - INFO: Best model saved at epoch 89 with val_mse 0.912849
2025-12-05 20:16:37,258 - /home/kantorkristof/git/neurips-polymer/II_Experiment-Molecule/GNN/GCN.py[line:226] - INFO: Epoch [90/1000] Train_MSE: 1.080334 Val_MSE: 1.273729 | Loss: 0.836398
2025-12-05 20:16:37,800 - /home/kantorkristof/git/neurips-polymer/II_Experiment-Molecule/GNN/GCN.py[line:226] - INFO: Epoch [91/1000] Train_MSE: 0.819758 Val_MSE: 0.979486 | Loss: 0.817994
2025-12-05 20:16:38,337 - /home/kantorkristof/git/neurips-polymer/II_Experiment-Molecule/GNN/GCN.py[line:226] - INFO: Epoch [92/1000] Train_MSE: 0.816012 Val_MSE: 0.947762 | Loss: 0.815675
2025-12-05 20:16:38,878 - /home/kantorkristof/git/neurips-polymer/II_Experiment-Molecule/GNN/GCN.py[line:226] - INFO: Epoch [93/1000] Train_MSE: 0.777281 Val_MSE: 0.923712 | Loss: 0.831245
2025-12-05 20:16:39,418 - /home/kantorkristof/git/neurips-polymer/II_Experiment-Molecule/GNN/GCN.py[line:226] - INFO: Epoch [94/1000] Train_MSE: 0.752745 Val_MSE: 0.910102 | Loss: 0.826907
2025-12-05 20:16:39,421 - /home/kantorkristof/git/neurips-polymer/II_Experiment-Molecule/GNN/GCN.py[line:236] - INFO: Best model saved at epoch 94 with val_mse 0.910102
2025-12-05 20:16:39,972 - /home/kantorkristof/git/neurips-polymer/II_Experiment-Molecule/GNN/GCN.py[line:226] - INFO: Epoch [95/1000] Train_MSE: 0.735969 Val_MSE: 0.885577 | Loss: 0.811802
2025-12-05 20:16:39,975 - /home/kantorkristof/git/neurips-polymer/II_Experiment-Molecule/GNN/GCN.py[line:236] - INFO: Best model saved at epoch 95 with val_mse 0.885577
2025-12-05 20:16:40,514 - /home/kantorkristof/git/neurips-polymer/II_Experiment-Molecule/GNN/GCN.py[line:226] - INFO: Epoch [96/1000] Train_MSE: 0.782427 Val_MSE: 0.915118 | Loss: 0.795249
2025-12-05 20:16:41,061 - /home/kantorkristof/git/neurips-polymer/II_Experiment-Molecule/GNN/GCN.py[line:226] - INFO: Epoch [97/1000] Train_MSE: 0.763249 Val_MSE: 0.912131 | Loss: 0.822374
2025-12-05 20:16:41,604 - /home/kantorkristof/git/neurips-polymer/II_Experiment-Molecule/GNN/GCN.py[line:226] - INFO: Epoch [98/1000] Train_MSE: 1.125691 Val_MSE: 1.225451 | Loss: 0.803085
2025-12-05 20:16:42,144 - /home/kantorkristof/git/neurips-polymer/II_Experiment-Molecule/GNN/GCN.py[line:226] - INFO: Epoch [99/1000] Train_MSE: 0.747354 Val_MSE: 0.900362 | Loss: 0.800743
2025-12-05 20:16:42,693 - /home/kantorkristof/git/neurips-polymer/II_Experiment-Molecule/GNN/GCN.py[line:226] - INFO: Epoch [100/1000] Train_MSE: 0.930742 Val_MSE: 1.040909 | Loss: 0.795342
2025-12-05 20:16:43,235 - /home/kantorkristof/git/neurips-polymer/II_Experiment-Molecule/GNN/GCN.py[line:226] - INFO: Epoch [101/1000] Train_MSE: 0.881207 Val_MSE: 1.005725 | Loss: 0.785127
2025-12-05 20:16:43,799 - /home/kantorkristof/git/neurips-polymer/II_Experiment-Molecule/GNN/GCN.py[line:226] - INFO: Epoch [102/1000] Train_MSE: 0.881920 Val_MSE: 1.016819 | Loss: 0.803427
2025-12-05 20:16:44,344 - /home/kantorkristof/git/neurips-polymer/II_Experiment-Molecule/GNN/GCN.py[line:226] - INFO: Epoch [103/1000] Train_MSE: 0.883321 Val_MSE: 1.006942 | Loss: 0.777454
2025-12-05 20:16:44,876 - /home/kantorkristof/git/neurips-polymer/II_Experiment-Molecule/GNN/GCN.py[line:226] - INFO: Epoch [104/1000] Train_MSE: 0.723159 Val_MSE: 0.902464 | Loss: 0.783835
2025-12-05 20:16:45,410 - /home/kantorkristof/git/neurips-polymer/II_Experiment-Molecule/GNN/GCN.py[line:226] - INFO: Epoch [105/1000] Train_MSE: 0.723317 Val_MSE: 0.892710 | Loss: 0.780616
2025-12-05 20:16:45,948 - /home/kantorkristof/git/neurips-polymer/II_Experiment-Molecule/GNN/GCN.py[line:226] - INFO: Epoch [106/1000] Train_MSE: 0.775470 Val_MSE: 0.934315 | Loss: 0.791151
2025-12-05 20:16:46,489 - /home/kantorkristof/git/neurips-polymer/II_Experiment-Molecule/GNN/GCN.py[line:226] - INFO: Epoch [107/1000] Train_MSE: 0.731745 Val_MSE: 0.878857 | Loss: 0.779420
2025-12-05 20:16:46,492 - /home/kantorkristof/git/neurips-polymer/II_Experiment-Molecule/GNN/GCN.py[line:236] - INFO: Best model saved at epoch 107 with val_mse 0.878857
2025-12-05 20:16:47,034 - /home/kantorkristof/git/neurips-polymer/II_Experiment-Molecule/GNN/GCN.py[line:226] - INFO: Epoch [108/1000] Train_MSE: 0.707741 Val_MSE: 0.872502 | Loss: 0.799326
2025-12-05 20:16:47,036 - /home/kantorkristof/git/neurips-polymer/II_Experiment-Molecule/GNN/GCN.py[line:236] - INFO: Best model saved at epoch 108 with val_mse 0.872502
2025-12-05 20:16:47,584 - /home/kantorkristof/git/neurips-polymer/II_Experiment-Molecule/GNN/GCN.py[line:226] - INFO: Epoch [109/1000] Train_MSE: 1.232017 Val_MSE: 1.339996 | Loss: 0.794700
2025-12-05 20:16:48,123 - /home/kantorkristof/git/neurips-polymer/II_Experiment-Molecule/GNN/GCN.py[line:226] - INFO: Epoch [110/1000] Train_MSE: 0.818931 Val_MSE: 1.023054 | Loss: 0.788064
2025-12-05 20:16:48,665 - /home/kantorkristof/git/neurips-polymer/II_Experiment-Molecule/GNN/GCN.py[line:226] - INFO: Epoch [111/1000] Train_MSE: 0.776190 Val_MSE: 0.928861 | Loss: 0.767932
2025-12-05 20:16:49,207 - /home/kantorkristof/git/neurips-polymer/II_Experiment-Molecule/GNN/GCN.py[line:226] - INFO: Epoch [112/1000] Train_MSE: 0.758725 Val_MSE: 0.912056 | Loss: 0.806053
2025-12-05 20:16:49,746 - /home/kantorkristof/git/neurips-polymer/II_Experiment-Molecule/GNN/GCN.py[line:226] - INFO: Epoch [113/1000] Train_MSE: 0.743127 Val_MSE: 0.930924 | Loss: 0.784376
2025-12-05 20:16:50,297 - /home/kantorkristof/git/neurips-polymer/II_Experiment-Molecule/GNN/GCN.py[line:226] - INFO: Epoch [114/1000] Train_MSE: 0.751909 Val_MSE: 0.937086 | Loss: 0.795358
2025-12-05 20:16:50,848 - /home/kantorkristof/git/neurips-polymer/II_Experiment-Molecule/GNN/GCN.py[line:226] - INFO: Epoch [115/1000] Train_MSE: 0.747899 Val_MSE: 0.881754 | Loss: 0.778054
2025-12-05 20:16:51,386 - /home/kantorkristof/git/neurips-polymer/II_Experiment-Molecule/GNN/GCN.py[line:226] - INFO: Epoch [116/1000] Train_MSE: 0.692988 Val_MSE: 0.880042 | Loss: 0.766060
2025-12-05 20:16:51,931 - /home/kantorkristof/git/neurips-polymer/II_Experiment-Molecule/GNN/GCN.py[line:226] - INFO: Epoch [117/1000] Train_MSE: 0.772714 Val_MSE: 0.954396 | Loss: 0.777339
2025-12-05 20:16:52,470 - /home/kantorkristof/git/neurips-polymer/II_Experiment-Molecule/GNN/GCN.py[line:226] - INFO: Epoch [118/1000] Train_MSE: 0.741232 Val_MSE: 0.912339 | Loss: 0.766039
2025-12-05 20:16:53,005 - /home/kantorkristof/git/neurips-polymer/II_Experiment-Molecule/GNN/GCN.py[line:226] - INFO: Epoch [119/1000] Train_MSE: 0.696134 Val_MSE: 0.870205 | Loss: 0.767347
2025-12-05 20:16:53,008 - /home/kantorkristof/git/neurips-polymer/II_Experiment-Molecule/GNN/GCN.py[line:236] - INFO: Best model saved at epoch 119 with val_mse 0.870205
2025-12-05 20:16:53,561 - /home/kantorkristof/git/neurips-polymer/II_Experiment-Molecule/GNN/GCN.py[line:226] - INFO: Epoch [120/1000] Train_MSE: 0.955924 Val_MSE: 1.110588 | Loss: 0.773145
2025-12-05 20:16:54,115 - /home/kantorkristof/git/neurips-polymer/II_Experiment-Molecule/GNN/GCN.py[line:226] - INFO: Epoch [121/1000] Train_MSE: 0.744068 Val_MSE: 0.947754 | Loss: 0.766146
2025-12-05 20:16:54,666 - /home/kantorkristof/git/neurips-polymer/II_Experiment-Molecule/GNN/GCN.py[line:226] - INFO: Epoch [122/1000] Train_MSE: 0.737999 Val_MSE: 0.901909 | Loss: 0.786239
2025-12-05 20:16:55,216 - /home/kantorkristof/git/neurips-polymer/II_Experiment-Molecule/GNN/GCN.py[line:226] - INFO: Epoch [123/1000] Train_MSE: 0.723788 Val_MSE: 0.886471 | Loss: 0.767286
2025-12-05 20:16:55,783 - /home/kantorkristof/git/neurips-polymer/II_Experiment-Molecule/GNN/GCN.py[line:226] - INFO: Epoch [124/1000] Train_MSE: 0.801805 Val_MSE: 0.938794 | Loss: 0.763691
2025-12-05 20:16:56,336 - /home/kantorkristof/git/neurips-polymer/II_Experiment-Molecule/GNN/GCN.py[line:226] - INFO: Epoch [125/1000] Train_MSE: 0.697260 Val_MSE: 0.888059 | Loss: 0.755819
2025-12-05 20:16:56,880 - /home/kantorkristof/git/neurips-polymer/II_Experiment-Molecule/GNN/GCN.py[line:226] - INFO: Epoch [126/1000] Train_MSE: 0.704360 Val_MSE: 0.877900 | Loss: 0.743942
2025-12-05 20:16:57,421 - /home/kantorkristof/git/neurips-polymer/II_Experiment-Molecule/GNN/GCN.py[line:226] - INFO: Epoch [127/1000] Train_MSE: 0.703871 Val_MSE: 0.861957 | Loss: 0.766582
2025-12-05 20:16:57,423 - /home/kantorkristof/git/neurips-polymer/II_Experiment-Molecule/GNN/GCN.py[line:236] - INFO: Best model saved at epoch 127 with val_mse 0.861957
2025-12-05 20:16:57,969 - /home/kantorkristof/git/neurips-polymer/II_Experiment-Molecule/GNN/GCN.py[line:226] - INFO: Epoch [128/1000] Train_MSE: 0.752759 Val_MSE: 0.888759 | Loss: 0.760543
2025-12-05 20:16:58,505 - /home/kantorkristof/git/neurips-polymer/II_Experiment-Molecule/GNN/GCN.py[line:226] - INFO: Epoch [129/1000] Train_MSE: 0.690821 Val_MSE: 0.859826 | Loss: 0.784613
2025-12-05 20:16:58,507 - /home/kantorkristof/git/neurips-polymer/II_Experiment-Molecule/GNN/GCN.py[line:236] - INFO: Best model saved at epoch 129 with val_mse 0.859826
2025-12-05 20:16:59,064 - /home/kantorkristof/git/neurips-polymer/II_Experiment-Molecule/GNN/GCN.py[line:226] - INFO: Epoch [130/1000] Train_MSE: 0.888303 Val_MSE: 1.066758 | Loss: 0.759349
2025-12-05 20:16:59,616 - /home/kantorkristof/git/neurips-polymer/II_Experiment-Molecule/GNN/GCN.py[line:226] - INFO: Epoch [131/1000] Train_MSE: 0.730277 Val_MSE: 0.893804 | Loss: 0.732474
2025-12-05 20:17:00,158 - /home/kantorkristof/git/neurips-polymer/II_Experiment-Molecule/GNN/GCN.py[line:226] - INFO: Epoch [132/1000] Train_MSE: 0.770947 Val_MSE: 0.922973 | Loss: 0.760455
2025-12-05 20:17:00,699 - /home/kantorkristof/git/neurips-polymer/II_Experiment-Molecule/GNN/GCN.py[line:226] - INFO: Epoch [133/1000] Train_MSE: 0.690267 Val_MSE: 0.864860 | Loss: 0.734873
2025-12-05 20:17:01,245 - /home/kantorkristof/git/neurips-polymer/II_Experiment-Molecule/GNN/GCN.py[line:226] - INFO: Epoch [134/1000] Train_MSE: 0.737303 Val_MSE: 0.881180 | Loss: 0.756315
2025-12-05 20:17:01,783 - /home/kantorkristof/git/neurips-polymer/II_Experiment-Molecule/GNN/GCN.py[line:226] - INFO: Epoch [135/1000] Train_MSE: 0.776028 Val_MSE: 0.943563 | Loss: 0.757486
2025-12-05 20:17:02,330 - /home/kantorkristof/git/neurips-polymer/II_Experiment-Molecule/GNN/GCN.py[line:226] - INFO: Epoch [136/1000] Train_MSE: 0.714378 Val_MSE: 0.854176 | Loss: 0.758929
2025-12-05 20:17:02,333 - /home/kantorkristof/git/neurips-polymer/II_Experiment-Molecule/GNN/GCN.py[line:236] - INFO: Best model saved at epoch 136 with val_mse 0.854176
2025-12-05 20:17:02,876 - /home/kantorkristof/git/neurips-polymer/II_Experiment-Molecule/GNN/GCN.py[line:226] - INFO: Epoch [137/1000] Train_MSE: 0.700836 Val_MSE: 0.901462 | Loss: 0.742035
2025-12-05 20:17:03,410 - /home/kantorkristof/git/neurips-polymer/II_Experiment-Molecule/GNN/GCN.py[line:226] - INFO: Epoch [138/1000] Train_MSE: 0.738635 Val_MSE: 0.928610 | Loss: 0.746363
2025-12-05 20:17:03,950 - /home/kantorkristof/git/neurips-polymer/II_Experiment-Molecule/GNN/GCN.py[line:226] - INFO: Epoch [139/1000] Train_MSE: 0.700065 Val_MSE: 0.865976 | Loss: 0.768044
2025-12-05 20:17:04,490 - /home/kantorkristof/git/neurips-polymer/II_Experiment-Molecule/GNN/GCN.py[line:226] - INFO: Epoch [140/1000] Train_MSE: 0.669627 Val_MSE: 0.858587 | Loss: 0.718118
2025-12-05 20:17:05,032 - /home/kantorkristof/git/neurips-polymer/II_Experiment-Molecule/GNN/GCN.py[line:226] - INFO: Epoch [141/1000] Train_MSE: 0.793739 Val_MSE: 0.933207 | Loss: 0.731975
2025-12-05 20:17:05,579 - /home/kantorkristof/git/neurips-polymer/II_Experiment-Molecule/GNN/GCN.py[line:226] - INFO: Epoch [142/1000] Train_MSE: 0.758461 Val_MSE: 0.957624 | Loss: 0.720846
2025-12-05 20:17:06,117 - /home/kantorkristof/git/neurips-polymer/II_Experiment-Molecule/GNN/GCN.py[line:226] - INFO: Epoch [143/1000] Train_MSE: 0.821349 Val_MSE: 0.976745 | Loss: 0.720483
2025-12-05 20:17:06,668 - /home/kantorkristof/git/neurips-polymer/II_Experiment-Molecule/GNN/GCN.py[line:226] - INFO: Epoch [144/1000] Train_MSE: 0.900304 Val_MSE: 1.094473 | Loss: 0.737583
2025-12-05 20:17:07,215 - /home/kantorkristof/git/neurips-polymer/II_Experiment-Molecule/GNN/GCN.py[line:226] - INFO: Epoch [145/1000] Train_MSE: 0.784987 Val_MSE: 0.938397 | Loss: 0.740587
2025-12-05 20:17:07,757 - /home/kantorkristof/git/neurips-polymer/II_Experiment-Molecule/GNN/GCN.py[line:226] - INFO: Epoch [146/1000] Train_MSE: 0.674599 Val_MSE: 0.857087 | Loss: 0.747506
2025-12-05 20:17:08,295 - /home/kantorkristof/git/neurips-polymer/II_Experiment-Molecule/GNN/GCN.py[line:226] - INFO: Epoch [147/1000] Train_MSE: 0.707552 Val_MSE: 0.866637 | Loss: 0.729678
2025-12-05 20:17:08,838 - /home/kantorkristof/git/neurips-polymer/II_Experiment-Molecule/GNN/GCN.py[line:226] - INFO: Epoch [148/1000] Train_MSE: 0.721705 Val_MSE: 0.911638 | Loss: 0.750677
2025-12-05 20:17:09,379 - /home/kantorkristof/git/neurips-polymer/II_Experiment-Molecule/GNN/GCN.py[line:226] - INFO: Epoch [149/1000] Train_MSE: 0.663592 Val_MSE: 0.845047 | Loss: 0.728049
2025-12-05 20:17:09,381 - /home/kantorkristof/git/neurips-polymer/II_Experiment-Molecule/GNN/GCN.py[line:236] - INFO: Best model saved at epoch 149 with val_mse 0.845047
2025-12-05 20:17:09,941 - /home/kantorkristof/git/neurips-polymer/II_Experiment-Molecule/GNN/GCN.py[line:226] - INFO: Epoch [150/1000] Train_MSE: 0.684294 Val_MSE: 0.884325 | Loss: 0.710459
2025-12-05 20:17:10,507 - /home/kantorkristof/git/neurips-polymer/II_Experiment-Molecule/GNN/GCN.py[line:226] - INFO: Epoch [151/1000] Train_MSE: 0.673357 Val_MSE: 0.876633 | Loss: 0.731950
2025-12-05 20:17:11,060 - /home/kantorkristof/git/neurips-polymer/II_Experiment-Molecule/GNN/GCN.py[line:226] - INFO: Epoch [152/1000] Train_MSE: 0.702789 Val_MSE: 0.852251 | Loss: 0.743550
2025-12-05 20:17:11,628 - /home/kantorkristof/git/neurips-polymer/II_Experiment-Molecule/GNN/GCN.py[line:226] - INFO: Epoch [153/1000] Train_MSE: 0.696664 Val_MSE: 0.867453 | Loss: 0.727455
2025-12-05 20:17:12,175 - /home/kantorkristof/git/neurips-polymer/II_Experiment-Molecule/GNN/GCN.py[line:226] - INFO: Epoch [154/1000] Train_MSE: 0.638131 Val_MSE: 0.829044 | Loss: 0.727750
2025-12-05 20:17:12,178 - /home/kantorkristof/git/neurips-polymer/II_Experiment-Molecule/GNN/GCN.py[line:236] - INFO: Best model saved at epoch 154 with val_mse 0.829044
2025-12-05 20:17:12,723 - /home/kantorkristof/git/neurips-polymer/II_Experiment-Molecule/GNN/GCN.py[line:226] - INFO: Epoch [155/1000] Train_MSE: 0.654718 Val_MSE: 0.854707 | Loss: 0.726082
2025-12-05 20:17:13,274 - /home/kantorkristof/git/neurips-polymer/II_Experiment-Molecule/GNN/GCN.py[line:226] - INFO: Epoch [156/1000] Train_MSE: 0.677626 Val_MSE: 0.832921 | Loss: 0.709976
2025-12-05 20:17:13,807 - /home/kantorkristof/git/neurips-polymer/II_Experiment-Molecule/GNN/GCN.py[line:226] - INFO: Epoch [157/1000] Train_MSE: 0.638960 Val_MSE: 0.814909 | Loss: 0.721935
2025-12-05 20:17:13,810 - /home/kantorkristof/git/neurips-polymer/II_Experiment-Molecule/GNN/GCN.py[line:236] - INFO: Best model saved at epoch 157 with val_mse 0.814909
2025-12-05 20:17:14,342 - /home/kantorkristof/git/neurips-polymer/II_Experiment-Molecule/GNN/GCN.py[line:226] - INFO: Epoch [158/1000] Train_MSE: 0.631461 Val_MSE: 0.805946 | Loss: 0.708924
2025-12-05 20:17:14,344 - /home/kantorkristof/git/neurips-polymer/II_Experiment-Molecule/GNN/GCN.py[line:236] - INFO: Best model saved at epoch 158 with val_mse 0.805946
2025-12-05 20:17:14,885 - /home/kantorkristof/git/neurips-polymer/II_Experiment-Molecule/GNN/GCN.py[line:226] - INFO: Epoch [159/1000] Train_MSE: 0.650900 Val_MSE: 0.843700 | Loss: 0.737348
2025-12-05 20:17:15,428 - /home/kantorkristof/git/neurips-polymer/II_Experiment-Molecule/GNN/GCN.py[line:226] - INFO: Epoch [160/1000] Train_MSE: 0.681372 Val_MSE: 0.871940 | Loss: 0.707003
2025-12-05 20:17:15,969 - /home/kantorkristof/git/neurips-polymer/II_Experiment-Molecule/GNN/GCN.py[line:226] - INFO: Epoch [161/1000] Train_MSE: 0.665088 Val_MSE: 0.846362 | Loss: 0.714126
2025-12-05 20:17:16,506 - /home/kantorkristof/git/neurips-polymer/II_Experiment-Molecule/GNN/GCN.py[line:226] - INFO: Epoch [162/1000] Train_MSE: 0.660595 Val_MSE: 0.878638 | Loss: 0.719050
2025-12-05 20:17:17,049 - /home/kantorkristof/git/neurips-polymer/II_Experiment-Molecule/GNN/GCN.py[line:226] - INFO: Epoch [163/1000] Train_MSE: 0.636694 Val_MSE: 0.833428 | Loss: 0.697685
2025-12-05 20:17:17,604 - /home/kantorkristof/git/neurips-polymer/II_Experiment-Molecule/GNN/GCN.py[line:226] - INFO: Epoch [164/1000] Train_MSE: 0.672486 Val_MSE: 0.904610 | Loss: 0.711765
2025-12-05 20:17:18,152 - /home/kantorkristof/git/neurips-polymer/II_Experiment-Molecule/GNN/GCN.py[line:226] - INFO: Epoch [165/1000] Train_MSE: 0.660690 Val_MSE: 0.887717 | Loss: 0.705759
2025-12-05 20:17:18,684 - /home/kantorkristof/git/neurips-polymer/II_Experiment-Molecule/GNN/GCN.py[line:226] - INFO: Epoch [166/1000] Train_MSE: 0.671372 Val_MSE: 0.879028 | Loss: 0.705950
2025-12-05 20:17:19,224 - /home/kantorkristof/git/neurips-polymer/II_Experiment-Molecule/GNN/GCN.py[line:226] - INFO: Epoch [167/1000] Train_MSE: 0.705840 Val_MSE: 0.916519 | Loss: 0.711217
2025-12-05 20:17:19,777 - /home/kantorkristof/git/neurips-polymer/II_Experiment-Molecule/GNN/GCN.py[line:226] - INFO: Epoch [168/1000] Train_MSE: 0.653510 Val_MSE: 0.842324 | Loss: 0.690116
2025-12-05 20:17:20,331 - /home/kantorkristof/git/neurips-polymer/II_Experiment-Molecule/GNN/GCN.py[line:226] - INFO: Epoch [169/1000] Train_MSE: 0.739573 Val_MSE: 0.953293 | Loss: 0.711135
2025-12-05 20:17:20,886 - /home/kantorkristof/git/neurips-polymer/II_Experiment-Molecule/GNN/GCN.py[line:226] - INFO: Epoch [170/1000] Train_MSE: 0.634859 Val_MSE: 0.823168 | Loss: 0.696743
2025-12-05 20:17:21,437 - /home/kantorkristof/git/neurips-polymer/II_Experiment-Molecule/GNN/GCN.py[line:226] - INFO: Epoch [171/1000] Train_MSE: 0.623115 Val_MSE: 0.835303 | Loss: 0.686478
2025-12-05 20:17:21,986 - /home/kantorkristof/git/neurips-polymer/II_Experiment-Molecule/GNN/GCN.py[line:226] - INFO: Epoch [172/1000] Train_MSE: 0.691675 Val_MSE: 0.885350 | Loss: 0.677996
2025-12-05 20:17:22,538 - /home/kantorkristof/git/neurips-polymer/II_Experiment-Molecule/GNN/GCN.py[line:226] - INFO: Epoch [173/1000] Train_MSE: 0.642940 Val_MSE: 0.825408 | Loss: 0.686676
2025-12-05 20:17:23,078 - /home/kantorkristof/git/neurips-polymer/II_Experiment-Molecule/GNN/GCN.py[line:226] - INFO: Epoch [174/1000] Train_MSE: 0.662044 Val_MSE: 0.890176 | Loss: 0.696275
2025-12-05 20:17:23,621 - /home/kantorkristof/git/neurips-polymer/II_Experiment-Molecule/GNN/GCN.py[line:226] - INFO: Epoch [175/1000] Train_MSE: 0.698812 Val_MSE: 0.902963 | Loss: 0.691527
2025-12-05 20:17:24,161 - /home/kantorkristof/git/neurips-polymer/II_Experiment-Molecule/GNN/GCN.py[line:226] - INFO: Epoch [176/1000] Train_MSE: 0.709743 Val_MSE: 0.917367 | Loss: 0.687090
2025-12-05 20:17:24,709 - /home/kantorkristof/git/neurips-polymer/II_Experiment-Molecule/GNN/GCN.py[line:226] - INFO: Epoch [177/1000] Train_MSE: 0.715747 Val_MSE: 0.943701 | Loss: 0.663443
2025-12-05 20:17:25,249 - /home/kantorkristof/git/neurips-polymer/II_Experiment-Molecule/GNN/GCN.py[line:226] - INFO: Epoch [178/1000] Train_MSE: 0.931528 Val_MSE: 1.176472 | Loss: 0.709079
2025-12-05 20:17:25,801 - /home/kantorkristof/git/neurips-polymer/II_Experiment-Molecule/GNN/GCN.py[line:226] - INFO: Epoch [179/1000] Train_MSE: 0.661310 Val_MSE: 0.865973 | Loss: 0.696947
2025-12-05 20:17:26,340 - /home/kantorkristof/git/neurips-polymer/II_Experiment-Molecule/GNN/GCN.py[line:226] - INFO: Epoch [180/1000] Train_MSE: 0.658091 Val_MSE: 0.885772 | Loss: 0.701143
2025-12-05 20:17:26,886 - /home/kantorkristof/git/neurips-polymer/II_Experiment-Molecule/GNN/GCN.py[line:226] - INFO: Epoch [181/1000] Train_MSE: 0.918647 Val_MSE: 1.043678 | Loss: 0.678669
2025-12-05 20:17:27,431 - /home/kantorkristof/git/neurips-polymer/II_Experiment-Molecule/GNN/GCN.py[line:226] - INFO: Epoch [182/1000] Train_MSE: 0.634715 Val_MSE: 0.841746 | Loss: 0.677905
2025-12-05 20:17:27,968 - /home/kantorkristof/git/neurips-polymer/II_Experiment-Molecule/GNN/GCN.py[line:226] - INFO: Epoch [183/1000] Train_MSE: 0.646921 Val_MSE: 0.861136 | Loss: 0.686197
2025-12-05 20:17:28,506 - /home/kantorkristof/git/neurips-polymer/II_Experiment-Molecule/GNN/GCN.py[line:226] - INFO: Epoch [184/1000] Train_MSE: 0.704686 Val_MSE: 0.865179 | Loss: 0.686118
2025-12-05 20:17:29,054 - /home/kantorkristof/git/neurips-polymer/II_Experiment-Molecule/GNN/GCN.py[line:226] - INFO: Epoch [185/1000] Train_MSE: 0.798541 Val_MSE: 1.052608 | Loss: 0.665325
2025-12-05 20:17:29,616 - /home/kantorkristof/git/neurips-polymer/II_Experiment-Molecule/GNN/GCN.py[line:226] - INFO: Epoch [186/1000] Train_MSE: 0.591236 Val_MSE: 0.814312 | Loss: 0.682426
2025-12-05 20:17:30,156 - /home/kantorkristof/git/neurips-polymer/II_Experiment-Molecule/GNN/GCN.py[line:226] - INFO: Epoch [187/1000] Train_MSE: 0.637812 Val_MSE: 0.833028 | Loss: 0.685600
2025-12-05 20:17:30,697 - /home/kantorkristof/git/neurips-polymer/II_Experiment-Molecule/GNN/GCN.py[line:226] - INFO: Epoch [188/1000] Train_MSE: 0.613598 Val_MSE: 0.838746 | Loss: 0.683077
2025-12-05 20:17:31,234 - /home/kantorkristof/git/neurips-polymer/II_Experiment-Molecule/GNN/GCN.py[line:226] - INFO: Epoch [189/1000] Train_MSE: 0.628565 Val_MSE: 0.824780 | Loss: 0.670142
2025-12-05 20:17:31,776 - /home/kantorkristof/git/neurips-polymer/II_Experiment-Molecule/GNN/GCN.py[line:226] - INFO: Epoch [190/1000] Train_MSE: 0.593600 Val_MSE: 0.807008 | Loss: 0.668540
2025-12-05 20:17:32,315 - /home/kantorkristof/git/neurips-polymer/II_Experiment-Molecule/GNN/GCN.py[line:226] - INFO: Epoch [191/1000] Train_MSE: 0.676581 Val_MSE: 0.876628 | Loss: 0.677752
2025-12-05 20:17:32,853 - /home/kantorkristof/git/neurips-polymer/II_Experiment-Molecule/GNN/GCN.py[line:226] - INFO: Epoch [192/1000] Train_MSE: 0.599754 Val_MSE: 0.792824 | Loss: 0.673481
2025-12-05 20:17:32,856 - /home/kantorkristof/git/neurips-polymer/II_Experiment-Molecule/GNN/GCN.py[line:236] - INFO: Best model saved at epoch 192 with val_mse 0.792824
2025-12-05 20:17:33,395 - /home/kantorkristof/git/neurips-polymer/II_Experiment-Molecule/GNN/GCN.py[line:226] - INFO: Epoch [193/1000] Train_MSE: 0.606629 Val_MSE: 0.824549 | Loss: 0.667151
2025-12-05 20:17:33,947 - /home/kantorkristof/git/neurips-polymer/II_Experiment-Molecule/GNN/GCN.py[line:226] - INFO: Epoch [194/1000] Train_MSE: 0.745213 Val_MSE: 0.904063 | Loss: 0.679423
2025-12-05 20:17:34,500 - /home/kantorkristof/git/neurips-polymer/II_Experiment-Molecule/GNN/GCN.py[line:226] - INFO: Epoch [195/1000] Train_MSE: 0.601654 Val_MSE: 0.829598 | Loss: 0.654240
2025-12-05 20:17:35,051 - /home/kantorkristof/git/neurips-polymer/II_Experiment-Molecule/GNN/GCN.py[line:226] - INFO: Epoch [196/1000] Train_MSE: 0.600458 Val_MSE: 0.808713 | Loss: 0.675954
2025-12-05 20:17:35,599 - /home/kantorkristof/git/neurips-polymer/II_Experiment-Molecule/GNN/GCN.py[line:226] - INFO: Epoch [197/1000] Train_MSE: 0.575605 Val_MSE: 0.814499 | Loss: 0.645425
2025-12-05 20:17:36,160 - /home/kantorkristof/git/neurips-polymer/II_Experiment-Molecule/GNN/GCN.py[line:226] - INFO: Epoch [198/1000] Train_MSE: 0.728055 Val_MSE: 0.908161 | Loss: 0.665385
2025-12-05 20:17:36,698 - /home/kantorkristof/git/neurips-polymer/II_Experiment-Molecule/GNN/GCN.py[line:226] - INFO: Epoch [199/1000] Train_MSE: 0.614404 Val_MSE: 0.837121 | Loss: 0.662545
2025-12-05 20:17:37,235 - /home/kantorkristof/git/neurips-polymer/II_Experiment-Molecule/GNN/GCN.py[line:226] - INFO: Epoch [200/1000] Train_MSE: 0.671391 Val_MSE: 0.874478 | Loss: 0.671677
2025-12-05 20:17:37,777 - /home/kantorkristof/git/neurips-polymer/II_Experiment-Molecule/GNN/GCN.py[line:226] - INFO: Epoch [201/1000] Train_MSE: 0.627395 Val_MSE: 0.842454 | Loss: 0.686972
2025-12-05 20:17:38,332 - /home/kantorkristof/git/neurips-polymer/II_Experiment-Molecule/GNN/GCN.py[line:226] - INFO: Epoch [202/1000] Train_MSE: 0.603354 Val_MSE: 0.820980 | Loss: 0.656383
2025-12-05 20:17:38,871 - /home/kantorkristof/git/neurips-polymer/II_Experiment-Molecule/GNN/GCN.py[line:226] - INFO: Epoch [203/1000] Train_MSE: 0.589392 Val_MSE: 0.814471 | Loss: 0.663790
2025-12-05 20:17:39,409 - /home/kantorkristof/git/neurips-polymer/II_Experiment-Molecule/GNN/GCN.py[line:226] - INFO: Epoch [204/1000] Train_MSE: 0.597443 Val_MSE: 0.847835 | Loss: 0.637434
2025-12-05 20:17:39,941 - /home/kantorkristof/git/neurips-polymer/II_Experiment-Molecule/GNN/GCN.py[line:226] - INFO: Epoch [205/1000] Train_MSE: 0.645130 Val_MSE: 0.871451 | Loss: 0.666907
2025-12-05 20:17:40,474 - /home/kantorkristof/git/neurips-polymer/II_Experiment-Molecule/GNN/GCN.py[line:226] - INFO: Epoch [206/1000] Train_MSE: 0.645491 Val_MSE: 0.883691 | Loss: 0.657086
2025-12-05 20:17:41,005 - /home/kantorkristof/git/neurips-polymer/II_Experiment-Molecule/GNN/GCN.py[line:226] - INFO: Epoch [207/1000] Train_MSE: 0.620636 Val_MSE: 0.846299 | Loss: 0.650161
2025-12-05 20:17:41,540 - /home/kantorkristof/git/neurips-polymer/II_Experiment-Molecule/GNN/GCN.py[line:226] - INFO: Epoch [208/1000] Train_MSE: 0.585319 Val_MSE: 0.803376 | Loss: 0.699231
2025-12-05 20:17:42,073 - /home/kantorkristof/git/neurips-polymer/II_Experiment-Molecule/GNN/GCN.py[line:226] - INFO: Epoch [209/1000] Train_MSE: 0.614232 Val_MSE: 0.875938 | Loss: 0.636815
2025-12-05 20:17:42,609 - /home/kantorkristof/git/neurips-polymer/II_Experiment-Molecule/GNN/GCN.py[line:226] - INFO: Epoch [210/1000] Train_MSE: 0.577447 Val_MSE: 0.808691 | Loss: 0.653662
2025-12-05 20:17:43,142 - /home/kantorkristof/git/neurips-polymer/II_Experiment-Molecule/GNN/GCN.py[line:226] - INFO: Epoch [211/1000] Train_MSE: 0.574325 Val_MSE: 0.817622 | Loss: 0.636147
2025-12-05 20:17:43,672 - /home/kantorkristof/git/neurips-polymer/II_Experiment-Molecule/GNN/GCN.py[line:226] - INFO: Epoch [212/1000] Train_MSE: 0.682595 Val_MSE: 0.920116 | Loss: 0.676401
2025-12-05 20:17:44,200 - /home/kantorkristof/git/neurips-polymer/II_Experiment-Molecule/GNN/GCN.py[line:226] - INFO: Epoch [213/1000] Train_MSE: 0.578024 Val_MSE: 0.811594 | Loss: 0.652706
2025-12-05 20:17:44,728 - /home/kantorkristof/git/neurips-polymer/II_Experiment-Molecule/GNN/GCN.py[line:226] - INFO: Epoch [214/1000] Train_MSE: 0.573616 Val_MSE: 0.808942 | Loss: 0.640360
2025-12-05 20:17:45,258 - /home/kantorkristof/git/neurips-polymer/II_Experiment-Molecule/GNN/GCN.py[line:226] - INFO: Epoch [215/1000] Train_MSE: 0.577701 Val_MSE: 0.780899 | Loss: 0.632588
2025-12-05 20:17:45,261 - /home/kantorkristof/git/neurips-polymer/II_Experiment-Molecule/GNN/GCN.py[line:236] - INFO: Best model saved at epoch 215 with val_mse 0.780899
2025-12-05 20:17:45,800 - /home/kantorkristof/git/neurips-polymer/II_Experiment-Molecule/GNN/GCN.py[line:226] - INFO: Epoch [216/1000] Train_MSE: 0.569013 Val_MSE: 0.776670 | Loss: 0.670757
2025-12-05 20:17:45,802 - /home/kantorkristof/git/neurips-polymer/II_Experiment-Molecule/GNN/GCN.py[line:236] - INFO: Best model saved at epoch 216 with val_mse 0.776670
2025-12-05 20:17:46,349 - /home/kantorkristof/git/neurips-polymer/II_Experiment-Molecule/GNN/GCN.py[line:226] - INFO: Epoch [217/1000] Train_MSE: 0.632427 Val_MSE: 0.892700 | Loss: 0.638312
2025-12-05 20:17:46,913 - /home/kantorkristof/git/neurips-polymer/II_Experiment-Molecule/GNN/GCN.py[line:226] - INFO: Epoch [218/1000] Train_MSE: 0.574207 Val_MSE: 0.825863 | Loss: 0.646234
2025-12-05 20:17:47,463 - /home/kantorkristof/git/neurips-polymer/II_Experiment-Molecule/GNN/GCN.py[line:226] - INFO: Epoch [219/1000] Train_MSE: 0.750027 Val_MSE: 1.020476 | Loss: 0.646184
2025-12-05 20:17:48,000 - /home/kantorkristof/git/neurips-polymer/II_Experiment-Molecule/GNN/GCN.py[line:226] - INFO: Epoch [220/1000] Train_MSE: 0.594754 Val_MSE: 0.837342 | Loss: 0.634353
2025-12-05 20:17:48,534 - /home/kantorkristof/git/neurips-polymer/II_Experiment-Molecule/GNN/GCN.py[line:226] - INFO: Epoch [221/1000] Train_MSE: 0.607398 Val_MSE: 0.869126 | Loss: 0.640467
2025-12-05 20:17:49,070 - /home/kantorkristof/git/neurips-polymer/II_Experiment-Molecule/GNN/GCN.py[line:226] - INFO: Epoch [222/1000] Train_MSE: 0.739451 Val_MSE: 0.995792 | Loss: 0.644274
2025-12-05 20:17:49,607 - /home/kantorkristof/git/neurips-polymer/II_Experiment-Molecule/GNN/GCN.py[line:226] - INFO: Epoch [223/1000] Train_MSE: 0.711843 Val_MSE: 0.995065 | Loss: 0.638963
2025-12-05 20:17:50,145 - /home/kantorkristof/git/neurips-polymer/II_Experiment-Molecule/GNN/GCN.py[line:226] - INFO: Epoch [224/1000] Train_MSE: 0.687876 Val_MSE: 0.920486 | Loss: 0.642508
2025-12-05 20:17:50,680 - /home/kantorkristof/git/neurips-polymer/II_Experiment-Molecule/GNN/GCN.py[line:226] - INFO: Epoch [225/1000] Train_MSE: 0.580491 Val_MSE: 0.834152 | Loss: 0.629040
2025-12-05 20:17:51,217 - /home/kantorkristof/git/neurips-polymer/II_Experiment-Molecule/GNN/GCN.py[line:226] - INFO: Epoch [226/1000] Train_MSE: 0.555975 Val_MSE: 0.815369 | Loss: 0.644362
2025-12-05 20:17:51,787 - /home/kantorkristof/git/neurips-polymer/II_Experiment-Molecule/GNN/GCN.py[line:226] - INFO: Epoch [227/1000] Train_MSE: 0.699708 Val_MSE: 0.948679 | Loss: 0.640466
2025-12-05 20:17:52,326 - /home/kantorkristof/git/neurips-polymer/II_Experiment-Molecule/GNN/GCN.py[line:226] - INFO: Epoch [228/1000] Train_MSE: 0.561166 Val_MSE: 0.790482 | Loss: 0.660320
2025-12-05 20:17:52,857 - /home/kantorkristof/git/neurips-polymer/II_Experiment-Molecule/GNN/GCN.py[line:226] - INFO: Epoch [229/1000] Train_MSE: 0.539892 Val_MSE: 0.802615 | Loss: 0.648840
2025-12-05 20:17:53,388 - /home/kantorkristof/git/neurips-polymer/II_Experiment-Molecule/GNN/GCN.py[line:226] - INFO: Epoch [230/1000] Train_MSE: 0.616601 Val_MSE: 0.870446 | Loss: 0.618517
2025-12-05 20:17:53,928 - /home/kantorkristof/git/neurips-polymer/II_Experiment-Molecule/GNN/GCN.py[line:226] - INFO: Epoch [231/1000] Train_MSE: 0.628917 Val_MSE: 0.909997 | Loss: 0.622498
2025-12-05 20:17:54,464 - /home/kantorkristof/git/neurips-polymer/II_Experiment-Molecule/GNN/GCN.py[line:226] - INFO: Epoch [232/1000] Train_MSE: 0.611250 Val_MSE: 0.859517 | Loss: 0.626627
2025-12-05 20:17:54,999 - /home/kantorkristof/git/neurips-polymer/II_Experiment-Molecule/GNN/GCN.py[line:226] - INFO: Epoch [233/1000] Train_MSE: 0.558271 Val_MSE: 0.809802 | Loss: 0.649031
2025-12-05 20:17:55,532 - /home/kantorkristof/git/neurips-polymer/II_Experiment-Molecule/GNN/GCN.py[line:226] - INFO: Epoch [234/1000] Train_MSE: 0.632126 Val_MSE: 0.870900 | Loss: 0.620375
2025-12-05 20:17:56,064 - /home/kantorkristof/git/neurips-polymer/II_Experiment-Molecule/GNN/GCN.py[line:226] - INFO: Epoch [235/1000] Train_MSE: 0.565877 Val_MSE: 0.829613 | Loss: 0.614401
2025-12-05 20:17:56,602 - /home/kantorkristof/git/neurips-polymer/II_Experiment-Molecule/GNN/GCN.py[line:226] - INFO: Epoch [236/1000] Train_MSE: 0.567085 Val_MSE: 0.856127 | Loss: 0.650334
2025-12-05 20:17:57,137 - /home/kantorkristof/git/neurips-polymer/II_Experiment-Molecule/GNN/GCN.py[line:226] - INFO: Epoch [237/1000] Train_MSE: 0.585512 Val_MSE: 0.837751 | Loss: 0.626550
2025-12-05 20:17:57,670 - /home/kantorkristof/git/neurips-polymer/II_Experiment-Molecule/GNN/GCN.py[line:226] - INFO: Epoch [238/1000] Train_MSE: 0.555374 Val_MSE: 0.820268 | Loss: 0.631269
2025-12-05 20:17:58,214 - /home/kantorkristof/git/neurips-polymer/II_Experiment-Molecule/GNN/GCN.py[line:226] - INFO: Epoch [239/1000] Train_MSE: 0.528193 Val_MSE: 0.808062 | Loss: 0.612747
2025-12-05 20:17:58,750 - /home/kantorkristof/git/neurips-polymer/II_Experiment-Molecule/GNN/GCN.py[line:226] - INFO: Epoch [240/1000] Train_MSE: 0.645151 Val_MSE: 0.898971 | Loss: 0.609743
2025-12-05 20:17:59,283 - /home/kantorkristof/git/neurips-polymer/II_Experiment-Molecule/GNN/GCN.py[line:226] - INFO: Epoch [241/1000] Train_MSE: 0.542763 Val_MSE: 0.785543 | Loss: 0.603118
2025-12-05 20:17:59,809 - /home/kantorkristof/git/neurips-polymer/II_Experiment-Molecule/GNN/GCN.py[line:226] - INFO: Epoch [242/1000] Train_MSE: 0.543912 Val_MSE: 0.831693 | Loss: 0.618118
2025-12-05 20:18:00,345 - /home/kantorkristof/git/neurips-polymer/II_Experiment-Molecule/GNN/GCN.py[line:226] - INFO: Epoch [243/1000] Train_MSE: 0.559308 Val_MSE: 0.821036 | Loss: 0.617432
2025-12-05 20:18:00,881 - /home/kantorkristof/git/neurips-polymer/II_Experiment-Molecule/GNN/GCN.py[line:226] - INFO: Epoch [244/1000] Train_MSE: 0.621044 Val_MSE: 0.858211 | Loss: 0.600790
2025-12-05 20:18:01,417 - /home/kantorkristof/git/neurips-polymer/II_Experiment-Molecule/GNN/GCN.py[line:226] - INFO: Epoch [245/1000] Train_MSE: 0.545123 Val_MSE: 0.789631 | Loss: 0.621137
2025-12-05 20:18:01,952 - /home/kantorkristof/git/neurips-polymer/II_Experiment-Molecule/GNN/GCN.py[line:226] - INFO: Epoch [246/1000] Train_MSE: 0.514872 Val_MSE: 0.772701 | Loss: 0.609907
2025-12-05 20:18:01,955 - /home/kantorkristof/git/neurips-polymer/II_Experiment-Molecule/GNN/GCN.py[line:236] - INFO: Best model saved at epoch 246 with val_mse 0.772701
2025-12-05 20:18:02,495 - /home/kantorkristof/git/neurips-polymer/II_Experiment-Molecule/GNN/GCN.py[line:226] - INFO: Epoch [247/1000] Train_MSE: 0.603474 Val_MSE: 0.855665 | Loss: 0.609516
2025-12-05 20:18:03,033 - /home/kantorkristof/git/neurips-polymer/II_Experiment-Molecule/GNN/GCN.py[line:226] - INFO: Epoch [248/1000] Train_MSE: 0.530643 Val_MSE: 0.818087 | Loss: 0.628812
2025-12-05 20:18:03,568 - /home/kantorkristof/git/neurips-polymer/II_Experiment-Molecule/GNN/GCN.py[line:226] - INFO: Epoch [249/1000] Train_MSE: 0.513396 Val_MSE: 0.810583 | Loss: 0.596586
2025-12-05 20:18:04,107 - /home/kantorkristof/git/neurips-polymer/II_Experiment-Molecule/GNN/GCN.py[line:226] - INFO: Epoch [250/1000] Train_MSE: 0.599734 Val_MSE: 0.894080 | Loss: 0.601689
2025-12-05 20:18:04,647 - /home/kantorkristof/git/neurips-polymer/II_Experiment-Molecule/GNN/GCN.py[line:226] - INFO: Epoch [251/1000] Train_MSE: 0.589795 Val_MSE: 0.880433 | Loss: 0.633245
2025-12-05 20:18:05,183 - /home/kantorkristof/git/neurips-polymer/II_Experiment-Molecule/GNN/GCN.py[line:226] - INFO: Epoch [252/1000] Train_MSE: 0.629622 Val_MSE: 0.884176 | Loss: 0.621462
2025-12-05 20:18:05,724 - /home/kantorkristof/git/neurips-polymer/II_Experiment-Molecule/GNN/GCN.py[line:226] - INFO: Epoch [253/1000] Train_MSE: 0.681895 Val_MSE: 0.917317 | Loss: 0.617247
2025-12-05 20:18:06,261 - /home/kantorkristof/git/neurips-polymer/II_Experiment-Molecule/GNN/GCN.py[line:226] - INFO: Epoch [254/1000] Train_MSE: 0.519216 Val_MSE: 0.799740 | Loss: 0.593388
2025-12-05 20:18:06,797 - /home/kantorkristof/git/neurips-polymer/II_Experiment-Molecule/GNN/GCN.py[line:226] - INFO: Epoch [255/1000] Train_MSE: 0.596341 Val_MSE: 0.839914 | Loss: 0.610573
2025-12-05 20:18:07,339 - /home/kantorkristof/git/neurips-polymer/II_Experiment-Molecule/GNN/GCN.py[line:226] - INFO: Epoch [256/1000] Train_MSE: 0.535925 Val_MSE: 0.823957 | Loss: 0.614236
2025-12-05 20:18:07,880 - /home/kantorkristof/git/neurips-polymer/II_Experiment-Molecule/GNN/GCN.py[line:226] - INFO: Epoch [257/1000] Train_MSE: 0.518829 Val_MSE: 0.825936 | Loss: 0.591377
2025-12-05 20:18:08,413 - /home/kantorkristof/git/neurips-polymer/II_Experiment-Molecule/GNN/GCN.py[line:226] - INFO: Epoch [258/1000] Train_MSE: 0.536052 Val_MSE: 0.795842 | Loss: 0.598927
2025-12-05 20:18:08,947 - /home/kantorkristof/git/neurips-polymer/II_Experiment-Molecule/GNN/GCN.py[line:226] - INFO: Epoch [259/1000] Train_MSE: 0.544034 Val_MSE: 0.824295 | Loss: 0.595933
2025-12-05 20:18:09,477 - /home/kantorkristof/git/neurips-polymer/II_Experiment-Molecule/GNN/GCN.py[line:226] - INFO: Epoch [260/1000] Train_MSE: 0.510172 Val_MSE: 0.811733 | Loss: 0.608451
2025-12-05 20:18:10,006 - /home/kantorkristof/git/neurips-polymer/II_Experiment-Molecule/GNN/GCN.py[line:226] - INFO: Epoch [261/1000] Train_MSE: 0.539609 Val_MSE: 0.841909 | Loss: 0.597562
2025-12-05 20:18:10,538 - /home/kantorkristof/git/neurips-polymer/II_Experiment-Molecule/GNN/GCN.py[line:226] - INFO: Epoch [262/1000] Train_MSE: 0.588204 Val_MSE: 0.824837 | Loss: 0.585846
2025-12-05 20:18:11,075 - /home/kantorkristof/git/neurips-polymer/II_Experiment-Molecule/GNN/GCN.py[line:226] - INFO: Epoch [263/1000] Train_MSE: 0.559218 Val_MSE: 0.828298 | Loss: 0.606199
2025-12-05 20:18:11,608 - /home/kantorkristof/git/neurips-polymer/II_Experiment-Molecule/GNN/GCN.py[line:226] - INFO: Epoch [264/1000] Train_MSE: 0.512321 Val_MSE: 0.819325 | Loss: 0.584668
2025-12-05 20:18:12,148 - /home/kantorkristof/git/neurips-polymer/II_Experiment-Molecule/GNN/GCN.py[line:226] - INFO: Epoch [265/1000] Train_MSE: 0.564045 Val_MSE: 0.847241 | Loss: 0.601242
2025-12-05 20:18:12,683 - /home/kantorkristof/git/neurips-polymer/II_Experiment-Molecule/GNN/GCN.py[line:226] - INFO: Epoch [266/1000] Train_MSE: 0.618230 Val_MSE: 0.897991 | Loss: 0.599245
2025-12-05 20:18:13,224 - /home/kantorkristof/git/neurips-polymer/II_Experiment-Molecule/GNN/GCN.py[line:226] - INFO: Epoch [267/1000] Train_MSE: 0.549131 Val_MSE: 0.878676 | Loss: 0.585085
2025-12-05 20:18:13,761 - /home/kantorkristof/git/neurips-polymer/II_Experiment-Molecule/GNN/GCN.py[line:226] - INFO: Epoch [268/1000] Train_MSE: 0.551074 Val_MSE: 0.850542 | Loss: 0.584638
2025-12-05 20:18:14,300 - /home/kantorkristof/git/neurips-polymer/II_Experiment-Molecule/GNN/GCN.py[line:226] - INFO: Epoch [269/1000] Train_MSE: 0.513209 Val_MSE: 0.792128 | Loss: 0.597422
2025-12-05 20:18:14,837 - /home/kantorkristof/git/neurips-polymer/II_Experiment-Molecule/GNN/GCN.py[line:226] - INFO: Epoch [270/1000] Train_MSE: 0.503668 Val_MSE: 0.820747 | Loss: 0.588605
2025-12-05 20:18:15,377 - /home/kantorkristof/git/neurips-polymer/II_Experiment-Molecule/GNN/GCN.py[line:226] - INFO: Epoch [271/1000] Train_MSE: 0.505717 Val_MSE: 0.795361 | Loss: 0.598398
2025-12-05 20:18:15,914 - /home/kantorkristof/git/neurips-polymer/II_Experiment-Molecule/GNN/GCN.py[line:226] - INFO: Epoch [272/1000] Train_MSE: 0.513254 Val_MSE: 0.823837 | Loss: 0.575605
2025-12-05 20:18:16,453 - /home/kantorkristof/git/neurips-polymer/II_Experiment-Molecule/GNN/GCN.py[line:226] - INFO: Epoch [273/1000] Train_MSE: 0.508661 Val_MSE: 0.800477 | Loss: 0.595669
2025-12-05 20:18:16,990 - /home/kantorkristof/git/neurips-polymer/II_Experiment-Molecule/GNN/GCN.py[line:226] - INFO: Epoch [274/1000] Train_MSE: 0.515115 Val_MSE: 0.806944 | Loss: 0.593393
2025-12-05 20:18:17,533 - /home/kantorkristof/git/neurips-polymer/II_Experiment-Molecule/GNN/GCN.py[line:226] - INFO: Epoch [275/1000] Train_MSE: 0.507755 Val_MSE: 0.827795 | Loss: 0.616780
2025-12-05 20:18:18,078 - /home/kantorkristof/git/neurips-polymer/II_Experiment-Molecule/GNN/GCN.py[line:226] - INFO: Epoch [276/1000] Train_MSE: 0.487654 Val_MSE: 0.812568 | Loss: 0.570147
2025-12-05 20:18:18,619 - /home/kantorkristof/git/neurips-polymer/II_Experiment-Molecule/GNN/GCN.py[line:226] - INFO: Epoch [277/1000] Train_MSE: 0.567985 Val_MSE: 0.872273 | Loss: 0.579135
2025-12-05 20:18:19,153 - /home/kantorkristof/git/neurips-polymer/II_Experiment-Molecule/GNN/GCN.py[line:226] - INFO: Epoch [278/1000] Train_MSE: 0.510561 Val_MSE: 0.816075 | Loss: 0.580301
2025-12-05 20:18:19,686 - /home/kantorkristof/git/neurips-polymer/II_Experiment-Molecule/GNN/GCN.py[line:226] - INFO: Epoch [279/1000] Train_MSE: 0.509488 Val_MSE: 0.799367 | Loss: 0.589293
2025-12-05 20:18:20,218 - /home/kantorkristof/git/neurips-polymer/II_Experiment-Molecule/GNN/GCN.py[line:226] - INFO: Epoch [280/1000] Train_MSE: 0.587527 Val_MSE: 0.903522 | Loss: 0.566554
2025-12-05 20:18:20,758 - /home/kantorkristof/git/neurips-polymer/II_Experiment-Molecule/GNN/GCN.py[line:226] - INFO: Epoch [281/1000] Train_MSE: 0.527046 Val_MSE: 0.821107 | Loss: 0.570511
2025-12-05 20:18:21,300 - /home/kantorkristof/git/neurips-polymer/II_Experiment-Molecule/GNN/GCN.py[line:226] - INFO: Epoch [282/1000] Train_MSE: 0.554684 Val_MSE: 0.827705 | Loss: 0.571724
2025-12-05 20:18:21,838 - /home/kantorkristof/git/neurips-polymer/II_Experiment-Molecule/GNN/GCN.py[line:226] - INFO: Epoch [283/1000] Train_MSE: 0.527223 Val_MSE: 0.827921 | Loss: 0.581500
2025-12-05 20:18:22,388 - /home/kantorkristof/git/neurips-polymer/II_Experiment-Molecule/GNN/GCN.py[line:226] - INFO: Epoch [284/1000] Train_MSE: 0.478601 Val_MSE: 0.799040 | Loss: 0.570398
2025-12-05 20:18:22,923 - /home/kantorkristof/git/neurips-polymer/II_Experiment-Molecule/GNN/GCN.py[line:226] - INFO: Epoch [285/1000] Train_MSE: 0.557309 Val_MSE: 0.828902 | Loss: 0.575210
2025-12-05 20:18:23,454 - /home/kantorkristof/git/neurips-polymer/II_Experiment-Molecule/GNN/GCN.py[line:226] - INFO: Epoch [286/1000] Train_MSE: 0.522996 Val_MSE: 0.844913 | Loss: 0.585608
2025-12-05 20:18:23,987 - /home/kantorkristof/git/neurips-polymer/II_Experiment-Molecule/GNN/GCN.py[line:226] - INFO: Epoch [287/1000] Train_MSE: 0.686238 Val_MSE: 0.967633 | Loss: 0.575200
2025-12-05 20:18:24,517 - /home/kantorkristof/git/neurips-polymer/II_Experiment-Molecule/GNN/GCN.py[line:226] - INFO: Epoch [288/1000] Train_MSE: 0.520704 Val_MSE: 0.804722 | Loss: 0.589951
2025-12-05 20:18:25,050 - /home/kantorkristof/git/neurips-polymer/II_Experiment-Molecule/GNN/GCN.py[line:226] - INFO: Epoch [289/1000] Train_MSE: 0.472749 Val_MSE: 0.784864 | Loss: 0.574337
2025-12-05 20:18:25,588 - /home/kantorkristof/git/neurips-polymer/II_Experiment-Molecule/GNN/GCN.py[line:226] - INFO: Epoch [290/1000] Train_MSE: 0.687475 Val_MSE: 0.924551 | Loss: 0.557245
2025-12-05 20:18:26,147 - /home/kantorkristof/git/neurips-polymer/II_Experiment-Molecule/GNN/GCN.py[line:226] - INFO: Epoch [291/1000] Train_MSE: 0.488251 Val_MSE: 0.819709 | Loss: 0.590365
2025-12-05 20:18:26,693 - /home/kantorkristof/git/neurips-polymer/II_Experiment-Molecule/GNN/GCN.py[line:226] - INFO: Epoch [292/1000] Train_MSE: 0.558439 Val_MSE: 0.853555 | Loss: 0.561986
2025-12-05 20:18:27,233 - /home/kantorkristof/git/neurips-polymer/II_Experiment-Molecule/GNN/GCN.py[line:226] - INFO: Epoch [293/1000] Train_MSE: 0.518849 Val_MSE: 0.793189 | Loss: 0.574505
2025-12-05 20:18:27,768 - /home/kantorkristof/git/neurips-polymer/II_Experiment-Molecule/GNN/GCN.py[line:226] - INFO: Epoch [294/1000] Train_MSE: 0.593689 Val_MSE: 0.887979 | Loss: 0.561645
2025-12-05 20:18:28,305 - /home/kantorkristof/git/neurips-polymer/II_Experiment-Molecule/GNN/GCN.py[line:226] - INFO: Epoch [295/1000] Train_MSE: 0.497565 Val_MSE: 0.797834 | Loss: 0.582080
2025-12-05 20:18:28,874 - /home/kantorkristof/git/neurips-polymer/II_Experiment-Molecule/GNN/GCN.py[line:226] - INFO: Epoch [296/1000] Train_MSE: 0.482998 Val_MSE: 0.833394 | Loss: 0.537458
2025-12-05 20:18:29,413 - /home/kantorkristof/git/neurips-polymer/II_Experiment-Molecule/GNN/GCN.py[line:226] - INFO: Epoch [297/1000] Train_MSE: 0.522583 Val_MSE: 0.830089 | Loss: 0.560154
2025-12-05 20:18:29,978 - /home/kantorkristof/git/neurips-polymer/II_Experiment-Molecule/GNN/GCN.py[line:226] - INFO: Epoch [298/1000] Train_MSE: 0.490979 Val_MSE: 0.828163 | Loss: 0.550483
2025-12-05 20:18:30,544 - /home/kantorkristof/git/neurips-polymer/II_Experiment-Molecule/GNN/GCN.py[line:226] - INFO: Epoch [299/1000] Train_MSE: 0.510024 Val_MSE: 0.814848 | Loss: 0.565933
2025-12-05 20:18:31,096 - /home/kantorkristof/git/neurips-polymer/II_Experiment-Molecule/GNN/GCN.py[line:226] - INFO: Epoch [300/1000] Train_MSE: 0.575681 Val_MSE: 0.908602 | Loss: 0.551626
2025-12-05 20:18:31,642 - /home/kantorkristof/git/neurips-polymer/II_Experiment-Molecule/GNN/GCN.py[line:226] - INFO: Epoch [301/1000] Train_MSE: 0.480886 Val_MSE: 0.804985 | Loss: 0.556662
2025-12-05 20:18:32,182 - /home/kantorkristof/git/neurips-polymer/II_Experiment-Molecule/GNN/GCN.py[line:226] - INFO: Epoch [302/1000] Train_MSE: 0.459221 Val_MSE: 0.789196 | Loss: 0.544459
2025-12-05 20:18:32,732 - /home/kantorkristof/git/neurips-polymer/II_Experiment-Molecule/GNN/GCN.py[line:226] - INFO: Epoch [303/1000] Train_MSE: 0.543286 Val_MSE: 0.862661 | Loss: 0.582842
2025-12-05 20:18:33,271 - /home/kantorkristof/git/neurips-polymer/II_Experiment-Molecule/GNN/GCN.py[line:226] - INFO: Epoch [304/1000] Train_MSE: 0.528078 Val_MSE: 0.832759 | Loss: 0.557671
2025-12-05 20:18:33,804 - /home/kantorkristof/git/neurips-polymer/II_Experiment-Molecule/GNN/GCN.py[line:226] - INFO: Epoch [305/1000] Train_MSE: 0.469243 Val_MSE: 0.818433 | Loss: 0.566939
2025-12-05 20:18:34,341 - /home/kantorkristof/git/neurips-polymer/II_Experiment-Molecule/GNN/GCN.py[line:226] - INFO: Epoch [306/1000] Train_MSE: 0.485872 Val_MSE: 0.813630 | Loss: 0.579772
2025-12-05 20:18:34,875 - /home/kantorkristof/git/neurips-polymer/II_Experiment-Molecule/GNN/GCN.py[line:226] - INFO: Epoch [307/1000] Train_MSE: 0.598689 Val_MSE: 0.891207 | Loss: 0.560753
2025-12-05 20:18:35,411 - /home/kantorkristof/git/neurips-polymer/II_Experiment-Molecule/GNN/GCN.py[line:226] - INFO: Epoch [308/1000] Train_MSE: 0.478023 Val_MSE: 0.814057 | Loss: 0.561201
2025-12-05 20:18:35,954 - /home/kantorkristof/git/neurips-polymer/II_Experiment-Molecule/GNN/GCN.py[line:226] - INFO: Epoch [309/1000] Train_MSE: 0.462627 Val_MSE: 0.806696 | Loss: 0.548044
2025-12-05 20:18:36,490 - /home/kantorkristof/git/neurips-polymer/II_Experiment-Molecule/GNN/GCN.py[line:226] - INFO: Epoch [310/1000] Train_MSE: 0.554995 Val_MSE: 0.894604 | Loss: 0.546802
2025-12-05 20:18:37,027 - /home/kantorkristof/git/neurips-polymer/II_Experiment-Molecule/GNN/GCN.py[line:226] - INFO: Epoch [311/1000] Train_MSE: 0.588062 Val_MSE: 0.965660 | Loss: 0.564422
2025-12-05 20:18:37,567 - /home/kantorkristof/git/neurips-polymer/II_Experiment-Molecule/GNN/GCN.py[line:226] - INFO: Epoch [312/1000] Train_MSE: 0.511385 Val_MSE: 0.819897 | Loss: 0.544727
2025-12-05 20:18:38,109 - /home/kantorkristof/git/neurips-polymer/II_Experiment-Molecule/GNN/GCN.py[line:226] - INFO: Epoch [313/1000] Train_MSE: 0.496859 Val_MSE: 0.876802 | Loss: 0.542589
2025-12-05 20:18:38,646 - /home/kantorkristof/git/neurips-polymer/II_Experiment-Molecule/GNN/GCN.py[line:226] - INFO: Epoch [314/1000] Train_MSE: 0.506099 Val_MSE: 0.828703 | Loss: 0.537927
2025-12-05 20:18:39,178 - /home/kantorkristof/git/neurips-polymer/II_Experiment-Molecule/GNN/GCN.py[line:226] - INFO: Epoch [315/1000] Train_MSE: 0.487713 Val_MSE: 0.850320 | Loss: 0.550047
2025-12-05 20:18:39,708 - /home/kantorkristof/git/neurips-polymer/II_Experiment-Molecule/GNN/GCN.py[line:226] - INFO: Epoch [316/1000] Train_MSE: 0.512541 Val_MSE: 0.855109 | Loss: 0.541646
2025-12-05 20:18:40,241 - /home/kantorkristof/git/neurips-polymer/II_Experiment-Molecule/GNN/GCN.py[line:226] - INFO: Epoch [317/1000] Train_MSE: 0.474946 Val_MSE: 0.832158 | Loss: 0.534016
2025-12-05 20:18:40,772 - /home/kantorkristof/git/neurips-polymer/II_Experiment-Molecule/GNN/GCN.py[line:226] - INFO: Epoch [318/1000] Train_MSE: 0.496651 Val_MSE: 0.816471 | Loss: 0.530996
2025-12-05 20:18:41,308 - /home/kantorkristof/git/neurips-polymer/II_Experiment-Molecule/GNN/GCN.py[line:226] - INFO: Epoch [319/1000] Train_MSE: 0.462893 Val_MSE: 0.821641 | Loss: 0.548489
2025-12-05 20:18:41,879 - /home/kantorkristof/git/neurips-polymer/II_Experiment-Molecule/GNN/GCN.py[line:226] - INFO: Epoch [320/1000] Train_MSE: 0.471384 Val_MSE: 0.830665 | Loss: 0.538434
2025-12-05 20:18:42,416 - /home/kantorkristof/git/neurips-polymer/II_Experiment-Molecule/GNN/GCN.py[line:226] - INFO: Epoch [321/1000] Train_MSE: 0.499603 Val_MSE: 0.868575 | Loss: 0.547741
2025-12-05 20:18:42,953 - /home/kantorkristof/git/neurips-polymer/II_Experiment-Molecule/GNN/GCN.py[line:226] - INFO: Epoch [322/1000] Train_MSE: 0.482774 Val_MSE: 0.842261 | Loss: 0.552923
2025-12-05 20:18:43,506 - /home/kantorkristof/git/neurips-polymer/II_Experiment-Molecule/GNN/GCN.py[line:226] - INFO: Epoch [323/1000] Train_MSE: 0.432627 Val_MSE: 0.804198 | Loss: 0.528802
2025-12-05 20:18:44,061 - /home/kantorkristof/git/neurips-polymer/II_Experiment-Molecule/GNN/GCN.py[line:226] - INFO: Epoch [324/1000] Train_MSE: 0.474260 Val_MSE: 0.830838 | Loss: 0.541268
2025-12-05 20:18:44,605 - /home/kantorkristof/git/neurips-polymer/II_Experiment-Molecule/GNN/GCN.py[line:226] - INFO: Epoch [325/1000] Train_MSE: 0.486439 Val_MSE: 0.845698 | Loss: 0.553175
2025-12-05 20:18:45,149 - /home/kantorkristof/git/neurips-polymer/II_Experiment-Molecule/GNN/GCN.py[line:226] - INFO: Epoch [326/1000] Train_MSE: 0.521907 Val_MSE: 0.873757 | Loss: 0.530264
2025-12-05 20:18:45,689 - /home/kantorkristof/git/neurips-polymer/II_Experiment-Molecule/GNN/GCN.py[line:226] - INFO: Epoch [327/1000] Train_MSE: 0.461121 Val_MSE: 0.792920 | Loss: 0.534800
2025-12-05 20:18:46,227 - /home/kantorkristof/git/neurips-polymer/II_Experiment-Molecule/GNN/GCN.py[line:226] - INFO: Epoch [328/1000] Train_MSE: 0.539078 Val_MSE: 0.883334 | Loss: 0.541811
2025-12-05 20:18:46,771 - /home/kantorkristof/git/neurips-polymer/II_Experiment-Molecule/GNN/GCN.py[line:226] - INFO: Epoch [329/1000] Train_MSE: 0.476840 Val_MSE: 0.808155 | Loss: 0.548063
2025-12-05 20:18:47,314 - /home/kantorkristof/git/neurips-polymer/II_Experiment-Molecule/GNN/GCN.py[line:226] - INFO: Epoch [330/1000] Train_MSE: 0.455301 Val_MSE: 0.781698 | Loss: 0.558612
2025-12-05 20:18:47,856 - /home/kantorkristof/git/neurips-polymer/II_Experiment-Molecule/GNN/GCN.py[line:226] - INFO: Epoch [331/1000] Train_MSE: 0.444716 Val_MSE: 0.810521 | Loss: 0.535766
2025-12-05 20:18:48,399 - /home/kantorkristof/git/neurips-polymer/II_Experiment-Molecule/GNN/GCN.py[line:226] - INFO: Epoch [332/1000] Train_MSE: 0.459930 Val_MSE: 0.824778 | Loss: 0.534306
2025-12-05 20:18:48,929 - /home/kantorkristof/git/neurips-polymer/II_Experiment-Molecule/GNN/GCN.py[line:226] - INFO: Epoch [333/1000] Train_MSE: 0.454571 Val_MSE: 0.813599 | Loss: 0.545579
2025-12-05 20:18:49,461 - /home/kantorkristof/git/neurips-polymer/II_Experiment-Molecule/GNN/GCN.py[line:226] - INFO: Epoch [334/1000] Train_MSE: 0.443593 Val_MSE: 0.819075 | Loss: 0.523033
2025-12-05 20:18:49,996 - /home/kantorkristof/git/neurips-polymer/II_Experiment-Molecule/GNN/GCN.py[line:226] - INFO: Epoch [335/1000] Train_MSE: 0.443314 Val_MSE: 0.816815 | Loss: 0.526357
2025-12-05 20:18:50,531 - /home/kantorkristof/git/neurips-polymer/II_Experiment-Molecule/GNN/GCN.py[line:226] - INFO: Epoch [336/1000] Train_MSE: 0.541110 Val_MSE: 0.902528 | Loss: 0.543241
2025-12-05 20:18:51,060 - /home/kantorkristof/git/neurips-polymer/II_Experiment-Molecule/GNN/GCN.py[line:226] - INFO: Epoch [337/1000] Train_MSE: 0.447433 Val_MSE: 0.821362 | Loss: 0.533673
2025-12-05 20:18:51,600 - /home/kantorkristof/git/neurips-polymer/II_Experiment-Molecule/GNN/GCN.py[line:226] - INFO: Epoch [338/1000] Train_MSE: 0.537298 Val_MSE: 0.917663 | Loss: 0.511811
2025-12-05 20:18:52,142 - /home/kantorkristof/git/neurips-polymer/II_Experiment-Molecule/GNN/GCN.py[line:226] - INFO: Epoch [339/1000] Train_MSE: 0.423360 Val_MSE: 0.790810 | Loss: 0.541103
2025-12-05 20:18:52,666 - /home/kantorkristof/git/neurips-polymer/II_Experiment-Molecule/GNN/GCN.py[line:226] - INFO: Epoch [340/1000] Train_MSE: 0.445033 Val_MSE: 0.815113 | Loss: 0.531562
2025-12-05 20:18:53,189 - /home/kantorkristof/git/neurips-polymer/II_Experiment-Molecule/GNN/GCN.py[line:226] - INFO: Epoch [341/1000] Train_MSE: 0.437902 Val_MSE: 0.812667 | Loss: 0.534473
2025-12-05 20:18:53,735 - /home/kantorkristof/git/neurips-polymer/II_Experiment-Molecule/GNN/GCN.py[line:226] - INFO: Epoch [342/1000] Train_MSE: 0.428260 Val_MSE: 0.823845 | Loss: 0.535280
2025-12-05 20:18:54,278 - /home/kantorkristof/git/neurips-polymer/II_Experiment-Molecule/GNN/GCN.py[line:226] - INFO: Epoch [343/1000] Train_MSE: 0.444581 Val_MSE: 0.818329 | Loss: 0.513084
2025-12-05 20:18:54,823 - /home/kantorkristof/git/neurips-polymer/II_Experiment-Molecule/GNN/GCN.py[line:226] - INFO: Epoch [344/1000] Train_MSE: 0.469890 Val_MSE: 0.843447 | Loss: 0.551755
2025-12-05 20:18:55,363 - /home/kantorkristof/git/neurips-polymer/II_Experiment-Molecule/GNN/GCN.py[line:226] - INFO: Epoch [345/1000] Train_MSE: 0.434309 Val_MSE: 0.830109 | Loss: 0.535991
2025-12-05 20:18:55,902 - /home/kantorkristof/git/neurips-polymer/II_Experiment-Molecule/GNN/GCN.py[line:226] - INFO: Epoch [346/1000] Train_MSE: 0.432405 Val_MSE: 0.812997 | Loss: 0.490605
2025-12-05 20:18:55,903 - /home/kantorkristof/git/neurips-polymer/II_Experiment-Molecule/GNN/GCN.py[line:246] - INFO: Early Stopping
2025-12-05 20:18:56,184 - /home/kantorkristof/git/neurips-polymer/II_Experiment-Molecule/GNN/GCN.py[line:258] - INFO: Best model Accuracy for exp, seed 42:
2025-12-05 20:18:56,184 - /home/kantorkristof/git/neurips-polymer/II_Experiment-Molecule/GNN/GCN.py[line:259] - INFO:   Train MSE: 0.514872
2025-12-05 20:18:56,185 - /home/kantorkristof/git/neurips-polymer/II_Experiment-Molecule/GNN/GCN.py[line:260] - INFO:   Val MSE:   0.772701
2025-12-05 20:18:56,185 - /home/kantorkristof/git/neurips-polymer/II_Experiment-Molecule/GNN/GCN.py[line:261] - INFO:   Test MSE:  0.811535
2025-12-05 20:18:56,185 - /home/kantorkristof/git/neurips-polymer/II_Experiment-Molecule/GNN/GCN.py[line:277] - INFO: 
=== Results for attribute exp ===
2025-12-05 20:18:56,185 - /home/kantorkristof/git/neurips-polymer/II_Experiment-Molecule/GNN/GCN.py[line:283] - INFO: Train MSE: 0.514872  Val MSE: 0.772701  Test MSE: 0.811535
