2025-12-05 19:26:28,896 - /home/kantorkristof/git/neurips-polymer/II_Experiment-Molecule/GNN/DIR.py[line:335] - INFO: 
Model training started for property: ESOL predicted log solubility in mols per litre
2025-12-05 19:26:28,896 - /home/kantorkristof/git/neurips-polymer/II_Experiment-Molecule/GNN/DIR.py[line:121] - INFO: 
+------------+-----------+
| Parameter  | Value     |
+------------+-----------+
| cuda       | 2         |
+------------+-----------+
| datadir    | data/ESOL |
+------------+-----------+
| epoch      | 1000      |
+------------+-----------+
| seed       | [42]      |
+------------+-----------+
| channels   | 64        |
+------------+-----------+
| pretrain   | 0         |
+------------+-----------+
| alpha      | 0.001     |
+------------+-----------+
| r          | 0.750     |
+------------+-----------+
| batch_size | 32        |
+------------+-----------+
| net_lr     | 0.001     |
+------------+-----------+
2025-12-05 19:26:28,897 - /home/kantorkristof/git/neurips-polymer/II_Experiment-Molecule/GNN/DIR.py[line:340] - INFO: --- Starting training for ESOL predicted log solubility in mols per litre with seed 42 ---
2025-12-05 19:26:31,358 - /home/kantorkristof/git/neurips-polymer/II_Experiment-Molecule/GNN/DIR.py[line:435] - INFO: Epoch [1/1000] Train_MSE: 2.317981 Val_MSE: 2.229221 | Total_Loss: 14.562580 Causal_Loss: 7.139449 DIR_Penalty: 0.096210 Spurious_Loss: 7.423034
2025-12-05 19:26:31,363 - /home/kantorkristof/git/neurips-polymer/II_Experiment-Molecule/GNN/DIR.py[line:449] - INFO: Best model saved at epoch 1 with val_mse 2.229221
2025-12-05 19:26:32,566 - /home/kantorkristof/git/neurips-polymer/II_Experiment-Molecule/GNN/DIR.py[line:435] - INFO: Epoch [2/1000] Train_MSE: 3.216081 Val_MSE: 3.339385 | Total_Loss: 5.497400 Causal_Loss: 2.095910 DIR_Penalty: 1.208663 Spurious_Loss: 3.400281
2025-12-05 19:26:33,784 - /home/kantorkristof/git/neurips-polymer/II_Experiment-Molecule/GNN/DIR.py[line:435] - INFO: Epoch [3/1000] Train_MSE: 4.065728 Val_MSE: 4.362885 | Total_Loss: 5.704190 Causal_Loss: 2.045366 DIR_Penalty: 1.665367 Spurious_Loss: 3.657160
2025-12-05 19:26:35,006 - /home/kantorkristof/git/neurips-polymer/II_Experiment-Molecule/GNN/DIR.py[line:435] - INFO: Epoch [4/1000] Train_MSE: 2.564443 Val_MSE: 2.844894 | Total_Loss: 4.902754 Causal_Loss: 1.540591 DIR_Penalty: 2.060587 Spurious_Loss: 3.360102
2025-12-05 19:26:36,241 - /home/kantorkristof/git/neurips-polymer/II_Experiment-Molecule/GNN/DIR.py[line:435] - INFO: Epoch [5/1000] Train_MSE: 4.615382 Val_MSE: 4.858089 | Total_Loss: 5.720579 Causal_Loss: 1.917446 DIR_Penalty: 2.192524 Spurious_Loss: 3.800940
2025-12-05 19:26:37,454 - /home/kantorkristof/git/neurips-polymer/II_Experiment-Molecule/GNN/DIR.py[line:435] - INFO: Epoch [6/1000] Train_MSE: 3.241705 Val_MSE: 3.417092 | Total_Loss: 5.147229 Causal_Loss: 1.767353 DIR_Penalty: 1.654916 Spurious_Loss: 3.378222
2025-12-05 19:26:38,646 - /home/kantorkristof/git/neurips-polymer/II_Experiment-Molecule/GNN/DIR.py[line:435] - INFO: Epoch [7/1000] Train_MSE: 7.154403 Val_MSE: 7.516194 | Total_Loss: 5.204468 Causal_Loss: 2.081780 DIR_Penalty: 3.371365 Spurious_Loss: 3.119317
2025-12-05 19:26:39,869 - /home/kantorkristof/git/neurips-polymer/II_Experiment-Molecule/GNN/DIR.py[line:435] - INFO: Epoch [8/1000] Train_MSE: 4.747563 Val_MSE: 4.731608 | Total_Loss: 4.730749 Causal_Loss: 1.653821 DIR_Penalty: 1.217605 Spurious_Loss: 3.075710
2025-12-05 19:26:41,059 - /home/kantorkristof/git/neurips-polymer/II_Experiment-Molecule/GNN/DIR.py[line:435] - INFO: Epoch [9/1000] Train_MSE: 6.886538 Val_MSE: 7.399183 | Total_Loss: 4.784781 Causal_Loss: 1.630633 DIR_Penalty: 1.397842 Spurious_Loss: 3.152749
2025-12-05 19:26:42,259 - /home/kantorkristof/git/neurips-polymer/II_Experiment-Molecule/GNN/DIR.py[line:435] - INFO: Epoch [10/1000] Train_MSE: 1.959302 Val_MSE: 2.191147 | Total_Loss: 4.620591 Causal_Loss: 1.463005 DIR_Penalty: 1.812988 Spurious_Loss: 3.155773
2025-12-05 19:26:42,263 - /home/kantorkristof/git/neurips-polymer/II_Experiment-Molecule/GNN/DIR.py[line:449] - INFO: Best model saved at epoch 10 with val_mse 2.191147
2025-12-05 19:26:43,492 - /home/kantorkristof/git/neurips-polymer/II_Experiment-Molecule/GNN/DIR.py[line:435] - INFO: Epoch [11/1000] Train_MSE: 2.700360 Val_MSE: 2.889075 | Total_Loss: 5.104160 Causal_Loss: 1.698905 DIR_Penalty: 1.770531 Spurious_Loss: 3.403485
2025-12-05 19:26:44,700 - /home/kantorkristof/git/neurips-polymer/II_Experiment-Molecule/GNN/DIR.py[line:435] - INFO: Epoch [12/1000] Train_MSE: 5.119048 Val_MSE: 5.253751 | Total_Loss: 5.416630 Causal_Loss: 2.086867 DIR_Penalty: 1.056369 Spurious_Loss: 3.328707
2025-12-05 19:26:45,892 - /home/kantorkristof/git/neurips-polymer/II_Experiment-Molecule/GNN/DIR.py[line:435] - INFO: Epoch [13/1000] Train_MSE: 1.696968 Val_MSE: 1.839409 | Total_Loss: 5.281618 Causal_Loss: 1.862216 DIR_Penalty: 1.519044 Spurious_Loss: 3.417884
2025-12-05 19:26:45,895 - /home/kantorkristof/git/neurips-polymer/II_Experiment-Molecule/GNN/DIR.py[line:449] - INFO: Best model saved at epoch 13 with val_mse 1.839409
2025-12-05 19:26:47,124 - /home/kantorkristof/git/neurips-polymer/II_Experiment-Molecule/GNN/DIR.py[line:435] - INFO: Epoch [14/1000] Train_MSE: 2.570381 Val_MSE: 2.782931 | Total_Loss: 5.424820 Causal_Loss: 1.779439 DIR_Penalty: 2.340022 Spurious_Loss: 3.643041
2025-12-05 19:26:48,331 - /home/kantorkristof/git/neurips-polymer/II_Experiment-Molecule/GNN/DIR.py[line:435] - INFO: Epoch [15/1000] Train_MSE: 2.635390 Val_MSE: 2.673174 | Total_Loss: 4.956666 Causal_Loss: 1.670541 DIR_Penalty: 1.732461 Spurious_Loss: 3.284392
2025-12-05 19:26:49,539 - /home/kantorkristof/git/neurips-polymer/II_Experiment-Molecule/GNN/DIR.py[line:435] - INFO: Epoch [16/1000] Train_MSE: 1.595281 Val_MSE: 1.725265 | Total_Loss: 4.820665 Causal_Loss: 1.640069 DIR_Penalty: 1.401601 Spurious_Loss: 3.179194
2025-12-05 19:26:49,545 - /home/kantorkristof/git/neurips-polymer/II_Experiment-Molecule/GNN/DIR.py[line:449] - INFO: Best model saved at epoch 16 with val_mse 1.725265
2025-12-05 19:26:50,735 - /home/kantorkristof/git/neurips-polymer/II_Experiment-Molecule/GNN/DIR.py[line:435] - INFO: Epoch [17/1000] Train_MSE: 2.465384 Val_MSE: 2.560804 | Total_Loss: 4.697197 Causal_Loss: 1.614171 DIR_Penalty: 1.309232 Spurious_Loss: 3.081716
2025-12-05 19:26:51,940 - /home/kantorkristof/git/neurips-polymer/II_Experiment-Molecule/GNN/DIR.py[line:435] - INFO: Epoch [18/1000] Train_MSE: 3.352191 Val_MSE: 3.399240 | Total_Loss: 5.631405 Causal_Loss: 2.110909 DIR_Penalty: 1.139002 Spurious_Loss: 3.519357
2025-12-05 19:26:53,177 - /home/kantorkristof/git/neurips-polymer/II_Experiment-Molecule/GNN/DIR.py[line:435] - INFO: Epoch [19/1000] Train_MSE: 5.605847 Val_MSE: 5.911285 | Total_Loss: 4.940469 Causal_Loss: 1.921571 DIR_Penalty: 0.849633 Spurious_Loss: 3.018048
2025-12-05 19:26:54,396 - /home/kantorkristof/git/neurips-polymer/II_Experiment-Molecule/GNN/DIR.py[line:435] - INFO: Epoch [20/1000] Train_MSE: 5.174326 Val_MSE: 5.363580 | Total_Loss: 4.695927 Causal_Loss: 1.682059 DIR_Penalty: 1.202455 Spurious_Loss: 3.012665
2025-12-05 19:26:55,601 - /home/kantorkristof/git/neurips-polymer/II_Experiment-Molecule/GNN/DIR.py[line:435] - INFO: Epoch [21/1000] Train_MSE: 3.022953 Val_MSE: 3.207382 | Total_Loss: 4.698198 Causal_Loss: 1.512204 DIR_Penalty: 1.791557 Spurious_Loss: 3.184202
2025-12-05 19:26:56,822 - /home/kantorkristof/git/neurips-polymer/II_Experiment-Molecule/GNN/DIR.py[line:435] - INFO: Epoch [22/1000] Train_MSE: 2.247735 Val_MSE: 2.466257 | Total_Loss: 4.667764 Causal_Loss: 1.551361 DIR_Penalty: 1.484056 Spurious_Loss: 3.114920
2025-12-05 19:26:58,038 - /home/kantorkristof/git/neurips-polymer/II_Experiment-Molecule/GNN/DIR.py[line:435] - INFO: Epoch [23/1000] Train_MSE: 3.024971 Val_MSE: 3.219483 | Total_Loss: 4.682984 Causal_Loss: 1.679403 DIR_Penalty: 1.122105 Spurious_Loss: 3.002459
2025-12-05 19:26:59,264 - /home/kantorkristof/git/neurips-polymer/II_Experiment-Molecule/GNN/DIR.py[line:435] - INFO: Epoch [24/1000] Train_MSE: 2.020486 Val_MSE: 2.126232 | Total_Loss: 4.912411 Causal_Loss: 1.774680 DIR_Penalty: 1.064545 Spurious_Loss: 3.136667
2025-12-05 19:27:00,459 - /home/kantorkristof/git/neurips-polymer/II_Experiment-Molecule/GNN/DIR.py[line:435] - INFO: Epoch [25/1000] Train_MSE: 2.842944 Val_MSE: 3.007136 | Total_Loss: 4.574107 Causal_Loss: 1.576716 DIR_Penalty: 1.290502 Spurious_Loss: 2.996100
2025-12-05 19:27:01,658 - /home/kantorkristof/git/neurips-polymer/II_Experiment-Molecule/GNN/DIR.py[line:435] - INFO: Epoch [26/1000] Train_MSE: 1.524089 Val_MSE: 1.530420 | Total_Loss: 4.784744 Causal_Loss: 1.652599 DIR_Penalty: 1.333529 Spurious_Loss: 3.130811
2025-12-05 19:27:01,662 - /home/kantorkristof/git/neurips-polymer/II_Experiment-Molecule/GNN/DIR.py[line:449] - INFO: Best model saved at epoch 26 with val_mse 1.530420
2025-12-05 19:27:02,867 - /home/kantorkristof/git/neurips-polymer/II_Experiment-Molecule/GNN/DIR.py[line:435] - INFO: Epoch [27/1000] Train_MSE: 1.925358 Val_MSE: 1.905158 | Total_Loss: 5.700505 Causal_Loss: 2.172284 DIR_Penalty: 1.254157 Spurious_Loss: 3.526967
2025-12-05 19:27:04,081 - /home/kantorkristof/git/neurips-polymer/II_Experiment-Molecule/GNN/DIR.py[line:435] - INFO: Epoch [28/1000] Train_MSE: 1.856715 Val_MSE: 1.904110 | Total_Loss: 4.926431 Causal_Loss: 1.923690 DIR_Penalty: 1.151980 Spurious_Loss: 3.001589
2025-12-05 19:27:05,284 - /home/kantorkristof/git/neurips-polymer/II_Experiment-Molecule/GNN/DIR.py[line:435] - INFO: Epoch [29/1000] Train_MSE: 2.135663 Val_MSE: 2.244116 | Total_Loss: 4.683718 Causal_Loss: 1.678457 DIR_Penalty: 1.158127 Spurious_Loss: 3.004103
2025-12-05 19:27:06,478 - /home/kantorkristof/git/neurips-polymer/II_Experiment-Molecule/GNN/DIR.py[line:435] - INFO: Epoch [30/1000] Train_MSE: 2.235859 Val_MSE: 2.418247 | Total_Loss: 4.655031 Causal_Loss: 1.704190 DIR_Penalty: 1.081965 Spurious_Loss: 2.949759
2025-12-05 19:27:07,689 - /home/kantorkristof/git/neurips-polymer/II_Experiment-Molecule/GNN/DIR.py[line:435] - INFO: Epoch [31/1000] Train_MSE: 2.520954 Val_MSE: 2.713997 | Total_Loss: 4.427088 Causal_Loss: 1.576484 DIR_Penalty: 1.087702 Spurious_Loss: 2.849516
2025-12-05 19:27:08,890 - /home/kantorkristof/git/neurips-polymer/II_Experiment-Molecule/GNN/DIR.py[line:435] - INFO: Epoch [32/1000] Train_MSE: 2.182029 Val_MSE: 2.253465 | Total_Loss: 4.998468 Causal_Loss: 1.866936 DIR_Penalty: 1.116928 Spurious_Loss: 3.130415
2025-12-05 19:27:10,096 - /home/kantorkristof/git/neurips-polymer/II_Experiment-Molecule/GNN/DIR.py[line:435] - INFO: Epoch [33/1000] Train_MSE: 1.648908 Val_MSE: 1.735014 | Total_Loss: 4.258177 Causal_Loss: 1.561076 DIR_Penalty: 0.869729 Spurious_Loss: 2.696231
2025-12-05 19:27:11,298 - /home/kantorkristof/git/neurips-polymer/II_Experiment-Molecule/GNN/DIR.py[line:435] - INFO: Epoch [34/1000] Train_MSE: 1.922518 Val_MSE: 1.846560 | Total_Loss: 4.792878 Causal_Loss: 1.819039 DIR_Penalty: 0.773939 Spurious_Loss: 2.973066
2025-12-05 19:27:12,522 - /home/kantorkristof/git/neurips-polymer/II_Experiment-Molecule/GNN/DIR.py[line:435] - INFO: Epoch [35/1000] Train_MSE: 1.769216 Val_MSE: 1.801530 | Total_Loss: 4.723137 Causal_Loss: 1.742283 DIR_Penalty: 1.006657 Spurious_Loss: 2.979847
2025-12-05 19:27:13,861 - /home/kantorkristof/git/neurips-polymer/II_Experiment-Molecule/GNN/DIR.py[line:435] - INFO: Epoch [36/1000] Train_MSE: 1.875986 Val_MSE: 1.960649 | Total_Loss: 5.130433 Causal_Loss: 2.011207 DIR_Penalty: 0.819484 Spurious_Loss: 3.118407
2025-12-05 19:27:15,073 - /home/kantorkristof/git/neurips-polymer/II_Experiment-Molecule/GNN/DIR.py[line:435] - INFO: Epoch [37/1000] Train_MSE: 2.018598 Val_MSE: 2.034561 | Total_Loss: 4.488197 Causal_Loss: 1.664040 DIR_Penalty: 0.898741 Spurious_Loss: 2.823259
2025-12-05 19:27:16,268 - /home/kantorkristof/git/neurips-polymer/II_Experiment-Molecule/GNN/DIR.py[line:435] - INFO: Epoch [38/1000] Train_MSE: 2.281637 Val_MSE: 2.383092 | Total_Loss: 4.641275 Causal_Loss: 1.864610 DIR_Penalty: 0.722236 Spurious_Loss: 2.775943
2025-12-05 19:27:17,462 - /home/kantorkristof/git/neurips-polymer/II_Experiment-Molecule/GNN/DIR.py[line:435] - INFO: Epoch [39/1000] Train_MSE: 3.007573 Val_MSE: 3.138756 | Total_Loss: 4.908603 Causal_Loss: 1.987680 DIR_Penalty: 0.787221 Spurious_Loss: 2.920136
2025-12-05 19:27:18,676 - /home/kantorkristof/git/neurips-polymer/II_Experiment-Molecule/GNN/DIR.py[line:435] - INFO: Epoch [40/1000] Train_MSE: 2.456202 Val_MSE: 2.530400 | Total_Loss: 4.801086 Causal_Loss: 1.825857 DIR_Penalty: 0.918178 Spurious_Loss: 2.974311
2025-12-05 19:27:19,873 - /home/kantorkristof/git/neurips-polymer/II_Experiment-Molecule/GNN/DIR.py[line:435] - INFO: Epoch [41/1000] Train_MSE: 1.692810 Val_MSE: 1.680335 | Total_Loss: 4.639418 Causal_Loss: 1.684568 DIR_Penalty: 0.961822 Spurious_Loss: 2.953888
2025-12-05 19:27:21,065 - /home/kantorkristof/git/neurips-polymer/II_Experiment-Molecule/GNN/DIR.py[line:435] - INFO: Epoch [42/1000] Train_MSE: 2.241628 Val_MSE: 2.309971 | Total_Loss: 4.350969 Causal_Loss: 1.679007 DIR_Penalty: 0.700342 Spurious_Loss: 2.671262
2025-12-05 19:27:22,305 - /home/kantorkristof/git/neurips-polymer/II_Experiment-Molecule/GNN/DIR.py[line:435] - INFO: Epoch [43/1000] Train_MSE: 1.625281 Val_MSE: 1.602483 | Total_Loss: 4.121520 Causal_Loss: 1.521906 DIR_Penalty: 0.741428 Spurious_Loss: 2.598872
2025-12-05 19:27:23,508 - /home/kantorkristof/git/neurips-polymer/II_Experiment-Molecule/GNN/DIR.py[line:435] - INFO: Epoch [44/1000] Train_MSE: 1.808871 Val_MSE: 1.771751 | Total_Loss: 4.812315 Causal_Loss: 1.902733 DIR_Penalty: 0.891754 Spurious_Loss: 2.908690
2025-12-05 19:27:24,682 - /home/kantorkristof/git/neurips-polymer/II_Experiment-Molecule/GNN/DIR.py[line:435] - INFO: Epoch [45/1000] Train_MSE: 1.746203 Val_MSE: 1.749294 | Total_Loss: 4.295104 Causal_Loss: 1.574961 DIR_Penalty: 0.841499 Spurious_Loss: 2.719301
2025-12-05 19:27:25,857 - /home/kantorkristof/git/neurips-polymer/II_Experiment-Molecule/GNN/DIR.py[line:435] - INFO: Epoch [46/1000] Train_MSE: 1.593564 Val_MSE: 1.691242 | Total_Loss: 4.285065 Causal_Loss: 1.692991 DIR_Penalty: 0.648124 Spurious_Loss: 2.591425
2025-12-05 19:27:27,015 - /home/kantorkristof/git/neurips-polymer/II_Experiment-Molecule/GNN/DIR.py[line:435] - INFO: Epoch [47/1000] Train_MSE: 1.895316 Val_MSE: 2.026011 | Total_Loss: 4.429250 Causal_Loss: 1.730616 DIR_Penalty: 0.849645 Spurious_Loss: 2.697785
2025-12-05 19:27:28,193 - /home/kantorkristof/git/neurips-polymer/II_Experiment-Molecule/GNN/DIR.py[line:435] - INFO: Epoch [48/1000] Train_MSE: 2.182929 Val_MSE: 2.334643 | Total_Loss: 3.967665 Causal_Loss: 1.521853 DIR_Penalty: 0.557017 Spurious_Loss: 2.445254
2025-12-05 19:27:29,395 - /home/kantorkristof/git/neurips-polymer/II_Experiment-Molecule/GNN/DIR.py[line:435] - INFO: Epoch [49/1000] Train_MSE: 2.207760 Val_MSE: 2.086982 | Total_Loss: 4.360524 Causal_Loss: 1.631183 DIR_Penalty: 0.883688 Spurious_Loss: 2.728458
2025-12-05 19:27:30,595 - /home/kantorkristof/git/neurips-polymer/II_Experiment-Molecule/GNN/DIR.py[line:435] - INFO: Epoch [50/1000] Train_MSE: 1.573706 Val_MSE: 1.553314 | Total_Loss: 5.577380 Causal_Loss: 2.254122 DIR_Penalty: 0.797264 Spurious_Loss: 3.322461
2025-12-05 19:27:31,796 - /home/kantorkristof/git/neurips-polymer/II_Experiment-Molecule/GNN/DIR.py[line:435] - INFO: Epoch [51/1000] Train_MSE: 1.899252 Val_MSE: 1.890591 | Total_Loss: 4.496610 Causal_Loss: 1.739939 DIR_Penalty: 0.634848 Spurious_Loss: 2.756036
2025-12-05 19:27:32,993 - /home/kantorkristof/git/neurips-polymer/II_Experiment-Molecule/GNN/DIR.py[line:435] - INFO: Epoch [52/1000] Train_MSE: 1.966929 Val_MSE: 1.965640 | Total_Loss: 4.144261 Causal_Loss: 1.527243 DIR_Penalty: 0.755716 Spurious_Loss: 2.616262
2025-12-05 19:27:34,235 - /home/kantorkristof/git/neurips-polymer/II_Experiment-Molecule/GNN/DIR.py[line:435] - INFO: Epoch [53/1000] Train_MSE: 1.615207 Val_MSE: 1.680363 | Total_Loss: 3.965392 Causal_Loss: 1.453381 DIR_Penalty: 0.676158 Spurious_Loss: 2.511335
2025-12-05 19:27:35,442 - /home/kantorkristof/git/neurips-polymer/II_Experiment-Molecule/GNN/DIR.py[line:435] - INFO: Epoch [54/1000] Train_MSE: 2.344222 Val_MSE: 2.433512 | Total_Loss: 4.575379 Causal_Loss: 1.720416 DIR_Penalty: 0.843415 Spurious_Loss: 2.854120
2025-12-05 19:27:36,646 - /home/kantorkristof/git/neurips-polymer/II_Experiment-Molecule/GNN/DIR.py[line:435] - INFO: Epoch [55/1000] Train_MSE: 2.396518 Val_MSE: 2.185566 | Total_Loss: 6.097309 Causal_Loss: 2.469704 DIR_Penalty: 0.876233 Spurious_Loss: 3.626729
2025-12-05 19:27:37,862 - /home/kantorkristof/git/neurips-polymer/II_Experiment-Molecule/GNN/DIR.py[line:435] - INFO: Epoch [56/1000] Train_MSE: 4.345365 Val_MSE: 4.654558 | Total_Loss: 5.088881 Causal_Loss: 2.044670 DIR_Penalty: 0.849897 Spurious_Loss: 3.043361
2025-12-05 19:27:39,074 - /home/kantorkristof/git/neurips-polymer/II_Experiment-Molecule/GNN/DIR.py[line:435] - INFO: Epoch [57/1000] Train_MSE: 1.735182 Val_MSE: 1.870187 | Total_Loss: 4.474761 Causal_Loss: 1.606108 DIR_Penalty: 0.935086 Spurious_Loss: 2.867718
2025-12-05 19:27:40,282 - /home/kantorkristof/git/neurips-polymer/II_Experiment-Molecule/GNN/DIR.py[line:435] - INFO: Epoch [58/1000] Train_MSE: 2.415456 Val_MSE: 2.452826 | Total_Loss: 4.293341 Causal_Loss: 1.631979 DIR_Penalty: 0.607192 Spurious_Loss: 2.660754
2025-12-05 19:27:41,496 - /home/kantorkristof/git/neurips-polymer/II_Experiment-Molecule/GNN/DIR.py[line:435] - INFO: Epoch [59/1000] Train_MSE: 1.929779 Val_MSE: 1.960185 | Total_Loss: 4.182219 Causal_Loss: 1.493100 DIR_Penalty: 0.892327 Spurious_Loss: 2.688227
2025-12-05 19:27:42,676 - /home/kantorkristof/git/neurips-polymer/II_Experiment-Molecule/GNN/DIR.py[line:435] - INFO: Epoch [60/1000] Train_MSE: 2.352961 Val_MSE: 2.161647 | Total_Loss: 4.213986 Causal_Loss: 1.583815 DIR_Penalty: 0.734451 Spurious_Loss: 2.629437
2025-12-05 19:27:43,873 - /home/kantorkristof/git/neurips-polymer/II_Experiment-Molecule/GNN/DIR.py[line:435] - INFO: Epoch [61/1000] Train_MSE: 1.929106 Val_MSE: 1.820049 | Total_Loss: 4.414650 Causal_Loss: 1.645220 DIR_Penalty: 0.740074 Spurious_Loss: 2.768690
2025-12-05 19:27:45,071 - /home/kantorkristof/git/neurips-polymer/II_Experiment-Molecule/GNN/DIR.py[line:435] - INFO: Epoch [62/1000] Train_MSE: 2.078955 Val_MSE: 1.957641 | Total_Loss: 4.144007 Causal_Loss: 1.455002 DIR_Penalty: 0.900424 Spurious_Loss: 2.688105
2025-12-05 19:27:46,257 - /home/kantorkristof/git/neurips-polymer/II_Experiment-Molecule/GNN/DIR.py[line:435] - INFO: Epoch [63/1000] Train_MSE: 1.953857 Val_MSE: 1.926637 | Total_Loss: 4.576862 Causal_Loss: 1.813404 DIR_Penalty: 0.610729 Spurious_Loss: 2.762848
2025-12-05 19:27:47,479 - /home/kantorkristof/git/neurips-polymer/II_Experiment-Molecule/GNN/DIR.py[line:435] - INFO: Epoch [64/1000] Train_MSE: 1.829954 Val_MSE: 1.749495 | Total_Loss: 4.456242 Causal_Loss: 1.721024 DIR_Penalty: 0.637919 Spurious_Loss: 2.734580
2025-12-05 19:27:48,702 - /home/kantorkristof/git/neurips-polymer/II_Experiment-Molecule/GNN/DIR.py[line:435] - INFO: Epoch [65/1000] Train_MSE: 2.262008 Val_MSE: 2.335222 | Total_Loss: 4.466831 Causal_Loss: 1.593625 DIR_Penalty: 0.943414 Spurious_Loss: 2.872263
2025-12-05 19:27:49,915 - /home/kantorkristof/git/neurips-polymer/II_Experiment-Molecule/GNN/DIR.py[line:435] - INFO: Epoch [66/1000] Train_MSE: 1.727828 Val_MSE: 1.776917 | Total_Loss: 4.196847 Causal_Loss: 1.603169 DIR_Penalty: 0.642000 Spurious_Loss: 2.593036
2025-12-05 19:27:51,110 - /home/kantorkristof/git/neurips-polymer/II_Experiment-Molecule/GNN/DIR.py[line:435] - INFO: Epoch [67/1000] Train_MSE: 2.050654 Val_MSE: 1.996911 | Total_Loss: 4.658742 Causal_Loss: 1.737379 DIR_Penalty: 0.851267 Spurious_Loss: 2.920512
2025-12-05 19:27:52,318 - /home/kantorkristof/git/neurips-polymer/II_Experiment-Molecule/GNN/DIR.py[line:435] - INFO: Epoch [68/1000] Train_MSE: 1.984250 Val_MSE: 1.949455 | Total_Loss: 4.167528 Causal_Loss: 1.545228 DIR_Penalty: 0.766296 Spurious_Loss: 2.621534
2025-12-05 19:27:53,516 - /home/kantorkristof/git/neurips-polymer/II_Experiment-Molecule/GNN/DIR.py[line:435] - INFO: Epoch [69/1000] Train_MSE: 1.578718 Val_MSE: 1.646618 | Total_Loss: 4.230994 Causal_Loss: 1.589656 DIR_Penalty: 0.694852 Spurious_Loss: 2.640642
2025-12-05 19:27:54,738 - /home/kantorkristof/git/neurips-polymer/II_Experiment-Molecule/GNN/DIR.py[line:435] - INFO: Epoch [70/1000] Train_MSE: 2.141776 Val_MSE: 2.163970 | Total_Loss: 4.684332 Causal_Loss: 1.826350 DIR_Penalty: 0.733320 Spurious_Loss: 2.857248
2025-12-05 19:27:55,961 - /home/kantorkristof/git/neurips-polymer/II_Experiment-Molecule/GNN/DIR.py[line:435] - INFO: Epoch [71/1000] Train_MSE: 1.993231 Val_MSE: 1.873515 | Total_Loss: 4.464233 Causal_Loss: 1.799208 DIR_Penalty: 0.498383 Spurious_Loss: 2.664526
2025-12-05 19:27:57,170 - /home/kantorkristof/git/neurips-polymer/II_Experiment-Molecule/GNN/DIR.py[line:435] - INFO: Epoch [72/1000] Train_MSE: 1.707198 Val_MSE: 1.715315 | Total_Loss: 4.433537 Causal_Loss: 1.754383 DIR_Penalty: 0.663517 Spurious_Loss: 2.678491
2025-12-05 19:27:58,399 - /home/kantorkristof/git/neurips-polymer/II_Experiment-Molecule/GNN/DIR.py[line:435] - INFO: Epoch [73/1000] Train_MSE: 2.230099 Val_MSE: 2.249594 | Total_Loss: 4.080648 Causal_Loss: 1.537153 DIR_Penalty: 0.730455 Spurious_Loss: 2.542765
2025-12-05 19:27:59,611 - /home/kantorkristof/git/neurips-polymer/II_Experiment-Molecule/GNN/DIR.py[line:435] - INFO: Epoch [74/1000] Train_MSE: 2.011784 Val_MSE: 1.869814 | Total_Loss: 4.144678 Causal_Loss: 1.538313 DIR_Penalty: 0.772564 Spurious_Loss: 2.605592
2025-12-05 19:28:00,802 - /home/kantorkristof/git/neurips-polymer/II_Experiment-Molecule/GNN/DIR.py[line:435] - INFO: Epoch [75/1000] Train_MSE: 2.129688 Val_MSE: 2.031176 | Total_Loss: 4.256344 Causal_Loss: 1.559362 DIR_Penalty: 0.835046 Spurious_Loss: 2.696147
2025-12-05 19:28:01,972 - /home/kantorkristof/git/neurips-polymer/II_Experiment-Molecule/GNN/DIR.py[line:435] - INFO: Epoch [76/1000] Train_MSE: 1.975806 Val_MSE: 1.963216 | Total_Loss: 3.982861 Causal_Loss: 1.511760 DIR_Penalty: 0.640888 Spurious_Loss: 2.470460
2025-12-05 19:28:03,189 - /home/kantorkristof/git/neurips-polymer/II_Experiment-Molecule/GNN/DIR.py[line:435] - INFO: Epoch [77/1000] Train_MSE: 1.939755 Val_MSE: 1.734577 | Total_Loss: 4.018465 Causal_Loss: 1.454841 DIR_Penalty: 0.792168 Spurious_Loss: 2.562832
2025-12-05 19:28:04,385 - /home/kantorkristof/git/neurips-polymer/II_Experiment-Molecule/GNN/DIR.py[line:435] - INFO: Epoch [78/1000] Train_MSE: 2.010576 Val_MSE: 1.909719 | Total_Loss: 4.160914 Causal_Loss: 1.623553 DIR_Penalty: 0.536871 Spurious_Loss: 2.536824
2025-12-05 19:28:05,596 - /home/kantorkristof/git/neurips-polymer/II_Experiment-Molecule/GNN/DIR.py[line:435] - INFO: Epoch [79/1000] Train_MSE: 1.922147 Val_MSE: 1.876359 | Total_Loss: 4.116821 Causal_Loss: 1.491269 DIR_Penalty: 0.801342 Spurious_Loss: 2.624751
2025-12-05 19:28:06,797 - /home/kantorkristof/git/neurips-polymer/II_Experiment-Molecule/GNN/DIR.py[line:435] - INFO: Epoch [80/1000] Train_MSE: 2.251552 Val_MSE: 2.109731 | Total_Loss: 4.165965 Causal_Loss: 1.594175 DIR_Penalty: 0.629262 Spurious_Loss: 2.571161
2025-12-05 19:28:07,999 - /home/kantorkristof/git/neurips-polymer/II_Experiment-Molecule/GNN/DIR.py[line:435] - INFO: Epoch [81/1000] Train_MSE: 2.566673 Val_MSE: 2.360994 | Total_Loss: 4.319374 Causal_Loss: 1.610370 DIR_Penalty: 0.725578 Spurious_Loss: 2.708278
2025-12-05 19:28:09,168 - /home/kantorkristof/git/neurips-polymer/II_Experiment-Molecule/GNN/DIR.py[line:435] - INFO: Epoch [82/1000] Train_MSE: 2.271652 Val_MSE: 2.121921 | Total_Loss: 4.275295 Causal_Loss: 1.568908 DIR_Penalty: 0.738851 Spurious_Loss: 2.705648
2025-12-05 19:28:10,341 - /home/kantorkristof/git/neurips-polymer/II_Experiment-Molecule/GNN/DIR.py[line:435] - INFO: Epoch [83/1000] Train_MSE: 2.607965 Val_MSE: 2.484268 | Total_Loss: 4.166408 Causal_Loss: 1.511158 DIR_Penalty: 0.738595 Spurious_Loss: 2.654512
2025-12-05 19:28:11,537 - /home/kantorkristof/git/neurips-polymer/II_Experiment-Molecule/GNN/DIR.py[line:435] - INFO: Epoch [84/1000] Train_MSE: 2.375440 Val_MSE: 2.199142 | Total_Loss: 4.357265 Causal_Loss: 1.613969 DIR_Penalty: 0.708127 Spurious_Loss: 2.742587
2025-12-05 19:28:12,751 - /home/kantorkristof/git/neurips-polymer/II_Experiment-Molecule/GNN/DIR.py[line:435] - INFO: Epoch [85/1000] Train_MSE: 1.962212 Val_MSE: 1.964310 | Total_Loss: 4.296177 Causal_Loss: 1.619873 DIR_Penalty: 0.668304 Spurious_Loss: 2.675635
2025-12-05 19:28:13,953 - /home/kantorkristof/git/neurips-polymer/II_Experiment-Molecule/GNN/DIR.py[line:435] - INFO: Epoch [86/1000] Train_MSE: 2.383558 Val_MSE: 2.247506 | Total_Loss: 4.014249 Causal_Loss: 1.425112 DIR_Penalty: 0.805110 Spurious_Loss: 2.588332
2025-12-05 19:28:15,165 - /home/kantorkristof/git/neurips-polymer/II_Experiment-Molecule/GNN/DIR.py[line:435] - INFO: Epoch [87/1000] Train_MSE: 2.710527 Val_MSE: 2.656589 | Total_Loss: 4.448593 Causal_Loss: 1.677523 DIR_Penalty: 0.831175 Spurious_Loss: 2.770238
2025-12-05 19:28:16,373 - /home/kantorkristof/git/neurips-polymer/II_Experiment-Molecule/GNN/DIR.py[line:435] - INFO: Epoch [88/1000] Train_MSE: 1.954951 Val_MSE: 1.931949 | Total_Loss: 4.335684 Causal_Loss: 1.596317 DIR_Penalty: 0.801870 Spurious_Loss: 2.738565
2025-12-05 19:28:17,566 - /home/kantorkristof/git/neurips-polymer/II_Experiment-Molecule/GNN/DIR.py[line:435] - INFO: Epoch [89/1000] Train_MSE: 2.313566 Val_MSE: 2.065351 | Total_Loss: 4.317815 Causal_Loss: 1.628591 DIR_Penalty: 0.753605 Spurious_Loss: 2.688470
2025-12-05 19:28:18,778 - /home/kantorkristof/git/neurips-polymer/II_Experiment-Molecule/GNN/DIR.py[line:435] - INFO: Epoch [90/1000] Train_MSE: 2.095367 Val_MSE: 1.966380 | Total_Loss: 4.014096 Causal_Loss: 1.483857 DIR_Penalty: 0.623302 Spurious_Loss: 2.529616
2025-12-05 19:28:20,001 - /home/kantorkristof/git/neurips-polymer/II_Experiment-Molecule/GNN/DIR.py[line:435] - INFO: Epoch [91/1000] Train_MSE: 2.049171 Val_MSE: 1.953553 | Total_Loss: 4.867573 Causal_Loss: 2.006125 DIR_Penalty: 0.644932 Spurious_Loss: 2.860803
2025-12-05 19:28:21,189 - /home/kantorkristof/git/neurips-polymer/II_Experiment-Molecule/GNN/DIR.py[line:435] - INFO: Epoch [92/1000] Train_MSE: 2.378805 Val_MSE: 2.289965 | Total_Loss: 4.353185 Causal_Loss: 1.676572 DIR_Penalty: 0.659944 Spurious_Loss: 2.675953
2025-12-05 19:28:22,409 - /home/kantorkristof/git/neurips-polymer/II_Experiment-Molecule/GNN/DIR.py[line:435] - INFO: Epoch [93/1000] Train_MSE: 2.422347 Val_MSE: 2.257725 | Total_Loss: 4.278476 Causal_Loss: 1.667917 DIR_Penalty: 0.587327 Spurious_Loss: 2.609972
2025-12-05 19:28:23,640 - /home/kantorkristof/git/neurips-polymer/II_Experiment-Molecule/GNN/DIR.py[line:435] - INFO: Epoch [94/1000] Train_MSE: 2.223295 Val_MSE: 2.082621 | Total_Loss: 4.893049 Causal_Loss: 2.007282 DIR_Penalty: 0.576265 Spurious_Loss: 2.885191
2025-12-05 19:28:24,872 - /home/kantorkristof/git/neurips-polymer/II_Experiment-Molecule/GNN/DIR.py[line:435] - INFO: Epoch [95/1000] Train_MSE: 1.753939 Val_MSE: 1.776043 | Total_Loss: 4.856200 Causal_Loss: 1.887856 DIR_Penalty: 0.870481 Spurious_Loss: 2.967473
2025-12-05 19:28:26,089 - /home/kantorkristof/git/neurips-polymer/II_Experiment-Molecule/GNN/DIR.py[line:435] - INFO: Epoch [96/1000] Train_MSE: 2.229663 Val_MSE: 2.295397 | Total_Loss: 4.493911 Causal_Loss: 1.746112 DIR_Penalty: 0.670479 Spurious_Loss: 2.747128
2025-12-05 19:28:27,299 - /home/kantorkristof/git/neurips-polymer/II_Experiment-Molecule/GNN/DIR.py[line:435] - INFO: Epoch [97/1000] Train_MSE: 2.273292 Val_MSE: 2.260616 | Total_Loss: 4.754688 Causal_Loss: 1.834548 DIR_Penalty: 0.712695 Spurious_Loss: 2.919427
2025-12-05 19:28:28,509 - /home/kantorkristof/git/neurips-polymer/II_Experiment-Molecule/GNN/DIR.py[line:435] - INFO: Epoch [98/1000] Train_MSE: 2.107165 Val_MSE: 2.050111 | Total_Loss: 8.010083 Causal_Loss: 3.540138 DIR_Penalty: 0.941662 Spurious_Loss: 4.469003
2025-12-05 19:28:29,738 - /home/kantorkristof/git/neurips-polymer/II_Experiment-Molecule/GNN/DIR.py[line:435] - INFO: Epoch [99/1000] Train_MSE: 2.011004 Val_MSE: 1.949648 | Total_Loss: 5.023572 Causal_Loss: 2.049088 DIR_Penalty: 0.568283 Spurious_Loss: 2.973915
2025-12-05 19:28:30,969 - /home/kantorkristof/git/neurips-polymer/II_Experiment-Molecule/GNN/DIR.py[line:435] - INFO: Epoch [100/1000] Train_MSE: 2.042058 Val_MSE: 1.900841 | Total_Loss: 5.017792 Causal_Loss: 2.018330 DIR_Penalty: 0.699919 Spurious_Loss: 2.998762
2025-12-05 19:28:32,174 - /home/kantorkristof/git/neurips-polymer/II_Experiment-Molecule/GNN/DIR.py[line:435] - INFO: Epoch [101/1000] Train_MSE: 2.448295 Val_MSE: 2.389531 | Total_Loss: 4.699960 Causal_Loss: 1.752014 DIR_Penalty: 0.953525 Spurious_Loss: 2.946992
2025-12-05 19:28:33,386 - /home/kantorkristof/git/neurips-polymer/II_Experiment-Molecule/GNN/DIR.py[line:435] - INFO: Epoch [102/1000] Train_MSE: 1.937151 Val_MSE: 1.750302 | Total_Loss: 4.303070 Causal_Loss: 1.656769 DIR_Penalty: 0.599664 Spurious_Loss: 2.645701
2025-12-05 19:28:34,602 - /home/kantorkristof/git/neurips-polymer/II_Experiment-Molecule/GNN/DIR.py[line:435] - INFO: Epoch [103/1000] Train_MSE: 2.194570 Val_MSE: 1.971423 | Total_Loss: 4.187916 Causal_Loss: 1.567662 DIR_Penalty: 0.719358 Spurious_Loss: 2.619535
2025-12-05 19:28:35,819 - /home/kantorkristof/git/neurips-polymer/II_Experiment-Molecule/GNN/DIR.py[line:435] - INFO: Epoch [104/1000] Train_MSE: 2.105477 Val_MSE: 2.022161 | Total_Loss: 4.131202 Causal_Loss: 1.485544 DIR_Penalty: 0.822733 Spurious_Loss: 2.644836
2025-12-05 19:28:37,032 - /home/kantorkristof/git/neurips-polymer/II_Experiment-Molecule/GNN/DIR.py[line:435] - INFO: Epoch [105/1000] Train_MSE: 1.409970 Val_MSE: 1.316203 | Total_Loss: 4.310100 Causal_Loss: 1.607053 DIR_Penalty: 0.751177 Spurious_Loss: 2.702296
2025-12-05 19:28:37,036 - /home/kantorkristof/git/neurips-polymer/II_Experiment-Molecule/GNN/DIR.py[line:449] - INFO: Best model saved at epoch 105 with val_mse 1.316203
2025-12-05 19:28:38,251 - /home/kantorkristof/git/neurips-polymer/II_Experiment-Molecule/GNN/DIR.py[line:435] - INFO: Epoch [106/1000] Train_MSE: 2.088335 Val_MSE: 2.003506 | Total_Loss: 4.007960 Causal_Loss: 1.441571 DIR_Penalty: 0.719758 Spurious_Loss: 2.565669
2025-12-05 19:28:39,457 - /home/kantorkristof/git/neurips-polymer/II_Experiment-Molecule/GNN/DIR.py[line:435] - INFO: Epoch [107/1000] Train_MSE: 2.063386 Val_MSE: 2.091559 | Total_Loss: 4.505680 Causal_Loss: 1.728206 DIR_Penalty: 0.695285 Spurious_Loss: 2.776779
2025-12-05 19:28:40,625 - /home/kantorkristof/git/neurips-polymer/II_Experiment-Molecule/GNN/DIR.py[line:435] - INFO: Epoch [108/1000] Train_MSE: 2.171835 Val_MSE: 2.197828 | Total_Loss: 4.373315 Causal_Loss: 1.613508 DIR_Penalty: 0.947054 Spurious_Loss: 2.758860
2025-12-05 19:28:41,824 - /home/kantorkristof/git/neurips-polymer/II_Experiment-Molecule/GNN/DIR.py[line:435] - INFO: Epoch [109/1000] Train_MSE: 1.889546 Val_MSE: 1.782123 | Total_Loss: 4.226363 Causal_Loss: 1.661152 DIR_Penalty: 0.565636 Spurious_Loss: 2.564646
2025-12-05 19:28:42,992 - /home/kantorkristof/git/neurips-polymer/II_Experiment-Molecule/GNN/DIR.py[line:435] - INFO: Epoch [110/1000] Train_MSE: 2.113415 Val_MSE: 2.082953 | Total_Loss: 4.037140 Causal_Loss: 1.517373 DIR_Penalty: 0.630187 Spurious_Loss: 2.519137
2025-12-05 19:28:44,192 - /home/kantorkristof/git/neurips-polymer/II_Experiment-Molecule/GNN/DIR.py[line:435] - INFO: Epoch [111/1000] Train_MSE: 2.009826 Val_MSE: 1.962772 | Total_Loss: 4.145076 Causal_Loss: 1.542300 DIR_Penalty: 0.737526 Spurious_Loss: 2.602038
2025-12-05 19:28:45,385 - /home/kantorkristof/git/neurips-polymer/II_Experiment-Molecule/GNN/DIR.py[line:435] - INFO: Epoch [112/1000] Train_MSE: 1.960864 Val_MSE: 1.878780 | Total_Loss: 4.132566 Causal_Loss: 1.531176 DIR_Penalty: 0.770822 Spurious_Loss: 2.600619
2025-12-05 19:28:46,563 - /home/kantorkristof/git/neurips-polymer/II_Experiment-Molecule/GNN/DIR.py[line:435] - INFO: Epoch [113/1000] Train_MSE: 1.925445 Val_MSE: 1.837269 | Total_Loss: 4.186259 Causal_Loss: 1.614594 DIR_Penalty: 0.603036 Spurious_Loss: 2.571063
2025-12-05 19:28:47,750 - /home/kantorkristof/git/neurips-polymer/II_Experiment-Molecule/GNN/DIR.py[line:435] - INFO: Epoch [114/1000] Train_MSE: 1.934220 Val_MSE: 1.934885 | Total_Loss: 3.955200 Causal_Loss: 1.386304 DIR_Penalty: 0.865757 Spurious_Loss: 2.568030
2025-12-05 19:28:48,923 - /home/kantorkristof/git/neurips-polymer/II_Experiment-Molecule/GNN/DIR.py[line:435] - INFO: Epoch [115/1000] Train_MSE: 2.014038 Val_MSE: 1.951866 | Total_Loss: 4.804932 Causal_Loss: 1.920000 DIR_Penalty: 0.591811 Spurious_Loss: 2.884340
2025-12-05 19:28:50,093 - /home/kantorkristof/git/neurips-polymer/II_Experiment-Molecule/GNN/DIR.py[line:435] - INFO: Epoch [116/1000] Train_MSE: 2.003991 Val_MSE: 1.973503 | Total_Loss: 4.141165 Causal_Loss: 1.495759 DIR_Penalty: 0.768887 Spurious_Loss: 2.644637
2025-12-05 19:28:51,285 - /home/kantorkristof/git/neurips-polymer/II_Experiment-Molecule/GNN/DIR.py[line:435] - INFO: Epoch [117/1000] Train_MSE: 2.059269 Val_MSE: 1.976078 | Total_Loss: 3.988923 Causal_Loss: 1.443629 DIR_Penalty: 0.743931 Spurious_Loss: 2.544550
2025-12-05 19:28:52,478 - /home/kantorkristof/git/neurips-polymer/II_Experiment-Molecule/GNN/DIR.py[line:435] - INFO: Epoch [118/1000] Train_MSE: 2.249930 Val_MSE: 2.171831 | Total_Loss: 4.074399 Causal_Loss: 1.450291 DIR_Penalty: 0.832276 Spurious_Loss: 2.623276
2025-12-05 19:28:53,674 - /home/kantorkristof/git/neurips-polymer/II_Experiment-Molecule/GNN/DIR.py[line:435] - INFO: Epoch [119/1000] Train_MSE: 2.430376 Val_MSE: 2.232976 | Total_Loss: 4.790300 Causal_Loss: 1.878575 DIR_Penalty: 0.884424 Spurious_Loss: 2.910840
2025-12-05 19:28:54,859 - /home/kantorkristof/git/neurips-polymer/II_Experiment-Molecule/GNN/DIR.py[line:435] - INFO: Epoch [120/1000] Train_MSE: 1.900072 Val_MSE: 1.896938 | Total_Loss: 3.994686 Causal_Loss: 1.523368 DIR_Penalty: 0.580046 Spurious_Loss: 2.470739
2025-12-05 19:28:56,062 - /home/kantorkristof/git/neurips-polymer/II_Experiment-Molecule/GNN/DIR.py[line:435] - INFO: Epoch [121/1000] Train_MSE: 2.085455 Val_MSE: 2.077407 | Total_Loss: 4.602813 Causal_Loss: 1.810344 DIR_Penalty: 0.606617 Spurious_Loss: 2.791863
2025-12-05 19:28:57,246 - /home/kantorkristof/git/neurips-polymer/II_Experiment-Molecule/GNN/DIR.py[line:435] - INFO: Epoch [122/1000] Train_MSE: 1.941121 Val_MSE: 1.978010 | Total_Loss: 4.013827 Causal_Loss: 1.451801 DIR_Penalty: 0.754476 Spurious_Loss: 2.561272
2025-12-05 19:28:58,429 - /home/kantorkristof/git/neurips-polymer/II_Experiment-Molecule/GNN/DIR.py[line:435] - INFO: Epoch [123/1000] Train_MSE: 2.237542 Val_MSE: 2.121643 | Total_Loss: 4.158165 Causal_Loss: 1.519626 DIR_Penalty: 0.780413 Spurious_Loss: 2.637759
2025-12-05 19:28:59,641 - /home/kantorkristof/git/neurips-polymer/II_Experiment-Molecule/GNN/DIR.py[line:435] - INFO: Epoch [124/1000] Train_MSE: 2.640963 Val_MSE: 2.440256 | Total_Loss: 4.746019 Causal_Loss: 1.817362 DIR_Penalty: 0.795314 Spurious_Loss: 2.927862
2025-12-05 19:29:00,838 - /home/kantorkristof/git/neurips-polymer/II_Experiment-Molecule/GNN/DIR.py[line:435] - INFO: Epoch [125/1000] Train_MSE: 2.192955 Val_MSE: 2.176364 | Total_Loss: 4.533720 Causal_Loss: 1.773981 DIR_Penalty: 0.624127 Spurious_Loss: 2.759115
2025-12-05 19:29:02,031 - /home/kantorkristof/git/neurips-polymer/II_Experiment-Molecule/GNN/DIR.py[line:435] - INFO: Epoch [126/1000] Train_MSE: 1.908586 Val_MSE: 1.963782 | Total_Loss: 4.196599 Causal_Loss: 1.633659 DIR_Penalty: 0.590711 Spurious_Loss: 2.562349
2025-12-05 19:29:03,227 - /home/kantorkristof/git/neurips-polymer/II_Experiment-Molecule/GNN/DIR.py[line:435] - INFO: Epoch [127/1000] Train_MSE: 2.312849 Val_MSE: 2.085769 | Total_Loss: 4.191380 Causal_Loss: 1.581942 DIR_Penalty: 0.658237 Spurious_Loss: 2.608780
2025-12-05 19:29:04,425 - /home/kantorkristof/git/neurips-polymer/II_Experiment-Molecule/GNN/DIR.py[line:435] - INFO: Epoch [128/1000] Train_MSE: 1.930395 Val_MSE: 1.894739 | Total_Loss: 4.073337 Causal_Loss: 1.462145 DIR_Penalty: 0.875053 Spurious_Loss: 2.610317
2025-12-05 19:29:05,604 - /home/kantorkristof/git/neurips-polymer/II_Experiment-Molecule/GNN/DIR.py[line:435] - INFO: Epoch [129/1000] Train_MSE: 2.119050 Val_MSE: 1.967777 | Total_Loss: 4.441659 Causal_Loss: 1.671067 DIR_Penalty: 0.745877 Spurious_Loss: 2.769846
2025-12-05 19:29:06,788 - /home/kantorkristof/git/neurips-polymer/II_Experiment-Molecule/GNN/DIR.py[line:435] - INFO: Epoch [130/1000] Train_MSE: 2.892693 Val_MSE: 2.968488 | Total_Loss: 4.274297 Causal_Loss: 1.625424 DIR_Penalty: 0.686793 Spurious_Loss: 2.648186
2025-12-05 19:29:07,987 - /home/kantorkristof/git/neurips-polymer/II_Experiment-Molecule/GNN/DIR.py[line:435] - INFO: Epoch [131/1000] Train_MSE: 2.417069 Val_MSE: 2.407037 | Total_Loss: 4.264685 Causal_Loss: 1.523189 DIR_Penalty: 0.928335 Spurious_Loss: 2.740567
2025-12-05 19:29:09,191 - /home/kantorkristof/git/neurips-polymer/II_Experiment-Molecule/GNN/DIR.py[line:435] - INFO: Epoch [132/1000] Train_MSE: 1.873829 Val_MSE: 1.730629 | Total_Loss: 4.188419 Causal_Loss: 1.510520 DIR_Penalty: 0.867973 Spurious_Loss: 2.677032
2025-12-05 19:29:10,405 - /home/kantorkristof/git/neurips-polymer/II_Experiment-Molecule/GNN/DIR.py[line:435] - INFO: Epoch [133/1000] Train_MSE: 2.001823 Val_MSE: 1.903035 | Total_Loss: 4.096925 Causal_Loss: 1.495058 DIR_Penalty: 0.790015 Spurious_Loss: 2.601077
2025-12-05 19:29:11,608 - /home/kantorkristof/git/neurips-polymer/II_Experiment-Molecule/GNN/DIR.py[line:435] - INFO: Epoch [134/1000] Train_MSE: 1.912126 Val_MSE: 1.882576 | Total_Loss: 4.676666 Causal_Loss: 1.848233 DIR_Penalty: 0.618999 Spurious_Loss: 2.827813
2025-12-05 19:29:12,809 - /home/kantorkristof/git/neurips-polymer/II_Experiment-Molecule/GNN/DIR.py[line:435] - INFO: Epoch [135/1000] Train_MSE: 2.164771 Val_MSE: 2.240779 | Total_Loss: 4.049824 Causal_Loss: 1.537495 DIR_Penalty: 0.588886 Spurious_Loss: 2.511740
2025-12-05 19:29:14,016 - /home/kantorkristof/git/neurips-polymer/II_Experiment-Molecule/GNN/DIR.py[line:435] - INFO: Epoch [136/1000] Train_MSE: 2.078088 Val_MSE: 2.003452 | Total_Loss: 4.029557 Causal_Loss: 1.483970 DIR_Penalty: 0.697259 Spurious_Loss: 2.544891
2025-12-05 19:29:15,222 - /home/kantorkristof/git/neurips-polymer/II_Experiment-Molecule/GNN/DIR.py[line:435] - INFO: Epoch [137/1000] Train_MSE: 2.011371 Val_MSE: 1.950652 | Total_Loss: 4.130655 Causal_Loss: 1.571027 DIR_Penalty: 0.648416 Spurious_Loss: 2.558980
2025-12-05 19:29:16,416 - /home/kantorkristof/git/neurips-polymer/II_Experiment-Molecule/GNN/DIR.py[line:435] - INFO: Epoch [138/1000] Train_MSE: 2.232466 Val_MSE: 2.081964 | Total_Loss: 4.274155 Causal_Loss: 1.585185 DIR_Penalty: 0.765664 Spurious_Loss: 2.688205
2025-12-05 19:29:17,612 - /home/kantorkristof/git/neurips-polymer/II_Experiment-Molecule/GNN/DIR.py[line:435] - INFO: Epoch [139/1000] Train_MSE: 2.230752 Val_MSE: 2.138018 | Total_Loss: 4.509661 Causal_Loss: 1.746603 DIR_Penalty: 0.792309 Spurious_Loss: 2.762265
2025-12-05 19:29:18,787 - /home/kantorkristof/git/neurips-polymer/II_Experiment-Molecule/GNN/DIR.py[line:435] - INFO: Epoch [140/1000] Train_MSE: 1.806995 Val_MSE: 1.759460 | Total_Loss: 5.169289 Causal_Loss: 2.098417 DIR_Penalty: 0.847226 Spurious_Loss: 3.070025
2025-12-05 19:29:19,966 - /home/kantorkristof/git/neurips-polymer/II_Experiment-Molecule/GNN/DIR.py[line:435] - INFO: Epoch [141/1000] Train_MSE: 2.252128 Val_MSE: 2.247849 | Total_Loss: 5.460521 Causal_Loss: 2.262282 DIR_Penalty: 0.674595 Spurious_Loss: 3.197564
2025-12-05 19:29:21,154 - /home/kantorkristof/git/neurips-polymer/II_Experiment-Molecule/GNN/DIR.py[line:435] - INFO: Epoch [142/1000] Train_MSE: 1.758795 Val_MSE: 1.801317 | Total_Loss: 4.152864 Causal_Loss: 1.571000 DIR_Penalty: 0.652210 Spurious_Loss: 2.581212
2025-12-05 19:29:22,373 - /home/kantorkristof/git/neurips-polymer/II_Experiment-Molecule/GNN/DIR.py[line:435] - INFO: Epoch [143/1000] Train_MSE: 2.297467 Val_MSE: 2.211203 | Total_Loss: 4.172367 Causal_Loss: 1.485353 DIR_Penalty: 0.940485 Spurious_Loss: 2.686074
2025-12-05 19:29:23,597 - /home/kantorkristof/git/neurips-polymer/II_Experiment-Molecule/GNN/DIR.py[line:435] - INFO: Epoch [144/1000] Train_MSE: 1.989993 Val_MSE: 1.874154 | Total_Loss: 3.925906 Causal_Loss: 1.483109 DIR_Penalty: 0.634120 Spurious_Loss: 2.442162
2025-12-05 19:29:24,812 - /home/kantorkristof/git/neurips-polymer/II_Experiment-Molecule/GNN/DIR.py[line:435] - INFO: Epoch [145/1000] Train_MSE: 2.104970 Val_MSE: 1.962255 | Total_Loss: 4.962836 Causal_Loss: 1.904061 DIR_Penalty: 0.884730 Spurious_Loss: 3.057890
2025-12-05 19:29:25,999 - /home/kantorkristof/git/neurips-polymer/II_Experiment-Molecule/GNN/DIR.py[line:435] - INFO: Epoch [146/1000] Train_MSE: 1.694408 Val_MSE: 1.654489 | Total_Loss: 4.012125 Causal_Loss: 1.624843 DIR_Penalty: 0.380263 Spurious_Loss: 2.386902
2025-12-05 19:29:27,198 - /home/kantorkristof/git/neurips-polymer/II_Experiment-Molecule/GNN/DIR.py[line:435] - INFO: Epoch [147/1000] Train_MSE: 2.230010 Val_MSE: 2.187358 | Total_Loss: 3.992975 Causal_Loss: 1.394276 DIR_Penalty: 0.862201 Spurious_Loss: 2.597837
2025-12-05 19:29:28,371 - /home/kantorkristof/git/neurips-polymer/II_Experiment-Molecule/GNN/DIR.py[line:435] - INFO: Epoch [148/1000] Train_MSE: 3.174956 Val_MSE: 2.869491 | Total_Loss: 4.675262 Causal_Loss: 1.784542 DIR_Penalty: 0.760745 Spurious_Loss: 2.889959
2025-12-05 19:29:29,551 - /home/kantorkristof/git/neurips-polymer/II_Experiment-Molecule/GNN/DIR.py[line:435] - INFO: Epoch [149/1000] Train_MSE: 1.921008 Val_MSE: 1.950427 | Total_Loss: 4.378266 Causal_Loss: 1.705716 DIR_Penalty: 0.685365 Spurious_Loss: 2.671864
2025-12-05 19:29:30,744 - /home/kantorkristof/git/neurips-polymer/II_Experiment-Molecule/GNN/DIR.py[line:435] - INFO: Epoch [150/1000] Train_MSE: 2.385352 Val_MSE: 2.194958 | Total_Loss: 4.220424 Causal_Loss: 1.523935 DIR_Penalty: 0.818349 Spurious_Loss: 2.695670
2025-12-05 19:29:31,911 - /home/kantorkristof/git/neurips-polymer/II_Experiment-Molecule/GNN/DIR.py[line:435] - INFO: Epoch [151/1000] Train_MSE: 1.844310 Val_MSE: 1.753183 | Total_Loss: 5.277276 Causal_Loss: 2.096826 DIR_Penalty: 0.764801 Spurious_Loss: 3.179685
2025-12-05 19:29:33,134 - /home/kantorkristof/git/neurips-polymer/II_Experiment-Molecule/GNN/DIR.py[line:435] - INFO: Epoch [152/1000] Train_MSE: 1.840915 Val_MSE: 1.690824 | Total_Loss: 4.478065 Causal_Loss: 1.645496 DIR_Penalty: 0.806278 Spurious_Loss: 2.831763
2025-12-05 19:29:34,377 - /home/kantorkristof/git/neurips-polymer/II_Experiment-Molecule/GNN/DIR.py[line:435] - INFO: Epoch [153/1000] Train_MSE: 1.885665 Val_MSE: 1.763207 | Total_Loss: 4.307374 Causal_Loss: 1.657263 DIR_Penalty: 0.676545 Spurious_Loss: 2.649434
2025-12-05 19:29:35,583 - /home/kantorkristof/git/neurips-polymer/II_Experiment-Molecule/GNN/DIR.py[line:435] - INFO: Epoch [154/1000] Train_MSE: 2.175589 Val_MSE: 2.090342 | Total_Loss: 4.267370 Causal_Loss: 1.582784 DIR_Penalty: 0.689089 Spurious_Loss: 2.683897
2025-12-05 19:29:36,757 - /home/kantorkristof/git/neurips-polymer/II_Experiment-Molecule/GNN/DIR.py[line:435] - INFO: Epoch [155/1000] Train_MSE: 1.812151 Val_MSE: 1.744982 | Total_Loss: 4.122383 Causal_Loss: 1.557564 DIR_Penalty: 0.684487 Spurious_Loss: 2.564135
2025-12-05 19:29:37,921 - /home/kantorkristof/git/neurips-polymer/II_Experiment-Molecule/GNN/DIR.py[line:435] - INFO: Epoch [156/1000] Train_MSE: 1.776000 Val_MSE: 1.722265 | Total_Loss: 3.956143 Causal_Loss: 1.413641 DIR_Penalty: 0.731681 Spurious_Loss: 2.541770
2025-12-05 19:29:39,094 - /home/kantorkristof/git/neurips-polymer/II_Experiment-Molecule/GNN/DIR.py[line:435] - INFO: Epoch [157/1000] Train_MSE: 1.805402 Val_MSE: 1.749185 | Total_Loss: 3.892314 Causal_Loss: 1.378494 DIR_Penalty: 0.764334 Spurious_Loss: 2.513056
2025-12-05 19:29:40,270 - /home/kantorkristof/git/neurips-polymer/II_Experiment-Molecule/GNN/DIR.py[line:435] - INFO: Epoch [158/1000] Train_MSE: 2.014813 Val_MSE: 1.968532 | Total_Loss: 4.184712 Causal_Loss: 1.570174 DIR_Penalty: 0.804769 Spurious_Loss: 2.613733
2025-12-05 19:29:41,431 - /home/kantorkristof/git/neurips-polymer/II_Experiment-Molecule/GNN/DIR.py[line:435] - INFO: Epoch [159/1000] Train_MSE: 1.672391 Val_MSE: 1.702322 | Total_Loss: 4.451377 Causal_Loss: 1.705638 DIR_Penalty: 0.720412 Spurious_Loss: 2.745019
2025-12-05 19:29:42,623 - /home/kantorkristof/git/neurips-polymer/II_Experiment-Molecule/GNN/DIR.py[line:435] - INFO: Epoch [160/1000] Train_MSE: 1.994962 Val_MSE: 1.981135 | Total_Loss: 4.871555 Causal_Loss: 1.941705 DIR_Penalty: 0.685659 Spurious_Loss: 2.929165
2025-12-05 19:29:43,829 - /home/kantorkristof/git/neurips-polymer/II_Experiment-Molecule/GNN/DIR.py[line:435] - INFO: Epoch [161/1000] Train_MSE: 1.915940 Val_MSE: 1.789883 | Total_Loss: 4.375148 Causal_Loss: 1.652235 DIR_Penalty: 0.729284 Spurious_Loss: 2.722184
2025-12-05 19:29:45,035 - /home/kantorkristof/git/neurips-polymer/II_Experiment-Molecule/GNN/DIR.py[line:435] - INFO: Epoch [162/1000] Train_MSE: 2.020653 Val_MSE: 1.994195 | Total_Loss: 4.160883 Causal_Loss: 1.610857 DIR_Penalty: 0.526574 Spurious_Loss: 2.549500
2025-12-05 19:29:46,226 - /home/kantorkristof/git/neurips-polymer/II_Experiment-Molecule/GNN/DIR.py[line:435] - INFO: Epoch [163/1000] Train_MSE: 2.108336 Val_MSE: 2.169030 | Total_Loss: 4.113024 Causal_Loss: 1.569494 DIR_Penalty: 0.601535 Spurious_Loss: 2.542928
2025-12-05 19:29:47,404 - /home/kantorkristof/git/neurips-polymer/II_Experiment-Molecule/GNN/DIR.py[line:435] - INFO: Epoch [164/1000] Train_MSE: 2.072439 Val_MSE: 1.846136 | Total_Loss: 3.962603 Causal_Loss: 1.414827 DIR_Penalty: 0.825281 Spurious_Loss: 2.546951
2025-12-05 19:29:48,596 - /home/kantorkristof/git/neurips-polymer/II_Experiment-Molecule/GNN/DIR.py[line:435] - INFO: Epoch [165/1000] Train_MSE: 2.223806 Val_MSE: 2.101772 | Total_Loss: 4.046034 Causal_Loss: 1.472658 DIR_Penalty: 0.702077 Spurious_Loss: 2.572674
2025-12-05 19:29:49,786 - /home/kantorkristof/git/neurips-polymer/II_Experiment-Molecule/GNN/DIR.py[line:435] - INFO: Epoch [166/1000] Train_MSE: 2.230193 Val_MSE: 2.194204 | Total_Loss: 3.973164 Causal_Loss: 1.394666 DIR_Penalty: 0.782899 Spurious_Loss: 2.577715
2025-12-05 19:29:50,983 - /home/kantorkristof/git/neurips-polymer/II_Experiment-Molecule/GNN/DIR.py[line:435] - INFO: Epoch [167/1000] Train_MSE: 2.331917 Val_MSE: 2.141132 | Total_Loss: 4.028886 Causal_Loss: 1.453313 DIR_Penalty: 0.775147 Spurious_Loss: 2.574799
2025-12-05 19:29:52,182 - /home/kantorkristof/git/neurips-polymer/II_Experiment-Molecule/GNN/DIR.py[line:435] - INFO: Epoch [168/1000] Train_MSE: 2.080991 Val_MSE: 1.943394 | Total_Loss: 4.103530 Causal_Loss: 1.473158 DIR_Penalty: 0.785234 Spurious_Loss: 2.629587
2025-12-05 19:29:53,367 - /home/kantorkristof/git/neurips-polymer/II_Experiment-Molecule/GNN/DIR.py[line:435] - INFO: Epoch [169/1000] Train_MSE: 2.081211 Val_MSE: 1.875876 | Total_Loss: 4.187506 Causal_Loss: 1.466826 DIR_Penalty: 0.916418 Spurious_Loss: 2.719763
2025-12-05 19:29:54,559 - /home/kantorkristof/git/neurips-polymer/II_Experiment-Molecule/GNN/DIR.py[line:435] - INFO: Epoch [170/1000] Train_MSE: 1.857411 Val_MSE: 1.775919 | Total_Loss: 4.147744 Causal_Loss: 1.571011 DIR_Penalty: 0.633645 Spurious_Loss: 2.576099
2025-12-05 19:29:55,762 - /home/kantorkristof/git/neurips-polymer/II_Experiment-Molecule/GNN/DIR.py[line:435] - INFO: Epoch [171/1000] Train_MSE: 2.182683 Val_MSE: 2.066833 | Total_Loss: 4.105017 Causal_Loss: 1.499026 DIR_Penalty: 0.703174 Spurious_Loss: 2.605289
2025-12-05 19:29:56,965 - /home/kantorkristof/git/neurips-polymer/II_Experiment-Molecule/GNN/DIR.py[line:435] - INFO: Epoch [172/1000] Train_MSE: 2.380641 Val_MSE: 2.045486 | Total_Loss: 4.607076 Causal_Loss: 1.827380 DIR_Penalty: 0.810687 Spurious_Loss: 2.778886
2025-12-05 19:29:58,174 - /home/kantorkristof/git/neurips-polymer/II_Experiment-Molecule/GNN/DIR.py[line:435] - INFO: Epoch [173/1000] Train_MSE: 1.753775 Val_MSE: 1.692377 | Total_Loss: 4.033982 Causal_Loss: 1.529465 DIR_Penalty: 0.593486 Spurious_Loss: 2.503923
2025-12-05 19:29:59,370 - /home/kantorkristof/git/neurips-polymer/II_Experiment-Molecule/GNN/DIR.py[line:435] - INFO: Epoch [174/1000] Train_MSE: 1.736336 Val_MSE: 1.573668 | Total_Loss: 4.019732 Causal_Loss: 1.441194 DIR_Penalty: 0.804124 Spurious_Loss: 2.577734
2025-12-05 19:30:00,571 - /home/kantorkristof/git/neurips-polymer/II_Experiment-Molecule/GNN/DIR.py[line:435] - INFO: Epoch [175/1000] Train_MSE: 2.116606 Val_MSE: 1.951317 | Total_Loss: 4.231126 Causal_Loss: 1.651654 DIR_Penalty: 0.702681 Spurious_Loss: 2.578769
2025-12-05 19:30:01,769 - /home/kantorkristof/git/neurips-polymer/II_Experiment-Molecule/GNN/DIR.py[line:435] - INFO: Epoch [176/1000] Train_MSE: 2.162021 Val_MSE: 1.977953 | Total_Loss: 5.513585 Causal_Loss: 2.163004 DIR_Penalty: 0.855193 Spurious_Loss: 3.349725
2025-12-05 19:30:02,978 - /home/kantorkristof/git/neurips-polymer/II_Experiment-Molecule/GNN/DIR.py[line:435] - INFO: Epoch [177/1000] Train_MSE: 2.258211 Val_MSE: 2.331059 | Total_Loss: 4.582091 Causal_Loss: 1.805595 DIR_Penalty: 0.608075 Spurious_Loss: 2.775888
2025-12-05 19:30:04,187 - /home/kantorkristof/git/neurips-polymer/II_Experiment-Molecule/GNN/DIR.py[line:435] - INFO: Epoch [178/1000] Train_MSE: 2.030383 Val_MSE: 1.994494 | Total_Loss: 4.246842 Causal_Loss: 1.595845 DIR_Penalty: 0.727906 Spurious_Loss: 2.650269
2025-12-05 19:30:05,382 - /home/kantorkristof/git/neurips-polymer/II_Experiment-Molecule/GNN/DIR.py[line:435] - INFO: Epoch [179/1000] Train_MSE: 1.954899 Val_MSE: 1.754584 | Total_Loss: 5.866853 Causal_Loss: 2.325064 DIR_Penalty: 0.852868 Spurious_Loss: 3.540936
2025-12-05 19:30:06,597 - /home/kantorkristof/git/neurips-polymer/II_Experiment-Molecule/GNN/DIR.py[line:435] - INFO: Epoch [180/1000] Train_MSE: 2.481889 Val_MSE: 2.123944 | Total_Loss: 4.528361 Causal_Loss: 1.611622 DIR_Penalty: 1.044065 Spurious_Loss: 2.915695
2025-12-05 19:30:07,795 - /home/kantorkristof/git/neurips-polymer/II_Experiment-Molecule/GNN/DIR.py[line:435] - INFO: Epoch [181/1000] Train_MSE: 1.942859 Val_MSE: 1.744841 | Total_Loss: 4.394878 Causal_Loss: 1.672636 DIR_Penalty: 0.826327 Spurious_Loss: 2.721415
2025-12-05 19:30:08,980 - /home/kantorkristof/git/neurips-polymer/II_Experiment-Molecule/GNN/DIR.py[line:435] - INFO: Epoch [182/1000] Train_MSE: 1.875386 Val_MSE: 1.771697 | Total_Loss: 4.948372 Causal_Loss: 2.036517 DIR_Penalty: 0.579812 Spurious_Loss: 2.911275
2025-12-05 19:30:10,170 - /home/kantorkristof/git/neurips-polymer/II_Experiment-Molecule/GNN/DIR.py[line:435] - INFO: Epoch [183/1000] Train_MSE: 2.778215 Val_MSE: 2.411193 | Total_Loss: 5.459451 Causal_Loss: 2.112294 DIR_Penalty: 0.919596 Spurious_Loss: 3.346238
2025-12-05 19:30:11,361 - /home/kantorkristof/git/neurips-polymer/II_Experiment-Molecule/GNN/DIR.py[line:435] - INFO: Epoch [184/1000] Train_MSE: 1.881888 Val_MSE: 1.874650 | Total_Loss: 4.442773 Causal_Loss: 1.616899 DIR_Penalty: 0.961307 Spurious_Loss: 2.824913
2025-12-05 19:30:12,570 - /home/kantorkristof/git/neurips-polymer/II_Experiment-Molecule/GNN/DIR.py[line:435] - INFO: Epoch [185/1000] Train_MSE: 2.385084 Val_MSE: 2.063175 | Total_Loss: 4.721932 Causal_Loss: 1.872988 DIR_Penalty: 0.682308 Spurious_Loss: 2.848262
2025-12-05 19:30:13,791 - /home/kantorkristof/git/neurips-polymer/II_Experiment-Molecule/GNN/DIR.py[line:435] - INFO: Epoch [186/1000] Train_MSE: 2.176717 Val_MSE: 2.110547 | Total_Loss: 4.402281 Causal_Loss: 1.687159 DIR_Penalty: 0.746276 Spurious_Loss: 2.714376
2025-12-05 19:30:14,996 - /home/kantorkristof/git/neurips-polymer/II_Experiment-Molecule/GNN/DIR.py[line:435] - INFO: Epoch [187/1000] Train_MSE: 3.161883 Val_MSE: 3.097916 | Total_Loss: 5.117931 Causal_Loss: 2.027071 DIR_Penalty: 0.686230 Spurious_Loss: 3.090174
2025-12-05 19:30:16,195 - /home/kantorkristof/git/neurips-polymer/II_Experiment-Molecule/GNN/DIR.py[line:435] - INFO: Epoch [188/1000] Train_MSE: 1.883412 Val_MSE: 1.855226 | Total_Loss: 4.165417 Causal_Loss: 1.611578 DIR_Penalty: 0.577876 Spurious_Loss: 2.553262
2025-12-05 19:30:17,398 - /home/kantorkristof/git/neurips-polymer/II_Experiment-Molecule/GNN/DIR.py[line:435] - INFO: Epoch [189/1000] Train_MSE: 2.055223 Val_MSE: 1.844920 | Total_Loss: 4.332056 Causal_Loss: 1.566491 DIR_Penalty: 0.852713 Spurious_Loss: 2.764712
2025-12-05 19:30:18,607 - /home/kantorkristof/git/neurips-polymer/II_Experiment-Molecule/GNN/DIR.py[line:435] - INFO: Epoch [190/1000] Train_MSE: 2.122577 Val_MSE: 1.959508 | Total_Loss: 4.257842 Causal_Loss: 1.503933 DIR_Penalty: 0.959566 Spurious_Loss: 2.752949
2025-12-05 19:30:19,818 - /home/kantorkristof/git/neurips-polymer/II_Experiment-Molecule/GNN/DIR.py[line:435] - INFO: Epoch [191/1000] Train_MSE: 2.250396 Val_MSE: 2.145523 | Total_Loss: 4.024333 Causal_Loss: 1.451541 DIR_Penalty: 0.742666 Spurious_Loss: 2.572049
2025-12-05 19:30:21,012 - /home/kantorkristof/git/neurips-polymer/II_Experiment-Molecule/GNN/DIR.py[line:435] - INFO: Epoch [192/1000] Train_MSE: 1.943140 Val_MSE: 1.777481 | Total_Loss: 4.155993 Causal_Loss: 1.538317 DIR_Penalty: 1.047272 Spurious_Loss: 2.616628
2025-12-05 19:30:22,216 - /home/kantorkristof/git/neurips-polymer/II_Experiment-Molecule/GNN/DIR.py[line:435] - INFO: Epoch [193/1000] Train_MSE: 1.966830 Val_MSE: 1.829391 | Total_Loss: 4.016131 Causal_Loss: 1.403167 DIR_Penalty: 0.898063 Spurious_Loss: 2.612065
2025-12-05 19:30:23,437 - /home/kantorkristof/git/neurips-polymer/II_Experiment-Molecule/GNN/DIR.py[line:435] - INFO: Epoch [194/1000] Train_MSE: 1.951605 Val_MSE: 1.773799 | Total_Loss: 4.645960 Causal_Loss: 1.729543 DIR_Penalty: 0.987749 Spurious_Loss: 2.915429
2025-12-05 19:30:24,652 - /home/kantorkristof/git/neurips-polymer/II_Experiment-Molecule/GNN/DIR.py[line:435] - INFO: Epoch [195/1000] Train_MSE: 2.478174 Val_MSE: 2.368467 | Total_Loss: 3.899690 Causal_Loss: 1.390370 DIR_Penalty: 0.764079 Spurious_Loss: 2.508555
2025-12-05 19:30:25,893 - /home/kantorkristof/git/neurips-polymer/II_Experiment-Molecule/GNN/DIR.py[line:435] - INFO: Epoch [196/1000] Train_MSE: 2.195983 Val_MSE: 2.046202 | Total_Loss: 4.012670 Causal_Loss: 1.462282 DIR_Penalty: 0.721406 Spurious_Loss: 2.549667
2025-12-05 19:30:27,113 - /home/kantorkristof/git/neurips-polymer/II_Experiment-Molecule/GNN/DIR.py[line:435] - INFO: Epoch [197/1000] Train_MSE: 2.203760 Val_MSE: 2.128858 | Total_Loss: 4.117822 Causal_Loss: 1.453571 DIR_Penalty: 0.825058 Spurious_Loss: 2.663426
2025-12-05 19:30:28,349 - /home/kantorkristof/git/neurips-polymer/II_Experiment-Molecule/GNN/DIR.py[line:435] - INFO: Epoch [198/1000] Train_MSE: 2.226461 Val_MSE: 1.928469 | Total_Loss: 4.223805 Causal_Loss: 1.617228 DIR_Penalty: 1.254431 Spurious_Loss: 2.605323
2025-12-05 19:30:29,570 - /home/kantorkristof/git/neurips-polymer/II_Experiment-Molecule/GNN/DIR.py[line:435] - INFO: Epoch [199/1000] Train_MSE: 2.166630 Val_MSE: 2.069608 | Total_Loss: 3.881773 Causal_Loss: 1.363926 DIR_Penalty: 0.761922 Spurious_Loss: 2.517084
2025-12-05 19:30:30,803 - /home/kantorkristof/git/neurips-polymer/II_Experiment-Molecule/GNN/DIR.py[line:435] - INFO: Epoch [200/1000] Train_MSE: 1.933158 Val_MSE: 1.709690 | Total_Loss: 4.082835 Causal_Loss: 1.500884 DIR_Penalty: 0.712747 Spurious_Loss: 2.581238
2025-12-05 19:30:32,027 - /home/kantorkristof/git/neurips-polymer/II_Experiment-Molecule/GNN/DIR.py[line:435] - INFO: Epoch [201/1000] Train_MSE: 1.963651 Val_MSE: 1.945434 | Total_Loss: 3.997596 Causal_Loss: 1.469998 DIR_Penalty: 0.657247 Spurious_Loss: 2.526941
2025-12-05 19:30:33,238 - /home/kantorkristof/git/neurips-polymer/II_Experiment-Molecule/GNN/DIR.py[line:435] - INFO: Epoch [202/1000] Train_MSE: 2.107520 Val_MSE: 1.908568 | Total_Loss: 4.043653 Causal_Loss: 1.492439 DIR_Penalty: 0.670812 Spurious_Loss: 2.550544
2025-12-05 19:30:34,447 - /home/kantorkristof/git/neurips-polymer/II_Experiment-Molecule/GNN/DIR.py[line:435] - INFO: Epoch [203/1000] Train_MSE: 1.691137 Val_MSE: 1.495277 | Total_Loss: 4.529462 Causal_Loss: 1.735142 DIR_Penalty: 0.665880 Spurious_Loss: 2.793655
2025-12-05 19:30:35,670 - /home/kantorkristof/git/neurips-polymer/II_Experiment-Molecule/GNN/DIR.py[line:435] - INFO: Epoch [204/1000] Train_MSE: 1.966055 Val_MSE: 1.871508 | Total_Loss: 4.640530 Causal_Loss: 1.589890 DIR_Penalty: 1.263185 Spurious_Loss: 3.049377
2025-12-05 19:30:36,885 - /home/kantorkristof/git/neurips-polymer/II_Experiment-Molecule/GNN/DIR.py[line:435] - INFO: Epoch [205/1000] Train_MSE: 1.729452 Val_MSE: 1.506926 | Total_Loss: 4.206059 Causal_Loss: 1.513669 DIR_Penalty: 0.837778 Spurious_Loss: 2.691552
2025-12-05 19:30:36,885 - /home/kantorkristof/git/neurips-polymer/II_Experiment-Molecule/GNN/DIR.py[line:459] - INFO: Early Stopping
2025-12-05 19:30:37,652 - /home/kantorkristof/git/neurips-polymer/II_Experiment-Molecule/GNN/DIR.py[line:474] - INFO: Best model Accuracy for ESOL predicted log solubility in mols per litre, seed 42:
2025-12-05 19:30:37,652 - /home/kantorkristof/git/neurips-polymer/II_Experiment-Molecule/GNN/DIR.py[line:475] - INFO:   Train MSE: 1.388670
2025-12-05 19:30:37,652 - /home/kantorkristof/git/neurips-polymer/II_Experiment-Molecule/GNN/DIR.py[line:476] - INFO:   Val MSE: 1.316203
2025-12-05 19:30:37,652 - /home/kantorkristof/git/neurips-polymer/II_Experiment-Molecule/GNN/DIR.py[line:477] - INFO:   Test MSE: 1.677213
2025-12-05 19:30:37,652 - /home/kantorkristof/git/neurips-polymer/II_Experiment-Molecule/GNN/DIR.py[line:493] - INFO: 
=== Results for attribute ESOL predicted log solubility in mols per litre ===
2025-12-05 19:30:37,652 - /home/kantorkristof/git/neurips-polymer/II_Experiment-Molecule/GNN/DIR.py[line:499] - INFO: Train MSE: 1.388670  Val MSE: 1.316203  Test MSE: 1.677213
