2025-12-05 16:58:58,739 - /home/kantorkristof/git/neurips-polymer/II_Experiment-Molecule/GNN/DIR.py[line:335] - INFO: 
Model training started for property: Density
2025-12-05 16:58:58,740 - /home/kantorkristof/git/neurips-polymer/II_Experiment-Molecule/GNN/DIR.py[line:121] - INFO: 
+------------+--------------+
| Parameter  | Value        |
+------------+--------------+
| cuda       | 2            |
+------------+--------------+
| datadir    | data         |
+------------+--------------+
| epoch      | 1000         |
+------------+--------------+
| seed       | [42]         |
+------------+--------------+
| channels   | 64           |
+------------+--------------+
| pretrain   | 0            |
+------------+--------------+
| alpha      | 0.001        |
+------------+--------------+
| r          | 0.900        |
+------------+--------------+
| batch_size | 32           |
+------------+--------------+
| net_lr     | 0.001        |
+------------+--------------+
2025-12-05 16:58:58,740 - /home/kantorkristof/git/neurips-polymer/II_Experiment-Molecule/GNN/DIR.py[line:340] - INFO: --- Starting training for Density with seed 42 ---
2025-12-05 16:58:59,411 - /home/kantorkristof/git/neurips-polymer/II_Experiment-Molecule/GNN/DIR.py[line:435] - INFO: Epoch [1/1000] Train_MSE: 0.247073 Val_MSE: 0.249947 | Total_Loss: 0.792413 Causal_Loss: 0.388965 DIR_Penalty: 0.000590 Spurious_Loss: 0.403448
2025-12-05 16:58:59,414 - /home/kantorkristof/git/neurips-polymer/II_Experiment-Molecule/GNN/DIR.py[line:449] - INFO: Best model saved at epoch 1 with val_mse 0.249947
2025-12-05 16:59:00,081 - /home/kantorkristof/git/neurips-polymer/II_Experiment-Molecule/GNN/DIR.py[line:435] - INFO: Epoch [2/1000] Train_MSE: 0.050802 Val_MSE: 0.042231 | Total_Loss: 0.140454 Causal_Loss: 0.053572 DIR_Penalty: 0.001326 Spurious_Loss: 0.086880
2025-12-05 16:59:00,085 - /home/kantorkristof/git/neurips-polymer/II_Experiment-Molecule/GNN/DIR.py[line:449] - INFO: Best model saved at epoch 2 with val_mse 0.042231
2025-12-05 16:59:00,768 - /home/kantorkristof/git/neurips-polymer/II_Experiment-Molecule/GNN/DIR.py[line:435] - INFO: Epoch [3/1000] Train_MSE: 0.125566 Val_MSE: 0.115606 | Total_Loss: 0.085003 Causal_Loss: 0.029648 DIR_Penalty: 0.000424 Spurious_Loss: 0.055355
2025-12-05 16:59:01,468 - /home/kantorkristof/git/neurips-polymer/II_Experiment-Molecule/GNN/DIR.py[line:435] - INFO: Epoch [4/1000] Train_MSE: 0.155079 Val_MSE: 0.147214 | Total_Loss: 0.070520 Causal_Loss: 0.018231 DIR_Penalty: 0.000674 Spurious_Loss: 0.052288
2025-12-05 16:59:02,169 - /home/kantorkristof/git/neurips-polymer/II_Experiment-Molecule/GNN/DIR.py[line:435] - INFO: Epoch [5/1000] Train_MSE: 0.175531 Val_MSE: 0.168252 | Total_Loss: 0.071372 Causal_Loss: 0.018056 DIR_Penalty: 0.000776 Spurious_Loss: 0.053315
2025-12-05 16:59:02,873 - /home/kantorkristof/git/neurips-polymer/II_Experiment-Molecule/GNN/DIR.py[line:435] - INFO: Epoch [6/1000] Train_MSE: 0.128742 Val_MSE: 0.127351 | Total_Loss: 0.061604 Causal_Loss: 0.014628 DIR_Penalty: 0.000752 Spurious_Loss: 0.046975
2025-12-05 16:59:03,569 - /home/kantorkristof/git/neurips-polymer/II_Experiment-Molecule/GNN/DIR.py[line:435] - INFO: Epoch [7/1000] Train_MSE: 0.130907 Val_MSE: 0.125003 | Total_Loss: 0.055688 Causal_Loss: 0.012261 DIR_Penalty: 0.000665 Spurious_Loss: 0.043427
2025-12-05 16:59:04,270 - /home/kantorkristof/git/neurips-polymer/II_Experiment-Molecule/GNN/DIR.py[line:435] - INFO: Epoch [8/1000] Train_MSE: 0.191336 Val_MSE: 0.179078 | Total_Loss: 0.058263 Causal_Loss: 0.013476 DIR_Penalty: 0.000537 Spurious_Loss: 0.044787
2025-12-05 16:59:04,963 - /home/kantorkristof/git/neurips-polymer/II_Experiment-Molecule/GNN/DIR.py[line:435] - INFO: Epoch [9/1000] Train_MSE: 0.277682 Val_MSE: 0.270637 | Total_Loss: 0.066973 Causal_Loss: 0.020979 DIR_Penalty: 0.000520 Spurious_Loss: 0.045993
2025-12-05 16:59:05,643 - /home/kantorkristof/git/neurips-polymer/II_Experiment-Molecule/GNN/DIR.py[line:435] - INFO: Epoch [10/1000] Train_MSE: 0.037620 Val_MSE: 0.036564 | Total_Loss: 0.054840 Causal_Loss: 0.014463 DIR_Penalty: 0.000438 Spurious_Loss: 0.040377
2025-12-05 16:59:05,647 - /home/kantorkristof/git/neurips-polymer/II_Experiment-Molecule/GNN/DIR.py[line:449] - INFO: Best model saved at epoch 10 with val_mse 0.036564
2025-12-05 16:59:06,357 - /home/kantorkristof/git/neurips-polymer/II_Experiment-Molecule/GNN/DIR.py[line:435] - INFO: Epoch [11/1000] Train_MSE: 0.013557 Val_MSE: 0.011045 | Total_Loss: 0.054772 Causal_Loss: 0.014114 DIR_Penalty: 0.000505 Spurious_Loss: 0.040657
2025-12-05 16:59:06,361 - /home/kantorkristof/git/neurips-polymer/II_Experiment-Molecule/GNN/DIR.py[line:449] - INFO: Best model saved at epoch 11 with val_mse 0.011045
2025-12-05 16:59:07,041 - /home/kantorkristof/git/neurips-polymer/II_Experiment-Molecule/GNN/DIR.py[line:435] - INFO: Epoch [12/1000] Train_MSE: 0.151729 Val_MSE: 0.140903 | Total_Loss: 0.053681 Causal_Loss: 0.014453 DIR_Penalty: 0.000682 Spurious_Loss: 0.039228
2025-12-05 16:59:07,732 - /home/kantorkristof/git/neurips-polymer/II_Experiment-Molecule/GNN/DIR.py[line:435] - INFO: Epoch [13/1000] Train_MSE: 0.030976 Val_MSE: 0.026356 | Total_Loss: 0.042286 Causal_Loss: 0.011558 DIR_Penalty: 0.000233 Spurious_Loss: 0.030728
2025-12-05 16:59:08,405 - /home/kantorkristof/git/neurips-polymer/II_Experiment-Molecule/GNN/DIR.py[line:435] - INFO: Epoch [14/1000] Train_MSE: 0.119627 Val_MSE: 0.117874 | Total_Loss: 0.047688 Causal_Loss: 0.011575 DIR_Penalty: 0.000391 Spurious_Loss: 0.036113
2025-12-05 16:59:09,083 - /home/kantorkristof/git/neurips-polymer/II_Experiment-Molecule/GNN/DIR.py[line:435] - INFO: Epoch [15/1000] Train_MSE: 0.031616 Val_MSE: 0.030797 | Total_Loss: 0.043367 Causal_Loss: 0.012318 DIR_Penalty: 0.000240 Spurious_Loss: 0.031049
2025-12-05 16:59:09,756 - /home/kantorkristof/git/neurips-polymer/II_Experiment-Molecule/GNN/DIR.py[line:435] - INFO: Epoch [16/1000] Train_MSE: 0.139060 Val_MSE: 0.139212 | Total_Loss: 0.047018 Causal_Loss: 0.012037 DIR_Penalty: 0.000363 Spurious_Loss: 0.034982
2025-12-05 16:59:10,429 - /home/kantorkristof/git/neurips-polymer/II_Experiment-Molecule/GNN/DIR.py[line:435] - INFO: Epoch [17/1000] Train_MSE: 0.047189 Val_MSE: 0.047688 | Total_Loss: 0.042064 Causal_Loss: 0.010312 DIR_Penalty: 0.000306 Spurious_Loss: 0.031751
2025-12-05 16:59:11,112 - /home/kantorkristof/git/neurips-polymer/II_Experiment-Molecule/GNN/DIR.py[line:435] - INFO: Epoch [18/1000] Train_MSE: 0.078032 Val_MSE: 0.077584 | Total_Loss: 0.041916 Causal_Loss: 0.009592 DIR_Penalty: 0.000346 Spurious_Loss: 0.032324
2025-12-05 16:59:11,802 - /home/kantorkristof/git/neurips-polymer/II_Experiment-Molecule/GNN/DIR.py[line:435] - INFO: Epoch [19/1000] Train_MSE: 0.034194 Val_MSE: 0.033558 | Total_Loss: 0.040631 Causal_Loss: 0.010747 DIR_Penalty: 0.000267 Spurious_Loss: 0.029884
2025-12-05 16:59:12,473 - /home/kantorkristof/git/neurips-polymer/II_Experiment-Molecule/GNN/DIR.py[line:435] - INFO: Epoch [20/1000] Train_MSE: 0.094834 Val_MSE: 0.092557 | Total_Loss: 0.042279 Causal_Loss: 0.008850 DIR_Penalty: 0.000337 Spurious_Loss: 0.033428
2025-12-05 16:59:13,168 - /home/kantorkristof/git/neurips-polymer/II_Experiment-Molecule/GNN/DIR.py[line:435] - INFO: Epoch [21/1000] Train_MSE: 0.059379 Val_MSE: 0.055946 | Total_Loss: 0.039795 Causal_Loss: 0.011706 DIR_Penalty: 0.000157 Spurious_Loss: 0.028088
2025-12-05 16:59:13,836 - /home/kantorkristof/git/neurips-polymer/II_Experiment-Molecule/GNN/DIR.py[line:435] - INFO: Epoch [22/1000] Train_MSE: 0.090312 Val_MSE: 0.086150 | Total_Loss: 0.046917 Causal_Loss: 0.012579 DIR_Penalty: 0.000307 Spurious_Loss: 0.034338
2025-12-05 16:59:14,495 - /home/kantorkristof/git/neurips-polymer/II_Experiment-Molecule/GNN/DIR.py[line:435] - INFO: Epoch [23/1000] Train_MSE: 0.068150 Val_MSE: 0.067599 | Total_Loss: 0.037213 Causal_Loss: 0.011797 DIR_Penalty: 0.000157 Spurious_Loss: 0.025416
2025-12-05 16:59:15,151 - /home/kantorkristof/git/neurips-polymer/II_Experiment-Molecule/GNN/DIR.py[line:435] - INFO: Epoch [24/1000] Train_MSE: 0.068462 Val_MSE: 0.067091 | Total_Loss: 0.041728 Causal_Loss: 0.010350 DIR_Penalty: 0.000309 Spurious_Loss: 0.031378
2025-12-05 16:59:15,808 - /home/kantorkristof/git/neurips-polymer/II_Experiment-Molecule/GNN/DIR.py[line:435] - INFO: Epoch [25/1000] Train_MSE: 0.177731 Val_MSE: 0.176572 | Total_Loss: 0.040448 Causal_Loss: 0.010162 DIR_Penalty: 0.000283 Spurious_Loss: 0.030285
2025-12-05 16:59:16,479 - /home/kantorkristof/git/neurips-polymer/II_Experiment-Molecule/GNN/DIR.py[line:435] - INFO: Epoch [26/1000] Train_MSE: 0.044726 Val_MSE: 0.042044 | Total_Loss: 0.039588 Causal_Loss: 0.010193 DIR_Penalty: 0.000248 Spurious_Loss: 0.029396
2025-12-05 16:59:17,131 - /home/kantorkristof/git/neurips-polymer/II_Experiment-Molecule/GNN/DIR.py[line:435] - INFO: Epoch [27/1000] Train_MSE: 0.100080 Val_MSE: 0.101712 | Total_Loss: 0.041276 Causal_Loss: 0.011090 DIR_Penalty: 0.000256 Spurious_Loss: 0.030185
2025-12-05 16:59:17,814 - /home/kantorkristof/git/neurips-polymer/II_Experiment-Molecule/GNN/DIR.py[line:435] - INFO: Epoch [28/1000] Train_MSE: 0.024980 Val_MSE: 0.022360 | Total_Loss: 0.041374 Causal_Loss: 0.008532 DIR_Penalty: 0.000364 Spurious_Loss: 0.032841
2025-12-05 16:59:18,500 - /home/kantorkristof/git/neurips-polymer/II_Experiment-Molecule/GNN/DIR.py[line:435] - INFO: Epoch [29/1000] Train_MSE: 0.100878 Val_MSE: 0.095067 | Total_Loss: 0.039628 Causal_Loss: 0.010305 DIR_Penalty: 0.000235 Spurious_Loss: 0.029323
2025-12-05 16:59:19,138 - /home/kantorkristof/git/neurips-polymer/II_Experiment-Molecule/GNN/DIR.py[line:435] - INFO: Epoch [30/1000] Train_MSE: 0.089491 Val_MSE: 0.081229 | Total_Loss: 0.042152 Causal_Loss: 0.009651 DIR_Penalty: 0.000273 Spurious_Loss: 0.032500
2025-12-05 16:59:19,811 - /home/kantorkristof/git/neurips-polymer/II_Experiment-Molecule/GNN/DIR.py[line:435] - INFO: Epoch [31/1000] Train_MSE: 0.025667 Val_MSE: 0.023214 | Total_Loss: 0.045109 Causal_Loss: 0.011975 DIR_Penalty: 0.000313 Spurious_Loss: 0.033133
2025-12-05 16:59:20,513 - /home/kantorkristof/git/neurips-polymer/II_Experiment-Molecule/GNN/DIR.py[line:435] - INFO: Epoch [32/1000] Train_MSE: 0.105070 Val_MSE: 0.103258 | Total_Loss: 0.041465 Causal_Loss: 0.010878 DIR_Penalty: 0.000266 Spurious_Loss: 0.030587
2025-12-05 16:59:21,234 - /home/kantorkristof/git/neurips-polymer/II_Experiment-Molecule/GNN/DIR.py[line:435] - INFO: Epoch [33/1000] Train_MSE: 0.010545 Val_MSE: 0.009498 | Total_Loss: 0.047211 Causal_Loss: 0.011336 DIR_Penalty: 0.000379 Spurious_Loss: 0.035875
2025-12-05 16:59:21,238 - /home/kantorkristof/git/neurips-polymer/II_Experiment-Molecule/GNN/DIR.py[line:449] - INFO: Best model saved at epoch 33 with val_mse 0.009498
2025-12-05 16:59:21,931 - /home/kantorkristof/git/neurips-polymer/II_Experiment-Molecule/GNN/DIR.py[line:435] - INFO: Epoch [34/1000] Train_MSE: 0.007931 Val_MSE: 0.006127 | Total_Loss: 0.048062 Causal_Loss: 0.013542 DIR_Penalty: 0.000269 Spurious_Loss: 0.034520
2025-12-05 16:59:21,934 - /home/kantorkristof/git/neurips-polymer/II_Experiment-Molecule/GNN/DIR.py[line:449] - INFO: Best model saved at epoch 34 with val_mse 0.006127
2025-12-05 16:59:22,626 - /home/kantorkristof/git/neurips-polymer/II_Experiment-Molecule/GNN/DIR.py[line:435] - INFO: Epoch [35/1000] Train_MSE: 0.029204 Val_MSE: 0.027797 | Total_Loss: 0.050289 Causal_Loss: 0.016020 DIR_Penalty: 0.000234 Spurious_Loss: 0.034269
2025-12-05 16:59:23,349 - /home/kantorkristof/git/neurips-polymer/II_Experiment-Molecule/GNN/DIR.py[line:435] - INFO: Epoch [36/1000] Train_MSE: 0.091730 Val_MSE: 0.086463 | Total_Loss: 0.045795 Causal_Loss: 0.012138 DIR_Penalty: 0.000254 Spurious_Loss: 0.033657
2025-12-05 16:59:24,048 - /home/kantorkristof/git/neurips-polymer/II_Experiment-Molecule/GNN/DIR.py[line:435] - INFO: Epoch [37/1000] Train_MSE: 0.048980 Val_MSE: 0.046840 | Total_Loss: 0.041696 Causal_Loss: 0.011010 DIR_Penalty: 0.000246 Spurious_Loss: 0.030685
2025-12-05 16:59:24,730 - /home/kantorkristof/git/neurips-polymer/II_Experiment-Molecule/GNN/DIR.py[line:435] - INFO: Epoch [38/1000] Train_MSE: 0.010187 Val_MSE: 0.008980 | Total_Loss: 0.043129 Causal_Loss: 0.011485 DIR_Penalty: 0.000286 Spurious_Loss: 0.031644
2025-12-05 16:59:25,407 - /home/kantorkristof/git/neurips-polymer/II_Experiment-Molecule/GNN/DIR.py[line:435] - INFO: Epoch [39/1000] Train_MSE: 0.056150 Val_MSE: 0.053496 | Total_Loss: 0.039020 Causal_Loss: 0.011733 DIR_Penalty: 0.000167 Spurious_Loss: 0.027287
2025-12-05 16:59:26,069 - /home/kantorkristof/git/neurips-polymer/II_Experiment-Molecule/GNN/DIR.py[line:435] - INFO: Epoch [40/1000] Train_MSE: 0.055137 Val_MSE: 0.050336 | Total_Loss: 0.048441 Causal_Loss: 0.013055 DIR_Penalty: 0.000376 Spurious_Loss: 0.035386
2025-12-05 16:59:26,716 - /home/kantorkristof/git/neurips-polymer/II_Experiment-Molecule/GNN/DIR.py[line:435] - INFO: Epoch [41/1000] Train_MSE: 0.038172 Val_MSE: 0.035876 | Total_Loss: 0.047719 Causal_Loss: 0.013776 DIR_Penalty: 0.000270 Spurious_Loss: 0.033943
2025-12-05 16:59:27,387 - /home/kantorkristof/git/neurips-polymer/II_Experiment-Molecule/GNN/DIR.py[line:435] - INFO: Epoch [42/1000] Train_MSE: 0.008344 Val_MSE: 0.007658 | Total_Loss: 0.051387 Causal_Loss: 0.016068 DIR_Penalty: 0.000246 Spurious_Loss: 0.035319
2025-12-05 16:59:28,065 - /home/kantorkristof/git/neurips-polymer/II_Experiment-Molecule/GNN/DIR.py[line:435] - INFO: Epoch [43/1000] Train_MSE: 0.080409 Val_MSE: 0.077737 | Total_Loss: 0.046342 Causal_Loss: 0.013834 DIR_Penalty: 0.000221 Spurious_Loss: 0.032508
2025-12-05 16:59:28,771 - /home/kantorkristof/git/neurips-polymer/II_Experiment-Molecule/GNN/DIR.py[line:435] - INFO: Epoch [44/1000] Train_MSE: 0.080179 Val_MSE: 0.076128 | Total_Loss: 0.045573 Causal_Loss: 0.012623 DIR_Penalty: 0.000273 Spurious_Loss: 0.032950
2025-12-05 16:59:29,472 - /home/kantorkristof/git/neurips-polymer/II_Experiment-Molecule/GNN/DIR.py[line:435] - INFO: Epoch [45/1000] Train_MSE: 0.028767 Val_MSE: 0.025941 | Total_Loss: 0.041622 Causal_Loss: 0.011826 DIR_Penalty: 0.000196 Spurious_Loss: 0.029796
2025-12-05 16:59:30,173 - /home/kantorkristof/git/neurips-polymer/II_Experiment-Molecule/GNN/DIR.py[line:435] - INFO: Epoch [46/1000] Train_MSE: 0.074246 Val_MSE: 0.074604 | Total_Loss: 0.039261 Causal_Loss: 0.009409 DIR_Penalty: 0.000271 Spurious_Loss: 0.029852
2025-12-05 16:59:30,855 - /home/kantorkristof/git/neurips-polymer/II_Experiment-Molecule/GNN/DIR.py[line:435] - INFO: Epoch [47/1000] Train_MSE: 0.088345 Val_MSE: 0.089178 | Total_Loss: 0.044131 Causal_Loss: 0.010375 DIR_Penalty: 0.000360 Spurious_Loss: 0.033755
2025-12-05 16:59:31,557 - /home/kantorkristof/git/neurips-polymer/II_Experiment-Molecule/GNN/DIR.py[line:435] - INFO: Epoch [48/1000] Train_MSE: 0.087783 Val_MSE: 0.085015 | Total_Loss: 0.041416 Causal_Loss: 0.011038 DIR_Penalty: 0.000298 Spurious_Loss: 0.030378
2025-12-05 16:59:32,259 - /home/kantorkristof/git/neurips-polymer/II_Experiment-Molecule/GNN/DIR.py[line:435] - INFO: Epoch [49/1000] Train_MSE: 0.095355 Val_MSE: 0.087776 | Total_Loss: 0.039620 Causal_Loss: 0.009892 DIR_Penalty: 0.000239 Spurious_Loss: 0.029728
2025-12-05 16:59:32,944 - /home/kantorkristof/git/neurips-polymer/II_Experiment-Molecule/GNN/DIR.py[line:435] - INFO: Epoch [50/1000] Train_MSE: 0.114273 Val_MSE: 0.111283 | Total_Loss: 0.039252 Causal_Loss: 0.011556 DIR_Penalty: 0.000194 Spurious_Loss: 0.027696
2025-12-05 16:59:33,640 - /home/kantorkristof/git/neurips-polymer/II_Experiment-Molecule/GNN/DIR.py[line:435] - INFO: Epoch [51/1000] Train_MSE: 0.077423 Val_MSE: 0.073257 | Total_Loss: 0.036332 Causal_Loss: 0.008530 DIR_Penalty: 0.000269 Spurious_Loss: 0.027802
2025-12-05 16:59:34,359 - /home/kantorkristof/git/neurips-polymer/II_Experiment-Molecule/GNN/DIR.py[line:435] - INFO: Epoch [52/1000] Train_MSE: 0.042198 Val_MSE: 0.040083 | Total_Loss: 0.039872 Causal_Loss: 0.010481 DIR_Penalty: 0.000206 Spurious_Loss: 0.029391
2025-12-05 16:59:35,036 - /home/kantorkristof/git/neurips-polymer/II_Experiment-Molecule/GNN/DIR.py[line:435] - INFO: Epoch [53/1000] Train_MSE: 0.078999 Val_MSE: 0.074496 | Total_Loss: 0.039317 Causal_Loss: 0.010508 DIR_Penalty: 0.000213 Spurious_Loss: 0.028809
2025-12-05 16:59:35,774 - /home/kantorkristof/git/neurips-polymer/II_Experiment-Molecule/GNN/DIR.py[line:435] - INFO: Epoch [54/1000] Train_MSE: 0.153016 Val_MSE: 0.146774 | Total_Loss: 0.048938 Causal_Loss: 0.014763 DIR_Penalty: 0.000263 Spurious_Loss: 0.034174
2025-12-05 16:59:36,473 - /home/kantorkristof/git/neurips-polymer/II_Experiment-Molecule/GNN/DIR.py[line:435] - INFO: Epoch [55/1000] Train_MSE: 0.041875 Val_MSE: 0.040487 | Total_Loss: 0.045715 Causal_Loss: 0.010601 DIR_Penalty: 0.000392 Spurious_Loss: 0.035114
2025-12-05 16:59:37,167 - /home/kantorkristof/git/neurips-polymer/II_Experiment-Molecule/GNN/DIR.py[line:435] - INFO: Epoch [56/1000] Train_MSE: 0.059064 Val_MSE: 0.058237 | Total_Loss: 0.037502 Causal_Loss: 0.011473 DIR_Penalty: 0.000125 Spurious_Loss: 0.026029
2025-12-05 16:59:37,834 - /home/kantorkristof/git/neurips-polymer/II_Experiment-Molecule/GNN/DIR.py[line:435] - INFO: Epoch [57/1000] Train_MSE: 0.059750 Val_MSE: 0.058112 | Total_Loss: 0.034659 Causal_Loss: 0.008998 DIR_Penalty: 0.000174 Spurious_Loss: 0.025662
2025-12-05 16:59:38,506 - /home/kantorkristof/git/neurips-polymer/II_Experiment-Molecule/GNN/DIR.py[line:435] - INFO: Epoch [58/1000] Train_MSE: 0.048548 Val_MSE: 0.046603 | Total_Loss: 0.045046 Causal_Loss: 0.012324 DIR_Penalty: 0.000303 Spurious_Loss: 0.032721
2025-12-05 16:59:39,168 - /home/kantorkristof/git/neurips-polymer/II_Experiment-Molecule/GNN/DIR.py[line:435] - INFO: Epoch [59/1000] Train_MSE: 0.028020 Val_MSE: 0.025966 | Total_Loss: 0.038952 Causal_Loss: 0.009889 DIR_Penalty: 0.000205 Spurious_Loss: 0.029063
2025-12-05 16:59:39,829 - /home/kantorkristof/git/neurips-polymer/II_Experiment-Molecule/GNN/DIR.py[line:435] - INFO: Epoch [60/1000] Train_MSE: 0.030353 Val_MSE: 0.027052 | Total_Loss: 0.037137 Causal_Loss: 0.009411 DIR_Penalty: 0.000260 Spurious_Loss: 0.027725
2025-12-05 16:59:40,494 - /home/kantorkristof/git/neurips-polymer/II_Experiment-Molecule/GNN/DIR.py[line:435] - INFO: Epoch [61/1000] Train_MSE: 0.024205 Val_MSE: 0.022202 | Total_Loss: 0.037134 Causal_Loss: 0.010200 DIR_Penalty: 0.000214 Spurious_Loss: 0.026934
2025-12-05 16:59:41,177 - /home/kantorkristof/git/neurips-polymer/II_Experiment-Molecule/GNN/DIR.py[line:435] - INFO: Epoch [62/1000] Train_MSE: 0.026167 Val_MSE: 0.023625 | Total_Loss: 0.039129 Causal_Loss: 0.012336 DIR_Penalty: 0.000137 Spurious_Loss: 0.026793
2025-12-05 16:59:41,837 - /home/kantorkristof/git/neurips-polymer/II_Experiment-Molecule/GNN/DIR.py[line:435] - INFO: Epoch [63/1000] Train_MSE: 0.018431 Val_MSE: 0.017485 | Total_Loss: 0.034731 Causal_Loss: 0.008311 DIR_Penalty: 0.000245 Spurious_Loss: 0.026420
2025-12-05 16:59:42,522 - /home/kantorkristof/git/neurips-polymer/II_Experiment-Molecule/GNN/DIR.py[line:435] - INFO: Epoch [64/1000] Train_MSE: 0.021439 Val_MSE: 0.020132 | Total_Loss: 0.034329 Causal_Loss: 0.007169 DIR_Penalty: 0.000265 Spurious_Loss: 0.027160
2025-12-05 16:59:43,202 - /home/kantorkristof/git/neurips-polymer/II_Experiment-Molecule/GNN/DIR.py[line:435] - INFO: Epoch [65/1000] Train_MSE: 0.023108 Val_MSE: 0.020774 | Total_Loss: 0.034145 Causal_Loss: 0.009174 DIR_Penalty: 0.000185 Spurious_Loss: 0.024971
2025-12-05 16:59:43,901 - /home/kantorkristof/git/neurips-polymer/II_Experiment-Molecule/GNN/DIR.py[line:435] - INFO: Epoch [66/1000] Train_MSE: 0.023724 Val_MSE: 0.021885 | Total_Loss: 0.035185 Causal_Loss: 0.008502 DIR_Penalty: 0.000225 Spurious_Loss: 0.026682
2025-12-05 16:59:44,591 - /home/kantorkristof/git/neurips-polymer/II_Experiment-Molecule/GNN/DIR.py[line:435] - INFO: Epoch [67/1000] Train_MSE: 0.019931 Val_MSE: 0.017446 | Total_Loss: 0.037555 Causal_Loss: 0.009881 DIR_Penalty: 0.000272 Spurious_Loss: 0.027673
2025-12-05 16:59:45,244 - /home/kantorkristof/git/neurips-polymer/II_Experiment-Molecule/GNN/DIR.py[line:435] - INFO: Epoch [68/1000] Train_MSE: 0.023418 Val_MSE: 0.019569 | Total_Loss: 0.033086 Causal_Loss: 0.008700 DIR_Penalty: 0.000164 Spurious_Loss: 0.024385
2025-12-05 16:59:45,948 - /home/kantorkristof/git/neurips-polymer/II_Experiment-Molecule/GNN/DIR.py[line:435] - INFO: Epoch [69/1000] Train_MSE: 0.026714 Val_MSE: 0.024309 | Total_Loss: 0.034415 Causal_Loss: 0.008775 DIR_Penalty: 0.000194 Spurious_Loss: 0.025640
2025-12-05 16:59:46,612 - /home/kantorkristof/git/neurips-polymer/II_Experiment-Molecule/GNN/DIR.py[line:435] - INFO: Epoch [70/1000] Train_MSE: 0.013967 Val_MSE: 0.012359 | Total_Loss: 0.035021 Causal_Loss: 0.008932 DIR_Penalty: 0.000258 Spurious_Loss: 0.026089
2025-12-05 16:59:47,288 - /home/kantorkristof/git/neurips-polymer/II_Experiment-Molecule/GNN/DIR.py[line:435] - INFO: Epoch [71/1000] Train_MSE: 0.039057 Val_MSE: 0.036676 | Total_Loss: 0.032194 Causal_Loss: 0.008134 DIR_Penalty: 0.000163 Spurious_Loss: 0.024060
2025-12-05 16:59:48,018 - /home/kantorkristof/git/neurips-polymer/II_Experiment-Molecule/GNN/DIR.py[line:435] - INFO: Epoch [72/1000] Train_MSE: 0.050480 Val_MSE: 0.046968 | Total_Loss: 0.032982 Causal_Loss: 0.008376 DIR_Penalty: 0.000178 Spurious_Loss: 0.024605
2025-12-05 16:59:48,695 - /home/kantorkristof/git/neurips-polymer/II_Experiment-Molecule/GNN/DIR.py[line:435] - INFO: Epoch [73/1000] Train_MSE: 0.024507 Val_MSE: 0.020728 | Total_Loss: 0.035986 Causal_Loss: 0.008364 DIR_Penalty: 0.000240 Spurious_Loss: 0.027622
2025-12-05 16:59:49,388 - /home/kantorkristof/git/neurips-polymer/II_Experiment-Molecule/GNN/DIR.py[line:435] - INFO: Epoch [74/1000] Train_MSE: 0.036517 Val_MSE: 0.034964 | Total_Loss: 0.034496 Causal_Loss: 0.009592 DIR_Penalty: 0.000168 Spurious_Loss: 0.024903
2025-12-05 16:59:50,147 - /home/kantorkristof/git/neurips-polymer/II_Experiment-Molecule/GNN/DIR.py[line:435] - INFO: Epoch [75/1000] Train_MSE: 0.050574 Val_MSE: 0.047641 | Total_Loss: 0.038232 Causal_Loss: 0.011875 DIR_Penalty: 0.000165 Spurious_Loss: 0.026357
2025-12-05 16:59:50,844 - /home/kantorkristof/git/neurips-polymer/II_Experiment-Molecule/GNN/DIR.py[line:435] - INFO: Epoch [76/1000] Train_MSE: 0.031326 Val_MSE: 0.029105 | Total_Loss: 0.036821 Causal_Loss: 0.009431 DIR_Penalty: 0.000211 Spurious_Loss: 0.027390
2025-12-05 16:59:51,531 - /home/kantorkristof/git/neurips-polymer/II_Experiment-Molecule/GNN/DIR.py[line:435] - INFO: Epoch [77/1000] Train_MSE: 0.029002 Val_MSE: 0.026585 | Total_Loss: 0.033856 Causal_Loss: 0.008469 DIR_Penalty: 0.000208 Spurious_Loss: 0.025388
2025-12-05 16:59:52,199 - /home/kantorkristof/git/neurips-polymer/II_Experiment-Molecule/GNN/DIR.py[line:435] - INFO: Epoch [78/1000] Train_MSE: 0.021244 Val_MSE: 0.020138 | Total_Loss: 0.033640 Causal_Loss: 0.009425 DIR_Penalty: 0.000128 Spurious_Loss: 0.024215
2025-12-05 16:59:52,858 - /home/kantorkristof/git/neurips-polymer/II_Experiment-Molecule/GNN/DIR.py[line:435] - INFO: Epoch [79/1000] Train_MSE: 0.011644 Val_MSE: 0.012449 | Total_Loss: 0.033576 Causal_Loss: 0.007769 DIR_Penalty: 0.000292 Spurious_Loss: 0.025807
2025-12-05 16:59:53,532 - /home/kantorkristof/git/neurips-polymer/II_Experiment-Molecule/GNN/DIR.py[line:435] - INFO: Epoch [80/1000] Train_MSE: 0.012048 Val_MSE: 0.011512 | Total_Loss: 0.033905 Causal_Loss: 0.009060 DIR_Penalty: 0.000185 Spurious_Loss: 0.024845
2025-12-05 16:59:54,217 - /home/kantorkristof/git/neurips-polymer/II_Experiment-Molecule/GNN/DIR.py[line:435] - INFO: Epoch [81/1000] Train_MSE: 0.011709 Val_MSE: 0.010876 | Total_Loss: 0.033307 Causal_Loss: 0.008039 DIR_Penalty: 0.000231 Spurious_Loss: 0.025268
2025-12-05 16:59:54,882 - /home/kantorkristof/git/neurips-polymer/II_Experiment-Molecule/GNN/DIR.py[line:435] - INFO: Epoch [82/1000] Train_MSE: 0.011183 Val_MSE: 0.009991 | Total_Loss: 0.029970 Causal_Loss: 0.007058 DIR_Penalty: 0.000165 Spurious_Loss: 0.022912
2025-12-05 16:59:55,536 - /home/kantorkristof/git/neurips-polymer/II_Experiment-Molecule/GNN/DIR.py[line:435] - INFO: Epoch [83/1000] Train_MSE: 0.012607 Val_MSE: 0.011417 | Total_Loss: 0.029376 Causal_Loss: 0.006370 DIR_Penalty: 0.000211 Spurious_Loss: 0.023006
2025-12-05 16:59:56,227 - /home/kantorkristof/git/neurips-polymer/II_Experiment-Molecule/GNN/DIR.py[line:435] - INFO: Epoch [84/1000] Train_MSE: 0.011098 Val_MSE: 0.009686 | Total_Loss: 0.032050 Causal_Loss: 0.008493 DIR_Penalty: 0.000143 Spurious_Loss: 0.023556
2025-12-05 16:59:56,982 - /home/kantorkristof/git/neurips-polymer/II_Experiment-Molecule/GNN/DIR.py[line:435] - INFO: Epoch [85/1000] Train_MSE: 0.014483 Val_MSE: 0.012650 | Total_Loss: 0.031486 Causal_Loss: 0.007839 DIR_Penalty: 0.000177 Spurious_Loss: 0.023647
2025-12-05 16:59:57,669 - /home/kantorkristof/git/neurips-polymer/II_Experiment-Molecule/GNN/DIR.py[line:435] - INFO: Epoch [86/1000] Train_MSE: 0.011913 Val_MSE: 0.010367 | Total_Loss: 0.032971 Causal_Loss: 0.008605 DIR_Penalty: 0.000165 Spurious_Loss: 0.024365
2025-12-05 16:59:58,321 - /home/kantorkristof/git/neurips-polymer/II_Experiment-Molecule/GNN/DIR.py[line:435] - INFO: Epoch [87/1000] Train_MSE: 0.010698 Val_MSE: 0.008930 | Total_Loss: 0.028949 Causal_Loss: 0.004960 DIR_Penalty: 0.000231 Spurious_Loss: 0.023989
2025-12-05 16:59:58,952 - /home/kantorkristof/git/neurips-polymer/II_Experiment-Molecule/GNN/DIR.py[line:435] - INFO: Epoch [88/1000] Train_MSE: 0.021343 Val_MSE: 0.020346 | Total_Loss: 0.030203 Causal_Loss: 0.006518 DIR_Penalty: 0.000164 Spurious_Loss: 0.023685
2025-12-05 16:59:59,686 - /home/kantorkristof/git/neurips-polymer/II_Experiment-Molecule/GNN/DIR.py[line:435] - INFO: Epoch [89/1000] Train_MSE: 0.012149 Val_MSE: 0.011245 | Total_Loss: 0.034455 Causal_Loss: 0.009574 DIR_Penalty: 0.000163 Spurious_Loss: 0.024881
2025-12-05 17:00:00,350 - /home/kantorkristof/git/neurips-polymer/II_Experiment-Molecule/GNN/DIR.py[line:435] - INFO: Epoch [90/1000] Train_MSE: 0.011647 Val_MSE: 0.011734 | Total_Loss: 0.035616 Causal_Loss: 0.009731 DIR_Penalty: 0.000154 Spurious_Loss: 0.025885
2025-12-05 17:00:01,018 - /home/kantorkristof/git/neurips-polymer/II_Experiment-Molecule/GNN/DIR.py[line:435] - INFO: Epoch [91/1000] Train_MSE: 0.013132 Val_MSE: 0.012028 | Total_Loss: 0.033337 Causal_Loss: 0.008293 DIR_Penalty: 0.000196 Spurious_Loss: 0.025044
2025-12-05 17:00:01,700 - /home/kantorkristof/git/neurips-polymer/II_Experiment-Molecule/GNN/DIR.py[line:435] - INFO: Epoch [92/1000] Train_MSE: 0.011245 Val_MSE: 0.010511 | Total_Loss: 0.030642 Causal_Loss: 0.007318 DIR_Penalty: 0.000173 Spurious_Loss: 0.023324
2025-12-05 17:00:02,362 - /home/kantorkristof/git/neurips-polymer/II_Experiment-Molecule/GNN/DIR.py[line:435] - INFO: Epoch [93/1000] Train_MSE: 0.011835 Val_MSE: 0.010922 | Total_Loss: 0.031699 Causal_Loss: 0.007162 DIR_Penalty: 0.000178 Spurious_Loss: 0.024537
2025-12-05 17:00:03,035 - /home/kantorkristof/git/neurips-polymer/II_Experiment-Molecule/GNN/DIR.py[line:435] - INFO: Epoch [94/1000] Train_MSE: 0.014864 Val_MSE: 0.014042 | Total_Loss: 0.036398 Causal_Loss: 0.010289 DIR_Penalty: 0.000187 Spurious_Loss: 0.026109
2025-12-05 17:00:03,710 - /home/kantorkristof/git/neurips-polymer/II_Experiment-Molecule/GNN/DIR.py[line:435] - INFO: Epoch [95/1000] Train_MSE: 0.014242 Val_MSE: 0.014980 | Total_Loss: 0.031538 Causal_Loss: 0.006999 DIR_Penalty: 0.000221 Spurious_Loss: 0.024539
2025-12-05 17:00:04,374 - /home/kantorkristof/git/neurips-polymer/II_Experiment-Molecule/GNN/DIR.py[line:435] - INFO: Epoch [96/1000] Train_MSE: 0.014798 Val_MSE: 0.013400 | Total_Loss: 0.032160 Causal_Loss: 0.008536 DIR_Penalty: 0.000161 Spurious_Loss: 0.023624
2025-12-05 17:00:05,049 - /home/kantorkristof/git/neurips-polymer/II_Experiment-Molecule/GNN/DIR.py[line:435] - INFO: Epoch [97/1000] Train_MSE: 0.023933 Val_MSE: 0.022778 | Total_Loss: 0.032843 Causal_Loss: 0.008541 DIR_Penalty: 0.000176 Spurious_Loss: 0.024301
2025-12-05 17:00:05,707 - /home/kantorkristof/git/neurips-polymer/II_Experiment-Molecule/GNN/DIR.py[line:435] - INFO: Epoch [98/1000] Train_MSE: 0.011450 Val_MSE: 0.011166 | Total_Loss: 0.033274 Causal_Loss: 0.008726 DIR_Penalty: 0.000201 Spurious_Loss: 0.024547
2025-12-05 17:00:06,379 - /home/kantorkristof/git/neurips-polymer/II_Experiment-Molecule/GNN/DIR.py[line:435] - INFO: Epoch [99/1000] Train_MSE: 0.017578 Val_MSE: 0.018736 | Total_Loss: 0.030095 Causal_Loss: 0.007249 DIR_Penalty: 0.000151 Spurious_Loss: 0.022846
2025-12-05 17:00:07,060 - /home/kantorkristof/git/neurips-polymer/II_Experiment-Molecule/GNN/DIR.py[line:435] - INFO: Epoch [100/1000] Train_MSE: 0.020190 Val_MSE: 0.018833 | Total_Loss: 0.028667 Causal_Loss: 0.005893 DIR_Penalty: 0.000177 Spurious_Loss: 0.022774
2025-12-05 17:00:07,758 - /home/kantorkristof/git/neurips-polymer/II_Experiment-Molecule/GNN/DIR.py[line:435] - INFO: Epoch [101/1000] Train_MSE: 0.012579 Val_MSE: 0.011766 | Total_Loss: 0.030059 Causal_Loss: 0.006802 DIR_Penalty: 0.000185 Spurious_Loss: 0.023257
2025-12-05 17:00:08,430 - /home/kantorkristof/git/neurips-polymer/II_Experiment-Molecule/GNN/DIR.py[line:435] - INFO: Epoch [102/1000] Train_MSE: 0.016418 Val_MSE: 0.017160 | Total_Loss: 0.032462 Causal_Loss: 0.008108 DIR_Penalty: 0.000180 Spurious_Loss: 0.024354
2025-12-05 17:00:09,130 - /home/kantorkristof/git/neurips-polymer/II_Experiment-Molecule/GNN/DIR.py[line:435] - INFO: Epoch [103/1000] Train_MSE: 0.018467 Val_MSE: 0.016556 | Total_Loss: 0.030842 Causal_Loss: 0.007445 DIR_Penalty: 0.000160 Spurious_Loss: 0.023397
2025-12-05 17:00:09,809 - /home/kantorkristof/git/neurips-polymer/II_Experiment-Molecule/GNN/DIR.py[line:435] - INFO: Epoch [104/1000] Train_MSE: 0.024261 Val_MSE: 0.021644 | Total_Loss: 0.033370 Causal_Loss: 0.006966 DIR_Penalty: 0.000244 Spurious_Loss: 0.026404
2025-12-05 17:00:10,496 - /home/kantorkristof/git/neurips-polymer/II_Experiment-Molecule/GNN/DIR.py[line:435] - INFO: Epoch [105/1000] Train_MSE: 0.011357 Val_MSE: 0.009857 | Total_Loss: 0.033160 Causal_Loss: 0.007067 DIR_Penalty: 0.000225 Spurious_Loss: 0.026092
2025-12-05 17:00:11,188 - /home/kantorkristof/git/neurips-polymer/II_Experiment-Molecule/GNN/DIR.py[line:435] - INFO: Epoch [106/1000] Train_MSE: 0.012817 Val_MSE: 0.011583 | Total_Loss: 0.032575 Causal_Loss: 0.007221 DIR_Penalty: 0.000211 Spurious_Loss: 0.025354
2025-12-05 17:00:11,870 - /home/kantorkristof/git/neurips-polymer/II_Experiment-Molecule/GNN/DIR.py[line:435] - INFO: Epoch [107/1000] Train_MSE: 0.014018 Val_MSE: 0.012511 | Total_Loss: 0.030871 Causal_Loss: 0.007659 DIR_Penalty: 0.000179 Spurious_Loss: 0.023212
2025-12-05 17:00:12,609 - /home/kantorkristof/git/neurips-polymer/II_Experiment-Molecule/GNN/DIR.py[line:435] - INFO: Epoch [108/1000] Train_MSE: 0.023321 Val_MSE: 0.020078 | Total_Loss: 0.029186 Causal_Loss: 0.005747 DIR_Penalty: 0.000207 Spurious_Loss: 0.023438
2025-12-05 17:00:13,337 - /home/kantorkristof/git/neurips-polymer/II_Experiment-Molecule/GNN/DIR.py[line:435] - INFO: Epoch [109/1000] Train_MSE: 0.015860 Val_MSE: 0.013579 | Total_Loss: 0.030583 Causal_Loss: 0.007759 DIR_Penalty: 0.000165 Spurious_Loss: 0.022824
2025-12-05 17:00:14,091 - /home/kantorkristof/git/neurips-polymer/II_Experiment-Molecule/GNN/DIR.py[line:435] - INFO: Epoch [110/1000] Train_MSE: 0.032479 Val_MSE: 0.034755 | Total_Loss: 0.033875 Causal_Loss: 0.007645 DIR_Penalty: 0.000181 Spurious_Loss: 0.026230
2025-12-05 17:00:14,817 - /home/kantorkristof/git/neurips-polymer/II_Experiment-Molecule/GNN/DIR.py[line:435] - INFO: Epoch [111/1000] Train_MSE: 0.027209 Val_MSE: 0.030751 | Total_Loss: 0.033999 Causal_Loss: 0.008392 DIR_Penalty: 0.000178 Spurious_Loss: 0.025606
2025-12-05 17:00:15,557 - /home/kantorkristof/git/neurips-polymer/II_Experiment-Molecule/GNN/DIR.py[line:435] - INFO: Epoch [112/1000] Train_MSE: 0.015486 Val_MSE: 0.016094 | Total_Loss: 0.032332 Causal_Loss: 0.008613 DIR_Penalty: 0.000151 Spurious_Loss: 0.023719
2025-12-05 17:00:16,255 - /home/kantorkristof/git/neurips-polymer/II_Experiment-Molecule/GNN/DIR.py[line:435] - INFO: Epoch [113/1000] Train_MSE: 0.019186 Val_MSE: 0.021179 | Total_Loss: 0.031857 Causal_Loss: 0.006325 DIR_Penalty: 0.000224 Spurious_Loss: 0.025532
2025-12-05 17:00:16,935 - /home/kantorkristof/git/neurips-polymer/II_Experiment-Molecule/GNN/DIR.py[line:435] - INFO: Epoch [114/1000] Train_MSE: 0.013129 Val_MSE: 0.013109 | Total_Loss: 0.032297 Causal_Loss: 0.006937 DIR_Penalty: 0.000217 Spurious_Loss: 0.025361
2025-12-05 17:00:17,621 - /home/kantorkristof/git/neurips-polymer/II_Experiment-Molecule/GNN/DIR.py[line:435] - INFO: Epoch [115/1000] Train_MSE: 0.015515 Val_MSE: 0.011962 | Total_Loss: 0.031300 Causal_Loss: 0.007844 DIR_Penalty: 0.000164 Spurious_Loss: 0.023456
2025-12-05 17:00:18,295 - /home/kantorkristof/git/neurips-polymer/II_Experiment-Molecule/GNN/DIR.py[line:435] - INFO: Epoch [116/1000] Train_MSE: 0.029871 Val_MSE: 0.023363 | Total_Loss: 0.034595 Causal_Loss: 0.007972 DIR_Penalty: 0.000203 Spurious_Loss: 0.026623
2025-12-05 17:00:18,962 - /home/kantorkristof/git/neurips-polymer/II_Experiment-Molecule/GNN/DIR.py[line:435] - INFO: Epoch [117/1000] Train_MSE: 0.027975 Val_MSE: 0.023349 | Total_Loss: 0.031488 Causal_Loss: 0.007629 DIR_Penalty: 0.000181 Spurious_Loss: 0.023859
2025-12-05 17:00:19,657 - /home/kantorkristof/git/neurips-polymer/II_Experiment-Molecule/GNN/DIR.py[line:435] - INFO: Epoch [118/1000] Train_MSE: 0.014570 Val_MSE: 0.011978 | Total_Loss: 0.032215 Causal_Loss: 0.008362 DIR_Penalty: 0.000172 Spurious_Loss: 0.023853
2025-12-05 17:00:20,371 - /home/kantorkristof/git/neurips-polymer/II_Experiment-Molecule/GNN/DIR.py[line:435] - INFO: Epoch [119/1000] Train_MSE: 0.021797 Val_MSE: 0.018215 | Total_Loss: 0.031925 Causal_Loss: 0.007842 DIR_Penalty: 0.000165 Spurious_Loss: 0.024082
2025-12-05 17:00:21,050 - /home/kantorkristof/git/neurips-polymer/II_Experiment-Molecule/GNN/DIR.py[line:435] - INFO: Epoch [120/1000] Train_MSE: 0.017734 Val_MSE: 0.015999 | Total_Loss: 0.032869 Causal_Loss: 0.008490 DIR_Penalty: 0.000172 Spurious_Loss: 0.024379
2025-12-05 17:00:21,763 - /home/kantorkristof/git/neurips-polymer/II_Experiment-Molecule/GNN/DIR.py[line:435] - INFO: Epoch [121/1000] Train_MSE: 0.011780 Val_MSE: 0.012284 | Total_Loss: 0.030100 Causal_Loss: 0.006443 DIR_Penalty: 0.000179 Spurious_Loss: 0.023657
2025-12-05 17:00:22,461 - /home/kantorkristof/git/neurips-polymer/II_Experiment-Molecule/GNN/DIR.py[line:435] - INFO: Epoch [122/1000] Train_MSE: 0.011894 Val_MSE: 0.011440 | Total_Loss: 0.029521 Causal_Loss: 0.006778 DIR_Penalty: 0.000173 Spurious_Loss: 0.022744
2025-12-05 17:00:23,192 - /home/kantorkristof/git/neurips-polymer/II_Experiment-Molecule/GNN/DIR.py[line:435] - INFO: Epoch [123/1000] Train_MSE: 0.019304 Val_MSE: 0.017634 | Total_Loss: 0.031503 Causal_Loss: 0.006660 DIR_Penalty: 0.000226 Spurious_Loss: 0.024843
2025-12-05 17:00:23,862 - /home/kantorkristof/git/neurips-polymer/II_Experiment-Molecule/GNN/DIR.py[line:435] - INFO: Epoch [124/1000] Train_MSE: 0.015356 Val_MSE: 0.017357 | Total_Loss: 0.032328 Causal_Loss: 0.008253 DIR_Penalty: 0.000172 Spurious_Loss: 0.024075
2025-12-05 17:00:24,532 - /home/kantorkristof/git/neurips-polymer/II_Experiment-Molecule/GNN/DIR.py[line:435] - INFO: Epoch [125/1000] Train_MSE: 0.013087 Val_MSE: 0.012813 | Total_Loss: 0.030868 Causal_Loss: 0.006469 DIR_Penalty: 0.000187 Spurious_Loss: 0.024399
2025-12-05 17:00:25,228 - /home/kantorkristof/git/neurips-polymer/II_Experiment-Molecule/GNN/DIR.py[line:435] - INFO: Epoch [126/1000] Train_MSE: 0.015453 Val_MSE: 0.014709 | Total_Loss: 0.030014 Causal_Loss: 0.006961 DIR_Penalty: 0.000149 Spurious_Loss: 0.023053
2025-12-05 17:00:25,896 - /home/kantorkristof/git/neurips-polymer/II_Experiment-Molecule/GNN/DIR.py[line:435] - INFO: Epoch [127/1000] Train_MSE: 0.014076 Val_MSE: 0.013855 | Total_Loss: 0.032020 Causal_Loss: 0.007722 DIR_Penalty: 0.000174 Spurious_Loss: 0.024297
2025-12-05 17:00:26,570 - /home/kantorkristof/git/neurips-polymer/II_Experiment-Molecule/GNN/DIR.py[line:435] - INFO: Epoch [128/1000] Train_MSE: 0.016718 Val_MSE: 0.017225 | Total_Loss: 0.034415 Causal_Loss: 0.008650 DIR_Penalty: 0.000205 Spurious_Loss: 0.025764
2025-12-05 17:00:27,243 - /home/kantorkristof/git/neurips-polymer/II_Experiment-Molecule/GNN/DIR.py[line:435] - INFO: Epoch [129/1000] Train_MSE: 0.014231 Val_MSE: 0.014408 | Total_Loss: 0.030952 Causal_Loss: 0.007311 DIR_Penalty: 0.000155 Spurious_Loss: 0.023641
2025-12-05 17:00:27,902 - /home/kantorkristof/git/neurips-polymer/II_Experiment-Molecule/GNN/DIR.py[line:435] - INFO: Epoch [130/1000] Train_MSE: 0.013470 Val_MSE: 0.012311 | Total_Loss: 0.034153 Causal_Loss: 0.009308 DIR_Penalty: 0.000175 Spurious_Loss: 0.024845
2025-12-05 17:00:28,657 - /home/kantorkristof/git/neurips-polymer/II_Experiment-Molecule/GNN/DIR.py[line:435] - INFO: Epoch [131/1000] Train_MSE: 0.012449 Val_MSE: 0.011773 | Total_Loss: 0.031178 Causal_Loss: 0.008242 DIR_Penalty: 0.000127 Spurious_Loss: 0.022937
2025-12-05 17:00:29,344 - /home/kantorkristof/git/neurips-polymer/II_Experiment-Molecule/GNN/DIR.py[line:435] - INFO: Epoch [132/1000] Train_MSE: 0.016904 Val_MSE: 0.014590 | Total_Loss: 0.033667 Causal_Loss: 0.006434 DIR_Penalty: 0.000246 Spurious_Loss: 0.027232
2025-12-05 17:00:30,035 - /home/kantorkristof/git/neurips-polymer/II_Experiment-Molecule/GNN/DIR.py[line:435] - INFO: Epoch [133/1000] Train_MSE: 0.013481 Val_MSE: 0.011881 | Total_Loss: 0.032310 Causal_Loss: 0.007597 DIR_Penalty: 0.000172 Spurious_Loss: 0.024713
2025-12-05 17:00:30,732 - /home/kantorkristof/git/neurips-polymer/II_Experiment-Molecule/GNN/DIR.py[line:435] - INFO: Epoch [134/1000] Train_MSE: 0.014445 Val_MSE: 0.017532 | Total_Loss: 0.029338 Causal_Loss: 0.006154 DIR_Penalty: 0.000186 Spurious_Loss: 0.023184
2025-12-05 17:00:30,733 - /home/kantorkristof/git/neurips-polymer/II_Experiment-Molecule/GNN/DIR.py[line:459] - INFO: Early Stopping
2025-12-05 17:00:31,161 - /home/kantorkristof/git/neurips-polymer/II_Experiment-Molecule/GNN/DIR.py[line:474] - INFO: Best model Accuracy for Density, seed 42:
2025-12-05 17:00:31,161 - /home/kantorkristof/git/neurips-polymer/II_Experiment-Molecule/GNN/DIR.py[line:475] - INFO:   Train MSE: 0.007931
2025-12-05 17:00:31,161 - /home/kantorkristof/git/neurips-polymer/II_Experiment-Molecule/GNN/DIR.py[line:476] - INFO:   Val MSE: 0.006127
2025-12-05 17:00:31,161 - /home/kantorkristof/git/neurips-polymer/II_Experiment-Molecule/GNN/DIR.py[line:477] - INFO:   Test MSE: 0.008166
2025-12-05 17:00:31,161 - /home/kantorkristof/git/neurips-polymer/II_Experiment-Molecule/GNN/DIR.py[line:493] - INFO: 
=== Results for attribute Density ===
2025-12-05 17:00:31,161 - /home/kantorkristof/git/neurips-polymer/II_Experiment-Molecule/GNN/DIR.py[line:499] - INFO: Train MSE: 0.007931  Val MSE: 0.006127  Test MSE: 0.008166
