2025-12-05 17:16:16,700 - /home/kantorkristof/git/neurips-polymer/II_Experiment-Molecule/GNN/DIR.py[line:335] - INFO: 
Model training started for property: Tc
2025-12-05 17:16:16,700 - /home/kantorkristof/git/neurips-polymer/II_Experiment-Molecule/GNN/DIR.py[line:121] - INFO: 
+------------+--------------+
| Parameter  | Value        |
+------------+--------------+
| cuda       | 2            |
+------------+--------------+
| datadir    | data/NeurIPS |
+------------+--------------+
| epoch      | 1000         |
+------------+--------------+
| seed       | [42]         |
+------------+--------------+
| channels   | 64           |
+------------+--------------+
| pretrain   | 0            |
+------------+--------------+
| alpha      | 0.001        |
+------------+--------------+
| r          | 0.900        |
+------------+--------------+
| batch_size | 32           |
+------------+--------------+
| net_lr     | 0.001        |
+------------+--------------+
2025-12-05 17:16:16,701 - /home/kantorkristof/git/neurips-polymer/II_Experiment-Molecule/GNN/DIR.py[line:340] - INFO: --- Starting training for Tc with seed 42 ---
2025-12-05 17:16:17,541 - /home/kantorkristof/git/neurips-polymer/II_Experiment-Molecule/GNN/DIR.py[line:435] - INFO: Epoch [1/1000] Train_MSE: 0.010935 Val_MSE: 0.012338 | Total_Loss: 0.034756 Causal_Loss: 0.016252 DIR_Penalty: 0.000011 Spurious_Loss: 0.018505
2025-12-05 17:16:17,545 - /home/kantorkristof/git/neurips-polymer/II_Experiment-Molecule/GNN/DIR.py[line:449] - INFO: Best model saved at epoch 1 with val_mse 0.012338
2025-12-05 17:16:18,376 - /home/kantorkristof/git/neurips-polymer/II_Experiment-Molecule/GNN/DIR.py[line:435] - INFO: Epoch [2/1000] Train_MSE: 0.010381 Val_MSE: 0.011076 | Total_Loss: 0.015077 Causal_Loss: 0.004035 DIR_Penalty: 0.000027 Spurious_Loss: 0.011042
2025-12-05 17:16:18,380 - /home/kantorkristof/git/neurips-polymer/II_Experiment-Molecule/GNN/DIR.py[line:449] - INFO: Best model saved at epoch 2 with val_mse 0.011076
2025-12-05 17:16:19,217 - /home/kantorkristof/git/neurips-polymer/II_Experiment-Molecule/GNN/DIR.py[line:435] - INFO: Epoch [3/1000] Train_MSE: 0.007611 Val_MSE: 0.008147 | Total_Loss: 0.012074 Causal_Loss: 0.002942 DIR_Penalty: 0.000020 Spurious_Loss: 0.009132
2025-12-05 17:16:19,221 - /home/kantorkristof/git/neurips-polymer/II_Experiment-Molecule/GNN/DIR.py[line:449] - INFO: Best model saved at epoch 3 with val_mse 0.008147
2025-12-05 17:16:20,068 - /home/kantorkristof/git/neurips-polymer/II_Experiment-Molecule/GNN/DIR.py[line:435] - INFO: Epoch [4/1000] Train_MSE: 0.006001 Val_MSE: 0.006245 | Total_Loss: 0.012784 Causal_Loss: 0.003344 DIR_Penalty: 0.000022 Spurious_Loss: 0.009440
2025-12-05 17:16:20,071 - /home/kantorkristof/git/neurips-polymer/II_Experiment-Molecule/GNN/DIR.py[line:449] - INFO: Best model saved at epoch 4 with val_mse 0.006245
2025-12-05 17:16:20,869 - /home/kantorkristof/git/neurips-polymer/II_Experiment-Molecule/GNN/DIR.py[line:435] - INFO: Epoch [5/1000] Train_MSE: 0.007146 Val_MSE: 0.008001 | Total_Loss: 0.013058 Causal_Loss: 0.003459 DIR_Penalty: 0.000020 Spurious_Loss: 0.009599
2025-12-05 17:16:21,698 - /home/kantorkristof/git/neurips-polymer/II_Experiment-Molecule/GNN/DIR.py[line:435] - INFO: Epoch [6/1000] Train_MSE: 0.007606 Val_MSE: 0.008382 | Total_Loss: 0.012507 Causal_Loss: 0.003555 DIR_Penalty: 0.000016 Spurious_Loss: 0.008952
2025-12-05 17:16:22,525 - /home/kantorkristof/git/neurips-polymer/II_Experiment-Molecule/GNN/DIR.py[line:435] - INFO: Epoch [7/1000] Train_MSE: 0.012093 Val_MSE: 0.013103 | Total_Loss: 0.012099 Causal_Loss: 0.003330 DIR_Penalty: 0.000017 Spurious_Loss: 0.008768
2025-12-05 17:16:23,369 - /home/kantorkristof/git/neurips-polymer/II_Experiment-Molecule/GNN/DIR.py[line:435] - INFO: Epoch [8/1000] Train_MSE: 0.007700 Val_MSE: 0.007952 | Total_Loss: 0.013388 Causal_Loss: 0.003950 DIR_Penalty: 0.000017 Spurious_Loss: 0.009438
2025-12-05 17:16:24,171 - /home/kantorkristof/git/neurips-polymer/II_Experiment-Molecule/GNN/DIR.py[line:435] - INFO: Epoch [9/1000] Train_MSE: 0.011332 Val_MSE: 0.012196 | Total_Loss: 0.012872 Causal_Loss: 0.003649 DIR_Penalty: 0.000017 Spurious_Loss: 0.009223
2025-12-05 17:16:25,013 - /home/kantorkristof/git/neurips-polymer/II_Experiment-Molecule/GNN/DIR.py[line:435] - INFO: Epoch [10/1000] Train_MSE: 0.008923 Val_MSE: 0.009697 | Total_Loss: 0.012373 Causal_Loss: 0.003325 DIR_Penalty: 0.000018 Spurious_Loss: 0.009048
2025-12-05 17:16:25,818 - /home/kantorkristof/git/neurips-polymer/II_Experiment-Molecule/GNN/DIR.py[line:435] - INFO: Epoch [11/1000] Train_MSE: 0.008516 Val_MSE: 0.009449 | Total_Loss: 0.014876 Causal_Loss: 0.004349 DIR_Penalty: 0.000020 Spurious_Loss: 0.010527
2025-12-05 17:16:26,636 - /home/kantorkristof/git/neurips-polymer/II_Experiment-Molecule/GNN/DIR.py[line:435] - INFO: Epoch [12/1000] Train_MSE: 0.010968 Val_MSE: 0.011908 | Total_Loss: 0.012326 Causal_Loss: 0.003376 DIR_Penalty: 0.000017 Spurious_Loss: 0.008950
2025-12-05 17:16:27,460 - /home/kantorkristof/git/neurips-polymer/II_Experiment-Molecule/GNN/DIR.py[line:435] - INFO: Epoch [13/1000] Train_MSE: 0.012032 Val_MSE: 0.012906 | Total_Loss: 0.012377 Causal_Loss: 0.003137 DIR_Penalty: 0.000021 Spurious_Loss: 0.009239
2025-12-05 17:16:28,258 - /home/kantorkristof/git/neurips-polymer/II_Experiment-Molecule/GNN/DIR.py[line:435] - INFO: Epoch [14/1000] Train_MSE: 0.011276 Val_MSE: 0.011781 | Total_Loss: 0.012760 Causal_Loss: 0.003463 DIR_Penalty: 0.000019 Spurious_Loss: 0.009297
2025-12-05 17:16:29,072 - /home/kantorkristof/git/neurips-polymer/II_Experiment-Molecule/GNN/DIR.py[line:435] - INFO: Epoch [15/1000] Train_MSE: 0.012107 Val_MSE: 0.012908 | Total_Loss: 0.012008 Causal_Loss: 0.003043 DIR_Penalty: 0.000021 Spurious_Loss: 0.008966
2025-12-05 17:16:29,931 - /home/kantorkristof/git/neurips-polymer/II_Experiment-Molecule/GNN/DIR.py[line:435] - INFO: Epoch [16/1000] Train_MSE: 0.013559 Val_MSE: 0.014789 | Total_Loss: 0.012787 Causal_Loss: 0.003619 DIR_Penalty: 0.000017 Spurious_Loss: 0.009168
2025-12-05 17:16:30,771 - /home/kantorkristof/git/neurips-polymer/II_Experiment-Molecule/GNN/DIR.py[line:435] - INFO: Epoch [17/1000] Train_MSE: 0.015233 Val_MSE: 0.016775 | Total_Loss: 0.012276 Causal_Loss: 0.003018 DIR_Penalty: 0.000022 Spurious_Loss: 0.009258
2025-12-05 17:16:31,594 - /home/kantorkristof/git/neurips-polymer/II_Experiment-Molecule/GNN/DIR.py[line:435] - INFO: Epoch [18/1000] Train_MSE: 0.012841 Val_MSE: 0.014379 | Total_Loss: 0.012725 Causal_Loss: 0.003799 DIR_Penalty: 0.000015 Spurious_Loss: 0.008926
2025-12-05 17:16:32,447 - /home/kantorkristof/git/neurips-polymer/II_Experiment-Molecule/GNN/DIR.py[line:435] - INFO: Epoch [19/1000] Train_MSE: 0.010633 Val_MSE: 0.011902 | Total_Loss: 0.012268 Causal_Loss: 0.003596 DIR_Penalty: 0.000014 Spurious_Loss: 0.008672
2025-12-05 17:16:33,306 - /home/kantorkristof/git/neurips-polymer/II_Experiment-Molecule/GNN/DIR.py[line:435] - INFO: Epoch [20/1000] Train_MSE: 0.009934 Val_MSE: 0.011051 | Total_Loss: 0.012156 Causal_Loss: 0.003206 DIR_Penalty: 0.000017 Spurious_Loss: 0.008950
2025-12-05 17:16:34,143 - /home/kantorkristof/git/neurips-polymer/II_Experiment-Molecule/GNN/DIR.py[line:435] - INFO: Epoch [21/1000] Train_MSE: 0.015459 Val_MSE: 0.016555 | Total_Loss: 0.012711 Causal_Loss: 0.003766 DIR_Penalty: 0.000015 Spurious_Loss: 0.008945
2025-12-05 17:16:35,011 - /home/kantorkristof/git/neurips-polymer/II_Experiment-Molecule/GNN/DIR.py[line:435] - INFO: Epoch [22/1000] Train_MSE: 0.011805 Val_MSE: 0.012969 | Total_Loss: 0.012336 Causal_Loss: 0.003163 DIR_Penalty: 0.000020 Spurious_Loss: 0.009173
2025-12-05 17:16:35,926 - /home/kantorkristof/git/neurips-polymer/II_Experiment-Molecule/GNN/DIR.py[line:435] - INFO: Epoch [23/1000] Train_MSE: 0.009821 Val_MSE: 0.010829 | Total_Loss: 0.011859 Causal_Loss: 0.003084 DIR_Penalty: 0.000018 Spurious_Loss: 0.008774
2025-12-05 17:16:36,811 - /home/kantorkristof/git/neurips-polymer/II_Experiment-Molecule/GNN/DIR.py[line:435] - INFO: Epoch [24/1000] Train_MSE: 0.018500 Val_MSE: 0.019922 | Total_Loss: 0.011297 Causal_Loss: 0.003089 DIR_Penalty: 0.000014 Spurious_Loss: 0.008209
2025-12-05 17:16:37,642 - /home/kantorkristof/git/neurips-polymer/II_Experiment-Molecule/GNN/DIR.py[line:435] - INFO: Epoch [25/1000] Train_MSE: 0.017145 Val_MSE: 0.018419 | Total_Loss: 0.011164 Causal_Loss: 0.002849 DIR_Penalty: 0.000017 Spurious_Loss: 0.008315
2025-12-05 17:16:38,464 - /home/kantorkristof/git/neurips-polymer/II_Experiment-Molecule/GNN/DIR.py[line:435] - INFO: Epoch [26/1000] Train_MSE: 0.012106 Val_MSE: 0.013439 | Total_Loss: 0.011694 Causal_Loss: 0.003052 DIR_Penalty: 0.000017 Spurious_Loss: 0.008642
2025-12-05 17:16:39,280 - /home/kantorkristof/git/neurips-polymer/II_Experiment-Molecule/GNN/DIR.py[line:435] - INFO: Epoch [27/1000] Train_MSE: 0.011036 Val_MSE: 0.011928 | Total_Loss: 0.012470 Causal_Loss: 0.003032 DIR_Penalty: 0.000023 Spurious_Loss: 0.009437
2025-12-05 17:16:40,130 - /home/kantorkristof/git/neurips-polymer/II_Experiment-Molecule/GNN/DIR.py[line:435] - INFO: Epoch [28/1000] Train_MSE: 0.013088 Val_MSE: 0.014140 | Total_Loss: 0.011752 Causal_Loss: 0.003497 DIR_Penalty: 0.000013 Spurious_Loss: 0.008255
2025-12-05 17:16:40,945 - /home/kantorkristof/git/neurips-polymer/II_Experiment-Molecule/GNN/DIR.py[line:435] - INFO: Epoch [29/1000] Train_MSE: 0.013007 Val_MSE: 0.014325 | Total_Loss: 0.012357 Causal_Loss: 0.003582 DIR_Penalty: 0.000014 Spurious_Loss: 0.008776
2025-12-05 17:16:41,776 - /home/kantorkristof/git/neurips-polymer/II_Experiment-Molecule/GNN/DIR.py[line:435] - INFO: Epoch [30/1000] Train_MSE: 0.011349 Val_MSE: 0.012520 | Total_Loss: 0.012397 Causal_Loss: 0.003669 DIR_Penalty: 0.000014 Spurious_Loss: 0.008729
2025-12-05 17:16:42,661 - /home/kantorkristof/git/neurips-polymer/II_Experiment-Molecule/GNN/DIR.py[line:435] - INFO: Epoch [31/1000] Train_MSE: 0.011324 Val_MSE: 0.012415 | Total_Loss: 0.011272 Causal_Loss: 0.002887 DIR_Penalty: 0.000016 Spurious_Loss: 0.008385
2025-12-05 17:16:43,515 - /home/kantorkristof/git/neurips-polymer/II_Experiment-Molecule/GNN/DIR.py[line:435] - INFO: Epoch [32/1000] Train_MSE: 0.010477 Val_MSE: 0.011372 | Total_Loss: 0.010789 Causal_Loss: 0.002861 DIR_Penalty: 0.000013 Spurious_Loss: 0.007928
2025-12-05 17:16:44,349 - /home/kantorkristof/git/neurips-polymer/II_Experiment-Molecule/GNN/DIR.py[line:435] - INFO: Epoch [33/1000] Train_MSE: 0.009510 Val_MSE: 0.010265 | Total_Loss: 0.011142 Causal_Loss: 0.002618 DIR_Penalty: 0.000019 Spurious_Loss: 0.008524
2025-12-05 17:16:45,185 - /home/kantorkristof/git/neurips-polymer/II_Experiment-Molecule/GNN/DIR.py[line:435] - INFO: Epoch [34/1000] Train_MSE: 0.010003 Val_MSE: 0.010973 | Total_Loss: 0.011003 Causal_Loss: 0.002930 DIR_Penalty: 0.000015 Spurious_Loss: 0.008074
2025-12-05 17:16:46,009 - /home/kantorkristof/git/neurips-polymer/II_Experiment-Molecule/GNN/DIR.py[line:435] - INFO: Epoch [35/1000] Train_MSE: 0.009706 Val_MSE: 0.010455 | Total_Loss: 0.012324 Causal_Loss: 0.003546 DIR_Penalty: 0.000015 Spurious_Loss: 0.008777
2025-12-05 17:16:46,823 - /home/kantorkristof/git/neurips-polymer/II_Experiment-Molecule/GNN/DIR.py[line:435] - INFO: Epoch [36/1000] Train_MSE: 0.008353 Val_MSE: 0.009477 | Total_Loss: 0.011602 Causal_Loss: 0.003300 DIR_Penalty: 0.000014 Spurious_Loss: 0.008302
2025-12-05 17:16:47,640 - /home/kantorkristof/git/neurips-polymer/II_Experiment-Molecule/GNN/DIR.py[line:435] - INFO: Epoch [37/1000] Train_MSE: 0.008462 Val_MSE: 0.009260 | Total_Loss: 0.011419 Causal_Loss: 0.003064 DIR_Penalty: 0.000015 Spurious_Loss: 0.008355
2025-12-05 17:16:48,453 - /home/kantorkristof/git/neurips-polymer/II_Experiment-Molecule/GNN/DIR.py[line:435] - INFO: Epoch [38/1000] Train_MSE: 0.011668 Val_MSE: 0.012395 | Total_Loss: 0.011529 Causal_Loss: 0.002937 DIR_Penalty: 0.000017 Spurious_Loss: 0.008593
2025-12-05 17:16:49,284 - /home/kantorkristof/git/neurips-polymer/II_Experiment-Molecule/GNN/DIR.py[line:435] - INFO: Epoch [39/1000] Train_MSE: 0.010163 Val_MSE: 0.010991 | Total_Loss: 0.011731 Causal_Loss: 0.003420 DIR_Penalty: 0.000013 Spurious_Loss: 0.008311
2025-12-05 17:16:50,117 - /home/kantorkristof/git/neurips-polymer/II_Experiment-Molecule/GNN/DIR.py[line:435] - INFO: Epoch [40/1000] Train_MSE: 0.014385 Val_MSE: 0.015312 | Total_Loss: 0.011256 Causal_Loss: 0.002930 DIR_Penalty: 0.000016 Spurious_Loss: 0.008326
2025-12-05 17:16:50,909 - /home/kantorkristof/git/neurips-polymer/II_Experiment-Molecule/GNN/DIR.py[line:435] - INFO: Epoch [41/1000] Train_MSE: 0.009903 Val_MSE: 0.010708 | Total_Loss: 0.011930 Causal_Loss: 0.003385 DIR_Penalty: 0.000016 Spurious_Loss: 0.008545
2025-12-05 17:16:51,687 - /home/kantorkristof/git/neurips-polymer/II_Experiment-Molecule/GNN/DIR.py[line:435] - INFO: Epoch [42/1000] Train_MSE: 0.015756 Val_MSE: 0.016960 | Total_Loss: 0.011394 Causal_Loss: 0.002987 DIR_Penalty: 0.000016 Spurious_Loss: 0.008407
2025-12-05 17:16:52,474 - /home/kantorkristof/git/neurips-polymer/II_Experiment-Molecule/GNN/DIR.py[line:435] - INFO: Epoch [43/1000] Train_MSE: 0.010917 Val_MSE: 0.012174 | Total_Loss: 0.011103 Causal_Loss: 0.003094 DIR_Penalty: 0.000013 Spurious_Loss: 0.008008
2025-12-05 17:16:53,265 - /home/kantorkristof/git/neurips-polymer/II_Experiment-Molecule/GNN/DIR.py[line:435] - INFO: Epoch [44/1000] Train_MSE: 0.012708 Val_MSE: 0.013938 | Total_Loss: 0.011882 Causal_Loss: 0.003154 DIR_Penalty: 0.000018 Spurious_Loss: 0.008727
2025-12-05 17:16:54,061 - /home/kantorkristof/git/neurips-polymer/II_Experiment-Molecule/GNN/DIR.py[line:435] - INFO: Epoch [45/1000] Train_MSE: 0.012444 Val_MSE: 0.013709 | Total_Loss: 0.010948 Causal_Loss: 0.002949 DIR_Penalty: 0.000014 Spurious_Loss: 0.007999
2025-12-05 17:16:54,840 - /home/kantorkristof/git/neurips-polymer/II_Experiment-Molecule/GNN/DIR.py[line:435] - INFO: Epoch [46/1000] Train_MSE: 0.011419 Val_MSE: 0.012972 | Total_Loss: 0.011021 Causal_Loss: 0.002877 DIR_Penalty: 0.000017 Spurious_Loss: 0.008144
2025-12-05 17:16:55,635 - /home/kantorkristof/git/neurips-polymer/II_Experiment-Molecule/GNN/DIR.py[line:435] - INFO: Epoch [47/1000] Train_MSE: 0.014092 Val_MSE: 0.015271 | Total_Loss: 0.011045 Causal_Loss: 0.002769 DIR_Penalty: 0.000016 Spurious_Loss: 0.008277
2025-12-05 17:16:56,426 - /home/kantorkristof/git/neurips-polymer/II_Experiment-Molecule/GNN/DIR.py[line:435] - INFO: Epoch [48/1000] Train_MSE: 0.014245 Val_MSE: 0.015797 | Total_Loss: 0.010847 Causal_Loss: 0.002594 DIR_Penalty: 0.000017 Spurious_Loss: 0.008254
2025-12-05 17:16:57,230 - /home/kantorkristof/git/neurips-polymer/II_Experiment-Molecule/GNN/DIR.py[line:435] - INFO: Epoch [49/1000] Train_MSE: 0.011595 Val_MSE: 0.012963 | Total_Loss: 0.010979 Causal_Loss: 0.002720 DIR_Penalty: 0.000017 Spurious_Loss: 0.008259
2025-12-05 17:16:58,032 - /home/kantorkristof/git/neurips-polymer/II_Experiment-Molecule/GNN/DIR.py[line:435] - INFO: Epoch [50/1000] Train_MSE: 0.009928 Val_MSE: 0.011103 | Total_Loss: 0.010475 Causal_Loss: 0.002467 DIR_Penalty: 0.000016 Spurious_Loss: 0.008008
2025-12-05 17:16:58,847 - /home/kantorkristof/git/neurips-polymer/II_Experiment-Molecule/GNN/DIR.py[line:435] - INFO: Epoch [51/1000] Train_MSE: 0.018744 Val_MSE: 0.020047 | Total_Loss: 0.010933 Causal_Loss: 0.002852 DIR_Penalty: 0.000016 Spurious_Loss: 0.008080
2025-12-05 17:16:59,658 - /home/kantorkristof/git/neurips-polymer/II_Experiment-Molecule/GNN/DIR.py[line:435] - INFO: Epoch [52/1000] Train_MSE: 0.016831 Val_MSE: 0.018163 | Total_Loss: 0.011419 Causal_Loss: 0.003100 DIR_Penalty: 0.000015 Spurious_Loss: 0.008319
2025-12-05 17:17:00,457 - /home/kantorkristof/git/neurips-polymer/II_Experiment-Molecule/GNN/DIR.py[line:435] - INFO: Epoch [53/1000] Train_MSE: 0.012374 Val_MSE: 0.013683 | Total_Loss: 0.011224 Causal_Loss: 0.002868 DIR_Penalty: 0.000016 Spurious_Loss: 0.008356
2025-12-05 17:17:01,265 - /home/kantorkristof/git/neurips-polymer/II_Experiment-Molecule/GNN/DIR.py[line:435] - INFO: Epoch [54/1000] Train_MSE: 0.011215 Val_MSE: 0.012684 | Total_Loss: 0.010782 Causal_Loss: 0.002648 DIR_Penalty: 0.000016 Spurious_Loss: 0.008134
2025-12-05 17:17:02,089 - /home/kantorkristof/git/neurips-polymer/II_Experiment-Molecule/GNN/DIR.py[line:435] - INFO: Epoch [55/1000] Train_MSE: 0.010248 Val_MSE: 0.011573 | Total_Loss: 0.010907 Causal_Loss: 0.002776 DIR_Penalty: 0.000015 Spurious_Loss: 0.008131
2025-12-05 17:17:02,896 - /home/kantorkristof/git/neurips-polymer/II_Experiment-Molecule/GNN/DIR.py[line:435] - INFO: Epoch [56/1000] Train_MSE: 0.008779 Val_MSE: 0.009839 | Total_Loss: 0.012076 Causal_Loss: 0.003134 DIR_Penalty: 0.000018 Spurious_Loss: 0.008942
2025-12-05 17:17:03,698 - /home/kantorkristof/git/neurips-polymer/II_Experiment-Molecule/GNN/DIR.py[line:435] - INFO: Epoch [57/1000] Train_MSE: 0.013155 Val_MSE: 0.014456 | Total_Loss: 0.010379 Causal_Loss: 0.002451 DIR_Penalty: 0.000016 Spurious_Loss: 0.007928
2025-12-05 17:17:04,532 - /home/kantorkristof/git/neurips-polymer/II_Experiment-Molecule/GNN/DIR.py[line:435] - INFO: Epoch [58/1000] Train_MSE: 0.012705 Val_MSE: 0.014072 | Total_Loss: 0.010558 Causal_Loss: 0.002565 DIR_Penalty: 0.000016 Spurious_Loss: 0.007993
2025-12-05 17:17:05,344 - /home/kantorkristof/git/neurips-polymer/II_Experiment-Molecule/GNN/DIR.py[line:435] - INFO: Epoch [59/1000] Train_MSE: 0.015146 Val_MSE: 0.016536 | Total_Loss: 0.010933 Causal_Loss: 0.002608 DIR_Penalty: 0.000017 Spurious_Loss: 0.008325
2025-12-05 17:17:06,137 - /home/kantorkristof/git/neurips-polymer/II_Experiment-Molecule/GNN/DIR.py[line:435] - INFO: Epoch [60/1000] Train_MSE: 0.012132 Val_MSE: 0.013662 | Total_Loss: 0.009990 Causal_Loss: 0.002188 DIR_Penalty: 0.000016 Spurious_Loss: 0.007802
2025-12-05 17:17:06,948 - /home/kantorkristof/git/neurips-polymer/II_Experiment-Molecule/GNN/DIR.py[line:435] - INFO: Epoch [61/1000] Train_MSE: 0.015066 Val_MSE: 0.016601 | Total_Loss: 0.010850 Causal_Loss: 0.002489 DIR_Penalty: 0.000019 Spurious_Loss: 0.008361
2025-12-05 17:17:07,760 - /home/kantorkristof/git/neurips-polymer/II_Experiment-Molecule/GNN/DIR.py[line:435] - INFO: Epoch [62/1000] Train_MSE: 0.013224 Val_MSE: 0.014647 | Total_Loss: 0.011038 Causal_Loss: 0.002617 DIR_Penalty: 0.000017 Spurious_Loss: 0.008422
2025-12-05 17:17:08,578 - /home/kantorkristof/git/neurips-polymer/II_Experiment-Molecule/GNN/DIR.py[line:435] - INFO: Epoch [63/1000] Train_MSE: 0.016078 Val_MSE: 0.017396 | Total_Loss: 0.010890 Causal_Loss: 0.002892 DIR_Penalty: 0.000014 Spurious_Loss: 0.007998
2025-12-05 17:17:09,386 - /home/kantorkristof/git/neurips-polymer/II_Experiment-Molecule/GNN/DIR.py[line:435] - INFO: Epoch [64/1000] Train_MSE: 0.011732 Val_MSE: 0.013143 | Total_Loss: 0.011716 Causal_Loss: 0.002956 DIR_Penalty: 0.000018 Spurious_Loss: 0.008761
2025-12-05 17:17:10,210 - /home/kantorkristof/git/neurips-polymer/II_Experiment-Molecule/GNN/DIR.py[line:435] - INFO: Epoch [65/1000] Train_MSE: 0.012354 Val_MSE: 0.013704 | Total_Loss: 0.010209 Causal_Loss: 0.002526 DIR_Penalty: 0.000015 Spurious_Loss: 0.007683
2025-12-05 17:17:11,037 - /home/kantorkristof/git/neurips-polymer/II_Experiment-Molecule/GNN/DIR.py[line:435] - INFO: Epoch [66/1000] Train_MSE: 0.012633 Val_MSE: 0.014135 | Total_Loss: 0.009914 Causal_Loss: 0.002198 DIR_Penalty: 0.000016 Spurious_Loss: 0.007716
2025-12-05 17:17:11,843 - /home/kantorkristof/git/neurips-polymer/II_Experiment-Molecule/GNN/DIR.py[line:435] - INFO: Epoch [67/1000] Train_MSE: 0.009278 Val_MSE: 0.010330 | Total_Loss: 0.010221 Causal_Loss: 0.002221 DIR_Penalty: 0.000018 Spurious_Loss: 0.008000
2025-12-05 17:17:12,632 - /home/kantorkristof/git/neurips-polymer/II_Experiment-Molecule/GNN/DIR.py[line:435] - INFO: Epoch [68/1000] Train_MSE: 0.010189 Val_MSE: 0.011217 | Total_Loss: 0.009902 Causal_Loss: 0.002353 DIR_Penalty: 0.000014 Spurious_Loss: 0.007549
2025-12-05 17:17:13,420 - /home/kantorkristof/git/neurips-polymer/II_Experiment-Molecule/GNN/DIR.py[line:435] - INFO: Epoch [69/1000] Train_MSE: 0.011563 Val_MSE: 0.012893 | Total_Loss: 0.010138 Causal_Loss: 0.002052 DIR_Penalty: 0.000019 Spurious_Loss: 0.008085
2025-12-05 17:17:14,232 - /home/kantorkristof/git/neurips-polymer/II_Experiment-Molecule/GNN/DIR.py[line:435] - INFO: Epoch [70/1000] Train_MSE: 0.014590 Val_MSE: 0.015988 | Total_Loss: 0.009358 Causal_Loss: 0.002087 DIR_Penalty: 0.000015 Spurious_Loss: 0.007270
2025-12-05 17:17:15,049 - /home/kantorkristof/git/neurips-polymer/II_Experiment-Molecule/GNN/DIR.py[line:435] - INFO: Epoch [71/1000] Train_MSE: 0.013947 Val_MSE: 0.015337 | Total_Loss: 0.010575 Causal_Loss: 0.002605 DIR_Penalty: 0.000015 Spurious_Loss: 0.007970
2025-12-05 17:17:15,855 - /home/kantorkristof/git/neurips-polymer/II_Experiment-Molecule/GNN/DIR.py[line:435] - INFO: Epoch [72/1000] Train_MSE: 0.010544 Val_MSE: 0.011779 | Total_Loss: 0.010549 Causal_Loss: 0.002556 DIR_Penalty: 0.000016 Spurious_Loss: 0.007994
2025-12-05 17:17:16,685 - /home/kantorkristof/git/neurips-polymer/II_Experiment-Molecule/GNN/DIR.py[line:435] - INFO: Epoch [73/1000] Train_MSE: 0.012949 Val_MSE: 0.014033 | Total_Loss: 0.010412 Causal_Loss: 0.002571 DIR_Penalty: 0.000015 Spurious_Loss: 0.007841
2025-12-05 17:17:17,490 - /home/kantorkristof/git/neurips-polymer/II_Experiment-Molecule/GNN/DIR.py[line:435] - INFO: Epoch [74/1000] Train_MSE: 0.009514 Val_MSE: 0.010439 | Total_Loss: 0.010035 Causal_Loss: 0.002023 DIR_Penalty: 0.000020 Spurious_Loss: 0.008012
2025-12-05 17:17:18,274 - /home/kantorkristof/git/neurips-polymer/II_Experiment-Molecule/GNN/DIR.py[line:435] - INFO: Epoch [75/1000] Train_MSE: 0.010063 Val_MSE: 0.011042 | Total_Loss: 0.009769 Causal_Loss: 0.002132 DIR_Penalty: 0.000016 Spurious_Loss: 0.007637
2025-12-05 17:17:19,065 - /home/kantorkristof/git/neurips-polymer/II_Experiment-Molecule/GNN/DIR.py[line:435] - INFO: Epoch [76/1000] Train_MSE: 0.012833 Val_MSE: 0.013927 | Total_Loss: 0.009588 Causal_Loss: 0.002171 DIR_Penalty: 0.000015 Spurious_Loss: 0.007417
2025-12-05 17:17:19,903 - /home/kantorkristof/git/neurips-polymer/II_Experiment-Molecule/GNN/DIR.py[line:435] - INFO: Epoch [77/1000] Train_MSE: 0.012848 Val_MSE: 0.013993 | Total_Loss: 0.009839 Causal_Loss: 0.002025 DIR_Penalty: 0.000018 Spurious_Loss: 0.007814
2025-12-05 17:17:20,728 - /home/kantorkristof/git/neurips-polymer/II_Experiment-Molecule/GNN/DIR.py[line:435] - INFO: Epoch [78/1000] Train_MSE: 0.012235 Val_MSE: 0.013385 | Total_Loss: 0.010350 Causal_Loss: 0.002414 DIR_Penalty: 0.000016 Spurious_Loss: 0.007937
2025-12-05 17:17:21,589 - /home/kantorkristof/git/neurips-polymer/II_Experiment-Molecule/GNN/DIR.py[line:435] - INFO: Epoch [79/1000] Train_MSE: 0.010625 Val_MSE: 0.011766 | Total_Loss: 0.010075 Causal_Loss: 0.002349 DIR_Penalty: 0.000015 Spurious_Loss: 0.007727
2025-12-05 17:17:22,432 - /home/kantorkristof/git/neurips-polymer/II_Experiment-Molecule/GNN/DIR.py[line:435] - INFO: Epoch [80/1000] Train_MSE: 0.011312 Val_MSE: 0.012493 | Total_Loss: 0.010308 Causal_Loss: 0.002275 DIR_Penalty: 0.000017 Spurious_Loss: 0.008033
2025-12-05 17:17:23,269 - /home/kantorkristof/git/neurips-polymer/II_Experiment-Molecule/GNN/DIR.py[line:435] - INFO: Epoch [81/1000] Train_MSE: 0.010766 Val_MSE: 0.012092 | Total_Loss: 0.010289 Causal_Loss: 0.002213 DIR_Penalty: 0.000019 Spurious_Loss: 0.008075
2025-12-05 17:17:24,106 - /home/kantorkristof/git/neurips-polymer/II_Experiment-Molecule/GNN/DIR.py[line:435] - INFO: Epoch [82/1000] Train_MSE: 0.011499 Val_MSE: 0.012885 | Total_Loss: 0.009506 Causal_Loss: 0.002237 DIR_Penalty: 0.000014 Spurious_Loss: 0.007269
2025-12-05 17:17:24,914 - /home/kantorkristof/git/neurips-polymer/II_Experiment-Molecule/GNN/DIR.py[line:435] - INFO: Epoch [83/1000] Train_MSE: 0.010953 Val_MSE: 0.012229 | Total_Loss: 0.010556 Causal_Loss: 0.002454 DIR_Penalty: 0.000018 Spurious_Loss: 0.008102
2025-12-05 17:17:25,747 - /home/kantorkristof/git/neurips-polymer/II_Experiment-Molecule/GNN/DIR.py[line:435] - INFO: Epoch [84/1000] Train_MSE: 0.011257 Val_MSE: 0.012540 | Total_Loss: 0.010806 Causal_Loss: 0.002745 DIR_Penalty: 0.000015 Spurious_Loss: 0.008061
2025-12-05 17:17:26,570 - /home/kantorkristof/git/neurips-polymer/II_Experiment-Molecule/GNN/DIR.py[line:435] - INFO: Epoch [85/1000] Train_MSE: 0.010911 Val_MSE: 0.012211 | Total_Loss: 0.010237 Causal_Loss: 0.002287 DIR_Penalty: 0.000017 Spurious_Loss: 0.007950
2025-12-05 17:17:27,383 - /home/kantorkristof/git/neurips-polymer/II_Experiment-Molecule/GNN/DIR.py[line:435] - INFO: Epoch [86/1000] Train_MSE: 0.010978 Val_MSE: 0.011982 | Total_Loss: 0.010210 Causal_Loss: 0.002291 DIR_Penalty: 0.000017 Spurious_Loss: 0.007919
2025-12-05 17:17:28,223 - /home/kantorkristof/git/neurips-polymer/II_Experiment-Molecule/GNN/DIR.py[line:435] - INFO: Epoch [87/1000] Train_MSE: 0.009113 Val_MSE: 0.009907 | Total_Loss: 0.009641 Causal_Loss: 0.002193 DIR_Penalty: 0.000015 Spurious_Loss: 0.007448
2025-12-05 17:17:29,054 - /home/kantorkristof/git/neurips-polymer/II_Experiment-Molecule/GNN/DIR.py[line:435] - INFO: Epoch [88/1000] Train_MSE: 0.008375 Val_MSE: 0.009294 | Total_Loss: 0.010287 Causal_Loss: 0.002389 DIR_Penalty: 0.000016 Spurious_Loss: 0.007897
2025-12-05 17:17:29,885 - /home/kantorkristof/git/neurips-polymer/II_Experiment-Molecule/GNN/DIR.py[line:435] - INFO: Epoch [89/1000] Train_MSE: 0.009619 Val_MSE: 0.010572 | Total_Loss: 0.010128 Causal_Loss: 0.002296 DIR_Penalty: 0.000016 Spurious_Loss: 0.007832
2025-12-05 17:17:30,706 - /home/kantorkristof/git/neurips-polymer/II_Experiment-Molecule/GNN/DIR.py[line:435] - INFO: Epoch [90/1000] Train_MSE: 0.009253 Val_MSE: 0.010257 | Total_Loss: 0.010035 Causal_Loss: 0.002378 DIR_Penalty: 0.000014 Spurious_Loss: 0.007657
2025-12-05 17:17:31,526 - /home/kantorkristof/git/neurips-polymer/II_Experiment-Molecule/GNN/DIR.py[line:435] - INFO: Epoch [91/1000] Train_MSE: 0.008253 Val_MSE: 0.009397 | Total_Loss: 0.010381 Causal_Loss: 0.002515 DIR_Penalty: 0.000017 Spurious_Loss: 0.007866
2025-12-05 17:17:32,375 - /home/kantorkristof/git/neurips-polymer/II_Experiment-Molecule/GNN/DIR.py[line:435] - INFO: Epoch [92/1000] Train_MSE: 0.010869 Val_MSE: 0.011999 | Total_Loss: 0.011344 Causal_Loss: 0.002845 DIR_Penalty: 0.000017 Spurious_Loss: 0.008499
2025-12-05 17:17:33,180 - /home/kantorkristof/git/neurips-polymer/II_Experiment-Molecule/GNN/DIR.py[line:435] - INFO: Epoch [93/1000] Train_MSE: 0.009042 Val_MSE: 0.010187 | Total_Loss: 0.009998 Causal_Loss: 0.002165 DIR_Penalty: 0.000017 Spurious_Loss: 0.007833
2025-12-05 17:17:33,983 - /home/kantorkristof/git/neurips-polymer/II_Experiment-Molecule/GNN/DIR.py[line:435] - INFO: Epoch [94/1000] Train_MSE: 0.010672 Val_MSE: 0.011844 | Total_Loss: 0.010184 Causal_Loss: 0.002511 DIR_Penalty: 0.000014 Spurious_Loss: 0.007674
2025-12-05 17:17:34,789 - /home/kantorkristof/git/neurips-polymer/II_Experiment-Molecule/GNN/DIR.py[line:435] - INFO: Epoch [95/1000] Train_MSE: 0.010710 Val_MSE: 0.011900 | Total_Loss: 0.010108 Causal_Loss: 0.002365 DIR_Penalty: 0.000016 Spurious_Loss: 0.007743
2025-12-05 17:17:35,595 - /home/kantorkristof/git/neurips-polymer/II_Experiment-Molecule/GNN/DIR.py[line:435] - INFO: Epoch [96/1000] Train_MSE: 0.011606 Val_MSE: 0.013218 | Total_Loss: 0.009984 Causal_Loss: 0.002114 DIR_Penalty: 0.000018 Spurious_Loss: 0.007870
2025-12-05 17:17:36,432 - /home/kantorkristof/git/neurips-polymer/II_Experiment-Molecule/GNN/DIR.py[line:435] - INFO: Epoch [97/1000] Train_MSE: 0.011141 Val_MSE: 0.012302 | Total_Loss: 0.010034 Causal_Loss: 0.002295 DIR_Penalty: 0.000016 Spurious_Loss: 0.007740
2025-12-05 17:17:37,229 - /home/kantorkristof/git/neurips-polymer/II_Experiment-Molecule/GNN/DIR.py[line:435] - INFO: Epoch [98/1000] Train_MSE: 0.015092 Val_MSE: 0.015965 | Total_Loss: 0.009736 Causal_Loss: 0.002150 DIR_Penalty: 0.000016 Spurious_Loss: 0.007586
2025-12-05 17:17:38,016 - /home/kantorkristof/git/neurips-polymer/II_Experiment-Molecule/GNN/DIR.py[line:435] - INFO: Epoch [99/1000] Train_MSE: 0.010190 Val_MSE: 0.011312 | Total_Loss: 0.009840 Causal_Loss: 0.002192 DIR_Penalty: 0.000016 Spurious_Loss: 0.007648
2025-12-05 17:17:38,817 - /home/kantorkristof/git/neurips-polymer/II_Experiment-Molecule/GNN/DIR.py[line:435] - INFO: Epoch [100/1000] Train_MSE: 0.011005 Val_MSE: 0.011835 | Total_Loss: 0.010216 Causal_Loss: 0.002201 DIR_Penalty: 0.000018 Spurious_Loss: 0.008015
2025-12-05 17:17:39,635 - /home/kantorkristof/git/neurips-polymer/II_Experiment-Molecule/GNN/DIR.py[line:435] - INFO: Epoch [101/1000] Train_MSE: 0.011114 Val_MSE: 0.012162 | Total_Loss: 0.010019 Causal_Loss: 0.002075 DIR_Penalty: 0.000018 Spurious_Loss: 0.007944
2025-12-05 17:17:40,451 - /home/kantorkristof/git/neurips-polymer/II_Experiment-Molecule/GNN/DIR.py[line:435] - INFO: Epoch [102/1000] Train_MSE: 0.010795 Val_MSE: 0.012458 | Total_Loss: 0.010130 Causal_Loss: 0.002445 DIR_Penalty: 0.000015 Spurious_Loss: 0.007685
2025-12-05 17:17:41,290 - /home/kantorkristof/git/neurips-polymer/II_Experiment-Molecule/GNN/DIR.py[line:435] - INFO: Epoch [103/1000] Train_MSE: 0.009902 Val_MSE: 0.011064 | Total_Loss: 0.009903 Causal_Loss: 0.002123 DIR_Penalty: 0.000017 Spurious_Loss: 0.007780
2025-12-05 17:17:42,159 - /home/kantorkristof/git/neurips-polymer/II_Experiment-Molecule/GNN/DIR.py[line:435] - INFO: Epoch [104/1000] Train_MSE: 0.009815 Val_MSE: 0.010912 | Total_Loss: 0.010155 Causal_Loss: 0.002311 DIR_Penalty: 0.000017 Spurious_Loss: 0.007844
2025-12-05 17:17:42,159 - /home/kantorkristof/git/neurips-polymer/II_Experiment-Molecule/GNN/DIR.py[line:459] - INFO: Early Stopping
2025-12-05 17:17:42,691 - /home/kantorkristof/git/neurips-polymer/II_Experiment-Molecule/GNN/DIR.py[line:474] - INFO: Best model Accuracy for Tc, seed 42:
2025-12-05 17:17:42,691 - /home/kantorkristof/git/neurips-polymer/II_Experiment-Molecule/GNN/DIR.py[line:475] - INFO:   Train MSE: 0.005996
2025-12-05 17:17:42,691 - /home/kantorkristof/git/neurips-polymer/II_Experiment-Molecule/GNN/DIR.py[line:476] - INFO:   Val MSE: 0.006245
2025-12-05 17:17:42,691 - /home/kantorkristof/git/neurips-polymer/II_Experiment-Molecule/GNN/DIR.py[line:477] - INFO:   Test MSE: 0.005448
2025-12-05 17:17:42,691 - /home/kantorkristof/git/neurips-polymer/II_Experiment-Molecule/GNN/DIR.py[line:493] - INFO: 
=== Results for attribute Tc ===
2025-12-05 17:17:42,691 - /home/kantorkristof/git/neurips-polymer/II_Experiment-Molecule/GNN/DIR.py[line:499] - INFO: Train MSE: 0.005996  Val MSE: 0.006245  Test MSE: 0.005448
