2025-12-05 16:55:51,557 - /home/kantorkristof/git/neurips-polymer/II_Experiment-Molecule/GNN/GAT.py[line:174] - INFO: 
Model training started for property: Rg
2025-12-05 16:55:51,558 - /home/kantorkristof/git/neurips-polymer/II_Experiment-Molecule/GNN/GAT.py[line:85] - INFO: 
+------------+--------------+
| Parameter  | Value        |
+------------+--------------+
| cuda       | 5            |
+------------+--------------+
| datadir    | data/NeurIPS |
+------------+--------------+
| epoch      | 1000         |
+------------+--------------+
| seed       | [42]         |
+------------+--------------+
| channels   | 64           |
+------------+--------------+
| heads      | 1            |
+------------+--------------+
| pretrain   | 0            |
+------------+--------------+
| batch_size | 32           |
+------------+--------------+
| net_lr     | 0.001        |
+------------+--------------+
2025-12-05 16:55:51,559 - /home/kantorkristof/git/neurips-polymer/II_Experiment-Molecule/GNN/GAT.py[line:179] - INFO: --- Starting training for Rg with seed 42 ---
2025-12-05 16:55:52,784 - /home/kantorkristof/git/neurips-polymer/II_Experiment-Molecule/GNN/GAT.py[line:234] - INFO: Epoch [1/1000] Train_MSE: 279.691991 Val_MSE: 280.398745 | Loss: 283.417940
2025-12-05 16:55:52,787 - /home/kantorkristof/git/neurips-polymer/II_Experiment-Molecule/GNN/GAT.py[line:244] - INFO: Best model saved at epoch 1 with val_mse 280.398745
2025-12-05 16:55:52,921 - /home/kantorkristof/git/neurips-polymer/II_Experiment-Molecule/GNN/GAT.py[line:234] - INFO: Epoch [2/1000] Train_MSE: 242.721836 Val_MSE: 243.695390 | Loss: 249.534387
2025-12-05 16:55:52,923 - /home/kantorkristof/git/neurips-polymer/II_Experiment-Molecule/GNN/GAT.py[line:244] - INFO: Best model saved at epoch 2 with val_mse 243.695390
2025-12-05 16:55:53,057 - /home/kantorkristof/git/neurips-polymer/II_Experiment-Molecule/GNN/GAT.py[line:234] - INFO: Epoch [3/1000] Train_MSE: 171.248811 Val_MSE: 173.535946 | Loss: 155.950224
2025-12-05 16:55:53,059 - /home/kantorkristof/git/neurips-polymer/II_Experiment-Molecule/GNN/GAT.py[line:244] - INFO: Best model saved at epoch 3 with val_mse 173.535946
2025-12-05 16:55:53,226 - /home/kantorkristof/git/neurips-polymer/II_Experiment-Molecule/GNN/GAT.py[line:234] - INFO: Epoch [4/1000] Train_MSE: 76.085269 Val_MSE: 80.345244 | Loss: 46.272673
2025-12-05 16:55:53,228 - /home/kantorkristof/git/neurips-polymer/II_Experiment-Molecule/GNN/GAT.py[line:244] - INFO: Best model saved at epoch 4 with val_mse 80.345244
2025-12-05 16:55:53,438 - /home/kantorkristof/git/neurips-polymer/II_Experiment-Molecule/GNN/GAT.py[line:234] - INFO: Epoch [5/1000] Train_MSE: 30.337654 Val_MSE: 30.956118 | Loss: 22.653825
2025-12-05 16:55:53,442 - /home/kantorkristof/git/neurips-polymer/II_Experiment-Molecule/GNN/GAT.py[line:244] - INFO: Best model saved at epoch 5 with val_mse 30.956118
2025-12-05 16:55:53,598 - /home/kantorkristof/git/neurips-polymer/II_Experiment-Molecule/GNN/GAT.py[line:234] - INFO: Epoch [6/1000] Train_MSE: 28.023209 Val_MSE: 29.817820 | Loss: 19.570617
2025-12-05 16:55:53,601 - /home/kantorkristof/git/neurips-polymer/II_Experiment-Molecule/GNN/GAT.py[line:244] - INFO: Best model saved at epoch 6 with val_mse 29.817820
2025-12-05 16:55:53,750 - /home/kantorkristof/git/neurips-polymer/II_Experiment-Molecule/GNN/GAT.py[line:234] - INFO: Epoch [7/1000] Train_MSE: 26.572923 Val_MSE: 29.526292 | Loss: 18.325941
2025-12-05 16:55:53,753 - /home/kantorkristof/git/neurips-polymer/II_Experiment-Molecule/GNN/GAT.py[line:244] - INFO: Best model saved at epoch 7 with val_mse 29.526292
2025-12-05 16:55:53,889 - /home/kantorkristof/git/neurips-polymer/II_Experiment-Molecule/GNN/GAT.py[line:234] - INFO: Epoch [8/1000] Train_MSE: 21.412345 Val_MSE: 23.331204 | Loss: 18.750486
2025-12-05 16:55:53,892 - /home/kantorkristof/git/neurips-polymer/II_Experiment-Molecule/GNN/GAT.py[line:244] - INFO: Best model saved at epoch 8 with val_mse 23.331204
2025-12-05 16:55:54,030 - /home/kantorkristof/git/neurips-polymer/II_Experiment-Molecule/GNN/GAT.py[line:234] - INFO: Epoch [9/1000] Train_MSE: 21.929582 Val_MSE: 24.149640 | Loss: 17.778858
2025-12-05 16:55:54,163 - /home/kantorkristof/git/neurips-polymer/II_Experiment-Molecule/GNN/GAT.py[line:234] - INFO: Epoch [10/1000] Train_MSE: 18.704776 Val_MSE: 20.611440 | Loss: 18.014636
2025-12-05 16:55:54,166 - /home/kantorkristof/git/neurips-polymer/II_Experiment-Molecule/GNN/GAT.py[line:244] - INFO: Best model saved at epoch 10 with val_mse 20.611440
2025-12-05 16:55:54,306 - /home/kantorkristof/git/neurips-polymer/II_Experiment-Molecule/GNN/GAT.py[line:234] - INFO: Epoch [11/1000] Train_MSE: 16.555748 Val_MSE: 18.651398 | Loss: 17.049539
2025-12-05 16:55:54,308 - /home/kantorkristof/git/neurips-polymer/II_Experiment-Molecule/GNN/GAT.py[line:244] - INFO: Best model saved at epoch 11 with val_mse 18.651398
2025-12-05 16:55:54,445 - /home/kantorkristof/git/neurips-polymer/II_Experiment-Molecule/GNN/GAT.py[line:234] - INFO: Epoch [12/1000] Train_MSE: 16.936164 Val_MSE: 18.622574 | Loss: 15.859630
2025-12-05 16:55:54,447 - /home/kantorkristof/git/neurips-polymer/II_Experiment-Molecule/GNN/GAT.py[line:244] - INFO: Best model saved at epoch 12 with val_mse 18.622574
2025-12-05 16:55:54,581 - /home/kantorkristof/git/neurips-polymer/II_Experiment-Molecule/GNN/GAT.py[line:234] - INFO: Epoch [13/1000] Train_MSE: 17.245000 Val_MSE: 18.908702 | Loss: 16.118593
2025-12-05 16:55:54,720 - /home/kantorkristof/git/neurips-polymer/II_Experiment-Molecule/GNN/GAT.py[line:234] - INFO: Epoch [14/1000] Train_MSE: 17.887873 Val_MSE: 20.063514 | Loss: 17.094662
2025-12-05 16:55:54,856 - /home/kantorkristof/git/neurips-polymer/II_Experiment-Molecule/GNN/GAT.py[line:234] - INFO: Epoch [15/1000] Train_MSE: 16.450543 Val_MSE: 18.615965 | Loss: 16.677914
2025-12-05 16:55:54,859 - /home/kantorkristof/git/neurips-polymer/II_Experiment-Molecule/GNN/GAT.py[line:244] - INFO: Best model saved at epoch 15 with val_mse 18.615965
2025-12-05 16:55:55,005 - /home/kantorkristof/git/neurips-polymer/II_Experiment-Molecule/GNN/GAT.py[line:234] - INFO: Epoch [16/1000] Train_MSE: 16.800445 Val_MSE: 19.189939 | Loss: 16.314091
2025-12-05 16:55:55,144 - /home/kantorkristof/git/neurips-polymer/II_Experiment-Molecule/GNN/GAT.py[line:234] - INFO: Epoch [17/1000] Train_MSE: 16.746227 Val_MSE: 18.948615 | Loss: 16.853448
2025-12-05 16:55:55,293 - /home/kantorkristof/git/neurips-polymer/II_Experiment-Molecule/GNN/GAT.py[line:234] - INFO: Epoch [18/1000] Train_MSE: 16.555585 Val_MSE: 18.660870 | Loss: 16.406700
2025-12-05 16:55:55,431 - /home/kantorkristof/git/neurips-polymer/II_Experiment-Molecule/GNN/GAT.py[line:234] - INFO: Epoch [19/1000] Train_MSE: 16.027470 Val_MSE: 17.979623 | Loss: 15.764547
2025-12-05 16:55:55,433 - /home/kantorkristof/git/neurips-polymer/II_Experiment-Molecule/GNN/GAT.py[line:244] - INFO: Best model saved at epoch 19 with val_mse 17.979623
2025-12-05 16:55:55,578 - /home/kantorkristof/git/neurips-polymer/II_Experiment-Molecule/GNN/GAT.py[line:234] - INFO: Epoch [20/1000] Train_MSE: 18.696376 Val_MSE: 20.811846 | Loss: 17.578226
2025-12-05 16:55:55,717 - /home/kantorkristof/git/neurips-polymer/II_Experiment-Molecule/GNN/GAT.py[line:234] - INFO: Epoch [21/1000] Train_MSE: 16.050236 Val_MSE: 18.010678 | Loss: 17.682807
2025-12-05 16:55:55,859 - /home/kantorkristof/git/neurips-polymer/II_Experiment-Molecule/GNN/GAT.py[line:234] - INFO: Epoch [22/1000] Train_MSE: 19.129854 Val_MSE: 21.225202 | Loss: 16.535040
2025-12-05 16:55:56,001 - /home/kantorkristof/git/neurips-polymer/II_Experiment-Molecule/GNN/GAT.py[line:234] - INFO: Epoch [23/1000] Train_MSE: 18.355401 Val_MSE: 20.879606 | Loss: 16.869780
2025-12-05 16:55:56,138 - /home/kantorkristof/git/neurips-polymer/II_Experiment-Molecule/GNN/GAT.py[line:234] - INFO: Epoch [24/1000] Train_MSE: 15.441654 Val_MSE: 17.490209 | Loss: 17.420284
2025-12-05 16:55:56,140 - /home/kantorkristof/git/neurips-polymer/II_Experiment-Molecule/GNN/GAT.py[line:244] - INFO: Best model saved at epoch 24 with val_mse 17.490209
2025-12-05 16:55:56,275 - /home/kantorkristof/git/neurips-polymer/II_Experiment-Molecule/GNN/GAT.py[line:234] - INFO: Epoch [25/1000] Train_MSE: 15.308224 Val_MSE: 17.366802 | Loss: 15.643483
2025-12-05 16:55:56,278 - /home/kantorkristof/git/neurips-polymer/II_Experiment-Molecule/GNN/GAT.py[line:244] - INFO: Best model saved at epoch 25 with val_mse 17.366802
2025-12-05 16:55:56,415 - /home/kantorkristof/git/neurips-polymer/II_Experiment-Molecule/GNN/GAT.py[line:234] - INFO: Epoch [26/1000] Train_MSE: 17.414636 Val_MSE: 19.467034 | Loss: 16.380423
2025-12-05 16:55:56,552 - /home/kantorkristof/git/neurips-polymer/II_Experiment-Molecule/GNN/GAT.py[line:234] - INFO: Epoch [27/1000] Train_MSE: 16.474994 Val_MSE: 18.459565 | Loss: 15.110373
2025-12-05 16:55:56,696 - /home/kantorkristof/git/neurips-polymer/II_Experiment-Molecule/GNN/GAT.py[line:234] - INFO: Epoch [28/1000] Train_MSE: 15.516749 Val_MSE: 17.266703 | Loss: 16.801204
2025-12-05 16:55:56,698 - /home/kantorkristof/git/neurips-polymer/II_Experiment-Molecule/GNN/GAT.py[line:244] - INFO: Best model saved at epoch 28 with val_mse 17.266703
2025-12-05 16:55:56,835 - /home/kantorkristof/git/neurips-polymer/II_Experiment-Molecule/GNN/GAT.py[line:234] - INFO: Epoch [29/1000] Train_MSE: 14.566461 Val_MSE: 16.887141 | Loss: 15.324886
2025-12-05 16:55:56,838 - /home/kantorkristof/git/neurips-polymer/II_Experiment-Molecule/GNN/GAT.py[line:244] - INFO: Best model saved at epoch 29 with val_mse 16.887141
2025-12-05 16:55:56,974 - /home/kantorkristof/git/neurips-polymer/II_Experiment-Molecule/GNN/GAT.py[line:234] - INFO: Epoch [30/1000] Train_MSE: 16.726964 Val_MSE: 18.767609 | Loss: 15.344477
2025-12-05 16:55:57,118 - /home/kantorkristof/git/neurips-polymer/II_Experiment-Molecule/GNN/GAT.py[line:234] - INFO: Epoch [31/1000] Train_MSE: 19.483241 Val_MSE: 21.761710 | Loss: 15.007120
2025-12-05 16:55:57,262 - /home/kantorkristof/git/neurips-polymer/II_Experiment-Molecule/GNN/GAT.py[line:234] - INFO: Epoch [32/1000] Train_MSE: 17.628838 Val_MSE: 19.974290 | Loss: 14.500826
2025-12-05 16:55:57,407 - /home/kantorkristof/git/neurips-polymer/II_Experiment-Molecule/GNN/GAT.py[line:234] - INFO: Epoch [33/1000] Train_MSE: 17.048246 Val_MSE: 19.140850 | Loss: 14.831016
2025-12-05 16:55:57,582 - /home/kantorkristof/git/neurips-polymer/II_Experiment-Molecule/GNN/GAT.py[line:234] - INFO: Epoch [34/1000] Train_MSE: 16.516272 Val_MSE: 18.475377 | Loss: 14.897816
2025-12-05 16:55:57,750 - /home/kantorkristof/git/neurips-polymer/II_Experiment-Molecule/GNN/GAT.py[line:234] - INFO: Epoch [35/1000] Train_MSE: 14.046387 Val_MSE: 15.989534 | Loss: 13.826778
2025-12-05 16:55:57,753 - /home/kantorkristof/git/neurips-polymer/II_Experiment-Molecule/GNN/GAT.py[line:244] - INFO: Best model saved at epoch 35 with val_mse 15.989534
2025-12-05 16:55:57,910 - /home/kantorkristof/git/neurips-polymer/II_Experiment-Molecule/GNN/GAT.py[line:234] - INFO: Epoch [36/1000] Train_MSE: 17.370981 Val_MSE: 19.522657 | Loss: 14.210961
2025-12-05 16:55:58,052 - /home/kantorkristof/git/neurips-polymer/II_Experiment-Molecule/GNN/GAT.py[line:234] - INFO: Epoch [37/1000] Train_MSE: 19.328169 Val_MSE: 21.331734 | Loss: 15.184535
2025-12-05 16:55:58,188 - /home/kantorkristof/git/neurips-polymer/II_Experiment-Molecule/GNN/GAT.py[line:234] - INFO: Epoch [38/1000] Train_MSE: 13.218630 Val_MSE: 15.729540 | Loss: 14.550801
2025-12-05 16:55:58,191 - /home/kantorkristof/git/neurips-polymer/II_Experiment-Molecule/GNN/GAT.py[line:244] - INFO: Best model saved at epoch 38 with val_mse 15.729540
2025-12-05 16:55:58,347 - /home/kantorkristof/git/neurips-polymer/II_Experiment-Molecule/GNN/GAT.py[line:234] - INFO: Epoch [39/1000] Train_MSE: 14.776478 Val_MSE: 16.339933 | Loss: 15.072166
2025-12-05 16:55:58,480 - /home/kantorkristof/git/neurips-polymer/II_Experiment-Molecule/GNN/GAT.py[line:234] - INFO: Epoch [40/1000] Train_MSE: 14.725309 Val_MSE: 16.739083 | Loss: 13.661900
2025-12-05 16:55:58,626 - /home/kantorkristof/git/neurips-polymer/II_Experiment-Molecule/GNN/GAT.py[line:234] - INFO: Epoch [41/1000] Train_MSE: 19.152831 Val_MSE: 21.394129 | Loss: 13.534181
2025-12-05 16:55:58,778 - /home/kantorkristof/git/neurips-polymer/II_Experiment-Molecule/GNN/GAT.py[line:234] - INFO: Epoch [42/1000] Train_MSE: 16.236401 Val_MSE: 18.338048 | Loss: 13.102535
2025-12-05 16:55:58,911 - /home/kantorkristof/git/neurips-polymer/II_Experiment-Molecule/GNN/GAT.py[line:234] - INFO: Epoch [43/1000] Train_MSE: 12.963303 Val_MSE: 14.717617 | Loss: 13.207062
2025-12-05 16:55:58,913 - /home/kantorkristof/git/neurips-polymer/II_Experiment-Molecule/GNN/GAT.py[line:244] - INFO: Best model saved at epoch 43 with val_mse 14.717617
2025-12-05 16:55:59,066 - /home/kantorkristof/git/neurips-polymer/II_Experiment-Molecule/GNN/GAT.py[line:234] - INFO: Epoch [44/1000] Train_MSE: 12.566273 Val_MSE: 14.769344 | Loss: 13.973865
2025-12-05 16:55:59,202 - /home/kantorkristof/git/neurips-polymer/II_Experiment-Molecule/GNN/GAT.py[line:234] - INFO: Epoch [45/1000] Train_MSE: 13.249700 Val_MSE: 15.474275 | Loss: 13.167861
2025-12-05 16:55:59,342 - /home/kantorkristof/git/neurips-polymer/II_Experiment-Molecule/GNN/GAT.py[line:234] - INFO: Epoch [46/1000] Train_MSE: 13.027312 Val_MSE: 14.815056 | Loss: 13.793426
2025-12-05 16:55:59,490 - /home/kantorkristof/git/neurips-polymer/II_Experiment-Molecule/GNN/GAT.py[line:234] - INFO: Epoch [47/1000] Train_MSE: 13.007466 Val_MSE: 14.914629 | Loss: 14.081429
2025-12-05 16:55:59,622 - /home/kantorkristof/git/neurips-polymer/II_Experiment-Molecule/GNN/GAT.py[line:234] - INFO: Epoch [48/1000] Train_MSE: 14.404755 Val_MSE: 16.510633 | Loss: 13.552056
2025-12-05 16:55:59,762 - /home/kantorkristof/git/neurips-polymer/II_Experiment-Molecule/GNN/GAT.py[line:234] - INFO: Epoch [49/1000] Train_MSE: 14.731793 Val_MSE: 16.638547 | Loss: 12.762455
2025-12-05 16:55:59,909 - /home/kantorkristof/git/neurips-polymer/II_Experiment-Molecule/GNN/GAT.py[line:234] - INFO: Epoch [50/1000] Train_MSE: 12.664669 Val_MSE: 14.675045 | Loss: 12.311643
2025-12-05 16:55:59,912 - /home/kantorkristof/git/neurips-polymer/II_Experiment-Molecule/GNN/GAT.py[line:244] - INFO: Best model saved at epoch 50 with val_mse 14.675045
2025-12-05 16:56:00,045 - /home/kantorkristof/git/neurips-polymer/II_Experiment-Molecule/GNN/GAT.py[line:234] - INFO: Epoch [51/1000] Train_MSE: 14.735438 Val_MSE: 16.793816 | Loss: 11.613437
2025-12-05 16:56:00,201 - /home/kantorkristof/git/neurips-polymer/II_Experiment-Molecule/GNN/GAT.py[line:234] - INFO: Epoch [52/1000] Train_MSE: 12.500052 Val_MSE: 14.563151 | Loss: 12.577355
2025-12-05 16:56:00,204 - /home/kantorkristof/git/neurips-polymer/II_Experiment-Molecule/GNN/GAT.py[line:244] - INFO: Best model saved at epoch 52 with val_mse 14.563151
2025-12-05 16:56:00,349 - /home/kantorkristof/git/neurips-polymer/II_Experiment-Molecule/GNN/GAT.py[line:234] - INFO: Epoch [53/1000] Train_MSE: 13.623801 Val_MSE: 15.648044 | Loss: 12.497310
2025-12-05 16:56:00,500 - /home/kantorkristof/git/neurips-polymer/II_Experiment-Molecule/GNN/GAT.py[line:234] - INFO: Epoch [54/1000] Train_MSE: 12.843852 Val_MSE: 15.738983 | Loss: 13.381721
2025-12-05 16:56:00,640 - /home/kantorkristof/git/neurips-polymer/II_Experiment-Molecule/GNN/GAT.py[line:234] - INFO: Epoch [55/1000] Train_MSE: 13.376855 Val_MSE: 15.184950 | Loss: 12.970444
2025-12-05 16:56:00,786 - /home/kantorkristof/git/neurips-polymer/II_Experiment-Molecule/GNN/GAT.py[line:234] - INFO: Epoch [56/1000] Train_MSE: 12.083115 Val_MSE: 13.719729 | Loss: 13.101809
2025-12-05 16:56:00,788 - /home/kantorkristof/git/neurips-polymer/II_Experiment-Molecule/GNN/GAT.py[line:244] - INFO: Best model saved at epoch 56 with val_mse 13.719729
2025-12-05 16:56:00,924 - /home/kantorkristof/git/neurips-polymer/II_Experiment-Molecule/GNN/GAT.py[line:234] - INFO: Epoch [57/1000] Train_MSE: 13.682355 Val_MSE: 15.723833 | Loss: 12.423871
2025-12-05 16:56:01,066 - /home/kantorkristof/git/neurips-polymer/II_Experiment-Molecule/GNN/GAT.py[line:234] - INFO: Epoch [58/1000] Train_MSE: 10.945530 Val_MSE: 13.265708 | Loss: 13.522118
2025-12-05 16:56:01,068 - /home/kantorkristof/git/neurips-polymer/II_Experiment-Molecule/GNN/GAT.py[line:244] - INFO: Best model saved at epoch 58 with val_mse 13.265708
2025-12-05 16:56:01,196 - /home/kantorkristof/git/neurips-polymer/II_Experiment-Molecule/GNN/GAT.py[line:234] - INFO: Epoch [59/1000] Train_MSE: 16.151429 Val_MSE: 17.651687 | Loss: 13.004244
2025-12-05 16:56:01,329 - /home/kantorkristof/git/neurips-polymer/II_Experiment-Molecule/GNN/GAT.py[line:234] - INFO: Epoch [60/1000] Train_MSE: 10.896123 Val_MSE: 13.957900 | Loss: 13.870960
2025-12-05 16:56:01,480 - /home/kantorkristof/git/neurips-polymer/II_Experiment-Molecule/GNN/GAT.py[line:234] - INFO: Epoch [61/1000] Train_MSE: 21.989381 Val_MSE: 24.741763 | Loss: 14.283204
2025-12-05 16:56:01,635 - /home/kantorkristof/git/neurips-polymer/II_Experiment-Molecule/GNN/GAT.py[line:234] - INFO: Epoch [62/1000] Train_MSE: 12.541555 Val_MSE: 14.163291 | Loss: 13.401817
2025-12-05 16:56:01,787 - /home/kantorkristof/git/neurips-polymer/II_Experiment-Molecule/GNN/GAT.py[line:234] - INFO: Epoch [63/1000] Train_MSE: 13.159187 Val_MSE: 15.020118 | Loss: 13.747482
2025-12-05 16:56:01,954 - /home/kantorkristof/git/neurips-polymer/II_Experiment-Molecule/GNN/GAT.py[line:234] - INFO: Epoch [64/1000] Train_MSE: 11.286823 Val_MSE: 12.740524 | Loss: 12.356437
2025-12-05 16:56:01,957 - /home/kantorkristof/git/neurips-polymer/II_Experiment-Molecule/GNN/GAT.py[line:244] - INFO: Best model saved at epoch 64 with val_mse 12.740524
2025-12-05 16:56:02,110 - /home/kantorkristof/git/neurips-polymer/II_Experiment-Molecule/GNN/GAT.py[line:234] - INFO: Epoch [65/1000] Train_MSE: 12.141391 Val_MSE: 13.724397 | Loss: 13.430199
2025-12-05 16:56:02,294 - /home/kantorkristof/git/neurips-polymer/II_Experiment-Molecule/GNN/GAT.py[line:234] - INFO: Epoch [66/1000] Train_MSE: 11.954373 Val_MSE: 13.823532 | Loss: 13.021432
2025-12-05 16:56:02,433 - /home/kantorkristof/git/neurips-polymer/II_Experiment-Molecule/GNN/GAT.py[line:234] - INFO: Epoch [67/1000] Train_MSE: 11.261222 Val_MSE: 13.512310 | Loss: 12.194216
2025-12-05 16:56:02,576 - /home/kantorkristof/git/neurips-polymer/II_Experiment-Molecule/GNN/GAT.py[line:234] - INFO: Epoch [68/1000] Train_MSE: 10.588768 Val_MSE: 12.740152 | Loss: 11.655220
2025-12-05 16:56:02,578 - /home/kantorkristof/git/neurips-polymer/II_Experiment-Molecule/GNN/GAT.py[line:244] - INFO: Best model saved at epoch 68 with val_mse 12.740152
2025-12-05 16:56:02,715 - /home/kantorkristof/git/neurips-polymer/II_Experiment-Molecule/GNN/GAT.py[line:234] - INFO: Epoch [69/1000] Train_MSE: 12.971805 Val_MSE: 14.992142 | Loss: 12.178430
2025-12-05 16:56:02,862 - /home/kantorkristof/git/neurips-polymer/II_Experiment-Molecule/GNN/GAT.py[line:234] - INFO: Epoch [70/1000] Train_MSE: 11.464374 Val_MSE: 13.771773 | Loss: 10.919456
2025-12-05 16:56:03,007 - /home/kantorkristof/git/neurips-polymer/II_Experiment-Molecule/GNN/GAT.py[line:234] - INFO: Epoch [71/1000] Train_MSE: 12.838904 Val_MSE: 15.185752 | Loss: 11.722045
2025-12-05 16:56:03,154 - /home/kantorkristof/git/neurips-polymer/II_Experiment-Molecule/GNN/GAT.py[line:234] - INFO: Epoch [72/1000] Train_MSE: 12.989034 Val_MSE: 14.537273 | Loss: 13.874349
2025-12-05 16:56:03,300 - /home/kantorkristof/git/neurips-polymer/II_Experiment-Molecule/GNN/GAT.py[line:234] - INFO: Epoch [73/1000] Train_MSE: 12.895724 Val_MSE: 14.658769 | Loss: 12.680742
2025-12-05 16:56:03,445 - /home/kantorkristof/git/neurips-polymer/II_Experiment-Molecule/GNN/GAT.py[line:234] - INFO: Epoch [74/1000] Train_MSE: 11.629609 Val_MSE: 13.806840 | Loss: 12.720817
2025-12-05 16:56:03,574 - /home/kantorkristof/git/neurips-polymer/II_Experiment-Molecule/GNN/GAT.py[line:234] - INFO: Epoch [75/1000] Train_MSE: 15.244700 Val_MSE: 17.035685 | Loss: 13.424618
2025-12-05 16:56:03,699 - /home/kantorkristof/git/neurips-polymer/II_Experiment-Molecule/GNN/GAT.py[line:234] - INFO: Epoch [76/1000] Train_MSE: 13.943117 Val_MSE: 15.824537 | Loss: 12.657836
2025-12-05 16:56:03,823 - /home/kantorkristof/git/neurips-polymer/II_Experiment-Molecule/GNN/GAT.py[line:234] - INFO: Epoch [77/1000] Train_MSE: 10.666721 Val_MSE: 12.515386 | Loss: 12.639852
2025-12-05 16:56:03,826 - /home/kantorkristof/git/neurips-polymer/II_Experiment-Molecule/GNN/GAT.py[line:244] - INFO: Best model saved at epoch 77 with val_mse 12.515386
2025-12-05 16:56:03,958 - /home/kantorkristof/git/neurips-polymer/II_Experiment-Molecule/GNN/GAT.py[line:234] - INFO: Epoch [78/1000] Train_MSE: 11.476021 Val_MSE: 13.402432 | Loss: 12.348159
2025-12-05 16:56:04,095 - /home/kantorkristof/git/neurips-polymer/II_Experiment-Molecule/GNN/GAT.py[line:234] - INFO: Epoch [79/1000] Train_MSE: 10.272319 Val_MSE: 12.577341 | Loss: 13.169463
2025-12-05 16:56:04,226 - /home/kantorkristof/git/neurips-polymer/II_Experiment-Molecule/GNN/GAT.py[line:234] - INFO: Epoch [80/1000] Train_MSE: 12.829305 Val_MSE: 13.988653 | Loss: 12.850722
2025-12-05 16:56:04,359 - /home/kantorkristof/git/neurips-polymer/II_Experiment-Molecule/GNN/GAT.py[line:234] - INFO: Epoch [81/1000] Train_MSE: 10.206140 Val_MSE: 12.185451 | Loss: 12.223267
2025-12-05 16:56:04,362 - /home/kantorkristof/git/neurips-polymer/II_Experiment-Molecule/GNN/GAT.py[line:244] - INFO: Best model saved at epoch 81 with val_mse 12.185451
2025-12-05 16:56:04,495 - /home/kantorkristof/git/neurips-polymer/II_Experiment-Molecule/GNN/GAT.py[line:234] - INFO: Epoch [82/1000] Train_MSE: 11.621341 Val_MSE: 13.740596 | Loss: 10.768501
2025-12-05 16:56:04,627 - /home/kantorkristof/git/neurips-polymer/II_Experiment-Molecule/GNN/GAT.py[line:234] - INFO: Epoch [83/1000] Train_MSE: 11.115938 Val_MSE: 13.600907 | Loss: 12.500215
2025-12-05 16:56:04,763 - /home/kantorkristof/git/neurips-polymer/II_Experiment-Molecule/GNN/GAT.py[line:234] - INFO: Epoch [84/1000] Train_MSE: 11.266339 Val_MSE: 13.557204 | Loss: 11.286142
2025-12-05 16:56:04,896 - /home/kantorkristof/git/neurips-polymer/II_Experiment-Molecule/GNN/GAT.py[line:234] - INFO: Epoch [85/1000] Train_MSE: 11.389255 Val_MSE: 13.475190 | Loss: 11.564999
2025-12-05 16:56:05,028 - /home/kantorkristof/git/neurips-polymer/II_Experiment-Molecule/GNN/GAT.py[line:234] - INFO: Epoch [86/1000] Train_MSE: 10.850062 Val_MSE: 13.199000 | Loss: 10.770260
2025-12-05 16:56:05,168 - /home/kantorkristof/git/neurips-polymer/II_Experiment-Molecule/GNN/GAT.py[line:234] - INFO: Epoch [87/1000] Train_MSE: 13.203641 Val_MSE: 15.098451 | Loss: 11.593794
2025-12-05 16:56:05,296 - /home/kantorkristof/git/neurips-polymer/II_Experiment-Molecule/GNN/GAT.py[line:234] - INFO: Epoch [88/1000] Train_MSE: 10.636681 Val_MSE: 12.932994 | Loss: 12.037935
2025-12-05 16:56:05,420 - /home/kantorkristof/git/neurips-polymer/II_Experiment-Molecule/GNN/GAT.py[line:234] - INFO: Epoch [89/1000] Train_MSE: 15.125842 Val_MSE: 17.249218 | Loss: 11.909638
2025-12-05 16:56:05,554 - /home/kantorkristof/git/neurips-polymer/II_Experiment-Molecule/GNN/GAT.py[line:234] - INFO: Epoch [90/1000] Train_MSE: 11.196171 Val_MSE: 13.592525 | Loss: 11.437887
2025-12-05 16:56:05,685 - /home/kantorkristof/git/neurips-polymer/II_Experiment-Molecule/GNN/GAT.py[line:234] - INFO: Epoch [91/1000] Train_MSE: 10.457276 Val_MSE: 12.881301 | Loss: 11.640368
2025-12-05 16:56:05,812 - /home/kantorkristof/git/neurips-polymer/II_Experiment-Molecule/GNN/GAT.py[line:234] - INFO: Epoch [92/1000] Train_MSE: 10.412744 Val_MSE: 12.507665 | Loss: 12.913714
2025-12-05 16:56:05,936 - /home/kantorkristof/git/neurips-polymer/II_Experiment-Molecule/GNN/GAT.py[line:234] - INFO: Epoch [93/1000] Train_MSE: 13.941604 Val_MSE: 15.587752 | Loss: 12.109683
2025-12-05 16:56:06,069 - /home/kantorkristof/git/neurips-polymer/II_Experiment-Molecule/GNN/GAT.py[line:234] - INFO: Epoch [94/1000] Train_MSE: 10.879345 Val_MSE: 13.138496 | Loss: 12.585541
2025-12-05 16:56:06,205 - /home/kantorkristof/git/neurips-polymer/II_Experiment-Molecule/GNN/GAT.py[line:234] - INFO: Epoch [95/1000] Train_MSE: 10.635599 Val_MSE: 12.615517 | Loss: 11.109001
2025-12-05 16:56:06,340 - /home/kantorkristof/git/neurips-polymer/II_Experiment-Molecule/GNN/GAT.py[line:234] - INFO: Epoch [96/1000] Train_MSE: 12.216097 Val_MSE: 14.134396 | Loss: 11.789758
2025-12-05 16:56:06,474 - /home/kantorkristof/git/neurips-polymer/II_Experiment-Molecule/GNN/GAT.py[line:234] - INFO: Epoch [97/1000] Train_MSE: 10.432002 Val_MSE: 12.640483 | Loss: 11.828707
2025-12-05 16:56:06,609 - /home/kantorkristof/git/neurips-polymer/II_Experiment-Molecule/GNN/GAT.py[line:234] - INFO: Epoch [98/1000] Train_MSE: 13.364176 Val_MSE: 14.908465 | Loss: 13.048019
2025-12-05 16:56:06,747 - /home/kantorkristof/git/neurips-polymer/II_Experiment-Molecule/GNN/GAT.py[line:234] - INFO: Epoch [99/1000] Train_MSE: 10.708163 Val_MSE: 13.104426 | Loss: 12.432238
2025-12-05 16:56:06,885 - /home/kantorkristof/git/neurips-polymer/II_Experiment-Molecule/GNN/GAT.py[line:234] - INFO: Epoch [100/1000] Train_MSE: 14.408103 Val_MSE: 16.866181 | Loss: 13.044228
2025-12-05 16:56:07,033 - /home/kantorkristof/git/neurips-polymer/II_Experiment-Molecule/GNN/GAT.py[line:234] - INFO: Epoch [101/1000] Train_MSE: 12.316847 Val_MSE: 14.714645 | Loss: 11.013639
2025-12-05 16:56:07,168 - /home/kantorkristof/git/neurips-polymer/II_Experiment-Molecule/GNN/GAT.py[line:234] - INFO: Epoch [102/1000] Train_MSE: 10.791836 Val_MSE: 13.429700 | Loss: 11.660950
2025-12-05 16:56:07,307 - /home/kantorkristof/git/neurips-polymer/II_Experiment-Molecule/GNN/GAT.py[line:234] - INFO: Epoch [103/1000] Train_MSE: 11.106614 Val_MSE: 13.295701 | Loss: 11.243160
2025-12-05 16:56:07,443 - /home/kantorkristof/git/neurips-polymer/II_Experiment-Molecule/GNN/GAT.py[line:234] - INFO: Epoch [104/1000] Train_MSE: 9.803497 Val_MSE: 12.403372 | Loss: 11.137611
2025-12-05 16:56:07,581 - /home/kantorkristof/git/neurips-polymer/II_Experiment-Molecule/GNN/GAT.py[line:234] - INFO: Epoch [105/1000] Train_MSE: 12.593034 Val_MSE: 15.222570 | Loss: 11.713846
2025-12-05 16:56:07,714 - /home/kantorkristof/git/neurips-polymer/II_Experiment-Molecule/GNN/GAT.py[line:234] - INFO: Epoch [106/1000] Train_MSE: 14.756184 Val_MSE: 16.491910 | Loss: 12.767879
2025-12-05 16:56:07,860 - /home/kantorkristof/git/neurips-polymer/II_Experiment-Molecule/GNN/GAT.py[line:234] - INFO: Epoch [107/1000] Train_MSE: 10.505561 Val_MSE: 12.230757 | Loss: 12.287067
2025-12-05 16:56:07,996 - /home/kantorkristof/git/neurips-polymer/II_Experiment-Molecule/GNN/GAT.py[line:234] - INFO: Epoch [108/1000] Train_MSE: 11.320462 Val_MSE: 13.378796 | Loss: 12.143976
2025-12-05 16:56:08,133 - /home/kantorkristof/git/neurips-polymer/II_Experiment-Molecule/GNN/GAT.py[line:234] - INFO: Epoch [109/1000] Train_MSE: 14.777751 Val_MSE: 16.948499 | Loss: 13.128981
2025-12-05 16:56:08,269 - /home/kantorkristof/git/neurips-polymer/II_Experiment-Molecule/GNN/GAT.py[line:234] - INFO: Epoch [110/1000] Train_MSE: 11.790278 Val_MSE: 13.703314 | Loss: 11.434738
2025-12-05 16:56:08,412 - /home/kantorkristof/git/neurips-polymer/II_Experiment-Molecule/GNN/GAT.py[line:234] - INFO: Epoch [111/1000] Train_MSE: 10.170094 Val_MSE: 12.426942 | Loss: 12.375348
2025-12-05 16:56:08,548 - /home/kantorkristof/git/neurips-polymer/II_Experiment-Molecule/GNN/GAT.py[line:234] - INFO: Epoch [112/1000] Train_MSE: 11.912999 Val_MSE: 14.200540 | Loss: 12.020419
2025-12-05 16:56:08,696 - /home/kantorkristof/git/neurips-polymer/II_Experiment-Molecule/GNN/GAT.py[line:234] - INFO: Epoch [113/1000] Train_MSE: 11.725282 Val_MSE: 14.788531 | Loss: 11.111399
2025-12-05 16:56:08,842 - /home/kantorkristof/git/neurips-polymer/II_Experiment-Molecule/GNN/GAT.py[line:234] - INFO: Epoch [114/1000] Train_MSE: 10.997994 Val_MSE: 13.334431 | Loss: 11.291828
2025-12-05 16:56:08,980 - /home/kantorkristof/git/neurips-polymer/II_Experiment-Molecule/GNN/GAT.py[line:234] - INFO: Epoch [115/1000] Train_MSE: 9.687199 Val_MSE: 12.374436 | Loss: 11.649211
2025-12-05 16:56:09,111 - /home/kantorkristof/git/neurips-polymer/II_Experiment-Molecule/GNN/GAT.py[line:234] - INFO: Epoch [116/1000] Train_MSE: 12.880167 Val_MSE: 15.037121 | Loss: 11.351957
2025-12-05 16:56:09,251 - /home/kantorkristof/git/neurips-polymer/II_Experiment-Molecule/GNN/GAT.py[line:234] - INFO: Epoch [117/1000] Train_MSE: 11.576421 Val_MSE: 14.008058 | Loss: 11.026327
2025-12-05 16:56:09,429 - /home/kantorkristof/git/neurips-polymer/II_Experiment-Molecule/GNN/GAT.py[line:234] - INFO: Epoch [118/1000] Train_MSE: 12.917444 Val_MSE: 15.488124 | Loss: 12.225366
2025-12-05 16:56:09,597 - /home/kantorkristof/git/neurips-polymer/II_Experiment-Molecule/GNN/GAT.py[line:234] - INFO: Epoch [119/1000] Train_MSE: 14.648974 Val_MSE: 16.825817 | Loss: 11.334437
2025-12-05 16:56:09,753 - /home/kantorkristof/git/neurips-polymer/II_Experiment-Molecule/GNN/GAT.py[line:234] - INFO: Epoch [120/1000] Train_MSE: 11.015016 Val_MSE: 13.034487 | Loss: 11.918026
2025-12-05 16:56:09,906 - /home/kantorkristof/git/neurips-polymer/II_Experiment-Molecule/GNN/GAT.py[line:234] - INFO: Epoch [121/1000] Train_MSE: 11.051980 Val_MSE: 13.375573 | Loss: 11.309132
2025-12-05 16:56:10,039 - /home/kantorkristof/git/neurips-polymer/II_Experiment-Molecule/GNN/GAT.py[line:234] - INFO: Epoch [122/1000] Train_MSE: 9.926190 Val_MSE: 12.048506 | Loss: 12.418573
2025-12-05 16:56:10,042 - /home/kantorkristof/git/neurips-polymer/II_Experiment-Molecule/GNN/GAT.py[line:244] - INFO: Best model saved at epoch 122 with val_mse 12.048506
2025-12-05 16:56:10,180 - /home/kantorkristof/git/neurips-polymer/II_Experiment-Molecule/GNN/GAT.py[line:234] - INFO: Epoch [123/1000] Train_MSE: 12.141943 Val_MSE: 13.942431 | Loss: 11.324388
2025-12-05 16:56:10,334 - /home/kantorkristof/git/neurips-polymer/II_Experiment-Molecule/GNN/GAT.py[line:234] - INFO: Epoch [124/1000] Train_MSE: 10.399016 Val_MSE: 12.383682 | Loss: 10.950501
2025-12-05 16:56:10,474 - /home/kantorkristof/git/neurips-polymer/II_Experiment-Molecule/GNN/GAT.py[line:234] - INFO: Epoch [125/1000] Train_MSE: 11.213894 Val_MSE: 12.882261 | Loss: 12.292472
2025-12-05 16:56:10,624 - /home/kantorkristof/git/neurips-polymer/II_Experiment-Molecule/GNN/GAT.py[line:234] - INFO: Epoch [126/1000] Train_MSE: 14.805826 Val_MSE: 16.657265 | Loss: 12.002704
2025-12-05 16:56:10,766 - /home/kantorkristof/git/neurips-polymer/II_Experiment-Molecule/GNN/GAT.py[line:234] - INFO: Epoch [127/1000] Train_MSE: 11.744766 Val_MSE: 14.535268 | Loss: 11.609896
2025-12-05 16:56:10,905 - /home/kantorkristof/git/neurips-polymer/II_Experiment-Molecule/GNN/GAT.py[line:234] - INFO: Epoch [128/1000] Train_MSE: 13.964650 Val_MSE: 15.774762 | Loss: 11.737394
2025-12-05 16:56:11,042 - /home/kantorkristof/git/neurips-polymer/II_Experiment-Molecule/GNN/GAT.py[line:234] - INFO: Epoch [129/1000] Train_MSE: 9.468393 Val_MSE: 11.942300 | Loss: 11.844250
2025-12-05 16:56:11,045 - /home/kantorkristof/git/neurips-polymer/II_Experiment-Molecule/GNN/GAT.py[line:244] - INFO: Best model saved at epoch 129 with val_mse 11.942300
2025-12-05 16:56:11,185 - /home/kantorkristof/git/neurips-polymer/II_Experiment-Molecule/GNN/GAT.py[line:234] - INFO: Epoch [130/1000] Train_MSE: 10.137290 Val_MSE: 12.616140 | Loss: 11.691294
2025-12-05 16:56:11,321 - /home/kantorkristof/git/neurips-polymer/II_Experiment-Molecule/GNN/GAT.py[line:234] - INFO: Epoch [131/1000] Train_MSE: 9.474685 Val_MSE: 12.074871 | Loss: 11.403901
2025-12-05 16:56:11,458 - /home/kantorkristof/git/neurips-polymer/II_Experiment-Molecule/GNN/GAT.py[line:234] - INFO: Epoch [132/1000] Train_MSE: 12.234511 Val_MSE: 14.549560 | Loss: 11.788933
2025-12-05 16:56:11,598 - /home/kantorkristof/git/neurips-polymer/II_Experiment-Molecule/GNN/GAT.py[line:234] - INFO: Epoch [133/1000] Train_MSE: 11.039696 Val_MSE: 13.019865 | Loss: 11.341670
2025-12-05 16:56:11,732 - /home/kantorkristof/git/neurips-polymer/II_Experiment-Molecule/GNN/GAT.py[line:234] - INFO: Epoch [134/1000] Train_MSE: 12.146734 Val_MSE: 14.079880 | Loss: 10.708581
2025-12-05 16:56:11,879 - /home/kantorkristof/git/neurips-polymer/II_Experiment-Molecule/GNN/GAT.py[line:234] - INFO: Epoch [135/1000] Train_MSE: 12.285879 Val_MSE: 14.212357 | Loss: 10.791608
2025-12-05 16:56:12,020 - /home/kantorkristof/git/neurips-polymer/II_Experiment-Molecule/GNN/GAT.py[line:234] - INFO: Epoch [136/1000] Train_MSE: 10.055740 Val_MSE: 12.371116 | Loss: 12.052370
2025-12-05 16:56:12,176 - /home/kantorkristof/git/neurips-polymer/II_Experiment-Molecule/GNN/GAT.py[line:234] - INFO: Epoch [137/1000] Train_MSE: 12.994187 Val_MSE: 15.512459 | Loss: 11.376716
2025-12-05 16:56:12,312 - /home/kantorkristof/git/neurips-polymer/II_Experiment-Molecule/GNN/GAT.py[line:234] - INFO: Epoch [138/1000] Train_MSE: 12.897193 Val_MSE: 14.746949 | Loss: 11.618618
2025-12-05 16:56:12,450 - /home/kantorkristof/git/neurips-polymer/II_Experiment-Molecule/GNN/GAT.py[line:234] - INFO: Epoch [139/1000] Train_MSE: 10.282345 Val_MSE: 12.574290 | Loss: 10.933508
2025-12-05 16:56:12,583 - /home/kantorkristof/git/neurips-polymer/II_Experiment-Molecule/GNN/GAT.py[line:234] - INFO: Epoch [140/1000] Train_MSE: 10.727983 Val_MSE: 13.235149 | Loss: 10.905962
2025-12-05 16:56:12,728 - /home/kantorkristof/git/neurips-polymer/II_Experiment-Molecule/GNN/GAT.py[line:234] - INFO: Epoch [141/1000] Train_MSE: 12.576577 Val_MSE: 14.714846 | Loss: 11.274006
2025-12-05 16:56:12,866 - /home/kantorkristof/git/neurips-polymer/II_Experiment-Molecule/GNN/GAT.py[line:234] - INFO: Epoch [142/1000] Train_MSE: 12.138999 Val_MSE: 14.039239 | Loss: 10.406521
2025-12-05 16:56:12,999 - /home/kantorkristof/git/neurips-polymer/II_Experiment-Molecule/GNN/GAT.py[line:234] - INFO: Epoch [143/1000] Train_MSE: 14.071731 Val_MSE: 15.787115 | Loss: 11.757950
2025-12-05 16:56:13,136 - /home/kantorkristof/git/neurips-polymer/II_Experiment-Molecule/GNN/GAT.py[line:234] - INFO: Epoch [144/1000] Train_MSE: 11.498885 Val_MSE: 13.277254 | Loss: 10.495598
2025-12-05 16:56:13,288 - /home/kantorkristof/git/neurips-polymer/II_Experiment-Molecule/GNN/GAT.py[line:234] - INFO: Epoch [145/1000] Train_MSE: 11.253126 Val_MSE: 13.204222 | Loss: 12.215455
2025-12-05 16:56:13,433 - /home/kantorkristof/git/neurips-polymer/II_Experiment-Molecule/GNN/GAT.py[line:234] - INFO: Epoch [146/1000] Train_MSE: 10.912116 Val_MSE: 13.877753 | Loss: 10.853729
2025-12-05 16:56:13,557 - /home/kantorkristof/git/neurips-polymer/II_Experiment-Molecule/GNN/GAT.py[line:234] - INFO: Epoch [147/1000] Train_MSE: 15.237379 Val_MSE: 17.345126 | Loss: 10.705866
2025-12-05 16:56:13,682 - /home/kantorkristof/git/neurips-polymer/II_Experiment-Molecule/GNN/GAT.py[line:234] - INFO: Epoch [148/1000] Train_MSE: 9.786575 Val_MSE: 12.136901 | Loss: 11.928084
2025-12-05 16:56:13,818 - /home/kantorkristof/git/neurips-polymer/II_Experiment-Molecule/GNN/GAT.py[line:234] - INFO: Epoch [149/1000] Train_MSE: 12.408436 Val_MSE: 14.623202 | Loss: 9.755230
2025-12-05 16:56:13,953 - /home/kantorkristof/git/neurips-polymer/II_Experiment-Molecule/GNN/GAT.py[line:234] - INFO: Epoch [150/1000] Train_MSE: 10.506740 Val_MSE: 12.637145 | Loss: 11.721267
2025-12-05 16:56:14,092 - /home/kantorkristof/git/neurips-polymer/II_Experiment-Molecule/GNN/GAT.py[line:234] - INFO: Epoch [151/1000] Train_MSE: 10.773892 Val_MSE: 12.796405 | Loss: 10.502151
2025-12-05 16:56:14,224 - /home/kantorkristof/git/neurips-polymer/II_Experiment-Molecule/GNN/GAT.py[line:234] - INFO: Epoch [152/1000] Train_MSE: 11.690612 Val_MSE: 13.994168 | Loss: 10.850459
2025-12-05 16:56:14,352 - /home/kantorkristof/git/neurips-polymer/II_Experiment-Molecule/GNN/GAT.py[line:234] - INFO: Epoch [153/1000] Train_MSE: 11.767767 Val_MSE: 14.199424 | Loss: 10.993719
2025-12-05 16:56:14,483 - /home/kantorkristof/git/neurips-polymer/II_Experiment-Molecule/GNN/GAT.py[line:234] - INFO: Epoch [154/1000] Train_MSE: 11.289487 Val_MSE: 13.570622 | Loss: 10.880152
2025-12-05 16:56:14,617 - /home/kantorkristof/git/neurips-polymer/II_Experiment-Molecule/GNN/GAT.py[line:234] - INFO: Epoch [155/1000] Train_MSE: 13.960627 Val_MSE: 15.134351 | Loss: 12.346156
2025-12-05 16:56:14,757 - /home/kantorkristof/git/neurips-polymer/II_Experiment-Molecule/GNN/GAT.py[line:234] - INFO: Epoch [156/1000] Train_MSE: 9.949138 Val_MSE: 12.308220 | Loss: 11.773140
2025-12-05 16:56:14,894 - /home/kantorkristof/git/neurips-polymer/II_Experiment-Molecule/GNN/GAT.py[line:234] - INFO: Epoch [157/1000] Train_MSE: 11.431194 Val_MSE: 13.632021 | Loss: 11.684710
2025-12-05 16:56:15,044 - /home/kantorkristof/git/neurips-polymer/II_Experiment-Molecule/GNN/GAT.py[line:234] - INFO: Epoch [158/1000] Train_MSE: 10.214653 Val_MSE: 12.745410 | Loss: 11.097795
2025-12-05 16:56:15,186 - /home/kantorkristof/git/neurips-polymer/II_Experiment-Molecule/GNN/GAT.py[line:234] - INFO: Epoch [159/1000] Train_MSE: 13.027098 Val_MSE: 15.059990 | Loss: 10.616488
2025-12-05 16:56:15,323 - /home/kantorkristof/git/neurips-polymer/II_Experiment-Molecule/GNN/GAT.py[line:234] - INFO: Epoch [160/1000] Train_MSE: 11.408254 Val_MSE: 13.869584 | Loss: 10.627308
2025-12-05 16:56:15,455 - /home/kantorkristof/git/neurips-polymer/II_Experiment-Molecule/GNN/GAT.py[line:234] - INFO: Epoch [161/1000] Train_MSE: 11.446881 Val_MSE: 13.614908 | Loss: 11.003539
2025-12-05 16:56:15,588 - /home/kantorkristof/git/neurips-polymer/II_Experiment-Molecule/GNN/GAT.py[line:234] - INFO: Epoch [162/1000] Train_MSE: 13.580625 Val_MSE: 15.526443 | Loss: 11.441385
2025-12-05 16:56:15,723 - /home/kantorkristof/git/neurips-polymer/II_Experiment-Molecule/GNN/GAT.py[line:234] - INFO: Epoch [163/1000] Train_MSE: 10.573056 Val_MSE: 13.035755 | Loss: 10.778329
2025-12-05 16:56:15,858 - /home/kantorkristof/git/neurips-polymer/II_Experiment-Molecule/GNN/GAT.py[line:234] - INFO: Epoch [164/1000] Train_MSE: 13.115823 Val_MSE: 15.267327 | Loss: 12.534334
2025-12-05 16:56:15,991 - /home/kantorkristof/git/neurips-polymer/II_Experiment-Molecule/GNN/GAT.py[line:234] - INFO: Epoch [165/1000] Train_MSE: 10.321334 Val_MSE: 12.620976 | Loss: 11.620411
2025-12-05 16:56:16,128 - /home/kantorkristof/git/neurips-polymer/II_Experiment-Molecule/GNN/GAT.py[line:234] - INFO: Epoch [166/1000] Train_MSE: 10.814241 Val_MSE: 12.971950 | Loss: 10.716147
2025-12-05 16:56:16,260 - /home/kantorkristof/git/neurips-polymer/II_Experiment-Molecule/GNN/GAT.py[line:234] - INFO: Epoch [167/1000] Train_MSE: 12.245088 Val_MSE: 14.901763 | Loss: 12.327526
2025-12-05 16:56:16,406 - /home/kantorkristof/git/neurips-polymer/II_Experiment-Molecule/GNN/GAT.py[line:234] - INFO: Epoch [168/1000] Train_MSE: 10.363167 Val_MSE: 12.671481 | Loss: 11.250704
2025-12-05 16:56:16,561 - /home/kantorkristof/git/neurips-polymer/II_Experiment-Molecule/GNN/GAT.py[line:234] - INFO: Epoch [169/1000] Train_MSE: 11.205399 Val_MSE: 13.387087 | Loss: 10.606477
2025-12-05 16:56:16,711 - /home/kantorkristof/git/neurips-polymer/II_Experiment-Molecule/GNN/GAT.py[line:234] - INFO: Epoch [170/1000] Train_MSE: 10.713406 Val_MSE: 12.896096 | Loss: 10.765297
2025-12-05 16:56:16,858 - /home/kantorkristof/git/neurips-polymer/II_Experiment-Molecule/GNN/GAT.py[line:234] - INFO: Epoch [171/1000] Train_MSE: 12.154247 Val_MSE: 15.605403 | Loss: 10.779572
2025-12-05 16:56:17,002 - /home/kantorkristof/git/neurips-polymer/II_Experiment-Molecule/GNN/GAT.py[line:234] - INFO: Epoch [172/1000] Train_MSE: 16.101958 Val_MSE: 18.617821 | Loss: 10.239200
2025-12-05 16:56:17,138 - /home/kantorkristof/git/neurips-polymer/II_Experiment-Molecule/GNN/GAT.py[line:234] - INFO: Epoch [173/1000] Train_MSE: 11.079325 Val_MSE: 13.321320 | Loss: 11.391642
2025-12-05 16:56:17,269 - /home/kantorkristof/git/neurips-polymer/II_Experiment-Molecule/GNN/GAT.py[line:234] - INFO: Epoch [174/1000] Train_MSE: 10.902995 Val_MSE: 12.728381 | Loss: 9.934498
2025-12-05 16:56:17,402 - /home/kantorkristof/git/neurips-polymer/II_Experiment-Molecule/GNN/GAT.py[line:234] - INFO: Epoch [175/1000] Train_MSE: 10.554300 Val_MSE: 13.020616 | Loss: 10.844232
2025-12-05 16:56:17,538 - /home/kantorkristof/git/neurips-polymer/II_Experiment-Molecule/GNN/GAT.py[line:234] - INFO: Epoch [176/1000] Train_MSE: 12.928245 Val_MSE: 15.501341 | Loss: 10.846074
2025-12-05 16:56:17,671 - /home/kantorkristof/git/neurips-polymer/II_Experiment-Molecule/GNN/GAT.py[line:234] - INFO: Epoch [177/1000] Train_MSE: 10.773663 Val_MSE: 13.333536 | Loss: 11.139532
2025-12-05 16:56:17,805 - /home/kantorkristof/git/neurips-polymer/II_Experiment-Molecule/GNN/GAT.py[line:234] - INFO: Epoch [178/1000] Train_MSE: 10.694842 Val_MSE: 13.677032 | Loss: 11.008936
2025-12-05 16:56:17,939 - /home/kantorkristof/git/neurips-polymer/II_Experiment-Molecule/GNN/GAT.py[line:234] - INFO: Epoch [179/1000] Train_MSE: 13.974867 Val_MSE: 16.549986 | Loss: 11.363659
2025-12-05 16:56:18,073 - /home/kantorkristof/git/neurips-polymer/II_Experiment-Molecule/GNN/GAT.py[line:234] - INFO: Epoch [180/1000] Train_MSE: 13.583684 Val_MSE: 16.104651 | Loss: 10.233907
2025-12-05 16:56:18,210 - /home/kantorkristof/git/neurips-polymer/II_Experiment-Molecule/GNN/GAT.py[line:234] - INFO: Epoch [181/1000] Train_MSE: 10.538058 Val_MSE: 13.165934 | Loss: 10.793061
2025-12-05 16:56:18,344 - /home/kantorkristof/git/neurips-polymer/II_Experiment-Molecule/GNN/GAT.py[line:234] - INFO: Epoch [182/1000] Train_MSE: 11.497845 Val_MSE: 14.123950 | Loss: 11.362846
2025-12-05 16:56:18,478 - /home/kantorkristof/git/neurips-polymer/II_Experiment-Molecule/GNN/GAT.py[line:234] - INFO: Epoch [183/1000] Train_MSE: 10.867316 Val_MSE: 13.214327 | Loss: 10.207109
2025-12-05 16:56:18,611 - /home/kantorkristof/git/neurips-polymer/II_Experiment-Molecule/GNN/GAT.py[line:234] - INFO: Epoch [184/1000] Train_MSE: 12.470662 Val_MSE: 14.961169 | Loss: 11.238775
2025-12-05 16:56:18,744 - /home/kantorkristof/git/neurips-polymer/II_Experiment-Molecule/GNN/GAT.py[line:234] - INFO: Epoch [185/1000] Train_MSE: 11.831939 Val_MSE: 14.473602 | Loss: 11.588497
2025-12-05 16:56:18,878 - /home/kantorkristof/git/neurips-polymer/II_Experiment-Molecule/GNN/GAT.py[line:234] - INFO: Epoch [186/1000] Train_MSE: 13.037022 Val_MSE: 15.115745 | Loss: 11.847325
2025-12-05 16:56:19,011 - /home/kantorkristof/git/neurips-polymer/II_Experiment-Molecule/GNN/GAT.py[line:234] - INFO: Epoch [187/1000] Train_MSE: 11.959007 Val_MSE: 14.345152 | Loss: 10.158882
2025-12-05 16:56:19,146 - /home/kantorkristof/git/neurips-polymer/II_Experiment-Molecule/GNN/GAT.py[line:234] - INFO: Epoch [188/1000] Train_MSE: 15.104998 Val_MSE: 18.125749 | Loss: 11.160222
2025-12-05 16:56:19,279 - /home/kantorkristof/git/neurips-polymer/II_Experiment-Molecule/GNN/GAT.py[line:234] - INFO: Epoch [189/1000] Train_MSE: 14.297125 Val_MSE: 16.025015 | Loss: 11.679642
2025-12-05 16:56:19,406 - /home/kantorkristof/git/neurips-polymer/II_Experiment-Molecule/GNN/GAT.py[line:234] - INFO: Epoch [190/1000] Train_MSE: 10.186940 Val_MSE: 12.702429 | Loss: 11.118788
2025-12-05 16:56:19,529 - /home/kantorkristof/git/neurips-polymer/II_Experiment-Molecule/GNN/GAT.py[line:234] - INFO: Epoch [191/1000] Train_MSE: 9.934620 Val_MSE: 12.670940 | Loss: 10.312175
2025-12-05 16:56:19,665 - /home/kantorkristof/git/neurips-polymer/II_Experiment-Molecule/GNN/GAT.py[line:234] - INFO: Epoch [192/1000] Train_MSE: 10.625878 Val_MSE: 12.785939 | Loss: 10.756138
2025-12-05 16:56:19,797 - /home/kantorkristof/git/neurips-polymer/II_Experiment-Molecule/GNN/GAT.py[line:234] - INFO: Epoch [193/1000] Train_MSE: 15.254910 Val_MSE: 17.928705 | Loss: 10.693367
2025-12-05 16:56:19,939 - /home/kantorkristof/git/neurips-polymer/II_Experiment-Molecule/GNN/GAT.py[line:234] - INFO: Epoch [194/1000] Train_MSE: 9.748424 Val_MSE: 11.958357 | Loss: 11.398184
2025-12-05 16:56:20,078 - /home/kantorkristof/git/neurips-polymer/II_Experiment-Molecule/GNN/GAT.py[line:234] - INFO: Epoch [195/1000] Train_MSE: 13.235475 Val_MSE: 15.429582 | Loss: 11.599785
2025-12-05 16:56:20,242 - /home/kantorkristof/git/neurips-polymer/II_Experiment-Molecule/GNN/GAT.py[line:234] - INFO: Epoch [196/1000] Train_MSE: 10.022768 Val_MSE: 12.918792 | Loss: 11.431047
2025-12-05 16:56:20,410 - /home/kantorkristof/git/neurips-polymer/II_Experiment-Molecule/GNN/GAT.py[line:234] - INFO: Epoch [197/1000] Train_MSE: 10.638550 Val_MSE: 12.548411 | Loss: 11.722688
2025-12-05 16:56:20,548 - /home/kantorkristof/git/neurips-polymer/II_Experiment-Molecule/GNN/GAT.py[line:234] - INFO: Epoch [198/1000] Train_MSE: 10.811545 Val_MSE: 12.896594 | Loss: 10.090553
2025-12-05 16:56:20,696 - /home/kantorkristof/git/neurips-polymer/II_Experiment-Molecule/GNN/GAT.py[line:234] - INFO: Epoch [199/1000] Train_MSE: 15.453971 Val_MSE: 17.928098 | Loss: 11.223988
2025-12-05 16:56:20,832 - /home/kantorkristof/git/neurips-polymer/II_Experiment-Molecule/GNN/GAT.py[line:234] - INFO: Epoch [200/1000] Train_MSE: 9.868563 Val_MSE: 12.989556 | Loss: 11.074660
2025-12-05 16:56:20,974 - /home/kantorkristof/git/neurips-polymer/II_Experiment-Molecule/GNN/GAT.py[line:234] - INFO: Epoch [201/1000] Train_MSE: 9.335400 Val_MSE: 12.033944 | Loss: 11.457196
2025-12-05 16:56:21,115 - /home/kantorkristof/git/neurips-polymer/II_Experiment-Molecule/GNN/GAT.py[line:234] - INFO: Epoch [202/1000] Train_MSE: 13.111351 Val_MSE: 15.728215 | Loss: 11.294908
2025-12-05 16:56:21,259 - /home/kantorkristof/git/neurips-polymer/II_Experiment-Molecule/GNN/GAT.py[line:234] - INFO: Epoch [203/1000] Train_MSE: 11.740604 Val_MSE: 14.074164 | Loss: 10.271795
2025-12-05 16:56:21,408 - /home/kantorkristof/git/neurips-polymer/II_Experiment-Molecule/GNN/GAT.py[line:234] - INFO: Epoch [204/1000] Train_MSE: 9.836856 Val_MSE: 11.935481 | Loss: 11.154284
2025-12-05 16:56:21,411 - /home/kantorkristof/git/neurips-polymer/II_Experiment-Molecule/GNN/GAT.py[line:244] - INFO: Best model saved at epoch 204 with val_mse 11.935481
2025-12-05 16:56:21,558 - /home/kantorkristof/git/neurips-polymer/II_Experiment-Molecule/GNN/GAT.py[line:234] - INFO: Epoch [205/1000] Train_MSE: 12.610591 Val_MSE: 14.809103 | Loss: 11.210186
2025-12-05 16:56:21,706 - /home/kantorkristof/git/neurips-polymer/II_Experiment-Molecule/GNN/GAT.py[line:234] - INFO: Epoch [206/1000] Train_MSE: 11.755954 Val_MSE: 14.188355 | Loss: 10.495281
2025-12-05 16:56:21,852 - /home/kantorkristof/git/neurips-polymer/II_Experiment-Molecule/GNN/GAT.py[line:234] - INFO: Epoch [207/1000] Train_MSE: 10.677990 Val_MSE: 13.030709 | Loss: 12.366027
2025-12-05 16:56:22,008 - /home/kantorkristof/git/neurips-polymer/II_Experiment-Molecule/GNN/GAT.py[line:234] - INFO: Epoch [208/1000] Train_MSE: 9.491725 Val_MSE: 11.969494 | Loss: 11.328114
2025-12-05 16:56:22,146 - /home/kantorkristof/git/neurips-polymer/II_Experiment-Molecule/GNN/GAT.py[line:234] - INFO: Epoch [209/1000] Train_MSE: 10.660740 Val_MSE: 13.004836 | Loss: 11.013262
2025-12-05 16:56:22,280 - /home/kantorkristof/git/neurips-polymer/II_Experiment-Molecule/GNN/GAT.py[line:234] - INFO: Epoch [210/1000] Train_MSE: 9.429443 Val_MSE: 11.966201 | Loss: 10.618569
2025-12-05 16:56:22,416 - /home/kantorkristof/git/neurips-polymer/II_Experiment-Molecule/GNN/GAT.py[line:234] - INFO: Epoch [211/1000] Train_MSE: 12.999848 Val_MSE: 15.074206 | Loss: 10.448251
2025-12-05 16:56:22,554 - /home/kantorkristof/git/neurips-polymer/II_Experiment-Molecule/GNN/GAT.py[line:234] - INFO: Epoch [212/1000] Train_MSE: 10.849353 Val_MSE: 13.266331 | Loss: 11.309123
2025-12-05 16:56:22,694 - /home/kantorkristof/git/neurips-polymer/II_Experiment-Molecule/GNN/GAT.py[line:234] - INFO: Epoch [213/1000] Train_MSE: 14.890555 Val_MSE: 16.310042 | Loss: 12.045362
2025-12-05 16:56:22,826 - /home/kantorkristof/git/neurips-polymer/II_Experiment-Molecule/GNN/GAT.py[line:234] - INFO: Epoch [214/1000] Train_MSE: 14.681640 Val_MSE: 16.570023 | Loss: 11.574585
2025-12-05 16:56:22,959 - /home/kantorkristof/git/neurips-polymer/II_Experiment-Molecule/GNN/GAT.py[line:234] - INFO: Epoch [215/1000] Train_MSE: 10.792427 Val_MSE: 13.016333 | Loss: 10.793908
2025-12-05 16:56:23,094 - /home/kantorkristof/git/neurips-polymer/II_Experiment-Molecule/GNN/GAT.py[line:234] - INFO: Epoch [216/1000] Train_MSE: 15.553051 Val_MSE: 17.606940 | Loss: 10.827677
2025-12-05 16:56:23,226 - /home/kantorkristof/git/neurips-polymer/II_Experiment-Molecule/GNN/GAT.py[line:234] - INFO: Epoch [217/1000] Train_MSE: 12.714004 Val_MSE: 15.100389 | Loss: 11.214434
2025-12-05 16:56:23,364 - /home/kantorkristof/git/neurips-polymer/II_Experiment-Molecule/GNN/GAT.py[line:234] - INFO: Epoch [218/1000] Train_MSE: 9.296308 Val_MSE: 11.519600 | Loss: 11.593407
2025-12-05 16:56:23,366 - /home/kantorkristof/git/neurips-polymer/II_Experiment-Molecule/GNN/GAT.py[line:244] - INFO: Best model saved at epoch 218 with val_mse 11.519600
2025-12-05 16:56:23,511 - /home/kantorkristof/git/neurips-polymer/II_Experiment-Molecule/GNN/GAT.py[line:234] - INFO: Epoch [219/1000] Train_MSE: 11.860495 Val_MSE: 13.720584 | Loss: 11.040510
2025-12-05 16:56:23,648 - /home/kantorkristof/git/neurips-polymer/II_Experiment-Molecule/GNN/GAT.py[line:234] - INFO: Epoch [220/1000] Train_MSE: 10.413822 Val_MSE: 12.628141 | Loss: 10.573924
2025-12-05 16:56:23,785 - /home/kantorkristof/git/neurips-polymer/II_Experiment-Molecule/GNN/GAT.py[line:234] - INFO: Epoch [221/1000] Train_MSE: 9.806954 Val_MSE: 12.420989 | Loss: 10.578270
2025-12-05 16:56:23,914 - /home/kantorkristof/git/neurips-polymer/II_Experiment-Molecule/GNN/GAT.py[line:234] - INFO: Epoch [222/1000] Train_MSE: 12.278507 Val_MSE: 14.542435 | Loss: 11.806312
2025-12-05 16:56:24,054 - /home/kantorkristof/git/neurips-polymer/II_Experiment-Molecule/GNN/GAT.py[line:234] - INFO: Epoch [223/1000] Train_MSE: 10.086684 Val_MSE: 12.820521 | Loss: 10.011093
2025-12-05 16:56:24,187 - /home/kantorkristof/git/neurips-polymer/II_Experiment-Molecule/GNN/GAT.py[line:234] - INFO: Epoch [224/1000] Train_MSE: 9.326077 Val_MSE: 11.726912 | Loss: 10.712867
2025-12-05 16:56:24,321 - /home/kantorkristof/git/neurips-polymer/II_Experiment-Molecule/GNN/GAT.py[line:234] - INFO: Epoch [225/1000] Train_MSE: 13.789637 Val_MSE: 16.227697 | Loss: 12.088069
2025-12-05 16:56:24,460 - /home/kantorkristof/git/neurips-polymer/II_Experiment-Molecule/GNN/GAT.py[line:234] - INFO: Epoch [226/1000] Train_MSE: 9.703563 Val_MSE: 12.299542 | Loss: 10.889643
2025-12-05 16:56:24,599 - /home/kantorkristof/git/neurips-polymer/II_Experiment-Molecule/GNN/GAT.py[line:234] - INFO: Epoch [227/1000] Train_MSE: 12.163755 Val_MSE: 14.292970 | Loss: 10.393263
2025-12-05 16:56:24,731 - /home/kantorkristof/git/neurips-polymer/II_Experiment-Molecule/GNN/GAT.py[line:234] - INFO: Epoch [228/1000] Train_MSE: 11.400390 Val_MSE: 13.315581 | Loss: 11.172652
2025-12-05 16:56:24,864 - /home/kantorkristof/git/neurips-polymer/II_Experiment-Molecule/GNN/GAT.py[line:234] - INFO: Epoch [229/1000] Train_MSE: 10.923206 Val_MSE: 13.142888 | Loss: 10.042957
2025-12-05 16:56:24,999 - /home/kantorkristof/git/neurips-polymer/II_Experiment-Molecule/GNN/GAT.py[line:234] - INFO: Epoch [230/1000] Train_MSE: 9.810908 Val_MSE: 12.113961 | Loss: 9.877687
2025-12-05 16:56:25,132 - /home/kantorkristof/git/neurips-polymer/II_Experiment-Molecule/GNN/GAT.py[line:234] - INFO: Epoch [231/1000] Train_MSE: 15.886604 Val_MSE: 18.787186 | Loss: 10.468499
2025-12-05 16:56:25,268 - /home/kantorkristof/git/neurips-polymer/II_Experiment-Molecule/GNN/GAT.py[line:234] - INFO: Epoch [232/1000] Train_MSE: 10.733155 Val_MSE: 13.365479 | Loss: 10.778683
2025-12-05 16:56:25,408 - /home/kantorkristof/git/neurips-polymer/II_Experiment-Molecule/GNN/GAT.py[line:234] - INFO: Epoch [233/1000] Train_MSE: 11.252608 Val_MSE: 13.966722 | Loss: 10.064715
2025-12-05 16:56:25,544 - /home/kantorkristof/git/neurips-polymer/II_Experiment-Molecule/GNN/GAT.py[line:234] - INFO: Epoch [234/1000] Train_MSE: 11.577807 Val_MSE: 13.728897 | Loss: 9.976226
2025-12-05 16:56:25,679 - /home/kantorkristof/git/neurips-polymer/II_Experiment-Molecule/GNN/GAT.py[line:234] - INFO: Epoch [235/1000] Train_MSE: 8.954832 Val_MSE: 12.140444 | Loss: 11.430854
2025-12-05 16:56:25,814 - /home/kantorkristof/git/neurips-polymer/II_Experiment-Molecule/GNN/GAT.py[line:234] - INFO: Epoch [236/1000] Train_MSE: 13.924155 Val_MSE: 16.197718 | Loss: 10.768821
2025-12-05 16:56:25,953 - /home/kantorkristof/git/neurips-polymer/II_Experiment-Molecule/GNN/GAT.py[line:234] - INFO: Epoch [237/1000] Train_MSE: 9.929099 Val_MSE: 12.224691 | Loss: 10.494046
2025-12-05 16:56:26,101 - /home/kantorkristof/git/neurips-polymer/II_Experiment-Molecule/GNN/GAT.py[line:234] - INFO: Epoch [238/1000] Train_MSE: 14.547559 Val_MSE: 16.889718 | Loss: 10.346616
2025-12-05 16:56:26,242 - /home/kantorkristof/git/neurips-polymer/II_Experiment-Molecule/GNN/GAT.py[line:234] - INFO: Epoch [239/1000] Train_MSE: 8.855831 Val_MSE: 11.613237 | Loss: 11.259721
2025-12-05 16:56:26,391 - /home/kantorkristof/git/neurips-polymer/II_Experiment-Molecule/GNN/GAT.py[line:234] - INFO: Epoch [240/1000] Train_MSE: 11.363678 Val_MSE: 13.751262 | Loss: 10.931395
2025-12-05 16:56:26,543 - /home/kantorkristof/git/neurips-polymer/II_Experiment-Molecule/GNN/GAT.py[line:234] - INFO: Epoch [241/1000] Train_MSE: 11.293199 Val_MSE: 13.915720 | Loss: 11.728700
2025-12-05 16:56:26,682 - /home/kantorkristof/git/neurips-polymer/II_Experiment-Molecule/GNN/GAT.py[line:234] - INFO: Epoch [242/1000] Train_MSE: 10.277790 Val_MSE: 12.612991 | Loss: 9.950850
2025-12-05 16:56:26,849 - /home/kantorkristof/git/neurips-polymer/II_Experiment-Molecule/GNN/GAT.py[line:234] - INFO: Epoch [243/1000] Train_MSE: 17.788140 Val_MSE: 20.349762 | Loss: 10.935678
2025-12-05 16:56:27,002 - /home/kantorkristof/git/neurips-polymer/II_Experiment-Molecule/GNN/GAT.py[line:234] - INFO: Epoch [244/1000] Train_MSE: 13.702136 Val_MSE: 16.471069 | Loss: 11.703049
2025-12-05 16:56:27,182 - /home/kantorkristof/git/neurips-polymer/II_Experiment-Molecule/GNN/GAT.py[line:234] - INFO: Epoch [245/1000] Train_MSE: 13.431401 Val_MSE: 15.820782 | Loss: 10.792682
2025-12-05 16:56:27,335 - /home/kantorkristof/git/neurips-polymer/II_Experiment-Molecule/GNN/GAT.py[line:234] - INFO: Epoch [246/1000] Train_MSE: 12.841574 Val_MSE: 15.339414 | Loss: 10.528147
2025-12-05 16:56:27,476 - /home/kantorkristof/git/neurips-polymer/II_Experiment-Molecule/GNN/GAT.py[line:234] - INFO: Epoch [247/1000] Train_MSE: 10.225705 Val_MSE: 12.710142 | Loss: 11.035849
2025-12-05 16:56:27,658 - /home/kantorkristof/git/neurips-polymer/II_Experiment-Molecule/GNN/GAT.py[line:234] - INFO: Epoch [248/1000] Train_MSE: 10.738465 Val_MSE: 13.502135 | Loss: 10.703990
2025-12-05 16:56:27,790 - /home/kantorkristof/git/neurips-polymer/II_Experiment-Molecule/GNN/GAT.py[line:234] - INFO: Epoch [249/1000] Train_MSE: 10.748870 Val_MSE: 13.213890 | Loss: 10.462388
2025-12-05 16:56:27,932 - /home/kantorkristof/git/neurips-polymer/II_Experiment-Molecule/GNN/GAT.py[line:234] - INFO: Epoch [250/1000] Train_MSE: 13.717247 Val_MSE: 16.025420 | Loss: 11.590513
2025-12-05 16:56:28,068 - /home/kantorkristof/git/neurips-polymer/II_Experiment-Molecule/GNN/GAT.py[line:234] - INFO: Epoch [251/1000] Train_MSE: 10.939604 Val_MSE: 13.120281 | Loss: 10.585313
2025-12-05 16:56:28,200 - /home/kantorkristof/git/neurips-polymer/II_Experiment-Molecule/GNN/GAT.py[line:234] - INFO: Epoch [252/1000] Train_MSE: 12.551217 Val_MSE: 15.180541 | Loss: 10.806549
2025-12-05 16:56:28,325 - /home/kantorkristof/git/neurips-polymer/II_Experiment-Molecule/GNN/GAT.py[line:234] - INFO: Epoch [253/1000] Train_MSE: 14.241354 Val_MSE: 17.326895 | Loss: 10.222300
2025-12-05 16:56:28,483 - /home/kantorkristof/git/neurips-polymer/II_Experiment-Molecule/GNN/GAT.py[line:234] - INFO: Epoch [254/1000] Train_MSE: 11.091503 Val_MSE: 13.590311 | Loss: 11.286029
2025-12-05 16:56:28,616 - /home/kantorkristof/git/neurips-polymer/II_Experiment-Molecule/GNN/GAT.py[line:234] - INFO: Epoch [255/1000] Train_MSE: 10.773467 Val_MSE: 13.760326 | Loss: 9.773669
2025-12-05 16:56:28,751 - /home/kantorkristof/git/neurips-polymer/II_Experiment-Molecule/GNN/GAT.py[line:234] - INFO: Epoch [256/1000] Train_MSE: 15.644620 Val_MSE: 17.999367 | Loss: 11.241842
2025-12-05 16:56:28,888 - /home/kantorkristof/git/neurips-polymer/II_Experiment-Molecule/GNN/GAT.py[line:234] - INFO: Epoch [257/1000] Train_MSE: 13.372207 Val_MSE: 15.667830 | Loss: 10.481745
2025-12-05 16:56:29,022 - /home/kantorkristof/git/neurips-polymer/II_Experiment-Molecule/GNN/GAT.py[line:234] - INFO: Epoch [258/1000] Train_MSE: 12.227839 Val_MSE: 14.831790 | Loss: 10.625920
2025-12-05 16:56:29,165 - /home/kantorkristof/git/neurips-polymer/II_Experiment-Molecule/GNN/GAT.py[line:234] - INFO: Epoch [259/1000] Train_MSE: 10.235346 Val_MSE: 13.554983 | Loss: 10.787434
2025-12-05 16:56:29,307 - /home/kantorkristof/git/neurips-polymer/II_Experiment-Molecule/GNN/GAT.py[line:234] - INFO: Epoch [260/1000] Train_MSE: 10.612136 Val_MSE: 13.324044 | Loss: 10.539529
2025-12-05 16:56:29,449 - /home/kantorkristof/git/neurips-polymer/II_Experiment-Molecule/GNN/GAT.py[line:234] - INFO: Epoch [261/1000] Train_MSE: 10.956817 Val_MSE: 13.396122 | Loss: 10.533145
2025-12-05 16:56:29,601 - /home/kantorkristof/git/neurips-polymer/II_Experiment-Molecule/GNN/GAT.py[line:234] - INFO: Epoch [262/1000] Train_MSE: 14.631006 Val_MSE: 16.898703 | Loss: 10.766027
2025-12-05 16:56:29,743 - /home/kantorkristof/git/neurips-polymer/II_Experiment-Molecule/GNN/GAT.py[line:234] - INFO: Epoch [263/1000] Train_MSE: 14.863270 Val_MSE: 17.933571 | Loss: 11.120399
2025-12-05 16:56:29,884 - /home/kantorkristof/git/neurips-polymer/II_Experiment-Molecule/GNN/GAT.py[line:234] - INFO: Epoch [264/1000] Train_MSE: 10.596745 Val_MSE: 13.364140 | Loss: 12.199513
2025-12-05 16:56:30,026 - /home/kantorkristof/git/neurips-polymer/II_Experiment-Molecule/GNN/GAT.py[line:234] - INFO: Epoch [265/1000] Train_MSE: 10.284379 Val_MSE: 13.445897 | Loss: 10.673328
2025-12-05 16:56:30,171 - /home/kantorkristof/git/neurips-polymer/II_Experiment-Molecule/GNN/GAT.py[line:234] - INFO: Epoch [266/1000] Train_MSE: 8.979576 Val_MSE: 12.223159 | Loss: 11.413338
2025-12-05 16:56:30,319 - /home/kantorkristof/git/neurips-polymer/II_Experiment-Molecule/GNN/GAT.py[line:234] - INFO: Epoch [267/1000] Train_MSE: 16.272228 Val_MSE: 18.348540 | Loss: 10.273462
2025-12-05 16:56:30,459 - /home/kantorkristof/git/neurips-polymer/II_Experiment-Molecule/GNN/GAT.py[line:234] - INFO: Epoch [268/1000] Train_MSE: 11.942785 Val_MSE: 14.879672 | Loss: 10.061490
2025-12-05 16:56:30,596 - /home/kantorkristof/git/neurips-polymer/II_Experiment-Molecule/GNN/GAT.py[line:234] - INFO: Epoch [269/1000] Train_MSE: 11.167571 Val_MSE: 14.033799 | Loss: 11.371653
2025-12-05 16:56:30,738 - /home/kantorkristof/git/neurips-polymer/II_Experiment-Molecule/GNN/GAT.py[line:234] - INFO: Epoch [270/1000] Train_MSE: 12.184190 Val_MSE: 15.360710 | Loss: 10.325661
2025-12-05 16:56:30,883 - /home/kantorkristof/git/neurips-polymer/II_Experiment-Molecule/GNN/GAT.py[line:234] - INFO: Epoch [271/1000] Train_MSE: 13.406854 Val_MSE: 16.287111 | Loss: 10.696473
2025-12-05 16:56:31,015 - /home/kantorkristof/git/neurips-polymer/II_Experiment-Molecule/GNN/GAT.py[line:234] - INFO: Epoch [272/1000] Train_MSE: 11.436283 Val_MSE: 14.207590 | Loss: 9.926850
2025-12-05 16:56:31,160 - /home/kantorkristof/git/neurips-polymer/II_Experiment-Molecule/GNN/GAT.py[line:234] - INFO: Epoch [273/1000] Train_MSE: 10.503902 Val_MSE: 13.716474 | Loss: 9.669355
2025-12-05 16:56:31,314 - /home/kantorkristof/git/neurips-polymer/II_Experiment-Molecule/GNN/GAT.py[line:234] - INFO: Epoch [274/1000] Train_MSE: 12.929698 Val_MSE: 15.672699 | Loss: 12.024578
2025-12-05 16:56:31,463 - /home/kantorkristof/git/neurips-polymer/II_Experiment-Molecule/GNN/GAT.py[line:234] - INFO: Epoch [275/1000] Train_MSE: 13.378571 Val_MSE: 16.535788 | Loss: 11.320471
2025-12-05 16:56:31,608 - /home/kantorkristof/git/neurips-polymer/II_Experiment-Molecule/GNN/GAT.py[line:234] - INFO: Epoch [276/1000] Train_MSE: 10.840300 Val_MSE: 14.654732 | Loss: 11.171100
2025-12-05 16:56:31,753 - /home/kantorkristof/git/neurips-polymer/II_Experiment-Molecule/GNN/GAT.py[line:234] - INFO: Epoch [277/1000] Train_MSE: 11.416226 Val_MSE: 14.311345 | Loss: 10.076223
2025-12-05 16:56:31,898 - /home/kantorkristof/git/neurips-polymer/II_Experiment-Molecule/GNN/GAT.py[line:234] - INFO: Epoch [278/1000] Train_MSE: 11.068612 Val_MSE: 13.861887 | Loss: 10.343437
2025-12-05 16:56:32,036 - /home/kantorkristof/git/neurips-polymer/II_Experiment-Molecule/GNN/GAT.py[line:234] - INFO: Epoch [279/1000] Train_MSE: 13.797035 Val_MSE: 16.163945 | Loss: 10.714052
2025-12-05 16:56:32,176 - /home/kantorkristof/git/neurips-polymer/II_Experiment-Molecule/GNN/GAT.py[line:234] - INFO: Epoch [280/1000] Train_MSE: 13.487139 Val_MSE: 16.150948 | Loss: 9.910071
2025-12-05 16:56:32,311 - /home/kantorkristof/git/neurips-polymer/II_Experiment-Molecule/GNN/GAT.py[line:234] - INFO: Epoch [281/1000] Train_MSE: 10.601275 Val_MSE: 13.383770 | Loss: 10.993492
2025-12-05 16:56:32,446 - /home/kantorkristof/git/neurips-polymer/II_Experiment-Molecule/GNN/GAT.py[line:234] - INFO: Epoch [282/1000] Train_MSE: 13.541479 Val_MSE: 16.251512 | Loss: 10.705732
2025-12-05 16:56:32,580 - /home/kantorkristof/git/neurips-polymer/II_Experiment-Molecule/GNN/GAT.py[line:234] - INFO: Epoch [283/1000] Train_MSE: 9.594418 Val_MSE: 12.815910 | Loss: 11.334514
2025-12-05 16:56:32,729 - /home/kantorkristof/git/neurips-polymer/II_Experiment-Molecule/GNN/GAT.py[line:234] - INFO: Epoch [284/1000] Train_MSE: 9.956914 Val_MSE: 12.962978 | Loss: 10.679216
2025-12-05 16:56:32,856 - /home/kantorkristof/git/neurips-polymer/II_Experiment-Molecule/GNN/GAT.py[line:234] - INFO: Epoch [285/1000] Train_MSE: 13.599965 Val_MSE: 16.174500 | Loss: 10.279752
2025-12-05 16:56:32,989 - /home/kantorkristof/git/neurips-polymer/II_Experiment-Molecule/GNN/GAT.py[line:234] - INFO: Epoch [286/1000] Train_MSE: 10.470610 Val_MSE: 13.290598 | Loss: 10.975790
2025-12-05 16:56:33,120 - /home/kantorkristof/git/neurips-polymer/II_Experiment-Molecule/GNN/GAT.py[line:234] - INFO: Epoch [287/1000] Train_MSE: 15.123577 Val_MSE: 17.986427 | Loss: 10.610110
2025-12-05 16:56:33,251 - /home/kantorkristof/git/neurips-polymer/II_Experiment-Molecule/GNN/GAT.py[line:234] - INFO: Epoch [288/1000] Train_MSE: 11.905534 Val_MSE: 15.256216 | Loss: 11.411574
2025-12-05 16:56:33,399 - /home/kantorkristof/git/neurips-polymer/II_Experiment-Molecule/GNN/GAT.py[line:234] - INFO: Epoch [289/1000] Train_MSE: 11.800482 Val_MSE: 14.763101 | Loss: 10.229706
2025-12-05 16:56:33,531 - /home/kantorkristof/git/neurips-polymer/II_Experiment-Molecule/GNN/GAT.py[line:234] - INFO: Epoch [290/1000] Train_MSE: 9.256355 Val_MSE: 12.130264 | Loss: 9.650153
2025-12-05 16:56:33,666 - /home/kantorkristof/git/neurips-polymer/II_Experiment-Molecule/GNN/GAT.py[line:234] - INFO: Epoch [291/1000] Train_MSE: 14.105816 Val_MSE: 16.723137 | Loss: 12.397055
2025-12-05 16:56:33,799 - /home/kantorkristof/git/neurips-polymer/II_Experiment-Molecule/GNN/GAT.py[line:234] - INFO: Epoch [292/1000] Train_MSE: 13.468910 Val_MSE: 15.727056 | Loss: 11.359218
2025-12-05 16:56:33,932 - /home/kantorkristof/git/neurips-polymer/II_Experiment-Molecule/GNN/GAT.py[line:234] - INFO: Epoch [293/1000] Train_MSE: 12.697476 Val_MSE: 15.787386 | Loss: 11.106634
2025-12-05 16:56:34,067 - /home/kantorkristof/git/neurips-polymer/II_Experiment-Molecule/GNN/GAT.py[line:234] - INFO: Epoch [294/1000] Train_MSE: 10.812889 Val_MSE: 13.521183 | Loss: 9.373572
2025-12-05 16:56:34,201 - /home/kantorkristof/git/neurips-polymer/II_Experiment-Molecule/GNN/GAT.py[line:234] - INFO: Epoch [295/1000] Train_MSE: 11.644362 Val_MSE: 14.413347 | Loss: 10.346314
2025-12-05 16:56:34,342 - /home/kantorkristof/git/neurips-polymer/II_Experiment-Molecule/GNN/GAT.py[line:234] - INFO: Epoch [296/1000] Train_MSE: 9.989724 Val_MSE: 13.144399 | Loss: 10.771402
2025-12-05 16:56:34,472 - /home/kantorkristof/git/neurips-polymer/II_Experiment-Molecule/GNN/GAT.py[line:234] - INFO: Epoch [297/1000] Train_MSE: 10.138297 Val_MSE: 12.861319 | Loss: 10.673674
2025-12-05 16:56:34,601 - /home/kantorkristof/git/neurips-polymer/II_Experiment-Molecule/GNN/GAT.py[line:234] - INFO: Epoch [298/1000] Train_MSE: 11.119251 Val_MSE: 12.939123 | Loss: 10.917650
2025-12-05 16:56:34,731 - /home/kantorkristof/git/neurips-polymer/II_Experiment-Molecule/GNN/GAT.py[line:234] - INFO: Epoch [299/1000] Train_MSE: 14.533623 Val_MSE: 17.403489 | Loss: 10.908756
2025-12-05 16:56:34,869 - /home/kantorkristof/git/neurips-polymer/II_Experiment-Molecule/GNN/GAT.py[line:234] - INFO: Epoch [300/1000] Train_MSE: 12.110414 Val_MSE: 14.506381 | Loss: 9.808107
2025-12-05 16:56:35,010 - /home/kantorkristof/git/neurips-polymer/II_Experiment-Molecule/GNN/GAT.py[line:234] - INFO: Epoch [301/1000] Train_MSE: 10.200158 Val_MSE: 13.077645 | Loss: 9.878107
2025-12-05 16:56:35,168 - /home/kantorkristof/git/neurips-polymer/II_Experiment-Molecule/GNN/GAT.py[line:234] - INFO: Epoch [302/1000] Train_MSE: 12.926014 Val_MSE: 15.816697 | Loss: 10.706678
2025-12-05 16:56:35,311 - /home/kantorkristof/git/neurips-polymer/II_Experiment-Molecule/GNN/GAT.py[line:234] - INFO: Epoch [303/1000] Train_MSE: 13.235304 Val_MSE: 16.362667 | Loss: 11.065150
2025-12-05 16:56:35,455 - /home/kantorkristof/git/neurips-polymer/II_Experiment-Molecule/GNN/GAT.py[line:234] - INFO: Epoch [304/1000] Train_MSE: 11.758163 Val_MSE: 14.730829 | Loss: 10.246747
2025-12-05 16:56:35,604 - /home/kantorkristof/git/neurips-polymer/II_Experiment-Molecule/GNN/GAT.py[line:234] - INFO: Epoch [305/1000] Train_MSE: 12.815243 Val_MSE: 15.396947 | Loss: 10.638084
2025-12-05 16:56:35,754 - /home/kantorkristof/git/neurips-polymer/II_Experiment-Molecule/GNN/GAT.py[line:234] - INFO: Epoch [306/1000] Train_MSE: 10.844345 Val_MSE: 14.069817 | Loss: 10.549461
2025-12-05 16:56:35,901 - /home/kantorkristof/git/neurips-polymer/II_Experiment-Molecule/GNN/GAT.py[line:234] - INFO: Epoch [307/1000] Train_MSE: 10.883605 Val_MSE: 13.820297 | Loss: 10.661390
2025-12-05 16:56:36,054 - /home/kantorkristof/git/neurips-polymer/II_Experiment-Molecule/GNN/GAT.py[line:234] - INFO: Epoch [308/1000] Train_MSE: 10.100198 Val_MSE: 12.974956 | Loss: 10.844270
2025-12-05 16:56:36,262 - /home/kantorkristof/git/neurips-polymer/II_Experiment-Molecule/GNN/GAT.py[line:234] - INFO: Epoch [309/1000] Train_MSE: 11.750074 Val_MSE: 14.804662 | Loss: 10.407743
2025-12-05 16:56:36,421 - /home/kantorkristof/git/neurips-polymer/II_Experiment-Molecule/GNN/GAT.py[line:234] - INFO: Epoch [310/1000] Train_MSE: 10.848749 Val_MSE: 14.513378 | Loss: 9.933332
2025-12-05 16:56:36,582 - /home/kantorkristof/git/neurips-polymer/II_Experiment-Molecule/GNN/GAT.py[line:234] - INFO: Epoch [311/1000] Train_MSE: 11.934454 Val_MSE: 15.076951 | Loss: 9.455746
2025-12-05 16:56:36,716 - /home/kantorkristof/git/neurips-polymer/II_Experiment-Molecule/GNN/GAT.py[line:234] - INFO: Epoch [312/1000] Train_MSE: 9.955833 Val_MSE: 13.255234 | Loss: 10.836577
2025-12-05 16:56:36,849 - /home/kantorkristof/git/neurips-polymer/II_Experiment-Molecule/GNN/GAT.py[line:234] - INFO: Epoch [313/1000] Train_MSE: 11.332545 Val_MSE: 14.458511 | Loss: 10.061039
2025-12-05 16:56:36,982 - /home/kantorkristof/git/neurips-polymer/II_Experiment-Molecule/GNN/GAT.py[line:234] - INFO: Epoch [314/1000] Train_MSE: 16.268719 Val_MSE: 19.313144 | Loss: 11.354161
2025-12-05 16:56:37,120 - /home/kantorkristof/git/neurips-polymer/II_Experiment-Molecule/GNN/GAT.py[line:234] - INFO: Epoch [315/1000] Train_MSE: 16.702529 Val_MSE: 19.542309 | Loss: 10.764922
2025-12-05 16:56:37,254 - /home/kantorkristof/git/neurips-polymer/II_Experiment-Molecule/GNN/GAT.py[line:234] - INFO: Epoch [316/1000] Train_MSE: 10.681650 Val_MSE: 13.558340 | Loss: 10.415522
2025-12-05 16:56:37,388 - /home/kantorkristof/git/neurips-polymer/II_Experiment-Molecule/GNN/GAT.py[line:234] - INFO: Epoch [317/1000] Train_MSE: 10.497984 Val_MSE: 14.385826 | Loss: 10.145584
2025-12-05 16:56:37,525 - /home/kantorkristof/git/neurips-polymer/II_Experiment-Molecule/GNN/GAT.py[line:234] - INFO: Epoch [318/1000] Train_MSE: 14.060307 Val_MSE: 17.287856 | Loss: 10.410384
2025-12-05 16:56:37,525 - /home/kantorkristof/git/neurips-polymer/II_Experiment-Molecule/GNN/GAT.py[line:254] - INFO: Early Stopping
2025-12-05 16:56:37,595 - /home/kantorkristof/git/neurips-polymer/II_Experiment-Molecule/GNN/GAT.py[line:266] - INFO: Best model Accuracy for Rg, seed 42:
2025-12-05 16:56:37,595 - /home/kantorkristof/git/neurips-polymer/II_Experiment-Molecule/GNN/GAT.py[line:267] - INFO:   Train MSE: 9.296309
2025-12-05 16:56:37,595 - /home/kantorkristof/git/neurips-polymer/II_Experiment-Molecule/GNN/GAT.py[line:268] - INFO:   Val MSE:   11.519600
2025-12-05 16:56:37,595 - /home/kantorkristof/git/neurips-polymer/II_Experiment-Molecule/GNN/GAT.py[line:269] - INFO:   Test MSE:  12.368503
2025-12-05 16:56:37,595 - /home/kantorkristof/git/neurips-polymer/II_Experiment-Molecule/GNN/GAT.py[line:285] - INFO: 
=== Results for attribute Rg ===
2025-12-05 16:56:37,595 - /home/kantorkristof/git/neurips-polymer/II_Experiment-Molecule/GNN/GAT.py[line:291] - INFO: Train MSE: 9.296309  Val MSE: 11.519600  Test MSE: 12.368503
