2025-12-05 16:55:40,351 - /home/kantorkristof/git/neurips-polymer/II_Experiment-Molecule/GNN/DIR.py[line:335] - INFO: 
Model training started for property: Rg
2025-12-05 16:55:40,352 - /home/kantorkristof/git/neurips-polymer/II_Experiment-Molecule/GNN/DIR.py[line:121] - INFO: 
+------------+--------------+
| Parameter  | Value        |
+------------+--------------+
| cuda       | 2            |
+------------+--------------+
| datadir    | data/NeurIPS |
+------------+--------------+
| epoch      | 1000         |
+------------+--------------+
| seed       | [42]         |
+------------+--------------+
| channels   | 64           |
+------------+--------------+
| pretrain   | 0            |
+------------+--------------+
| alpha      | 0.001        |
+------------+--------------+
| r          | 0.900        |
+------------+--------------+
| batch_size | 32           |
+------------+--------------+
| net_lr     | 0.001        |
+------------+--------------+
2025-12-05 16:55:40,353 - /home/kantorkristof/git/neurips-polymer/II_Experiment-Molecule/GNN/DIR.py[line:340] - INFO: --- Starting training for Rg with seed 42 ---
2025-12-05 16:55:42,235 - /home/kantorkristof/git/neurips-polymer/II_Experiment-Molecule/GNN/DIR.py[line:435] - INFO: Epoch [1/1000] Train_MSE: 269.565952 Val_MSE: 270.441671 | Total_Loss: 545.194155 Causal_Loss: 272.230128 DIR_Penalty: 0.761307 Spurious_Loss: 272.963259
2025-12-05 16:55:42,240 - /home/kantorkristof/git/neurips-polymer/II_Experiment-Molecule/GNN/DIR.py[line:449] - INFO: Best model saved at epoch 1 with val_mse 270.441671
2025-12-05 16:55:42,944 - /home/kantorkristof/git/neurips-polymer/II_Experiment-Molecule/GNN/DIR.py[line:435] - INFO: Epoch [2/1000] Train_MSE: 185.846455 Val_MSE: 189.821818 | Total_Loss: 408.410105 Causal_Loss: 199.790399 DIR_Penalty: 59.889864 Spurious_Loss: 208.559818
2025-12-05 16:55:42,948 - /home/kantorkristof/git/neurips-polymer/II_Experiment-Molecule/GNN/DIR.py[line:449] - INFO: Best model saved at epoch 2 with val_mse 189.821818
2025-12-05 16:55:43,654 - /home/kantorkristof/git/neurips-polymer/II_Experiment-Molecule/GNN/DIR.py[line:435] - INFO: Epoch [3/1000] Train_MSE: 21.320698 Val_MSE: 23.542774 | Total_Loss: 166.564564 Causal_Loss: 77.915591 DIR_Penalty: 88.428360 Spurious_Loss: 88.560543
2025-12-05 16:55:43,658 - /home/kantorkristof/git/neurips-polymer/II_Experiment-Molecule/GNN/DIR.py[line:449] - INFO: Best model saved at epoch 3 with val_mse 23.542774
2025-12-05 16:55:44,349 - /home/kantorkristof/git/neurips-polymer/II_Experiment-Molecule/GNN/DIR.py[line:435] - INFO: Epoch [4/1000] Train_MSE: 132.690920 Val_MSE: 128.950892 | Total_Loss: 58.723990 Causal_Loss: 27.926064 DIR_Penalty: 22.456215 Spurious_Loss: 30.775469
2025-12-05 16:55:45,035 - /home/kantorkristof/git/neurips-polymer/II_Experiment-Molecule/GNN/DIR.py[line:435] - INFO: Epoch [5/1000] Train_MSE: 24.227278 Val_MSE: 24.383240 | Total_Loss: 53.108692 Causal_Loss: 20.075631 DIR_Penalty: 139.736735 Spurious_Loss: 32.893323
2025-12-05 16:55:45,734 - /home/kantorkristof/git/neurips-polymer/II_Experiment-Molecule/GNN/DIR.py[line:435] - INFO: Epoch [6/1000] Train_MSE: 24.803268 Val_MSE: 25.102280 | Total_Loss: 44.455847 Causal_Loss: 19.822692 DIR_Penalty: 48.436534 Spurious_Loss: 24.584718
2025-12-05 16:55:46,411 - /home/kantorkristof/git/neurips-polymer/II_Experiment-Molecule/GNN/DIR.py[line:435] - INFO: Epoch [7/1000] Train_MSE: 57.099117 Val_MSE: 54.008530 | Total_Loss: 43.763891 Causal_Loss: 16.170612 DIR_Penalty: 90.092748 Spurious_Loss: 27.503186
2025-12-05 16:55:47,094 - /home/kantorkristof/git/neurips-polymer/II_Experiment-Molecule/GNN/DIR.py[line:435] - INFO: Epoch [8/1000] Train_MSE: 27.323479 Val_MSE: 26.945033 | Total_Loss: 46.815993 Causal_Loss: 18.508368 DIR_Penalty: 73.665001 Spurious_Loss: 28.233960
2025-12-05 16:55:47,770 - /home/kantorkristof/git/neurips-polymer/II_Experiment-Molecule/GNN/DIR.py[line:435] - INFO: Epoch [9/1000] Train_MSE: 21.900732 Val_MSE: 22.790656 | Total_Loss: 40.379244 Causal_Loss: 15.338928 DIR_Penalty: 54.600794 Spurious_Loss: 24.985715
2025-12-05 16:55:47,774 - /home/kantorkristof/git/neurips-polymer/II_Experiment-Molecule/GNN/DIR.py[line:449] - INFO: Best model saved at epoch 9 with val_mse 22.790656
2025-12-05 16:55:48,472 - /home/kantorkristof/git/neurips-polymer/II_Experiment-Molecule/GNN/DIR.py[line:435] - INFO: Epoch [10/1000] Train_MSE: 21.141511 Val_MSE: 22.004757 | Total_Loss: 43.807601 Causal_Loss: 17.278767 DIR_Penalty: 69.180642 Spurious_Loss: 26.459653
2025-12-05 16:55:48,476 - /home/kantorkristof/git/neurips-polymer/II_Experiment-Molecule/GNN/DIR.py[line:449] - INFO: Best model saved at epoch 10 with val_mse 22.004757
2025-12-05 16:55:49,151 - /home/kantorkristof/git/neurips-polymer/II_Experiment-Molecule/GNN/DIR.py[line:435] - INFO: Epoch [11/1000] Train_MSE: 28.897353 Val_MSE: 29.081229 | Total_Loss: 41.331566 Causal_Loss: 15.630687 DIR_Penalty: 61.196903 Spurious_Loss: 25.639682
2025-12-05 16:55:49,850 - /home/kantorkristof/git/neurips-polymer/II_Experiment-Molecule/GNN/DIR.py[line:435] - INFO: Epoch [12/1000] Train_MSE: 18.101632 Val_MSE: 19.741941 | Total_Loss: 39.536365 Causal_Loss: 15.914003 DIR_Penalty: 36.089397 Spurious_Loss: 23.586271
2025-12-05 16:55:49,854 - /home/kantorkristof/git/neurips-polymer/II_Experiment-Molecule/GNN/DIR.py[line:449] - INFO: Best model saved at epoch 12 with val_mse 19.741941
2025-12-05 16:55:50,555 - /home/kantorkristof/git/neurips-polymer/II_Experiment-Molecule/GNN/DIR.py[line:435] - INFO: Epoch [13/1000] Train_MSE: 17.200857 Val_MSE: 19.509397 | Total_Loss: 38.591414 Causal_Loss: 15.264669 DIR_Penalty: 35.387069 Spurious_Loss: 23.291358
2025-12-05 16:55:50,561 - /home/kantorkristof/git/neurips-polymer/II_Experiment-Molecule/GNN/DIR.py[line:449] - INFO: Best model saved at epoch 13 with val_mse 19.509397
2025-12-05 16:55:51,254 - /home/kantorkristof/git/neurips-polymer/II_Experiment-Molecule/GNN/DIR.py[line:435] - INFO: Epoch [14/1000] Train_MSE: 19.768255 Val_MSE: 21.305515 | Total_Loss: 41.087487 Causal_Loss: 14.841479 DIR_Penalty: 89.985127 Spurious_Loss: 26.156023
2025-12-05 16:55:51,949 - /home/kantorkristof/git/neurips-polymer/II_Experiment-Molecule/GNN/DIR.py[line:435] - INFO: Epoch [15/1000] Train_MSE: 15.154665 Val_MSE: 17.363758 | Total_Loss: 40.743025 Causal_Loss: 15.648655 DIR_Penalty: 50.228611 Spurious_Loss: 25.044141
2025-12-05 16:55:51,953 - /home/kantorkristof/git/neurips-polymer/II_Experiment-Molecule/GNN/DIR.py[line:449] - INFO: Best model saved at epoch 15 with val_mse 17.363758
2025-12-05 16:55:52,643 - /home/kantorkristof/git/neurips-polymer/II_Experiment-Molecule/GNN/DIR.py[line:435] - INFO: Epoch [16/1000] Train_MSE: 16.872739 Val_MSE: 18.298326 | Total_Loss: 43.479364 Causal_Loss: 16.705272 DIR_Penalty: 55.458676 Spurious_Loss: 26.718633
2025-12-05 16:55:53,359 - /home/kantorkristof/git/neurips-polymer/II_Experiment-Molecule/GNN/DIR.py[line:435] - INFO: Epoch [17/1000] Train_MSE: 27.044073 Val_MSE: 28.606228 | Total_Loss: 38.448376 Causal_Loss: 13.509537 DIR_Penalty: 76.580965 Spurious_Loss: 24.862258
2025-12-05 16:55:54,061 - /home/kantorkristof/git/neurips-polymer/II_Experiment-Molecule/GNN/DIR.py[line:435] - INFO: Epoch [18/1000] Train_MSE: 19.528172 Val_MSE: 21.341595 | Total_Loss: 36.713741 Causal_Loss: 13.447346 DIR_Penalty: 66.153531 Spurious_Loss: 23.200242
2025-12-05 16:55:54,761 - /home/kantorkristof/git/neurips-polymer/II_Experiment-Molecule/GNN/DIR.py[line:435] - INFO: Epoch [19/1000] Train_MSE: 18.717560 Val_MSE: 20.141565 | Total_Loss: 41.095049 Causal_Loss: 14.415462 DIR_Penalty: 104.014168 Spurious_Loss: 26.575573
2025-12-05 16:55:55,444 - /home/kantorkristof/git/neurips-polymer/II_Experiment-Molecule/GNN/DIR.py[line:435] - INFO: Epoch [20/1000] Train_MSE: 16.262520 Val_MSE: 18.276906 | Total_Loss: 39.686480 Causal_Loss: 13.415700 DIR_Penalty: 92.805610 Spurious_Loss: 26.177975
2025-12-05 16:55:56,124 - /home/kantorkristof/git/neurips-polymer/II_Experiment-Molecule/GNN/DIR.py[line:435] - INFO: Epoch [21/1000] Train_MSE: 15.127207 Val_MSE: 17.650624 | Total_Loss: 40.525675 Causal_Loss: 15.220428 DIR_Penalty: 57.977314 Spurious_Loss: 25.247269
2025-12-05 16:55:56,786 - /home/kantorkristof/git/neurips-polymer/II_Experiment-Molecule/GNN/DIR.py[line:435] - INFO: Epoch [22/1000] Train_MSE: 17.564466 Val_MSE: 18.841940 | Total_Loss: 38.217318 Causal_Loss: 14.607936 DIR_Penalty: 49.197479 Spurious_Loss: 23.560185
2025-12-05 16:55:57,444 - /home/kantorkristof/git/neurips-polymer/II_Experiment-Molecule/GNN/DIR.py[line:435] - INFO: Epoch [23/1000] Train_MSE: 15.774323 Val_MSE: 18.600575 | Total_Loss: 39.238380 Causal_Loss: 13.417631 DIR_Penalty: 84.128069 Spurious_Loss: 25.736621
2025-12-05 16:55:58,204 - /home/kantorkristof/git/neurips-polymer/II_Experiment-Molecule/GNN/DIR.py[line:435] - INFO: Epoch [24/1000] Train_MSE: 14.935867 Val_MSE: 17.894704 | Total_Loss: 41.690922 Causal_Loss: 13.211421 DIR_Penalty: 129.877757 Spurious_Loss: 28.349624
2025-12-05 16:55:58,893 - /home/kantorkristof/git/neurips-polymer/II_Experiment-Molecule/GNN/DIR.py[line:435] - INFO: Epoch [25/1000] Train_MSE: 13.839051 Val_MSE: 16.685380 | Total_Loss: 40.834386 Causal_Loss: 14.223297 DIR_Penalty: 87.611352 Spurious_Loss: 26.523477
2025-12-05 16:55:58,896 - /home/kantorkristof/git/neurips-polymer/II_Experiment-Molecule/GNN/DIR.py[line:449] - INFO: Best model saved at epoch 25 with val_mse 16.685380
2025-12-05 16:55:59,595 - /home/kantorkristof/git/neurips-polymer/II_Experiment-Molecule/GNN/DIR.py[line:435] - INFO: Epoch [26/1000] Train_MSE: 14.124476 Val_MSE: 16.226572 | Total_Loss: 38.027785 Causal_Loss: 13.566252 DIR_Penalty: 66.679267 Spurious_Loss: 24.394854
2025-12-05 16:55:59,598 - /home/kantorkristof/git/neurips-polymer/II_Experiment-Molecule/GNN/DIR.py[line:449] - INFO: Best model saved at epoch 26 with val_mse 16.226572
2025-12-05 16:56:00,278 - /home/kantorkristof/git/neurips-polymer/II_Experiment-Molecule/GNN/DIR.py[line:435] - INFO: Epoch [27/1000] Train_MSE: 24.039783 Val_MSE: 25.807194 | Total_Loss: 39.930585 Causal_Loss: 13.626446 DIR_Penalty: 87.072266 Spurious_Loss: 26.217066
2025-12-05 16:56:00,958 - /home/kantorkristof/git/neurips-polymer/II_Experiment-Molecule/GNN/DIR.py[line:435] - INFO: Epoch [28/1000] Train_MSE: 15.653567 Val_MSE: 18.518123 | Total_Loss: 35.060256 Causal_Loss: 11.917126 DIR_Penalty: 68.159588 Spurious_Loss: 23.074971
2025-12-05 16:56:01,634 - /home/kantorkristof/git/neurips-polymer/II_Experiment-Molecule/GNN/DIR.py[line:435] - INFO: Epoch [29/1000] Train_MSE: 15.220472 Val_MSE: 17.841815 | Total_Loss: 41.930857 Causal_Loss: 13.298832 DIR_Penalty: 132.082795 Spurious_Loss: 28.499942
2025-12-05 16:56:02,337 - /home/kantorkristof/git/neurips-polymer/II_Experiment-Molecule/GNN/DIR.py[line:435] - INFO: Epoch [30/1000] Train_MSE: 14.401965 Val_MSE: 16.757506 | Total_Loss: 38.328483 Causal_Loss: 13.148020 DIR_Penalty: 79.019444 Spurious_Loss: 25.101444
2025-12-05 16:56:03,024 - /home/kantorkristof/git/neurips-polymer/II_Experiment-Molecule/GNN/DIR.py[line:435] - INFO: Epoch [31/1000] Train_MSE: 18.078221 Val_MSE: 21.275936 | Total_Loss: 38.936816 Causal_Loss: 12.938861 DIR_Penalty: 89.070969 Spurious_Loss: 25.908884
2025-12-05 16:56:03,721 - /home/kantorkristof/git/neurips-polymer/II_Experiment-Molecule/GNN/DIR.py[line:435] - INFO: Epoch [32/1000] Train_MSE: 21.180148 Val_MSE: 23.290086 | Total_Loss: 39.002330 Causal_Loss: 12.378121 DIR_Penalty: 114.601968 Spurious_Loss: 26.509606
2025-12-05 16:56:04,418 - /home/kantorkristof/git/neurips-polymer/II_Experiment-Molecule/GNN/DIR.py[line:435] - INFO: Epoch [33/1000] Train_MSE: 17.276449 Val_MSE: 19.126944 | Total_Loss: 39.397250 Causal_Loss: 12.410087 DIR_Penalty: 117.759261 Spurious_Loss: 26.869403
2025-12-05 16:56:05,124 - /home/kantorkristof/git/neurips-polymer/II_Experiment-Molecule/GNN/DIR.py[line:435] - INFO: Epoch [34/1000] Train_MSE: 18.453405 Val_MSE: 19.912009 | Total_Loss: 39.349562 Causal_Loss: 13.018089 DIR_Penalty: 103.976562 Spurious_Loss: 26.227497
2025-12-05 16:56:05,810 - /home/kantorkristof/git/neurips-polymer/II_Experiment-Molecule/GNN/DIR.py[line:435] - INFO: Epoch [35/1000] Train_MSE: 21.753128 Val_MSE: 23.506441 | Total_Loss: 36.397274 Causal_Loss: 12.667665 DIR_Penalty: 68.160284 Spurious_Loss: 23.661449
2025-12-05 16:56:06,521 - /home/kantorkristof/git/neurips-polymer/II_Experiment-Molecule/GNN/DIR.py[line:435] - INFO: Epoch [36/1000] Train_MSE: 17.138470 Val_MSE: 19.516659 | Total_Loss: 38.232527 Causal_Loss: 12.534486 DIR_Penalty: 90.639796 Spurious_Loss: 25.607401
2025-12-05 16:56:07,205 - /home/kantorkristof/git/neurips-polymer/II_Experiment-Molecule/GNN/DIR.py[line:435] - INFO: Epoch [37/1000] Train_MSE: 14.605450 Val_MSE: 16.735412 | Total_Loss: 39.353563 Causal_Loss: 12.329760 DIR_Penalty: 122.828148 Spurious_Loss: 26.900976
2025-12-05 16:56:07,887 - /home/kantorkristof/git/neurips-polymer/II_Experiment-Molecule/GNN/DIR.py[line:435] - INFO: Epoch [38/1000] Train_MSE: 14.051763 Val_MSE: 16.952390 | Total_Loss: 38.357271 Causal_Loss: 11.925436 DIR_Penalty: 121.832360 Spurious_Loss: 26.310003
2025-12-05 16:56:08,569 - /home/kantorkristof/git/neurips-polymer/II_Experiment-Molecule/GNN/DIR.py[line:435] - INFO: Epoch [39/1000] Train_MSE: 15.672254 Val_MSE: 17.659595 | Total_Loss: 36.371062 Causal_Loss: 12.892586 DIR_Penalty: 67.063816 Spurious_Loss: 23.411412
2025-12-05 16:56:09,238 - /home/kantorkristof/git/neurips-polymer/II_Experiment-Molecule/GNN/DIR.py[line:435] - INFO: Epoch [40/1000] Train_MSE: 24.013902 Val_MSE: 24.634778 | Total_Loss: 40.359902 Causal_Loss: 13.118176 DIR_Penalty: 112.508159 Spurious_Loss: 27.129219
2025-12-05 16:56:09,928 - /home/kantorkristof/git/neurips-polymer/II_Experiment-Molecule/GNN/DIR.py[line:435] - INFO: Epoch [41/1000] Train_MSE: 16.728778 Val_MSE: 18.442745 | Total_Loss: 34.139408 Causal_Loss: 11.106557 DIR_Penalty: 80.474072 Spurious_Loss: 22.952377
2025-12-05 16:56:10,594 - /home/kantorkristof/git/neurips-polymer/II_Experiment-Molecule/GNN/DIR.py[line:435] - INFO: Epoch [42/1000] Train_MSE: 18.846419 Val_MSE: 20.027511 | Total_Loss: 36.719317 Causal_Loss: 12.123949 DIR_Penalty: 86.315024 Spurious_Loss: 24.509052
2025-12-05 16:56:11,246 - /home/kantorkristof/git/neurips-polymer/II_Experiment-Molecule/GNN/DIR.py[line:435] - INFO: Epoch [43/1000] Train_MSE: 17.457180 Val_MSE: 21.255504 | Total_Loss: 39.590815 Causal_Loss: 12.509525 DIR_Penalty: 116.897809 Spurious_Loss: 26.964393
2025-12-05 16:56:11,891 - /home/kantorkristof/git/neurips-polymer/II_Experiment-Molecule/GNN/DIR.py[line:435] - INFO: Epoch [44/1000] Train_MSE: 29.312034 Val_MSE: 31.124353 | Total_Loss: 35.111188 Causal_Loss: 12.722279 DIR_Penalty: 57.588437 Spurious_Loss: 22.331320
2025-12-05 16:56:12,568 - /home/kantorkristof/git/neurips-polymer/II_Experiment-Molecule/GNN/DIR.py[line:435] - INFO: Epoch [45/1000] Train_MSE: 22.266910 Val_MSE: 23.524310 | Total_Loss: 35.484905 Causal_Loss: 11.732178 DIR_Penalty: 75.473045 Spurious_Loss: 23.677253
2025-12-05 16:56:13,252 - /home/kantorkristof/git/neurips-polymer/II_Experiment-Molecule/GNN/DIR.py[line:435] - INFO: Epoch [46/1000] Train_MSE: 15.395707 Val_MSE: 17.497609 | Total_Loss: 37.214743 Causal_Loss: 11.434585 DIR_Penalty: 111.150242 Spurious_Loss: 25.669007
2025-12-05 16:56:13,953 - /home/kantorkristof/git/neurips-polymer/II_Experiment-Molecule/GNN/DIR.py[line:435] - INFO: Epoch [47/1000] Train_MSE: 17.155343 Val_MSE: 19.640338 | Total_Loss: 35.042921 Causal_Loss: 11.624764 DIR_Penalty: 73.637025 Spurious_Loss: 23.344521
2025-12-05 16:56:14,618 - /home/kantorkristof/git/neurips-polymer/II_Experiment-Molecule/GNN/DIR.py[line:435] - INFO: Epoch [48/1000] Train_MSE: 14.538083 Val_MSE: 17.035857 | Total_Loss: 38.297872 Causal_Loss: 12.308574 DIR_Penalty: 110.458394 Spurious_Loss: 25.878840
2025-12-05 16:56:15,295 - /home/kantorkristof/git/neurips-polymer/II_Experiment-Molecule/GNN/DIR.py[line:435] - INFO: Epoch [49/1000] Train_MSE: 20.140678 Val_MSE: 21.604280 | Total_Loss: 35.184705 Causal_Loss: 9.996517 DIR_Penalty: 123.837533 Spurious_Loss: 25.064350
2025-12-05 16:56:15,966 - /home/kantorkristof/git/neurips-polymer/II_Experiment-Molecule/GNN/DIR.py[line:435] - INFO: Epoch [50/1000] Train_MSE: 14.417934 Val_MSE: 16.563033 | Total_Loss: 38.226056 Causal_Loss: 12.130279 DIR_Penalty: 119.969496 Spurious_Loss: 25.975807
2025-12-05 16:56:16,657 - /home/kantorkristof/git/neurips-polymer/II_Experiment-Molecule/GNN/DIR.py[line:435] - INFO: Epoch [51/1000] Train_MSE: 14.077480 Val_MSE: 16.745592 | Total_Loss: 34.503030 Causal_Loss: 10.777987 DIR_Penalty: 90.433743 Spurious_Loss: 23.634610
2025-12-05 16:56:17,316 - /home/kantorkristof/git/neurips-polymer/II_Experiment-Molecule/GNN/DIR.py[line:435] - INFO: Epoch [52/1000] Train_MSE: 16.011203 Val_MSE: 18.612915 | Total_Loss: 33.297865 Causal_Loss: 9.648840 DIR_Penalty: 109.080350 Spurious_Loss: 23.539945
2025-12-05 16:56:17,976 - /home/kantorkristof/git/neurips-polymer/II_Experiment-Molecule/GNN/DIR.py[line:435] - INFO: Epoch [53/1000] Train_MSE: 13.826330 Val_MSE: 16.413135 | Total_Loss: 35.755980 Causal_Loss: 11.477157 DIR_Penalty: 85.557844 Spurious_Loss: 24.193265
2025-12-05 16:56:18,631 - /home/kantorkristof/git/neurips-polymer/II_Experiment-Molecule/GNN/DIR.py[line:435] - INFO: Epoch [54/1000] Train_MSE: 17.929354 Val_MSE: 20.500196 | Total_Loss: 35.530032 Causal_Loss: 10.137881 DIR_Penalty: 136.800878 Spurious_Loss: 25.255351
2025-12-05 16:56:19,289 - /home/kantorkristof/git/neurips-polymer/II_Experiment-Molecule/GNN/DIR.py[line:435] - INFO: Epoch [55/1000] Train_MSE: 13.795457 Val_MSE: 15.833946 | Total_Loss: 36.262318 Causal_Loss: 10.688013 DIR_Penalty: 128.973553 Spurious_Loss: 25.445331
2025-12-05 16:56:19,293 - /home/kantorkristof/git/neurips-polymer/II_Experiment-Molecule/GNN/DIR.py[line:449] - INFO: Best model saved at epoch 55 with val_mse 15.833946
2025-12-05 16:56:19,958 - /home/kantorkristof/git/neurips-polymer/II_Experiment-Molecule/GNN/DIR.py[line:435] - INFO: Epoch [56/1000] Train_MSE: 14.703421 Val_MSE: 17.769590 | Total_Loss: 34.058142 Causal_Loss: 10.437020 DIR_Penalty: 94.386002 Spurious_Loss: 23.526737
2025-12-05 16:56:20,680 - /home/kantorkristof/git/neurips-polymer/II_Experiment-Molecule/GNN/DIR.py[line:435] - INFO: Epoch [57/1000] Train_MSE: 14.236446 Val_MSE: 16.219943 | Total_Loss: 32.255616 Causal_Loss: 9.760397 DIR_Penalty: 88.433417 Spurious_Loss: 22.406785
2025-12-05 16:56:21,379 - /home/kantorkristof/git/neurips-polymer/II_Experiment-Molecule/GNN/DIR.py[line:435] - INFO: Epoch [58/1000] Train_MSE: 18.983895 Val_MSE: 20.079579 | Total_Loss: 35.803433 Causal_Loss: 10.249786 DIR_Penalty: 131.628525 Spurious_Loss: 25.422019
2025-12-05 16:56:22,065 - /home/kantorkristof/git/neurips-polymer/II_Experiment-Molecule/GNN/DIR.py[line:435] - INFO: Epoch [59/1000] Train_MSE: 15.906574 Val_MSE: 18.015550 | Total_Loss: 36.848175 Causal_Loss: 11.333713 DIR_Penalty: 108.472939 Spurious_Loss: 25.405989
2025-12-05 16:56:22,784 - /home/kantorkristof/git/neurips-polymer/II_Experiment-Molecule/GNN/DIR.py[line:435] - INFO: Epoch [60/1000] Train_MSE: 14.218749 Val_MSE: 17.986942 | Total_Loss: 35.154312 Causal_Loss: 11.289755 DIR_Penalty: 82.104160 Spurious_Loss: 23.782453
2025-12-05 16:56:23,505 - /home/kantorkristof/git/neurips-polymer/II_Experiment-Molecule/GNN/DIR.py[line:435] - INFO: Epoch [61/1000] Train_MSE: 12.563747 Val_MSE: 15.500422 | Total_Loss: 34.588743 Causal_Loss: 10.276523 DIR_Penalty: 104.070484 Spurious_Loss: 24.208150
2025-12-05 16:56:23,510 - /home/kantorkristof/git/neurips-polymer/II_Experiment-Molecule/GNN/DIR.py[line:449] - INFO: Best model saved at epoch 61 with val_mse 15.500422
2025-12-05 16:56:24,232 - /home/kantorkristof/git/neurips-polymer/II_Experiment-Molecule/GNN/DIR.py[line:435] - INFO: Epoch [62/1000] Train_MSE: 12.380861 Val_MSE: 15.298424 | Total_Loss: 35.877937 Causal_Loss: 10.485219 DIR_Penalty: 118.156220 Spurious_Loss: 25.274562
2025-12-05 16:56:24,236 - /home/kantorkristof/git/neurips-polymer/II_Experiment-Molecule/GNN/DIR.py[line:449] - INFO: Best model saved at epoch 62 with val_mse 15.298424
2025-12-05 16:56:24,958 - /home/kantorkristof/git/neurips-polymer/II_Experiment-Molecule/GNN/DIR.py[line:435] - INFO: Epoch [63/1000] Train_MSE: 14.269136 Val_MSE: 16.696662 | Total_Loss: 35.277164 Causal_Loss: 10.743651 DIR_Penalty: 100.777232 Spurious_Loss: 24.432736
2025-12-05 16:56:25,654 - /home/kantorkristof/git/neurips-polymer/II_Experiment-Molecule/GNN/DIR.py[line:435] - INFO: Epoch [64/1000] Train_MSE: 11.894971 Val_MSE: 14.817419 | Total_Loss: 36.283774 Causal_Loss: 10.289302 DIR_Penalty: 133.187476 Spurious_Loss: 25.861285
2025-12-05 16:56:25,658 - /home/kantorkristof/git/neurips-polymer/II_Experiment-Molecule/GNN/DIR.py[line:449] - INFO: Best model saved at epoch 64 with val_mse 14.817419
2025-12-05 16:56:26,331 - /home/kantorkristof/git/neurips-polymer/II_Experiment-Molecule/GNN/DIR.py[line:435] - INFO: Epoch [65/1000] Train_MSE: 15.082924 Val_MSE: 17.738810 | Total_Loss: 34.825953 Causal_Loss: 10.096111 DIR_Penalty: 123.392593 Spurious_Loss: 24.606449
2025-12-05 16:56:27,033 - /home/kantorkristof/git/neurips-polymer/II_Experiment-Molecule/GNN/DIR.py[line:435] - INFO: Epoch [66/1000] Train_MSE: 13.983145 Val_MSE: 16.761305 | Total_Loss: 33.325829 Causal_Loss: 10.087524 DIR_Penalty: 94.061224 Spurious_Loss: 23.144244
2025-12-05 16:56:27,737 - /home/kantorkristof/git/neurips-polymer/II_Experiment-Molecule/GNN/DIR.py[line:435] - INFO: Epoch [67/1000] Train_MSE: 14.616312 Val_MSE: 17.033165 | Total_Loss: 35.388084 Causal_Loss: 10.591800 DIR_Penalty: 107.141578 Spurious_Loss: 24.689142
2025-12-05 16:56:28,498 - /home/kantorkristof/git/neurips-polymer/II_Experiment-Molecule/GNN/DIR.py[line:435] - INFO: Epoch [68/1000] Train_MSE: 13.969248 Val_MSE: 17.101298 | Total_Loss: 34.478455 Causal_Loss: 10.281614 DIR_Penalty: 103.027830 Spurious_Loss: 24.093813
2025-12-05 16:56:29,233 - /home/kantorkristof/git/neurips-polymer/II_Experiment-Molecule/GNN/DIR.py[line:435] - INFO: Epoch [69/1000] Train_MSE: 11.898074 Val_MSE: 15.070929 | Total_Loss: 34.668901 Causal_Loss: 10.333936 DIR_Penalty: 105.081268 Spurious_Loss: 24.229884
2025-12-05 16:56:29,924 - /home/kantorkristof/git/neurips-polymer/II_Experiment-Molecule/GNN/DIR.py[line:435] - INFO: Epoch [70/1000] Train_MSE: 16.111070 Val_MSE: 18.095787 | Total_Loss: 32.332472 Causal_Loss: 10.151125 DIR_Penalty: 85.120988 Spurious_Loss: 22.096225
2025-12-05 16:56:30,617 - /home/kantorkristof/git/neurips-polymer/II_Experiment-Molecule/GNN/DIR.py[line:435] - INFO: Epoch [71/1000] Train_MSE: 14.158159 Val_MSE: 17.681734 | Total_Loss: 34.974024 Causal_Loss: 9.916781 DIR_Penalty: 121.554709 Spurious_Loss: 24.935688
2025-12-05 16:56:31,296 - /home/kantorkristof/git/neurips-polymer/II_Experiment-Molecule/GNN/DIR.py[line:435] - INFO: Epoch [72/1000] Train_MSE: 16.555414 Val_MSE: 18.873047 | Total_Loss: 36.841792 Causal_Loss: 11.150966 DIR_Penalty: 115.590528 Spurious_Loss: 25.575236
2025-12-05 16:56:31,981 - /home/kantorkristof/git/neurips-polymer/II_Experiment-Molecule/GNN/DIR.py[line:435] - INFO: Epoch [73/1000] Train_MSE: 11.086365 Val_MSE: 14.592795 | Total_Loss: 37.672392 Causal_Loss: 10.410480 DIR_Penalty: 145.316633 Spurious_Loss: 27.116595
2025-12-05 16:56:31,985 - /home/kantorkristof/git/neurips-polymer/II_Experiment-Molecule/GNN/DIR.py[line:449] - INFO: Best model saved at epoch 73 with val_mse 14.592795
2025-12-05 16:56:32,659 - /home/kantorkristof/git/neurips-polymer/II_Experiment-Molecule/GNN/DIR.py[line:435] - INFO: Epoch [74/1000] Train_MSE: 13.055748 Val_MSE: 16.243334 | Total_Loss: 39.208589 Causal_Loss: 12.530026 DIR_Penalty: 120.507417 Spurious_Loss: 26.558056
2025-12-05 16:56:33,342 - /home/kantorkristof/git/neurips-polymer/II_Experiment-Molecule/GNN/DIR.py[line:435] - INFO: Epoch [75/1000] Train_MSE: 12.230300 Val_MSE: 15.387350 | Total_Loss: 35.769169 Causal_Loss: 10.431275 DIR_Penalty: 124.159226 Spurious_Loss: 25.213734
2025-12-05 16:56:34,024 - /home/kantorkristof/git/neurips-polymer/II_Experiment-Molecule/GNN/DIR.py[line:435] - INFO: Epoch [76/1000] Train_MSE: 13.243360 Val_MSE: 15.852273 | Total_Loss: 36.930217 Causal_Loss: 11.742964 DIR_Penalty: 102.220758 Spurious_Loss: 25.085032
2025-12-05 16:56:34,698 - /home/kantorkristof/git/neurips-polymer/II_Experiment-Molecule/GNN/DIR.py[line:435] - INFO: Epoch [77/1000] Train_MSE: 23.072391 Val_MSE: 24.891269 | Total_Loss: 37.885276 Causal_Loss: 11.732142 DIR_Penalty: 120.805535 Spurious_Loss: 26.032329
2025-12-05 16:56:35,371 - /home/kantorkristof/git/neurips-polymer/II_Experiment-Molecule/GNN/DIR.py[line:435] - INFO: Epoch [78/1000] Train_MSE: 15.520115 Val_MSE: 17.928905 | Total_Loss: 39.267069 Causal_Loss: 12.352766 DIR_Penalty: 126.620315 Spurious_Loss: 26.787683
2025-12-05 16:56:36,053 - /home/kantorkristof/git/neurips-polymer/II_Experiment-Molecule/GNN/DIR.py[line:435] - INFO: Epoch [79/1000] Train_MSE: 12.930281 Val_MSE: 15.178220 | Total_Loss: 36.073123 Causal_Loss: 11.539311 DIR_Penalty: 97.471720 Spurious_Loss: 24.436340
2025-12-05 16:56:36,753 - /home/kantorkristof/git/neurips-polymer/II_Experiment-Molecule/GNN/DIR.py[line:435] - INFO: Epoch [80/1000] Train_MSE: 24.492455 Val_MSE: 26.267064 | Total_Loss: 36.974376 Causal_Loss: 11.470073 DIR_Penalty: 108.415977 Spurious_Loss: 25.395887
2025-12-05 16:56:37,446 - /home/kantorkristof/git/neurips-polymer/II_Experiment-Molecule/GNN/DIR.py[line:435] - INFO: Epoch [81/1000] Train_MSE: 17.639166 Val_MSE: 19.287558 | Total_Loss: 37.730484 Causal_Loss: 11.818809 DIR_Penalty: 104.155930 Spurious_Loss: 25.807519
2025-12-05 16:56:38,132 - /home/kantorkristof/git/neurips-polymer/II_Experiment-Molecule/GNN/DIR.py[line:435] - INFO: Epoch [82/1000] Train_MSE: 11.894783 Val_MSE: 14.606815 | Total_Loss: 37.037851 Causal_Loss: 10.699663 DIR_Penalty: 135.907277 Spurious_Loss: 26.202280
2025-12-05 16:56:38,845 - /home/kantorkristof/git/neurips-polymer/II_Experiment-Molecule/GNN/DIR.py[line:435] - INFO: Epoch [83/1000] Train_MSE: 12.436557 Val_MSE: 14.860647 | Total_Loss: 37.335620 Causal_Loss: 11.044735 DIR_Penalty: 116.398283 Spurious_Loss: 26.174487
2025-12-05 16:56:39,540 - /home/kantorkristof/git/neurips-polymer/II_Experiment-Molecule/GNN/DIR.py[line:435] - INFO: Epoch [84/1000] Train_MSE: 11.935317 Val_MSE: 14.877235 | Total_Loss: 36.013236 Causal_Loss: 10.767199 DIR_Penalty: 112.087853 Spurious_Loss: 25.133949
2025-12-05 16:56:40,228 - /home/kantorkristof/git/neurips-polymer/II_Experiment-Molecule/GNN/DIR.py[line:435] - INFO: Epoch [85/1000] Train_MSE: 13.741321 Val_MSE: 15.380204 | Total_Loss: 33.996667 Causal_Loss: 10.120845 DIR_Penalty: 97.803464 Spurious_Loss: 23.778019
2025-12-05 16:56:40,905 - /home/kantorkristof/git/neurips-polymer/II_Experiment-Molecule/GNN/DIR.py[line:435] - INFO: Epoch [86/1000] Train_MSE: 12.928901 Val_MSE: 14.784138 | Total_Loss: 33.703194 Causal_Loss: 9.955848 DIR_Penalty: 109.039813 Spurious_Loss: 23.638306
2025-12-05 16:56:41,610 - /home/kantorkristof/git/neurips-polymer/II_Experiment-Molecule/GNN/DIR.py[line:435] - INFO: Epoch [87/1000] Train_MSE: 19.470293 Val_MSE: 21.186075 | Total_Loss: 36.854149 Causal_Loss: 11.362070 DIR_Penalty: 112.232958 Spurious_Loss: 25.379846
2025-12-05 16:56:42,276 - /home/kantorkristof/git/neurips-polymer/II_Experiment-Molecule/GNN/DIR.py[line:435] - INFO: Epoch [88/1000] Train_MSE: 16.170905 Val_MSE: 17.715920 | Total_Loss: 35.182612 Causal_Loss: 10.165535 DIR_Penalty: 127.262690 Spurious_Loss: 24.889814
2025-12-05 16:56:42,948 - /home/kantorkristof/git/neurips-polymer/II_Experiment-Molecule/GNN/DIR.py[line:435] - INFO: Epoch [89/1000] Train_MSE: 13.826733 Val_MSE: 16.400260 | Total_Loss: 34.821618 Causal_Loss: 10.267273 DIR_Penalty: 104.837035 Spurious_Loss: 24.449507
2025-12-05 16:56:43,660 - /home/kantorkristof/git/neurips-polymer/II_Experiment-Molecule/GNN/DIR.py[line:435] - INFO: Epoch [90/1000] Train_MSE: 26.100909 Val_MSE: 27.622109 | Total_Loss: 32.958409 Causal_Loss: 9.247775 DIR_Penalty: 112.461226 Spurious_Loss: 23.598173
2025-12-05 16:56:44,323 - /home/kantorkristof/git/neurips-polymer/II_Experiment-Molecule/GNN/DIR.py[line:435] - INFO: Epoch [91/1000] Train_MSE: 12.645542 Val_MSE: 15.323354 | Total_Loss: 37.587886 Causal_Loss: 10.539188 DIR_Penalty: 163.768237 Spurious_Loss: 26.884929
2025-12-05 16:56:45,011 - /home/kantorkristof/git/neurips-polymer/II_Experiment-Molecule/GNN/DIR.py[line:435] - INFO: Epoch [92/1000] Train_MSE: 13.810712 Val_MSE: 16.112091 | Total_Loss: 33.291184 Causal_Loss: 10.049028 DIR_Penalty: 95.463669 Spurious_Loss: 23.146692
2025-12-05 16:56:45,731 - /home/kantorkristof/git/neurips-polymer/II_Experiment-Molecule/GNN/DIR.py[line:435] - INFO: Epoch [93/1000] Train_MSE: 11.711992 Val_MSE: 15.152520 | Total_Loss: 35.212256 Causal_Loss: 8.959574 DIR_Penalty: 153.858737 Spurious_Loss: 26.098823
2025-12-05 16:56:46,437 - /home/kantorkristof/git/neurips-polymer/II_Experiment-Molecule/GNN/DIR.py[line:435] - INFO: Epoch [94/1000] Train_MSE: 11.515187 Val_MSE: 14.463217 | Total_Loss: 38.556269 Causal_Loss: 10.912847 DIR_Penalty: 146.111628 Spurious_Loss: 27.497311
2025-12-05 16:56:46,441 - /home/kantorkristof/git/neurips-polymer/II_Experiment-Molecule/GNN/DIR.py[line:449] - INFO: Best model saved at epoch 94 with val_mse 14.463217
2025-12-05 16:56:47,171 - /home/kantorkristof/git/neurips-polymer/II_Experiment-Molecule/GNN/DIR.py[line:435] - INFO: Epoch [95/1000] Train_MSE: 11.681396 Val_MSE: 14.236256 | Total_Loss: 33.749664 Causal_Loss: 11.173201 DIR_Penalty: 77.512121 Spurious_Loss: 22.498951
2025-12-05 16:56:47,175 - /home/kantorkristof/git/neurips-polymer/II_Experiment-Molecule/GNN/DIR.py[line:449] - INFO: Best model saved at epoch 95 with val_mse 14.236256
2025-12-05 16:56:47,859 - /home/kantorkristof/git/neurips-polymer/II_Experiment-Molecule/GNN/DIR.py[line:435] - INFO: Epoch [96/1000] Train_MSE: 12.258600 Val_MSE: 14.568504 | Total_Loss: 38.092731 Causal_Loss: 11.601078 DIR_Penalty: 122.636366 Spurious_Loss: 26.369016
2025-12-05 16:56:48,528 - /home/kantorkristof/git/neurips-polymer/II_Experiment-Molecule/GNN/DIR.py[line:435] - INFO: Epoch [97/1000] Train_MSE: 11.397918 Val_MSE: 13.722089 | Total_Loss: 32.934617 Causal_Loss: 10.108754 DIR_Penalty: 84.964289 Spurious_Loss: 22.740898
2025-12-05 16:56:48,532 - /home/kantorkristof/git/neurips-polymer/II_Experiment-Molecule/GNN/DIR.py[line:449] - INFO: Best model saved at epoch 97 with val_mse 13.722089
2025-12-05 16:56:49,205 - /home/kantorkristof/git/neurips-polymer/II_Experiment-Molecule/GNN/DIR.py[line:435] - INFO: Epoch [98/1000] Train_MSE: 12.371603 Val_MSE: 15.006294 | Total_Loss: 34.240782 Causal_Loss: 9.318955 DIR_Penalty: 137.822031 Spurious_Loss: 24.784006
2025-12-05 16:56:49,891 - /home/kantorkristof/git/neurips-polymer/II_Experiment-Molecule/GNN/DIR.py[line:435] - INFO: Epoch [99/1000] Train_MSE: 12.096939 Val_MSE: 14.419247 | Total_Loss: 33.955201 Causal_Loss: 9.452703 DIR_Penalty: 130.799383 Spurious_Loss: 24.371698
2025-12-05 16:56:50,568 - /home/kantorkristof/git/neurips-polymer/II_Experiment-Molecule/GNN/DIR.py[line:435] - INFO: Epoch [100/1000] Train_MSE: 11.224352 Val_MSE: 13.650163 | Total_Loss: 34.204914 Causal_Loss: 10.054930 DIR_Penalty: 118.514307 Spurious_Loss: 24.031469
2025-12-05 16:56:50,572 - /home/kantorkristof/git/neurips-polymer/II_Experiment-Molecule/GNN/DIR.py[line:449] - INFO: Best model saved at epoch 100 with val_mse 13.650163
2025-12-05 16:56:51,242 - /home/kantorkristof/git/neurips-polymer/II_Experiment-Molecule/GNN/DIR.py[line:435] - INFO: Epoch [101/1000] Train_MSE: 12.412654 Val_MSE: 14.869859 | Total_Loss: 34.139472 Causal_Loss: 10.733908 DIR_Penalty: 85.055682 Spurious_Loss: 23.320507
2025-12-05 16:56:51,925 - /home/kantorkristof/git/neurips-polymer/II_Experiment-Molecule/GNN/DIR.py[line:435] - INFO: Epoch [102/1000] Train_MSE: 15.335495 Val_MSE: 17.630603 | Total_Loss: 33.335774 Causal_Loss: 10.289216 DIR_Penalty: 88.198215 Spurious_Loss: 22.958360
2025-12-05 16:56:52,607 - /home/kantorkristof/git/neurips-polymer/II_Experiment-Molecule/GNN/DIR.py[line:435] - INFO: Epoch [103/1000] Train_MSE: 10.946925 Val_MSE: 14.401893 | Total_Loss: 34.692701 Causal_Loss: 9.911590 DIR_Penalty: 121.514223 Spurious_Loss: 24.659596
2025-12-05 16:56:53,311 - /home/kantorkristof/git/neurips-polymer/II_Experiment-Molecule/GNN/DIR.py[line:435] - INFO: Epoch [104/1000] Train_MSE: 11.813064 Val_MSE: 14.940204 | Total_Loss: 36.670065 Causal_Loss: 11.746905 DIR_Penalty: 105.192386 Spurious_Loss: 24.817967
2025-12-05 16:56:54,000 - /home/kantorkristof/git/neurips-polymer/II_Experiment-Molecule/GNN/DIR.py[line:435] - INFO: Epoch [105/1000] Train_MSE: 12.804167 Val_MSE: 14.970674 | Total_Loss: 32.418272 Causal_Loss: 9.128989 DIR_Penalty: 108.379716 Spurious_Loss: 23.180904
2025-12-05 16:56:54,647 - /home/kantorkristof/git/neurips-polymer/II_Experiment-Molecule/GNN/DIR.py[line:435] - INFO: Epoch [106/1000] Train_MSE: 12.508331 Val_MSE: 14.497565 | Total_Loss: 37.990109 Causal_Loss: 10.358996 DIR_Penalty: 154.972631 Spurious_Loss: 27.476140
2025-12-05 16:56:55,323 - /home/kantorkristof/git/neurips-polymer/II_Experiment-Molecule/GNN/DIR.py[line:435] - INFO: Epoch [107/1000] Train_MSE: 12.893483 Val_MSE: 14.759796 | Total_Loss: 36.799427 Causal_Loss: 10.122074 DIR_Penalty: 146.873042 Spurious_Loss: 26.530480
2025-12-05 16:56:56,006 - /home/kantorkristof/git/neurips-polymer/II_Experiment-Molecule/GNN/DIR.py[line:435] - INFO: Epoch [108/1000] Train_MSE: 13.956533 Val_MSE: 16.144225 | Total_Loss: 36.305119 Causal_Loss: 10.659593 DIR_Penalty: 119.980876 Spurious_Loss: 25.525545
2025-12-05 16:56:56,698 - /home/kantorkristof/git/neurips-polymer/II_Experiment-Molecule/GNN/DIR.py[line:435] - INFO: Epoch [109/1000] Train_MSE: 11.904289 Val_MSE: 14.552926 | Total_Loss: 32.237870 Causal_Loss: 9.473901 DIR_Penalty: 101.186563 Spurious_Loss: 22.662782
2025-12-05 16:56:57,365 - /home/kantorkristof/git/neurips-polymer/II_Experiment-Molecule/GNN/DIR.py[line:435] - INFO: Epoch [110/1000] Train_MSE: 16.814053 Val_MSE: 19.231046 | Total_Loss: 34.751863 Causal_Loss: 9.482389 DIR_Penalty: 136.112082 Spurious_Loss: 25.133362
2025-12-05 16:56:58,036 - /home/kantorkristof/git/neurips-polymer/II_Experiment-Molecule/GNN/DIR.py[line:435] - INFO: Epoch [111/1000] Train_MSE: 13.960147 Val_MSE: 17.158242 | Total_Loss: 33.303596 Causal_Loss: 9.733934 DIR_Penalty: 103.193722 Spurious_Loss: 23.466468
2025-12-05 16:56:58,690 - /home/kantorkristof/git/neurips-polymer/II_Experiment-Molecule/GNN/DIR.py[line:435] - INFO: Epoch [112/1000] Train_MSE: 15.943443 Val_MSE: 17.661108 | Total_Loss: 34.690482 Causal_Loss: 11.495230 DIR_Penalty: 77.714290 Spurious_Loss: 23.117538
2025-12-05 16:56:59,356 - /home/kantorkristof/git/neurips-polymer/II_Experiment-Molecule/GNN/DIR.py[line:435] - INFO: Epoch [113/1000] Train_MSE: 11.796525 Val_MSE: 14.655029 | Total_Loss: 34.325891 Causal_Loss: 10.377602 DIR_Penalty: 105.815464 Spurious_Loss: 23.842473
2025-12-05 16:57:00,046 - /home/kantorkristof/git/neurips-polymer/II_Experiment-Molecule/GNN/DIR.py[line:435] - INFO: Epoch [114/1000] Train_MSE: 17.928566 Val_MSE: 20.322583 | Total_Loss: 32.937811 Causal_Loss: 10.463929 DIR_Penalty: 82.622498 Spurious_Loss: 22.391260
2025-12-05 16:57:00,727 - /home/kantorkristof/git/neurips-polymer/II_Experiment-Molecule/GNN/DIR.py[line:435] - INFO: Epoch [115/1000] Train_MSE: 17.761207 Val_MSE: 19.639806 | Total_Loss: 36.592998 Causal_Loss: 10.650640 DIR_Penalty: 139.354104 Spurious_Loss: 25.803003
2025-12-05 16:57:01,417 - /home/kantorkristof/git/neurips-polymer/II_Experiment-Molecule/GNN/DIR.py[line:435] - INFO: Epoch [116/1000] Train_MSE: 11.622268 Val_MSE: 14.715774 | Total_Loss: 35.421936 Causal_Loss: 10.363352 DIR_Penalty: 121.522617 Spurious_Loss: 24.937061
2025-12-05 16:57:02,079 - /home/kantorkristof/git/neurips-polymer/II_Experiment-Molecule/GNN/DIR.py[line:435] - INFO: Epoch [117/1000] Train_MSE: 12.451655 Val_MSE: 15.290515 | Total_Loss: 37.783992 Causal_Loss: 10.244496 DIR_Penalty: 165.798422 Spurious_Loss: 27.373697
2025-12-05 16:57:02,760 - /home/kantorkristof/git/neurips-polymer/II_Experiment-Molecule/GNN/DIR.py[line:435] - INFO: Epoch [118/1000] Train_MSE: 11.312748 Val_MSE: 14.306813 | Total_Loss: 33.616883 Causal_Loss: 9.918823 DIR_Penalty: 97.859495 Spurious_Loss: 23.600200
2025-12-05 16:57:03,469 - /home/kantorkristof/git/neurips-polymer/II_Experiment-Molecule/GNN/DIR.py[line:435] - INFO: Epoch [119/1000] Train_MSE: 12.098190 Val_MSE: 14.524634 | Total_Loss: 34.718208 Causal_Loss: 9.837218 DIR_Penalty: 125.712742 Spurious_Loss: 24.755278
2025-12-05 16:57:04,162 - /home/kantorkristof/git/neurips-polymer/II_Experiment-Molecule/GNN/DIR.py[line:435] - INFO: Epoch [120/1000] Train_MSE: 13.226670 Val_MSE: 16.716449 | Total_Loss: 35.502445 Causal_Loss: 10.374415 DIR_Penalty: 129.284925 Spurious_Loss: 24.998744
2025-12-05 16:57:04,867 - /home/kantorkristof/git/neurips-polymer/II_Experiment-Molecule/GNN/DIR.py[line:435] - INFO: Epoch [121/1000] Train_MSE: 11.686446 Val_MSE: 14.745794 | Total_Loss: 34.215285 Causal_Loss: 9.627780 DIR_Penalty: 126.373111 Spurious_Loss: 24.461133
2025-12-05 16:57:05,555 - /home/kantorkristof/git/neurips-polymer/II_Experiment-Molecule/GNN/DIR.py[line:435] - INFO: Epoch [122/1000] Train_MSE: 18.587884 Val_MSE: 19.969693 | Total_Loss: 35.192003 Causal_Loss: 10.035906 DIR_Penalty: 120.396578 Spurious_Loss: 25.035700
2025-12-05 16:57:06,246 - /home/kantorkristof/git/neurips-polymer/II_Experiment-Molecule/GNN/DIR.py[line:435] - INFO: Epoch [123/1000] Train_MSE: 14.805679 Val_MSE: 16.766565 | Total_Loss: 34.274746 Causal_Loss: 10.094011 DIR_Penalty: 107.936448 Spurious_Loss: 24.072799
2025-12-05 16:57:06,914 - /home/kantorkristof/git/neurips-polymer/II_Experiment-Molecule/GNN/DIR.py[line:435] - INFO: Epoch [124/1000] Train_MSE: 12.187981 Val_MSE: 14.899964 | Total_Loss: 32.072581 Causal_Loss: 8.889092 DIR_Penalty: 105.559268 Spurious_Loss: 23.077931
2025-12-05 16:57:07,575 - /home/kantorkristof/git/neurips-polymer/II_Experiment-Molecule/GNN/DIR.py[line:435] - INFO: Epoch [125/1000] Train_MSE: 12.041132 Val_MSE: 15.228514 | Total_Loss: 33.182893 Causal_Loss: 9.846148 DIR_Penalty: 114.003865 Spurious_Loss: 23.222741
2025-12-05 16:57:08,257 - /home/kantorkristof/git/neurips-polymer/II_Experiment-Molecule/GNN/DIR.py[line:435] - INFO: Epoch [126/1000] Train_MSE: 14.035868 Val_MSE: 15.894122 | Total_Loss: 38.730789 Causal_Loss: 13.151722 DIR_Penalty: 93.044957 Spurious_Loss: 25.486022
2025-12-05 16:57:08,925 - /home/kantorkristof/git/neurips-polymer/II_Experiment-Molecule/GNN/DIR.py[line:435] - INFO: Epoch [127/1000] Train_MSE: 14.070255 Val_MSE: 15.995787 | Total_Loss: 35.672976 Causal_Loss: 10.845594 DIR_Penalty: 113.607621 Spurious_Loss: 24.713774
2025-12-05 16:57:09,635 - /home/kantorkristof/git/neurips-polymer/II_Experiment-Molecule/GNN/DIR.py[line:435] - INFO: Epoch [128/1000] Train_MSE: 12.413214 Val_MSE: 14.896112 | Total_Loss: 32.868426 Causal_Loss: 9.554641 DIR_Penalty: 99.256482 Spurious_Loss: 23.214529
2025-12-05 16:57:10,341 - /home/kantorkristof/git/neurips-polymer/II_Experiment-Molecule/GNN/DIR.py[line:435] - INFO: Epoch [129/1000] Train_MSE: 11.217045 Val_MSE: 14.111980 | Total_Loss: 33.661565 Causal_Loss: 10.186226 DIR_Penalty: 105.994967 Spurious_Loss: 23.369344
2025-12-05 16:57:11,015 - /home/kantorkristof/git/neurips-polymer/II_Experiment-Molecule/GNN/DIR.py[line:435] - INFO: Epoch [130/1000] Train_MSE: 13.209313 Val_MSE: 15.745017 | Total_Loss: 36.374278 Causal_Loss: 10.939098 DIR_Penalty: 120.161603 Spurious_Loss: 25.315018
2025-12-05 16:57:11,707 - /home/kantorkristof/git/neurips-polymer/II_Experiment-Molecule/GNN/DIR.py[line:435] - INFO: Epoch [131/1000] Train_MSE: 12.978794 Val_MSE: 15.911387 | Total_Loss: 33.988284 Causal_Loss: 8.572261 DIR_Penalty: 157.410406 Spurious_Loss: 25.258613
2025-12-05 16:57:12,391 - /home/kantorkristof/git/neurips-polymer/II_Experiment-Molecule/GNN/DIR.py[line:435] - INFO: Epoch [132/1000] Train_MSE: 11.348021 Val_MSE: 13.955304 | Total_Loss: 33.239407 Causal_Loss: 9.552849 DIR_Penalty: 111.852551 Spurious_Loss: 23.574706
2025-12-05 16:57:13,093 - /home/kantorkristof/git/neurips-polymer/II_Experiment-Molecule/GNN/DIR.py[line:435] - INFO: Epoch [133/1000] Train_MSE: 13.423959 Val_MSE: 15.574400 | Total_Loss: 33.080254 Causal_Loss: 9.582286 DIR_Penalty: 102.362606 Spurious_Loss: 23.395605
2025-12-05 16:57:13,769 - /home/kantorkristof/git/neurips-polymer/II_Experiment-Molecule/GNN/DIR.py[line:435] - INFO: Epoch [134/1000] Train_MSE: 11.420302 Val_MSE: 14.123851 | Total_Loss: 32.766093 Causal_Loss: 9.713705 DIR_Penalty: 96.844399 Spurious_Loss: 22.955543
2025-12-05 16:57:14,477 - /home/kantorkristof/git/neurips-polymer/II_Experiment-Molecule/GNN/DIR.py[line:435] - INFO: Epoch [135/1000] Train_MSE: 13.796778 Val_MSE: 15.687758 | Total_Loss: 33.252259 Causal_Loss: 9.192315 DIR_Penalty: 113.403982 Spurious_Loss: 23.946540
2025-12-05 16:57:15,183 - /home/kantorkristof/git/neurips-polymer/II_Experiment-Molecule/GNN/DIR.py[line:435] - INFO: Epoch [136/1000] Train_MSE: 13.063273 Val_MSE: 16.014550 | Total_Loss: 35.301964 Causal_Loss: 9.947665 DIR_Penalty: 127.450666 Spurious_Loss: 25.226848
2025-12-05 16:57:15,884 - /home/kantorkristof/git/neurips-polymer/II_Experiment-Molecule/GNN/DIR.py[line:435] - INFO: Epoch [137/1000] Train_MSE: 12.321585 Val_MSE: 14.755380 | Total_Loss: 33.073698 Causal_Loss: 9.637295 DIR_Penalty: 99.527059 Spurious_Loss: 23.336875
2025-12-05 16:57:16,572 - /home/kantorkristof/git/neurips-polymer/II_Experiment-Molecule/GNN/DIR.py[line:435] - INFO: Epoch [138/1000] Train_MSE: 12.227908 Val_MSE: 14.986434 | Total_Loss: 33.594347 Causal_Loss: 10.165461 DIR_Penalty: 109.579687 Spurious_Loss: 23.319306
2025-12-05 16:57:17,253 - /home/kantorkristof/git/neurips-polymer/II_Experiment-Molecule/GNN/DIR.py[line:435] - INFO: Epoch [139/1000] Train_MSE: 12.306941 Val_MSE: 15.901502 | Total_Loss: 34.342371 Causal_Loss: 10.251357 DIR_Penalty: 103.370690 Spurious_Loss: 23.987644
2025-12-05 16:57:17,942 - /home/kantorkristof/git/neurips-polymer/II_Experiment-Molecule/GNN/DIR.py[line:435] - INFO: Epoch [140/1000] Train_MSE: 11.955014 Val_MSE: 14.681393 | Total_Loss: 34.727809 Causal_Loss: 11.291030 DIR_Penalty: 79.491806 Spurious_Loss: 23.357287
2025-12-05 16:57:18,648 - /home/kantorkristof/git/neurips-polymer/II_Experiment-Molecule/GNN/DIR.py[line:435] - INFO: Epoch [141/1000] Train_MSE: 20.178931 Val_MSE: 21.970910 | Total_Loss: 33.244652 Causal_Loss: 9.689550 DIR_Penalty: 102.861966 Spurious_Loss: 23.452240
2025-12-05 16:57:19,339 - /home/kantorkristof/git/neurips-polymer/II_Experiment-Molecule/GNN/DIR.py[line:435] - INFO: Epoch [142/1000] Train_MSE: 12.356489 Val_MSE: 16.241316 | Total_Loss: 34.461991 Causal_Loss: 9.679686 DIR_Penalty: 130.681115 Spurious_Loss: 24.651624
2025-12-05 16:57:20,031 - /home/kantorkristof/git/neurips-polymer/II_Experiment-Molecule/GNN/DIR.py[line:435] - INFO: Epoch [143/1000] Train_MSE: 17.981093 Val_MSE: 22.030428 | Total_Loss: 33.688345 Causal_Loss: 10.161756 DIR_Penalty: 95.731506 Spurious_Loss: 23.430857
2025-12-05 16:57:20,732 - /home/kantorkristof/git/neurips-polymer/II_Experiment-Molecule/GNN/DIR.py[line:435] - INFO: Epoch [144/1000] Train_MSE: 12.384614 Val_MSE: 14.812653 | Total_Loss: 38.545832 Causal_Loss: 11.062300 DIR_Penalty: 146.178988 Spurious_Loss: 27.337353
2025-12-05 16:57:21,436 - /home/kantorkristof/git/neurips-polymer/II_Experiment-Molecule/GNN/DIR.py[line:435] - INFO: Epoch [145/1000] Train_MSE: 12.015018 Val_MSE: 14.639095 | Total_Loss: 35.212051 Causal_Loss: 10.661759 DIR_Penalty: 104.421454 Spurious_Loss: 24.445870
2025-12-05 16:57:22,134 - /home/kantorkristof/git/neurips-polymer/II_Experiment-Molecule/GNN/DIR.py[line:435] - INFO: Epoch [146/1000] Train_MSE: 15.684475 Val_MSE: 17.597006 | Total_Loss: 34.036029 Causal_Loss: 9.225677 DIR_Penalty: 129.286387 Spurious_Loss: 24.681066
2025-12-05 16:57:22,878 - /home/kantorkristof/git/neurips-polymer/II_Experiment-Molecule/GNN/DIR.py[line:435] - INFO: Epoch [147/1000] Train_MSE: 13.598623 Val_MSE: 17.415905 | Total_Loss: 32.287592 Causal_Loss: 9.394545 DIR_Penalty: 98.581078 Spurious_Loss: 22.794466
2025-12-05 16:57:23,593 - /home/kantorkristof/git/neurips-polymer/II_Experiment-Molecule/GNN/DIR.py[line:435] - INFO: Epoch [148/1000] Train_MSE: 12.400091 Val_MSE: 14.866358 | Total_Loss: 32.153809 Causal_Loss: 9.730508 DIR_Penalty: 84.776990 Spurious_Loss: 22.338525
2025-12-05 16:57:24,321 - /home/kantorkristof/git/neurips-polymer/II_Experiment-Molecule/GNN/DIR.py[line:435] - INFO: Epoch [149/1000] Train_MSE: 12.745574 Val_MSE: 15.291934 | Total_Loss: 32.732999 Causal_Loss: 8.995857 DIR_Penalty: 115.977655 Spurious_Loss: 23.621164
2025-12-05 16:57:25,018 - /home/kantorkristof/git/neurips-polymer/II_Experiment-Molecule/GNN/DIR.py[line:435] - INFO: Epoch [150/1000] Train_MSE: 12.494077 Val_MSE: 15.376664 | Total_Loss: 31.214429 Causal_Loss: 8.311793 DIR_Penalty: 116.458347 Spurious_Loss: 22.786177
2025-12-05 16:57:25,764 - /home/kantorkristof/git/neurips-polymer/II_Experiment-Molecule/GNN/DIR.py[line:435] - INFO: Epoch [151/1000] Train_MSE: 13.980164 Val_MSE: 16.171176 | Total_Loss: 34.606745 Causal_Loss: 9.600725 DIR_Penalty: 129.720384 Spurious_Loss: 24.876300
2025-12-05 16:57:26,519 - /home/kantorkristof/git/neurips-polymer/II_Experiment-Molecule/GNN/DIR.py[line:435] - INFO: Epoch [152/1000] Train_MSE: 11.866780 Val_MSE: 14.759307 | Total_Loss: 34.251592 Causal_Loss: 9.232279 DIR_Penalty: 137.053785 Spurious_Loss: 24.882259
2025-12-05 16:57:27,220 - /home/kantorkristof/git/neurips-polymer/II_Experiment-Molecule/GNN/DIR.py[line:435] - INFO: Epoch [153/1000] Train_MSE: 12.681097 Val_MSE: 15.385563 | Total_Loss: 37.308752 Causal_Loss: 10.575153 DIR_Penalty: 141.184102 Spurious_Loss: 26.592415
2025-12-05 16:57:27,888 - /home/kantorkristof/git/neurips-polymer/II_Experiment-Molecule/GNN/DIR.py[line:435] - INFO: Epoch [154/1000] Train_MSE: 16.955261 Val_MSE: 18.409051 | Total_Loss: 33.783675 Causal_Loss: 10.095011 DIR_Penalty: 102.674657 Spurious_Loss: 23.585990
2025-12-05 16:57:28,524 - /home/kantorkristof/git/neurips-polymer/II_Experiment-Molecule/GNN/DIR.py[line:435] - INFO: Epoch [155/1000] Train_MSE: 12.135345 Val_MSE: 14.393284 | Total_Loss: 33.838480 Causal_Loss: 10.242804 DIR_Penalty: 94.842323 Spurious_Loss: 23.500834
2025-12-05 16:57:29,195 - /home/kantorkristof/git/neurips-polymer/II_Experiment-Molecule/GNN/DIR.py[line:435] - INFO: Epoch [156/1000] Train_MSE: 12.547388 Val_MSE: 14.566934 | Total_Loss: 35.612891 Causal_Loss: 8.581448 DIR_Penalty: 179.208273 Spurious_Loss: 26.852236
2025-12-05 16:57:29,852 - /home/kantorkristof/git/neurips-polymer/II_Experiment-Molecule/GNN/DIR.py[line:435] - INFO: Epoch [157/1000] Train_MSE: 12.429059 Val_MSE: 14.615550 | Total_Loss: 33.455380 Causal_Loss: 9.354275 DIR_Penalty: 131.675951 Spurious_Loss: 23.969428
2025-12-05 16:57:30,490 - /home/kantorkristof/git/neurips-polymer/II_Experiment-Molecule/GNN/DIR.py[line:435] - INFO: Epoch [158/1000] Train_MSE: 12.914905 Val_MSE: 15.043327 | Total_Loss: 34.241442 Causal_Loss: 10.357096 DIR_Penalty: 95.374192 Spurious_Loss: 23.788972
2025-12-05 16:57:31,130 - /home/kantorkristof/git/neurips-polymer/II_Experiment-Molecule/GNN/DIR.py[line:435] - INFO: Epoch [159/1000] Train_MSE: 13.041714 Val_MSE: 15.091083 | Total_Loss: 33.806925 Causal_Loss: 9.479248 DIR_Penalty: 119.469945 Spurious_Loss: 24.208208
2025-12-05 16:57:31,772 - /home/kantorkristof/git/neurips-polymer/II_Experiment-Molecule/GNN/DIR.py[line:435] - INFO: Epoch [160/1000] Train_MSE: 12.157631 Val_MSE: 14.403932 | Total_Loss: 32.790634 Causal_Loss: 9.422325 DIR_Penalty: 118.376741 Spurious_Loss: 23.249933
2025-12-05 16:57:32,416 - /home/kantorkristof/git/neurips-polymer/II_Experiment-Molecule/GNN/DIR.py[line:435] - INFO: Epoch [161/1000] Train_MSE: 13.785998 Val_MSE: 15.143578 | Total_Loss: 33.087203 Causal_Loss: 9.404156 DIR_Penalty: 119.310204 Spurious_Loss: 23.563736
2025-12-05 16:57:33,058 - /home/kantorkristof/git/neurips-polymer/II_Experiment-Molecule/GNN/DIR.py[line:435] - INFO: Epoch [162/1000] Train_MSE: 13.135273 Val_MSE: 15.665298 | Total_Loss: 31.006451 Causal_Loss: 8.318697 DIR_Penalty: 115.643045 Spurious_Loss: 22.572111
2025-12-05 16:57:33,748 - /home/kantorkristof/git/neurips-polymer/II_Experiment-Molecule/GNN/DIR.py[line:435] - INFO: Epoch [163/1000] Train_MSE: 14.872667 Val_MSE: 16.620790 | Total_Loss: 33.093468 Causal_Loss: 7.815514 DIR_Penalty: 164.078010 Spurious_Loss: 25.113876
2025-12-05 16:57:34,427 - /home/kantorkristof/git/neurips-polymer/II_Experiment-Molecule/GNN/DIR.py[line:435] - INFO: Epoch [164/1000] Train_MSE: 13.911509 Val_MSE: 15.581677 | Total_Loss: 35.110785 Causal_Loss: 9.053834 DIR_Penalty: 151.353564 Spurious_Loss: 25.905597
2025-12-05 16:57:35,080 - /home/kantorkristof/git/neurips-polymer/II_Experiment-Molecule/GNN/DIR.py[line:435] - INFO: Epoch [165/1000] Train_MSE: 14.368783 Val_MSE: 17.234586 | Total_Loss: 32.847707 Causal_Loss: 9.010813 DIR_Penalty: 116.151162 Spurious_Loss: 23.720742
2025-12-05 16:57:35,719 - /home/kantorkristof/git/neurips-polymer/II_Experiment-Molecule/GNN/DIR.py[line:435] - INFO: Epoch [166/1000] Train_MSE: 20.161107 Val_MSE: 21.967229 | Total_Loss: 35.382235 Causal_Loss: 10.604802 DIR_Penalty: 118.123035 Spurious_Loss: 24.659310
2025-12-05 16:57:36,372 - /home/kantorkristof/git/neurips-polymer/II_Experiment-Molecule/GNN/DIR.py[line:435] - INFO: Epoch [167/1000] Train_MSE: 12.813505 Val_MSE: 15.221088 | Total_Loss: 36.330813 Causal_Loss: 10.403087 DIR_Penalty: 128.571355 Spurious_Loss: 25.799154
2025-12-05 16:57:37,026 - /home/kantorkristof/git/neurips-polymer/II_Experiment-Molecule/GNN/DIR.py[line:435] - INFO: Epoch [168/1000] Train_MSE: 12.560218 Val_MSE: 15.519691 | Total_Loss: 34.387213 Causal_Loss: 10.597021 DIR_Penalty: 97.622704 Spurious_Loss: 23.692570
2025-12-05 16:57:37,666 - /home/kantorkristof/git/neurips-polymer/II_Experiment-Molecule/GNN/DIR.py[line:435] - INFO: Epoch [169/1000] Train_MSE: 12.474655 Val_MSE: 14.878046 | Total_Loss: 31.655048 Causal_Loss: 9.394945 DIR_Penalty: 86.607371 Spurious_Loss: 22.173496
2025-12-05 16:57:38,302 - /home/kantorkristof/git/neurips-polymer/II_Experiment-Molecule/GNN/DIR.py[line:435] - INFO: Epoch [170/1000] Train_MSE: 13.412606 Val_MSE: 15.502908 | Total_Loss: 31.990680 Causal_Loss: 8.697052 DIR_Penalty: 119.552397 Spurious_Loss: 23.174076
2025-12-05 16:57:38,943 - /home/kantorkristof/git/neurips-polymer/II_Experiment-Molecule/GNN/DIR.py[line:435] - INFO: Epoch [171/1000] Train_MSE: 14.598974 Val_MSE: 16.346374 | Total_Loss: 34.718692 Causal_Loss: 10.544285 DIR_Penalty: 103.433573 Spurious_Loss: 24.070974
2025-12-05 16:57:39,579 - /home/kantorkristof/git/neurips-polymer/II_Experiment-Molecule/GNN/DIR.py[line:435] - INFO: Epoch [172/1000] Train_MSE: 13.474741 Val_MSE: 14.775872 | Total_Loss: 34.104315 Causal_Loss: 9.468754 DIR_Penalty: 131.924271 Spurious_Loss: 24.503637
2025-12-05 16:57:40,213 - /home/kantorkristof/git/neurips-polymer/II_Experiment-Molecule/GNN/DIR.py[line:435] - INFO: Epoch [173/1000] Train_MSE: 11.951781 Val_MSE: 13.746793 | Total_Loss: 32.926490 Causal_Loss: 8.367757 DIR_Penalty: 140.491203 Spurious_Loss: 24.418242
2025-12-05 16:57:40,852 - /home/kantorkristof/git/neurips-polymer/II_Experiment-Molecule/GNN/DIR.py[line:435] - INFO: Epoch [174/1000] Train_MSE: 12.391872 Val_MSE: 14.300430 | Total_Loss: 33.214750 Causal_Loss: 9.255139 DIR_Penalty: 117.615932 Spurious_Loss: 23.841996
2025-12-05 16:57:41,490 - /home/kantorkristof/git/neurips-polymer/II_Experiment-Molecule/GNN/DIR.py[line:435] - INFO: Epoch [175/1000] Train_MSE: 12.583353 Val_MSE: 14.471409 | Total_Loss: 31.942963 Causal_Loss: 8.729068 DIR_Penalty: 112.943907 Spurious_Loss: 23.100951
2025-12-05 16:57:42,120 - /home/kantorkristof/git/neurips-polymer/II_Experiment-Molecule/GNN/DIR.py[line:435] - INFO: Epoch [176/1000] Train_MSE: 12.996466 Val_MSE: 14.548878 | Total_Loss: 30.618783 Causal_Loss: 8.356713 DIR_Penalty: 104.109289 Spurious_Loss: 22.157961
2025-12-05 16:57:42,757 - /home/kantorkristof/git/neurips-polymer/II_Experiment-Molecule/GNN/DIR.py[line:435] - INFO: Epoch [177/1000] Train_MSE: 15.352186 Val_MSE: 16.337338 | Total_Loss: 35.117344 Causal_Loss: 10.088527 DIR_Penalty: 118.708741 Spurious_Loss: 24.910107
2025-12-05 16:57:43,420 - /home/kantorkristof/git/neurips-polymer/II_Experiment-Molecule/GNN/DIR.py[line:435] - INFO: Epoch [178/1000] Train_MSE: 13.678426 Val_MSE: 15.016943 | Total_Loss: 33.029606 Causal_Loss: 9.349774 DIR_Penalty: 108.588770 Spurious_Loss: 23.571243
2025-12-05 16:57:44,077 - /home/kantorkristof/git/neurips-polymer/II_Experiment-Molecule/GNN/DIR.py[line:435] - INFO: Epoch [179/1000] Train_MSE: 12.728969 Val_MSE: 14.459651 | Total_Loss: 32.582346 Causal_Loss: 9.478657 DIR_Penalty: 102.151352 Spurious_Loss: 23.001538
2025-12-05 16:57:44,744 - /home/kantorkristof/git/neurips-polymer/II_Experiment-Molecule/GNN/DIR.py[line:435] - INFO: Epoch [180/1000] Train_MSE: 14.896462 Val_MSE: 15.941042 | Total_Loss: 30.146866 Causal_Loss: 9.198145 DIR_Penalty: 71.755802 Spurious_Loss: 20.876966
2025-12-05 16:57:45,423 - /home/kantorkristof/git/neurips-polymer/II_Experiment-Molecule/GNN/DIR.py[line:435] - INFO: Epoch [181/1000] Train_MSE: 12.782347 Val_MSE: 15.476388 | Total_Loss: 34.361185 Causal_Loss: 9.601052 DIR_Penalty: 131.738213 Spurious_Loss: 24.628394
2025-12-05 16:57:46,118 - /home/kantorkristof/git/neurips-polymer/II_Experiment-Molecule/GNN/DIR.py[line:435] - INFO: Epoch [182/1000] Train_MSE: 17.046660 Val_MSE: 20.423874 | Total_Loss: 32.757039 Causal_Loss: 8.169482 DIR_Penalty: 145.176733 Spurious_Loss: 24.442380
2025-12-05 16:57:46,802 - /home/kantorkristof/git/neurips-polymer/II_Experiment-Molecule/GNN/DIR.py[line:435] - INFO: Epoch [183/1000] Train_MSE: 12.820410 Val_MSE: 15.068007 | Total_Loss: 31.599744 Causal_Loss: 8.745173 DIR_Penalty: 108.579382 Spurious_Loss: 22.745992
2025-12-05 16:57:47,472 - /home/kantorkristof/git/neurips-polymer/II_Experiment-Molecule/GNN/DIR.py[line:435] - INFO: Epoch [184/1000] Train_MSE: 12.472354 Val_MSE: 14.591497 | Total_Loss: 34.007913 Causal_Loss: 10.334987 DIR_Penalty: 100.321733 Spurious_Loss: 23.572604
2025-12-05 16:57:48,130 - /home/kantorkristof/git/neurips-polymer/II_Experiment-Molecule/GNN/DIR.py[line:435] - INFO: Epoch [185/1000] Train_MSE: 13.796041 Val_MSE: 15.483164 | Total_Loss: 34.021117 Causal_Loss: 10.890535 DIR_Penalty: 91.296414 Spurious_Loss: 23.039286
2025-12-05 16:57:48,809 - /home/kantorkristof/git/neurips-polymer/II_Experiment-Molecule/GNN/DIR.py[line:435] - INFO: Epoch [186/1000] Train_MSE: 14.316346 Val_MSE: 15.488407 | Total_Loss: 31.750056 Causal_Loss: 8.353949 DIR_Penalty: 116.866345 Spurious_Loss: 23.279240
2025-12-05 16:57:49,478 - /home/kantorkristof/git/neurips-polymer/II_Experiment-Molecule/GNN/DIR.py[line:435] - INFO: Epoch [187/1000] Train_MSE: 14.020809 Val_MSE: 16.629005 | Total_Loss: 32.906719 Causal_Loss: 8.659635 DIR_Penalty: 140.160699 Spurious_Loss: 24.106923
2025-12-05 16:57:50,160 - /home/kantorkristof/git/neurips-polymer/II_Experiment-Molecule/GNN/DIR.py[line:435] - INFO: Epoch [188/1000] Train_MSE: 17.207892 Val_MSE: 20.763182 | Total_Loss: 31.464832 Causal_Loss: 8.672917 DIR_Penalty: 114.186210 Spurious_Loss: 22.677728
2025-12-05 16:57:50,804 - /home/kantorkristof/git/neurips-polymer/II_Experiment-Molecule/GNN/DIR.py[line:435] - INFO: Epoch [189/1000] Train_MSE: 13.565881 Val_MSE: 15.177133 | Total_Loss: 35.593017 Causal_Loss: 8.769972 DIR_Penalty: 173.802531 Spurious_Loss: 26.649242
2025-12-05 16:57:51,437 - /home/kantorkristof/git/neurips-polymer/II_Experiment-Molecule/GNN/DIR.py[line:435] - INFO: Epoch [190/1000] Train_MSE: 13.753044 Val_MSE: 15.446098 | Total_Loss: 36.010891 Causal_Loss: 10.315119 DIR_Penalty: 130.948897 Spurious_Loss: 25.564823
2025-12-05 16:57:52,107 - /home/kantorkristof/git/neurips-polymer/II_Experiment-Molecule/GNN/DIR.py[line:435] - INFO: Epoch [191/1000] Train_MSE: 12.888667 Val_MSE: 14.940407 | Total_Loss: 33.111426 Causal_Loss: 9.002288 DIR_Penalty: 118.866615 Spurious_Loss: 23.990271
2025-12-05 16:57:52,784 - /home/kantorkristof/git/neurips-polymer/II_Experiment-Molecule/GNN/DIR.py[line:435] - INFO: Epoch [192/1000] Train_MSE: 12.780657 Val_MSE: 15.478660 | Total_Loss: 33.767268 Causal_Loss: 8.722332 DIR_Penalty: 156.195942 Spurious_Loss: 24.888740
2025-12-05 16:57:53,451 - /home/kantorkristof/git/neurips-polymer/II_Experiment-Molecule/GNN/DIR.py[line:435] - INFO: Epoch [193/1000] Train_MSE: 11.749767 Val_MSE: 14.371902 | Total_Loss: 32.177625 Causal_Loss: 8.931854 DIR_Penalty: 107.919419 Spurious_Loss: 23.137851
2025-12-05 16:57:54,115 - /home/kantorkristof/git/neurips-polymer/II_Experiment-Molecule/GNN/DIR.py[line:435] - INFO: Epoch [194/1000] Train_MSE: 12.288809 Val_MSE: 14.732075 | Total_Loss: 37.209394 Causal_Loss: 10.625374 DIR_Penalty: 135.482285 Spurious_Loss: 26.448538
2025-12-05 16:57:54,767 - /home/kantorkristof/git/neurips-polymer/II_Experiment-Molecule/GNN/DIR.py[line:435] - INFO: Epoch [195/1000] Train_MSE: 13.167726 Val_MSE: 16.305857 | Total_Loss: 35.000431 Causal_Loss: 10.686393 DIR_Penalty: 107.889875 Spurious_Loss: 24.206148
2025-12-05 16:57:55,416 - /home/kantorkristof/git/neurips-polymer/II_Experiment-Molecule/GNN/DIR.py[line:435] - INFO: Epoch [196/1000] Train_MSE: 13.540177 Val_MSE: 16.077852 | Total_Loss: 34.690549 Causal_Loss: 9.889599 DIR_Penalty: 116.002608 Spurious_Loss: 24.684947
2025-12-05 16:57:56,050 - /home/kantorkristof/git/neurips-polymer/II_Experiment-Molecule/GNN/DIR.py[line:435] - INFO: Epoch [197/1000] Train_MSE: 13.214413 Val_MSE: 16.322152 | Total_Loss: 32.198692 Causal_Loss: 9.532902 DIR_Penalty: 92.549126 Spurious_Loss: 22.573241
2025-12-05 16:57:56,694 - /home/kantorkristof/git/neurips-polymer/II_Experiment-Molecule/GNN/DIR.py[line:435] - INFO: Epoch [198/1000] Train_MSE: 16.761179 Val_MSE: 18.552810 | Total_Loss: 37.556001 Causal_Loss: 12.150929 DIR_Penalty: 104.006216 Spurious_Loss: 25.301065
2025-12-05 16:57:57,325 - /home/kantorkristof/git/neurips-polymer/II_Experiment-Molecule/GNN/DIR.py[line:435] - INFO: Epoch [199/1000] Train_MSE: 12.635047 Val_MSE: 15.484554 | Total_Loss: 35.947945 Causal_Loss: 11.141661 DIR_Penalty: 98.954721 Spurious_Loss: 24.707329
2025-12-05 16:57:57,957 - /home/kantorkristof/git/neurips-polymer/II_Experiment-Molecule/GNN/DIR.py[line:435] - INFO: Epoch [200/1000] Train_MSE: 12.214347 Val_MSE: 15.183230 | Total_Loss: 35.349088 Causal_Loss: 10.245185 DIR_Penalty: 121.826541 Spurious_Loss: 24.982076
2025-12-05 16:57:57,957 - /home/kantorkristof/git/neurips-polymer/II_Experiment-Molecule/GNN/DIR.py[line:459] - INFO: Early Stopping
2025-12-05 16:57:58,358 - /home/kantorkristof/git/neurips-polymer/II_Experiment-Molecule/GNN/DIR.py[line:474] - INFO: Best model Accuracy for Rg, seed 42:
2025-12-05 16:57:58,358 - /home/kantorkristof/git/neurips-polymer/II_Experiment-Molecule/GNN/DIR.py[line:475] - INFO:   Train MSE: 11.210542
2025-12-05 16:57:58,358 - /home/kantorkristof/git/neurips-polymer/II_Experiment-Molecule/GNN/DIR.py[line:476] - INFO:   Val MSE: 13.650164
2025-12-05 16:57:58,358 - /home/kantorkristof/git/neurips-polymer/II_Experiment-Molecule/GNN/DIR.py[line:477] - INFO:   Test MSE: 11.783003
2025-12-05 16:57:58,358 - /home/kantorkristof/git/neurips-polymer/II_Experiment-Molecule/GNN/DIR.py[line:493] - INFO: 
=== Results for attribute Rg ===
2025-12-05 16:57:58,359 - /home/kantorkristof/git/neurips-polymer/II_Experiment-Molecule/GNN/DIR.py[line:499] - INFO: Train MSE: 11.210542  Val MSE: 13.650164  Test MSE: 11.783003
