2025-12-05 19:02:15,543 - /home/kantorkristof/git/neurips-polymer/II_Experiment-Molecule/GNN/GAT.py[line:174] - INFO: 
Model training started for property: ESOL predicted log solubility in mols per litre
2025-12-05 19:02:15,543 - /home/kantorkristof/git/neurips-polymer/II_Experiment-Molecule/GNN/GAT.py[line:85] - INFO: 
+------------+-----------+
| Parameter  | Value     |
+------------+-----------+
| cuda       | 5         |
+------------+-----------+
| datadir    | data/ESOL |
+------------+-----------+
| epoch      | 1000      |
+------------+-----------+
| seed       | [42]      |
+------------+-----------+
| channels   | 64        |
+------------+-----------+
| heads      | 1         |
+------------+-----------+
| pretrain   | 0         |
+------------+-----------+
| batch_size | 32        |
+------------+-----------+
| net_lr     | 0.001     |
+------------+-----------+
2025-12-05 19:02:15,544 - /home/kantorkristof/git/neurips-polymer/II_Experiment-Molecule/GNN/GAT.py[line:179] - INFO: --- Starting training for ESOL predicted log solubility in mols per litre with seed 42 ---
2025-12-05 19:02:17,041 - /home/kantorkristof/git/neurips-polymer/II_Experiment-Molecule/GNN/GAT.py[line:234] - INFO: Epoch [1/1000] Train_MSE: 3.035951 Val_MSE: 2.830819 | Loss: 6.506954
2025-12-05 19:02:17,044 - /home/kantorkristof/git/neurips-polymer/II_Experiment-Molecule/GNN/GAT.py[line:244] - INFO: Best model saved at epoch 1 with val_mse 2.830819
2025-12-05 19:02:17,300 - /home/kantorkristof/git/neurips-polymer/II_Experiment-Molecule/GNN/GAT.py[line:234] - INFO: Epoch [2/1000] Train_MSE: 2.560575 Val_MSE: 2.401527 | Loss: 2.715144
2025-12-05 19:02:17,302 - /home/kantorkristof/git/neurips-polymer/II_Experiment-Molecule/GNN/GAT.py[line:244] - INFO: Best model saved at epoch 2 with val_mse 2.401527
2025-12-05 19:02:17,562 - /home/kantorkristof/git/neurips-polymer/II_Experiment-Molecule/GNN/GAT.py[line:234] - INFO: Epoch [3/1000] Train_MSE: 2.070319 Val_MSE: 1.963067 | Loss: 2.423349
2025-12-05 19:02:17,566 - /home/kantorkristof/git/neurips-polymer/II_Experiment-Molecule/GNN/GAT.py[line:244] - INFO: Best model saved at epoch 3 with val_mse 1.963067
2025-12-05 19:02:17,821 - /home/kantorkristof/git/neurips-polymer/II_Experiment-Molecule/GNN/GAT.py[line:234] - INFO: Epoch [4/1000] Train_MSE: 1.913168 Val_MSE: 1.891035 | Loss: 2.226420
2025-12-05 19:02:17,823 - /home/kantorkristof/git/neurips-polymer/II_Experiment-Molecule/GNN/GAT.py[line:244] - INFO: Best model saved at epoch 4 with val_mse 1.891035
2025-12-05 19:02:18,099 - /home/kantorkristof/git/neurips-polymer/II_Experiment-Molecule/GNN/GAT.py[line:234] - INFO: Epoch [5/1000] Train_MSE: 1.877963 Val_MSE: 1.816579 | Loss: 2.045941
2025-12-05 19:02:18,101 - /home/kantorkristof/git/neurips-polymer/II_Experiment-Molecule/GNN/GAT.py[line:244] - INFO: Best model saved at epoch 5 with val_mse 1.816579
2025-12-05 19:02:18,376 - /home/kantorkristof/git/neurips-polymer/II_Experiment-Molecule/GNN/GAT.py[line:234] - INFO: Epoch [6/1000] Train_MSE: 1.777123 Val_MSE: 1.713892 | Loss: 2.764909
2025-12-05 19:02:18,379 - /home/kantorkristof/git/neurips-polymer/II_Experiment-Molecule/GNN/GAT.py[line:244] - INFO: Best model saved at epoch 6 with val_mse 1.713892
2025-12-05 19:02:18,643 - /home/kantorkristof/git/neurips-polymer/II_Experiment-Molecule/GNN/GAT.py[line:234] - INFO: Epoch [7/1000] Train_MSE: 1.876379 Val_MSE: 1.900176 | Loss: 2.205683
2025-12-05 19:02:18,894 - /home/kantorkristof/git/neurips-polymer/II_Experiment-Molecule/GNN/GAT.py[line:234] - INFO: Epoch [8/1000] Train_MSE: 1.804680 Val_MSE: 1.822169 | Loss: 1.927066
2025-12-05 19:02:19,149 - /home/kantorkristof/git/neurips-polymer/II_Experiment-Molecule/GNN/GAT.py[line:234] - INFO: Epoch [9/1000] Train_MSE: 2.097770 Val_MSE: 2.199403 | Loss: 2.011758
2025-12-05 19:02:19,401 - /home/kantorkristof/git/neurips-polymer/II_Experiment-Molecule/GNN/GAT.py[line:234] - INFO: Epoch [10/1000] Train_MSE: 2.441285 Val_MSE: 2.637539 | Loss: 1.847813
2025-12-05 19:02:19,649 - /home/kantorkristof/git/neurips-polymer/II_Experiment-Molecule/GNN/GAT.py[line:234] - INFO: Epoch [11/1000] Train_MSE: 2.678623 Val_MSE: 2.872882 | Loss: 1.815170
2025-12-05 19:02:19,895 - /home/kantorkristof/git/neurips-polymer/II_Experiment-Molecule/GNN/GAT.py[line:234] - INFO: Epoch [12/1000] Train_MSE: 2.103981 Val_MSE: 2.008623 | Loss: 1.703740
2025-12-05 19:02:20,138 - /home/kantorkristof/git/neurips-polymer/II_Experiment-Molecule/GNN/GAT.py[line:234] - INFO: Epoch [13/1000] Train_MSE: 2.455265 Val_MSE: 2.628422 | Loss: 1.961312
2025-12-05 19:02:20,380 - /home/kantorkristof/git/neurips-polymer/II_Experiment-Molecule/GNN/GAT.py[line:234] - INFO: Epoch [14/1000] Train_MSE: 1.911088 Val_MSE: 1.867066 | Loss: 1.866748
2025-12-05 19:02:20,625 - /home/kantorkristof/git/neurips-polymer/II_Experiment-Molecule/GNN/GAT.py[line:234] - INFO: Epoch [15/1000] Train_MSE: 2.389301 Val_MSE: 2.558016 | Loss: 2.051369
2025-12-05 19:02:20,866 - /home/kantorkristof/git/neurips-polymer/II_Experiment-Molecule/GNN/GAT.py[line:234] - INFO: Epoch [16/1000] Train_MSE: 2.202767 Val_MSE: 2.434711 | Loss: 1.774253
2025-12-05 19:02:21,115 - /home/kantorkristof/git/neurips-polymer/II_Experiment-Molecule/GNN/GAT.py[line:234] - INFO: Epoch [17/1000] Train_MSE: 1.627186 Val_MSE: 1.571141 | Loss: 1.760513
2025-12-05 19:02:21,118 - /home/kantorkristof/git/neurips-polymer/II_Experiment-Molecule/GNN/GAT.py[line:244] - INFO: Best model saved at epoch 17 with val_mse 1.571141
2025-12-05 19:02:21,373 - /home/kantorkristof/git/neurips-polymer/II_Experiment-Molecule/GNN/GAT.py[line:234] - INFO: Epoch [18/1000] Train_MSE: 2.233901 Val_MSE: 2.465744 | Loss: 1.887078
2025-12-05 19:02:21,621 - /home/kantorkristof/git/neurips-polymer/II_Experiment-Molecule/GNN/GAT.py[line:234] - INFO: Epoch [19/1000] Train_MSE: 1.678967 Val_MSE: 1.664986 | Loss: 1.792932
2025-12-05 19:02:21,868 - /home/kantorkristof/git/neurips-polymer/II_Experiment-Molecule/GNN/GAT.py[line:234] - INFO: Epoch [20/1000] Train_MSE: 2.222977 Val_MSE: 2.327087 | Loss: 1.628621
2025-12-05 19:02:22,108 - /home/kantorkristof/git/neurips-polymer/II_Experiment-Molecule/GNN/GAT.py[line:234] - INFO: Epoch [21/1000] Train_MSE: 1.898979 Val_MSE: 2.043489 | Loss: 1.648571
2025-12-05 19:02:22,353 - /home/kantorkristof/git/neurips-polymer/II_Experiment-Molecule/GNN/GAT.py[line:234] - INFO: Epoch [22/1000] Train_MSE: 1.907209 Val_MSE: 2.073868 | Loss: 1.547614
2025-12-05 19:02:22,604 - /home/kantorkristof/git/neurips-polymer/II_Experiment-Molecule/GNN/GAT.py[line:234] - INFO: Epoch [23/1000] Train_MSE: 2.074280 Val_MSE: 2.294261 | Loss: 1.549498
2025-12-05 19:02:22,845 - /home/kantorkristof/git/neurips-polymer/II_Experiment-Molecule/GNN/GAT.py[line:234] - INFO: Epoch [24/1000] Train_MSE: 1.612592 Val_MSE: 1.688838 | Loss: 1.875697
2025-12-05 19:02:23,084 - /home/kantorkristof/git/neurips-polymer/II_Experiment-Molecule/GNN/GAT.py[line:234] - INFO: Epoch [25/1000] Train_MSE: 1.586452 Val_MSE: 1.691993 | Loss: 1.579226
2025-12-05 19:02:23,323 - /home/kantorkristof/git/neurips-polymer/II_Experiment-Molecule/GNN/GAT.py[line:234] - INFO: Epoch [26/1000] Train_MSE: 1.488920 Val_MSE: 1.582535 | Loss: 1.486078
2025-12-05 19:02:23,563 - /home/kantorkristof/git/neurips-polymer/II_Experiment-Molecule/GNN/GAT.py[line:234] - INFO: Epoch [27/1000] Train_MSE: 1.516468 Val_MSE: 1.600338 | Loss: 1.490031
2025-12-05 19:02:23,805 - /home/kantorkristof/git/neurips-polymer/II_Experiment-Molecule/GNN/GAT.py[line:234] - INFO: Epoch [28/1000] Train_MSE: 1.610352 Val_MSE: 1.778642 | Loss: 1.510262
2025-12-05 19:02:24,048 - /home/kantorkristof/git/neurips-polymer/II_Experiment-Molecule/GNN/GAT.py[line:234] - INFO: Epoch [29/1000] Train_MSE: 2.549454 Val_MSE: 2.788012 | Loss: 1.666307
2025-12-05 19:02:24,291 - /home/kantorkristof/git/neurips-polymer/II_Experiment-Molecule/GNN/GAT.py[line:234] - INFO: Epoch [30/1000] Train_MSE: 1.723044 Val_MSE: 1.762498 | Loss: 1.657109
2025-12-05 19:02:24,540 - /home/kantorkristof/git/neurips-polymer/II_Experiment-Molecule/GNN/GAT.py[line:234] - INFO: Epoch [31/1000] Train_MSE: 1.562601 Val_MSE: 1.583936 | Loss: 1.567930
2025-12-05 19:02:24,810 - /home/kantorkristof/git/neurips-polymer/II_Experiment-Molecule/GNN/GAT.py[line:234] - INFO: Epoch [32/1000] Train_MSE: 1.815819 Val_MSE: 2.068917 | Loss: 1.589637
2025-12-05 19:02:25,060 - /home/kantorkristof/git/neurips-polymer/II_Experiment-Molecule/GNN/GAT.py[line:234] - INFO: Epoch [33/1000] Train_MSE: 1.676481 Val_MSE: 1.841953 | Loss: 1.655927
2025-12-05 19:02:25,303 - /home/kantorkristof/git/neurips-polymer/II_Experiment-Molecule/GNN/GAT.py[line:234] - INFO: Epoch [34/1000] Train_MSE: 1.737677 Val_MSE: 1.909752 | Loss: 1.538692
2025-12-05 19:02:25,543 - /home/kantorkristof/git/neurips-polymer/II_Experiment-Molecule/GNN/GAT.py[line:234] - INFO: Epoch [35/1000] Train_MSE: 1.632469 Val_MSE: 1.722310 | Loss: 1.745469
2025-12-05 19:02:25,783 - /home/kantorkristof/git/neurips-polymer/II_Experiment-Molecule/GNN/GAT.py[line:234] - INFO: Epoch [36/1000] Train_MSE: 1.683590 Val_MSE: 1.807753 | Loss: 1.629545
2025-12-05 19:02:26,177 - /home/kantorkristof/git/neurips-polymer/II_Experiment-Molecule/GNN/GAT.py[line:234] - INFO: Epoch [37/1000] Train_MSE: 1.949408 Val_MSE: 2.168463 | Loss: 1.375494
2025-12-05 19:02:26,420 - /home/kantorkristof/git/neurips-polymer/II_Experiment-Molecule/GNN/GAT.py[line:234] - INFO: Epoch [38/1000] Train_MSE: 1.832899 Val_MSE: 2.086387 | Loss: 1.555015
2025-12-05 19:02:26,662 - /home/kantorkristof/git/neurips-polymer/II_Experiment-Molecule/GNN/GAT.py[line:234] - INFO: Epoch [39/1000] Train_MSE: 1.538956 Val_MSE: 1.704855 | Loss: 1.363799
2025-12-05 19:02:26,906 - /home/kantorkristof/git/neurips-polymer/II_Experiment-Molecule/GNN/GAT.py[line:234] - INFO: Epoch [40/1000] Train_MSE: 1.861857 Val_MSE: 2.057541 | Loss: 1.448162
2025-12-05 19:02:27,147 - /home/kantorkristof/git/neurips-polymer/II_Experiment-Molecule/GNN/GAT.py[line:234] - INFO: Epoch [41/1000] Train_MSE: 1.838937 Val_MSE: 1.986345 | Loss: 2.017263
2025-12-05 19:02:27,395 - /home/kantorkristof/git/neurips-polymer/II_Experiment-Molecule/GNN/GAT.py[line:234] - INFO: Epoch [42/1000] Train_MSE: 1.534686 Val_MSE: 1.571556 | Loss: 2.174396
2025-12-05 19:02:27,635 - /home/kantorkristof/git/neurips-polymer/II_Experiment-Molecule/GNN/GAT.py[line:234] - INFO: Epoch [43/1000] Train_MSE: 1.681018 Val_MSE: 1.841147 | Loss: 1.595701
2025-12-05 19:02:27,887 - /home/kantorkristof/git/neurips-polymer/II_Experiment-Molecule/GNN/GAT.py[line:234] - INFO: Epoch [44/1000] Train_MSE: 1.802520 Val_MSE: 1.974062 | Loss: 1.518322
2025-12-05 19:02:28,132 - /home/kantorkristof/git/neurips-polymer/II_Experiment-Molecule/GNN/GAT.py[line:234] - INFO: Epoch [45/1000] Train_MSE: 1.600834 Val_MSE: 1.677141 | Loss: 1.542315
2025-12-05 19:02:28,376 - /home/kantorkristof/git/neurips-polymer/II_Experiment-Molecule/GNN/GAT.py[line:234] - INFO: Epoch [46/1000] Train_MSE: 1.454204 Val_MSE: 1.535584 | Loss: 1.699640
2025-12-05 19:02:28,379 - /home/kantorkristof/git/neurips-polymer/II_Experiment-Molecule/GNN/GAT.py[line:244] - INFO: Best model saved at epoch 46 with val_mse 1.535584
2025-12-05 19:02:28,627 - /home/kantorkristof/git/neurips-polymer/II_Experiment-Molecule/GNN/GAT.py[line:234] - INFO: Epoch [47/1000] Train_MSE: 2.021416 Val_MSE: 2.293230 | Loss: 1.857814
2025-12-05 19:02:28,873 - /home/kantorkristof/git/neurips-polymer/II_Experiment-Molecule/GNN/GAT.py[line:234] - INFO: Epoch [48/1000] Train_MSE: 2.084456 Val_MSE: 2.376526 | Loss: 1.475524
2025-12-05 19:02:29,119 - /home/kantorkristof/git/neurips-polymer/II_Experiment-Molecule/GNN/GAT.py[line:234] - INFO: Epoch [49/1000] Train_MSE: 1.626141 Val_MSE: 1.804854 | Loss: 1.357823
2025-12-05 19:02:29,362 - /home/kantorkristof/git/neurips-polymer/II_Experiment-Molecule/GNN/GAT.py[line:234] - INFO: Epoch [50/1000] Train_MSE: 1.528784 Val_MSE: 1.702357 | Loss: 1.278792
2025-12-05 19:02:29,610 - /home/kantorkristof/git/neurips-polymer/II_Experiment-Molecule/GNN/GAT.py[line:234] - INFO: Epoch [51/1000] Train_MSE: 1.699016 Val_MSE: 1.813723 | Loss: 1.310850
2025-12-05 19:02:29,894 - /home/kantorkristof/git/neurips-polymer/II_Experiment-Molecule/GNN/GAT.py[line:234] - INFO: Epoch [52/1000] Train_MSE: 1.810326 Val_MSE: 2.104225 | Loss: 1.297236
2025-12-05 19:02:30,144 - /home/kantorkristof/git/neurips-polymer/II_Experiment-Molecule/GNN/GAT.py[line:234] - INFO: Epoch [53/1000] Train_MSE: 1.758931 Val_MSE: 2.030197 | Loss: 1.390691
2025-12-05 19:02:30,395 - /home/kantorkristof/git/neurips-polymer/II_Experiment-Molecule/GNN/GAT.py[line:234] - INFO: Epoch [54/1000] Train_MSE: 1.533337 Val_MSE: 1.605388 | Loss: 1.865544
2025-12-05 19:02:30,637 - /home/kantorkristof/git/neurips-polymer/II_Experiment-Molecule/GNN/GAT.py[line:234] - INFO: Epoch [55/1000] Train_MSE: 1.520904 Val_MSE: 1.688078 | Loss: 1.776502
2025-12-05 19:02:30,879 - /home/kantorkristof/git/neurips-polymer/II_Experiment-Molecule/GNN/GAT.py[line:234] - INFO: Epoch [56/1000] Train_MSE: 1.657918 Val_MSE: 1.723939 | Loss: 2.229923
2025-12-05 19:02:31,128 - /home/kantorkristof/git/neurips-polymer/II_Experiment-Molecule/GNN/GAT.py[line:234] - INFO: Epoch [57/1000] Train_MSE: 1.491034 Val_MSE: 1.594582 | Loss: 1.475176
2025-12-05 19:02:31,376 - /home/kantorkristof/git/neurips-polymer/II_Experiment-Molecule/GNN/GAT.py[line:234] - INFO: Epoch [58/1000] Train_MSE: 1.606196 Val_MSE: 1.901544 | Loss: 1.925639
2025-12-05 19:02:31,616 - /home/kantorkristof/git/neurips-polymer/II_Experiment-Molecule/GNN/GAT.py[line:234] - INFO: Epoch [59/1000] Train_MSE: 1.738811 Val_MSE: 1.985348 | Loss: 1.443929
2025-12-05 19:02:31,857 - /home/kantorkristof/git/neurips-polymer/II_Experiment-Molecule/GNN/GAT.py[line:234] - INFO: Epoch [60/1000] Train_MSE: 1.898654 Val_MSE: 2.131358 | Loss: 1.343258
2025-12-05 19:02:32,102 - /home/kantorkristof/git/neurips-polymer/II_Experiment-Molecule/GNN/GAT.py[line:234] - INFO: Epoch [61/1000] Train_MSE: 1.804603 Val_MSE: 1.999275 | Loss: 1.543699
2025-12-05 19:02:32,342 - /home/kantorkristof/git/neurips-polymer/II_Experiment-Molecule/GNN/GAT.py[line:234] - INFO: Epoch [62/1000] Train_MSE: 1.459203 Val_MSE: 1.648389 | Loss: 1.394930
2025-12-05 19:02:32,583 - /home/kantorkristof/git/neurips-polymer/II_Experiment-Molecule/GNN/GAT.py[line:234] - INFO: Epoch [63/1000] Train_MSE: 1.630297 Val_MSE: 1.782092 | Loss: 1.597154
2025-12-05 19:02:32,822 - /home/kantorkristof/git/neurips-polymer/II_Experiment-Molecule/GNN/GAT.py[line:234] - INFO: Epoch [64/1000] Train_MSE: 1.849218 Val_MSE: 2.037774 | Loss: 1.711812
2025-12-05 19:02:33,060 - /home/kantorkristof/git/neurips-polymer/II_Experiment-Molecule/GNN/GAT.py[line:234] - INFO: Epoch [65/1000] Train_MSE: 1.746408 Val_MSE: 2.019880 | Loss: 1.572685
2025-12-05 19:02:33,300 - /home/kantorkristof/git/neurips-polymer/II_Experiment-Molecule/GNN/GAT.py[line:234] - INFO: Epoch [66/1000] Train_MSE: 2.320717 Val_MSE: 2.670976 | Loss: 1.510606
2025-12-05 19:02:33,540 - /home/kantorkristof/git/neurips-polymer/II_Experiment-Molecule/GNN/GAT.py[line:234] - INFO: Epoch [67/1000] Train_MSE: 1.823444 Val_MSE: 2.041330 | Loss: 1.799710
2025-12-05 19:02:33,777 - /home/kantorkristof/git/neurips-polymer/II_Experiment-Molecule/GNN/GAT.py[line:234] - INFO: Epoch [68/1000] Train_MSE: 2.715573 Val_MSE: 2.718311 | Loss: 1.355676
2025-12-05 19:02:34,016 - /home/kantorkristof/git/neurips-polymer/II_Experiment-Molecule/GNN/GAT.py[line:234] - INFO: Epoch [69/1000] Train_MSE: 1.500504 Val_MSE: 1.737263 | Loss: 1.493891
2025-12-05 19:02:34,253 - /home/kantorkristof/git/neurips-polymer/II_Experiment-Molecule/GNN/GAT.py[line:234] - INFO: Epoch [70/1000] Train_MSE: 1.468699 Val_MSE: 1.698609 | Loss: 1.304826
2025-12-05 19:02:34,496 - /home/kantorkristof/git/neurips-polymer/II_Experiment-Molecule/GNN/GAT.py[line:234] - INFO: Epoch [71/1000] Train_MSE: 1.687020 Val_MSE: 1.865722 | Loss: 1.342910
2025-12-05 19:02:34,739 - /home/kantorkristof/git/neurips-polymer/II_Experiment-Molecule/GNN/GAT.py[line:234] - INFO: Epoch [72/1000] Train_MSE: 1.486193 Val_MSE: 1.695046 | Loss: 1.235853
2025-12-05 19:02:34,981 - /home/kantorkristof/git/neurips-polymer/II_Experiment-Molecule/GNN/GAT.py[line:234] - INFO: Epoch [73/1000] Train_MSE: 1.599795 Val_MSE: 1.726512 | Loss: 1.748275
2025-12-05 19:02:35,221 - /home/kantorkristof/git/neurips-polymer/II_Experiment-Molecule/GNN/GAT.py[line:234] - INFO: Epoch [74/1000] Train_MSE: 1.419468 Val_MSE: 1.563496 | Loss: 1.521425
2025-12-05 19:02:35,460 - /home/kantorkristof/git/neurips-polymer/II_Experiment-Molecule/GNN/GAT.py[line:234] - INFO: Epoch [75/1000] Train_MSE: 1.839828 Val_MSE: 2.109796 | Loss: 1.699397
2025-12-05 19:02:35,697 - /home/kantorkristof/git/neurips-polymer/II_Experiment-Molecule/GNN/GAT.py[line:234] - INFO: Epoch [76/1000] Train_MSE: 1.527877 Val_MSE: 1.690232 | Loss: 1.323711
2025-12-05 19:02:35,937 - /home/kantorkristof/git/neurips-polymer/II_Experiment-Molecule/GNN/GAT.py[line:234] - INFO: Epoch [77/1000] Train_MSE: 1.557590 Val_MSE: 1.820158 | Loss: 1.712280
2025-12-05 19:02:36,174 - /home/kantorkristof/git/neurips-polymer/II_Experiment-Molecule/GNN/GAT.py[line:234] - INFO: Epoch [78/1000] Train_MSE: 1.564609 Val_MSE: 1.816161 | Loss: 1.586741
2025-12-05 19:02:36,411 - /home/kantorkristof/git/neurips-polymer/II_Experiment-Molecule/GNN/GAT.py[line:234] - INFO: Epoch [79/1000] Train_MSE: 2.140449 Val_MSE: 2.525502 | Loss: 1.325699
2025-12-05 19:02:36,649 - /home/kantorkristof/git/neurips-polymer/II_Experiment-Molecule/GNN/GAT.py[line:234] - INFO: Epoch [80/1000] Train_MSE: 1.649761 Val_MSE: 1.939072 | Loss: 1.391570
2025-12-05 19:02:36,888 - /home/kantorkristof/git/neurips-polymer/II_Experiment-Molecule/GNN/GAT.py[line:234] - INFO: Epoch [81/1000] Train_MSE: 1.917416 Val_MSE: 2.068715 | Loss: 1.452432
2025-12-05 19:02:37,124 - /home/kantorkristof/git/neurips-polymer/II_Experiment-Molecule/GNN/GAT.py[line:234] - INFO: Epoch [82/1000] Train_MSE: 1.511456 Val_MSE: 1.715344 | Loss: 1.323170
2025-12-05 19:02:37,359 - /home/kantorkristof/git/neurips-polymer/II_Experiment-Molecule/GNN/GAT.py[line:234] - INFO: Epoch [83/1000] Train_MSE: 1.426826 Val_MSE: 1.668219 | Loss: 1.274804
2025-12-05 19:02:37,605 - /home/kantorkristof/git/neurips-polymer/II_Experiment-Molecule/GNN/GAT.py[line:234] - INFO: Epoch [84/1000] Train_MSE: 1.530673 Val_MSE: 1.757828 | Loss: 1.176507
2025-12-05 19:02:37,871 - /home/kantorkristof/git/neurips-polymer/II_Experiment-Molecule/GNN/GAT.py[line:234] - INFO: Epoch [85/1000] Train_MSE: 1.496722 Val_MSE: 1.730065 | Loss: 1.246680
2025-12-05 19:02:38,114 - /home/kantorkristof/git/neurips-polymer/II_Experiment-Molecule/GNN/GAT.py[line:234] - INFO: Epoch [86/1000] Train_MSE: 1.765311 Val_MSE: 2.108474 | Loss: 1.608311
2025-12-05 19:02:38,359 - /home/kantorkristof/git/neurips-polymer/II_Experiment-Molecule/GNN/GAT.py[line:234] - INFO: Epoch [87/1000] Train_MSE: 1.705326 Val_MSE: 1.797697 | Loss: 2.457615
2025-12-05 19:02:38,606 - /home/kantorkristof/git/neurips-polymer/II_Experiment-Molecule/GNN/GAT.py[line:234] - INFO: Epoch [88/1000] Train_MSE: 1.636996 Val_MSE: 1.805937 | Loss: 1.823395
2025-12-05 19:02:38,844 - /home/kantorkristof/git/neurips-polymer/II_Experiment-Molecule/GNN/GAT.py[line:234] - INFO: Epoch [89/1000] Train_MSE: 1.596175 Val_MSE: 1.761729 | Loss: 1.522632
2025-12-05 19:02:39,087 - /home/kantorkristof/git/neurips-polymer/II_Experiment-Molecule/GNN/GAT.py[line:234] - INFO: Epoch [90/1000] Train_MSE: 2.340883 Val_MSE: 2.692262 | Loss: 1.577005
2025-12-05 19:02:39,333 - /home/kantorkristof/git/neurips-polymer/II_Experiment-Molecule/GNN/GAT.py[line:234] - INFO: Epoch [91/1000] Train_MSE: 1.508961 Val_MSE: 1.666252 | Loss: 1.869900
2025-12-05 19:02:39,579 - /home/kantorkristof/git/neurips-polymer/II_Experiment-Molecule/GNN/GAT.py[line:234] - INFO: Epoch [92/1000] Train_MSE: 1.656550 Val_MSE: 1.809049 | Loss: 1.307586
2025-12-05 19:02:39,821 - /home/kantorkristof/git/neurips-polymer/II_Experiment-Molecule/GNN/GAT.py[line:234] - INFO: Epoch [93/1000] Train_MSE: 1.639451 Val_MSE: 1.781981 | Loss: 1.354940
2025-12-05 19:02:40,065 - /home/kantorkristof/git/neurips-polymer/II_Experiment-Molecule/GNN/GAT.py[line:234] - INFO: Epoch [94/1000] Train_MSE: 1.473040 Val_MSE: 1.624470 | Loss: 1.298847
2025-12-05 19:02:40,311 - /home/kantorkristof/git/neurips-polymer/II_Experiment-Molecule/GNN/GAT.py[line:234] - INFO: Epoch [95/1000] Train_MSE: 1.652691 Val_MSE: 1.702781 | Loss: 1.218193
2025-12-05 19:02:40,550 - /home/kantorkristof/git/neurips-polymer/II_Experiment-Molecule/GNN/GAT.py[line:234] - INFO: Epoch [96/1000] Train_MSE: 1.898251 Val_MSE: 1.936960 | Loss: 1.173231
2025-12-05 19:02:40,795 - /home/kantorkristof/git/neurips-polymer/II_Experiment-Molecule/GNN/GAT.py[line:234] - INFO: Epoch [97/1000] Train_MSE: 1.481432 Val_MSE: 1.648222 | Loss: 1.272736
2025-12-05 19:02:41,056 - /home/kantorkristof/git/neurips-polymer/II_Experiment-Molecule/GNN/GAT.py[line:234] - INFO: Epoch [98/1000] Train_MSE: 1.797539 Val_MSE: 1.921538 | Loss: 1.226246
2025-12-05 19:02:41,298 - /home/kantorkristof/git/neurips-polymer/II_Experiment-Molecule/GNN/GAT.py[line:234] - INFO: Epoch [99/1000] Train_MSE: 2.011538 Val_MSE: 2.097966 | Loss: 1.392602
2025-12-05 19:02:41,540 - /home/kantorkristof/git/neurips-polymer/II_Experiment-Molecule/GNN/GAT.py[line:234] - INFO: Epoch [100/1000] Train_MSE: 1.531193 Val_MSE: 1.683737 | Loss: 1.408500
2025-12-05 19:02:41,779 - /home/kantorkristof/git/neurips-polymer/II_Experiment-Molecule/GNN/GAT.py[line:234] - INFO: Epoch [101/1000] Train_MSE: 1.591222 Val_MSE: 1.731639 | Loss: 1.245907
2025-12-05 19:02:42,023 - /home/kantorkristof/git/neurips-polymer/II_Experiment-Molecule/GNN/GAT.py[line:234] - INFO: Epoch [102/1000] Train_MSE: 2.166061 Val_MSE: 2.227559 | Loss: 1.448641
2025-12-05 19:02:42,265 - /home/kantorkristof/git/neurips-polymer/II_Experiment-Molecule/GNN/GAT.py[line:234] - INFO: Epoch [103/1000] Train_MSE: 1.680934 Val_MSE: 1.812999 | Loss: 1.684821
2025-12-05 19:02:42,508 - /home/kantorkristof/git/neurips-polymer/II_Experiment-Molecule/GNN/GAT.py[line:234] - INFO: Epoch [104/1000] Train_MSE: 1.617520 Val_MSE: 1.831208 | Loss: 1.334335
2025-12-05 19:02:42,747 - /home/kantorkristof/git/neurips-polymer/II_Experiment-Molecule/GNN/GAT.py[line:234] - INFO: Epoch [105/1000] Train_MSE: 2.129542 Val_MSE: 2.115595 | Loss: 1.810219
2025-12-05 19:02:42,986 - /home/kantorkristof/git/neurips-polymer/II_Experiment-Molecule/GNN/GAT.py[line:234] - INFO: Epoch [106/1000] Train_MSE: 1.493417 Val_MSE: 1.574543 | Loss: 1.920367
2025-12-05 19:02:43,226 - /home/kantorkristof/git/neurips-polymer/II_Experiment-Molecule/GNN/GAT.py[line:234] - INFO: Epoch [107/1000] Train_MSE: 1.828856 Val_MSE: 1.917750 | Loss: 1.379759
2025-12-05 19:02:43,460 - /home/kantorkristof/git/neurips-polymer/II_Experiment-Molecule/GNN/GAT.py[line:234] - INFO: Epoch [108/1000] Train_MSE: 2.145568 Val_MSE: 2.152291 | Loss: 1.440174
2025-12-05 19:02:43,702 - /home/kantorkristof/git/neurips-polymer/II_Experiment-Molecule/GNN/GAT.py[line:234] - INFO: Epoch [109/1000] Train_MSE: 1.544138 Val_MSE: 1.723961 | Loss: 1.299933
2025-12-05 19:02:43,943 - /home/kantorkristof/git/neurips-polymer/II_Experiment-Molecule/GNN/GAT.py[line:234] - INFO: Epoch [110/1000] Train_MSE: 1.794497 Val_MSE: 1.837110 | Loss: 1.290047
2025-12-05 19:02:44,189 - /home/kantorkristof/git/neurips-polymer/II_Experiment-Molecule/GNN/GAT.py[line:234] - INFO: Epoch [111/1000] Train_MSE: 2.570640 Val_MSE: 2.552952 | Loss: 1.201543
2025-12-05 19:02:44,443 - /home/kantorkristof/git/neurips-polymer/II_Experiment-Molecule/GNN/GAT.py[line:234] - INFO: Epoch [112/1000] Train_MSE: 1.571905 Val_MSE: 1.762489 | Loss: 1.277730
2025-12-05 19:02:44,684 - /home/kantorkristof/git/neurips-polymer/II_Experiment-Molecule/GNN/GAT.py[line:234] - INFO: Epoch [113/1000] Train_MSE: 1.848510 Val_MSE: 1.879708 | Loss: 1.224743
2025-12-05 19:02:44,925 - /home/kantorkristof/git/neurips-polymer/II_Experiment-Molecule/GNN/GAT.py[line:234] - INFO: Epoch [114/1000] Train_MSE: 1.506974 Val_MSE: 1.731147 | Loss: 2.152849
2025-12-05 19:02:45,165 - /home/kantorkristof/git/neurips-polymer/II_Experiment-Molecule/GNN/GAT.py[line:234] - INFO: Epoch [115/1000] Train_MSE: 2.592923 Val_MSE: 2.573349 | Loss: 1.441058
2025-12-05 19:02:45,414 - /home/kantorkristof/git/neurips-polymer/II_Experiment-Molecule/GNN/GAT.py[line:234] - INFO: Epoch [116/1000] Train_MSE: 2.019906 Val_MSE: 2.034370 | Loss: 1.313058
2025-12-05 19:02:45,656 - /home/kantorkristof/git/neurips-polymer/II_Experiment-Molecule/GNN/GAT.py[line:234] - INFO: Epoch [117/1000] Train_MSE: 2.167233 Val_MSE: 2.465608 | Loss: 1.364895
2025-12-05 19:02:45,897 - /home/kantorkristof/git/neurips-polymer/II_Experiment-Molecule/GNN/GAT.py[line:234] - INFO: Epoch [118/1000] Train_MSE: 1.750312 Val_MSE: 1.837873 | Loss: 1.112063
2025-12-05 19:02:46,139 - /home/kantorkristof/git/neurips-polymer/II_Experiment-Molecule/GNN/GAT.py[line:234] - INFO: Epoch [119/1000] Train_MSE: 2.627666 Val_MSE: 2.627451 | Loss: 1.332867
2025-12-05 19:02:46,381 - /home/kantorkristof/git/neurips-polymer/II_Experiment-Molecule/GNN/GAT.py[line:234] - INFO: Epoch [120/1000] Train_MSE: 1.745667 Val_MSE: 2.007620 | Loss: 1.739563
2025-12-05 19:02:46,620 - /home/kantorkristof/git/neurips-polymer/II_Experiment-Molecule/GNN/GAT.py[line:234] - INFO: Epoch [121/1000] Train_MSE: 1.537735 Val_MSE: 1.687566 | Loss: 1.465907
2025-12-05 19:02:46,863 - /home/kantorkristof/git/neurips-polymer/II_Experiment-Molecule/GNN/GAT.py[line:234] - INFO: Epoch [122/1000] Train_MSE: 1.941054 Val_MSE: 1.961978 | Loss: 1.295478
2025-12-05 19:02:47,106 - /home/kantorkristof/git/neurips-polymer/II_Experiment-Molecule/GNN/GAT.py[line:234] - INFO: Epoch [123/1000] Train_MSE: 1.647637 Val_MSE: 1.824289 | Loss: 1.452807
2025-12-05 19:02:47,354 - /home/kantorkristof/git/neurips-polymer/II_Experiment-Molecule/GNN/GAT.py[line:234] - INFO: Epoch [124/1000] Train_MSE: 1.570927 Val_MSE: 1.715662 | Loss: 1.384773
2025-12-05 19:02:47,627 - /home/kantorkristof/git/neurips-polymer/II_Experiment-Molecule/GNN/GAT.py[line:234] - INFO: Epoch [125/1000] Train_MSE: 1.489566 Val_MSE: 1.653731 | Loss: 1.871419
2025-12-05 19:02:47,878 - /home/kantorkristof/git/neurips-polymer/II_Experiment-Molecule/GNN/GAT.py[line:234] - INFO: Epoch [126/1000] Train_MSE: 1.837689 Val_MSE: 1.844279 | Loss: 1.316914
2025-12-05 19:02:48,117 - /home/kantorkristof/git/neurips-polymer/II_Experiment-Molecule/GNN/GAT.py[line:234] - INFO: Epoch [127/1000] Train_MSE: 1.498902 Val_MSE: 1.571136 | Loss: 1.198780
2025-12-05 19:02:48,356 - /home/kantorkristof/git/neurips-polymer/II_Experiment-Molecule/GNN/GAT.py[line:234] - INFO: Epoch [128/1000] Train_MSE: 1.402261 Val_MSE: 1.518412 | Loss: 1.180529
2025-12-05 19:02:48,358 - /home/kantorkristof/git/neurips-polymer/II_Experiment-Molecule/GNN/GAT.py[line:244] - INFO: Best model saved at epoch 128 with val_mse 1.518412
2025-12-05 19:02:48,598 - /home/kantorkristof/git/neurips-polymer/II_Experiment-Molecule/GNN/GAT.py[line:234] - INFO: Epoch [129/1000] Train_MSE: 1.452815 Val_MSE: 1.549395 | Loss: 1.199335
2025-12-05 19:02:48,842 - /home/kantorkristof/git/neurips-polymer/II_Experiment-Molecule/GNN/GAT.py[line:234] - INFO: Epoch [130/1000] Train_MSE: 2.726362 Val_MSE: 2.701606 | Loss: 1.244987
2025-12-05 19:02:49,106 - /home/kantorkristof/git/neurips-polymer/II_Experiment-Molecule/GNN/GAT.py[line:234] - INFO: Epoch [131/1000] Train_MSE: 1.750772 Val_MSE: 1.784235 | Loss: 1.866132
2025-12-05 19:02:49,348 - /home/kantorkristof/git/neurips-polymer/II_Experiment-Molecule/GNN/GAT.py[line:234] - INFO: Epoch [132/1000] Train_MSE: 2.022806 Val_MSE: 2.109432 | Loss: 1.397101
2025-12-05 19:02:49,611 - /home/kantorkristof/git/neurips-polymer/II_Experiment-Molecule/GNN/GAT.py[line:234] - INFO: Epoch [133/1000] Train_MSE: 1.748963 Val_MSE: 1.930976 | Loss: 1.216678
2025-12-05 19:02:49,860 - /home/kantorkristof/git/neurips-polymer/II_Experiment-Molecule/GNN/GAT.py[line:234] - INFO: Epoch [134/1000] Train_MSE: 2.278254 Val_MSE: 2.249625 | Loss: 1.218702
2025-12-05 19:02:50,099 - /home/kantorkristof/git/neurips-polymer/II_Experiment-Molecule/GNN/GAT.py[line:234] - INFO: Epoch [135/1000] Train_MSE: 1.850993 Val_MSE: 1.918923 | Loss: 1.552883
2025-12-05 19:02:50,343 - /home/kantorkristof/git/neurips-polymer/II_Experiment-Molecule/GNN/GAT.py[line:234] - INFO: Epoch [136/1000] Train_MSE: 1.822731 Val_MSE: 1.925677 | Loss: 1.219350
2025-12-05 19:02:50,597 - /home/kantorkristof/git/neurips-polymer/II_Experiment-Molecule/GNN/GAT.py[line:234] - INFO: Epoch [137/1000] Train_MSE: 1.567527 Val_MSE: 1.725980 | Loss: 1.367184
2025-12-05 19:02:50,854 - /home/kantorkristof/git/neurips-polymer/II_Experiment-Molecule/GNN/GAT.py[line:234] - INFO: Epoch [138/1000] Train_MSE: 1.712912 Val_MSE: 1.889350 | Loss: 1.352395
2025-12-05 19:02:51,096 - /home/kantorkristof/git/neurips-polymer/II_Experiment-Molecule/GNN/GAT.py[line:234] - INFO: Epoch [139/1000] Train_MSE: 1.842726 Val_MSE: 2.014351 | Loss: 1.200951
2025-12-05 19:02:51,339 - /home/kantorkristof/git/neurips-polymer/II_Experiment-Molecule/GNN/GAT.py[line:234] - INFO: Epoch [140/1000] Train_MSE: 3.153048 Val_MSE: 3.085675 | Loss: 1.474066
2025-12-05 19:02:51,578 - /home/kantorkristof/git/neurips-polymer/II_Experiment-Molecule/GNN/GAT.py[line:234] - INFO: Epoch [141/1000] Train_MSE: 1.603141 Val_MSE: 1.798999 | Loss: 1.794991
2025-12-05 19:02:51,819 - /home/kantorkristof/git/neurips-polymer/II_Experiment-Molecule/GNN/GAT.py[line:234] - INFO: Epoch [142/1000] Train_MSE: 1.695899 Val_MSE: 1.763668 | Loss: 1.253847
2025-12-05 19:02:52,060 - /home/kantorkristof/git/neurips-polymer/II_Experiment-Molecule/GNN/GAT.py[line:234] - INFO: Epoch [143/1000] Train_MSE: 1.724181 Val_MSE: 1.824936 | Loss: 1.244396
2025-12-05 19:02:52,308 - /home/kantorkristof/git/neurips-polymer/II_Experiment-Molecule/GNN/GAT.py[line:234] - INFO: Epoch [144/1000] Train_MSE: 1.732833 Val_MSE: 1.900319 | Loss: 1.096353
2025-12-05 19:02:52,550 - /home/kantorkristof/git/neurips-polymer/II_Experiment-Molecule/GNN/GAT.py[line:234] - INFO: Epoch [145/1000] Train_MSE: 1.728976 Val_MSE: 1.929438 | Loss: 1.821876
2025-12-05 19:02:52,793 - /home/kantorkristof/git/neurips-polymer/II_Experiment-Molecule/GNN/GAT.py[line:234] - INFO: Epoch [146/1000] Train_MSE: 2.014631 Val_MSE: 2.184041 | Loss: 1.247324
2025-12-05 19:02:53,039 - /home/kantorkristof/git/neurips-polymer/II_Experiment-Molecule/GNN/GAT.py[line:234] - INFO: Epoch [147/1000] Train_MSE: 1.487142 Val_MSE: 1.624504 | Loss: 2.019408
2025-12-05 19:02:53,284 - /home/kantorkristof/git/neurips-polymer/II_Experiment-Molecule/GNN/GAT.py[line:234] - INFO: Epoch [148/1000] Train_MSE: 1.881386 Val_MSE: 1.929799 | Loss: 1.485914
2025-12-05 19:02:53,525 - /home/kantorkristof/git/neurips-polymer/II_Experiment-Molecule/GNN/GAT.py[line:234] - INFO: Epoch [149/1000] Train_MSE: 1.658402 Val_MSE: 1.765633 | Loss: 1.685722
2025-12-05 19:02:53,768 - /home/kantorkristof/git/neurips-polymer/II_Experiment-Molecule/GNN/GAT.py[line:234] - INFO: Epoch [150/1000] Train_MSE: 2.034253 Val_MSE: 2.018897 | Loss: 1.145863
2025-12-05 19:02:54,018 - /home/kantorkristof/git/neurips-polymer/II_Experiment-Molecule/GNN/GAT.py[line:234] - INFO: Epoch [151/1000] Train_MSE: 2.007992 Val_MSE: 2.033831 | Loss: 1.771953
2025-12-05 19:02:54,272 - /home/kantorkristof/git/neurips-polymer/II_Experiment-Molecule/GNN/GAT.py[line:234] - INFO: Epoch [152/1000] Train_MSE: 1.862936 Val_MSE: 1.869107 | Loss: 1.785622
2025-12-05 19:02:54,516 - /home/kantorkristof/git/neurips-polymer/II_Experiment-Molecule/GNN/GAT.py[line:234] - INFO: Epoch [153/1000] Train_MSE: 1.649958 Val_MSE: 1.874279 | Loss: 1.507916
2025-12-05 19:02:54,762 - /home/kantorkristof/git/neurips-polymer/II_Experiment-Molecule/GNN/GAT.py[line:234] - INFO: Epoch [154/1000] Train_MSE: 1.503311 Val_MSE: 1.729523 | Loss: 1.185333
2025-12-05 19:02:55,003 - /home/kantorkristof/git/neurips-polymer/II_Experiment-Molecule/GNN/GAT.py[line:234] - INFO: Epoch [155/1000] Train_MSE: 1.753795 Val_MSE: 1.816670 | Loss: 1.249993
2025-12-05 19:02:55,240 - /home/kantorkristof/git/neurips-polymer/II_Experiment-Molecule/GNN/GAT.py[line:234] - INFO: Epoch [156/1000] Train_MSE: 1.883986 Val_MSE: 2.008603 | Loss: 1.301977
2025-12-05 19:02:55,480 - /home/kantorkristof/git/neurips-polymer/II_Experiment-Molecule/GNN/GAT.py[line:234] - INFO: Epoch [157/1000] Train_MSE: 1.737594 Val_MSE: 1.887953 | Loss: 1.357933
2025-12-05 19:02:55,725 - /home/kantorkristof/git/neurips-polymer/II_Experiment-Molecule/GNN/GAT.py[line:234] - INFO: Epoch [158/1000] Train_MSE: 1.972843 Val_MSE: 2.090198 | Loss: 1.164958
2025-12-05 19:02:55,967 - /home/kantorkristof/git/neurips-polymer/II_Experiment-Molecule/GNN/GAT.py[line:234] - INFO: Epoch [159/1000] Train_MSE: 1.834492 Val_MSE: 1.939187 | Loss: 1.114789
2025-12-05 19:02:56,207 - /home/kantorkristof/git/neurips-polymer/II_Experiment-Molecule/GNN/GAT.py[line:234] - INFO: Epoch [160/1000] Train_MSE: 2.910015 Val_MSE: 2.855961 | Loss: 1.236690
2025-12-05 19:02:56,448 - /home/kantorkristof/git/neurips-polymer/II_Experiment-Molecule/GNN/GAT.py[line:234] - INFO: Epoch [161/1000] Train_MSE: 1.467919 Val_MSE: 1.615508 | Loss: 1.163671
2025-12-05 19:02:56,689 - /home/kantorkristof/git/neurips-polymer/II_Experiment-Molecule/GNN/GAT.py[line:234] - INFO: Epoch [162/1000] Train_MSE: 2.195214 Val_MSE: 2.237209 | Loss: 1.185100
2025-12-05 19:02:56,932 - /home/kantorkristof/git/neurips-polymer/II_Experiment-Molecule/GNN/GAT.py[line:234] - INFO: Epoch [163/1000] Train_MSE: 1.410893 Val_MSE: 1.577326 | Loss: 1.280460
2025-12-05 19:02:57,179 - /home/kantorkristof/git/neurips-polymer/II_Experiment-Molecule/GNN/GAT.py[line:234] - INFO: Epoch [164/1000] Train_MSE: 2.504127 Val_MSE: 2.607260 | Loss: 1.430755
2025-12-05 19:02:57,446 - /home/kantorkristof/git/neurips-polymer/II_Experiment-Molecule/GNN/GAT.py[line:234] - INFO: Epoch [165/1000] Train_MSE: 3.207353 Val_MSE: 3.098061 | Loss: 1.459379
2025-12-05 19:02:57,692 - /home/kantorkristof/git/neurips-polymer/II_Experiment-Molecule/GNN/GAT.py[line:234] - INFO: Epoch [166/1000] Train_MSE: 2.580745 Val_MSE: 2.585301 | Loss: 1.649432
2025-12-05 19:02:57,932 - /home/kantorkristof/git/neurips-polymer/II_Experiment-Molecule/GNN/GAT.py[line:234] - INFO: Epoch [167/1000] Train_MSE: 1.699547 Val_MSE: 1.918264 | Loss: 1.174662
2025-12-05 19:02:58,174 - /home/kantorkristof/git/neurips-polymer/II_Experiment-Molecule/GNN/GAT.py[line:234] - INFO: Epoch [168/1000] Train_MSE: 2.721331 Val_MSE: 2.735944 | Loss: 1.368321
2025-12-05 19:02:58,417 - /home/kantorkristof/git/neurips-polymer/II_Experiment-Molecule/GNN/GAT.py[line:234] - INFO: Epoch [169/1000] Train_MSE: 1.538195 Val_MSE: 1.744335 | Loss: 1.342815
2025-12-05 19:02:58,662 - /home/kantorkristof/git/neurips-polymer/II_Experiment-Molecule/GNN/GAT.py[line:234] - INFO: Epoch [170/1000] Train_MSE: 1.574653 Val_MSE: 1.841625 | Loss: 1.255423
2025-12-05 19:02:58,908 - /home/kantorkristof/git/neurips-polymer/II_Experiment-Molecule/GNN/GAT.py[line:234] - INFO: Epoch [171/1000] Train_MSE: 1.685518 Val_MSE: 1.776298 | Loss: 1.272020
2025-12-05 19:02:59,153 - /home/kantorkristof/git/neurips-polymer/II_Experiment-Molecule/GNN/GAT.py[line:234] - INFO: Epoch [172/1000] Train_MSE: 2.673557 Val_MSE: 2.735908 | Loss: 1.137724
2025-12-05 19:02:59,399 - /home/kantorkristof/git/neurips-polymer/II_Experiment-Molecule/GNN/GAT.py[line:234] - INFO: Epoch [173/1000] Train_MSE: 2.931353 Val_MSE: 2.868696 | Loss: 1.155811
2025-12-05 19:02:59,640 - /home/kantorkristof/git/neurips-polymer/II_Experiment-Molecule/GNN/GAT.py[line:234] - INFO: Epoch [174/1000] Train_MSE: 1.961548 Val_MSE: 2.013978 | Loss: 1.158087
2025-12-05 19:02:59,877 - /home/kantorkristof/git/neurips-polymer/II_Experiment-Molecule/GNN/GAT.py[line:234] - INFO: Epoch [175/1000] Train_MSE: 1.771107 Val_MSE: 1.925822 | Loss: 1.079684
2025-12-05 19:03:00,116 - /home/kantorkristof/git/neurips-polymer/II_Experiment-Molecule/GNN/GAT.py[line:234] - INFO: Epoch [176/1000] Train_MSE: 2.047592 Val_MSE: 2.080947 | Loss: 1.218275
2025-12-05 19:03:00,355 - /home/kantorkristof/git/neurips-polymer/II_Experiment-Molecule/GNN/GAT.py[line:234] - INFO: Epoch [177/1000] Train_MSE: 2.280294 Val_MSE: 2.365121 | Loss: 1.158048
2025-12-05 19:03:00,597 - /home/kantorkristof/git/neurips-polymer/II_Experiment-Molecule/GNN/GAT.py[line:234] - INFO: Epoch [178/1000] Train_MSE: 2.610148 Val_MSE: 2.609278 | Loss: 1.288079
2025-12-05 19:03:00,838 - /home/kantorkristof/git/neurips-polymer/II_Experiment-Molecule/GNN/GAT.py[line:234] - INFO: Epoch [179/1000] Train_MSE: 2.307727 Val_MSE: 2.356939 | Loss: 1.393364
2025-12-05 19:03:01,083 - /home/kantorkristof/git/neurips-polymer/II_Experiment-Molecule/GNN/GAT.py[line:234] - INFO: Epoch [180/1000] Train_MSE: 1.925560 Val_MSE: 1.949097 | Loss: 1.224906
2025-12-05 19:03:01,334 - /home/kantorkristof/git/neurips-polymer/II_Experiment-Molecule/GNN/GAT.py[line:234] - INFO: Epoch [181/1000] Train_MSE: 2.171390 Val_MSE: 2.101278 | Loss: 1.367046
2025-12-05 19:03:01,574 - /home/kantorkristof/git/neurips-polymer/II_Experiment-Molecule/GNN/GAT.py[line:234] - INFO: Epoch [182/1000] Train_MSE: 2.710220 Val_MSE: 2.652975 | Loss: 1.098968
2025-12-05 19:03:01,813 - /home/kantorkristof/git/neurips-polymer/II_Experiment-Molecule/GNN/GAT.py[line:234] - INFO: Epoch [183/1000] Train_MSE: 4.111561 Val_MSE: 3.897968 | Loss: 1.109370
2025-12-05 19:03:02,057 - /home/kantorkristof/git/neurips-polymer/II_Experiment-Molecule/GNN/GAT.py[line:234] - INFO: Epoch [184/1000] Train_MSE: 1.778903 Val_MSE: 1.869935 | Loss: 1.552319
2025-12-05 19:03:02,297 - /home/kantorkristof/git/neurips-polymer/II_Experiment-Molecule/GNN/GAT.py[line:234] - INFO: Epoch [185/1000] Train_MSE: 1.733063 Val_MSE: 1.837850 | Loss: 1.225842
2025-12-05 19:03:02,525 - /home/kantorkristof/git/neurips-polymer/II_Experiment-Molecule/GNN/GAT.py[line:234] - INFO: Epoch [186/1000] Train_MSE: 1.606982 Val_MSE: 1.659313 | Loss: 1.299467
2025-12-05 19:03:02,772 - /home/kantorkristof/git/neurips-polymer/II_Experiment-Molecule/GNN/GAT.py[line:234] - INFO: Epoch [187/1000] Train_MSE: 2.349664 Val_MSE: 2.324539 | Loss: 1.176488
2025-12-05 19:03:03,021 - /home/kantorkristof/git/neurips-polymer/II_Experiment-Molecule/GNN/GAT.py[line:234] - INFO: Epoch [188/1000] Train_MSE: 2.297384 Val_MSE: 2.251832 | Loss: 1.143230
2025-12-05 19:03:03,264 - /home/kantorkristof/git/neurips-polymer/II_Experiment-Molecule/GNN/GAT.py[line:234] - INFO: Epoch [189/1000] Train_MSE: 2.717086 Val_MSE: 2.553470 | Loss: 1.150722
2025-12-05 19:03:03,510 - /home/kantorkristof/git/neurips-polymer/II_Experiment-Molecule/GNN/GAT.py[line:234] - INFO: Epoch [190/1000] Train_MSE: 2.158623 Val_MSE: 2.129538 | Loss: 1.024046
2025-12-05 19:03:03,761 - /home/kantorkristof/git/neurips-polymer/II_Experiment-Molecule/GNN/GAT.py[line:234] - INFO: Epoch [191/1000] Train_MSE: 2.149334 Val_MSE: 2.151123 | Loss: 1.189175
2025-12-05 19:03:04,032 - /home/kantorkristof/git/neurips-polymer/II_Experiment-Molecule/GNN/GAT.py[line:234] - INFO: Epoch [192/1000] Train_MSE: 3.064293 Val_MSE: 2.955497 | Loss: 1.423932
2025-12-05 19:03:04,279 - /home/kantorkristof/git/neurips-polymer/II_Experiment-Molecule/GNN/GAT.py[line:234] - INFO: Epoch [193/1000] Train_MSE: 2.258107 Val_MSE: 2.276031 | Loss: 1.079427
2025-12-05 19:03:04,528 - /home/kantorkristof/git/neurips-polymer/II_Experiment-Molecule/GNN/GAT.py[line:234] - INFO: Epoch [194/1000] Train_MSE: 2.785719 Val_MSE: 2.718902 | Loss: 1.265298
2025-12-05 19:03:04,776 - /home/kantorkristof/git/neurips-polymer/II_Experiment-Molecule/GNN/GAT.py[line:234] - INFO: Epoch [195/1000] Train_MSE: 2.227998 Val_MSE: 2.198699 | Loss: 1.228608
2025-12-05 19:03:05,017 - /home/kantorkristof/git/neurips-polymer/II_Experiment-Molecule/GNN/GAT.py[line:234] - INFO: Epoch [196/1000] Train_MSE: 2.204191 Val_MSE: 2.164704 | Loss: 1.098970
2025-12-05 19:03:05,261 - /home/kantorkristof/git/neurips-polymer/II_Experiment-Molecule/GNN/GAT.py[line:234] - INFO: Epoch [197/1000] Train_MSE: 1.449157 Val_MSE: 1.592002 | Loss: 1.295579
2025-12-05 19:03:05,506 - /home/kantorkristof/git/neurips-polymer/II_Experiment-Molecule/GNN/GAT.py[line:234] - INFO: Epoch [198/1000] Train_MSE: 2.400205 Val_MSE: 2.387622 | Loss: 1.083144
2025-12-05 19:03:05,750 - /home/kantorkristof/git/neurips-polymer/II_Experiment-Molecule/GNN/GAT.py[line:234] - INFO: Epoch [199/1000] Train_MSE: 1.640814 Val_MSE: 1.777740 | Loss: 1.148789
2025-12-05 19:03:05,992 - /home/kantorkristof/git/neurips-polymer/II_Experiment-Molecule/GNN/GAT.py[line:234] - INFO: Epoch [200/1000] Train_MSE: 1.836391 Val_MSE: 1.960977 | Loss: 1.421097
2025-12-05 19:03:06,235 - /home/kantorkristof/git/neurips-polymer/II_Experiment-Molecule/GNN/GAT.py[line:234] - INFO: Epoch [201/1000] Train_MSE: 2.724648 Val_MSE: 2.607668 | Loss: 1.401261
2025-12-05 19:03:06,477 - /home/kantorkristof/git/neurips-polymer/II_Experiment-Molecule/GNN/GAT.py[line:234] - INFO: Epoch [202/1000] Train_MSE: 2.707399 Val_MSE: 2.635605 | Loss: 1.096005
2025-12-05 19:03:06,717 - /home/kantorkristof/git/neurips-polymer/II_Experiment-Molecule/GNN/GAT.py[line:234] - INFO: Epoch [203/1000] Train_MSE: 1.843259 Val_MSE: 1.953181 | Loss: 1.078586
2025-12-05 19:03:06,959 - /home/kantorkristof/git/neurips-polymer/II_Experiment-Molecule/GNN/GAT.py[line:234] - INFO: Epoch [204/1000] Train_MSE: 1.759955 Val_MSE: 1.841928 | Loss: 1.178257
2025-12-05 19:03:07,217 - /home/kantorkristof/git/neurips-polymer/II_Experiment-Molecule/GNN/GAT.py[line:234] - INFO: Epoch [205/1000] Train_MSE: 2.066178 Val_MSE: 2.074997 | Loss: 1.184357
2025-12-05 19:03:07,466 - /home/kantorkristof/git/neurips-polymer/II_Experiment-Molecule/GNN/GAT.py[line:234] - INFO: Epoch [206/1000] Train_MSE: 2.121628 Val_MSE: 2.087406 | Loss: 1.086499
2025-12-05 19:03:07,714 - /home/kantorkristof/git/neurips-polymer/II_Experiment-Molecule/GNN/GAT.py[line:234] - INFO: Epoch [207/1000] Train_MSE: 3.858377 Val_MSE: 3.634386 | Loss: 1.028066
2025-12-05 19:03:07,954 - /home/kantorkristof/git/neurips-polymer/II_Experiment-Molecule/GNN/GAT.py[line:234] - INFO: Epoch [208/1000] Train_MSE: 2.022942 Val_MSE: 2.142890 | Loss: 1.085873
2025-12-05 19:03:08,192 - /home/kantorkristof/git/neurips-polymer/II_Experiment-Molecule/GNN/GAT.py[line:234] - INFO: Epoch [209/1000] Train_MSE: 3.513060 Val_MSE: 3.381729 | Loss: 1.030233
2025-12-05 19:03:08,434 - /home/kantorkristof/git/neurips-polymer/II_Experiment-Molecule/GNN/GAT.py[line:234] - INFO: Epoch [210/1000] Train_MSE: 2.200260 Val_MSE: 2.337584 | Loss: 0.964287
2025-12-05 19:03:08,673 - /home/kantorkristof/git/neurips-polymer/II_Experiment-Molecule/GNN/GAT.py[line:234] - INFO: Epoch [211/1000] Train_MSE: 3.049127 Val_MSE: 2.985838 | Loss: 1.063193
2025-12-05 19:03:08,917 - /home/kantorkristof/git/neurips-polymer/II_Experiment-Molecule/GNN/GAT.py[line:234] - INFO: Epoch [212/1000] Train_MSE: 1.578168 Val_MSE: 1.707991 | Loss: 1.133037
2025-12-05 19:03:09,161 - /home/kantorkristof/git/neurips-polymer/II_Experiment-Molecule/GNN/GAT.py[line:234] - INFO: Epoch [213/1000] Train_MSE: 2.140039 Val_MSE: 2.080683 | Loss: 0.917002
2025-12-05 19:03:09,404 - /home/kantorkristof/git/neurips-polymer/II_Experiment-Molecule/GNN/GAT.py[line:234] - INFO: Epoch [214/1000] Train_MSE: 3.110856 Val_MSE: 2.946556 | Loss: 1.077533
2025-12-05 19:03:09,647 - /home/kantorkristof/git/neurips-polymer/II_Experiment-Molecule/GNN/GAT.py[line:234] - INFO: Epoch [215/1000] Train_MSE: 2.263328 Val_MSE: 2.235106 | Loss: 1.100122
2025-12-05 19:03:09,888 - /home/kantorkristof/git/neurips-polymer/II_Experiment-Molecule/GNN/GAT.py[line:234] - INFO: Epoch [216/1000] Train_MSE: 1.702671 Val_MSE: 1.753027 | Loss: 2.221614
2025-12-05 19:03:10,135 - /home/kantorkristof/git/neurips-polymer/II_Experiment-Molecule/GNN/GAT.py[line:234] - INFO: Epoch [217/1000] Train_MSE: 2.287168 Val_MSE: 2.271924 | Loss: 1.574769
2025-12-05 19:03:10,391 - /home/kantorkristof/git/neurips-polymer/II_Experiment-Molecule/GNN/GAT.py[line:234] - INFO: Epoch [218/1000] Train_MSE: 1.526106 Val_MSE: 1.634716 | Loss: 1.188465
2025-12-05 19:03:10,638 - /home/kantorkristof/git/neurips-polymer/II_Experiment-Molecule/GNN/GAT.py[line:234] - INFO: Epoch [219/1000] Train_MSE: 2.376234 Val_MSE: 2.389353 | Loss: 1.037326
2025-12-05 19:03:10,879 - /home/kantorkristof/git/neurips-polymer/II_Experiment-Molecule/GNN/GAT.py[line:234] - INFO: Epoch [220/1000] Train_MSE: 2.073436 Val_MSE: 2.112237 | Loss: 1.042749
2025-12-05 19:03:11,122 - /home/kantorkristof/git/neurips-polymer/II_Experiment-Molecule/GNN/GAT.py[line:234] - INFO: Epoch [221/1000] Train_MSE: 2.350766 Val_MSE: 2.300598 | Loss: 1.014082
2025-12-05 19:03:11,374 - /home/kantorkristof/git/neurips-polymer/II_Experiment-Molecule/GNN/GAT.py[line:234] - INFO: Epoch [222/1000] Train_MSE: 2.807587 Val_MSE: 2.796226 | Loss: 1.184702
2025-12-05 19:03:11,624 - /home/kantorkristof/git/neurips-polymer/II_Experiment-Molecule/GNN/GAT.py[line:234] - INFO: Epoch [223/1000] Train_MSE: 3.073925 Val_MSE: 2.973544 | Loss: 1.025497
2025-12-05 19:03:11,878 - /home/kantorkristof/git/neurips-polymer/II_Experiment-Molecule/GNN/GAT.py[line:234] - INFO: Epoch [224/1000] Train_MSE: 2.579867 Val_MSE: 2.518863 | Loss: 1.017953
2025-12-05 19:03:12,136 - /home/kantorkristof/git/neurips-polymer/II_Experiment-Molecule/GNN/GAT.py[line:234] - INFO: Epoch [225/1000] Train_MSE: 2.942112 Val_MSE: 2.822999 | Loss: 0.988064
2025-12-05 19:03:12,393 - /home/kantorkristof/git/neurips-polymer/II_Experiment-Molecule/GNN/GAT.py[line:234] - INFO: Epoch [226/1000] Train_MSE: 2.508117 Val_MSE: 2.479624 | Loss: 1.955788
2025-12-05 19:03:12,644 - /home/kantorkristof/git/neurips-polymer/II_Experiment-Molecule/GNN/GAT.py[line:234] - INFO: Epoch [227/1000] Train_MSE: 2.012167 Val_MSE: 2.059448 | Loss: 1.496754
2025-12-05 19:03:12,896 - /home/kantorkristof/git/neurips-polymer/II_Experiment-Molecule/GNN/GAT.py[line:234] - INFO: Epoch [228/1000] Train_MSE: 1.641486 Val_MSE: 1.858964 | Loss: 1.646005
2025-12-05 19:03:12,896 - /home/kantorkristof/git/neurips-polymer/II_Experiment-Molecule/GNN/GAT.py[line:254] - INFO: Early Stopping
2025-12-05 19:03:13,020 - /home/kantorkristof/git/neurips-polymer/II_Experiment-Molecule/GNN/GAT.py[line:266] - INFO: Best model Accuracy for ESOL predicted log solubility in mols per litre, seed 42:
2025-12-05 19:03:13,021 - /home/kantorkristof/git/neurips-polymer/II_Experiment-Molecule/GNN/GAT.py[line:267] - INFO:   Train MSE: 1.402261
2025-12-05 19:03:13,021 - /home/kantorkristof/git/neurips-polymer/II_Experiment-Molecule/GNN/GAT.py[line:268] - INFO:   Val MSE:   1.518412
2025-12-05 19:03:13,021 - /home/kantorkristof/git/neurips-polymer/II_Experiment-Molecule/GNN/GAT.py[line:269] - INFO:   Test MSE:  1.817604
2025-12-05 19:03:13,021 - /home/kantorkristof/git/neurips-polymer/II_Experiment-Molecule/GNN/GAT.py[line:285] - INFO: 
=== Results for attribute ESOL predicted log solubility in mols per litre ===
2025-12-05 19:03:13,021 - /home/kantorkristof/git/neurips-polymer/II_Experiment-Molecule/GNN/GAT.py[line:291] - INFO: Train MSE: 1.402261  Val MSE: 1.518412  Test MSE: 1.817604
