2025-12-08 03:48:39,096 - /home/kantorkristof/git/neurips-polymer/III_Experiment-Traffic-Prediction/GNN/DIR.py[line:338] - INFO: 
Model training started for property: Congestion_Level_CC (MAPE metric)
2025-12-08 03:48:39,096 - /home/kantorkristof/git/neurips-polymer/III_Experiment-Traffic-Prediction/GNN/DIR.py[line:139] - INFO: 
+------------+-------+
| Parameter  | Value |
+------------+-------+
| cuda       | 2     |
+------------+-------+
| datadir    | data  |
+------------+-------+
| epoch      | 1000  |
+------------+-------+
| seed       | [42]  |
+------------+-------+
| channels   | 64    |
+------------+-------+
| pretrain   | 0     |
+------------+-------+
| alpha      | 0.001 |
+------------+-------+
| r          | 0.550 |
+------------+-------+
| batch_size | 32    |
+------------+-------+
| net_lr     | 0.001 |
+------------+-------+
2025-12-08 03:48:39,097 - /home/kantorkristof/git/neurips-polymer/III_Experiment-Traffic-Prediction/GNN/DIR.py[line:343] - INFO: --- Starting training for Congestion_Level_CC with seed 42 ---
2025-12-08 03:49:28,862 - /home/kantorkristof/git/neurips-polymer/III_Experiment-Traffic-Prediction/GNN/DIR.py[line:439] - INFO: Epoch [1/1000] Train_MAPE: 44.893708% Val_MAPE: 48.581028% | Total_Loss: 52.215077 Causal_Loss: 51.933046 DIR_Penalty: 282.031364 Non_Causal_Loss: 58.431467
2025-12-08 03:49:28,876 - /home/kantorkristof/git/neurips-polymer/III_Experiment-Traffic-Prediction/GNN/DIR.py[line:453] - INFO: Best model saved at epoch 1 with val_mape 48.581028%
2025-12-08 03:50:16,522 - /home/kantorkristof/git/neurips-polymer/III_Experiment-Traffic-Prediction/GNN/DIR.py[line:439] - INFO: Epoch [2/1000] Train_MAPE: 35.447101% Val_MAPE: 39.688287% | Total_Loss: 31.325146 Causal_Loss: 30.916451 DIR_Penalty: 408.695843 Non_Causal_Loss: 58.484915
2025-12-08 03:50:16,533 - /home/kantorkristof/git/neurips-polymer/III_Experiment-Traffic-Prediction/GNN/DIR.py[line:453] - INFO: Best model saved at epoch 2 with val_mape 39.688287%
2025-12-08 03:51:05,682 - /home/kantorkristof/git/neurips-polymer/III_Experiment-Traffic-Prediction/GNN/DIR.py[line:439] - INFO: Epoch [3/1000] Train_MAPE: 26.281756% Val_MAPE: 30.224348% | Total_Loss: 29.556225 Causal_Loss: 29.155391 DIR_Penalty: 400.835012 Non_Causal_Loss: 57.169637
2025-12-08 03:51:05,691 - /home/kantorkristof/git/neurips-polymer/III_Experiment-Traffic-Prediction/GNN/DIR.py[line:453] - INFO: Best model saved at epoch 3 with val_mape 30.224348%
2025-12-08 03:51:54,532 - /home/kantorkristof/git/neurips-polymer/III_Experiment-Traffic-Prediction/GNN/DIR.py[line:439] - INFO: Epoch [4/1000] Train_MAPE: 26.583151% Val_MAPE: 29.864504% | Total_Loss: 26.935314 Causal_Loss: 26.479969 DIR_Penalty: 455.344753 Non_Causal_Loss: 56.443470
2025-12-08 03:51:54,540 - /home/kantorkristof/git/neurips-polymer/III_Experiment-Traffic-Prediction/GNN/DIR.py[line:453] - INFO: Best model saved at epoch 4 with val_mape 29.864504%
2025-12-08 03:52:47,230 - /home/kantorkristof/git/neurips-polymer/III_Experiment-Traffic-Prediction/GNN/DIR.py[line:439] - INFO: Epoch [5/1000] Train_MAPE: 25.829480% Val_MAPE: 30.768007% | Total_Loss: 25.909466 Causal_Loss: 25.401301 DIR_Penalty: 508.164162 Non_Causal_Loss: 56.851290
2025-12-08 03:53:38,035 - /home/kantorkristof/git/neurips-polymer/III_Experiment-Traffic-Prediction/GNN/DIR.py[line:439] - INFO: Epoch [6/1000] Train_MAPE: 26.222698% Val_MAPE: 29.225406% | Total_Loss: 27.425542 Causal_Loss: 26.949383 DIR_Penalty: 476.158905 Non_Causal_Loss: 57.625379
2025-12-08 03:53:38,043 - /home/kantorkristof/git/neurips-polymer/III_Experiment-Traffic-Prediction/GNN/DIR.py[line:453] - INFO: Best model saved at epoch 6 with val_mape 29.225406%
2025-12-08 03:54:27,175 - /home/kantorkristof/git/neurips-polymer/III_Experiment-Traffic-Prediction/GNN/DIR.py[line:439] - INFO: Epoch [7/1000] Train_MAPE: 28.861642% Val_MAPE: 33.636853% | Total_Loss: 26.680272 Causal_Loss: 26.192094 DIR_Penalty: 488.178143 Non_Causal_Loss: 57.350009
2025-12-08 03:55:16,118 - /home/kantorkristof/git/neurips-polymer/III_Experiment-Traffic-Prediction/GNN/DIR.py[line:439] - INFO: Epoch [8/1000] Train_MAPE: 26.509176% Val_MAPE: 30.302781% | Total_Loss: 28.656005 Causal_Loss: 28.220753 DIR_Penalty: 435.252024 Non_Causal_Loss: 57.378711
2025-12-08 03:56:05,226 - /home/kantorkristof/git/neurips-polymer/III_Experiment-Traffic-Prediction/GNN/DIR.py[line:439] - INFO: Epoch [9/1000] Train_MAPE: 31.321588% Val_MAPE: 34.604729% | Total_Loss: 27.469185 Causal_Loss: 26.985846 DIR_Penalty: 483.339100 Non_Causal_Loss: 57.816824
2025-12-08 03:56:53,012 - /home/kantorkristof/git/neurips-polymer/III_Experiment-Traffic-Prediction/GNN/DIR.py[line:439] - INFO: Epoch [10/1000] Train_MAPE: 25.456685% Val_MAPE: 29.986030% | Total_Loss: 28.461596 Causal_Loss: 28.021522 DIR_Penalty: 440.074046 Non_Causal_Loss: 57.066402
2025-12-08 03:57:41,116 - /home/kantorkristof/git/neurips-polymer/III_Experiment-Traffic-Prediction/GNN/DIR.py[line:439] - INFO: Epoch [11/1000] Train_MAPE: 26.206777% Val_MAPE: 31.729472% | Total_Loss: 26.575294 Causal_Loss: 26.100555 DIR_Penalty: 474.739254 Non_Causal_Loss: 56.058970
2025-12-08 03:58:30,586 - /home/kantorkristof/git/neurips-polymer/III_Experiment-Traffic-Prediction/GNN/DIR.py[line:439] - INFO: Epoch [12/1000] Train_MAPE: 24.536436% Val_MAPE: 29.192001% | Total_Loss: 25.249580 Causal_Loss: 24.705299 DIR_Penalty: 544.281351 Non_Causal_Loss: 57.267470
2025-12-08 03:58:30,595 - /home/kantorkristof/git/neurips-polymer/III_Experiment-Traffic-Prediction/GNN/DIR.py[line:453] - INFO: Best model saved at epoch 12 with val_mape 29.192001%
2025-12-08 03:59:22,098 - /home/kantorkristof/git/neurips-polymer/III_Experiment-Traffic-Prediction/GNN/DIR.py[line:439] - INFO: Epoch [13/1000] Train_MAPE: 26.074390% Val_MAPE: 30.355507% | Total_Loss: 26.853576 Causal_Loss: 26.368881 DIR_Penalty: 484.695740 Non_Causal_Loss: 57.443518
2025-12-08 04:00:14,320 - /home/kantorkristof/git/neurips-polymer/III_Experiment-Traffic-Prediction/GNN/DIR.py[line:439] - INFO: Epoch [14/1000] Train_MAPE: 25.312836% Val_MAPE: 29.387196% | Total_Loss: 26.775059 Causal_Loss: 26.297779 DIR_Penalty: 477.279354 Non_Causal_Loss: 57.096433
2025-12-08 04:01:02,630 - /home/kantorkristof/git/neurips-polymer/III_Experiment-Traffic-Prediction/GNN/DIR.py[line:439] - INFO: Epoch [15/1000] Train_MAPE: 26.415286% Val_MAPE: 30.307345% | Total_Loss: 26.832084 Causal_Loss: 26.338223 DIR_Penalty: 493.861004 Non_Causal_Loss: 57.559515
2025-12-08 04:01:49,590 - /home/kantorkristof/git/neurips-polymer/III_Experiment-Traffic-Prediction/GNN/DIR.py[line:439] - INFO: Epoch [16/1000] Train_MAPE: 24.800031% Val_MAPE: 28.217410% | Total_Loss: 26.423573 Causal_Loss: 25.951163 DIR_Penalty: 472.410053 Non_Causal_Loss: 56.397461
2025-12-08 04:01:49,599 - /home/kantorkristof/git/neurips-polymer/III_Experiment-Traffic-Prediction/GNN/DIR.py[line:453] - INFO: Best model saved at epoch 16 with val_mape 28.217410%
2025-12-08 04:02:38,399 - /home/kantorkristof/git/neurips-polymer/III_Experiment-Traffic-Prediction/GNN/DIR.py[line:439] - INFO: Epoch [17/1000] Train_MAPE: 26.939779% Val_MAPE: 30.744868% | Total_Loss: 25.020159 Causal_Loss: 24.507222 DIR_Penalty: 512.936413 Non_Causal_Loss: 56.450131
2025-12-08 04:03:26,050 - /home/kantorkristof/git/neurips-polymer/III_Experiment-Traffic-Prediction/GNN/DIR.py[line:439] - INFO: Epoch [18/1000] Train_MAPE: 25.518427% Val_MAPE: 29.724198% | Total_Loss: 25.408966 Causal_Loss: 24.887416 DIR_Penalty: 521.549889 Non_Causal_Loss: 56.941358
2025-12-08 04:04:14,998 - /home/kantorkristof/git/neurips-polymer/III_Experiment-Traffic-Prediction/GNN/DIR.py[line:439] - INFO: Epoch [19/1000] Train_MAPE: 25.281665% Val_MAPE: 28.581204% | Total_Loss: 26.644774 Causal_Loss: 26.136533 DIR_Penalty: 508.241096 Non_Causal_Loss: 57.319125
2025-12-08 04:05:05,212 - /home/kantorkristof/git/neurips-polymer/III_Experiment-Traffic-Prediction/GNN/DIR.py[line:439] - INFO: Epoch [20/1000] Train_MAPE: 26.984878% Val_MAPE: 31.424082% | Total_Loss: 26.513469 Causal_Loss: 25.998995 DIR_Penalty: 514.474892 Non_Causal_Loss: 57.900411
2025-12-08 04:05:53,118 - /home/kantorkristof/git/neurips-polymer/III_Experiment-Traffic-Prediction/GNN/DIR.py[line:439] - INFO: Epoch [21/1000] Train_MAPE: 25.080288% Val_MAPE: 30.102623% | Total_Loss: 27.709657 Causal_Loss: 27.203420 DIR_Penalty: 506.236961 Non_Causal_Loss: 58.810101
2025-12-08 04:06:43,727 - /home/kantorkristof/git/neurips-polymer/III_Experiment-Traffic-Prediction/GNN/DIR.py[line:439] - INFO: Epoch [22/1000] Train_MAPE: 25.189865% Val_MAPE: 29.492172% | Total_Loss: 25.322228 Causal_Loss: 24.727083 DIR_Penalty: 595.144714 Non_Causal_Loss: 58.690925
2025-12-08 04:07:32,616 - /home/kantorkristof/git/neurips-polymer/III_Experiment-Traffic-Prediction/GNN/DIR.py[line:439] - INFO: Epoch [23/1000] Train_MAPE: 25.207371% Val_MAPE: 30.978730% | Total_Loss: 26.318412 Causal_Loss: 25.771269 DIR_Penalty: 547.143139 Non_Causal_Loss: 58.525700
2025-12-08 04:08:21,064 - /home/kantorkristof/git/neurips-polymer/III_Experiment-Traffic-Prediction/GNN/DIR.py[line:439] - INFO: Epoch [24/1000] Train_MAPE: 26.374612% Val_MAPE: 29.896181% | Total_Loss: 24.509160 Causal_Loss: 23.930861 DIR_Penalty: 578.299053 Non_Causal_Loss: 57.318374
2025-12-08 04:09:09,185 - /home/kantorkristof/git/neurips-polymer/III_Experiment-Traffic-Prediction/GNN/DIR.py[line:439] - INFO: Epoch [25/1000] Train_MAPE: 26.763924% Val_MAPE: 30.098412% | Total_Loss: 25.082556 Causal_Loss: 24.516434 DIR_Penalty: 566.121773 Non_Causal_Loss: 57.842076
2025-12-08 04:09:58,406 - /home/kantorkristof/git/neurips-polymer/III_Experiment-Traffic-Prediction/GNN/DIR.py[line:439] - INFO: Epoch [26/1000] Train_MAPE: 27.593306% Val_MAPE: 30.891483% | Total_Loss: 26.303684 Causal_Loss: 25.750428 DIR_Penalty: 553.255764 Non_Causal_Loss: 58.721890
2025-12-08 04:10:48,177 - /home/kantorkristof/git/neurips-polymer/III_Experiment-Traffic-Prediction/GNN/DIR.py[line:439] - INFO: Epoch [27/1000] Train_MAPE: 25.596138% Val_MAPE: 29.649793% | Total_Loss: 27.415130 Causal_Loss: 26.898899 DIR_Penalty: 516.231968 Non_Causal_Loss: 58.204507
2025-12-08 04:11:37,030 - /home/kantorkristof/git/neurips-polymer/III_Experiment-Traffic-Prediction/GNN/DIR.py[line:439] - INFO: Epoch [28/1000] Train_MAPE: 26.057500% Val_MAPE: 30.705790% | Total_Loss: 27.039580 Causal_Loss: 26.523520 DIR_Penalty: 516.059361 Non_Causal_Loss: 58.350753
2025-12-08 04:12:25,490 - /home/kantorkristof/git/neurips-polymer/III_Experiment-Traffic-Prediction/GNN/DIR.py[line:439] - INFO: Epoch [29/1000] Train_MAPE: 26.406421% Val_MAPE: 28.610334% | Total_Loss: 26.621258 Causal_Loss: 26.085027 DIR_Penalty: 536.231323 Non_Causal_Loss: 58.568395
2025-12-08 04:13:14,444 - /home/kantorkristof/git/neurips-polymer/III_Experiment-Traffic-Prediction/GNN/DIR.py[line:439] - INFO: Epoch [30/1000] Train_MAPE: 27.900862% Val_MAPE: 31.626781% | Total_Loss: 26.723450 Causal_Loss: 26.203671 DIR_Penalty: 519.778515 Non_Causal_Loss: 58.217780
2025-12-08 04:14:04,876 - /home/kantorkristof/git/neurips-polymer/III_Experiment-Traffic-Prediction/GNN/DIR.py[line:439] - INFO: Epoch [31/1000] Train_MAPE: 26.895347% Val_MAPE: 30.574457% | Total_Loss: 27.168172 Causal_Loss: 26.695235 DIR_Penalty: 472.936775 Non_Causal_Loss: 57.297655
2025-12-08 04:14:54,156 - /home/kantorkristof/git/neurips-polymer/III_Experiment-Traffic-Prediction/GNN/DIR.py[line:439] - INFO: Epoch [32/1000] Train_MAPE: 25.021485% Val_MAPE: 28.156221% | Total_Loss: 25.472774 Causal_Loss: 24.918911 DIR_Penalty: 553.863400 Non_Causal_Loss: 57.599489
2025-12-08 04:14:54,165 - /home/kantorkristof/git/neurips-polymer/III_Experiment-Traffic-Prediction/GNN/DIR.py[line:453] - INFO: Best model saved at epoch 32 with val_mape 28.156221%
2025-12-08 04:15:43,074 - /home/kantorkristof/git/neurips-polymer/III_Experiment-Traffic-Prediction/GNN/DIR.py[line:439] - INFO: Epoch [33/1000] Train_MAPE: 23.334530% Val_MAPE: 29.201341% | Total_Loss: 26.527214 Causal_Loss: 26.056356 DIR_Penalty: 470.858257 Non_Causal_Loss: 56.427698
2025-12-08 04:16:36,779 - /home/kantorkristof/git/neurips-polymer/III_Experiment-Traffic-Prediction/GNN/DIR.py[line:439] - INFO: Epoch [34/1000] Train_MAPE: 25.633185% Val_MAPE: 30.608836% | Total_Loss: 25.918353 Causal_Loss: 25.370046 DIR_Penalty: 548.307175 Non_Causal_Loss: 58.132436
2025-12-08 04:17:28,544 - /home/kantorkristof/git/neurips-polymer/III_Experiment-Traffic-Prediction/GNN/DIR.py[line:439] - INFO: Epoch [35/1000] Train_MAPE: 24.196394% Val_MAPE: 28.752275% | Total_Loss: 27.388446 Causal_Loss: 26.877529 DIR_Penalty: 510.916761 Non_Causal_Loss: 57.683891
2025-12-08 04:18:16,866 - /home/kantorkristof/git/neurips-polymer/III_Experiment-Traffic-Prediction/GNN/DIR.py[line:439] - INFO: Epoch [36/1000] Train_MAPE: 25.815049% Val_MAPE: 28.921377% | Total_Loss: 28.596575 Causal_Loss: 28.156539 DIR_Penalty: 440.036697 Non_Causal_Loss: 57.629439
2025-12-08 04:19:04,645 - /home/kantorkristof/git/neurips-polymer/III_Experiment-Traffic-Prediction/GNN/DIR.py[line:439] - INFO: Epoch [37/1000] Train_MAPE: 25.623580% Val_MAPE: 28.604033% | Total_Loss: 29.440991 Causal_Loss: 29.042818 DIR_Penalty: 398.173180 Non_Causal_Loss: 56.900874
2025-12-08 04:19:51,774 - /home/kantorkristof/git/neurips-polymer/III_Experiment-Traffic-Prediction/GNN/DIR.py[line:439] - INFO: Epoch [38/1000] Train_MAPE: 27.518076% Val_MAPE: 31.627069% | Total_Loss: 27.485052 Causal_Loss: 27.039370 DIR_Penalty: 445.682446 Non_Causal_Loss: 56.680157
2025-12-08 04:20:40,062 - /home/kantorkristof/git/neurips-polymer/III_Experiment-Traffic-Prediction/GNN/DIR.py[line:439] - INFO: Epoch [39/1000] Train_MAPE: 25.021784% Val_MAPE: 28.523173% | Total_Loss: 26.425384 Causal_Loss: 25.954073 DIR_Penalty: 471.310518 Non_Causal_Loss: 56.048667
2025-12-08 04:21:31,446 - /home/kantorkristof/git/neurips-polymer/III_Experiment-Traffic-Prediction/GNN/DIR.py[line:439] - INFO: Epoch [40/1000] Train_MAPE: 25.703519% Val_MAPE: 30.015957% | Total_Loss: 25.689242 Causal_Loss: 25.186184 DIR_Penalty: 503.058029 Non_Causal_Loss: 55.536233
2025-12-08 04:22:19,953 - /home/kantorkristof/git/neurips-polymer/III_Experiment-Traffic-Prediction/GNN/DIR.py[line:439] - INFO: Epoch [41/1000] Train_MAPE: 24.200565% Val_MAPE: 28.509174% | Total_Loss: 26.173559 Causal_Loss: 25.724705 DIR_Penalty: 448.853951 Non_Causal_Loss: 55.538235
2025-12-08 04:23:08,798 - /home/kantorkristof/git/neurips-polymer/III_Experiment-Traffic-Prediction/GNN/DIR.py[line:439] - INFO: Epoch [42/1000] Train_MAPE: 27.007458% Val_MAPE: 30.421264% | Total_Loss: 26.874228 Causal_Loss: 26.434869 DIR_Penalty: 439.358414 Non_Causal_Loss: 55.863782
2025-12-08 04:23:56,508 - /home/kantorkristof/git/neurips-polymer/III_Experiment-Traffic-Prediction/GNN/DIR.py[line:439] - INFO: Epoch [43/1000] Train_MAPE: 25.444209% Val_MAPE: 29.785022% | Total_Loss: 24.747427 Causal_Loss: 24.207415 DIR_Penalty: 540.012218 Non_Causal_Loss: 56.911593
2025-12-08 04:24:44,089 - /home/kantorkristof/git/neurips-polymer/III_Experiment-Traffic-Prediction/GNN/DIR.py[line:439] - INFO: Epoch [44/1000] Train_MAPE: 25.078329% Val_MAPE: 29.625593% | Total_Loss: 24.468521 Causal_Loss: 23.947318 DIR_Penalty: 521.202049 Non_Causal_Loss: 56.028234
2025-12-08 04:25:32,177 - /home/kantorkristof/git/neurips-polymer/III_Experiment-Traffic-Prediction/GNN/DIR.py[line:439] - INFO: Epoch [45/1000] Train_MAPE: 27.070465% Val_MAPE: 30.794016% | Total_Loss: 26.868098 Causal_Loss: 26.410799 DIR_Penalty: 457.299406 Non_Causal_Loss: 55.517915
2025-12-08 04:26:20,774 - /home/kantorkristof/git/neurips-polymer/III_Experiment-Traffic-Prediction/GNN/DIR.py[line:439] - INFO: Epoch [46/1000] Train_MAPE: 23.487116% Val_MAPE: 26.819666% | Total_Loss: 25.398477 Causal_Loss: 24.912958 DIR_Penalty: 485.519688 Non_Causal_Loss: 55.601390
2025-12-08 04:26:20,785 - /home/kantorkristof/git/neurips-polymer/III_Experiment-Traffic-Prediction/GNN/DIR.py[line:453] - INFO: Best model saved at epoch 46 with val_mape 26.819666%
2025-12-08 04:27:11,919 - /home/kantorkristof/git/neurips-polymer/III_Experiment-Traffic-Prediction/GNN/DIR.py[line:439] - INFO: Epoch [47/1000] Train_MAPE: 24.861365% Val_MAPE: 29.512089% | Total_Loss: 28.272046 Causal_Loss: 27.823746 DIR_Penalty: 448.300054 Non_Causal_Loss: 55.633492
2025-12-08 04:28:07,980 - /home/kantorkristof/git/neurips-polymer/III_Experiment-Traffic-Prediction/GNN/DIR.py[line:439] - INFO: Epoch [48/1000] Train_MAPE: 23.518378% Val_MAPE: 28.826165% | Total_Loss: 26.425889 Causal_Loss: 25.954470 DIR_Penalty: 471.419329 Non_Causal_Loss: 56.157746
2025-12-08 04:28:59,183 - /home/kantorkristof/git/neurips-polymer/III_Experiment-Traffic-Prediction/GNN/DIR.py[line:439] - INFO: Epoch [49/1000] Train_MAPE: 23.803680% Val_MAPE: 27.789729% | Total_Loss: 24.474134 Causal_Loss: 23.945001 DIR_Penalty: 529.133915 Non_Causal_Loss: 56.211873
2025-12-08 04:29:49,998 - /home/kantorkristof/git/neurips-polymer/III_Experiment-Traffic-Prediction/GNN/DIR.py[line:439] - INFO: Epoch [50/1000] Train_MAPE: 23.717395% Val_MAPE: 27.553680% | Total_Loss: 25.998321 Causal_Loss: 25.478149 DIR_Penalty: 520.171951 Non_Causal_Loss: 57.170468
2025-12-08 04:30:39,474 - /home/kantorkristof/git/neurips-polymer/III_Experiment-Traffic-Prediction/GNN/DIR.py[line:439] - INFO: Epoch [51/1000] Train_MAPE: 24.854702% Val_MAPE: 29.476230% | Total_Loss: 26.150286 Causal_Loss: 25.656522 DIR_Penalty: 493.764404 Non_Causal_Loss: 56.810922
2025-12-08 04:31:29,374 - /home/kantorkristof/git/neurips-polymer/III_Experiment-Traffic-Prediction/GNN/DIR.py[line:439] - INFO: Epoch [52/1000] Train_MAPE: 24.587861% Val_MAPE: 28.474306% | Total_Loss: 24.753118 Causal_Loss: 24.229233 DIR_Penalty: 523.884861 Non_Causal_Loss: 56.427796
2025-12-08 04:32:19,232 - /home/kantorkristof/git/neurips-polymer/III_Experiment-Traffic-Prediction/GNN/DIR.py[line:439] - INFO: Epoch [53/1000] Train_MAPE: 28.698690% Val_MAPE: 31.190325% | Total_Loss: 24.323087 Causal_Loss: 23.770969 DIR_Penalty: 552.117960 Non_Causal_Loss: 56.549703
2025-12-08 04:33:08,753 - /home/kantorkristof/git/neurips-polymer/III_Experiment-Traffic-Prediction/GNN/DIR.py[line:439] - INFO: Epoch [54/1000] Train_MAPE: 26.928214% Val_MAPE: 30.542017% | Total_Loss: 26.278251 Causal_Loss: 25.775195 DIR_Penalty: 503.055359 Non_Causal_Loss: 57.021938
2025-12-08 04:33:59,680 - /home/kantorkristof/git/neurips-polymer/III_Experiment-Traffic-Prediction/GNN/DIR.py[line:439] - INFO: Epoch [55/1000] Train_MAPE: 23.186411% Val_MAPE: 28.338684% | Total_Loss: 27.134614 Causal_Loss: 26.656109 DIR_Penalty: 478.505951 Non_Causal_Loss: 57.146686
2025-12-08 04:34:49,599 - /home/kantorkristof/git/neurips-polymer/III_Experiment-Traffic-Prediction/GNN/DIR.py[line:439] - INFO: Epoch [56/1000] Train_MAPE: 23.860241% Val_MAPE: 27.394046% | Total_Loss: 24.462002 Causal_Loss: 23.912620 DIR_Penalty: 549.382538 Non_Causal_Loss: 56.474165
2025-12-08 04:35:40,787 - /home/kantorkristof/git/neurips-polymer/III_Experiment-Traffic-Prediction/GNN/DIR.py[line:439] - INFO: Epoch [57/1000] Train_MAPE: 24.173851% Val_MAPE: 28.370166% | Total_Loss: 24.693120 Causal_Loss: 24.166183 DIR_Penalty: 526.936344 Non_Causal_Loss: 56.252860
2025-12-08 04:36:30,532 - /home/kantorkristof/git/neurips-polymer/III_Experiment-Traffic-Prediction/GNN/DIR.py[line:439] - INFO: Epoch [58/1000] Train_MAPE: 25.278979% Val_MAPE: 29.466443% | Total_Loss: 25.326024 Causal_Loss: 24.775697 DIR_Penalty: 550.326603 Non_Causal_Loss: 57.754390
2025-12-08 04:37:19,523 - /home/kantorkristof/git/neurips-polymer/III_Experiment-Traffic-Prediction/GNN/DIR.py[line:439] - INFO: Epoch [59/1000] Train_MAPE: 26.186212% Val_MAPE: 29.393512% | Total_Loss: 24.850575 Causal_Loss: 24.291815 DIR_Penalty: 558.759739 Non_Causal_Loss: 57.378151
2025-12-08 04:38:09,751 - /home/kantorkristof/git/neurips-polymer/III_Experiment-Traffic-Prediction/GNN/DIR.py[line:439] - INFO: Epoch [60/1000] Train_MAPE: 26.292471% Val_MAPE: 29.202531% | Total_Loss: 24.511550 Causal_Loss: 23.959049 DIR_Penalty: 552.500645 Non_Causal_Loss: 56.873671
2025-12-08 04:39:01,813 - /home/kantorkristof/git/neurips-polymer/III_Experiment-Traffic-Prediction/GNN/DIR.py[line:439] - INFO: Epoch [61/1000] Train_MAPE: 24.900898% Val_MAPE: 28.673617% | Total_Loss: 24.871930 Causal_Loss: 24.295004 DIR_Penalty: 576.926910 Non_Causal_Loss: 57.978865
2025-12-08 04:39:52,063 - /home/kantorkristof/git/neurips-polymer/III_Experiment-Traffic-Prediction/GNN/DIR.py[line:439] - INFO: Epoch [62/1000] Train_MAPE: 23.387137% Val_MAPE: 28.659306% | Total_Loss: 24.059256 Causal_Loss: 23.472794 DIR_Penalty: 586.462494 Non_Causal_Loss: 57.250985
2025-12-08 04:40:40,015 - /home/kantorkristof/git/neurips-polymer/III_Experiment-Traffic-Prediction/GNN/DIR.py[line:439] - INFO: Epoch [63/1000] Train_MAPE: 28.602100% Val_MAPE: 31.870905% | Total_Loss: 25.672945 Causal_Loss: 25.157554 DIR_Penalty: 515.390768 Non_Causal_Loss: 56.872166
2025-12-08 04:41:29,272 - /home/kantorkristof/git/neurips-polymer/III_Experiment-Traffic-Prediction/GNN/DIR.py[line:439] - INFO: Epoch [64/1000] Train_MAPE: 26.359675% Val_MAPE: 30.305910% | Total_Loss: 24.962186 Causal_Loss: 24.403525 DIR_Penalty: 558.661449 Non_Causal_Loss: 57.625967
2025-12-08 04:42:17,639 - /home/kantorkristof/git/neurips-polymer/III_Experiment-Traffic-Prediction/GNN/DIR.py[line:439] - INFO: Epoch [65/1000] Train_MAPE: 25.863031% Val_MAPE: 31.369777% | Total_Loss: 25.970554 Causal_Loss: 25.387919 DIR_Penalty: 582.635967 Non_Causal_Loss: 59.047780
2025-12-08 04:43:06,626 - /home/kantorkristof/git/neurips-polymer/III_Experiment-Traffic-Prediction/GNN/DIR.py[line:439] - INFO: Epoch [66/1000] Train_MAPE: 24.114275% Val_MAPE: 28.206598% | Total_Loss: 25.512719 Causal_Loss: 24.965360 DIR_Penalty: 547.359756 Non_Causal_Loss: 57.927000
2025-12-08 04:43:53,568 - /home/kantorkristof/git/neurips-polymer/III_Experiment-Traffic-Prediction/GNN/DIR.py[line:439] - INFO: Epoch [67/1000] Train_MAPE: 26.157166% Val_MAPE: 30.051321% | Total_Loss: 25.564818 Causal_Loss: 25.049505 DIR_Penalty: 515.312935 Non_Causal_Loss: 57.025852
2025-12-08 04:44:43,143 - /home/kantorkristof/git/neurips-polymer/III_Experiment-Traffic-Prediction/GNN/DIR.py[line:439] - INFO: Epoch [68/1000] Train_MAPE: 24.357757% Val_MAPE: 27.372753% | Total_Loss: 25.123600 Causal_Loss: 24.564209 DIR_Penalty: 559.390221 Non_Causal_Loss: 57.846193
2025-12-08 04:45:31,648 - /home/kantorkristof/git/neurips-polymer/III_Experiment-Traffic-Prediction/GNN/DIR.py[line:439] - INFO: Epoch [69/1000] Train_MAPE: 24.129983% Val_MAPE: 29.530375% | Total_Loss: 24.578501 Causal_Loss: 24.033968 DIR_Penalty: 544.532772 Non_Causal_Loss: 56.537702
2025-12-08 04:46:19,215 - /home/kantorkristof/git/neurips-polymer/III_Experiment-Traffic-Prediction/GNN/DIR.py[line:439] - INFO: Epoch [70/1000] Train_MAPE: 28.016757% Val_MAPE: 31.912906% | Total_Loss: 24.982336 Causal_Loss: 24.451000 DIR_Penalty: 531.335407 Non_Causal_Loss: 56.794004
2025-12-08 04:47:07,303 - /home/kantorkristof/git/neurips-polymer/III_Experiment-Traffic-Prediction/GNN/DIR.py[line:439] - INFO: Epoch [71/1000] Train_MAPE: 24.022488% Val_MAPE: 27.926062% | Total_Loss: 24.618142 Causal_Loss: 24.051915 DIR_Penalty: 566.225948 Non_Causal_Loss: 56.951722
2025-12-08 04:47:55,619 - /home/kantorkristof/git/neurips-polymer/III_Experiment-Traffic-Prediction/GNN/DIR.py[line:439] - INFO: Epoch [72/1000] Train_MAPE: 25.089528% Val_MAPE: 29.217576% | Total_Loss: 24.680826 Causal_Loss: 24.121582 DIR_Penalty: 559.244236 Non_Causal_Loss: 57.287010
2025-12-08 04:48:44,042 - /home/kantorkristof/git/neurips-polymer/III_Experiment-Traffic-Prediction/GNN/DIR.py[line:439] - INFO: Epoch [73/1000] Train_MAPE: 25.127218% Val_MAPE: 29.037600% | Total_Loss: 25.816188 Causal_Loss: 25.307849 DIR_Penalty: 508.338387 Non_Causal_Loss: 56.969523
2025-12-08 04:49:31,953 - /home/kantorkristof/git/neurips-polymer/III_Experiment-Traffic-Prediction/GNN/DIR.py[line:439] - INFO: Epoch [74/1000] Train_MAPE: 24.592824% Val_MAPE: 29.105991% | Total_Loss: 23.876648 Causal_Loss: 23.283864 DIR_Penalty: 592.784859 Non_Causal_Loss: 57.341506
2025-12-08 04:50:21,351 - /home/kantorkristof/git/neurips-polymer/III_Experiment-Traffic-Prediction/GNN/DIR.py[line:439] - INFO: Epoch [75/1000] Train_MAPE: 23.482526% Val_MAPE: 28.178441% | Total_Loss: 25.448412 Causal_Loss: 24.924793 DIR_Penalty: 523.619370 Non_Causal_Loss: 57.049232
2025-12-08 04:51:11,514 - /home/kantorkristof/git/neurips-polymer/III_Experiment-Traffic-Prediction/GNN/DIR.py[line:439] - INFO: Epoch [76/1000] Train_MAPE: 24.726014% Val_MAPE: 28.828203% | Total_Loss: 24.024794 Causal_Loss: 23.440608 DIR_Penalty: 584.185406 Non_Causal_Loss: 57.180498
2025-12-08 04:51:58,803 - /home/kantorkristof/git/neurips-polymer/III_Experiment-Traffic-Prediction/GNN/DIR.py[line:439] - INFO: Epoch [77/1000] Train_MAPE: 27.271188% Val_MAPE: 30.017266% | Total_Loss: 24.819703 Causal_Loss: 24.272710 DIR_Penalty: 546.993679 Non_Causal_Loss: 57.150514
2025-12-08 04:52:46,243 - /home/kantorkristof/git/neurips-polymer/III_Experiment-Traffic-Prediction/GNN/DIR.py[line:439] - INFO: Epoch [78/1000] Train_MAPE: 25.575580% Val_MAPE: 28.706999% | Total_Loss: 23.276103 Causal_Loss: 22.697905 DIR_Penalty: 578.197559 Non_Causal_Loss: 56.539390
2025-12-08 04:53:34,128 - /home/kantorkristof/git/neurips-polymer/III_Experiment-Traffic-Prediction/GNN/DIR.py[line:439] - INFO: Epoch [79/1000] Train_MAPE: 26.465881% Val_MAPE: 31.375172% | Total_Loss: 23.502609 Causal_Loss: 22.882901 DIR_Penalty: 619.707890 Non_Causal_Loss: 57.861944
2025-12-08 04:54:22,422 - /home/kantorkristof/git/neurips-polymer/III_Experiment-Traffic-Prediction/GNN/DIR.py[line:439] - INFO: Epoch [80/1000] Train_MAPE: 25.048253% Val_MAPE: 28.016911% | Total_Loss: 24.210542 Causal_Loss: 23.616335 DIR_Penalty: 594.206402 Non_Causal_Loss: 57.937577
2025-12-08 04:55:09,080 - /home/kantorkristof/git/neurips-polymer/III_Experiment-Traffic-Prediction/GNN/DIR.py[line:439] - INFO: Epoch [81/1000] Train_MAPE: 24.158225% Val_MAPE: 28.468601% | Total_Loss: 26.227519 Causal_Loss: 25.720914 DIR_Penalty: 506.605362 Non_Causal_Loss: 57.509962
2025-12-08 04:55:57,113 - /home/kantorkristof/git/neurips-polymer/III_Experiment-Traffic-Prediction/GNN/DIR.py[line:439] - INFO: Epoch [82/1000] Train_MAPE: 24.857058% Val_MAPE: 29.877491% | Total_Loss: 22.942755 Causal_Loss: 22.310555 DIR_Penalty: 632.199715 Non_Causal_Loss: 57.532394
2025-12-08 04:56:47,517 - /home/kantorkristof/git/neurips-polymer/III_Experiment-Traffic-Prediction/GNN/DIR.py[line:439] - INFO: Epoch [83/1000] Train_MAPE: 24.204054% Val_MAPE: 28.561509% | Total_Loss: 23.900771 Causal_Loss: 23.314419 DIR_Penalty: 586.351780 Non_Causal_Loss: 57.065537
2025-12-08 04:57:37,815 - /home/kantorkristof/git/neurips-polymer/III_Experiment-Traffic-Prediction/GNN/DIR.py[line:439] - INFO: Epoch [84/1000] Train_MAPE: 24.987551% Val_MAPE: 30.556009% | Total_Loss: 25.521610 Causal_Loss: 25.024937 DIR_Penalty: 496.673697 Non_Causal_Loss: 56.174213
2025-12-08 04:58:25,689 - /home/kantorkristof/git/neurips-polymer/III_Experiment-Traffic-Prediction/GNN/DIR.py[line:439] - INFO: Epoch [85/1000] Train_MAPE: 28.411937% Val_MAPE: 33.952400% | Total_Loss: 25.757030 Causal_Loss: 25.224814 DIR_Penalty: 532.216278 Non_Causal_Loss: 57.401813
2025-12-08 04:59:15,988 - /home/kantorkristof/git/neurips-polymer/III_Experiment-Traffic-Prediction/GNN/DIR.py[line:439] - INFO: Epoch [86/1000] Train_MAPE: 24.528688% Val_MAPE: 29.567527% | Total_Loss: 24.676346 Causal_Loss: 24.094873 DIR_Penalty: 581.472656 Non_Causal_Loss: 57.865141
2025-12-08 05:00:04,836 - /home/kantorkristof/git/neurips-polymer/III_Experiment-Traffic-Prediction/GNN/DIR.py[line:439] - INFO: Epoch [87/1000] Train_MAPE: 25.420027% Val_MAPE: 30.835754% | Total_Loss: 24.057552 Causal_Loss: 23.449775 DIR_Penalty: 607.776846 Non_Causal_Loss: 57.884266
2025-12-08 05:00:53,187 - /home/kantorkristof/git/neurips-polymer/III_Experiment-Traffic-Prediction/GNN/DIR.py[line:439] - INFO: Epoch [88/1000] Train_MAPE: 27.569121% Val_MAPE: 31.549398% | Total_Loss: 24.702625 Causal_Loss: 24.135368 DIR_Penalty: 567.257515 Non_Causal_Loss: 57.258132
2025-12-08 05:01:42,270 - /home/kantorkristof/git/neurips-polymer/III_Experiment-Traffic-Prediction/GNN/DIR.py[line:439] - INFO: Epoch [89/1000] Train_MAPE: 27.396651% Val_MAPE: 33.403286% | Total_Loss: 23.969420 Causal_Loss: 23.378821 DIR_Penalty: 590.599648 Non_Causal_Loss: 57.450850
2025-12-08 05:02:31,403 - /home/kantorkristof/git/neurips-polymer/III_Experiment-Traffic-Prediction/GNN/DIR.py[line:439] - INFO: Epoch [90/1000] Train_MAPE: 25.051527% Val_MAPE: 31.408916% | Total_Loss: 23.891924 Causal_Loss: 23.248283 DIR_Penalty: 643.640396 Non_Causal_Loss: 58.853531
2025-12-08 05:03:19,729 - /home/kantorkristof/git/neurips-polymer/III_Experiment-Traffic-Prediction/GNN/DIR.py[line:439] - INFO: Epoch [91/1000] Train_MAPE: 23.830566% Val_MAPE: 28.299163% | Total_Loss: 24.718273 Causal_Loss: 24.148522 DIR_Penalty: 569.750473 Non_Causal_Loss: 57.724157
2025-12-08 05:04:07,516 - /home/kantorkristof/git/neurips-polymer/III_Experiment-Traffic-Prediction/GNN/DIR.py[line:439] - INFO: Epoch [92/1000] Train_MAPE: 27.019475% Val_MAPE: 31.679720% | Total_Loss: 25.283326 Causal_Loss: 24.695485 DIR_Penalty: 587.841426 Non_Causal_Loss: 57.401063
2025-12-08 05:04:58,131 - /home/kantorkristof/git/neurips-polymer/III_Experiment-Traffic-Prediction/GNN/DIR.py[line:439] - INFO: Epoch [93/1000] Train_MAPE: 24.790250% Val_MAPE: 30.049400% | Total_Loss: 24.015233 Causal_Loss: 23.398473 DIR_Penalty: 616.760292 Non_Causal_Loss: 58.397809
2025-12-08 05:05:45,740 - /home/kantorkristof/git/neurips-polymer/III_Experiment-Traffic-Prediction/GNN/DIR.py[line:439] - INFO: Epoch [94/1000] Train_MAPE: 26.449751% Val_MAPE: 31.164753% | Total_Loss: 26.464360 Causal_Loss: 25.897842 DIR_Penalty: 566.517298 Non_Causal_Loss: 58.762386
2025-12-08 05:06:33,023 - /home/kantorkristof/git/neurips-polymer/III_Experiment-Traffic-Prediction/GNN/DIR.py[line:439] - INFO: Epoch [95/1000] Train_MAPE: 28.280872% Val_MAPE: 33.454387% | Total_Loss: 26.822425 Causal_Loss: 26.320867 DIR_Penalty: 501.557899 Non_Causal_Loss: 57.735167
2025-12-08 05:07:20,887 - /home/kantorkristof/git/neurips-polymer/III_Experiment-Traffic-Prediction/GNN/DIR.py[line:439] - INFO: Epoch [96/1000] Train_MAPE: 23.780379% Val_MAPE: 29.458656% | Total_Loss: 25.472416 Causal_Loss: 24.895501 DIR_Penalty: 576.914600 Non_Causal_Loss: 58.063144
2025-12-08 05:08:10,531 - /home/kantorkristof/git/neurips-polymer/III_Experiment-Traffic-Prediction/GNN/DIR.py[line:439] - INFO: Epoch [97/1000] Train_MAPE: 29.551853% Val_MAPE: 34.335529% | Total_Loss: 26.393791 Causal_Loss: 25.879422 DIR_Penalty: 514.368835 Non_Causal_Loss: 57.709014
2025-12-08 05:08:59,893 - /home/kantorkristof/git/neurips-polymer/III_Experiment-Traffic-Prediction/GNN/DIR.py[line:439] - INFO: Epoch [98/1000] Train_MAPE: 25.616815% Val_MAPE: 31.563417% | Total_Loss: 24.368983 Causal_Loss: 23.797115 DIR_Penalty: 571.867950 Non_Causal_Loss: 57.453938
2025-12-08 05:09:49,833 - /home/kantorkristof/git/neurips-polymer/III_Experiment-Traffic-Prediction/GNN/DIR.py[line:439] - INFO: Epoch [99/1000] Train_MAPE: 26.198348% Val_MAPE: 30.909642% | Total_Loss: 23.484863 Causal_Loss: 22.880297 DIR_Penalty: 604.565247 Non_Causal_Loss: 57.425797
2025-12-08 05:10:37,728 - /home/kantorkristof/git/neurips-polymer/III_Experiment-Traffic-Prediction/GNN/DIR.py[line:439] - INFO: Epoch [100/1000] Train_MAPE: 23.961060% Val_MAPE: 29.028859% | Total_Loss: 24.116614 Causal_Loss: 23.545353 DIR_Penalty: 571.260246 Non_Causal_Loss: 56.860681
2025-12-08 05:11:28,655 - /home/kantorkristof/git/neurips-polymer/III_Experiment-Traffic-Prediction/GNN/DIR.py[line:439] - INFO: Epoch [101/1000] Train_MAPE: 24.489103% Val_MAPE: 28.864867% | Total_Loss: 23.900727 Causal_Loss: 23.321418 DIR_Penalty: 579.309837 Non_Causal_Loss: 57.000501
2025-12-08 05:12:17,529 - /home/kantorkristof/git/neurips-polymer/III_Experiment-Traffic-Prediction/GNN/DIR.py[line:439] - INFO: Epoch [102/1000] Train_MAPE: 25.874615% Val_MAPE: 30.059688% | Total_Loss: 24.970860 Causal_Loss: 24.440244 DIR_Penalty: 530.615894 Non_Causal_Loss: 56.843585
2025-12-08 05:13:05,651 - /home/kantorkristof/git/neurips-polymer/III_Experiment-Traffic-Prediction/GNN/DIR.py[line:439] - INFO: Epoch [103/1000] Train_MAPE: 29.996317% Val_MAPE: 35.044769% | Total_Loss: 21.527651 Causal_Loss: 20.856935 DIR_Penalty: 670.716480 Non_Causal_Loss: 57.170063
2025-12-08 05:13:52,192 - /home/kantorkristof/git/neurips-polymer/III_Experiment-Traffic-Prediction/GNN/DIR.py[line:439] - INFO: Epoch [104/1000] Train_MAPE: 25.681199% Val_MAPE: 32.122348% | Total_Loss: 23.744078 Causal_Loss: 23.155160 DIR_Penalty: 588.917343 Non_Causal_Loss: 57.342304
2025-12-08 05:14:38,841 - /home/kantorkristof/git/neurips-polymer/III_Experiment-Traffic-Prediction/GNN/DIR.py[line:439] - INFO: Epoch [105/1000] Train_MAPE: 25.271364% Val_MAPE: 29.458448% | Total_Loss: 24.285752 Causal_Loss: 23.700776 DIR_Penalty: 584.976387 Non_Causal_Loss: 57.724127
2025-12-08 05:15:28,232 - /home/kantorkristof/git/neurips-polymer/III_Experiment-Traffic-Prediction/GNN/DIR.py[line:439] - INFO: Epoch [106/1000] Train_MAPE: 29.863254% Val_MAPE: 32.597057% | Total_Loss: 24.601143 Causal_Loss: 24.031687 DIR_Penalty: 569.455879 Non_Causal_Loss: 57.504098
2025-12-08 05:16:15,511 - /home/kantorkristof/git/neurips-polymer/III_Experiment-Traffic-Prediction/GNN/DIR.py[line:439] - INFO: Epoch [107/1000] Train_MAPE: 25.638141% Val_MAPE: 30.857298% | Total_Loss: 24.142507 Causal_Loss: 23.565809 DIR_Penalty: 576.698917 Non_Causal_Loss: 57.147089
2025-12-08 05:17:04,624 - /home/kantorkristof/git/neurips-polymer/III_Experiment-Traffic-Prediction/GNN/DIR.py[line:439] - INFO: Epoch [108/1000] Train_MAPE: 24.594094% Val_MAPE: 29.111806% | Total_Loss: 24.730872 Causal_Loss: 24.172447 DIR_Penalty: 558.425777 Non_Causal_Loss: 57.201406
2025-12-08 05:17:53,903 - /home/kantorkristof/git/neurips-polymer/III_Experiment-Traffic-Prediction/GNN/DIR.py[line:439] - INFO: Epoch [109/1000] Train_MAPE: 25.410952% Val_MAPE: 30.492339% | Total_Loss: 23.710526 Causal_Loss: 23.135812 DIR_Penalty: 574.714867 Non_Causal_Loss: 56.890160
2025-12-08 05:18:45,225 - /home/kantorkristof/git/neurips-polymer/III_Experiment-Traffic-Prediction/GNN/DIR.py[line:439] - INFO: Epoch [110/1000] Train_MAPE: 25.903272% Val_MAPE: 30.351699% | Total_Loss: 22.481663 Causal_Loss: 21.847838 DIR_Penalty: 633.824444 Non_Causal_Loss: 57.174109
2025-12-08 05:19:37,571 - /home/kantorkristof/git/neurips-polymer/III_Experiment-Traffic-Prediction/GNN/DIR.py[line:439] - INFO: Epoch [111/1000] Train_MAPE: 24.105930% Val_MAPE: 30.114722% | Total_Loss: 23.401671 Causal_Loss: 22.788887 DIR_Penalty: 612.784119 Non_Causal_Loss: 57.748280
2025-12-08 05:20:25,807 - /home/kantorkristof/git/neurips-polymer/III_Experiment-Traffic-Prediction/GNN/DIR.py[line:439] - INFO: Epoch [112/1000] Train_MAPE: 28.986468% Val_MAPE: 34.905936% | Total_Loss: 25.563350 Causal_Loss: 24.992786 DIR_Penalty: 570.563929 Non_Causal_Loss: 57.475785
2025-12-08 05:21:15,443 - /home/kantorkristof/git/neurips-polymer/III_Experiment-Traffic-Prediction/GNN/DIR.py[line:439] - INFO: Epoch [113/1000] Train_MAPE: 25.984717% Val_MAPE: 30.683538% | Total_Loss: 25.465410 Causal_Loss: 24.974108 DIR_Penalty: 491.302500 Non_Causal_Loss: 55.975524
2025-12-08 05:22:04,451 - /home/kantorkristof/git/neurips-polymer/III_Experiment-Traffic-Prediction/GNN/DIR.py[line:439] - INFO: Epoch [114/1000] Train_MAPE: 24.427623% Val_MAPE: 29.933778% | Total_Loss: 25.995323 Causal_Loss: 25.494339 DIR_Penalty: 500.984596 Non_Causal_Loss: 56.867329
2025-12-08 05:22:52,348 - /home/kantorkristof/git/neurips-polymer/III_Experiment-Traffic-Prediction/GNN/DIR.py[line:439] - INFO: Epoch [115/1000] Train_MAPE: 25.172198% Val_MAPE: 30.967889% | Total_Loss: 24.395011 Causal_Loss: 23.830353 DIR_Penalty: 564.658375 Non_Causal_Loss: 57.213257
2025-12-08 05:23:38,710 - /home/kantorkristof/git/neurips-polymer/III_Experiment-Traffic-Prediction/GNN/DIR.py[line:439] - INFO: Epoch [116/1000] Train_MAPE: 24.127979% Val_MAPE: 30.833754% | Total_Loss: 24.268521 Causal_Loss: 23.699913 DIR_Penalty: 568.607841 Non_Causal_Loss: 56.983820
2025-12-08 05:24:27,054 - /home/kantorkristof/git/neurips-polymer/III_Experiment-Traffic-Prediction/GNN/DIR.py[line:439] - INFO: Epoch [117/1000] Train_MAPE: 25.062698% Val_MAPE: 30.181054% | Total_Loss: 23.249833 Causal_Loss: 22.605183 DIR_Penalty: 644.650280 Non_Causal_Loss: 58.150940
2025-12-08 05:25:17,070 - /home/kantorkristof/git/neurips-polymer/III_Experiment-Traffic-Prediction/GNN/DIR.py[line:439] - INFO: Epoch [118/1000] Train_MAPE: 28.291621% Val_MAPE: 32.596913% | Total_Loss: 23.819104 Causal_Loss: 23.255916 DIR_Penalty: 563.187981 Non_Causal_Loss: 56.606186
2025-12-08 05:26:07,292 - /home/kantorkristof/git/neurips-polymer/III_Experiment-Traffic-Prediction/GNN/DIR.py[line:439] - INFO: Epoch [119/1000] Train_MAPE: 26.316599% Val_MAPE: 29.890847% | Total_Loss: 23.589452 Causal_Loss: 23.001280 DIR_Penalty: 588.172009 Non_Causal_Loss: 57.180510
2025-12-08 05:26:54,664 - /home/kantorkristof/git/neurips-polymer/III_Experiment-Traffic-Prediction/GNN/DIR.py[line:439] - INFO: Epoch [120/1000] Train_MAPE: 25.297225% Val_MAPE: 29.590282% | Total_Loss: 24.950785 Causal_Loss: 24.392363 DIR_Penalty: 558.422195 Non_Causal_Loss: 57.514519
2025-12-08 05:27:43,023 - /home/kantorkristof/git/neurips-polymer/III_Experiment-Traffic-Prediction/GNN/DIR.py[line:439] - INFO: Epoch [121/1000] Train_MAPE: 25.502532% Val_MAPE: 30.475314% | Total_Loss: 23.806417 Causal_Loss: 23.226791 DIR_Penalty: 579.626314 Non_Causal_Loss: 56.611101
2025-12-08 05:28:30,730 - /home/kantorkristof/git/neurips-polymer/III_Experiment-Traffic-Prediction/GNN/DIR.py[line:439] - INFO: Epoch [122/1000] Train_MAPE: 23.858475% Val_MAPE: 29.289602% | Total_Loss: 23.096343 Causal_Loss: 22.473769 DIR_Penalty: 622.574459 Non_Causal_Loss: 57.427887
2025-12-08 05:29:19,079 - /home/kantorkristof/git/neurips-polymer/III_Experiment-Traffic-Prediction/GNN/DIR.py[line:439] - INFO: Epoch [123/1000] Train_MAPE: 24.021158% Val_MAPE: 30.335788% | Total_Loss: 23.324112 Causal_Loss: 22.723716 DIR_Penalty: 600.395588 Non_Causal_Loss: 57.141251
2025-12-08 05:30:08,426 - /home/kantorkristof/git/neurips-polymer/III_Experiment-Traffic-Prediction/GNN/DIR.py[line:439] - INFO: Epoch [124/1000] Train_MAPE: 25.242790% Val_MAPE: 30.801521% | Total_Loss: 22.671748 Causal_Loss: 22.034987 DIR_Penalty: 636.760948 Non_Causal_Loss: 57.519797
2025-12-08 05:31:02,923 - /home/kantorkristof/git/neurips-polymer/III_Experiment-Traffic-Prediction/GNN/DIR.py[line:439] - INFO: Epoch [125/1000] Train_MAPE: 30.262765% Val_MAPE: 34.776211% | Total_Loss: 24.021388 Causal_Loss: 23.430168 DIR_Penalty: 591.219841 Non_Causal_Loss: 57.007357
2025-12-08 05:31:52,234 - /home/kantorkristof/git/neurips-polymer/III_Experiment-Traffic-Prediction/GNN/DIR.py[line:439] - INFO: Epoch [126/1000] Train_MAPE: 26.707086% Val_MAPE: 31.973819% | Total_Loss: 23.064410 Causal_Loss: 22.449927 DIR_Penalty: 614.482849 Non_Causal_Loss: 57.211975
2025-12-08 05:32:42,027 - /home/kantorkristof/git/neurips-polymer/III_Experiment-Traffic-Prediction/GNN/DIR.py[line:439] - INFO: Epoch [127/1000] Train_MAPE: 24.482615% Val_MAPE: 28.866798% | Total_Loss: 23.759720 Causal_Loss: 23.136853 DIR_Penalty: 622.867477 Non_Causal_Loss: 58.046779
2025-12-08 05:33:36,047 - /home/kantorkristof/git/neurips-polymer/III_Experiment-Traffic-Prediction/GNN/DIR.py[line:439] - INFO: Epoch [128/1000] Train_MAPE: 24.196390% Val_MAPE: 29.996264% | Total_Loss: 23.248730 Causal_Loss: 22.631483 DIR_Penalty: 617.247318 Non_Causal_Loss: 57.495653
2025-12-08 05:34:28,453 - /home/kantorkristof/git/neurips-polymer/III_Experiment-Traffic-Prediction/GNN/DIR.py[line:439] - INFO: Epoch [129/1000] Train_MAPE: 25.598927% Val_MAPE: 30.894051% | Total_Loss: 24.039902 Causal_Loss: 23.418080 DIR_Penalty: 621.822224 Non_Causal_Loss: 58.416590
2025-12-08 05:35:18,951 - /home/kantorkristof/git/neurips-polymer/III_Experiment-Traffic-Prediction/GNN/DIR.py[line:439] - INFO: Epoch [130/1000] Train_MAPE: 24.883194% Val_MAPE: 29.899655% | Total_Loss: 24.028911 Causal_Loss: 23.423376 DIR_Penalty: 605.534592 Non_Causal_Loss: 57.928010
2025-12-08 05:36:10,930 - /home/kantorkristof/git/neurips-polymer/III_Experiment-Traffic-Prediction/GNN/DIR.py[line:439] - INFO: Epoch [131/1000] Train_MAPE: 26.630702% Val_MAPE: 31.852636% | Total_Loss: 22.700443 Causal_Loss: 22.047735 DIR_Penalty: 652.707447 Non_Causal_Loss: 57.885064
2025-12-08 05:37:03,088 - /home/kantorkristof/git/neurips-polymer/III_Experiment-Traffic-Prediction/GNN/DIR.py[line:439] - INFO: Epoch [132/1000] Train_MAPE: 26.640769% Val_MAPE: 33.334991% | Total_Loss: 23.081324 Causal_Loss: 22.414503 DIR_Penalty: 666.820896 Non_Causal_Loss: 58.636002
2025-12-08 05:37:51,133 - /home/kantorkristof/git/neurips-polymer/III_Experiment-Traffic-Prediction/GNN/DIR.py[line:439] - INFO: Epoch [133/1000] Train_MAPE: 25.683488% Val_MAPE: 31.440889% | Total_Loss: 24.281307 Causal_Loss: 23.727551 DIR_Penalty: 553.755402 Non_Causal_Loss: 56.885256
2025-12-08 05:38:39,410 - /home/kantorkristof/git/neurips-polymer/III_Experiment-Traffic-Prediction/GNN/DIR.py[line:439] - INFO: Epoch [134/1000] Train_MAPE: 25.689453% Val_MAPE: 29.223020% | Total_Loss: 24.824953 Causal_Loss: 24.229943 DIR_Penalty: 595.009674 Non_Causal_Loss: 58.286164
2025-12-08 05:39:27,659 - /home/kantorkristof/git/neurips-polymer/III_Experiment-Traffic-Prediction/GNN/DIR.py[line:439] - INFO: Epoch [135/1000] Train_MAPE: 27.928851% Val_MAPE: 32.305193% | Total_Loss: 22.593252 Causal_Loss: 21.940907 DIR_Penalty: 652.345688 Non_Causal_Loss: 57.927796
2025-12-08 05:40:16,214 - /home/kantorkristof/git/neurips-polymer/III_Experiment-Traffic-Prediction/GNN/DIR.py[line:439] - INFO: Epoch [136/1000] Train_MAPE: 27.099410% Val_MAPE: 31.596136% | Total_Loss: 25.092069 Causal_Loss: 24.534783 DIR_Penalty: 557.285425 Non_Causal_Loss: 57.611335
2025-12-08 05:41:11,282 - /home/kantorkristof/git/neurips-polymer/III_Experiment-Traffic-Prediction/GNN/DIR.py[line:439] - INFO: Epoch [137/1000] Train_MAPE: 26.409802% Val_MAPE: 28.861100% | Total_Loss: 23.192400 Causal_Loss: 22.571108 DIR_Penalty: 621.292290 Non_Causal_Loss: 57.662379
2025-12-08 05:42:02,745 - /home/kantorkristof/git/neurips-polymer/III_Experiment-Traffic-Prediction/GNN/DIR.py[line:439] - INFO: Epoch [138/1000] Train_MAPE: 24.028504% Val_MAPE: 28.924190% | Total_Loss: 24.300894 Causal_Loss: 23.717116 DIR_Penalty: 583.778690 Non_Causal_Loss: 57.589339
2025-12-08 05:42:53,607 - /home/kantorkristof/git/neurips-polymer/III_Experiment-Traffic-Prediction/GNN/DIR.py[line:439] - INFO: Epoch [139/1000] Train_MAPE: 26.776866% Val_MAPE: 30.077600% | Total_Loss: 23.740273 Causal_Loss: 23.107082 DIR_Penalty: 633.190956 Non_Causal_Loss: 57.785892
2025-12-08 05:43:41,577 - /home/kantorkristof/git/neurips-polymer/III_Experiment-Traffic-Prediction/GNN/DIR.py[line:439] - INFO: Epoch [140/1000] Train_MAPE: 25.119781% Val_MAPE: 30.233191% | Total_Loss: 23.251568 Causal_Loss: 22.611853 DIR_Penalty: 639.715656 Non_Causal_Loss: 58.160893
2025-12-08 05:44:31,051 - /home/kantorkristof/git/neurips-polymer/III_Experiment-Traffic-Prediction/GNN/DIR.py[line:439] - INFO: Epoch [141/1000] Train_MAPE: 25.353090% Val_MAPE: 31.781459% | Total_Loss: 23.374496 Causal_Loss: 22.768729 DIR_Penalty: 605.766838 Non_Causal_Loss: 57.329286
2025-12-08 05:45:19,601 - /home/kantorkristof/git/neurips-polymer/III_Experiment-Traffic-Prediction/GNN/DIR.py[line:439] - INFO: Epoch [142/1000] Train_MAPE: 26.899506% Val_MAPE: 31.604968% | Total_Loss: 23.629064 Causal_Loss: 22.999151 DIR_Penalty: 629.912640 Non_Causal_Loss: 57.912926
2025-12-08 05:46:07,688 - /home/kantorkristof/git/neurips-polymer/III_Experiment-Traffic-Prediction/GNN/DIR.py[line:439] - INFO: Epoch [143/1000] Train_MAPE: 25.120976% Val_MAPE: 31.104852% | Total_Loss: 21.654906 Causal_Loss: 20.985778 DIR_Penalty: 669.128227 Non_Causal_Loss: 57.434247
2025-12-08 05:46:56,788 - /home/kantorkristof/git/neurips-polymer/III_Experiment-Traffic-Prediction/GNN/DIR.py[line:439] - INFO: Epoch [144/1000] Train_MAPE: 27.588365% Val_MAPE: 32.495798% | Total_Loss: 22.722223 Causal_Loss: 22.076946 DIR_Penalty: 645.276550 Non_Causal_Loss: 57.725910
2025-12-08 05:47:48,474 - /home/kantorkristof/git/neurips-polymer/III_Experiment-Traffic-Prediction/GNN/DIR.py[line:439] - INFO: Epoch [145/1000] Train_MAPE: 24.483756% Val_MAPE: 30.895222% | Total_Loss: 23.324549 Causal_Loss: 22.724862 DIR_Penalty: 599.687317 Non_Causal_Loss: 56.926341
2025-12-08 05:48:41,479 - /home/kantorkristof/git/neurips-polymer/III_Experiment-Traffic-Prediction/GNN/DIR.py[line:439] - INFO: Epoch [146/1000] Train_MAPE: 27.953584% Val_MAPE: 32.321841% | Total_Loss: 22.967663 Causal_Loss: 22.296772 DIR_Penalty: 670.891705 Non_Causal_Loss: 58.737113
2025-12-08 05:48:41,479 - /home/kantorkristof/git/neurips-polymer/III_Experiment-Traffic-Prediction/GNN/DIR.py[line:463] - INFO: Early Stopping
2025-12-08 05:49:16,151 - /home/kantorkristof/git/neurips-polymer/III_Experiment-Traffic-Prediction/GNN/DIR.py[line:478] - INFO: Best model Accuracy for Congestion_Level_CC, seed 42:
2025-12-08 05:49:16,151 - /home/kantorkristof/git/neurips-polymer/III_Experiment-Traffic-Prediction/GNN/DIR.py[line:479] - INFO:   Train MAPE: 24.585642%
2025-12-08 05:49:16,151 - /home/kantorkristof/git/neurips-polymer/III_Experiment-Traffic-Prediction/GNN/DIR.py[line:480] - INFO:   Val MAPE: 26.815762%
2025-12-08 05:49:16,152 - /home/kantorkristof/git/neurips-polymer/III_Experiment-Traffic-Prediction/GNN/DIR.py[line:481] - INFO:   Test MAPE: 21.048044%
2025-12-08 05:49:16,152 - /home/kantorkristof/git/neurips-polymer/III_Experiment-Traffic-Prediction/GNN/DIR.py[line:497] - INFO: 
=== Results for attribute Congestion_Level_CC (MAPE) ===
2025-12-08 05:49:16,152 - /home/kantorkristof/git/neurips-polymer/III_Experiment-Traffic-Prediction/GNN/DIR.py[line:503] - INFO: Train MAPE: 24.585642% Val MAPE: 26.815762% Test MAPE: 21.048044%
