2025-12-05 16:57:13,715 - /home/kantorkristof/git/neurips-polymer/II_Experiment-Molecule/GNN/GCN.py[line:166] - INFO: 
Model training started for property: Density
2025-12-05 16:57:13,715 - /home/kantorkristof/git/neurips-polymer/II_Experiment-Molecule/GNN/GCN.py[line:78] - INFO: 
+------------+--------------+
| Parameter  | Value        |
+------------+--------------+
| cuda       | 3            |
+------------+--------------+
| datadir    | data         |
+------------+--------------+
| epoch      | 1000         |
+------------+--------------+
| seed       | [42]         |
+------------+--------------+
| channels   | 64           |
+------------+--------------+
| pretrain   | 0            |
+------------+--------------+
| batch_size | 32           |
+------------+--------------+
| net_lr     | 0.001        |
+------------+--------------+
2025-12-05 16:57:13,716 - /home/kantorkristof/git/neurips-polymer/II_Experiment-Molecule/GNN/GCN.py[line:171] - INFO: --- Starting training for Density with seed 42 ---
2025-12-05 16:57:13,807 - /home/kantorkristof/git/neurips-polymer/II_Experiment-Molecule/GNN/GCN.py[line:226] - INFO: Epoch [1/1000] Train_MSE: 0.539624 Val_MSE: 0.546179 | Loss: 0.391000
2025-12-05 16:57:13,809 - /home/kantorkristof/git/neurips-polymer/II_Experiment-Molecule/GNN/GCN.py[line:236] - INFO: Best model saved at epoch 1 with val_mse 0.546179
2025-12-05 16:57:13,893 - /home/kantorkristof/git/neurips-polymer/II_Experiment-Molecule/GNN/GCN.py[line:226] - INFO: Epoch [2/1000] Train_MSE: 0.418579 Val_MSE: 0.422637 | Loss: 0.050373
2025-12-05 16:57:13,895 - /home/kantorkristof/git/neurips-polymer/II_Experiment-Molecule/GNN/GCN.py[line:236] - INFO: Best model saved at epoch 2 with val_mse 0.422637
2025-12-05 16:57:13,978 - /home/kantorkristof/git/neurips-polymer/II_Experiment-Molecule/GNN/GCN.py[line:226] - INFO: Epoch [3/1000] Train_MSE: 0.274272 Val_MSE: 0.275505 | Loss: 0.020571
2025-12-05 16:57:13,981 - /home/kantorkristof/git/neurips-polymer/II_Experiment-Molecule/GNN/GCN.py[line:236] - INFO: Best model saved at epoch 3 with val_mse 0.275505
2025-12-05 16:57:14,063 - /home/kantorkristof/git/neurips-polymer/II_Experiment-Molecule/GNN/GCN.py[line:226] - INFO: Epoch [4/1000] Train_MSE: 0.148393 Val_MSE: 0.146970 | Loss: 0.013197
2025-12-05 16:57:14,066 - /home/kantorkristof/git/neurips-polymer/II_Experiment-Molecule/GNN/GCN.py[line:236] - INFO: Best model saved at epoch 4 with val_mse 0.146970
2025-12-05 16:57:14,149 - /home/kantorkristof/git/neurips-polymer/II_Experiment-Molecule/GNN/GCN.py[line:226] - INFO: Epoch [5/1000] Train_MSE: 0.048208 Val_MSE: 0.046153 | Loss: 0.010671
2025-12-05 16:57:14,151 - /home/kantorkristof/git/neurips-polymer/II_Experiment-Molecule/GNN/GCN.py[line:236] - INFO: Best model saved at epoch 5 with val_mse 0.046153
2025-12-05 16:57:14,236 - /home/kantorkristof/git/neurips-polymer/II_Experiment-Molecule/GNN/GCN.py[line:226] - INFO: Epoch [6/1000] Train_MSE: 0.014264 Val_MSE: 0.012586 | Loss: 0.010963
2025-12-05 16:57:14,238 - /home/kantorkristof/git/neurips-polymer/II_Experiment-Molecule/GNN/GCN.py[line:236] - INFO: Best model saved at epoch 6 with val_mse 0.012586
2025-12-05 16:57:14,321 - /home/kantorkristof/git/neurips-polymer/II_Experiment-Molecule/GNN/GCN.py[line:226] - INFO: Epoch [7/1000] Train_MSE: 0.005668 Val_MSE: 0.003504 | Loss: 0.010044
2025-12-05 16:57:14,324 - /home/kantorkristof/git/neurips-polymer/II_Experiment-Molecule/GNN/GCN.py[line:236] - INFO: Best model saved at epoch 7 with val_mse 0.003504
2025-12-05 16:57:14,407 - /home/kantorkristof/git/neurips-polymer/II_Experiment-Molecule/GNN/GCN.py[line:226] - INFO: Epoch [8/1000] Train_MSE: 0.010682 Val_MSE: 0.008677 | Loss: 0.009171
2025-12-05 16:57:14,489 - /home/kantorkristof/git/neurips-polymer/II_Experiment-Molecule/GNN/GCN.py[line:226] - INFO: Epoch [9/1000] Train_MSE: 0.006063 Val_MSE: 0.004459 | Loss: 0.009453
2025-12-05 16:57:14,572 - /home/kantorkristof/git/neurips-polymer/II_Experiment-Molecule/GNN/GCN.py[line:226] - INFO: Epoch [10/1000] Train_MSE: 0.005999 Val_MSE: 0.003966 | Loss: 0.008505
2025-12-05 16:57:14,654 - /home/kantorkristof/git/neurips-polymer/II_Experiment-Molecule/GNN/GCN.py[line:226] - INFO: Epoch [11/1000] Train_MSE: 0.006954 Val_MSE: 0.005017 | Loss: 0.009113
2025-12-05 16:57:14,738 - /home/kantorkristof/git/neurips-polymer/II_Experiment-Molecule/GNN/GCN.py[line:226] - INFO: Epoch [12/1000] Train_MSE: 0.004642 Val_MSE: 0.002583 | Loss: 0.008595
2025-12-05 16:57:14,740 - /home/kantorkristof/git/neurips-polymer/II_Experiment-Molecule/GNN/GCN.py[line:236] - INFO: Best model saved at epoch 12 with val_mse 0.002583
2025-12-05 16:57:14,825 - /home/kantorkristof/git/neurips-polymer/II_Experiment-Molecule/GNN/GCN.py[line:226] - INFO: Epoch [13/1000] Train_MSE: 0.004546 Val_MSE: 0.002661 | Loss: 0.012356
2025-12-05 16:57:14,909 - /home/kantorkristof/git/neurips-polymer/II_Experiment-Molecule/GNN/GCN.py[line:226] - INFO: Epoch [14/1000] Train_MSE: 0.004584 Val_MSE: 0.003129 | Loss: 0.009754
2025-12-05 16:57:14,991 - /home/kantorkristof/git/neurips-polymer/II_Experiment-Molecule/GNN/GCN.py[line:226] - INFO: Epoch [15/1000] Train_MSE: 0.004513 Val_MSE: 0.002554 | Loss: 0.007983
2025-12-05 16:57:14,993 - /home/kantorkristof/git/neurips-polymer/II_Experiment-Molecule/GNN/GCN.py[line:236] - INFO: Best model saved at epoch 15 with val_mse 0.002554
2025-12-05 16:57:15,077 - /home/kantorkristof/git/neurips-polymer/II_Experiment-Molecule/GNN/GCN.py[line:226] - INFO: Epoch [16/1000] Train_MSE: 0.005376 Val_MSE: 0.003570 | Loss: 0.009917
2025-12-05 16:57:15,159 - /home/kantorkristof/git/neurips-polymer/II_Experiment-Molecule/GNN/GCN.py[line:226] - INFO: Epoch [17/1000] Train_MSE: 0.004672 Val_MSE: 0.003338 | Loss: 0.009867
2025-12-05 16:57:15,242 - /home/kantorkristof/git/neurips-polymer/II_Experiment-Molecule/GNN/GCN.py[line:226] - INFO: Epoch [18/1000] Train_MSE: 0.008372 Val_MSE: 0.006474 | Loss: 0.009180
2025-12-05 16:57:15,325 - /home/kantorkristof/git/neurips-polymer/II_Experiment-Molecule/GNN/GCN.py[line:226] - INFO: Epoch [19/1000] Train_MSE: 0.004793 Val_MSE: 0.003877 | Loss: 0.008512
2025-12-05 16:57:15,409 - /home/kantorkristof/git/neurips-polymer/II_Experiment-Molecule/GNN/GCN.py[line:226] - INFO: Epoch [20/1000] Train_MSE: 0.004506 Val_MSE: 0.003141 | Loss: 0.008528
2025-12-05 16:57:15,492 - /home/kantorkristof/git/neurips-polymer/II_Experiment-Molecule/GNN/GCN.py[line:226] - INFO: Epoch [21/1000] Train_MSE: 0.007080 Val_MSE: 0.006316 | Loss: 0.007192
2025-12-05 16:57:15,578 - /home/kantorkristof/git/neurips-polymer/II_Experiment-Molecule/GNN/GCN.py[line:226] - INFO: Epoch [22/1000] Train_MSE: 0.019189 Val_MSE: 0.016787 | Loss: 0.007218
2025-12-05 16:57:15,664 - /home/kantorkristof/git/neurips-polymer/II_Experiment-Molecule/GNN/GCN.py[line:226] - INFO: Epoch [23/1000] Train_MSE: 0.008388 Val_MSE: 0.007722 | Loss: 0.008707
2025-12-05 16:57:15,746 - /home/kantorkristof/git/neurips-polymer/II_Experiment-Molecule/GNN/GCN.py[line:226] - INFO: Epoch [24/1000] Train_MSE: 0.006266 Val_MSE: 0.004484 | Loss: 0.008644
2025-12-05 16:57:15,835 - /home/kantorkristof/git/neurips-polymer/II_Experiment-Molecule/GNN/GCN.py[line:226] - INFO: Epoch [25/1000] Train_MSE: 0.006380 Val_MSE: 0.004851 | Loss: 0.008173
2025-12-05 16:57:15,923 - /home/kantorkristof/git/neurips-polymer/II_Experiment-Molecule/GNN/GCN.py[line:226] - INFO: Epoch [26/1000] Train_MSE: 0.006020 Val_MSE: 0.005264 | Loss: 0.008433
2025-12-05 16:57:16,010 - /home/kantorkristof/git/neurips-polymer/II_Experiment-Molecule/GNN/GCN.py[line:226] - INFO: Epoch [27/1000] Train_MSE: 0.017128 Val_MSE: 0.015717 | Loss: 0.009723
2025-12-05 16:57:16,104 - /home/kantorkristof/git/neurips-polymer/II_Experiment-Molecule/GNN/GCN.py[line:226] - INFO: Epoch [28/1000] Train_MSE: 0.004791 Val_MSE: 0.003450 | Loss: 0.009299
2025-12-05 16:57:16,187 - /home/kantorkristof/git/neurips-polymer/II_Experiment-Molecule/GNN/GCN.py[line:226] - INFO: Epoch [29/1000] Train_MSE: 0.003841 Val_MSE: 0.002557 | Loss: 0.007144
2025-12-05 16:57:16,270 - /home/kantorkristof/git/neurips-polymer/II_Experiment-Molecule/GNN/GCN.py[line:226] - INFO: Epoch [30/1000] Train_MSE: 0.005639 Val_MSE: 0.005103 | Loss: 0.006870
2025-12-05 16:57:16,352 - /home/kantorkristof/git/neurips-polymer/II_Experiment-Molecule/GNN/GCN.py[line:226] - INFO: Epoch [31/1000] Train_MSE: 0.005280 Val_MSE: 0.004445 | Loss: 0.007666
2025-12-05 16:57:16,436 - /home/kantorkristof/git/neurips-polymer/II_Experiment-Molecule/GNN/GCN.py[line:226] - INFO: Epoch [32/1000] Train_MSE: 0.004266 Val_MSE: 0.003272 | Loss: 0.006664
2025-12-05 16:57:16,519 - /home/kantorkristof/git/neurips-polymer/II_Experiment-Molecule/GNN/GCN.py[line:226] - INFO: Epoch [33/1000] Train_MSE: 0.004759 Val_MSE: 0.003378 | Loss: 0.006957
2025-12-05 16:57:16,603 - /home/kantorkristof/git/neurips-polymer/II_Experiment-Molecule/GNN/GCN.py[line:226] - INFO: Epoch [34/1000] Train_MSE: 0.005399 Val_MSE: 0.004792 | Loss: 0.006140
2025-12-05 16:57:16,689 - /home/kantorkristof/git/neurips-polymer/II_Experiment-Molecule/GNN/GCN.py[line:226] - INFO: Epoch [35/1000] Train_MSE: 0.007315 Val_MSE: 0.006509 | Loss: 0.006362
2025-12-05 16:57:16,774 - /home/kantorkristof/git/neurips-polymer/II_Experiment-Molecule/GNN/GCN.py[line:226] - INFO: Epoch [36/1000] Train_MSE: 0.003609 Val_MSE: 0.002626 | Loss: 0.006520
2025-12-05 16:57:16,856 - /home/kantorkristof/git/neurips-polymer/II_Experiment-Molecule/GNN/GCN.py[line:226] - INFO: Epoch [37/1000] Train_MSE: 0.005681 Val_MSE: 0.004937 | Loss: 0.006528
2025-12-05 16:57:16,940 - /home/kantorkristof/git/neurips-polymer/II_Experiment-Molecule/GNN/GCN.py[line:226] - INFO: Epoch [38/1000] Train_MSE: 0.003655 Val_MSE: 0.002839 | Loss: 0.007440
2025-12-05 16:57:17,023 - /home/kantorkristof/git/neurips-polymer/II_Experiment-Molecule/GNN/GCN.py[line:226] - INFO: Epoch [39/1000] Train_MSE: 0.009711 Val_MSE: 0.008612 | Loss: 0.006597
2025-12-05 16:57:17,106 - /home/kantorkristof/git/neurips-polymer/II_Experiment-Molecule/GNN/GCN.py[line:226] - INFO: Epoch [40/1000] Train_MSE: 0.003907 Val_MSE: 0.003511 | Loss: 0.005988
2025-12-05 16:57:17,189 - /home/kantorkristof/git/neurips-polymer/II_Experiment-Molecule/GNN/GCN.py[line:226] - INFO: Epoch [41/1000] Train_MSE: 0.011121 Val_MSE: 0.010428 | Loss: 0.008432
2025-12-05 16:57:17,273 - /home/kantorkristof/git/neurips-polymer/II_Experiment-Molecule/GNN/GCN.py[line:226] - INFO: Epoch [42/1000] Train_MSE: 0.003492 Val_MSE: 0.002780 | Loss: 0.007856
2025-12-05 16:57:17,357 - /home/kantorkristof/git/neurips-polymer/II_Experiment-Molecule/GNN/GCN.py[line:226] - INFO: Epoch [43/1000] Train_MSE: 0.003365 Val_MSE: 0.003015 | Loss: 0.007807
2025-12-05 16:57:17,440 - /home/kantorkristof/git/neurips-polymer/II_Experiment-Molecule/GNN/GCN.py[line:226] - INFO: Epoch [44/1000] Train_MSE: 0.009078 Val_MSE: 0.007757 | Loss: 0.007462
2025-12-05 16:57:17,523 - /home/kantorkristof/git/neurips-polymer/II_Experiment-Molecule/GNN/GCN.py[line:226] - INFO: Epoch [45/1000] Train_MSE: 0.007526 Val_MSE: 0.006912 | Loss: 0.006948
2025-12-05 16:57:17,604 - /home/kantorkristof/git/neurips-polymer/II_Experiment-Molecule/GNN/GCN.py[line:226] - INFO: Epoch [46/1000] Train_MSE: 0.003333 Val_MSE: 0.002811 | Loss: 0.007869
2025-12-05 16:57:17,687 - /home/kantorkristof/git/neurips-polymer/II_Experiment-Molecule/GNN/GCN.py[line:226] - INFO: Epoch [47/1000] Train_MSE: 0.009025 Val_MSE: 0.008839 | Loss: 0.006493
2025-12-05 16:57:17,769 - /home/kantorkristof/git/neurips-polymer/II_Experiment-Molecule/GNN/GCN.py[line:226] - INFO: Epoch [48/1000] Train_MSE: 0.003567 Val_MSE: 0.003615 | Loss: 0.006924
2025-12-05 16:57:17,854 - /home/kantorkristof/git/neurips-polymer/II_Experiment-Molecule/GNN/GCN.py[line:226] - INFO: Epoch [49/1000] Train_MSE: 0.006419 Val_MSE: 0.005510 | Loss: 0.006538
2025-12-05 16:57:17,938 - /home/kantorkristof/git/neurips-polymer/II_Experiment-Molecule/GNN/GCN.py[line:226] - INFO: Epoch [50/1000] Train_MSE: 0.012433 Val_MSE: 0.012191 | Loss: 0.007214
2025-12-05 16:57:18,031 - /home/kantorkristof/git/neurips-polymer/II_Experiment-Molecule/GNN/GCN.py[line:226] - INFO: Epoch [51/1000] Train_MSE: 0.003247 Val_MSE: 0.002802 | Loss: 0.006500
2025-12-05 16:57:18,123 - /home/kantorkristof/git/neurips-polymer/II_Experiment-Molecule/GNN/GCN.py[line:226] - INFO: Epoch [52/1000] Train_MSE: 0.004269 Val_MSE: 0.003935 | Loss: 0.005944
2025-12-05 16:57:18,213 - /home/kantorkristof/git/neurips-polymer/II_Experiment-Molecule/GNN/GCN.py[line:226] - INFO: Epoch [53/1000] Train_MSE: 0.003624 Val_MSE: 0.003002 | Loss: 0.007173
2025-12-05 16:57:18,300 - /home/kantorkristof/git/neurips-polymer/II_Experiment-Molecule/GNN/GCN.py[line:226] - INFO: Epoch [54/1000] Train_MSE: 0.011145 Val_MSE: 0.010834 | Loss: 0.006425
2025-12-05 16:57:18,386 - /home/kantorkristof/git/neurips-polymer/II_Experiment-Molecule/GNN/GCN.py[line:226] - INFO: Epoch [55/1000] Train_MSE: 0.003599 Val_MSE: 0.002773 | Loss: 0.007119
2025-12-05 16:57:18,481 - /home/kantorkristof/git/neurips-polymer/II_Experiment-Molecule/GNN/GCN.py[line:226] - INFO: Epoch [56/1000] Train_MSE: 0.003675 Val_MSE: 0.002996 | Loss: 0.006502
2025-12-05 16:57:18,578 - /home/kantorkristof/git/neurips-polymer/II_Experiment-Molecule/GNN/GCN.py[line:226] - INFO: Epoch [57/1000] Train_MSE: 0.003378 Val_MSE: 0.002993 | Loss: 0.007359
2025-12-05 16:57:18,665 - /home/kantorkristof/git/neurips-polymer/II_Experiment-Molecule/GNN/GCN.py[line:226] - INFO: Epoch [58/1000] Train_MSE: 0.003286 Val_MSE: 0.002555 | Loss: 0.007317
2025-12-05 16:57:18,751 - /home/kantorkristof/git/neurips-polymer/II_Experiment-Molecule/GNN/GCN.py[line:226] - INFO: Epoch [59/1000] Train_MSE: 0.004580 Val_MSE: 0.004394 | Loss: 0.006000
2025-12-05 16:57:18,837 - /home/kantorkristof/git/neurips-polymer/II_Experiment-Molecule/GNN/GCN.py[line:226] - INFO: Epoch [60/1000] Train_MSE: 0.003713 Val_MSE: 0.003137 | Loss: 0.005883
2025-12-05 16:57:18,922 - /home/kantorkristof/git/neurips-polymer/II_Experiment-Molecule/GNN/GCN.py[line:226] - INFO: Epoch [61/1000] Train_MSE: 0.011301 Val_MSE: 0.010862 | Loss: 0.006209
2025-12-05 16:57:19,007 - /home/kantorkristof/git/neurips-polymer/II_Experiment-Molecule/GNN/GCN.py[line:226] - INFO: Epoch [62/1000] Train_MSE: 0.003023 Val_MSE: 0.002681 | Loss: 0.005075
2025-12-05 16:57:19,098 - /home/kantorkristof/git/neurips-polymer/II_Experiment-Molecule/GNN/GCN.py[line:226] - INFO: Epoch [63/1000] Train_MSE: 0.002992 Val_MSE: 0.002740 | Loss: 0.005733
2025-12-05 16:57:19,192 - /home/kantorkristof/git/neurips-polymer/II_Experiment-Molecule/GNN/GCN.py[line:226] - INFO: Epoch [64/1000] Train_MSE: 0.003612 Val_MSE: 0.003374 | Loss: 0.004843
2025-12-05 16:57:19,286 - /home/kantorkristof/git/neurips-polymer/II_Experiment-Molecule/GNN/GCN.py[line:226] - INFO: Epoch [65/1000] Train_MSE: 0.004015 Val_MSE: 0.003790 | Loss: 0.004958
2025-12-05 16:57:19,379 - /home/kantorkristof/git/neurips-polymer/II_Experiment-Molecule/GNN/GCN.py[line:226] - INFO: Epoch [66/1000] Train_MSE: 0.003430 Val_MSE: 0.003157 | Loss: 0.005612
2025-12-05 16:57:19,461 - /home/kantorkristof/git/neurips-polymer/II_Experiment-Molecule/GNN/GCN.py[line:226] - INFO: Epoch [67/1000] Train_MSE: 0.003853 Val_MSE: 0.003732 | Loss: 0.004956
2025-12-05 16:57:19,545 - /home/kantorkristof/git/neurips-polymer/II_Experiment-Molecule/GNN/GCN.py[line:226] - INFO: Epoch [68/1000] Train_MSE: 0.003570 Val_MSE: 0.003613 | Loss: 0.005765
2025-12-05 16:57:19,640 - /home/kantorkristof/git/neurips-polymer/II_Experiment-Molecule/GNN/GCN.py[line:226] - INFO: Epoch [69/1000] Train_MSE: 0.003207 Val_MSE: 0.002562 | Loss: 0.005525
2025-12-05 16:57:19,735 - /home/kantorkristof/git/neurips-polymer/II_Experiment-Molecule/GNN/GCN.py[line:226] - INFO: Epoch [70/1000] Train_MSE: 0.004927 Val_MSE: 0.004672 | Loss: 0.004812
2025-12-05 16:57:19,826 - /home/kantorkristof/git/neurips-polymer/II_Experiment-Molecule/GNN/GCN.py[line:226] - INFO: Epoch [71/1000] Train_MSE: 0.005362 Val_MSE: 0.005255 | Loss: 0.006129
2025-12-05 16:57:19,911 - /home/kantorkristof/git/neurips-polymer/II_Experiment-Molecule/GNN/GCN.py[line:226] - INFO: Epoch [72/1000] Train_MSE: 0.003258 Val_MSE: 0.003333 | Loss: 0.005342
2025-12-05 16:57:20,007 - /home/kantorkristof/git/neurips-polymer/II_Experiment-Molecule/GNN/GCN.py[line:226] - INFO: Epoch [73/1000] Train_MSE: 0.002809 Val_MSE: 0.002534 | Loss: 0.004701
2025-12-05 16:57:20,010 - /home/kantorkristof/git/neurips-polymer/II_Experiment-Molecule/GNN/GCN.py[line:236] - INFO: Best model saved at epoch 73 with val_mse 0.002534
2025-12-05 16:57:20,104 - /home/kantorkristof/git/neurips-polymer/II_Experiment-Molecule/GNN/GCN.py[line:226] - INFO: Epoch [74/1000] Train_MSE: 0.004837 Val_MSE: 0.004524 | Loss: 0.005462
2025-12-05 16:57:20,190 - /home/kantorkristof/git/neurips-polymer/II_Experiment-Molecule/GNN/GCN.py[line:226] - INFO: Epoch [75/1000] Train_MSE: 0.003203 Val_MSE: 0.003327 | Loss: 0.005686
2025-12-05 16:57:20,276 - /home/kantorkristof/git/neurips-polymer/II_Experiment-Molecule/GNN/GCN.py[line:226] - INFO: Epoch [76/1000] Train_MSE: 0.028669 Val_MSE: 0.027460 | Loss: 0.006123
2025-12-05 16:57:20,373 - /home/kantorkristof/git/neurips-polymer/II_Experiment-Molecule/GNN/GCN.py[line:226] - INFO: Epoch [77/1000] Train_MSE: 0.004666 Val_MSE: 0.004683 | Loss: 0.006481
2025-12-05 16:57:20,462 - /home/kantorkristof/git/neurips-polymer/II_Experiment-Molecule/GNN/GCN.py[line:226] - INFO: Epoch [78/1000] Train_MSE: 0.012636 Val_MSE: 0.012432 | Loss: 0.009002
2025-12-05 16:57:20,545 - /home/kantorkristof/git/neurips-polymer/II_Experiment-Molecule/GNN/GCN.py[line:226] - INFO: Epoch [79/1000] Train_MSE: 0.003695 Val_MSE: 0.002957 | Loss: 0.006609
2025-12-05 16:57:20,630 - /home/kantorkristof/git/neurips-polymer/II_Experiment-Molecule/GNN/GCN.py[line:226] - INFO: Epoch [80/1000] Train_MSE: 0.011281 Val_MSE: 0.010719 | Loss: 0.005896
2025-12-05 16:57:20,715 - /home/kantorkristof/git/neurips-polymer/II_Experiment-Molecule/GNN/GCN.py[line:226] - INFO: Epoch [81/1000] Train_MSE: 0.009997 Val_MSE: 0.009292 | Loss: 0.007903
2025-12-05 16:57:20,803 - /home/kantorkristof/git/neurips-polymer/II_Experiment-Molecule/GNN/GCN.py[line:226] - INFO: Epoch [82/1000] Train_MSE: 0.003609 Val_MSE: 0.003409 | Loss: 0.005029
2025-12-05 16:57:20,888 - /home/kantorkristof/git/neurips-polymer/II_Experiment-Molecule/GNN/GCN.py[line:226] - INFO: Epoch [83/1000] Train_MSE: 0.005272 Val_MSE: 0.004765 | Loss: 0.005930
2025-12-05 16:57:20,972 - /home/kantorkristof/git/neurips-polymer/II_Experiment-Molecule/GNN/GCN.py[line:226] - INFO: Epoch [84/1000] Train_MSE: 0.004130 Val_MSE: 0.004049 | Loss: 0.004939
2025-12-05 16:57:21,061 - /home/kantorkristof/git/neurips-polymer/II_Experiment-Molecule/GNN/GCN.py[line:226] - INFO: Epoch [85/1000] Train_MSE: 0.006417 Val_MSE: 0.006479 | Loss: 0.005103
2025-12-05 16:57:21,151 - /home/kantorkristof/git/neurips-polymer/II_Experiment-Molecule/GNN/GCN.py[line:226] - INFO: Epoch [86/1000] Train_MSE: 0.014920 Val_MSE: 0.014335 | Loss: 0.005011
2025-12-05 16:57:21,250 - /home/kantorkristof/git/neurips-polymer/II_Experiment-Molecule/GNN/GCN.py[line:226] - INFO: Epoch [87/1000] Train_MSE: 0.003309 Val_MSE: 0.003678 | Loss: 0.006352
2025-12-05 16:57:21,336 - /home/kantorkristof/git/neurips-polymer/II_Experiment-Molecule/GNN/GCN.py[line:226] - INFO: Epoch [88/1000] Train_MSE: 0.007259 Val_MSE: 0.007035 | Loss: 0.006462
2025-12-05 16:57:21,442 - /home/kantorkristof/git/neurips-polymer/II_Experiment-Molecule/GNN/GCN.py[line:226] - INFO: Epoch [89/1000] Train_MSE: 0.003417 Val_MSE: 0.003092 | Loss: 0.005486
2025-12-05 16:57:21,561 - /home/kantorkristof/git/neurips-polymer/II_Experiment-Molecule/GNN/GCN.py[line:226] - INFO: Epoch [90/1000] Train_MSE: 0.003487 Val_MSE: 0.003298 | Loss: 0.005526
2025-12-05 16:57:21,662 - /home/kantorkristof/git/neurips-polymer/II_Experiment-Molecule/GNN/GCN.py[line:226] - INFO: Epoch [91/1000] Train_MSE: 0.006465 Val_MSE: 0.006228 | Loss: 0.005024
2025-12-05 16:57:21,750 - /home/kantorkristof/git/neurips-polymer/II_Experiment-Molecule/GNN/GCN.py[line:226] - INFO: Epoch [92/1000] Train_MSE: 0.003074 Val_MSE: 0.003014 | Loss: 0.004374
2025-12-05 16:57:21,839 - /home/kantorkristof/git/neurips-polymer/II_Experiment-Molecule/GNN/GCN.py[line:226] - INFO: Epoch [93/1000] Train_MSE: 0.003274 Val_MSE: 0.003131 | Loss: 0.005088
2025-12-05 16:57:21,936 - /home/kantorkristof/git/neurips-polymer/II_Experiment-Molecule/GNN/GCN.py[line:226] - INFO: Epoch [94/1000] Train_MSE: 0.009122 Val_MSE: 0.008864 | Loss: 0.006981
2025-12-05 16:57:22,027 - /home/kantorkristof/git/neurips-polymer/II_Experiment-Molecule/GNN/GCN.py[line:226] - INFO: Epoch [95/1000] Train_MSE: 0.002934 Val_MSE: 0.002602 | Loss: 0.005539
2025-12-05 16:57:22,113 - /home/kantorkristof/git/neurips-polymer/II_Experiment-Molecule/GNN/GCN.py[line:226] - INFO: Epoch [96/1000] Train_MSE: 0.003124 Val_MSE: 0.003215 | Loss: 0.005303
2025-12-05 16:57:22,197 - /home/kantorkristof/git/neurips-polymer/II_Experiment-Molecule/GNN/GCN.py[line:226] - INFO: Epoch [97/1000] Train_MSE: 0.002492 Val_MSE: 0.002820 | Loss: 0.005359
2025-12-05 16:57:22,281 - /home/kantorkristof/git/neurips-polymer/II_Experiment-Molecule/GNN/GCN.py[line:226] - INFO: Epoch [98/1000] Train_MSE: 0.005053 Val_MSE: 0.005179 | Loss: 0.004320
2025-12-05 16:57:22,368 - /home/kantorkristof/git/neurips-polymer/II_Experiment-Molecule/GNN/GCN.py[line:226] - INFO: Epoch [99/1000] Train_MSE: 0.002964 Val_MSE: 0.003134 | Loss: 0.003733
2025-12-05 16:57:22,456 - /home/kantorkristof/git/neurips-polymer/II_Experiment-Molecule/GNN/GCN.py[line:226] - INFO: Epoch [100/1000] Train_MSE: 0.002678 Val_MSE: 0.003150 | Loss: 0.005047
2025-12-05 16:57:22,540 - /home/kantorkristof/git/neurips-polymer/II_Experiment-Molecule/GNN/GCN.py[line:226] - INFO: Epoch [101/1000] Train_MSE: 0.003146 Val_MSE: 0.003357 | Loss: 0.007046
2025-12-05 16:57:22,627 - /home/kantorkristof/git/neurips-polymer/II_Experiment-Molecule/GNN/GCN.py[line:226] - INFO: Epoch [102/1000] Train_MSE: 0.004939 Val_MSE: 0.004187 | Loss: 0.006148
2025-12-05 16:57:22,716 - /home/kantorkristof/git/neurips-polymer/II_Experiment-Molecule/GNN/GCN.py[line:226] - INFO: Epoch [103/1000] Train_MSE: 0.002848 Val_MSE: 0.002444 | Loss: 0.005008
2025-12-05 16:57:22,719 - /home/kantorkristof/git/neurips-polymer/II_Experiment-Molecule/GNN/GCN.py[line:236] - INFO: Best model saved at epoch 103 with val_mse 0.002444
2025-12-05 16:57:22,806 - /home/kantorkristof/git/neurips-polymer/II_Experiment-Molecule/GNN/GCN.py[line:226] - INFO: Epoch [104/1000] Train_MSE: 0.002587 Val_MSE: 0.002890 | Loss: 0.004940
2025-12-05 16:57:22,897 - /home/kantorkristof/git/neurips-polymer/II_Experiment-Molecule/GNN/GCN.py[line:226] - INFO: Epoch [105/1000] Train_MSE: 0.004665 Val_MSE: 0.004672 | Loss: 0.004924
2025-12-05 16:57:22,984 - /home/kantorkristof/git/neurips-polymer/II_Experiment-Molecule/GNN/GCN.py[line:226] - INFO: Epoch [106/1000] Train_MSE: 0.006475 Val_MSE: 0.006800 | Loss: 0.005674
2025-12-05 16:57:23,084 - /home/kantorkristof/git/neurips-polymer/II_Experiment-Molecule/GNN/GCN.py[line:226] - INFO: Epoch [107/1000] Train_MSE: 0.002534 Val_MSE: 0.002712 | Loss: 0.004909
2025-12-05 16:57:23,171 - /home/kantorkristof/git/neurips-polymer/II_Experiment-Molecule/GNN/GCN.py[line:226] - INFO: Epoch [108/1000] Train_MSE: 0.006465 Val_MSE: 0.006651 | Loss: 0.005186
2025-12-05 16:57:23,253 - /home/kantorkristof/git/neurips-polymer/II_Experiment-Molecule/GNN/GCN.py[line:226] - INFO: Epoch [109/1000] Train_MSE: 0.003237 Val_MSE: 0.003312 | Loss: 0.004191
2025-12-05 16:57:23,340 - /home/kantorkristof/git/neurips-polymer/II_Experiment-Molecule/GNN/GCN.py[line:226] - INFO: Epoch [110/1000] Train_MSE: 0.003770 Val_MSE: 0.003495 | Loss: 0.004624
2025-12-05 16:57:23,432 - /home/kantorkristof/git/neurips-polymer/II_Experiment-Molecule/GNN/GCN.py[line:226] - INFO: Epoch [111/1000] Train_MSE: 0.002648 Val_MSE: 0.003145 | Loss: 0.004449
2025-12-05 16:57:23,522 - /home/kantorkristof/git/neurips-polymer/II_Experiment-Molecule/GNN/GCN.py[line:226] - INFO: Epoch [112/1000] Train_MSE: 0.005442 Val_MSE: 0.005659 | Loss: 0.004604
2025-12-05 16:57:23,607 - /home/kantorkristof/git/neurips-polymer/II_Experiment-Molecule/GNN/GCN.py[line:226] - INFO: Epoch [113/1000] Train_MSE: 0.005034 Val_MSE: 0.004681 | Loss: 0.003828
2025-12-05 16:57:23,692 - /home/kantorkristof/git/neurips-polymer/II_Experiment-Molecule/GNN/GCN.py[line:226] - INFO: Epoch [114/1000] Train_MSE: 0.003025 Val_MSE: 0.002920 | Loss: 0.004409
2025-12-05 16:57:23,799 - /home/kantorkristof/git/neurips-polymer/II_Experiment-Molecule/GNN/GCN.py[line:226] - INFO: Epoch [115/1000] Train_MSE: 0.002623 Val_MSE: 0.003014 | Loss: 0.004530
2025-12-05 16:57:23,897 - /home/kantorkristof/git/neurips-polymer/II_Experiment-Molecule/GNN/GCN.py[line:226] - INFO: Epoch [116/1000] Train_MSE: 0.003601 Val_MSE: 0.003827 | Loss: 0.004433
2025-12-05 16:57:23,982 - /home/kantorkristof/git/neurips-polymer/II_Experiment-Molecule/GNN/GCN.py[line:226] - INFO: Epoch [117/1000] Train_MSE: 0.003659 Val_MSE: 0.003247 | Loss: 0.004409
2025-12-05 16:57:24,068 - /home/kantorkristof/git/neurips-polymer/II_Experiment-Molecule/GNN/GCN.py[line:226] - INFO: Epoch [118/1000] Train_MSE: 0.002695 Val_MSE: 0.002685 | Loss: 0.004981
2025-12-05 16:57:24,152 - /home/kantorkristof/git/neurips-polymer/II_Experiment-Molecule/GNN/GCN.py[line:226] - INFO: Epoch [119/1000] Train_MSE: 0.005886 Val_MSE: 0.006168 | Loss: 0.004249
2025-12-05 16:57:24,239 - /home/kantorkristof/git/neurips-polymer/II_Experiment-Molecule/GNN/GCN.py[line:226] - INFO: Epoch [120/1000] Train_MSE: 0.003049 Val_MSE: 0.003302 | Loss: 0.004785
2025-12-05 16:57:24,326 - /home/kantorkristof/git/neurips-polymer/II_Experiment-Molecule/GNN/GCN.py[line:226] - INFO: Epoch [121/1000] Train_MSE: 0.002697 Val_MSE: 0.002685 | Loss: 0.004694
2025-12-05 16:57:24,410 - /home/kantorkristof/git/neurips-polymer/II_Experiment-Molecule/GNN/GCN.py[line:226] - INFO: Epoch [122/1000] Train_MSE: 0.003418 Val_MSE: 0.002958 | Loss: 0.004589
2025-12-05 16:57:24,494 - /home/kantorkristof/git/neurips-polymer/II_Experiment-Molecule/GNN/GCN.py[line:226] - INFO: Epoch [123/1000] Train_MSE: 0.002662 Val_MSE: 0.002773 | Loss: 0.004116
2025-12-05 16:57:24,590 - /home/kantorkristof/git/neurips-polymer/II_Experiment-Molecule/GNN/GCN.py[line:226] - INFO: Epoch [124/1000] Train_MSE: 0.002707 Val_MSE: 0.002952 | Loss: 0.003871
2025-12-05 16:57:24,694 - /home/kantorkristof/git/neurips-polymer/II_Experiment-Molecule/GNN/GCN.py[line:226] - INFO: Epoch [125/1000] Train_MSE: 0.003713 Val_MSE: 0.004030 | Loss: 0.004162
2025-12-05 16:57:24,794 - /home/kantorkristof/git/neurips-polymer/II_Experiment-Molecule/GNN/GCN.py[line:226] - INFO: Epoch [126/1000] Train_MSE: 0.004073 Val_MSE: 0.004000 | Loss: 0.004079
2025-12-05 16:57:24,885 - /home/kantorkristof/git/neurips-polymer/II_Experiment-Molecule/GNN/GCN.py[line:226] - INFO: Epoch [127/1000] Train_MSE: 0.007847 Val_MSE: 0.007987 | Loss: 0.004502
2025-12-05 16:57:24,974 - /home/kantorkristof/git/neurips-polymer/II_Experiment-Molecule/GNN/GCN.py[line:226] - INFO: Epoch [128/1000] Train_MSE: 0.008981 Val_MSE: 0.008967 | Loss: 0.004401
2025-12-05 16:57:25,065 - /home/kantorkristof/git/neurips-polymer/II_Experiment-Molecule/GNN/GCN.py[line:226] - INFO: Epoch [129/1000] Train_MSE: 0.003034 Val_MSE: 0.002769 | Loss: 0.004371
2025-12-05 16:57:25,161 - /home/kantorkristof/git/neurips-polymer/II_Experiment-Molecule/GNN/GCN.py[line:226] - INFO: Epoch [130/1000] Train_MSE: 0.002448 Val_MSE: 0.002417 | Loss: 0.004432
2025-12-05 16:57:25,163 - /home/kantorkristof/git/neurips-polymer/II_Experiment-Molecule/GNN/GCN.py[line:236] - INFO: Best model saved at epoch 130 with val_mse 0.002417
2025-12-05 16:57:25,252 - /home/kantorkristof/git/neurips-polymer/II_Experiment-Molecule/GNN/GCN.py[line:226] - INFO: Epoch [131/1000] Train_MSE: 0.005561 Val_MSE: 0.005277 | Loss: 0.003854
2025-12-05 16:57:25,342 - /home/kantorkristof/git/neurips-polymer/II_Experiment-Molecule/GNN/GCN.py[line:226] - INFO: Epoch [132/1000] Train_MSE: 0.002385 Val_MSE: 0.002510 | Loss: 0.004576
2025-12-05 16:57:25,429 - /home/kantorkristof/git/neurips-polymer/II_Experiment-Molecule/GNN/GCN.py[line:226] - INFO: Epoch [133/1000] Train_MSE: 0.004653 Val_MSE: 0.004229 | Loss: 0.004209
2025-12-05 16:57:25,515 - /home/kantorkristof/git/neurips-polymer/II_Experiment-Molecule/GNN/GCN.py[line:226] - INFO: Epoch [134/1000] Train_MSE: 0.002408 Val_MSE: 0.002499 | Loss: 0.004486
2025-12-05 16:57:25,599 - /home/kantorkristof/git/neurips-polymer/II_Experiment-Molecule/GNN/GCN.py[line:226] - INFO: Epoch [135/1000] Train_MSE: 0.002485 Val_MSE: 0.002838 | Loss: 0.004175
2025-12-05 16:57:25,682 - /home/kantorkristof/git/neurips-polymer/II_Experiment-Molecule/GNN/GCN.py[line:226] - INFO: Epoch [136/1000] Train_MSE: 0.002979 Val_MSE: 0.003040 | Loss: 0.004497
2025-12-05 16:57:25,767 - /home/kantorkristof/git/neurips-polymer/II_Experiment-Molecule/GNN/GCN.py[line:226] - INFO: Epoch [137/1000] Train_MSE: 0.004340 Val_MSE: 0.004368 | Loss: 0.004191
2025-12-05 16:57:25,853 - /home/kantorkristof/git/neurips-polymer/II_Experiment-Molecule/GNN/GCN.py[line:226] - INFO: Epoch [138/1000] Train_MSE: 0.002609 Val_MSE: 0.002195 | Loss: 0.004232
2025-12-05 16:57:25,855 - /home/kantorkristof/git/neurips-polymer/II_Experiment-Molecule/GNN/GCN.py[line:236] - INFO: Best model saved at epoch 138 with val_mse 0.002195
2025-12-05 16:57:25,951 - /home/kantorkristof/git/neurips-polymer/II_Experiment-Molecule/GNN/GCN.py[line:226] - INFO: Epoch [139/1000] Train_MSE: 0.002654 Val_MSE: 0.002897 | Loss: 0.003757
2025-12-05 16:57:26,036 - /home/kantorkristof/git/neurips-polymer/II_Experiment-Molecule/GNN/GCN.py[line:226] - INFO: Epoch [140/1000] Train_MSE: 0.002744 Val_MSE: 0.003352 | Loss: 0.003360
2025-12-05 16:57:26,120 - /home/kantorkristof/git/neurips-polymer/II_Experiment-Molecule/GNN/GCN.py[line:226] - INFO: Epoch [141/1000] Train_MSE: 0.002163 Val_MSE: 0.002397 | Loss: 0.005224
2025-12-05 16:57:26,205 - /home/kantorkristof/git/neurips-polymer/II_Experiment-Molecule/GNN/GCN.py[line:226] - INFO: Epoch [142/1000] Train_MSE: 0.002382 Val_MSE: 0.002424 | Loss: 0.004957
2025-12-05 16:57:26,292 - /home/kantorkristof/git/neurips-polymer/II_Experiment-Molecule/GNN/GCN.py[line:226] - INFO: Epoch [143/1000] Train_MSE: 0.004480 Val_MSE: 0.004344 | Loss: 0.004051
2025-12-05 16:57:26,381 - /home/kantorkristof/git/neurips-polymer/II_Experiment-Molecule/GNN/GCN.py[line:226] - INFO: Epoch [144/1000] Train_MSE: 0.004010 Val_MSE: 0.003708 | Loss: 0.003760
2025-12-05 16:57:26,461 - /home/kantorkristof/git/neurips-polymer/II_Experiment-Molecule/GNN/GCN.py[line:226] - INFO: Epoch [145/1000] Train_MSE: 0.002277 Val_MSE: 0.002502 | Loss: 0.003566
2025-12-05 16:57:26,553 - /home/kantorkristof/git/neurips-polymer/II_Experiment-Molecule/GNN/GCN.py[line:226] - INFO: Epoch [146/1000] Train_MSE: 0.002610 Val_MSE: 0.002591 | Loss: 0.004119
2025-12-05 16:57:26,649 - /home/kantorkristof/git/neurips-polymer/II_Experiment-Molecule/GNN/GCN.py[line:226] - INFO: Epoch [147/1000] Train_MSE: 0.002373 Val_MSE: 0.002299 | Loss: 0.003120
2025-12-05 16:57:26,742 - /home/kantorkristof/git/neurips-polymer/II_Experiment-Molecule/GNN/GCN.py[line:226] - INFO: Epoch [148/1000] Train_MSE: 0.002679 Val_MSE: 0.002141 | Loss: 0.004566
2025-12-05 16:57:26,745 - /home/kantorkristof/git/neurips-polymer/II_Experiment-Molecule/GNN/GCN.py[line:236] - INFO: Best model saved at epoch 148 with val_mse 0.002141
2025-12-05 16:57:26,832 - /home/kantorkristof/git/neurips-polymer/II_Experiment-Molecule/GNN/GCN.py[line:226] - INFO: Epoch [149/1000] Train_MSE: 0.002392 Val_MSE: 0.002357 | Loss: 0.003515
2025-12-05 16:57:26,930 - /home/kantorkristof/git/neurips-polymer/II_Experiment-Molecule/GNN/GCN.py[line:226] - INFO: Epoch [150/1000] Train_MSE: 0.002266 Val_MSE: 0.002620 | Loss: 0.004310
2025-12-05 16:57:27,018 - /home/kantorkristof/git/neurips-polymer/II_Experiment-Molecule/GNN/GCN.py[line:226] - INFO: Epoch [151/1000] Train_MSE: 0.002609 Val_MSE: 0.002888 | Loss: 0.004126
2025-12-05 16:57:27,104 - /home/kantorkristof/git/neurips-polymer/II_Experiment-Molecule/GNN/GCN.py[line:226] - INFO: Epoch [152/1000] Train_MSE: 0.005085 Val_MSE: 0.005341 | Loss: 0.003382
2025-12-05 16:57:27,190 - /home/kantorkristof/git/neurips-polymer/II_Experiment-Molecule/GNN/GCN.py[line:226] - INFO: Epoch [153/1000] Train_MSE: 0.002446 Val_MSE: 0.002222 | Loss: 0.003723
2025-12-05 16:57:27,283 - /home/kantorkristof/git/neurips-polymer/II_Experiment-Molecule/GNN/GCN.py[line:226] - INFO: Epoch [154/1000] Train_MSE: 0.005999 Val_MSE: 0.006003 | Loss: 0.003860
2025-12-05 16:57:27,386 - /home/kantorkristof/git/neurips-polymer/II_Experiment-Molecule/GNN/GCN.py[line:226] - INFO: Epoch [155/1000] Train_MSE: 0.003823 Val_MSE: 0.003794 | Loss: 0.003648
2025-12-05 16:57:27,483 - /home/kantorkristof/git/neurips-polymer/II_Experiment-Molecule/GNN/GCN.py[line:226] - INFO: Epoch [156/1000] Train_MSE: 0.002102 Val_MSE: 0.002229 | Loss: 0.002941
2025-12-05 16:57:27,578 - /home/kantorkristof/git/neurips-polymer/II_Experiment-Molecule/GNN/GCN.py[line:226] - INFO: Epoch [157/1000] Train_MSE: 0.002685 Val_MSE: 0.003007 | Loss: 0.003359
2025-12-05 16:57:27,665 - /home/kantorkristof/git/neurips-polymer/II_Experiment-Molecule/GNN/GCN.py[line:226] - INFO: Epoch [158/1000] Train_MSE: 0.002874 Val_MSE: 0.003060 | Loss: 0.003760
2025-12-05 16:57:27,748 - /home/kantorkristof/git/neurips-polymer/II_Experiment-Molecule/GNN/GCN.py[line:226] - INFO: Epoch [159/1000] Train_MSE: 0.002638 Val_MSE: 0.003094 | Loss: 0.004217
2025-12-05 16:57:27,832 - /home/kantorkristof/git/neurips-polymer/II_Experiment-Molecule/GNN/GCN.py[line:226] - INFO: Epoch [160/1000] Train_MSE: 0.002336 Val_MSE: 0.002525 | Loss: 0.003312
2025-12-05 16:57:27,916 - /home/kantorkristof/git/neurips-polymer/II_Experiment-Molecule/GNN/GCN.py[line:226] - INFO: Epoch [161/1000] Train_MSE: 0.003670 Val_MSE: 0.003826 | Loss: 0.003787
2025-12-05 16:57:28,000 - /home/kantorkristof/git/neurips-polymer/II_Experiment-Molecule/GNN/GCN.py[line:226] - INFO: Epoch [162/1000] Train_MSE: 0.009759 Val_MSE: 0.009849 | Loss: 0.004283
2025-12-05 16:57:28,082 - /home/kantorkristof/git/neurips-polymer/II_Experiment-Molecule/GNN/GCN.py[line:226] - INFO: Epoch [163/1000] Train_MSE: 0.005982 Val_MSE: 0.005711 | Loss: 0.003677
2025-12-05 16:57:28,165 - /home/kantorkristof/git/neurips-polymer/II_Experiment-Molecule/GNN/GCN.py[line:226] - INFO: Epoch [164/1000] Train_MSE: 0.002602 Val_MSE: 0.002566 | Loss: 0.003986
2025-12-05 16:57:28,248 - /home/kantorkristof/git/neurips-polymer/II_Experiment-Molecule/GNN/GCN.py[line:226] - INFO: Epoch [165/1000] Train_MSE: 0.004705 Val_MSE: 0.004575 | Loss: 0.003770
2025-12-05 16:57:28,338 - /home/kantorkristof/git/neurips-polymer/II_Experiment-Molecule/GNN/GCN.py[line:226] - INFO: Epoch [166/1000] Train_MSE: 0.002441 Val_MSE: 0.002426 | Loss: 0.002732
2025-12-05 16:57:28,421 - /home/kantorkristof/git/neurips-polymer/II_Experiment-Molecule/GNN/GCN.py[line:226] - INFO: Epoch [167/1000] Train_MSE: 0.002387 Val_MSE: 0.002441 | Loss: 0.004255
2025-12-05 16:57:28,505 - /home/kantorkristof/git/neurips-polymer/II_Experiment-Molecule/GNN/GCN.py[line:226] - INFO: Epoch [168/1000] Train_MSE: 0.004421 Val_MSE: 0.004039 | Loss: 0.003166
2025-12-05 16:57:28,590 - /home/kantorkristof/git/neurips-polymer/II_Experiment-Molecule/GNN/GCN.py[line:226] - INFO: Epoch [169/1000] Train_MSE: 0.002932 Val_MSE: 0.002881 | Loss: 0.004362
2025-12-05 16:57:28,680 - /home/kantorkristof/git/neurips-polymer/II_Experiment-Molecule/GNN/GCN.py[line:226] - INFO: Epoch [170/1000] Train_MSE: 0.005267 Val_MSE: 0.005965 | Loss: 0.003406
2025-12-05 16:57:28,770 - /home/kantorkristof/git/neurips-polymer/II_Experiment-Molecule/GNN/GCN.py[line:226] - INFO: Epoch [171/1000] Train_MSE: 0.002108 Val_MSE: 0.002225 | Loss: 0.003583
2025-12-05 16:57:28,857 - /home/kantorkristof/git/neurips-polymer/II_Experiment-Molecule/GNN/GCN.py[line:226] - INFO: Epoch [172/1000] Train_MSE: 0.001931 Val_MSE: 0.002259 | Loss: 0.003872
2025-12-05 16:57:28,950 - /home/kantorkristof/git/neurips-polymer/II_Experiment-Molecule/GNN/GCN.py[line:226] - INFO: Epoch [173/1000] Train_MSE: 0.002859 Val_MSE: 0.003075 | Loss: 0.003388
2025-12-05 16:57:29,038 - /home/kantorkristof/git/neurips-polymer/II_Experiment-Molecule/GNN/GCN.py[line:226] - INFO: Epoch [174/1000] Train_MSE: 0.004634 Val_MSE: 0.004673 | Loss: 0.003753
2025-12-05 16:57:29,118 - /home/kantorkristof/git/neurips-polymer/II_Experiment-Molecule/GNN/GCN.py[line:226] - INFO: Epoch [175/1000] Train_MSE: 0.003075 Val_MSE: 0.003124 | Loss: 0.004159
2025-12-05 16:57:29,199 - /home/kantorkristof/git/neurips-polymer/II_Experiment-Molecule/GNN/GCN.py[line:226] - INFO: Epoch [176/1000] Train_MSE: 0.009114 Val_MSE: 0.008367 | Loss: 0.003873
2025-12-05 16:57:29,289 - /home/kantorkristof/git/neurips-polymer/II_Experiment-Molecule/GNN/GCN.py[line:226] - INFO: Epoch [177/1000] Train_MSE: 0.002216 Val_MSE: 0.002361 | Loss: 0.004334
2025-12-05 16:57:29,376 - /home/kantorkristof/git/neurips-polymer/II_Experiment-Molecule/GNN/GCN.py[line:226] - INFO: Epoch [178/1000] Train_MSE: 0.004146 Val_MSE: 0.004058 | Loss: 0.003323
2025-12-05 16:57:29,466 - /home/kantorkristof/git/neurips-polymer/II_Experiment-Molecule/GNN/GCN.py[line:226] - INFO: Epoch [179/1000] Train_MSE: 0.005738 Val_MSE: 0.005812 | Loss: 0.003847
2025-12-05 16:57:29,554 - /home/kantorkristof/git/neurips-polymer/II_Experiment-Molecule/GNN/GCN.py[line:226] - INFO: Epoch [180/1000] Train_MSE: 0.004574 Val_MSE: 0.004390 | Loss: 0.003796
2025-12-05 16:57:29,641 - /home/kantorkristof/git/neurips-polymer/II_Experiment-Molecule/GNN/GCN.py[line:226] - INFO: Epoch [181/1000] Train_MSE: 0.002283 Val_MSE: 0.002081 | Loss: 0.003999
2025-12-05 16:57:29,643 - /home/kantorkristof/git/neurips-polymer/II_Experiment-Molecule/GNN/GCN.py[line:236] - INFO: Best model saved at epoch 181 with val_mse 0.002081
2025-12-05 16:57:29,729 - /home/kantorkristof/git/neurips-polymer/II_Experiment-Molecule/GNN/GCN.py[line:226] - INFO: Epoch [182/1000] Train_MSE: 0.003796 Val_MSE: 0.003064 | Loss: 0.003786
2025-12-05 16:57:29,818 - /home/kantorkristof/git/neurips-polymer/II_Experiment-Molecule/GNN/GCN.py[line:226] - INFO: Epoch [183/1000] Train_MSE: 0.003141 Val_MSE: 0.003276 | Loss: 0.003598
2025-12-05 16:57:29,911 - /home/kantorkristof/git/neurips-polymer/II_Experiment-Molecule/GNN/GCN.py[line:226] - INFO: Epoch [184/1000] Train_MSE: 0.002208 Val_MSE: 0.002462 | Loss: 0.003739
2025-12-05 16:57:30,008 - /home/kantorkristof/git/neurips-polymer/II_Experiment-Molecule/GNN/GCN.py[line:226] - INFO: Epoch [185/1000] Train_MSE: 0.002568 Val_MSE: 0.003171 | Loss: 0.002669
2025-12-05 16:57:30,100 - /home/kantorkristof/git/neurips-polymer/II_Experiment-Molecule/GNN/GCN.py[line:226] - INFO: Epoch [186/1000] Train_MSE: 0.002411 Val_MSE: 0.002735 | Loss: 0.003909
2025-12-05 16:57:30,192 - /home/kantorkristof/git/neurips-polymer/II_Experiment-Molecule/GNN/GCN.py[line:226] - INFO: Epoch [187/1000] Train_MSE: 0.002814 Val_MSE: 0.003021 | Loss: 0.003170
2025-12-05 16:57:30,280 - /home/kantorkristof/git/neurips-polymer/II_Experiment-Molecule/GNN/GCN.py[line:226] - INFO: Epoch [188/1000] Train_MSE: 0.002145 Val_MSE: 0.002338 | Loss: 0.003106
2025-12-05 16:57:30,370 - /home/kantorkristof/git/neurips-polymer/II_Experiment-Molecule/GNN/GCN.py[line:226] - INFO: Epoch [189/1000] Train_MSE: 0.003016 Val_MSE: 0.003053 | Loss: 0.003933
2025-12-05 16:57:30,453 - /home/kantorkristof/git/neurips-polymer/II_Experiment-Molecule/GNN/GCN.py[line:226] - INFO: Epoch [190/1000] Train_MSE: 0.010703 Val_MSE: 0.010340 | Loss: 0.003112
2025-12-05 16:57:30,541 - /home/kantorkristof/git/neurips-polymer/II_Experiment-Molecule/GNN/GCN.py[line:226] - INFO: Epoch [191/1000] Train_MSE: 0.002915 Val_MSE: 0.002894 | Loss: 0.004425
2025-12-05 16:57:30,627 - /home/kantorkristof/git/neurips-polymer/II_Experiment-Molecule/GNN/GCN.py[line:226] - INFO: Epoch [192/1000] Train_MSE: 0.001885 Val_MSE: 0.002093 | Loss: 0.003237
2025-12-05 16:57:30,717 - /home/kantorkristof/git/neurips-polymer/II_Experiment-Molecule/GNN/GCN.py[line:226] - INFO: Epoch [193/1000] Train_MSE: 0.003506 Val_MSE: 0.003736 | Loss: 0.003540
2025-12-05 16:57:30,805 - /home/kantorkristof/git/neurips-polymer/II_Experiment-Molecule/GNN/GCN.py[line:226] - INFO: Epoch [194/1000] Train_MSE: 0.001936 Val_MSE: 0.002231 | Loss: 0.003115
2025-12-05 16:57:30,894 - /home/kantorkristof/git/neurips-polymer/II_Experiment-Molecule/GNN/GCN.py[line:226] - INFO: Epoch [195/1000] Train_MSE: 0.003212 Val_MSE: 0.003345 | Loss: 0.002997
2025-12-05 16:57:30,980 - /home/kantorkristof/git/neurips-polymer/II_Experiment-Molecule/GNN/GCN.py[line:226] - INFO: Epoch [196/1000] Train_MSE: 0.007293 Val_MSE: 0.007534 | Loss: 0.004057
2025-12-05 16:57:31,075 - /home/kantorkristof/git/neurips-polymer/II_Experiment-Molecule/GNN/GCN.py[line:226] - INFO: Epoch [197/1000] Train_MSE: 0.001828 Val_MSE: 0.001952 | Loss: 0.003664
2025-12-05 16:57:31,078 - /home/kantorkristof/git/neurips-polymer/II_Experiment-Molecule/GNN/GCN.py[line:236] - INFO: Best model saved at epoch 197 with val_mse 0.001952
2025-12-05 16:57:31,173 - /home/kantorkristof/git/neurips-polymer/II_Experiment-Molecule/GNN/GCN.py[line:226] - INFO: Epoch [198/1000] Train_MSE: 0.001837 Val_MSE: 0.002092 | Loss: 0.002621
2025-12-05 16:57:31,266 - /home/kantorkristof/git/neurips-polymer/II_Experiment-Molecule/GNN/GCN.py[line:226] - INFO: Epoch [199/1000] Train_MSE: 0.001873 Val_MSE: 0.002078 | Loss: 0.002621
2025-12-05 16:57:31,351 - /home/kantorkristof/git/neurips-polymer/II_Experiment-Molecule/GNN/GCN.py[line:226] - INFO: Epoch [200/1000] Train_MSE: 0.002982 Val_MSE: 0.003172 | Loss: 0.002948
2025-12-05 16:57:31,436 - /home/kantorkristof/git/neurips-polymer/II_Experiment-Molecule/GNN/GCN.py[line:226] - INFO: Epoch [201/1000] Train_MSE: 0.002309 Val_MSE: 0.002513 | Loss: 0.002931
2025-12-05 16:57:31,520 - /home/kantorkristof/git/neurips-polymer/II_Experiment-Molecule/GNN/GCN.py[line:226] - INFO: Epoch [202/1000] Train_MSE: 0.001977 Val_MSE: 0.002354 | Loss: 0.002834
2025-12-05 16:57:31,615 - /home/kantorkristof/git/neurips-polymer/II_Experiment-Molecule/GNN/GCN.py[line:226] - INFO: Epoch [203/1000] Train_MSE: 0.002195 Val_MSE: 0.002710 | Loss: 0.002680
2025-12-05 16:57:31,706 - /home/kantorkristof/git/neurips-polymer/II_Experiment-Molecule/GNN/GCN.py[line:226] - INFO: Epoch [204/1000] Train_MSE: 0.002811 Val_MSE: 0.003019 | Loss: 0.004342
2025-12-05 16:57:31,795 - /home/kantorkristof/git/neurips-polymer/II_Experiment-Molecule/GNN/GCN.py[line:226] - INFO: Epoch [205/1000] Train_MSE: 0.003438 Val_MSE: 0.003116 | Loss: 0.004181
2025-12-05 16:57:31,879 - /home/kantorkristof/git/neurips-polymer/II_Experiment-Molecule/GNN/GCN.py[line:226] - INFO: Epoch [206/1000] Train_MSE: 0.002465 Val_MSE: 0.002463 | Loss: 0.003141
2025-12-05 16:57:31,963 - /home/kantorkristof/git/neurips-polymer/II_Experiment-Molecule/GNN/GCN.py[line:226] - INFO: Epoch [207/1000] Train_MSE: 0.002494 Val_MSE: 0.002912 | Loss: 0.003610
2025-12-05 16:57:32,049 - /home/kantorkristof/git/neurips-polymer/II_Experiment-Molecule/GNN/GCN.py[line:226] - INFO: Epoch [208/1000] Train_MSE: 0.007078 Val_MSE: 0.007487 | Loss: 0.003051
2025-12-05 16:57:32,136 - /home/kantorkristof/git/neurips-polymer/II_Experiment-Molecule/GNN/GCN.py[line:226] - INFO: Epoch [209/1000] Train_MSE: 0.002214 Val_MSE: 0.002296 | Loss: 0.002762
2025-12-05 16:57:32,223 - /home/kantorkristof/git/neurips-polymer/II_Experiment-Molecule/GNN/GCN.py[line:226] - INFO: Epoch [210/1000] Train_MSE: 0.003981 Val_MSE: 0.003897 | Loss: 0.003496
2025-12-05 16:57:32,314 - /home/kantorkristof/git/neurips-polymer/II_Experiment-Molecule/GNN/GCN.py[line:226] - INFO: Epoch [211/1000] Train_MSE: 0.002013 Val_MSE: 0.002418 | Loss: 0.003357
2025-12-05 16:57:32,404 - /home/kantorkristof/git/neurips-polymer/II_Experiment-Molecule/GNN/GCN.py[line:226] - INFO: Epoch [212/1000] Train_MSE: 0.001948 Val_MSE: 0.002336 | Loss: 0.002880
2025-12-05 16:57:32,491 - /home/kantorkristof/git/neurips-polymer/II_Experiment-Molecule/GNN/GCN.py[line:226] - INFO: Epoch [213/1000] Train_MSE: 0.001902 Val_MSE: 0.002030 | Loss: 0.003172
2025-12-05 16:57:32,580 - /home/kantorkristof/git/neurips-polymer/II_Experiment-Molecule/GNN/GCN.py[line:226] - INFO: Epoch [214/1000] Train_MSE: 0.002738 Val_MSE: 0.002734 | Loss: 0.003657
2025-12-05 16:57:32,665 - /home/kantorkristof/git/neurips-polymer/II_Experiment-Molecule/GNN/GCN.py[line:226] - INFO: Epoch [215/1000] Train_MSE: 0.004610 Val_MSE: 0.004639 | Loss: 0.003090
2025-12-05 16:57:32,752 - /home/kantorkristof/git/neurips-polymer/II_Experiment-Molecule/GNN/GCN.py[line:226] - INFO: Epoch [216/1000] Train_MSE: 0.002395 Val_MSE: 0.002334 | Loss: 0.002436
2025-12-05 16:57:32,863 - /home/kantorkristof/git/neurips-polymer/II_Experiment-Molecule/GNN/GCN.py[line:226] - INFO: Epoch [217/1000] Train_MSE: 0.001994 Val_MSE: 0.002394 | Loss: 0.002665
2025-12-05 16:57:32,951 - /home/kantorkristof/git/neurips-polymer/II_Experiment-Molecule/GNN/GCN.py[line:226] - INFO: Epoch [218/1000] Train_MSE: 0.002359 Val_MSE: 0.002589 | Loss: 0.002173
2025-12-05 16:57:33,039 - /home/kantorkristof/git/neurips-polymer/II_Experiment-Molecule/GNN/GCN.py[line:226] - INFO: Epoch [219/1000] Train_MSE: 0.001667 Val_MSE: 0.002191 | Loss: 0.002629
2025-12-05 16:57:33,134 - /home/kantorkristof/git/neurips-polymer/II_Experiment-Molecule/GNN/GCN.py[line:226] - INFO: Epoch [220/1000] Train_MSE: 0.003239 Val_MSE: 0.003660 | Loss: 0.002636
2025-12-05 16:57:33,225 - /home/kantorkristof/git/neurips-polymer/II_Experiment-Molecule/GNN/GCN.py[line:226] - INFO: Epoch [221/1000] Train_MSE: 0.003234 Val_MSE: 0.003209 | Loss: 0.002601
2025-12-05 16:57:33,314 - /home/kantorkristof/git/neurips-polymer/II_Experiment-Molecule/GNN/GCN.py[line:226] - INFO: Epoch [222/1000] Train_MSE: 0.001519 Val_MSE: 0.001988 | Loss: 0.002588
2025-12-05 16:57:33,405 - /home/kantorkristof/git/neurips-polymer/II_Experiment-Molecule/GNN/GCN.py[line:226] - INFO: Epoch [223/1000] Train_MSE: 0.001720 Val_MSE: 0.002092 | Loss: 0.002382
2025-12-05 16:57:33,507 - /home/kantorkristof/git/neurips-polymer/II_Experiment-Molecule/GNN/GCN.py[line:226] - INFO: Epoch [224/1000] Train_MSE: 0.003849 Val_MSE: 0.004103 | Loss: 0.003036
2025-12-05 16:57:33,587 - /home/kantorkristof/git/neurips-polymer/II_Experiment-Molecule/GNN/GCN.py[line:226] - INFO: Epoch [225/1000] Train_MSE: 0.004821 Val_MSE: 0.004738 | Loss: 0.002939
2025-12-05 16:57:33,668 - /home/kantorkristof/git/neurips-polymer/II_Experiment-Molecule/GNN/GCN.py[line:226] - INFO: Epoch [226/1000] Train_MSE: 0.002150 Val_MSE: 0.002466 | Loss: 0.002407
2025-12-05 16:57:33,755 - /home/kantorkristof/git/neurips-polymer/II_Experiment-Molecule/GNN/GCN.py[line:226] - INFO: Epoch [227/1000] Train_MSE: 0.001655 Val_MSE: 0.002033 | Loss: 0.002781
2025-12-05 16:57:33,839 - /home/kantorkristof/git/neurips-polymer/II_Experiment-Molecule/GNN/GCN.py[line:226] - INFO: Epoch [228/1000] Train_MSE: 0.001797 Val_MSE: 0.002155 | Loss: 0.002603
2025-12-05 16:57:33,934 - /home/kantorkristof/git/neurips-polymer/II_Experiment-Molecule/GNN/GCN.py[line:226] - INFO: Epoch [229/1000] Train_MSE: 0.003025 Val_MSE: 0.003257 | Loss: 0.002689
2025-12-05 16:57:34,023 - /home/kantorkristof/git/neurips-polymer/II_Experiment-Molecule/GNN/GCN.py[line:226] - INFO: Epoch [230/1000] Train_MSE: 0.001868 Val_MSE: 0.002634 | Loss: 0.003463
2025-12-05 16:57:34,108 - /home/kantorkristof/git/neurips-polymer/II_Experiment-Molecule/GNN/GCN.py[line:226] - INFO: Epoch [231/1000] Train_MSE: 0.001847 Val_MSE: 0.002425 | Loss: 0.002361
2025-12-05 16:57:34,194 - /home/kantorkristof/git/neurips-polymer/II_Experiment-Molecule/GNN/GCN.py[line:226] - INFO: Epoch [232/1000] Train_MSE: 0.002542 Val_MSE: 0.002838 | Loss: 0.003168
2025-12-05 16:57:34,282 - /home/kantorkristof/git/neurips-polymer/II_Experiment-Molecule/GNN/GCN.py[line:226] - INFO: Epoch [233/1000] Train_MSE: 0.003751 Val_MSE: 0.004240 | Loss: 0.003818
2025-12-05 16:57:34,367 - /home/kantorkristof/git/neurips-polymer/II_Experiment-Molecule/GNN/GCN.py[line:226] - INFO: Epoch [234/1000] Train_MSE: 0.003439 Val_MSE: 0.003793 | Loss: 0.002756
2025-12-05 16:57:34,455 - /home/kantorkristof/git/neurips-polymer/II_Experiment-Molecule/GNN/GCN.py[line:226] - INFO: Epoch [235/1000] Train_MSE: 0.001781 Val_MSE: 0.002250 | Loss: 0.002604
2025-12-05 16:57:34,539 - /home/kantorkristof/git/neurips-polymer/II_Experiment-Molecule/GNN/GCN.py[line:226] - INFO: Epoch [236/1000] Train_MSE: 0.001991 Val_MSE: 0.002530 | Loss: 0.002043
2025-12-05 16:57:34,621 - /home/kantorkristof/git/neurips-polymer/II_Experiment-Molecule/GNN/GCN.py[line:226] - INFO: Epoch [237/1000] Train_MSE: 0.002302 Val_MSE: 0.002496 | Loss: 0.002943
2025-12-05 16:57:34,703 - /home/kantorkristof/git/neurips-polymer/II_Experiment-Molecule/GNN/GCN.py[line:226] - INFO: Epoch [238/1000] Train_MSE: 0.002274 Val_MSE: 0.002456 | Loss: 0.003176
2025-12-05 16:57:34,786 - /home/kantorkristof/git/neurips-polymer/II_Experiment-Molecule/GNN/GCN.py[line:226] - INFO: Epoch [239/1000] Train_MSE: 0.003568 Val_MSE: 0.003757 | Loss: 0.002375
2025-12-05 16:57:34,866 - /home/kantorkristof/git/neurips-polymer/II_Experiment-Molecule/GNN/GCN.py[line:226] - INFO: Epoch [240/1000] Train_MSE: 0.003702 Val_MSE: 0.003500 | Loss: 0.002889
2025-12-05 16:57:34,949 - /home/kantorkristof/git/neurips-polymer/II_Experiment-Molecule/GNN/GCN.py[line:226] - INFO: Epoch [241/1000] Train_MSE: 0.002006 Val_MSE: 0.002624 | Loss: 0.002831
2025-12-05 16:57:35,030 - /home/kantorkristof/git/neurips-polymer/II_Experiment-Molecule/GNN/GCN.py[line:226] - INFO: Epoch [242/1000] Train_MSE: 0.002004 Val_MSE: 0.002665 | Loss: 0.002997
2025-12-05 16:57:35,115 - /home/kantorkristof/git/neurips-polymer/II_Experiment-Molecule/GNN/GCN.py[line:226] - INFO: Epoch [243/1000] Train_MSE: 0.004058 Val_MSE: 0.004426 | Loss: 0.002601
2025-12-05 16:57:35,199 - /home/kantorkristof/git/neurips-polymer/II_Experiment-Molecule/GNN/GCN.py[line:226] - INFO: Epoch [244/1000] Train_MSE: 0.002812 Val_MSE: 0.003212 | Loss: 0.002536
2025-12-05 16:57:35,283 - /home/kantorkristof/git/neurips-polymer/II_Experiment-Molecule/GNN/GCN.py[line:226] - INFO: Epoch [245/1000] Train_MSE: 0.002011 Val_MSE: 0.002659 | Loss: 0.002048
2025-12-05 16:57:35,368 - /home/kantorkristof/git/neurips-polymer/II_Experiment-Molecule/GNN/GCN.py[line:226] - INFO: Epoch [246/1000] Train_MSE: 0.001556 Val_MSE: 0.002081 | Loss: 0.003307
2025-12-05 16:57:35,460 - /home/kantorkristof/git/neurips-polymer/II_Experiment-Molecule/GNN/GCN.py[line:226] - INFO: Epoch [247/1000] Train_MSE: 0.003800 Val_MSE: 0.003896 | Loss: 0.002960
2025-12-05 16:57:35,559 - /home/kantorkristof/git/neurips-polymer/II_Experiment-Molecule/GNN/GCN.py[line:226] - INFO: Epoch [248/1000] Train_MSE: 0.001666 Val_MSE: 0.002208 | Loss: 0.002574
2025-12-05 16:57:35,645 - /home/kantorkristof/git/neurips-polymer/II_Experiment-Molecule/GNN/GCN.py[line:226] - INFO: Epoch [249/1000] Train_MSE: 0.002125 Val_MSE: 0.002362 | Loss: 0.002255
2025-12-05 16:57:35,729 - /home/kantorkristof/git/neurips-polymer/II_Experiment-Molecule/GNN/GCN.py[line:226] - INFO: Epoch [250/1000] Train_MSE: 0.001446 Val_MSE: 0.002075 | Loss: 0.002279
2025-12-05 16:57:35,843 - /home/kantorkristof/git/neurips-polymer/II_Experiment-Molecule/GNN/GCN.py[line:226] - INFO: Epoch [251/1000] Train_MSE: 0.002246 Val_MSE: 0.002312 | Loss: 0.002521
2025-12-05 16:57:35,953 - /home/kantorkristof/git/neurips-polymer/II_Experiment-Molecule/GNN/GCN.py[line:226] - INFO: Epoch [252/1000] Train_MSE: 0.002146 Val_MSE: 0.002632 | Loss: 0.002437
2025-12-05 16:57:36,071 - /home/kantorkristof/git/neurips-polymer/II_Experiment-Molecule/GNN/GCN.py[line:226] - INFO: Epoch [253/1000] Train_MSE: 0.001665 Val_MSE: 0.002035 | Loss: 0.002656
2025-12-05 16:57:36,175 - /home/kantorkristof/git/neurips-polymer/II_Experiment-Molecule/GNN/GCN.py[line:226] - INFO: Epoch [254/1000] Train_MSE: 0.001951 Val_MSE: 0.002326 | Loss: 0.002292
2025-12-05 16:57:36,266 - /home/kantorkristof/git/neurips-polymer/II_Experiment-Molecule/GNN/GCN.py[line:226] - INFO: Epoch [255/1000] Train_MSE: 0.001772 Val_MSE: 0.002453 | Loss: 0.002372
2025-12-05 16:57:36,351 - /home/kantorkristof/git/neurips-polymer/II_Experiment-Molecule/GNN/GCN.py[line:226] - INFO: Epoch [256/1000] Train_MSE: 0.002828 Val_MSE: 0.003380 | Loss: 0.002171
2025-12-05 16:57:36,443 - /home/kantorkristof/git/neurips-polymer/II_Experiment-Molecule/GNN/GCN.py[line:226] - INFO: Epoch [257/1000] Train_MSE: 0.004116 Val_MSE: 0.004508 | Loss: 0.002459
2025-12-05 16:57:36,554 - /home/kantorkristof/git/neurips-polymer/II_Experiment-Molecule/GNN/GCN.py[line:226] - INFO: Epoch [258/1000] Train_MSE: 0.002915 Val_MSE: 0.003384 | Loss: 0.002527
2025-12-05 16:57:36,638 - /home/kantorkristof/git/neurips-polymer/II_Experiment-Molecule/GNN/GCN.py[line:226] - INFO: Epoch [259/1000] Train_MSE: 0.002603 Val_MSE: 0.003286 | Loss: 0.002574
2025-12-05 16:57:36,726 - /home/kantorkristof/git/neurips-polymer/II_Experiment-Molecule/GNN/GCN.py[line:226] - INFO: Epoch [260/1000] Train_MSE: 0.001528 Val_MSE: 0.002172 | Loss: 0.002628
2025-12-05 16:57:36,842 - /home/kantorkristof/git/neurips-polymer/II_Experiment-Molecule/GNN/GCN.py[line:226] - INFO: Epoch [261/1000] Train_MSE: 0.002244 Val_MSE: 0.003409 | Loss: 0.002229
2025-12-05 16:57:36,942 - /home/kantorkristof/git/neurips-polymer/II_Experiment-Molecule/GNN/GCN.py[line:226] - INFO: Epoch [262/1000] Train_MSE: 0.002673 Val_MSE: 0.002969 | Loss: 0.002940
2025-12-05 16:57:37,039 - /home/kantorkristof/git/neurips-polymer/II_Experiment-Molecule/GNN/GCN.py[line:226] - INFO: Epoch [263/1000] Train_MSE: 0.007720 Val_MSE: 0.007795 | Loss: 0.002535
2025-12-05 16:57:37,123 - /home/kantorkristof/git/neurips-polymer/II_Experiment-Molecule/GNN/GCN.py[line:226] - INFO: Epoch [264/1000] Train_MSE: 0.001722 Val_MSE: 0.002031 | Loss: 0.002594
2025-12-05 16:57:37,216 - /home/kantorkristof/git/neurips-polymer/II_Experiment-Molecule/GNN/GCN.py[line:226] - INFO: Epoch [265/1000] Train_MSE: 0.002008 Val_MSE: 0.002512 | Loss: 0.002497
2025-12-05 16:57:37,343 - /home/kantorkristof/git/neurips-polymer/II_Experiment-Molecule/GNN/GCN.py[line:226] - INFO: Epoch [266/1000] Train_MSE: 0.001897 Val_MSE: 0.002322 | Loss: 0.002598
2025-12-05 16:57:37,434 - /home/kantorkristof/git/neurips-polymer/II_Experiment-Molecule/GNN/GCN.py[line:226] - INFO: Epoch [267/1000] Train_MSE: 0.005573 Val_MSE: 0.005576 | Loss: 0.003468
2025-12-05 16:57:37,521 - /home/kantorkristof/git/neurips-polymer/II_Experiment-Molecule/GNN/GCN.py[line:226] - INFO: Epoch [268/1000] Train_MSE: 0.001866 Val_MSE: 0.002018 | Loss: 0.002698
2025-12-05 16:57:37,615 - /home/kantorkristof/git/neurips-polymer/II_Experiment-Molecule/GNN/GCN.py[line:226] - INFO: Epoch [269/1000] Train_MSE: 0.002472 Val_MSE: 0.002854 | Loss: 0.002146
2025-12-05 16:57:37,699 - /home/kantorkristof/git/neurips-polymer/II_Experiment-Molecule/GNN/GCN.py[line:226] - INFO: Epoch [270/1000] Train_MSE: 0.003873 Val_MSE: 0.004050 | Loss: 0.002125
2025-12-05 16:57:37,785 - /home/kantorkristof/git/neurips-polymer/II_Experiment-Molecule/GNN/GCN.py[line:226] - INFO: Epoch [271/1000] Train_MSE: 0.001686 Val_MSE: 0.002304 | Loss: 0.002121
2025-12-05 16:57:37,872 - /home/kantorkristof/git/neurips-polymer/II_Experiment-Molecule/GNN/GCN.py[line:226] - INFO: Epoch [272/1000] Train_MSE: 0.001384 Val_MSE: 0.001880 | Loss: 0.002025
2025-12-05 16:57:37,875 - /home/kantorkristof/git/neurips-polymer/II_Experiment-Molecule/GNN/GCN.py[line:236] - INFO: Best model saved at epoch 272 with val_mse 0.001880
2025-12-05 16:57:37,960 - /home/kantorkristof/git/neurips-polymer/II_Experiment-Molecule/GNN/GCN.py[line:226] - INFO: Epoch [273/1000] Train_MSE: 0.001345 Val_MSE: 0.001996 | Loss: 0.001633
2025-12-05 16:57:38,046 - /home/kantorkristof/git/neurips-polymer/II_Experiment-Molecule/GNN/GCN.py[line:226] - INFO: Epoch [274/1000] Train_MSE: 0.002623 Val_MSE: 0.003125 | Loss: 0.002137
2025-12-05 16:57:38,131 - /home/kantorkristof/git/neurips-polymer/II_Experiment-Molecule/GNN/GCN.py[line:226] - INFO: Epoch [275/1000] Train_MSE: 0.001548 Val_MSE: 0.002084 | Loss: 0.002557
2025-12-05 16:57:38,217 - /home/kantorkristof/git/neurips-polymer/II_Experiment-Molecule/GNN/GCN.py[line:226] - INFO: Epoch [276/1000] Train_MSE: 0.002611 Val_MSE: 0.003100 | Loss: 0.002887
2025-12-05 16:57:38,301 - /home/kantorkristof/git/neurips-polymer/II_Experiment-Molecule/GNN/GCN.py[line:226] - INFO: Epoch [277/1000] Train_MSE: 0.003171 Val_MSE: 0.003661 | Loss: 0.002461
2025-12-05 16:57:38,385 - /home/kantorkristof/git/neurips-polymer/II_Experiment-Molecule/GNN/GCN.py[line:226] - INFO: Epoch [278/1000] Train_MSE: 0.002178 Val_MSE: 0.002780 | Loss: 0.002698
2025-12-05 16:57:38,476 - /home/kantorkristof/git/neurips-polymer/II_Experiment-Molecule/GNN/GCN.py[line:226] - INFO: Epoch [279/1000] Train_MSE: 0.001618 Val_MSE: 0.002533 | Loss: 0.001626
2025-12-05 16:57:38,561 - /home/kantorkristof/git/neurips-polymer/II_Experiment-Molecule/GNN/GCN.py[line:226] - INFO: Epoch [280/1000] Train_MSE: 0.004964 Val_MSE: 0.005551 | Loss: 0.002962
2025-12-05 16:57:38,646 - /home/kantorkristof/git/neurips-polymer/II_Experiment-Molecule/GNN/GCN.py[line:226] - INFO: Epoch [281/1000] Train_MSE: 0.002033 Val_MSE: 0.002755 | Loss: 0.003515
2025-12-05 16:57:38,735 - /home/kantorkristof/git/neurips-polymer/II_Experiment-Molecule/GNN/GCN.py[line:226] - INFO: Epoch [282/1000] Train_MSE: 0.002568 Val_MSE: 0.003308 | Loss: 0.003013
2025-12-05 16:57:38,822 - /home/kantorkristof/git/neurips-polymer/II_Experiment-Molecule/GNN/GCN.py[line:226] - INFO: Epoch [283/1000] Train_MSE: 0.001964 Val_MSE: 0.002536 | Loss: 0.003005
2025-12-05 16:57:38,908 - /home/kantorkristof/git/neurips-polymer/II_Experiment-Molecule/GNN/GCN.py[line:226] - INFO: Epoch [284/1000] Train_MSE: 0.006902 Val_MSE: 0.007477 | Loss: 0.003199
2025-12-05 16:57:38,996 - /home/kantorkristof/git/neurips-polymer/II_Experiment-Molecule/GNN/GCN.py[line:226] - INFO: Epoch [285/1000] Train_MSE: 0.002375 Val_MSE: 0.002741 | Loss: 0.002667
2025-12-05 16:57:39,083 - /home/kantorkristof/git/neurips-polymer/II_Experiment-Molecule/GNN/GCN.py[line:226] - INFO: Epoch [286/1000] Train_MSE: 0.001952 Val_MSE: 0.002494 | Loss: 0.001973
2025-12-05 16:57:39,172 - /home/kantorkristof/git/neurips-polymer/II_Experiment-Molecule/GNN/GCN.py[line:226] - INFO: Epoch [287/1000] Train_MSE: 0.001909 Val_MSE: 0.002501 | Loss: 0.001659
2025-12-05 16:57:39,257 - /home/kantorkristof/git/neurips-polymer/II_Experiment-Molecule/GNN/GCN.py[line:226] - INFO: Epoch [288/1000] Train_MSE: 0.001430 Val_MSE: 0.002010 | Loss: 0.001787
2025-12-05 16:57:39,353 - /home/kantorkristof/git/neurips-polymer/II_Experiment-Molecule/GNN/GCN.py[line:226] - INFO: Epoch [289/1000] Train_MSE: 0.002243 Val_MSE: 0.002789 | Loss: 0.002233
2025-12-05 16:57:39,442 - /home/kantorkristof/git/neurips-polymer/II_Experiment-Molecule/GNN/GCN.py[line:226] - INFO: Epoch [290/1000] Train_MSE: 0.008045 Val_MSE: 0.008365 | Loss: 0.002737
2025-12-05 16:57:39,526 - /home/kantorkristof/git/neurips-polymer/II_Experiment-Molecule/GNN/GCN.py[line:226] - INFO: Epoch [291/1000] Train_MSE: 0.005626 Val_MSE: 0.006189 | Loss: 0.002820
2025-12-05 16:57:39,612 - /home/kantorkristof/git/neurips-polymer/II_Experiment-Molecule/GNN/GCN.py[line:226] - INFO: Epoch [292/1000] Train_MSE: 0.001376 Val_MSE: 0.002121 | Loss: 0.002559
2025-12-05 16:57:39,705 - /home/kantorkristof/git/neurips-polymer/II_Experiment-Molecule/GNN/GCN.py[line:226] - INFO: Epoch [293/1000] Train_MSE: 0.001529 Val_MSE: 0.002315 | Loss: 0.002036
2025-12-05 16:57:39,790 - /home/kantorkristof/git/neurips-polymer/II_Experiment-Molecule/GNN/GCN.py[line:226] - INFO: Epoch [294/1000] Train_MSE: 0.001976 Val_MSE: 0.002408 | Loss: 0.002611
2025-12-05 16:57:39,873 - /home/kantorkristof/git/neurips-polymer/II_Experiment-Molecule/GNN/GCN.py[line:226] - INFO: Epoch [295/1000] Train_MSE: 0.001314 Val_MSE: 0.002119 | Loss: 0.001971
2025-12-05 16:57:39,958 - /home/kantorkristof/git/neurips-polymer/II_Experiment-Molecule/GNN/GCN.py[line:226] - INFO: Epoch [296/1000] Train_MSE: 0.001636 Val_MSE: 0.002268 | Loss: 0.002249
2025-12-05 16:57:40,046 - /home/kantorkristof/git/neurips-polymer/II_Experiment-Molecule/GNN/GCN.py[line:226] - INFO: Epoch [297/1000] Train_MSE: 0.002454 Val_MSE: 0.002948 | Loss: 0.002413
2025-12-05 16:57:40,134 - /home/kantorkristof/git/neurips-polymer/II_Experiment-Molecule/GNN/GCN.py[line:226] - INFO: Epoch [298/1000] Train_MSE: 0.001305 Val_MSE: 0.002221 | Loss: 0.001997
2025-12-05 16:57:40,223 - /home/kantorkristof/git/neurips-polymer/II_Experiment-Molecule/GNN/GCN.py[line:226] - INFO: Epoch [299/1000] Train_MSE: 0.002164 Val_MSE: 0.002884 | Loss: 0.002231
2025-12-05 16:57:40,312 - /home/kantorkristof/git/neurips-polymer/II_Experiment-Molecule/GNN/GCN.py[line:226] - INFO: Epoch [300/1000] Train_MSE: 0.001478 Val_MSE: 0.002359 | Loss: 0.001984
2025-12-05 16:57:40,396 - /home/kantorkristof/git/neurips-polymer/II_Experiment-Molecule/GNN/GCN.py[line:226] - INFO: Epoch [301/1000] Train_MSE: 0.001887 Val_MSE: 0.002729 | Loss: 0.002072
2025-12-05 16:57:40,485 - /home/kantorkristof/git/neurips-polymer/II_Experiment-Molecule/GNN/GCN.py[line:226] - INFO: Epoch [302/1000] Train_MSE: 0.001203 Val_MSE: 0.002075 | Loss: 0.001923
2025-12-05 16:57:40,568 - /home/kantorkristof/git/neurips-polymer/II_Experiment-Molecule/GNN/GCN.py[line:226] - INFO: Epoch [303/1000] Train_MSE: 0.001758 Val_MSE: 0.002789 | Loss: 0.001820
2025-12-05 16:57:40,659 - /home/kantorkristof/git/neurips-polymer/II_Experiment-Molecule/GNN/GCN.py[line:226] - INFO: Epoch [304/1000] Train_MSE: 0.002035 Val_MSE: 0.003030 | Loss: 0.001767
2025-12-05 16:57:40,743 - /home/kantorkristof/git/neurips-polymer/II_Experiment-Molecule/GNN/GCN.py[line:226] - INFO: Epoch [305/1000] Train_MSE: 0.002480 Val_MSE: 0.003617 | Loss: 0.001903
2025-12-05 16:57:40,830 - /home/kantorkristof/git/neurips-polymer/II_Experiment-Molecule/GNN/GCN.py[line:226] - INFO: Epoch [306/1000] Train_MSE: 0.001565 Val_MSE: 0.002701 | Loss: 0.001949
2025-12-05 16:57:40,916 - /home/kantorkristof/git/neurips-polymer/II_Experiment-Molecule/GNN/GCN.py[line:226] - INFO: Epoch [307/1000] Train_MSE: 0.001358 Val_MSE: 0.002301 | Loss: 0.001874
2025-12-05 16:57:41,002 - /home/kantorkristof/git/neurips-polymer/II_Experiment-Molecule/GNN/GCN.py[line:226] - INFO: Epoch [308/1000] Train_MSE: 0.001807 Val_MSE: 0.002577 | Loss: 0.002306
2025-12-05 16:57:41,095 - /home/kantorkristof/git/neurips-polymer/II_Experiment-Molecule/GNN/GCN.py[line:226] - INFO: Epoch [309/1000] Train_MSE: 0.001285 Val_MSE: 0.002241 | Loss: 0.002027
2025-12-05 16:57:41,184 - /home/kantorkristof/git/neurips-polymer/II_Experiment-Molecule/GNN/GCN.py[line:226] - INFO: Epoch [310/1000] Train_MSE: 0.003631 Val_MSE: 0.004153 | Loss: 0.002115
2025-12-05 16:57:41,270 - /home/kantorkristof/git/neurips-polymer/II_Experiment-Molecule/GNN/GCN.py[line:226] - INFO: Epoch [311/1000] Train_MSE: 0.003225 Val_MSE: 0.003556 | Loss: 0.002115
2025-12-05 16:57:41,362 - /home/kantorkristof/git/neurips-polymer/II_Experiment-Molecule/GNN/GCN.py[line:226] - INFO: Epoch [312/1000] Train_MSE: 0.001630 Val_MSE: 0.002109 | Loss: 0.001964
2025-12-05 16:57:41,454 - /home/kantorkristof/git/neurips-polymer/II_Experiment-Molecule/GNN/GCN.py[line:226] - INFO: Epoch [313/1000] Train_MSE: 0.001368 Val_MSE: 0.001918 | Loss: 0.001720
2025-12-05 16:57:41,549 - /home/kantorkristof/git/neurips-polymer/II_Experiment-Molecule/GNN/GCN.py[line:226] - INFO: Epoch [314/1000] Train_MSE: 0.001689 Val_MSE: 0.002766 | Loss: 0.001957
2025-12-05 16:57:41,648 - /home/kantorkristof/git/neurips-polymer/II_Experiment-Molecule/GNN/GCN.py[line:226] - INFO: Epoch [315/1000] Train_MSE: 0.002054 Val_MSE: 0.002983 | Loss: 0.001623
2025-12-05 16:57:41,743 - /home/kantorkristof/git/neurips-polymer/II_Experiment-Molecule/GNN/GCN.py[line:226] - INFO: Epoch [316/1000] Train_MSE: 0.002503 Val_MSE: 0.003158 | Loss: 0.002078
2025-12-05 16:57:41,836 - /home/kantorkristof/git/neurips-polymer/II_Experiment-Molecule/GNN/GCN.py[line:226] - INFO: Epoch [317/1000] Train_MSE: 0.001417 Val_MSE: 0.002156 | Loss: 0.002114
2025-12-05 16:57:41,930 - /home/kantorkristof/git/neurips-polymer/II_Experiment-Molecule/GNN/GCN.py[line:226] - INFO: Epoch [318/1000] Train_MSE: 0.001313 Val_MSE: 0.002232 | Loss: 0.003157
2025-12-05 16:57:42,024 - /home/kantorkristof/git/neurips-polymer/II_Experiment-Molecule/GNN/GCN.py[line:226] - INFO: Epoch [319/1000] Train_MSE: 0.002014 Val_MSE: 0.002520 | Loss: 0.001812
2025-12-05 16:57:42,121 - /home/kantorkristof/git/neurips-polymer/II_Experiment-Molecule/GNN/GCN.py[line:226] - INFO: Epoch [320/1000] Train_MSE: 0.001193 Val_MSE: 0.002204 | Loss: 0.002213
2025-12-05 16:57:42,223 - /home/kantorkristof/git/neurips-polymer/II_Experiment-Molecule/GNN/GCN.py[line:226] - INFO: Epoch [321/1000] Train_MSE: 0.004048 Val_MSE: 0.003934 | Loss: 0.002198
2025-12-05 16:57:42,325 - /home/kantorkristof/git/neurips-polymer/II_Experiment-Molecule/GNN/GCN.py[line:226] - INFO: Epoch [322/1000] Train_MSE: 0.002578 Val_MSE: 0.002743 | Loss: 0.002956
2025-12-05 16:57:42,412 - /home/kantorkristof/git/neurips-polymer/II_Experiment-Molecule/GNN/GCN.py[line:226] - INFO: Epoch [323/1000] Train_MSE: 0.002278 Val_MSE: 0.002127 | Loss: 0.002963
2025-12-05 16:57:42,505 - /home/kantorkristof/git/neurips-polymer/II_Experiment-Molecule/GNN/GCN.py[line:226] - INFO: Epoch [324/1000] Train_MSE: 0.001408 Val_MSE: 0.002120 | Loss: 0.002592
2025-12-05 16:57:42,592 - /home/kantorkristof/git/neurips-polymer/II_Experiment-Molecule/GNN/GCN.py[line:226] - INFO: Epoch [325/1000] Train_MSE: 0.001711 Val_MSE: 0.002519 | Loss: 0.001858
2025-12-05 16:57:42,680 - /home/kantorkristof/git/neurips-polymer/II_Experiment-Molecule/GNN/GCN.py[line:226] - INFO: Epoch [326/1000] Train_MSE: 0.003641 Val_MSE: 0.004457 | Loss: 0.001788
2025-12-05 16:57:42,779 - /home/kantorkristof/git/neurips-polymer/II_Experiment-Molecule/GNN/GCN.py[line:226] - INFO: Epoch [327/1000] Train_MSE: 0.001829 Val_MSE: 0.002353 | Loss: 0.001684
2025-12-05 16:57:42,860 - /home/kantorkristof/git/neurips-polymer/II_Experiment-Molecule/GNN/GCN.py[line:226] - INFO: Epoch [328/1000] Train_MSE: 0.002350 Val_MSE: 0.003239 | Loss: 0.002061
2025-12-05 16:57:42,941 - /home/kantorkristof/git/neurips-polymer/II_Experiment-Molecule/GNN/GCN.py[line:226] - INFO: Epoch [329/1000] Train_MSE: 0.001286 Val_MSE: 0.002248 | Loss: 0.001861
2025-12-05 16:57:43,030 - /home/kantorkristof/git/neurips-polymer/II_Experiment-Molecule/GNN/GCN.py[line:226] - INFO: Epoch [330/1000] Train_MSE: 0.002200 Val_MSE: 0.002951 | Loss: 0.001769
2025-12-05 16:57:43,116 - /home/kantorkristof/git/neurips-polymer/II_Experiment-Molecule/GNN/GCN.py[line:226] - INFO: Epoch [331/1000] Train_MSE: 0.001208 Val_MSE: 0.002108 | Loss: 0.001965
2025-12-05 16:57:43,209 - /home/kantorkristof/git/neurips-polymer/II_Experiment-Molecule/GNN/GCN.py[line:226] - INFO: Epoch [332/1000] Train_MSE: 0.002268 Val_MSE: 0.003207 | Loss: 0.001987
2025-12-05 16:57:43,292 - /home/kantorkristof/git/neurips-polymer/II_Experiment-Molecule/GNN/GCN.py[line:226] - INFO: Epoch [333/1000] Train_MSE: 0.001836 Val_MSE: 0.002268 | Loss: 0.002403
2025-12-05 16:57:43,381 - /home/kantorkristof/git/neurips-polymer/II_Experiment-Molecule/GNN/GCN.py[line:226] - INFO: Epoch [334/1000] Train_MSE: 0.003479 Val_MSE: 0.004117 | Loss: 0.003520
2025-12-05 16:57:43,468 - /home/kantorkristof/git/neurips-polymer/II_Experiment-Molecule/GNN/GCN.py[line:226] - INFO: Epoch [335/1000] Train_MSE: 0.007514 Val_MSE: 0.008746 | Loss: 0.001954
2025-12-05 16:57:43,557 - /home/kantorkristof/git/neurips-polymer/II_Experiment-Molecule/GNN/GCN.py[line:226] - INFO: Epoch [336/1000] Train_MSE: 0.001305 Val_MSE: 0.002046 | Loss: 0.002555
2025-12-05 16:57:43,646 - /home/kantorkristof/git/neurips-polymer/II_Experiment-Molecule/GNN/GCN.py[line:226] - INFO: Epoch [337/1000] Train_MSE: 0.002935 Val_MSE: 0.003762 | Loss: 0.002283
2025-12-05 16:57:43,739 - /home/kantorkristof/git/neurips-polymer/II_Experiment-Molecule/GNN/GCN.py[line:226] - INFO: Epoch [338/1000] Train_MSE: 0.001241 Val_MSE: 0.001998 | Loss: 0.002375
2025-12-05 16:57:43,828 - /home/kantorkristof/git/neurips-polymer/II_Experiment-Molecule/GNN/GCN.py[line:226] - INFO: Epoch [339/1000] Train_MSE: 0.001369 Val_MSE: 0.002264 | Loss: 0.001505
2025-12-05 16:57:43,923 - /home/kantorkristof/git/neurips-polymer/II_Experiment-Molecule/GNN/GCN.py[line:226] - INFO: Epoch [340/1000] Train_MSE: 0.002091 Val_MSE: 0.002957 | Loss: 0.001748
2025-12-05 16:57:44,022 - /home/kantorkristof/git/neurips-polymer/II_Experiment-Molecule/GNN/GCN.py[line:226] - INFO: Epoch [341/1000] Train_MSE: 0.001401 Val_MSE: 0.002331 | Loss: 0.001390
2025-12-05 16:57:44,105 - /home/kantorkristof/git/neurips-polymer/II_Experiment-Molecule/GNN/GCN.py[line:226] - INFO: Epoch [342/1000] Train_MSE: 0.001279 Val_MSE: 0.002141 | Loss: 0.001630
2025-12-05 16:57:44,200 - /home/kantorkristof/git/neurips-polymer/II_Experiment-Molecule/GNN/GCN.py[line:226] - INFO: Epoch [343/1000] Train_MSE: 0.001394 Val_MSE: 0.002245 | Loss: 0.001247
2025-12-05 16:57:44,301 - /home/kantorkristof/git/neurips-polymer/II_Experiment-Molecule/GNN/GCN.py[line:226] - INFO: Epoch [344/1000] Train_MSE: 0.001683 Val_MSE: 0.002780 | Loss: 0.001555
2025-12-05 16:57:44,388 - /home/kantorkristof/git/neurips-polymer/II_Experiment-Molecule/GNN/GCN.py[line:226] - INFO: Epoch [345/1000] Train_MSE: 0.002679 Val_MSE: 0.003895 | Loss: 0.002096
2025-12-05 16:57:44,477 - /home/kantorkristof/git/neurips-polymer/II_Experiment-Molecule/GNN/GCN.py[line:226] - INFO: Epoch [346/1000] Train_MSE: 0.005393 Val_MSE: 0.005934 | Loss: 0.002935
2025-12-05 16:57:44,569 - /home/kantorkristof/git/neurips-polymer/II_Experiment-Molecule/GNN/GCN.py[line:226] - INFO: Epoch [347/1000] Train_MSE: 0.001372 Val_MSE: 0.002203 | Loss: 0.002532
2025-12-05 16:57:44,654 - /home/kantorkristof/git/neurips-polymer/II_Experiment-Molecule/GNN/GCN.py[line:226] - INFO: Epoch [348/1000] Train_MSE: 0.002138 Val_MSE: 0.003383 | Loss: 0.001906
2025-12-05 16:57:44,738 - /home/kantorkristof/git/neurips-polymer/II_Experiment-Molecule/GNN/GCN.py[line:226] - INFO: Epoch [349/1000] Train_MSE: 0.001001 Val_MSE: 0.002157 | Loss: 0.001823
2025-12-05 16:57:44,822 - /home/kantorkristof/git/neurips-polymer/II_Experiment-Molecule/GNN/GCN.py[line:226] - INFO: Epoch [350/1000] Train_MSE: 0.001243 Val_MSE: 0.002156 | Loss: 0.001332
2025-12-05 16:57:44,909 - /home/kantorkristof/git/neurips-polymer/II_Experiment-Molecule/GNN/GCN.py[line:226] - INFO: Epoch [351/1000] Train_MSE: 0.003864 Val_MSE: 0.004572 | Loss: 0.002368
2025-12-05 16:57:44,994 - /home/kantorkristof/git/neurips-polymer/II_Experiment-Molecule/GNN/GCN.py[line:226] - INFO: Epoch [352/1000] Train_MSE: 0.001314 Val_MSE: 0.002180 | Loss: 0.001677
2025-12-05 16:57:45,077 - /home/kantorkristof/git/neurips-polymer/II_Experiment-Molecule/GNN/GCN.py[line:226] - INFO: Epoch [353/1000] Train_MSE: 0.003537 Val_MSE: 0.004800 | Loss: 0.002643
2025-12-05 16:57:45,169 - /home/kantorkristof/git/neurips-polymer/II_Experiment-Molecule/GNN/GCN.py[line:226] - INFO: Epoch [354/1000] Train_MSE: 0.001850 Val_MSE: 0.002204 | Loss: 0.004530
2025-12-05 16:57:45,253 - /home/kantorkristof/git/neurips-polymer/II_Experiment-Molecule/GNN/GCN.py[line:226] - INFO: Epoch [355/1000] Train_MSE: 0.001629 Val_MSE: 0.002417 | Loss: 0.003524
2025-12-05 16:57:45,342 - /home/kantorkristof/git/neurips-polymer/II_Experiment-Molecule/GNN/GCN.py[line:226] - INFO: Epoch [356/1000] Train_MSE: 0.002636 Val_MSE: 0.003654 | Loss: 0.002372
2025-12-05 16:57:45,430 - /home/kantorkristof/git/neurips-polymer/II_Experiment-Molecule/GNN/GCN.py[line:226] - INFO: Epoch [357/1000] Train_MSE: 0.001485 Val_MSE: 0.002206 | Loss: 0.001603
2025-12-05 16:57:45,514 - /home/kantorkristof/git/neurips-polymer/II_Experiment-Molecule/GNN/GCN.py[line:226] - INFO: Epoch [358/1000] Train_MSE: 0.002259 Val_MSE: 0.002848 | Loss: 0.001597
2025-12-05 16:57:45,600 - /home/kantorkristof/git/neurips-polymer/II_Experiment-Molecule/GNN/GCN.py[line:226] - INFO: Epoch [359/1000] Train_MSE: 0.001333 Val_MSE: 0.002194 | Loss: 0.001731
2025-12-05 16:57:45,684 - /home/kantorkristof/git/neurips-polymer/II_Experiment-Molecule/GNN/GCN.py[line:226] - INFO: Epoch [360/1000] Train_MSE: 0.001161 Val_MSE: 0.002113 | Loss: 0.002118
2025-12-05 16:57:45,771 - /home/kantorkristof/git/neurips-polymer/II_Experiment-Molecule/GNN/GCN.py[line:226] - INFO: Epoch [361/1000] Train_MSE: 0.001136 Val_MSE: 0.002123 | Loss: 0.002045
2025-12-05 16:57:45,860 - /home/kantorkristof/git/neurips-polymer/II_Experiment-Molecule/GNN/GCN.py[line:226] - INFO: Epoch [362/1000] Train_MSE: 0.001053 Val_MSE: 0.001974 | Loss: 0.001835
2025-12-05 16:57:45,948 - /home/kantorkristof/git/neurips-polymer/II_Experiment-Molecule/GNN/GCN.py[line:226] - INFO: Epoch [363/1000] Train_MSE: 0.002181 Val_MSE: 0.002787 | Loss: 0.002354
2025-12-05 16:57:46,035 - /home/kantorkristof/git/neurips-polymer/II_Experiment-Molecule/GNN/GCN.py[line:226] - INFO: Epoch [364/1000] Train_MSE: 0.004034 Val_MSE: 0.003947 | Loss: 0.003595
2025-12-05 16:57:46,126 - /home/kantorkristof/git/neurips-polymer/II_Experiment-Molecule/GNN/GCN.py[line:226] - INFO: Epoch [365/1000] Train_MSE: 0.003531 Val_MSE: 0.003733 | Loss: 0.002593
2025-12-05 16:57:46,216 - /home/kantorkristof/git/neurips-polymer/II_Experiment-Molecule/GNN/GCN.py[line:226] - INFO: Epoch [366/1000] Train_MSE: 0.001977 Val_MSE: 0.002657 | Loss: 0.002289
2025-12-05 16:57:46,307 - /home/kantorkristof/git/neurips-polymer/II_Experiment-Molecule/GNN/GCN.py[line:226] - INFO: Epoch [367/1000] Train_MSE: 0.001554 Val_MSE: 0.002270 | Loss: 0.001868
2025-12-05 16:57:46,406 - /home/kantorkristof/git/neurips-polymer/II_Experiment-Molecule/GNN/GCN.py[line:226] - INFO: Epoch [368/1000] Train_MSE: 0.001939 Val_MSE: 0.002497 | Loss: 0.001796
2025-12-05 16:57:46,485 - /home/kantorkristof/git/neurips-polymer/II_Experiment-Molecule/GNN/GCN.py[line:226] - INFO: Epoch [369/1000] Train_MSE: 0.001444 Val_MSE: 0.002189 | Loss: 0.002905
2025-12-05 16:57:46,570 - /home/kantorkristof/git/neurips-polymer/II_Experiment-Molecule/GNN/GCN.py[line:226] - INFO: Epoch [370/1000] Train_MSE: 0.001863 Val_MSE: 0.002741 | Loss: 0.002818
2025-12-05 16:57:46,654 - /home/kantorkristof/git/neurips-polymer/II_Experiment-Molecule/GNN/GCN.py[line:226] - INFO: Epoch [371/1000] Train_MSE: 0.002761 Val_MSE: 0.003298 | Loss: 0.002378
2025-12-05 16:57:46,738 - /home/kantorkristof/git/neurips-polymer/II_Experiment-Molecule/GNN/GCN.py[line:226] - INFO: Epoch [372/1000] Train_MSE: 0.002184 Val_MSE: 0.002385 | Loss: 0.002284
2025-12-05 16:57:46,739 - /home/kantorkristof/git/neurips-polymer/II_Experiment-Molecule/GNN/GCN.py[line:246] - INFO: Early Stopping
2025-12-05 16:57:46,786 - /home/kantorkristof/git/neurips-polymer/II_Experiment-Molecule/GNN/GCN.py[line:258] - INFO: Best model Accuracy for Density, seed 42:
2025-12-05 16:57:46,786 - /home/kantorkristof/git/neurips-polymer/II_Experiment-Molecule/GNN/GCN.py[line:259] - INFO:   Train MSE: 0.001384
2025-12-05 16:57:46,786 - /home/kantorkristof/git/neurips-polymer/II_Experiment-Molecule/GNN/GCN.py[line:260] - INFO:   Val MSE:   0.001880
2025-12-05 16:57:46,786 - /home/kantorkristof/git/neurips-polymer/II_Experiment-Molecule/GNN/GCN.py[line:261] - INFO:   Test MSE:  0.002377
2025-12-05 16:57:46,786 - /home/kantorkristof/git/neurips-polymer/II_Experiment-Molecule/GNN/GCN.py[line:277] - INFO: 
=== Results for attribute Density ===
2025-12-05 16:57:46,786 - /home/kantorkristof/git/neurips-polymer/II_Experiment-Molecule/GNN/GCN.py[line:283] - INFO: Train MSE: 0.001384  Val MSE: 0.001880  Test MSE: 0.002377
