2025-12-03 17:18:18,422 - /home/kantorkristof/git/neurips-polymer/I_Experiment-Synthetic/GNN/DIR.py[line:335] - INFO: 
Model training started for property: I_Hardly_Biased_Base
2025-12-03 17:18:18,423 - /home/kantorkristof/git/neurips-polymer/I_Experiment-Synthetic/GNN/DIR.py[line:120] - INFO: 
+------------+-------+
| Parameter  | Value |
+------------+-------+
| cuda       | 5     |
+------------+-------+
| datadir    | data  |
+------------+-------+
| epoch      | 1000  |
+------------+-------+
| seed       | [42]  |
+------------+-------+
| channels   | 64    |
+------------+-------+
| pretrain   | 0     |
+------------+-------+
| alpha      | 1     |
+------------+-------+
| r          | 0.420 |
+------------+-------+
| batch_size | 1000  |
+------------+-------+
| net_lr     | 0.001 |
+------------+-------+
2025-12-03 17:18:18,425 - /home/kantorkristof/git/neurips-polymer/I_Experiment-Synthetic/GNN/DIR.py[line:340] - INFO: --- Starting training for I_Hardly_Biased_Base with seed 42 ---
2025-12-03 17:18:24,307 - /home/kantorkristof/git/neurips-polymer/I_Experiment-Synthetic/GNN/DIR.py[line:436] - INFO: Epoch [1/1000] Train_Acc: 0.6667 Val_Acc: 0.6667 | Total_Loss: 1.3810 Causal_Loss: 0.6898 DIR_Penalty: 0.000001 Spurious_Loss: 0.6912
2025-12-03 17:18:24,311 - /home/kantorkristof/git/neurips-polymer/I_Experiment-Synthetic/GNN/DIR.py[line:450] - INFO: Best model saved at epoch 1 with val_acc 0.6667
2025-12-03 17:18:28,994 - /home/kantorkristof/git/neurips-polymer/I_Experiment-Synthetic/GNN/DIR.py[line:436] - INFO: Epoch [2/1000] Train_Acc: 0.6667 Val_Acc: 0.6667 | Total_Loss: 1.3265 Causal_Loss: 0.6619 DIR_Penalty: 0.000004 Spurious_Loss: 0.6646
2025-12-03 17:18:33,657 - /home/kantorkristof/git/neurips-polymer/I_Experiment-Synthetic/GNN/DIR.py[line:436] - INFO: Epoch [3/1000] Train_Acc: 0.6667 Val_Acc: 0.6667 | Total_Loss: 1.2869 Causal_Loss: 0.6410 DIR_Penalty: 0.000012 Spurious_Loss: 0.6459
2025-12-03 17:18:38,447 - /home/kantorkristof/git/neurips-polymer/I_Experiment-Synthetic/GNN/DIR.py[line:436] - INFO: Epoch [4/1000] Train_Acc: 0.6667 Val_Acc: 0.6667 | Total_Loss: 1.2587 Causal_Loss: 0.6254 DIR_Penalty: 0.000031 Spurious_Loss: 0.6332
2025-12-03 17:18:43,091 - /home/kantorkristof/git/neurips-polymer/I_Experiment-Synthetic/GNN/DIR.py[line:436] - INFO: Epoch [5/1000] Train_Acc: 0.6667 Val_Acc: 0.6667 | Total_Loss: 1.2475 Causal_Loss: 0.6175 DIR_Penalty: 0.000079 Spurious_Loss: 0.6298
2025-12-03 17:18:47,715 - /home/kantorkristof/git/neurips-polymer/I_Experiment-Synthetic/GNN/DIR.py[line:436] - INFO: Epoch [6/1000] Train_Acc: 0.6667 Val_Acc: 0.6667 | Total_Loss: 1.2441 Causal_Loss: 0.6099 DIR_Penalty: 0.000298 Spurious_Loss: 0.6339
2025-12-03 17:18:52,348 - /home/kantorkristof/git/neurips-polymer/I_Experiment-Synthetic/GNN/DIR.py[line:436] - INFO: Epoch [7/1000] Train_Acc: 0.6667 Val_Acc: 0.6667 | Total_Loss: 1.2395 Causal_Loss: 0.6066 DIR_Penalty: 0.000341 Spurious_Loss: 0.6325
2025-12-03 17:18:57,021 - /home/kantorkristof/git/neurips-polymer/I_Experiment-Synthetic/GNN/DIR.py[line:436] - INFO: Epoch [8/1000] Train_Acc: 0.6667 Val_Acc: 0.6667 | Total_Loss: 1.2378 Causal_Loss: 0.6092 DIR_Penalty: 0.000193 Spurious_Loss: 0.6285
2025-12-03 17:19:01,647 - /home/kantorkristof/git/neurips-polymer/I_Experiment-Synthetic/GNN/DIR.py[line:436] - INFO: Epoch [9/1000] Train_Acc: 0.6667 Val_Acc: 0.6667 | Total_Loss: 1.2291 Causal_Loss: 0.6038 DIR_Penalty: 0.000239 Spurious_Loss: 0.6251
2025-12-03 17:19:06,281 - /home/kantorkristof/git/neurips-polymer/I_Experiment-Synthetic/GNN/DIR.py[line:436] - INFO: Epoch [10/1000] Train_Acc: 0.6667 Val_Acc: 0.6667 | Total_Loss: 1.2284 Causal_Loss: 0.6031 DIR_Penalty: 0.000247 Spurious_Loss: 0.6250
2025-12-03 17:19:10,874 - /home/kantorkristof/git/neurips-polymer/I_Experiment-Synthetic/GNN/DIR.py[line:436] - INFO: Epoch [11/1000] Train_Acc: 0.6667 Val_Acc: 0.6667 | Total_Loss: 1.2232 Causal_Loss: 0.5990 DIR_Penalty: 0.000315 Spurious_Loss: 0.6239
2025-12-03 17:19:15,456 - /home/kantorkristof/git/neurips-polymer/I_Experiment-Synthetic/GNN/DIR.py[line:436] - INFO: Epoch [12/1000] Train_Acc: 0.6667 Val_Acc: 0.6667 | Total_Loss: 1.2156 Causal_Loss: 0.5938 DIR_Penalty: 0.000391 Spurious_Loss: 0.6214
2025-12-03 17:19:20,046 - /home/kantorkristof/git/neurips-polymer/I_Experiment-Synthetic/GNN/DIR.py[line:436] - INFO: Epoch [13/1000] Train_Acc: 0.6693 Val_Acc: 0.6693 | Total_Loss: 1.2179 Causal_Loss: 0.5906 DIR_Penalty: 0.000667 Spurious_Loss: 0.6266
2025-12-03 17:19:20,050 - /home/kantorkristof/git/neurips-polymer/I_Experiment-Synthetic/GNN/DIR.py[line:450] - INFO: Best model saved at epoch 13 with val_acc 0.6693
2025-12-03 17:19:24,657 - /home/kantorkristof/git/neurips-polymer/I_Experiment-Synthetic/GNN/DIR.py[line:436] - INFO: Epoch [14/1000] Train_Acc: 0.6773 Val_Acc: 0.6733 | Total_Loss: 1.2183 Causal_Loss: 0.5932 DIR_Penalty: 0.000544 Spurious_Loss: 0.6245
2025-12-03 17:19:24,661 - /home/kantorkristof/git/neurips-polymer/I_Experiment-Synthetic/GNN/DIR.py[line:450] - INFO: Best model saved at epoch 14 with val_acc 0.6733
2025-12-03 17:19:29,301 - /home/kantorkristof/git/neurips-polymer/I_Experiment-Synthetic/GNN/DIR.py[line:436] - INFO: Epoch [15/1000] Train_Acc: 0.8307 Val_Acc: 0.8230 | Total_Loss: 1.2239 Causal_Loss: 0.5961 DIR_Penalty: 0.000496 Spurious_Loss: 0.6273
2025-12-03 17:19:29,305 - /home/kantorkristof/git/neurips-polymer/I_Experiment-Synthetic/GNN/DIR.py[line:450] - INFO: Best model saved at epoch 15 with val_acc 0.8230
2025-12-03 17:19:34,066 - /home/kantorkristof/git/neurips-polymer/I_Experiment-Synthetic/GNN/DIR.py[line:436] - INFO: Epoch [16/1000] Train_Acc: 0.8307 Val_Acc: 0.8230 | Total_Loss: 1.2140 Causal_Loss: 0.5972 DIR_Penalty: 0.000211 Spurious_Loss: 0.6166
2025-12-03 17:19:38,787 - /home/kantorkristof/git/neurips-polymer/I_Experiment-Synthetic/GNN/DIR.py[line:436] - INFO: Epoch [17/1000] Train_Acc: 0.8657 Val_Acc: 0.8663 | Total_Loss: 1.2130 Causal_Loss: 0.5940 DIR_Penalty: 0.000319 Spurious_Loss: 0.6187
2025-12-03 17:19:38,791 - /home/kantorkristof/git/neurips-polymer/I_Experiment-Synthetic/GNN/DIR.py[line:450] - INFO: Best model saved at epoch 17 with val_acc 0.8663
2025-12-03 17:19:43,550 - /home/kantorkristof/git/neurips-polymer/I_Experiment-Synthetic/GNN/DIR.py[line:436] - INFO: Epoch [18/1000] Train_Acc: 0.9813 Val_Acc: 0.9847 | Total_Loss: 1.2096 Causal_Loss: 0.5886 DIR_Penalty: 0.000511 Spurious_Loss: 0.6205
2025-12-03 17:19:43,555 - /home/kantorkristof/git/neurips-polymer/I_Experiment-Synthetic/GNN/DIR.py[line:450] - INFO: Best model saved at epoch 18 with val_acc 0.9847
2025-12-03 17:19:48,206 - /home/kantorkristof/git/neurips-polymer/I_Experiment-Synthetic/GNN/DIR.py[line:436] - INFO: Epoch [19/1000] Train_Acc: 0.9813 Val_Acc: 0.9847 | Total_Loss: 1.2097 Causal_Loss: 0.5880 DIR_Penalty: 0.000631 Spurious_Loss: 0.6211
2025-12-03 17:19:52,850 - /home/kantorkristof/git/neurips-polymer/I_Experiment-Synthetic/GNN/DIR.py[line:436] - INFO: Epoch [20/1000] Train_Acc: 0.9813 Val_Acc: 0.9847 | Total_Loss: 1.2051 Causal_Loss: 0.5796 DIR_Penalty: 0.001051 Spurious_Loss: 0.6244
2025-12-03 17:19:57,489 - /home/kantorkristof/git/neurips-polymer/I_Experiment-Synthetic/GNN/DIR.py[line:436] - INFO: Epoch [21/1000] Train_Acc: 0.9813 Val_Acc: 0.9847 | Total_Loss: 1.2077 Causal_Loss: 0.5825 DIR_Penalty: 0.001058 Spurious_Loss: 0.6242
2025-12-03 17:20:02,173 - /home/kantorkristof/git/neurips-polymer/I_Experiment-Synthetic/GNN/DIR.py[line:436] - INFO: Epoch [22/1000] Train_Acc: 0.9813 Val_Acc: 0.9847 | Total_Loss: 1.2106 Causal_Loss: 0.5817 DIR_Penalty: 0.001114 Spurious_Loss: 0.6278
2025-12-03 17:20:06,875 - /home/kantorkristof/git/neurips-polymer/I_Experiment-Synthetic/GNN/DIR.py[line:436] - INFO: Epoch [23/1000] Train_Acc: 0.9813 Val_Acc: 0.9847 | Total_Loss: 1.2067 Causal_Loss: 0.5796 DIR_Penalty: 0.001141 Spurious_Loss: 0.6259
2025-12-03 17:20:11,626 - /home/kantorkristof/git/neurips-polymer/I_Experiment-Synthetic/GNN/DIR.py[line:436] - INFO: Epoch [24/1000] Train_Acc: 0.9813 Val_Acc: 0.9847 | Total_Loss: 1.2040 Causal_Loss: 0.5784 DIR_Penalty: 0.001152 Spurious_Loss: 0.6245
2025-12-03 17:20:16,333 - /home/kantorkristof/git/neurips-polymer/I_Experiment-Synthetic/GNN/DIR.py[line:436] - INFO: Epoch [25/1000] Train_Acc: 0.9813 Val_Acc: 0.9847 | Total_Loss: 1.2064 Causal_Loss: 0.5822 DIR_Penalty: 0.000943 Spurious_Loss: 0.6233
2025-12-03 17:20:20,964 - /home/kantorkristof/git/neurips-polymer/I_Experiment-Synthetic/GNN/DIR.py[line:436] - INFO: Epoch [26/1000] Train_Acc: 0.9813 Val_Acc: 0.9847 | Total_Loss: 1.2007 Causal_Loss: 0.5762 DIR_Penalty: 0.001243 Spurious_Loss: 0.6232
2025-12-03 17:20:25,703 - /home/kantorkristof/git/neurips-polymer/I_Experiment-Synthetic/GNN/DIR.py[line:436] - INFO: Epoch [27/1000] Train_Acc: 0.9813 Val_Acc: 0.9847 | Total_Loss: 1.2012 Causal_Loss: 0.5719 DIR_Penalty: 0.001568 Spurious_Loss: 0.6278
2025-12-03 17:20:30,548 - /home/kantorkristof/git/neurips-polymer/I_Experiment-Synthetic/GNN/DIR.py[line:436] - INFO: Epoch [28/1000] Train_Acc: 0.9813 Val_Acc: 0.9847 | Total_Loss: 1.2126 Causal_Loss: 0.5900 DIR_Penalty: 0.000608 Spurious_Loss: 0.6220
2025-12-03 17:20:35,328 - /home/kantorkristof/git/neurips-polymer/I_Experiment-Synthetic/GNN/DIR.py[line:436] - INFO: Epoch [29/1000] Train_Acc: 0.9813 Val_Acc: 0.9847 | Total_Loss: 1.2053 Causal_Loss: 0.5817 DIR_Penalty: 0.000913 Spurious_Loss: 0.6227
2025-12-03 17:20:39,958 - /home/kantorkristof/git/neurips-polymer/I_Experiment-Synthetic/GNN/DIR.py[line:436] - INFO: Epoch [30/1000] Train_Acc: 0.9813 Val_Acc: 0.9847 | Total_Loss: 1.1982 Causal_Loss: 0.5828 DIR_Penalty: 0.000529 Spurious_Loss: 0.6149
2025-12-03 17:20:44,604 - /home/kantorkristof/git/neurips-polymer/I_Experiment-Synthetic/GNN/DIR.py[line:436] - INFO: Epoch [31/1000] Train_Acc: 0.9687 Val_Acc: 0.9763 | Total_Loss: 1.1951 Causal_Loss: 0.5820 DIR_Penalty: 0.000559 Spurious_Loss: 0.6126
2025-12-03 17:20:49,200 - /home/kantorkristof/git/neurips-polymer/I_Experiment-Synthetic/GNN/DIR.py[line:436] - INFO: Epoch [32/1000] Train_Acc: 0.9687 Val_Acc: 0.9763 | Total_Loss: 1.1995 Causal_Loss: 0.5791 DIR_Penalty: 0.000825 Spurious_Loss: 0.6196
2025-12-03 17:20:53,816 - /home/kantorkristof/git/neurips-polymer/I_Experiment-Synthetic/GNN/DIR.py[line:436] - INFO: Epoch [33/1000] Train_Acc: 0.9777 Val_Acc: 0.9830 | Total_Loss: 1.1992 Causal_Loss: 0.5743 DIR_Penalty: 0.001271 Spurious_Loss: 0.6237
2025-12-03 17:20:58,453 - /home/kantorkristof/git/neurips-polymer/I_Experiment-Synthetic/GNN/DIR.py[line:436] - INFO: Epoch [34/1000] Train_Acc: 0.9587 Val_Acc: 0.9673 | Total_Loss: 1.1908 Causal_Loss: 0.5718 DIR_Penalty: 0.001212 Spurious_Loss: 0.6178
2025-12-03 17:21:03,151 - /home/kantorkristof/git/neurips-polymer/I_Experiment-Synthetic/GNN/DIR.py[line:436] - INFO: Epoch [35/1000] Train_Acc: 0.9687 Val_Acc: 0.9763 | Total_Loss: 1.1957 Causal_Loss: 0.5774 DIR_Penalty: 0.000834 Spurious_Loss: 0.6175
2025-12-03 17:21:07,761 - /home/kantorkristof/git/neurips-polymer/I_Experiment-Synthetic/GNN/DIR.py[line:436] - INFO: Epoch [36/1000] Train_Acc: 0.9813 Val_Acc: 0.9847 | Total_Loss: 1.1915 Causal_Loss: 0.5787 DIR_Penalty: 0.000903 Spurious_Loss: 0.6118
2025-12-03 17:21:12,375 - /home/kantorkristof/git/neurips-polymer/I_Experiment-Synthetic/GNN/DIR.py[line:436] - INFO: Epoch [37/1000] Train_Acc: 0.9813 Val_Acc: 0.9847 | Total_Loss: 1.1981 Causal_Loss: 0.5817 DIR_Penalty: 0.000602 Spurious_Loss: 0.6158
2025-12-03 17:21:17,070 - /home/kantorkristof/git/neurips-polymer/I_Experiment-Synthetic/GNN/DIR.py[line:436] - INFO: Epoch [38/1000] Train_Acc: 0.9813 Val_Acc: 0.9847 | Total_Loss: 1.1986 Causal_Loss: 0.5756 DIR_Penalty: 0.001124 Spurious_Loss: 0.6219
2025-12-03 17:21:21,740 - /home/kantorkristof/git/neurips-polymer/I_Experiment-Synthetic/GNN/DIR.py[line:436] - INFO: Epoch [39/1000] Train_Acc: 0.9687 Val_Acc: 0.9763 | Total_Loss: 1.2008 Causal_Loss: 0.5832 DIR_Penalty: 0.000642 Spurious_Loss: 0.6170
2025-12-03 17:21:26,496 - /home/kantorkristof/git/neurips-polymer/I_Experiment-Synthetic/GNN/DIR.py[line:436] - INFO: Epoch [40/1000] Train_Acc: 0.9687 Val_Acc: 0.9763 | Total_Loss: 1.1959 Causal_Loss: 0.5824 DIR_Penalty: 0.000628 Spurious_Loss: 0.6128
2025-12-03 17:21:31,163 - /home/kantorkristof/git/neurips-polymer/I_Experiment-Synthetic/GNN/DIR.py[line:436] - INFO: Epoch [41/1000] Train_Acc: 0.9813 Val_Acc: 0.9847 | Total_Loss: 1.1854 Causal_Loss: 0.5691 DIR_Penalty: 0.001104 Spurious_Loss: 0.6152
2025-12-03 17:21:35,871 - /home/kantorkristof/git/neurips-polymer/I_Experiment-Synthetic/GNN/DIR.py[line:436] - INFO: Epoch [42/1000] Train_Acc: 0.9813 Val_Acc: 0.9847 | Total_Loss: 1.2006 Causal_Loss: 0.5793 DIR_Penalty: 0.000856 Spurious_Loss: 0.6204
2025-12-03 17:21:40,623 - /home/kantorkristof/git/neurips-polymer/I_Experiment-Synthetic/GNN/DIR.py[line:436] - INFO: Epoch [43/1000] Train_Acc: 0.9813 Val_Acc: 0.9847 | Total_Loss: 1.1929 Causal_Loss: 0.5798 DIR_Penalty: 0.000547 Spurious_Loss: 0.6125
2025-12-03 17:21:45,225 - /home/kantorkristof/git/neurips-polymer/I_Experiment-Synthetic/GNN/DIR.py[line:436] - INFO: Epoch [44/1000] Train_Acc: 0.9747 Val_Acc: 0.9800 | Total_Loss: 1.1923 Causal_Loss: 0.5678 DIR_Penalty: 0.001601 Spurious_Loss: 0.6229
2025-12-03 17:21:49,818 - /home/kantorkristof/git/neurips-polymer/I_Experiment-Synthetic/GNN/DIR.py[line:436] - INFO: Epoch [45/1000] Train_Acc: 0.9813 Val_Acc: 0.9847 | Total_Loss: 1.1848 Causal_Loss: 0.5691 DIR_Penalty: 0.001070 Spurious_Loss: 0.6146
2025-12-03 17:21:54,447 - /home/kantorkristof/git/neurips-polymer/I_Experiment-Synthetic/GNN/DIR.py[line:436] - INFO: Epoch [46/1000] Train_Acc: 0.9813 Val_Acc: 0.9847 | Total_Loss: 1.1878 Causal_Loss: 0.5724 DIR_Penalty: 0.000894 Spurious_Loss: 0.6145
2025-12-03 17:21:59,069 - /home/kantorkristof/git/neurips-polymer/I_Experiment-Synthetic/GNN/DIR.py[line:436] - INFO: Epoch [47/1000] Train_Acc: 0.9813 Val_Acc: 0.9847 | Total_Loss: 1.1845 Causal_Loss: 0.5702 DIR_Penalty: 0.000970 Spurious_Loss: 0.6133
2025-12-03 17:22:03,704 - /home/kantorkristof/git/neurips-polymer/I_Experiment-Synthetic/GNN/DIR.py[line:436] - INFO: Epoch [48/1000] Train_Acc: 0.9813 Val_Acc: 0.9847 | Total_Loss: 1.1913 Causal_Loss: 0.5760 DIR_Penalty: 0.000912 Spurious_Loss: 0.6144
2025-12-03 17:22:08,310 - /home/kantorkristof/git/neurips-polymer/I_Experiment-Synthetic/GNN/DIR.py[line:436] - INFO: Epoch [49/1000] Train_Acc: 0.9687 Val_Acc: 0.9763 | Total_Loss: 1.1903 Causal_Loss: 0.5787 DIR_Penalty: 0.000559 Spurious_Loss: 0.6111
2025-12-03 17:22:12,929 - /home/kantorkristof/git/neurips-polymer/I_Experiment-Synthetic/GNN/DIR.py[line:436] - INFO: Epoch [50/1000] Train_Acc: 0.9813 Val_Acc: 0.9847 | Total_Loss: 1.1939 Causal_Loss: 0.5786 DIR_Penalty: 0.000729 Spurious_Loss: 0.6145
2025-12-03 17:22:17,577 - /home/kantorkristof/git/neurips-polymer/I_Experiment-Synthetic/GNN/DIR.py[line:436] - INFO: Epoch [51/1000] Train_Acc: 0.9813 Val_Acc: 0.9847 | Total_Loss: 1.1912 Causal_Loss: 0.5726 DIR_Penalty: 0.001025 Spurious_Loss: 0.6176
2025-12-03 17:22:22,340 - /home/kantorkristof/git/neurips-polymer/I_Experiment-Synthetic/GNN/DIR.py[line:436] - INFO: Epoch [52/1000] Train_Acc: 0.9853 Val_Acc: 0.9877 | Total_Loss: 1.1813 Causal_Loss: 0.5690 DIR_Penalty: 0.000922 Spurious_Loss: 0.6113
2025-12-03 17:22:22,345 - /home/kantorkristof/git/neurips-polymer/I_Experiment-Synthetic/GNN/DIR.py[line:450] - INFO: Best model saved at epoch 52 with val_acc 0.9877
2025-12-03 17:22:26,962 - /home/kantorkristof/git/neurips-polymer/I_Experiment-Synthetic/GNN/DIR.py[line:436] - INFO: Epoch [53/1000] Train_Acc: 0.9920 Val_Acc: 0.9927 | Total_Loss: 1.1941 Causal_Loss: 0.5780 DIR_Penalty: 0.000813 Spurious_Loss: 0.6153
2025-12-03 17:22:26,966 - /home/kantorkristof/git/neurips-polymer/I_Experiment-Synthetic/GNN/DIR.py[line:450] - INFO: Best model saved at epoch 53 with val_acc 0.9927
2025-12-03 17:22:31,586 - /home/kantorkristof/git/neurips-polymer/I_Experiment-Synthetic/GNN/DIR.py[line:436] - INFO: Epoch [54/1000] Train_Acc: 0.9813 Val_Acc: 0.9847 | Total_Loss: 1.1878 Causal_Loss: 0.5765 DIR_Penalty: 0.000642 Spurious_Loss: 0.6106
2025-12-03 17:22:36,192 - /home/kantorkristof/git/neurips-polymer/I_Experiment-Synthetic/GNN/DIR.py[line:436] - INFO: Epoch [55/1000] Train_Acc: 0.9813 Val_Acc: 0.9847 | Total_Loss: 1.1872 Causal_Loss: 0.5659 DIR_Penalty: 0.001462 Spurious_Loss: 0.6198
2025-12-03 17:22:40,838 - /home/kantorkristof/git/neurips-polymer/I_Experiment-Synthetic/GNN/DIR.py[line:436] - INFO: Epoch [56/1000] Train_Acc: 1.0000 Val_Acc: 1.0000 | Total_Loss: 1.1867 Causal_Loss: 0.5702 DIR_Penalty: 0.001079 Spurious_Loss: 0.6155
2025-12-03 17:22:40,843 - /home/kantorkristof/git/neurips-polymer/I_Experiment-Synthetic/GNN/DIR.py[line:450] - INFO: Best model saved at epoch 56 with val_acc 1.0000
2025-12-03 17:22:40,843 - /home/kantorkristof/git/neurips-polymer/I_Experiment-Synthetic/GNN/DIR.py[line:460] - INFO: Validation accuracy reached 1.0, stopping training.
2025-12-03 17:22:45,354 - /home/kantorkristof/git/neurips-polymer/I_Experiment-Synthetic/GNN/DIR.py[line:478] - INFO: Best model Accuracy for I_Hardly_Biased_Base, seed 42:
2025-12-03 17:22:45,354 - /home/kantorkristof/git/neurips-polymer/I_Experiment-Synthetic/GNN/DIR.py[line:479] - INFO:   Train Accuracy: 1.0000
2025-12-03 17:22:45,354 - /home/kantorkristof/git/neurips-polymer/I_Experiment-Synthetic/GNN/DIR.py[line:480] - INFO:   Val Accuracy: 1.0000
2025-12-03 17:22:45,354 - /home/kantorkristof/git/neurips-polymer/I_Experiment-Synthetic/GNN/DIR.py[line:481] - INFO:   Test Accuracy: 0.9020
2025-12-03 17:22:45,354 - /home/kantorkristof/git/neurips-polymer/I_Experiment-Synthetic/GNN/DIR.py[line:497] - INFO: 
=== Results for attribute I_Hardly_Biased_Base ===
2025-12-03 17:22:45,354 - /home/kantorkristof/git/neurips-polymer/I_Experiment-Synthetic/GNN/DIR.py[line:503] - INFO: Train Accuracy: 1.0000  Val Accuracy: 1.0000  Test Accuracy: 0.9020
