2025-12-05 17:00:32,145 - /home/kantorkristof/git/neurips-polymer/II_Experiment-Molecule/GNN/DIR.py[line:335] - INFO: 
Model training started for property: FFV
2025-12-05 17:00:32,146 - /home/kantorkristof/git/neurips-polymer/II_Experiment-Molecule/GNN/DIR.py[line:121] - INFO: 
+------------+--------------+
| Parameter  | Value        |
+------------+--------------+
| cuda       | 2            |
+------------+--------------+
| datadir    | data         |
+------------+--------------+
| epoch      | 1000         |
+------------+--------------+
| seed       | [42]         |
+------------+--------------+
| channels   | 64           |
+------------+--------------+
| pretrain   | 0            |
+------------+--------------+
| alpha      | 0.001        |
+------------+--------------+
| r          | 0.900        |
+------------+--------------+
| batch_size | 32           |
+------------+--------------+
| net_lr     | 0.001        |
+------------+--------------+
2025-12-05 17:00:32,146 - /home/kantorkristof/git/neurips-polymer/II_Experiment-Molecule/GNN/DIR.py[line:340] - INFO: --- Starting training for FFV with seed 42 ---
2025-12-05 17:00:40,534 - /home/kantorkristof/git/neurips-polymer/II_Experiment-Molecule/GNN/DIR.py[line:435] - INFO: Epoch [1/1000] Train_MSE: 0.009234 Val_MSE: 0.009280 | Total_Loss: 0.009238 Causal_Loss: 0.004371 DIR_Penalty: 0.000001 Spurious_Loss: 0.004867
2025-12-05 17:00:40,538 - /home/kantorkristof/git/neurips-polymer/II_Experiment-Molecule/GNN/DIR.py[line:449] - INFO: Best model saved at epoch 1 with val_mse 0.009280
2025-12-05 17:00:48,624 - /home/kantorkristof/git/neurips-polymer/II_Experiment-Molecule/GNN/DIR.py[line:435] - INFO: Epoch [2/1000] Train_MSE: 0.001104 Val_MSE: 0.001331 | Total_Loss: 0.002351 Causal_Loss: 0.000818 DIR_Penalty: 0.000000 Spurious_Loss: 0.001533
2025-12-05 17:00:48,628 - /home/kantorkristof/git/neurips-polymer/II_Experiment-Molecule/GNN/DIR.py[line:449] - INFO: Best model saved at epoch 2 with val_mse 0.001331
2025-12-05 17:00:56,711 - /home/kantorkristof/git/neurips-polymer/II_Experiment-Molecule/GNN/DIR.py[line:435] - INFO: Epoch [3/1000] Train_MSE: 0.004089 Val_MSE: 0.004257 | Total_Loss: 0.002031 Causal_Loss: 0.000700 DIR_Penalty: 0.000000 Spurious_Loss: 0.001331
2025-12-05 17:01:04,840 - /home/kantorkristof/git/neurips-polymer/II_Experiment-Molecule/GNN/DIR.py[line:435] - INFO: Epoch [4/1000] Train_MSE: 0.002372 Val_MSE: 0.002503 | Total_Loss: 0.001833 Causal_Loss: 0.000602 DIR_Penalty: 0.000000 Spurious_Loss: 0.001231
2025-12-05 17:01:12,851 - /home/kantorkristof/git/neurips-polymer/II_Experiment-Molecule/GNN/DIR.py[line:435] - INFO: Epoch [5/1000] Train_MSE: 0.001087 Val_MSE: 0.001235 | Total_Loss: 0.001595 Causal_Loss: 0.000485 DIR_Penalty: 0.000000 Spurious_Loss: 0.001111
2025-12-05 17:01:12,854 - /home/kantorkristof/git/neurips-polymer/II_Experiment-Molecule/GNN/DIR.py[line:449] - INFO: Best model saved at epoch 5 with val_mse 0.001235
2025-12-05 17:01:20,863 - /home/kantorkristof/git/neurips-polymer/II_Experiment-Molecule/GNN/DIR.py[line:435] - INFO: Epoch [6/1000] Train_MSE: 0.001051 Val_MSE: 0.001196 | Total_Loss: 0.001489 Causal_Loss: 0.000483 DIR_Penalty: 0.000000 Spurious_Loss: 0.001006
2025-12-05 17:01:20,867 - /home/kantorkristof/git/neurips-polymer/II_Experiment-Molecule/GNN/DIR.py[line:449] - INFO: Best model saved at epoch 6 with val_mse 0.001196
2025-12-05 17:01:28,728 - /home/kantorkristof/git/neurips-polymer/II_Experiment-Molecule/GNN/DIR.py[line:435] - INFO: Epoch [7/1000] Train_MSE: 0.001464 Val_MSE: 0.001745 | Total_Loss: 0.001448 Causal_Loss: 0.000471 DIR_Penalty: 0.000000 Spurious_Loss: 0.000977
2025-12-05 17:01:36,412 - /home/kantorkristof/git/neurips-polymer/II_Experiment-Molecule/GNN/DIR.py[line:435] - INFO: Epoch [8/1000] Train_MSE: 0.001751 Val_MSE: 0.001842 | Total_Loss: 0.001420 Causal_Loss: 0.000468 DIR_Penalty: 0.000000 Spurious_Loss: 0.000952
2025-12-05 17:01:44,487 - /home/kantorkristof/git/neurips-polymer/II_Experiment-Molecule/GNN/DIR.py[line:435] - INFO: Epoch [9/1000] Train_MSE: 0.001149 Val_MSE: 0.001262 | Total_Loss: 0.001362 Causal_Loss: 0.000444 DIR_Penalty: 0.000000 Spurious_Loss: 0.000918
2025-12-05 17:01:52,538 - /home/kantorkristof/git/neurips-polymer/II_Experiment-Molecule/GNN/DIR.py[line:435] - INFO: Epoch [10/1000] Train_MSE: 0.001182 Val_MSE: 0.001314 | Total_Loss: 0.001355 Causal_Loss: 0.000447 DIR_Penalty: 0.000000 Spurious_Loss: 0.000908
2025-12-05 17:02:00,477 - /home/kantorkristof/git/neurips-polymer/II_Experiment-Molecule/GNN/DIR.py[line:435] - INFO: Epoch [11/1000] Train_MSE: 0.001365 Val_MSE: 0.001443 | Total_Loss: 0.001399 Causal_Loss: 0.000454 DIR_Penalty: 0.000000 Spurious_Loss: 0.000945
2025-12-05 17:02:08,197 - /home/kantorkristof/git/neurips-polymer/II_Experiment-Molecule/GNN/DIR.py[line:435] - INFO: Epoch [12/1000] Train_MSE: 0.001606 Val_MSE: 0.001717 | Total_Loss: 0.001384 Causal_Loss: 0.000458 DIR_Penalty: 0.000000 Spurious_Loss: 0.000926
2025-12-05 17:02:16,080 - /home/kantorkristof/git/neurips-polymer/II_Experiment-Molecule/GNN/DIR.py[line:435] - INFO: Epoch [13/1000] Train_MSE: 0.000733 Val_MSE: 0.000805 | Total_Loss: 0.001338 Causal_Loss: 0.000443 DIR_Penalty: 0.000000 Spurious_Loss: 0.000895
2025-12-05 17:02:16,084 - /home/kantorkristof/git/neurips-polymer/II_Experiment-Molecule/GNN/DIR.py[line:449] - INFO: Best model saved at epoch 13 with val_mse 0.000805
2025-12-05 17:02:23,807 - /home/kantorkristof/git/neurips-polymer/II_Experiment-Molecule/GNN/DIR.py[line:435] - INFO: Epoch [14/1000] Train_MSE: 0.000754 Val_MSE: 0.000859 | Total_Loss: 0.001394 Causal_Loss: 0.000478 DIR_Penalty: 0.000000 Spurious_Loss: 0.000916
2025-12-05 17:02:31,842 - /home/kantorkristof/git/neurips-polymer/II_Experiment-Molecule/GNN/DIR.py[line:435] - INFO: Epoch [15/1000] Train_MSE: 0.000830 Val_MSE: 0.000934 | Total_Loss: 0.001374 Causal_Loss: 0.000464 DIR_Penalty: 0.000000 Spurious_Loss: 0.000910
2025-12-05 17:02:39,867 - /home/kantorkristof/git/neurips-polymer/II_Experiment-Molecule/GNN/DIR.py[line:435] - INFO: Epoch [16/1000] Train_MSE: 0.001405 Val_MSE: 0.001491 | Total_Loss: 0.001344 Causal_Loss: 0.000436 DIR_Penalty: 0.000000 Spurious_Loss: 0.000908
2025-12-05 17:02:47,585 - /home/kantorkristof/git/neurips-polymer/II_Experiment-Molecule/GNN/DIR.py[line:435] - INFO: Epoch [17/1000] Train_MSE: 0.000812 Val_MSE: 0.000866 | Total_Loss: 0.001348 Causal_Loss: 0.000443 DIR_Penalty: 0.000000 Spurious_Loss: 0.000905
2025-12-05 17:02:55,355 - /home/kantorkristof/git/neurips-polymer/II_Experiment-Molecule/GNN/DIR.py[line:435] - INFO: Epoch [18/1000] Train_MSE: 0.000826 Val_MSE: 0.000862 | Total_Loss: 0.001340 Causal_Loss: 0.000442 DIR_Penalty: 0.000000 Spurious_Loss: 0.000899
2025-12-05 17:03:03,112 - /home/kantorkristof/git/neurips-polymer/II_Experiment-Molecule/GNN/DIR.py[line:435] - INFO: Epoch [19/1000] Train_MSE: 0.001013 Val_MSE: 0.001053 | Total_Loss: 0.001332 Causal_Loss: 0.000441 DIR_Penalty: 0.000000 Spurious_Loss: 0.000890
2025-12-05 17:03:10,985 - /home/kantorkristof/git/neurips-polymer/II_Experiment-Molecule/GNN/DIR.py[line:435] - INFO: Epoch [20/1000] Train_MSE: 0.000647 Val_MSE: 0.000679 | Total_Loss: 0.001290 Causal_Loss: 0.000422 DIR_Penalty: 0.000000 Spurious_Loss: 0.000868
2025-12-05 17:03:10,989 - /home/kantorkristof/git/neurips-polymer/II_Experiment-Molecule/GNN/DIR.py[line:449] - INFO: Best model saved at epoch 20 with val_mse 0.000679
2025-12-05 17:03:18,795 - /home/kantorkristof/git/neurips-polymer/II_Experiment-Molecule/GNN/DIR.py[line:435] - INFO: Epoch [21/1000] Train_MSE: 0.001414 Val_MSE: 0.001446 | Total_Loss: 0.001371 Causal_Loss: 0.000450 DIR_Penalty: 0.000000 Spurious_Loss: 0.000921
2025-12-05 17:03:26,590 - /home/kantorkristof/git/neurips-polymer/II_Experiment-Molecule/GNN/DIR.py[line:435] - INFO: Epoch [22/1000] Train_MSE: 0.000923 Val_MSE: 0.000956 | Total_Loss: 0.001320 Causal_Loss: 0.000436 DIR_Penalty: 0.000000 Spurious_Loss: 0.000883
2025-12-05 17:03:34,286 - /home/kantorkristof/git/neurips-polymer/II_Experiment-Molecule/GNN/DIR.py[line:435] - INFO: Epoch [23/1000] Train_MSE: 0.001133 Val_MSE: 0.001153 | Total_Loss: 0.001328 Causal_Loss: 0.000426 DIR_Penalty: 0.000000 Spurious_Loss: 0.000902
2025-12-05 17:03:41,993 - /home/kantorkristof/git/neurips-polymer/II_Experiment-Molecule/GNN/DIR.py[line:435] - INFO: Epoch [24/1000] Train_MSE: 0.000962 Val_MSE: 0.001012 | Total_Loss: 0.001397 Causal_Loss: 0.000468 DIR_Penalty: 0.000000 Spurious_Loss: 0.000930
2025-12-05 17:03:49,815 - /home/kantorkristof/git/neurips-polymer/II_Experiment-Molecule/GNN/DIR.py[line:435] - INFO: Epoch [25/1000] Train_MSE: 0.001740 Val_MSE: 0.001747 | Total_Loss: 0.001332 Causal_Loss: 0.000417 DIR_Penalty: 0.000000 Spurious_Loss: 0.000915
2025-12-05 17:03:57,668 - /home/kantorkristof/git/neurips-polymer/II_Experiment-Molecule/GNN/DIR.py[line:435] - INFO: Epoch [26/1000] Train_MSE: 0.001781 Val_MSE: 0.001787 | Total_Loss: 0.001333 Causal_Loss: 0.000430 DIR_Penalty: 0.000000 Spurious_Loss: 0.000903
2025-12-05 17:04:05,550 - /home/kantorkristof/git/neurips-polymer/II_Experiment-Molecule/GNN/DIR.py[line:435] - INFO: Epoch [27/1000] Train_MSE: 0.000958 Val_MSE: 0.000997 | Total_Loss: 0.001312 Causal_Loss: 0.000419 DIR_Penalty: 0.000000 Spurious_Loss: 0.000893
2025-12-05 17:04:13,517 - /home/kantorkristof/git/neurips-polymer/II_Experiment-Molecule/GNN/DIR.py[line:435] - INFO: Epoch [28/1000] Train_MSE: 0.001538 Val_MSE: 0.001574 | Total_Loss: 0.001337 Causal_Loss: 0.000436 DIR_Penalty: 0.000000 Spurious_Loss: 0.000900
2025-12-05 17:04:21,232 - /home/kantorkristof/git/neurips-polymer/II_Experiment-Molecule/GNN/DIR.py[line:435] - INFO: Epoch [29/1000] Train_MSE: 0.000968 Val_MSE: 0.001029 | Total_Loss: 0.001293 Causal_Loss: 0.000416 DIR_Penalty: 0.000000 Spurious_Loss: 0.000878
2025-12-05 17:04:29,091 - /home/kantorkristof/git/neurips-polymer/II_Experiment-Molecule/GNN/DIR.py[line:435] - INFO: Epoch [30/1000] Train_MSE: 0.000698 Val_MSE: 0.000762 | Total_Loss: 0.001319 Causal_Loss: 0.000418 DIR_Penalty: 0.000000 Spurious_Loss: 0.000900
2025-12-05 17:04:37,023 - /home/kantorkristof/git/neurips-polymer/II_Experiment-Molecule/GNN/DIR.py[line:435] - INFO: Epoch [31/1000] Train_MSE: 0.001530 Val_MSE: 0.001560 | Total_Loss: 0.001341 Causal_Loss: 0.000439 DIR_Penalty: 0.000000 Spurious_Loss: 0.000902
2025-12-05 17:04:44,739 - /home/kantorkristof/git/neurips-polymer/II_Experiment-Molecule/GNN/DIR.py[line:435] - INFO: Epoch [32/1000] Train_MSE: 0.000818 Val_MSE: 0.000886 | Total_Loss: 0.001303 Causal_Loss: 0.000419 DIR_Penalty: 0.000000 Spurious_Loss: 0.000884
2025-12-05 17:04:52,566 - /home/kantorkristof/git/neurips-polymer/II_Experiment-Molecule/GNN/DIR.py[line:435] - INFO: Epoch [33/1000] Train_MSE: 0.000963 Val_MSE: 0.001048 | Total_Loss: 0.001354 Causal_Loss: 0.000449 DIR_Penalty: 0.000000 Spurious_Loss: 0.000905
2025-12-05 17:05:00,348 - /home/kantorkristof/git/neurips-polymer/II_Experiment-Molecule/GNN/DIR.py[line:435] - INFO: Epoch [34/1000] Train_MSE: 0.000660 Val_MSE: 0.000742 | Total_Loss: 0.001297 Causal_Loss: 0.000413 DIR_Penalty: 0.000000 Spurious_Loss: 0.000883
2025-12-05 17:05:08,110 - /home/kantorkristof/git/neurips-polymer/II_Experiment-Molecule/GNN/DIR.py[line:435] - INFO: Epoch [35/1000] Train_MSE: 0.000702 Val_MSE: 0.000775 | Total_Loss: 0.001313 Causal_Loss: 0.000422 DIR_Penalty: 0.000000 Spurious_Loss: 0.000891
2025-12-05 17:05:15,929 - /home/kantorkristof/git/neurips-polymer/II_Experiment-Molecule/GNN/DIR.py[line:435] - INFO: Epoch [36/1000] Train_MSE: 0.000839 Val_MSE: 0.000921 | Total_Loss: 0.001281 Causal_Loss: 0.000404 DIR_Penalty: 0.000000 Spurious_Loss: 0.000877
2025-12-05 17:05:23,589 - /home/kantorkristof/git/neurips-polymer/II_Experiment-Molecule/GNN/DIR.py[line:435] - INFO: Epoch [37/1000] Train_MSE: 0.000776 Val_MSE: 0.000863 | Total_Loss: 0.001317 Causal_Loss: 0.000426 DIR_Penalty: 0.000000 Spurious_Loss: 0.000891
2025-12-05 17:05:31,348 - /home/kantorkristof/git/neurips-polymer/II_Experiment-Molecule/GNN/DIR.py[line:435] - INFO: Epoch [38/1000] Train_MSE: 0.001064 Val_MSE: 0.001168 | Total_Loss: 0.001292 Causal_Loss: 0.000420 DIR_Penalty: 0.000000 Spurious_Loss: 0.000871
2025-12-05 17:05:39,190 - /home/kantorkristof/git/neurips-polymer/II_Experiment-Molecule/GNN/DIR.py[line:435] - INFO: Epoch [39/1000] Train_MSE: 0.000713 Val_MSE: 0.000828 | Total_Loss: 0.001325 Causal_Loss: 0.000432 DIR_Penalty: 0.000000 Spurious_Loss: 0.000893
2025-12-05 17:05:46,899 - /home/kantorkristof/git/neurips-polymer/II_Experiment-Molecule/GNN/DIR.py[line:435] - INFO: Epoch [40/1000] Train_MSE: 0.000925 Val_MSE: 0.000966 | Total_Loss: 0.001320 Causal_Loss: 0.000439 DIR_Penalty: 0.000000 Spurious_Loss: 0.000881
2025-12-05 17:05:54,586 - /home/kantorkristof/git/neurips-polymer/II_Experiment-Molecule/GNN/DIR.py[line:435] - INFO: Epoch [41/1000] Train_MSE: 0.000818 Val_MSE: 0.000898 | Total_Loss: 0.001302 Causal_Loss: 0.000423 DIR_Penalty: 0.000000 Spurious_Loss: 0.000879
2025-12-05 17:06:02,498 - /home/kantorkristof/git/neurips-polymer/II_Experiment-Molecule/GNN/DIR.py[line:435] - INFO: Epoch [42/1000] Train_MSE: 0.000698 Val_MSE: 0.000755 | Total_Loss: 0.001323 Causal_Loss: 0.000432 DIR_Penalty: 0.000000 Spurious_Loss: 0.000891
2025-12-05 17:06:10,206 - /home/kantorkristof/git/neurips-polymer/II_Experiment-Molecule/GNN/DIR.py[line:435] - INFO: Epoch [43/1000] Train_MSE: 0.000983 Val_MSE: 0.001102 | Total_Loss: 0.001335 Causal_Loss: 0.000428 DIR_Penalty: 0.000000 Spurious_Loss: 0.000908
2025-12-05 17:06:18,000 - /home/kantorkristof/git/neurips-polymer/II_Experiment-Molecule/GNN/DIR.py[line:435] - INFO: Epoch [44/1000] Train_MSE: 0.000779 Val_MSE: 0.000862 | Total_Loss: 0.001323 Causal_Loss: 0.000436 DIR_Penalty: 0.000000 Spurious_Loss: 0.000888
2025-12-05 17:06:25,787 - /home/kantorkristof/git/neurips-polymer/II_Experiment-Molecule/GNN/DIR.py[line:435] - INFO: Epoch [45/1000] Train_MSE: 0.000765 Val_MSE: 0.000869 | Total_Loss: 0.001319 Causal_Loss: 0.000428 DIR_Penalty: 0.000000 Spurious_Loss: 0.000892
2025-12-05 17:06:33,849 - /home/kantorkristof/git/neurips-polymer/II_Experiment-Molecule/GNN/DIR.py[line:435] - INFO: Epoch [46/1000] Train_MSE: 0.000766 Val_MSE: 0.000878 | Total_Loss: 0.001293 Causal_Loss: 0.000408 DIR_Penalty: 0.000000 Spurious_Loss: 0.000885
2025-12-05 17:06:41,730 - /home/kantorkristof/git/neurips-polymer/II_Experiment-Molecule/GNN/DIR.py[line:435] - INFO: Epoch [47/1000] Train_MSE: 0.000647 Val_MSE: 0.000716 | Total_Loss: 0.001312 Causal_Loss: 0.000421 DIR_Penalty: 0.000000 Spurious_Loss: 0.000891
2025-12-05 17:06:49,613 - /home/kantorkristof/git/neurips-polymer/II_Experiment-Molecule/GNN/DIR.py[line:435] - INFO: Epoch [48/1000] Train_MSE: 0.000769 Val_MSE: 0.000845 | Total_Loss: 0.001321 Causal_Loss: 0.000430 DIR_Penalty: 0.000000 Spurious_Loss: 0.000891
2025-12-05 17:06:57,382 - /home/kantorkristof/git/neurips-polymer/II_Experiment-Molecule/GNN/DIR.py[line:435] - INFO: Epoch [49/1000] Train_MSE: 0.001106 Val_MSE: 0.001147 | Total_Loss: 0.001265 Causal_Loss: 0.000405 DIR_Penalty: 0.000000 Spurious_Loss: 0.000860
2025-12-05 17:07:05,359 - /home/kantorkristof/git/neurips-polymer/II_Experiment-Molecule/GNN/DIR.py[line:435] - INFO: Epoch [50/1000] Train_MSE: 0.000750 Val_MSE: 0.000817 | Total_Loss: 0.001264 Causal_Loss: 0.000393 DIR_Penalty: 0.000000 Spurious_Loss: 0.000872
2025-12-05 17:07:13,223 - /home/kantorkristof/git/neurips-polymer/II_Experiment-Molecule/GNN/DIR.py[line:435] - INFO: Epoch [51/1000] Train_MSE: 0.000791 Val_MSE: 0.000820 | Total_Loss: 0.001362 Causal_Loss: 0.000455 DIR_Penalty: 0.000000 Spurious_Loss: 0.000907
2025-12-05 17:07:21,049 - /home/kantorkristof/git/neurips-polymer/II_Experiment-Molecule/GNN/DIR.py[line:435] - INFO: Epoch [52/1000] Train_MSE: 0.001004 Val_MSE: 0.001078 | Total_Loss: 0.001304 Causal_Loss: 0.000428 DIR_Penalty: 0.000000 Spurious_Loss: 0.000877
2025-12-05 17:07:28,926 - /home/kantorkristof/git/neurips-polymer/II_Experiment-Molecule/GNN/DIR.py[line:435] - INFO: Epoch [53/1000] Train_MSE: 0.000897 Val_MSE: 0.000947 | Total_Loss: 0.001295 Causal_Loss: 0.000427 DIR_Penalty: 0.000000 Spurious_Loss: 0.000868
2025-12-05 17:07:36,810 - /home/kantorkristof/git/neurips-polymer/II_Experiment-Molecule/GNN/DIR.py[line:435] - INFO: Epoch [54/1000] Train_MSE: 0.001091 Val_MSE: 0.001130 | Total_Loss: 0.001297 Causal_Loss: 0.000416 DIR_Penalty: 0.000000 Spurious_Loss: 0.000881
2025-12-05 17:07:44,561 - /home/kantorkristof/git/neurips-polymer/II_Experiment-Molecule/GNN/DIR.py[line:435] - INFO: Epoch [55/1000] Train_MSE: 0.000847 Val_MSE: 0.000937 | Total_Loss: 0.001304 Causal_Loss: 0.000422 DIR_Penalty: 0.000000 Spurious_Loss: 0.000881
2025-12-05 17:07:52,544 - /home/kantorkristof/git/neurips-polymer/II_Experiment-Molecule/GNN/DIR.py[line:435] - INFO: Epoch [56/1000] Train_MSE: 0.000905 Val_MSE: 0.000964 | Total_Loss: 0.001309 Causal_Loss: 0.000429 DIR_Penalty: 0.000000 Spurious_Loss: 0.000880
2025-12-05 17:08:00,404 - /home/kantorkristof/git/neurips-polymer/II_Experiment-Molecule/GNN/DIR.py[line:435] - INFO: Epoch [57/1000] Train_MSE: 0.000678 Val_MSE: 0.000775 | Total_Loss: 0.001287 Causal_Loss: 0.000407 DIR_Penalty: 0.000000 Spurious_Loss: 0.000880
2025-12-05 17:08:08,203 - /home/kantorkristof/git/neurips-polymer/II_Experiment-Molecule/GNN/DIR.py[line:435] - INFO: Epoch [58/1000] Train_MSE: 0.000817 Val_MSE: 0.000896 | Total_Loss: 0.001312 Causal_Loss: 0.000428 DIR_Penalty: 0.000000 Spurious_Loss: 0.000884
2025-12-05 17:08:15,910 - /home/kantorkristof/git/neurips-polymer/II_Experiment-Molecule/GNN/DIR.py[line:435] - INFO: Epoch [59/1000] Train_MSE: 0.001009 Val_MSE: 0.001088 | Total_Loss: 0.001289 Causal_Loss: 0.000423 DIR_Penalty: 0.000000 Spurious_Loss: 0.000866
2025-12-05 17:08:23,687 - /home/kantorkristof/git/neurips-polymer/II_Experiment-Molecule/GNN/DIR.py[line:435] - INFO: Epoch [60/1000] Train_MSE: 0.001020 Val_MSE: 0.001112 | Total_Loss: 0.001305 Causal_Loss: 0.000420 DIR_Penalty: 0.000000 Spurious_Loss: 0.000885
2025-12-05 17:08:31,345 - /home/kantorkristof/git/neurips-polymer/II_Experiment-Molecule/GNN/DIR.py[line:435] - INFO: Epoch [61/1000] Train_MSE: 0.000885 Val_MSE: 0.000963 | Total_Loss: 0.001336 Causal_Loss: 0.000435 DIR_Penalty: 0.000000 Spurious_Loss: 0.000901
2025-12-05 17:08:39,444 - /home/kantorkristof/git/neurips-polymer/II_Experiment-Molecule/GNN/DIR.py[line:435] - INFO: Epoch [62/1000] Train_MSE: 0.000903 Val_MSE: 0.000984 | Total_Loss: 0.001268 Causal_Loss: 0.000402 DIR_Penalty: 0.000000 Spurious_Loss: 0.000865
2025-12-05 17:08:47,573 - /home/kantorkristof/git/neurips-polymer/II_Experiment-Molecule/GNN/DIR.py[line:435] - INFO: Epoch [63/1000] Train_MSE: 0.000987 Val_MSE: 0.001028 | Total_Loss: 0.001282 Causal_Loss: 0.000415 DIR_Penalty: 0.000000 Spurious_Loss: 0.000867
2025-12-05 17:08:55,390 - /home/kantorkristof/git/neurips-polymer/II_Experiment-Molecule/GNN/DIR.py[line:435] - INFO: Epoch [64/1000] Train_MSE: 0.000863 Val_MSE: 0.000928 | Total_Loss: 0.001252 Causal_Loss: 0.000392 DIR_Penalty: 0.000000 Spurious_Loss: 0.000860
2025-12-05 17:09:03,441 - /home/kantorkristof/git/neurips-polymer/II_Experiment-Molecule/GNN/DIR.py[line:435] - INFO: Epoch [65/1000] Train_MSE: 0.000848 Val_MSE: 0.000919 | Total_Loss: 0.001318 Causal_Loss: 0.000435 DIR_Penalty: 0.000000 Spurious_Loss: 0.000883
2025-12-05 17:09:11,341 - /home/kantorkristof/git/neurips-polymer/II_Experiment-Molecule/GNN/DIR.py[line:435] - INFO: Epoch [66/1000] Train_MSE: 0.001023 Val_MSE: 0.001096 | Total_Loss: 0.001301 Causal_Loss: 0.000419 DIR_Penalty: 0.000000 Spurious_Loss: 0.000883
2025-12-05 17:09:19,287 - /home/kantorkristof/git/neurips-polymer/II_Experiment-Molecule/GNN/DIR.py[line:435] - INFO: Epoch [67/1000] Train_MSE: 0.001075 Val_MSE: 0.001195 | Total_Loss: 0.001275 Causal_Loss: 0.000399 DIR_Penalty: 0.000000 Spurious_Loss: 0.000876
2025-12-05 17:09:27,177 - /home/kantorkristof/git/neurips-polymer/II_Experiment-Molecule/GNN/DIR.py[line:435] - INFO: Epoch [68/1000] Train_MSE: 0.000816 Val_MSE: 0.000904 | Total_Loss: 0.001299 Causal_Loss: 0.000425 DIR_Penalty: 0.000000 Spurious_Loss: 0.000874
2025-12-05 17:09:34,967 - /home/kantorkristof/git/neurips-polymer/II_Experiment-Molecule/GNN/DIR.py[line:435] - INFO: Epoch [69/1000] Train_MSE: 0.001088 Val_MSE: 0.001177 | Total_Loss: 0.001288 Causal_Loss: 0.000409 DIR_Penalty: 0.000000 Spurious_Loss: 0.000879
2025-12-05 17:09:42,689 - /home/kantorkristof/git/neurips-polymer/II_Experiment-Molecule/GNN/DIR.py[line:435] - INFO: Epoch [70/1000] Train_MSE: 0.000733 Val_MSE: 0.000830 | Total_Loss: 0.001323 Causal_Loss: 0.000434 DIR_Penalty: 0.000000 Spurious_Loss: 0.000889
2025-12-05 17:09:50,571 - /home/kantorkristof/git/neurips-polymer/II_Experiment-Molecule/GNN/DIR.py[line:435] - INFO: Epoch [71/1000] Train_MSE: 0.001268 Val_MSE: 0.001309 | Total_Loss: 0.001287 Causal_Loss: 0.000419 DIR_Penalty: 0.000000 Spurious_Loss: 0.000868
2025-12-05 17:09:58,371 - /home/kantorkristof/git/neurips-polymer/II_Experiment-Molecule/GNN/DIR.py[line:435] - INFO: Epoch [72/1000] Train_MSE: 0.001363 Val_MSE: 0.001395 | Total_Loss: 0.001278 Causal_Loss: 0.000406 DIR_Penalty: 0.000000 Spurious_Loss: 0.000872
2025-12-05 17:10:06,086 - /home/kantorkristof/git/neurips-polymer/II_Experiment-Molecule/GNN/DIR.py[line:435] - INFO: Epoch [73/1000] Train_MSE: 0.000877 Val_MSE: 0.000964 | Total_Loss: 0.001282 Causal_Loss: 0.000400 DIR_Penalty: 0.000000 Spurious_Loss: 0.000882
2025-12-05 17:10:13,930 - /home/kantorkristof/git/neurips-polymer/II_Experiment-Molecule/GNN/DIR.py[line:435] - INFO: Epoch [74/1000] Train_MSE: 0.000735 Val_MSE: 0.000812 | Total_Loss: 0.001339 Causal_Loss: 0.000433 DIR_Penalty: 0.000000 Spurious_Loss: 0.000906
2025-12-05 17:10:21,785 - /home/kantorkristof/git/neurips-polymer/II_Experiment-Molecule/GNN/DIR.py[line:435] - INFO: Epoch [75/1000] Train_MSE: 0.000805 Val_MSE: 0.000880 | Total_Loss: 0.001326 Causal_Loss: 0.000426 DIR_Penalty: 0.000000 Spurious_Loss: 0.000900
2025-12-05 17:10:29,563 - /home/kantorkristof/git/neurips-polymer/II_Experiment-Molecule/GNN/DIR.py[line:435] - INFO: Epoch [76/1000] Train_MSE: 0.001016 Val_MSE: 0.001058 | Total_Loss: 0.001310 Causal_Loss: 0.000423 DIR_Penalty: 0.000000 Spurious_Loss: 0.000888
2025-12-05 17:10:37,333 - /home/kantorkristof/git/neurips-polymer/II_Experiment-Molecule/GNN/DIR.py[line:435] - INFO: Epoch [77/1000] Train_MSE: 0.000689 Val_MSE: 0.000746 | Total_Loss: 0.001284 Causal_Loss: 0.000414 DIR_Penalty: 0.000000 Spurious_Loss: 0.000870
2025-12-05 17:10:45,042 - /home/kantorkristof/git/neurips-polymer/II_Experiment-Molecule/GNN/DIR.py[line:435] - INFO: Epoch [78/1000] Train_MSE: 0.001904 Val_MSE: 0.001897 | Total_Loss: 0.001299 Causal_Loss: 0.000415 DIR_Penalty: 0.000000 Spurious_Loss: 0.000883
2025-12-05 17:10:52,674 - /home/kantorkristof/git/neurips-polymer/II_Experiment-Molecule/GNN/DIR.py[line:435] - INFO: Epoch [79/1000] Train_MSE: 0.000836 Val_MSE: 0.000899 | Total_Loss: 0.001282 Causal_Loss: 0.000394 DIR_Penalty: 0.000000 Spurious_Loss: 0.000888
2025-12-05 17:11:00,532 - /home/kantorkristof/git/neurips-polymer/II_Experiment-Molecule/GNN/DIR.py[line:435] - INFO: Epoch [80/1000] Train_MSE: 0.000921 Val_MSE: 0.000990 | Total_Loss: 0.001318 Causal_Loss: 0.000434 DIR_Penalty: 0.000000 Spurious_Loss: 0.000885
2025-12-05 17:11:08,207 - /home/kantorkristof/git/neurips-polymer/II_Experiment-Molecule/GNN/DIR.py[line:435] - INFO: Epoch [81/1000] Train_MSE: 0.000771 Val_MSE: 0.000839 | Total_Loss: 0.001284 Causal_Loss: 0.000415 DIR_Penalty: 0.000000 Spurious_Loss: 0.000869
2025-12-05 17:11:15,764 - /home/kantorkristof/git/neurips-polymer/II_Experiment-Molecule/GNN/DIR.py[line:435] - INFO: Epoch [82/1000] Train_MSE: 0.000784 Val_MSE: 0.000837 | Total_Loss: 0.001278 Causal_Loss: 0.000399 DIR_Penalty: 0.000000 Spurious_Loss: 0.000880
2025-12-05 17:11:23,541 - /home/kantorkristof/git/neurips-polymer/II_Experiment-Molecule/GNN/DIR.py[line:435] - INFO: Epoch [83/1000] Train_MSE: 0.000765 Val_MSE: 0.000841 | Total_Loss: 0.001259 Causal_Loss: 0.000394 DIR_Penalty: 0.000000 Spurious_Loss: 0.000865
2025-12-05 17:11:31,170 - /home/kantorkristof/git/neurips-polymer/II_Experiment-Molecule/GNN/DIR.py[line:435] - INFO: Epoch [84/1000] Train_MSE: 0.000885 Val_MSE: 0.000982 | Total_Loss: 0.001238 Causal_Loss: 0.000386 DIR_Penalty: 0.000000 Spurious_Loss: 0.000852
2025-12-05 17:11:38,776 - /home/kantorkristof/git/neurips-polymer/II_Experiment-Molecule/GNN/DIR.py[line:435] - INFO: Epoch [85/1000] Train_MSE: 0.000831 Val_MSE: 0.000892 | Total_Loss: 0.001263 Causal_Loss: 0.000396 DIR_Penalty: 0.000000 Spurious_Loss: 0.000867
2025-12-05 17:11:46,774 - /home/kantorkristof/git/neurips-polymer/II_Experiment-Molecule/GNN/DIR.py[line:435] - INFO: Epoch [86/1000] Train_MSE: 0.000685 Val_MSE: 0.000759 | Total_Loss: 0.001275 Causal_Loss: 0.000399 DIR_Penalty: 0.000000 Spurious_Loss: 0.000876
2025-12-05 17:11:54,592 - /home/kantorkristof/git/neurips-polymer/II_Experiment-Molecule/GNN/DIR.py[line:435] - INFO: Epoch [87/1000] Train_MSE: 0.000824 Val_MSE: 0.000890 | Total_Loss: 0.001279 Causal_Loss: 0.000410 DIR_Penalty: 0.000000 Spurious_Loss: 0.000869
2025-12-05 17:12:02,426 - /home/kantorkristof/git/neurips-polymer/II_Experiment-Molecule/GNN/DIR.py[line:435] - INFO: Epoch [88/1000] Train_MSE: 0.000838 Val_MSE: 0.000946 | Total_Loss: 0.001260 Causal_Loss: 0.000400 DIR_Penalty: 0.000000 Spurious_Loss: 0.000861
2025-12-05 17:12:10,090 - /home/kantorkristof/git/neurips-polymer/II_Experiment-Molecule/GNN/DIR.py[line:435] - INFO: Epoch [89/1000] Train_MSE: 0.000692 Val_MSE: 0.000770 | Total_Loss: 0.001281 Causal_Loss: 0.000393 DIR_Penalty: 0.000000 Spurious_Loss: 0.000888
2025-12-05 17:12:17,804 - /home/kantorkristof/git/neurips-polymer/II_Experiment-Molecule/GNN/DIR.py[line:435] - INFO: Epoch [90/1000] Train_MSE: 0.000665 Val_MSE: 0.000746 | Total_Loss: 0.001265 Causal_Loss: 0.000398 DIR_Penalty: 0.000000 Spurious_Loss: 0.000867
2025-12-05 17:12:25,431 - /home/kantorkristof/git/neurips-polymer/II_Experiment-Molecule/GNN/DIR.py[line:435] - INFO: Epoch [91/1000] Train_MSE: 0.001612 Val_MSE: 0.001698 | Total_Loss: 0.001262 Causal_Loss: 0.000396 DIR_Penalty: 0.000000 Spurious_Loss: 0.000865
2025-12-05 17:12:33,141 - /home/kantorkristof/git/neurips-polymer/II_Experiment-Molecule/GNN/DIR.py[line:435] - INFO: Epoch [92/1000] Train_MSE: 0.000867 Val_MSE: 0.000956 | Total_Loss: 0.001267 Causal_Loss: 0.000397 DIR_Penalty: 0.000000 Spurious_Loss: 0.000870
2025-12-05 17:12:40,849 - /home/kantorkristof/git/neurips-polymer/II_Experiment-Molecule/GNN/DIR.py[line:435] - INFO: Epoch [93/1000] Train_MSE: 0.001056 Val_MSE: 0.001138 | Total_Loss: 0.001276 Causal_Loss: 0.000398 DIR_Penalty: 0.000000 Spurious_Loss: 0.000878
2025-12-05 17:12:48,634 - /home/kantorkristof/git/neurips-polymer/II_Experiment-Molecule/GNN/DIR.py[line:435] - INFO: Epoch [94/1000] Train_MSE: 0.000722 Val_MSE: 0.000817 | Total_Loss: 0.001268 Causal_Loss: 0.000402 DIR_Penalty: 0.000000 Spurious_Loss: 0.000866
2025-12-05 17:12:56,427 - /home/kantorkristof/git/neurips-polymer/II_Experiment-Molecule/GNN/DIR.py[line:435] - INFO: Epoch [95/1000] Train_MSE: 0.000866 Val_MSE: 0.000930 | Total_Loss: 0.001257 Causal_Loss: 0.000390 DIR_Penalty: 0.000000 Spurious_Loss: 0.000867
2025-12-05 17:13:04,176 - /home/kantorkristof/git/neurips-polymer/II_Experiment-Molecule/GNN/DIR.py[line:435] - INFO: Epoch [96/1000] Train_MSE: 0.000926 Val_MSE: 0.000992 | Total_Loss: 0.001267 Causal_Loss: 0.000396 DIR_Penalty: 0.000000 Spurious_Loss: 0.000871
2025-12-05 17:13:11,910 - /home/kantorkristof/git/neurips-polymer/II_Experiment-Molecule/GNN/DIR.py[line:435] - INFO: Epoch [97/1000] Train_MSE: 0.000902 Val_MSE: 0.000975 | Total_Loss: 0.001263 Causal_Loss: 0.000381 DIR_Penalty: 0.000000 Spurious_Loss: 0.000882
2025-12-05 17:13:19,865 - /home/kantorkristof/git/neurips-polymer/II_Experiment-Molecule/GNN/DIR.py[line:435] - INFO: Epoch [98/1000] Train_MSE: 0.000739 Val_MSE: 0.000795 | Total_Loss: 0.001249 Causal_Loss: 0.000386 DIR_Penalty: 0.000000 Spurious_Loss: 0.000863
2025-12-05 17:13:27,718 - /home/kantorkristof/git/neurips-polymer/II_Experiment-Molecule/GNN/DIR.py[line:435] - INFO: Epoch [99/1000] Train_MSE: 0.000817 Val_MSE: 0.000903 | Total_Loss: 0.001265 Causal_Loss: 0.000398 DIR_Penalty: 0.000000 Spurious_Loss: 0.000867
2025-12-05 17:13:35,514 - /home/kantorkristof/git/neurips-polymer/II_Experiment-Molecule/GNN/DIR.py[line:435] - INFO: Epoch [100/1000] Train_MSE: 0.001307 Val_MSE: 0.001344 | Total_Loss: 0.001269 Causal_Loss: 0.000398 DIR_Penalty: 0.000000 Spurious_Loss: 0.000871
2025-12-05 17:13:43,335 - /home/kantorkristof/git/neurips-polymer/II_Experiment-Molecule/GNN/DIR.py[line:435] - INFO: Epoch [101/1000] Train_MSE: 0.000883 Val_MSE: 0.000965 | Total_Loss: 0.001278 Causal_Loss: 0.000406 DIR_Penalty: 0.000000 Spurious_Loss: 0.000872
2025-12-05 17:13:51,277 - /home/kantorkristof/git/neurips-polymer/II_Experiment-Molecule/GNN/DIR.py[line:435] - INFO: Epoch [102/1000] Train_MSE: 0.000694 Val_MSE: 0.000760 | Total_Loss: 0.001255 Causal_Loss: 0.000383 DIR_Penalty: 0.000000 Spurious_Loss: 0.000873
2025-12-05 17:13:59,106 - /home/kantorkristof/git/neurips-polymer/II_Experiment-Molecule/GNN/DIR.py[line:435] - INFO: Epoch [103/1000] Train_MSE: 0.001037 Val_MSE: 0.001130 | Total_Loss: 0.001269 Causal_Loss: 0.000394 DIR_Penalty: 0.000000 Spurious_Loss: 0.000875
2025-12-05 17:14:06,961 - /home/kantorkristof/git/neurips-polymer/II_Experiment-Molecule/GNN/DIR.py[line:435] - INFO: Epoch [104/1000] Train_MSE: 0.001147 Val_MSE: 0.001215 | Total_Loss: 0.001248 Causal_Loss: 0.000376 DIR_Penalty: 0.000000 Spurious_Loss: 0.000872
2025-12-05 17:14:14,739 - /home/kantorkristof/git/neurips-polymer/II_Experiment-Molecule/GNN/DIR.py[line:435] - INFO: Epoch [105/1000] Train_MSE: 0.000802 Val_MSE: 0.000895 | Total_Loss: 0.001250 Causal_Loss: 0.000383 DIR_Penalty: 0.000000 Spurious_Loss: 0.000867
2025-12-05 17:14:22,605 - /home/kantorkristof/git/neurips-polymer/II_Experiment-Molecule/GNN/DIR.py[line:435] - INFO: Epoch [106/1000] Train_MSE: 0.000713 Val_MSE: 0.000786 | Total_Loss: 0.001273 Causal_Loss: 0.000398 DIR_Penalty: 0.000000 Spurious_Loss: 0.000875
2025-12-05 17:14:30,285 - /home/kantorkristof/git/neurips-polymer/II_Experiment-Molecule/GNN/DIR.py[line:435] - INFO: Epoch [107/1000] Train_MSE: 0.000779 Val_MSE: 0.000837 | Total_Loss: 0.001250 Causal_Loss: 0.000391 DIR_Penalty: 0.000000 Spurious_Loss: 0.000859
2025-12-05 17:14:38,175 - /home/kantorkristof/git/neurips-polymer/II_Experiment-Molecule/GNN/DIR.py[line:435] - INFO: Epoch [108/1000] Train_MSE: 0.001342 Val_MSE: 0.001382 | Total_Loss: 0.001277 Causal_Loss: 0.000408 DIR_Penalty: 0.000000 Spurious_Loss: 0.000869
2025-12-05 17:14:45,954 - /home/kantorkristof/git/neurips-polymer/II_Experiment-Molecule/GNN/DIR.py[line:435] - INFO: Epoch [109/1000] Train_MSE: 0.000736 Val_MSE: 0.000795 | Total_Loss: 0.001274 Causal_Loss: 0.000399 DIR_Penalty: 0.000000 Spurious_Loss: 0.000875
2025-12-05 17:14:53,663 - /home/kantorkristof/git/neurips-polymer/II_Experiment-Molecule/GNN/DIR.py[line:435] - INFO: Epoch [110/1000] Train_MSE: 0.000818 Val_MSE: 0.000892 | Total_Loss: 0.001271 Causal_Loss: 0.000409 DIR_Penalty: 0.000000 Spurious_Loss: 0.000862
2025-12-05 17:15:01,519 - /home/kantorkristof/git/neurips-polymer/II_Experiment-Molecule/GNN/DIR.py[line:435] - INFO: Epoch [111/1000] Train_MSE: 0.000780 Val_MSE: 0.000833 | Total_Loss: 0.001278 Causal_Loss: 0.000404 DIR_Penalty: 0.000000 Spurious_Loss: 0.000874
2025-12-05 17:15:09,313 - /home/kantorkristof/git/neurips-polymer/II_Experiment-Molecule/GNN/DIR.py[line:435] - INFO: Epoch [112/1000] Train_MSE: 0.000787 Val_MSE: 0.000845 | Total_Loss: 0.001261 Causal_Loss: 0.000389 DIR_Penalty: 0.000000 Spurious_Loss: 0.000872
2025-12-05 17:15:17,101 - /home/kantorkristof/git/neurips-polymer/II_Experiment-Molecule/GNN/DIR.py[line:435] - INFO: Epoch [113/1000] Train_MSE: 0.000766 Val_MSE: 0.000824 | Total_Loss: 0.001255 Causal_Loss: 0.000385 DIR_Penalty: 0.000000 Spurious_Loss: 0.000870
2025-12-05 17:15:24,975 - /home/kantorkristof/git/neurips-polymer/II_Experiment-Molecule/GNN/DIR.py[line:435] - INFO: Epoch [114/1000] Train_MSE: 0.000829 Val_MSE: 0.000887 | Total_Loss: 0.001282 Causal_Loss: 0.000408 DIR_Penalty: 0.000000 Spurious_Loss: 0.000874
2025-12-05 17:15:32,711 - /home/kantorkristof/git/neurips-polymer/II_Experiment-Molecule/GNN/DIR.py[line:435] - INFO: Epoch [115/1000] Train_MSE: 0.002105 Val_MSE: 0.002113 | Total_Loss: 0.001261 Causal_Loss: 0.000404 DIR_Penalty: 0.000000 Spurious_Loss: 0.000857
2025-12-05 17:15:40,538 - /home/kantorkristof/git/neurips-polymer/II_Experiment-Molecule/GNN/DIR.py[line:435] - INFO: Epoch [116/1000] Train_MSE: 0.000940 Val_MSE: 0.001017 | Total_Loss: 0.001309 Causal_Loss: 0.000427 DIR_Penalty: 0.000000 Spurious_Loss: 0.000882
2025-12-05 17:15:48,422 - /home/kantorkristof/git/neurips-polymer/II_Experiment-Molecule/GNN/DIR.py[line:435] - INFO: Epoch [117/1000] Train_MSE: 0.001251 Val_MSE: 0.001297 | Total_Loss: 0.001281 Causal_Loss: 0.000412 DIR_Penalty: 0.000000 Spurious_Loss: 0.000869
2025-12-05 17:15:56,132 - /home/kantorkristof/git/neurips-polymer/II_Experiment-Molecule/GNN/DIR.py[line:435] - INFO: Epoch [118/1000] Train_MSE: 0.000823 Val_MSE: 0.000912 | Total_Loss: 0.001252 Causal_Loss: 0.000384 DIR_Penalty: 0.000000 Spurious_Loss: 0.000868
2025-12-05 17:16:03,824 - /home/kantorkristof/git/neurips-polymer/II_Experiment-Molecule/GNN/DIR.py[line:435] - INFO: Epoch [119/1000] Train_MSE: 0.000837 Val_MSE: 0.000911 | Total_Loss: 0.001278 Causal_Loss: 0.000401 DIR_Penalty: 0.000000 Spurious_Loss: 0.000876
2025-12-05 17:16:11,601 - /home/kantorkristof/git/neurips-polymer/II_Experiment-Molecule/GNN/DIR.py[line:435] - INFO: Epoch [120/1000] Train_MSE: 0.000817 Val_MSE: 0.000876 | Total_Loss: 0.001289 Causal_Loss: 0.000411 DIR_Penalty: 0.000000 Spurious_Loss: 0.000878
2025-12-05 17:16:11,601 - /home/kantorkristof/git/neurips-polymer/II_Experiment-Molecule/GNN/DIR.py[line:459] - INFO: Early Stopping
2025-12-05 17:16:16,461 - /home/kantorkristof/git/neurips-polymer/II_Experiment-Molecule/GNN/DIR.py[line:474] - INFO: Best model Accuracy for FFV, seed 42:
2025-12-05 17:16:16,462 - /home/kantorkristof/git/neurips-polymer/II_Experiment-Molecule/GNN/DIR.py[line:475] - INFO:   Train MSE: 0.000643
2025-12-05 17:16:16,462 - /home/kantorkristof/git/neurips-polymer/II_Experiment-Molecule/GNN/DIR.py[line:476] - INFO:   Val MSE: 0.000679
2025-12-05 17:16:16,462 - /home/kantorkristof/git/neurips-polymer/II_Experiment-Molecule/GNN/DIR.py[line:477] - INFO:   Test MSE: 0.000817
2025-12-05 17:16:16,462 - /home/kantorkristof/git/neurips-polymer/II_Experiment-Molecule/GNN/DIR.py[line:493] - INFO: 
=== Results for attribute FFV ===
2025-12-05 17:16:16,462 - /home/kantorkristof/git/neurips-polymer/II_Experiment-Molecule/GNN/DIR.py[line:499] - INFO: Train MSE: 0.000643  Val MSE: 0.000679  Test MSE: 0.000817
