2025-12-06 18:23:33,030 - /home/kantorkristof/git/neurips-polymer/III_Experiment-Traffic-Prediction/GNN/DIR.py[line:342] - INFO: 
Model training started for property: Avg_Travel_Time_10_km_CC (MAPE metric)
2025-12-06 18:23:33,031 - /home/kantorkristof/git/neurips-polymer/III_Experiment-Traffic-Prediction/GNN/DIR.py[line:141] - INFO: 
+------------+-------+
| Parameter  | Value |
+------------+-------+
| cuda       | 2     |
+------------+-------+
| datadir    | data  |
+------------+-------+
| epoch      | 1000  |
+------------+-------+
| seed       | [42]  |
+------------+-------+
| channels   | 64    |
+------------+-------+
| pretrain   | 0     |
+------------+-------+
| alpha      | 0.001 |
+------------+-------+
| r          | 0.900 |
+------------+-------+
| batch_size | 32    |
+------------+-------+
| net_lr     | 0.001 |
+------------+-------+
2025-12-06 18:23:33,032 - /home/kantorkristof/git/neurips-polymer/III_Experiment-Traffic-Prediction/GNN/DIR.py[line:347] - INFO: --- Starting training for Avg_Travel_Time_10_km_CC with seed 42 ---
2025-12-06 18:23:36,587 - /home/kantorkristof/git/neurips-polymer/III_Experiment-Traffic-Prediction/GNN/DIR.py[line:445] - INFO: Epoch [1/1000] Train_MAPE: 99.930079% Val_MAPE: 99.928442% | Total_Loss: 99.979722 Causal_Loss: 99.979722 DIR_Penalty: 0.000121 Non_Causal_Loss: 99.990898
2025-12-06 18:23:36,592 - /home/kantorkristof/git/neurips-polymer/III_Experiment-Traffic-Prediction/GNN/DIR.py[line:459] - INFO: Best model saved at epoch 1 with val_mape 99.928442%
2025-12-06 18:23:38,175 - /home/kantorkristof/git/neurips-polymer/III_Experiment-Traffic-Prediction/GNN/DIR.py[line:445] - INFO: Epoch [2/1000] Train_MAPE: 99.808871% Val_MAPE: 99.806664% | Total_Loss: 99.917035 Causal_Loss: 99.917035 DIR_Penalty: 0.001833 Non_Causal_Loss: 99.974704
2025-12-06 18:23:38,179 - /home/kantorkristof/git/neurips-polymer/III_Experiment-Traffic-Prediction/GNN/DIR.py[line:459] - INFO: Best model saved at epoch 2 with val_mape 99.806664%
2025-12-06 18:23:39,830 - /home/kantorkristof/git/neurips-polymer/III_Experiment-Traffic-Prediction/GNN/DIR.py[line:445] - INFO: Epoch [3/1000] Train_MAPE: 99.600514% Val_MAPE: 99.602129% | Total_Loss: 99.765118 Causal_Loss: 99.765101 DIR_Penalty: 0.016022 Non_Causal_Loss: 99.936273
2025-12-06 18:23:39,834 - /home/kantorkristof/git/neurips-polymer/III_Experiment-Traffic-Prediction/GNN/DIR.py[line:459] - INFO: Best model saved at epoch 3 with val_mape 99.602129%
2025-12-06 18:23:41,338 - /home/kantorkristof/git/neurips-polymer/III_Experiment-Traffic-Prediction/GNN/DIR.py[line:445] - INFO: Epoch [4/1000] Train_MAPE: 99.174136% Val_MAPE: 99.186032% | Total_Loss: 99.433611 Causal_Loss: 99.433525 DIR_Penalty: 0.086469 Non_Causal_Loss: 99.839041
2025-12-06 18:23:41,342 - /home/kantorkristof/git/neurips-polymer/III_Experiment-Traffic-Prediction/GNN/DIR.py[line:459] - INFO: Best model saved at epoch 4 with val_mape 99.186032%
2025-12-06 18:23:42,945 - /home/kantorkristof/git/neurips-polymer/III_Experiment-Traffic-Prediction/GNN/DIR.py[line:445] - INFO: Epoch [5/1000] Train_MAPE: 98.419832% Val_MAPE: 98.456294% | Total_Loss: 98.770378 Causal_Loss: 98.770008 DIR_Penalty: 0.368374 Non_Causal_Loss: 99.609405
2025-12-06 18:23:42,949 - /home/kantorkristof/git/neurips-polymer/III_Experiment-Traffic-Prediction/GNN/DIR.py[line:459] - INFO: Best model saved at epoch 5 with val_mape 98.456294%
2025-12-06 18:23:44,398 - /home/kantorkristof/git/neurips-polymer/III_Experiment-Traffic-Prediction/GNN/DIR.py[line:445] - INFO: Epoch [6/1000] Train_MAPE: 97.431944% Val_MAPE: 97.501521% | Total_Loss: 97.642151 Causal_Loss: 97.641025 DIR_Penalty: 1.125994 Non_Causal_Loss: 99.120211
2025-12-06 18:23:44,402 - /home/kantorkristof/git/neurips-polymer/III_Experiment-Traffic-Prediction/GNN/DIR.py[line:459] - INFO: Best model saved at epoch 6 with val_mape 97.501521%
2025-12-06 18:23:45,947 - /home/kantorkristof/git/neurips-polymer/III_Experiment-Traffic-Prediction/GNN/DIR.py[line:445] - INFO: Epoch [7/1000] Train_MAPE: 95.741905% Val_MAPE: 95.849936% | Total_Loss: 95.761415 Causal_Loss: 95.758422 DIR_Penalty: 2.993684 Non_Causal_Loss: 98.190504
2025-12-06 18:23:45,951 - /home/kantorkristof/git/neurips-polymer/III_Experiment-Traffic-Prediction/GNN/DIR.py[line:459] - INFO: Best model saved at epoch 7 with val_mape 95.849936%
2025-12-06 18:23:48,211 - /home/kantorkristof/git/neurips-polymer/III_Experiment-Traffic-Prediction/GNN/DIR.py[line:445] - INFO: Epoch [8/1000] Train_MAPE: 93.566387% Val_MAPE: 93.719908% | Total_Loss: 92.718197 Causal_Loss: 92.711552 DIR_Penalty: 6.643387 Non_Causal_Loss: 96.330522
2025-12-06 18:23:48,215 - /home/kantorkristof/git/neurips-polymer/III_Experiment-Traffic-Prediction/GNN/DIR.py[line:459] - INFO: Best model saved at epoch 8 with val_mape 93.719908%
2025-12-06 18:23:50,090 - /home/kantorkristof/git/neurips-polymer/III_Experiment-Traffic-Prediction/GNN/DIR.py[line:445] - INFO: Epoch [9/1000] Train_MAPE: 90.140798% Val_MAPE: 90.320845% | Total_Loss: 88.668736 Causal_Loss: 88.656023 DIR_Penalty: 12.712686 Non_Causal_Loss: 93.670412
2025-12-06 18:23:50,094 - /home/kantorkristof/git/neurips-polymer/III_Experiment-Traffic-Prediction/GNN/DIR.py[line:459] - INFO: Best model saved at epoch 9 with val_mape 90.320845%
2025-12-06 18:23:51,682 - /home/kantorkristof/git/neurips-polymer/III_Experiment-Traffic-Prediction/GNN/DIR.py[line:445] - INFO: Epoch [10/1000] Train_MAPE: 86.986602% Val_MAPE: 87.182454% | Total_Loss: 82.533019 Causal_Loss: 82.512069 DIR_Penalty: 20.949431 Non_Causal_Loss: 88.848815
2025-12-06 18:23:51,687 - /home/kantorkristof/git/neurips-polymer/III_Experiment-Traffic-Prediction/GNN/DIR.py[line:459] - INFO: Best model saved at epoch 10 with val_mape 87.182454%
2025-12-06 18:23:53,214 - /home/kantorkristof/git/neurips-polymer/III_Experiment-Traffic-Prediction/GNN/DIR.py[line:445] - INFO: Epoch [11/1000] Train_MAPE: 79.751018% Val_MAPE: 80.002797% | Total_Loss: 74.452170 Causal_Loss: 74.415019 DIR_Penalty: 37.151332 Non_Causal_Loss: 82.865088
2025-12-06 18:23:53,219 - /home/kantorkristof/git/neurips-polymer/III_Experiment-Traffic-Prediction/GNN/DIR.py[line:459] - INFO: Best model saved at epoch 11 with val_mape 80.002797%
2025-12-06 18:23:54,792 - /home/kantorkristof/git/neurips-polymer/III_Experiment-Traffic-Prediction/GNN/DIR.py[line:445] - INFO: Epoch [12/1000] Train_MAPE: 73.760480% Val_MAPE: 74.091637% | Total_Loss: 63.952629 Causal_Loss: 63.903813 DIR_Penalty: 48.816445 Non_Causal_Loss: 73.621815
2025-12-06 18:23:54,796 - /home/kantorkristof/git/neurips-polymer/III_Experiment-Traffic-Prediction/GNN/DIR.py[line:459] - INFO: Best model saved at epoch 12 with val_mape 74.091637%
2025-12-06 18:23:56,313 - /home/kantorkristof/git/neurips-polymer/III_Experiment-Traffic-Prediction/GNN/DIR.py[line:445] - INFO: Epoch [13/1000] Train_MAPE: 70.684857% Val_MAPE: 70.988568% | Total_Loss: 49.700934 Causal_Loss: 49.646911 DIR_Penalty: 54.023305 Non_Causal_Loss: 59.383674
2025-12-06 18:23:56,317 - /home/kantorkristof/git/neurips-polymer/III_Experiment-Traffic-Prediction/GNN/DIR.py[line:459] - INFO: Best model saved at epoch 13 with val_mape 70.988568%
2025-12-06 18:23:57,794 - /home/kantorkristof/git/neurips-polymer/III_Experiment-Traffic-Prediction/GNN/DIR.py[line:445] - INFO: Epoch [14/1000] Train_MAPE: 64.723458% Val_MAPE: 65.233759% | Total_Loss: 36.628982 Causal_Loss: 36.581583 DIR_Penalty: 47.398060 Non_Causal_Loss: 45.879579
2025-12-06 18:23:57,799 - /home/kantorkristof/git/neurips-polymer/III_Experiment-Traffic-Prediction/GNN/DIR.py[line:459] - INFO: Best model saved at epoch 14 with val_mape 65.233759%
2025-12-06 18:23:59,306 - /home/kantorkristof/git/neurips-polymer/III_Experiment-Traffic-Prediction/GNN/DIR.py[line:445] - INFO: Epoch [15/1000] Train_MAPE: 39.366288% Val_MAPE: 40.273415% | Total_Loss: 27.176775 Causal_Loss: 27.146858 DIR_Penalty: 29.916811 Non_Causal_Loss: 34.491784
2025-12-06 18:23:59,313 - /home/kantorkristof/git/neurips-polymer/III_Experiment-Traffic-Prediction/GNN/DIR.py[line:459] - INFO: Best model saved at epoch 15 with val_mape 40.273415%
2025-12-06 18:24:00,760 - /home/kantorkristof/git/neurips-polymer/III_Experiment-Traffic-Prediction/GNN/DIR.py[line:445] - INFO: Epoch [16/1000] Train_MAPE: 28.105942% Val_MAPE: 27.993316% | Total_Loss: 22.469107 Causal_Loss: 22.456304 DIR_Penalty: 12.803249 Non_Causal_Loss: 27.109476
2025-12-06 18:24:00,765 - /home/kantorkristof/git/neurips-polymer/III_Experiment-Traffic-Prediction/GNN/DIR.py[line:459] - INFO: Best model saved at epoch 16 with val_mape 27.993316%
2025-12-06 18:24:02,261 - /home/kantorkristof/git/neurips-polymer/III_Experiment-Traffic-Prediction/GNN/DIR.py[line:445] - INFO: Epoch [17/1000] Train_MAPE: 27.958640% Val_MAPE: 27.980728% | Total_Loss: 24.251329 Causal_Loss: 24.247816 DIR_Penalty: 3.513215 Non_Causal_Loss: 24.444561
2025-12-06 18:24:02,265 - /home/kantorkristof/git/neurips-polymer/III_Experiment-Traffic-Prediction/GNN/DIR.py[line:459] - INFO: Best model saved at epoch 17 with val_mape 27.980728%
2025-12-06 18:24:03,724 - /home/kantorkristof/git/neurips-polymer/III_Experiment-Traffic-Prediction/GNN/DIR.py[line:445] - INFO: Epoch [18/1000] Train_MAPE: 30.734227% Val_MAPE: 30.296843% | Total_Loss: 22.980152 Causal_Loss: 22.977148 DIR_Penalty: 3.003677 Non_Causal_Loss: 23.786898
2025-12-06 18:24:05,155 - /home/kantorkristof/git/neurips-polymer/III_Experiment-Traffic-Prediction/GNN/DIR.py[line:445] - INFO: Epoch [19/1000] Train_MAPE: 30.275398% Val_MAPE: 30.345560% | Total_Loss: 23.204151 Causal_Loss: 23.194460 DIR_Penalty: 9.690186 Non_Causal_Loss: 25.112317
2025-12-06 18:24:06,623 - /home/kantorkristof/git/neurips-polymer/III_Experiment-Traffic-Prediction/GNN/DIR.py[line:445] - INFO: Epoch [20/1000] Train_MAPE: 31.897409% Val_MAPE: 32.761166% | Total_Loss: 22.383183 Causal_Loss: 22.379906 DIR_Penalty: 3.277107 Non_Causal_Loss: 24.513208
2025-12-06 18:24:08,167 - /home/kantorkristof/git/neurips-polymer/III_Experiment-Traffic-Prediction/GNN/DIR.py[line:445] - INFO: Epoch [21/1000] Train_MAPE: 32.961323% Val_MAPE: 33.653703% | Total_Loss: 22.482747 Causal_Loss: 22.457482 DIR_Penalty: 25.265034 Non_Causal_Loss: 27.459691
2025-12-06 18:24:09,578 - /home/kantorkristof/git/neurips-polymer/III_Experiment-Traffic-Prediction/GNN/DIR.py[line:445] - INFO: Epoch [22/1000] Train_MAPE: 32.765244% Val_MAPE: 33.681087% | Total_Loss: 22.654277 Causal_Loss: 22.608264 DIR_Penalty: 46.012120 Non_Causal_Loss: 31.052923
2025-12-06 18:24:11,084 - /home/kantorkristof/git/neurips-polymer/III_Experiment-Traffic-Prediction/GNN/DIR.py[line:445] - INFO: Epoch [23/1000] Train_MAPE: 30.132589% Val_MAPE: 31.023675% | Total_Loss: 22.514699 Causal_Loss: 22.468616 DIR_Penalty: 46.082569 Non_Causal_Loss: 31.135011
2025-12-06 18:24:12,494 - /home/kantorkristof/git/neurips-polymer/III_Experiment-Traffic-Prediction/GNN/DIR.py[line:445] - INFO: Epoch [24/1000] Train_MAPE: 27.625882% Val_MAPE: 29.126131% | Total_Loss: 22.972870 Causal_Loss: 22.934121 DIR_Penalty: 38.748868 Non_Causal_Loss: 31.145236
2025-12-06 18:24:13,910 - /home/kantorkristof/git/neurips-polymer/III_Experiment-Traffic-Prediction/GNN/DIR.py[line:445] - INFO: Epoch [25/1000] Train_MAPE: 26.751535% Val_MAPE: 28.031078% | Total_Loss: 23.064663 Causal_Loss: 23.016906 DIR_Penalty: 47.757094 Non_Causal_Loss: 31.054257
2025-12-06 18:24:15,308 - /home/kantorkristof/git/neurips-polymer/III_Experiment-Traffic-Prediction/GNN/DIR.py[line:445] - INFO: Epoch [26/1000] Train_MAPE: 28.300456% Val_MAPE: 30.121714% | Total_Loss: 22.562594 Causal_Loss: 22.490255 DIR_Penalty: 72.339332 Non_Causal_Loss: 32.662825
2025-12-06 18:24:16,693 - /home/kantorkristof/git/neurips-polymer/III_Experiment-Traffic-Prediction/GNN/DIR.py[line:445] - INFO: Epoch [27/1000] Train_MAPE: 25.399111% Val_MAPE: 26.722840% | Total_Loss: 22.965880 Causal_Loss: 22.855373 DIR_Penalty: 110.506869 Non_Causal_Loss: 36.912393
2025-12-06 18:24:16,698 - /home/kantorkristof/git/neurips-polymer/III_Experiment-Traffic-Prediction/GNN/DIR.py[line:459] - INFO: Best model saved at epoch 27 with val_mape 26.722840%
2025-12-06 18:24:18,084 - /home/kantorkristof/git/neurips-polymer/III_Experiment-Traffic-Prediction/GNN/DIR.py[line:445] - INFO: Epoch [28/1000] Train_MAPE: 25.474401% Val_MAPE: 27.013167% | Total_Loss: 21.982705 Causal_Loss: 21.938134 DIR_Penalty: 44.571320 Non_Causal_Loss: 30.820453
2025-12-06 18:24:19,501 - /home/kantorkristof/git/neurips-polymer/III_Experiment-Traffic-Prediction/GNN/DIR.py[line:445] - INFO: Epoch [29/1000] Train_MAPE: 27.379467% Val_MAPE: 29.052572% | Total_Loss: 21.898892 Causal_Loss: 21.837585 DIR_Penalty: 61.306762 Non_Causal_Loss: 31.634879
2025-12-06 18:24:20,931 - /home/kantorkristof/git/neurips-polymer/III_Experiment-Traffic-Prediction/GNN/DIR.py[line:445] - INFO: Epoch [30/1000] Train_MAPE: 26.359083% Val_MAPE: 27.548703% | Total_Loss: 22.699642 Causal_Loss: 22.643326 DIR_Penalty: 56.316735 Non_Causal_Loss: 31.879726
2025-12-06 18:24:22,407 - /home/kantorkristof/git/neurips-polymer/III_Experiment-Traffic-Prediction/GNN/DIR.py[line:445] - INFO: Epoch [31/1000] Train_MAPE: 25.197534% Val_MAPE: 26.710089% | Total_Loss: 21.673531 Causal_Loss: 21.639720 DIR_Penalty: 33.810538 Non_Causal_Loss: 29.623552
2025-12-06 18:24:22,411 - /home/kantorkristof/git/neurips-polymer/III_Experiment-Traffic-Prediction/GNN/DIR.py[line:459] - INFO: Best model saved at epoch 31 with val_mape 26.710089%
2025-12-06 18:24:23,889 - /home/kantorkristof/git/neurips-polymer/III_Experiment-Traffic-Prediction/GNN/DIR.py[line:445] - INFO: Epoch [32/1000] Train_MAPE: 24.486927% Val_MAPE: 25.594548% | Total_Loss: 21.881164 Causal_Loss: 21.851390 DIR_Penalty: 29.774409 Non_Causal_Loss: 27.905098
2025-12-06 18:24:23,893 - /home/kantorkristof/git/neurips-polymer/III_Experiment-Traffic-Prediction/GNN/DIR.py[line:459] - INFO: Best model saved at epoch 32 with val_mape 25.594548%
2025-12-06 18:24:25,314 - /home/kantorkristof/git/neurips-polymer/III_Experiment-Traffic-Prediction/GNN/DIR.py[line:445] - INFO: Epoch [33/1000] Train_MAPE: 24.773447% Val_MAPE: 26.384042% | Total_Loss: 22.335155 Causal_Loss: 22.310349 DIR_Penalty: 24.806445 Non_Causal_Loss: 29.079655
2025-12-06 18:24:26,725 - /home/kantorkristof/git/neurips-polymer/III_Experiment-Traffic-Prediction/GNN/DIR.py[line:445] - INFO: Epoch [34/1000] Train_MAPE: 24.145022% Val_MAPE: 25.809978% | Total_Loss: 22.365566 Causal_Loss: 22.351114 DIR_Penalty: 14.451726 Non_Causal_Loss: 27.148148
2025-12-06 18:24:28,137 - /home/kantorkristof/git/neurips-polymer/III_Experiment-Traffic-Prediction/GNN/DIR.py[line:445] - INFO: Epoch [35/1000] Train_MAPE: 23.381232% Val_MAPE: 24.783263% | Total_Loss: 21.246930 Causal_Loss: 21.217265 DIR_Penalty: 29.664926 Non_Causal_Loss: 28.288693
2025-12-06 18:24:28,141 - /home/kantorkristof/git/neurips-polymer/III_Experiment-Traffic-Prediction/GNN/DIR.py[line:459] - INFO: Best model saved at epoch 35 with val_mape 24.783263%
2025-12-06 18:24:29,538 - /home/kantorkristof/git/neurips-polymer/III_Experiment-Traffic-Prediction/GNN/DIR.py[line:445] - INFO: Epoch [36/1000] Train_MAPE: 24.175845% Val_MAPE: 26.087303% | Total_Loss: 22.110947 Causal_Loss: 22.079057 DIR_Penalty: 31.889399 Non_Causal_Loss: 28.271242
2025-12-06 18:24:30,950 - /home/kantorkristof/git/neurips-polymer/III_Experiment-Traffic-Prediction/GNN/DIR.py[line:445] - INFO: Epoch [37/1000] Train_MAPE: 24.261602% Val_MAPE: 26.211649% | Total_Loss: 21.570025 Causal_Loss: 21.546140 DIR_Penalty: 23.885022 Non_Causal_Loss: 26.497434
2025-12-06 18:24:32,379 - /home/kantorkristof/git/neurips-polymer/III_Experiment-Traffic-Prediction/GNN/DIR.py[line:445] - INFO: Epoch [38/1000] Train_MAPE: 21.864817% Val_MAPE: 23.267821% | Total_Loss: 22.218877 Causal_Loss: 22.202410 DIR_Penalty: 16.467211 Non_Causal_Loss: 27.387396
2025-12-06 18:24:32,383 - /home/kantorkristof/git/neurips-polymer/III_Experiment-Traffic-Prediction/GNN/DIR.py[line:459] - INFO: Best model saved at epoch 38 with val_mape 23.267821%
2025-12-06 18:24:33,800 - /home/kantorkristof/git/neurips-polymer/III_Experiment-Traffic-Prediction/GNN/DIR.py[line:445] - INFO: Epoch [39/1000] Train_MAPE: 22.313701% Val_MAPE: 23.889657% | Total_Loss: 21.308053 Causal_Loss: 21.279995 DIR_Penalty: 28.057713 Non_Causal_Loss: 28.570499
2025-12-06 18:24:35,216 - /home/kantorkristof/git/neurips-polymer/III_Experiment-Traffic-Prediction/GNN/DIR.py[line:445] - INFO: Epoch [40/1000] Train_MAPE: 22.001917% Val_MAPE: 23.598453% | Total_Loss: 22.261104 Causal_Loss: 22.234547 DIR_Penalty: 26.556457 Non_Causal_Loss: 28.580146
2025-12-06 18:24:36,666 - /home/kantorkristof/git/neurips-polymer/III_Experiment-Traffic-Prediction/GNN/DIR.py[line:445] - INFO: Epoch [41/1000] Train_MAPE: 22.390986% Val_MAPE: 23.915437% | Total_Loss: 20.701820 Causal_Loss: 20.678495 DIR_Penalty: 23.324938 Non_Causal_Loss: 26.851483
2025-12-06 18:24:38,093 - /home/kantorkristof/git/neurips-polymer/III_Experiment-Traffic-Prediction/GNN/DIR.py[line:445] - INFO: Epoch [42/1000] Train_MAPE: 22.185784% Val_MAPE: 23.662336% | Total_Loss: 21.684321 Causal_Loss: 21.662562 DIR_Penalty: 21.758870 Non_Causal_Loss: 27.831207
2025-12-06 18:24:39,495 - /home/kantorkristof/git/neurips-polymer/III_Experiment-Traffic-Prediction/GNN/DIR.py[line:445] - INFO: Epoch [43/1000] Train_MAPE: 22.303553% Val_MAPE: 23.955934% | Total_Loss: 22.295203 Causal_Loss: 22.279606 DIR_Penalty: 15.597859 Non_Causal_Loss: 27.128807
2025-12-06 18:24:41,002 - /home/kantorkristof/git/neurips-polymer/III_Experiment-Traffic-Prediction/GNN/DIR.py[line:445] - INFO: Epoch [44/1000] Train_MAPE: 23.214548% Val_MAPE: 24.672524% | Total_Loss: 21.237030 Causal_Loss: 21.222585 DIR_Penalty: 14.444557 Non_Causal_Loss: 26.254740
2025-12-06 18:24:42,505 - /home/kantorkristof/git/neurips-polymer/III_Experiment-Traffic-Prediction/GNN/DIR.py[line:445] - INFO: Epoch [45/1000] Train_MAPE: 22.712551% Val_MAPE: 24.706540% | Total_Loss: 22.471851 Causal_Loss: 22.453906 DIR_Penalty: 17.944970 Non_Causal_Loss: 26.767483
2025-12-06 18:24:43,952 - /home/kantorkristof/git/neurips-polymer/III_Experiment-Traffic-Prediction/GNN/DIR.py[line:445] - INFO: Epoch [46/1000] Train_MAPE: 23.110250% Val_MAPE: 24.853647% | Total_Loss: 22.006104 Causal_Loss: 21.995181 DIR_Penalty: 10.923157 Non_Causal_Loss: 26.022942
2025-12-06 18:24:45,390 - /home/kantorkristof/git/neurips-polymer/III_Experiment-Traffic-Prediction/GNN/DIR.py[line:445] - INFO: Epoch [47/1000] Train_MAPE: 22.265403% Val_MAPE: 23.759203% | Total_Loss: 21.667323 Causal_Loss: 21.653254 DIR_Penalty: 14.069191 Non_Causal_Loss: 25.637210
2025-12-06 18:24:46,893 - /home/kantorkristof/git/neurips-polymer/III_Experiment-Traffic-Prediction/GNN/DIR.py[line:445] - INFO: Epoch [48/1000] Train_MAPE: 23.876731% Val_MAPE: 25.996627% | Total_Loss: 22.015226 Causal_Loss: 22.005643 DIR_Penalty: 9.582739 Non_Causal_Loss: 26.106446
2025-12-06 18:24:48,322 - /home/kantorkristof/git/neurips-polymer/III_Experiment-Traffic-Prediction/GNN/DIR.py[line:445] - INFO: Epoch [49/1000] Train_MAPE: 23.043923% Val_MAPE: 25.033784% | Total_Loss: 21.646210 Causal_Loss: 21.636452 DIR_Penalty: 9.757105 Non_Causal_Loss: 25.277209
2025-12-06 18:24:49,763 - /home/kantorkristof/git/neurips-polymer/III_Experiment-Traffic-Prediction/GNN/DIR.py[line:445] - INFO: Epoch [50/1000] Train_MAPE: 22.968677% Val_MAPE: 25.182009% | Total_Loss: 21.832068 Causal_Loss: 21.821507 DIR_Penalty: 10.561001 Non_Causal_Loss: 25.645899
2025-12-06 18:24:51,261 - /home/kantorkristof/git/neurips-polymer/III_Experiment-Traffic-Prediction/GNN/DIR.py[line:445] - INFO: Epoch [51/1000] Train_MAPE: 22.695572% Val_MAPE: 24.533960% | Total_Loss: 21.764686 Causal_Loss: 21.747487 DIR_Penalty: 17.198587 Non_Causal_Loss: 25.876399
2025-12-06 18:24:52,695 - /home/kantorkristof/git/neurips-polymer/III_Experiment-Traffic-Prediction/GNN/DIR.py[line:445] - INFO: Epoch [52/1000] Train_MAPE: 22.435935% Val_MAPE: 24.469237% | Total_Loss: 21.758021 Causal_Loss: 21.750720 DIR_Penalty: 7.301678 Non_Causal_Loss: 24.789575
2025-12-06 18:24:54,095 - /home/kantorkristof/git/neurips-polymer/III_Experiment-Traffic-Prediction/GNN/DIR.py[line:445] - INFO: Epoch [53/1000] Train_MAPE: 22.574296% Val_MAPE: 24.149609% | Total_Loss: 22.030564 Causal_Loss: 22.017410 DIR_Penalty: 13.153658 Non_Causal_Loss: 25.753288
2025-12-06 18:24:55,499 - /home/kantorkristof/git/neurips-polymer/III_Experiment-Traffic-Prediction/GNN/DIR.py[line:445] - INFO: Epoch [54/1000] Train_MAPE: 21.994052% Val_MAPE: 23.971039% | Total_Loss: 21.339589 Causal_Loss: 21.323806 DIR_Penalty: 15.783159 Non_Causal_Loss: 25.616322
2025-12-06 18:24:56,922 - /home/kantorkristof/git/neurips-polymer/III_Experiment-Traffic-Prediction/GNN/DIR.py[line:445] - INFO: Epoch [55/1000] Train_MAPE: 22.894231% Val_MAPE: 24.542211% | Total_Loss: 22.063261 Causal_Loss: 22.048947 DIR_Penalty: 14.313681 Non_Causal_Loss: 27.059340
2025-12-06 18:24:58,369 - /home/kantorkristof/git/neurips-polymer/III_Experiment-Traffic-Prediction/GNN/DIR.py[line:445] - INFO: Epoch [56/1000] Train_MAPE: 23.974066% Val_MAPE: 26.874408% | Total_Loss: 21.649638 Causal_Loss: 21.637945 DIR_Penalty: 11.693702 Non_Causal_Loss: 25.887839
2025-12-06 18:24:59,806 - /home/kantorkristof/git/neurips-polymer/III_Experiment-Traffic-Prediction/GNN/DIR.py[line:445] - INFO: Epoch [57/1000] Train_MAPE: 23.907947% Val_MAPE: 26.599178% | Total_Loss: 21.909097 Causal_Loss: 21.899812 DIR_Penalty: 9.284550 Non_Causal_Loss: 25.193297
2025-12-06 18:25:01,265 - /home/kantorkristof/git/neurips-polymer/III_Experiment-Traffic-Prediction/GNN/DIR.py[line:445] - INFO: Epoch [58/1000] Train_MAPE: 23.960749% Val_MAPE: 25.919680% | Total_Loss: 21.863579 Causal_Loss: 21.849979 DIR_Penalty: 13.599631 Non_Causal_Loss: 25.835547
2025-12-06 18:25:02,715 - /home/kantorkristof/git/neurips-polymer/III_Experiment-Traffic-Prediction/GNN/DIR.py[line:445] - INFO: Epoch [59/1000] Train_MAPE: 22.939398% Val_MAPE: 24.763292% | Total_Loss: 21.808871 Causal_Loss: 21.796711 DIR_Penalty: 12.159798 Non_Causal_Loss: 25.840483
2025-12-06 18:25:04,139 - /home/kantorkristof/git/neurips-polymer/III_Experiment-Traffic-Prediction/GNN/DIR.py[line:445] - INFO: Epoch [60/1000] Train_MAPE: 22.461327% Val_MAPE: 24.577087% | Total_Loss: 21.805916 Causal_Loss: 21.795921 DIR_Penalty: 9.994577 Non_Causal_Loss: 25.689955
2025-12-06 18:25:05,545 - /home/kantorkristof/git/neurips-polymer/III_Experiment-Traffic-Prediction/GNN/DIR.py[line:445] - INFO: Epoch [61/1000] Train_MAPE: 22.354970% Val_MAPE: 24.013726% | Total_Loss: 21.333102 Causal_Loss: 21.322629 DIR_Penalty: 10.473098 Non_Causal_Loss: 24.980550
2025-12-06 18:25:06,971 - /home/kantorkristof/git/neurips-polymer/III_Experiment-Traffic-Prediction/GNN/DIR.py[line:445] - INFO: Epoch [62/1000] Train_MAPE: 22.751386% Val_MAPE: 24.847285% | Total_Loss: 21.778437 Causal_Loss: 21.765426 DIR_Penalty: 13.010577 Non_Causal_Loss: 25.977385
2025-12-06 18:25:08,445 - /home/kantorkristof/git/neurips-polymer/III_Experiment-Traffic-Prediction/GNN/DIR.py[line:445] - INFO: Epoch [63/1000] Train_MAPE: 23.413074% Val_MAPE: 25.617082% | Total_Loss: 21.760068 Causal_Loss: 21.749763 DIR_Penalty: 10.304888 Non_Causal_Loss: 24.069429
2025-12-06 18:25:09,866 - /home/kantorkristof/git/neurips-polymer/III_Experiment-Traffic-Prediction/GNN/DIR.py[line:445] - INFO: Epoch [64/1000] Train_MAPE: 22.634539% Val_MAPE: 24.741510% | Total_Loss: 21.393402 Causal_Loss: 21.385616 DIR_Penalty: 7.785510 Non_Causal_Loss: 24.789094
2025-12-06 18:25:11,334 - /home/kantorkristof/git/neurips-polymer/III_Experiment-Traffic-Prediction/GNN/DIR.py[line:445] - INFO: Epoch [65/1000] Train_MAPE: 22.478967% Val_MAPE: 24.705901% | Total_Loss: 21.534989 Causal_Loss: 21.522352 DIR_Penalty: 12.636806 Non_Causal_Loss: 25.143645
2025-12-06 18:25:12,842 - /home/kantorkristof/git/neurips-polymer/III_Experiment-Traffic-Prediction/GNN/DIR.py[line:445] - INFO: Epoch [66/1000] Train_MAPE: 23.257469% Val_MAPE: 25.841302% | Total_Loss: 21.981507 Causal_Loss: 21.972366 DIR_Penalty: 9.140460 Non_Causal_Loss: 25.532383
2025-12-06 18:25:14,404 - /home/kantorkristof/git/neurips-polymer/III_Experiment-Traffic-Prediction/GNN/DIR.py[line:445] - INFO: Epoch [67/1000] Train_MAPE: 23.479854% Val_MAPE: 25.847414% | Total_Loss: 21.795213 Causal_Loss: 21.783010 DIR_Penalty: 12.202581 Non_Causal_Loss: 25.630952
2025-12-06 18:25:15,831 - /home/kantorkristof/git/neurips-polymer/III_Experiment-Traffic-Prediction/GNN/DIR.py[line:445] - INFO: Epoch [68/1000] Train_MAPE: 24.126509% Val_MAPE: 26.963875% | Total_Loss: 22.169239 Causal_Loss: 22.157972 DIR_Penalty: 11.268023 Non_Causal_Loss: 25.915686
2025-12-06 18:25:17,292 - /home/kantorkristof/git/neurips-polymer/III_Experiment-Traffic-Prediction/GNN/DIR.py[line:445] - INFO: Epoch [69/1000] Train_MAPE: 23.792975% Val_MAPE: 26.413111% | Total_Loss: 21.743676 Causal_Loss: 21.730404 DIR_Penalty: 13.272137 Non_Causal_Loss: 26.327898
2025-12-06 18:25:18,737 - /home/kantorkristof/git/neurips-polymer/III_Experiment-Traffic-Prediction/GNN/DIR.py[line:445] - INFO: Epoch [70/1000] Train_MAPE: 23.863827% Val_MAPE: 26.257376% | Total_Loss: 21.419759 Causal_Loss: 21.404295 DIR_Penalty: 15.463774 Non_Causal_Loss: 25.629429
2025-12-06 18:25:20,197 - /home/kantorkristof/git/neurips-polymer/III_Experiment-Traffic-Prediction/GNN/DIR.py[line:445] - INFO: Epoch [71/1000] Train_MAPE: 23.188117% Val_MAPE: 25.504200% | Total_Loss: 21.578776 Causal_Loss: 21.565605 DIR_Penalty: 13.170342 Non_Causal_Loss: 25.093801
2025-12-06 18:25:21,642 - /home/kantorkristof/git/neurips-polymer/III_Experiment-Traffic-Prediction/GNN/DIR.py[line:445] - INFO: Epoch [72/1000] Train_MAPE: 23.281658% Val_MAPE: 26.051523% | Total_Loss: 21.703744 Causal_Loss: 21.693958 DIR_Penalty: 9.785588 Non_Causal_Loss: 25.161888
2025-12-06 18:25:23,078 - /home/kantorkristof/git/neurips-polymer/III_Experiment-Traffic-Prediction/GNN/DIR.py[line:445] - INFO: Epoch [73/1000] Train_MAPE: 23.640760% Val_MAPE: 26.035786% | Total_Loss: 21.780697 Causal_Loss: 21.773679 DIR_Penalty: 7.017596 Non_Causal_Loss: 24.963906
2025-12-06 18:25:24,524 - /home/kantorkristof/git/neurips-polymer/III_Experiment-Traffic-Prediction/GNN/DIR.py[line:445] - INFO: Epoch [74/1000] Train_MAPE: 24.265799% Val_MAPE: 27.163349% | Total_Loss: 22.064454 Causal_Loss: 22.055069 DIR_Penalty: 9.384247 Non_Causal_Loss: 25.227486
2025-12-06 18:25:25,943 - /home/kantorkristof/git/neurips-polymer/III_Experiment-Traffic-Prediction/GNN/DIR.py[line:445] - INFO: Epoch [75/1000] Train_MAPE: 23.538152% Val_MAPE: 25.887030% | Total_Loss: 21.824250 Causal_Loss: 21.812304 DIR_Penalty: 11.945828 Non_Causal_Loss: 25.426971
2025-12-06 18:25:27,373 - /home/kantorkristof/git/neurips-polymer/III_Experiment-Traffic-Prediction/GNN/DIR.py[line:445] - INFO: Epoch [76/1000] Train_MAPE: 23.176945% Val_MAPE: 25.736500% | Total_Loss: 21.342730 Causal_Loss: 21.333989 DIR_Penalty: 8.740962 Non_Causal_Loss: 25.006802
2025-12-06 18:25:28,791 - /home/kantorkristof/git/neurips-polymer/III_Experiment-Traffic-Prediction/GNN/DIR.py[line:445] - INFO: Epoch [77/1000] Train_MAPE: 23.740181% Val_MAPE: 26.152685% | Total_Loss: 21.202536 Causal_Loss: 21.188873 DIR_Penalty: 13.662907 Non_Causal_Loss: 25.700009
2025-12-06 18:25:30,255 - /home/kantorkristof/git/neurips-polymer/III_Experiment-Traffic-Prediction/GNN/DIR.py[line:445] - INFO: Epoch [78/1000] Train_MAPE: 23.296082% Val_MAPE: 25.782378% | Total_Loss: 21.170249 Causal_Loss: 21.159496 DIR_Penalty: 10.752946 Non_Causal_Loss: 25.260442
2025-12-06 18:25:31,733 - /home/kantorkristof/git/neurips-polymer/III_Experiment-Traffic-Prediction/GNN/DIR.py[line:445] - INFO: Epoch [79/1000] Train_MAPE: 23.527846% Val_MAPE: 25.472283% | Total_Loss: 21.325077 Causal_Loss: 21.314081 DIR_Penalty: 10.995030 Non_Causal_Loss: 24.769512
2025-12-06 18:25:33,203 - /home/kantorkristof/git/neurips-polymer/III_Experiment-Traffic-Prediction/GNN/DIR.py[line:445] - INFO: Epoch [80/1000] Train_MAPE: 23.454079% Val_MAPE: 25.283584% | Total_Loss: 21.687054 Causal_Loss: 21.676860 DIR_Penalty: 10.194575 Non_Causal_Loss: 25.177370
2025-12-06 18:25:34,664 - /home/kantorkristof/git/neurips-polymer/III_Experiment-Traffic-Prediction/GNN/DIR.py[line:445] - INFO: Epoch [81/1000] Train_MAPE: 23.080361% Val_MAPE: 25.428617% | Total_Loss: 21.535012 Causal_Loss: 21.523586 DIR_Penalty: 11.426402 Non_Causal_Loss: 25.603574
2025-12-06 18:25:36,094 - /home/kantorkristof/git/neurips-polymer/III_Experiment-Traffic-Prediction/GNN/DIR.py[line:445] - INFO: Epoch [82/1000] Train_MAPE: 22.293671% Val_MAPE: 24.220907% | Total_Loss: 21.520146 Causal_Loss: 21.507165 DIR_Penalty: 12.980935 Non_Causal_Loss: 25.637294
2025-12-06 18:25:37,536 - /home/kantorkristof/git/neurips-polymer/III_Experiment-Traffic-Prediction/GNN/DIR.py[line:445] - INFO: Epoch [83/1000] Train_MAPE: 23.106129% Val_MAPE: 24.746282% | Total_Loss: 21.697133 Causal_Loss: 21.687367 DIR_Penalty: 9.765597 Non_Causal_Loss: 25.847120
2025-12-06 18:25:39,013 - /home/kantorkristof/git/neurips-polymer/III_Experiment-Traffic-Prediction/GNN/DIR.py[line:445] - INFO: Epoch [84/1000] Train_MAPE: 23.417219% Val_MAPE: 25.703397% | Total_Loss: 21.951018 Causal_Loss: 21.942534 DIR_Penalty: 8.484078 Non_Causal_Loss: 25.056436
2025-12-06 18:25:40,494 - /home/kantorkristof/git/neurips-polymer/III_Experiment-Traffic-Prediction/GNN/DIR.py[line:445] - INFO: Epoch [85/1000] Train_MAPE: 24.020603% Val_MAPE: 26.454201% | Total_Loss: 21.687263 Causal_Loss: 21.675328 DIR_Penalty: 11.934825 Non_Causal_Loss: 26.146132
2025-12-06 18:25:42,026 - /home/kantorkristof/git/neurips-polymer/III_Experiment-Traffic-Prediction/GNN/DIR.py[line:445] - INFO: Epoch [86/1000] Train_MAPE: 23.625396% Val_MAPE: 25.940303% | Total_Loss: 21.161622 Causal_Loss: 21.145796 DIR_Penalty: 15.826507 Non_Causal_Loss: 26.000004
2025-12-06 18:25:43,501 - /home/kantorkristof/git/neurips-polymer/III_Experiment-Traffic-Prediction/GNN/DIR.py[line:445] - INFO: Epoch [87/1000] Train_MAPE: 23.860411% Val_MAPE: 26.146505% | Total_Loss: 21.183452 Causal_Loss: 21.170891 DIR_Penalty: 12.560580 Non_Causal_Loss: 25.553010
2025-12-06 18:25:44,991 - /home/kantorkristof/git/neurips-polymer/III_Experiment-Traffic-Prediction/GNN/DIR.py[line:445] - INFO: Epoch [88/1000] Train_MAPE: 24.524500% Val_MAPE: 27.108232% | Total_Loss: 21.495097 Causal_Loss: 21.485249 DIR_Penalty: 9.847527 Non_Causal_Loss: 24.442794
2025-12-06 18:25:46,433 - /home/kantorkristof/git/neurips-polymer/III_Experiment-Traffic-Prediction/GNN/DIR.py[line:445] - INFO: Epoch [89/1000] Train_MAPE: 24.179148% Val_MAPE: 26.483002% | Total_Loss: 21.404880 Causal_Loss: 21.394675 DIR_Penalty: 10.204650 Non_Causal_Loss: 24.981614
2025-12-06 18:25:47,908 - /home/kantorkristof/git/neurips-polymer/III_Experiment-Traffic-Prediction/GNN/DIR.py[line:445] - INFO: Epoch [90/1000] Train_MAPE: 24.630929% Val_MAPE: 26.991908% | Total_Loss: 20.912717 Causal_Loss: 20.900023 DIR_Penalty: 12.693485 Non_Causal_Loss: 24.751903
2025-12-06 18:25:49,393 - /home/kantorkristof/git/neurips-polymer/III_Experiment-Traffic-Prediction/GNN/DIR.py[line:445] - INFO: Epoch [91/1000] Train_MAPE: 25.946923% Val_MAPE: 28.979111% | Total_Loss: 21.037128 Causal_Loss: 21.027354 DIR_Penalty: 9.773654 Non_Causal_Loss: 25.037717
2025-12-06 18:25:50,863 - /home/kantorkristof/git/neurips-polymer/III_Experiment-Traffic-Prediction/GNN/DIR.py[line:445] - INFO: Epoch [92/1000] Train_MAPE: 25.241832% Val_MAPE: 28.375811% | Total_Loss: 21.100433 Causal_Loss: 21.090640 DIR_Penalty: 9.793081 Non_Causal_Loss: 24.852451
2025-12-06 18:25:52,265 - /home/kantorkristof/git/neurips-polymer/III_Experiment-Traffic-Prediction/GNN/DIR.py[line:445] - INFO: Epoch [93/1000] Train_MAPE: 26.202011% Val_MAPE: 29.001986% | Total_Loss: 21.035164 Causal_Loss: 21.012681 DIR_Penalty: 22.483340 Non_Causal_Loss: 25.558758
2025-12-06 18:25:53,694 - /home/kantorkristof/git/neurips-polymer/III_Experiment-Traffic-Prediction/GNN/DIR.py[line:445] - INFO: Epoch [94/1000] Train_MAPE: 24.436501% Val_MAPE: 27.088465% | Total_Loss: 21.776860 Causal_Loss: 21.766690 DIR_Penalty: 10.169996 Non_Causal_Loss: 25.733111
2025-12-06 18:25:55,160 - /home/kantorkristof/git/neurips-polymer/III_Experiment-Traffic-Prediction/GNN/DIR.py[line:445] - INFO: Epoch [95/1000] Train_MAPE: 24.383279% Val_MAPE: 27.238412% | Total_Loss: 21.586604 Causal_Loss: 21.577679 DIR_Penalty: 8.924530 Non_Causal_Loss: 25.603200
2025-12-06 18:25:56,615 - /home/kantorkristof/git/neurips-polymer/III_Experiment-Traffic-Prediction/GNN/DIR.py[line:445] - INFO: Epoch [96/1000] Train_MAPE: 24.405801% Val_MAPE: 27.170557% | Total_Loss: 21.542984 Causal_Loss: 21.531978 DIR_Penalty: 11.006003 Non_Causal_Loss: 25.058372
2025-12-06 18:25:58,046 - /home/kantorkristof/git/neurips-polymer/III_Experiment-Traffic-Prediction/GNN/DIR.py[line:445] - INFO: Epoch [97/1000] Train_MAPE: 24.258649% Val_MAPE: 26.886225% | Total_Loss: 22.076672 Causal_Loss: 22.066637 DIR_Penalty: 10.035434 Non_Causal_Loss: 26.242678
2025-12-06 18:25:59,492 - /home/kantorkristof/git/neurips-polymer/III_Experiment-Traffic-Prediction/GNN/DIR.py[line:445] - INFO: Epoch [98/1000] Train_MAPE: 24.610714% Val_MAPE: 27.537944% | Total_Loss: 21.415865 Causal_Loss: 21.403456 DIR_Penalty: 12.408197 Non_Causal_Loss: 26.161662
2025-12-06 18:26:00,950 - /home/kantorkristof/git/neurips-polymer/III_Experiment-Traffic-Prediction/GNN/DIR.py[line:445] - INFO: Epoch [99/1000] Train_MAPE: 25.697465% Val_MAPE: 28.824909% | Total_Loss: 21.845809 Causal_Loss: 21.837585 DIR_Penalty: 8.223533 Non_Causal_Loss: 25.466511
2025-12-06 18:26:02,387 - /home/kantorkristof/git/neurips-polymer/III_Experiment-Traffic-Prediction/GNN/DIR.py[line:445] - INFO: Epoch [100/1000] Train_MAPE: 27.376135% Val_MAPE: 30.279418% | Total_Loss: 21.383093 Causal_Loss: 21.370037 DIR_Penalty: 13.055699 Non_Causal_Loss: 26.223368
2025-12-06 18:26:03,800 - /home/kantorkristof/git/neurips-polymer/III_Experiment-Traffic-Prediction/GNN/DIR.py[line:445] - INFO: Epoch [101/1000] Train_MAPE: 25.735345% Val_MAPE: 29.195517% | Total_Loss: 21.625000 Causal_Loss: 21.619284 DIR_Penalty: 5.715932 Non_Causal_Loss: 24.272052
2025-12-06 18:26:05,289 - /home/kantorkristof/git/neurips-polymer/III_Experiment-Traffic-Prediction/GNN/DIR.py[line:445] - INFO: Epoch [102/1000] Train_MAPE: 26.658617% Val_MAPE: 29.818697% | Total_Loss: 21.381324 Causal_Loss: 21.369720 DIR_Penalty: 11.604327 Non_Causal_Loss: 25.868316
2025-12-06 18:26:06,828 - /home/kantorkristof/git/neurips-polymer/III_Experiment-Traffic-Prediction/GNN/DIR.py[line:445] - INFO: Epoch [103/1000] Train_MAPE: 25.167979% Val_MAPE: 28.471085% | Total_Loss: 21.029116 Causal_Loss: 21.021345 DIR_Penalty: 7.771081 Non_Causal_Loss: 24.487610
2025-12-06 18:26:08,286 - /home/kantorkristof/git/neurips-polymer/III_Experiment-Traffic-Prediction/GNN/DIR.py[line:445] - INFO: Epoch [104/1000] Train_MAPE: 25.533086% Val_MAPE: 28.602573% | Total_Loss: 21.164026 Causal_Loss: 21.155806 DIR_Penalty: 8.219432 Non_Causal_Loss: 24.545942
2025-12-06 18:26:09,817 - /home/kantorkristof/git/neurips-polymer/III_Experiment-Traffic-Prediction/GNN/DIR.py[line:445] - INFO: Epoch [105/1000] Train_MAPE: 25.552289% Val_MAPE: 28.692539% | Total_Loss: 21.382467 Causal_Loss: 21.370837 DIR_Penalty: 11.630543 Non_Causal_Loss: 25.326606
2025-12-06 18:26:11,242 - /home/kantorkristof/git/neurips-polymer/III_Experiment-Traffic-Prediction/GNN/DIR.py[line:445] - INFO: Epoch [106/1000] Train_MAPE: 26.275692% Val_MAPE: 29.384817% | Total_Loss: 20.899858 Causal_Loss: 20.887552 DIR_Penalty: 12.305192 Non_Causal_Loss: 25.299766
2025-12-06 18:26:12,709 - /home/kantorkristof/git/neurips-polymer/III_Experiment-Traffic-Prediction/GNN/DIR.py[line:445] - INFO: Epoch [107/1000] Train_MAPE: 24.993173% Val_MAPE: 28.121951% | Total_Loss: 20.624033 Causal_Loss: 20.604504 DIR_Penalty: 19.528739 Non_Causal_Loss: 25.547709
2025-12-06 18:26:14,131 - /home/kantorkristof/git/neurips-polymer/III_Experiment-Traffic-Prediction/GNN/DIR.py[line:445] - INFO: Epoch [108/1000] Train_MAPE: 24.558143% Val_MAPE: 27.355611% | Total_Loss: 21.293098 Causal_Loss: 21.279912 DIR_Penalty: 13.186797 Non_Causal_Loss: 24.837819
2025-12-06 18:26:15,574 - /home/kantorkristof/git/neurips-polymer/III_Experiment-Traffic-Prediction/GNN/DIR.py[line:445] - INFO: Epoch [109/1000] Train_MAPE: 24.589118% Val_MAPE: 27.970343% | Total_Loss: 21.312488 Causal_Loss: 21.297615 DIR_Penalty: 14.873333 Non_Causal_Loss: 25.093794
2025-12-06 18:26:17,021 - /home/kantorkristof/git/neurips-polymer/III_Experiment-Traffic-Prediction/GNN/DIR.py[line:445] - INFO: Epoch [110/1000] Train_MAPE: 24.122538% Val_MAPE: 27.114415% | Total_Loss: 21.891851 Causal_Loss: 21.882928 DIR_Penalty: 8.923167 Non_Causal_Loss: 25.092093
2025-12-06 18:26:18,437 - /home/kantorkristof/git/neurips-polymer/III_Experiment-Traffic-Prediction/GNN/DIR.py[line:445] - INFO: Epoch [111/1000] Train_MAPE: 24.561643% Val_MAPE: 27.904563% | Total_Loss: 21.606879 Causal_Loss: 21.594209 DIR_Penalty: 12.669839 Non_Causal_Loss: 25.763143
2025-12-06 18:26:19,924 - /home/kantorkristof/git/neurips-polymer/III_Experiment-Traffic-Prediction/GNN/DIR.py[line:445] - INFO: Epoch [112/1000] Train_MAPE: 24.655123% Val_MAPE: 27.980608% | Total_Loss: 21.705387 Causal_Loss: 21.696737 DIR_Penalty: 8.650513 Non_Causal_Loss: 24.759618
2025-12-06 18:26:21,389 - /home/kantorkristof/git/neurips-polymer/III_Experiment-Traffic-Prediction/GNN/DIR.py[line:445] - INFO: Epoch [113/1000] Train_MAPE: 25.606815% Val_MAPE: 28.873398% | Total_Loss: 21.300896 Causal_Loss: 21.291138 DIR_Penalty: 9.758108 Non_Causal_Loss: 25.027970
2025-12-06 18:26:22,880 - /home/kantorkristof/git/neurips-polymer/III_Experiment-Traffic-Prediction/GNN/DIR.py[line:445] - INFO: Epoch [114/1000] Train_MAPE: 24.508425% Val_MAPE: 27.629829% | Total_Loss: 21.423495 Causal_Loss: 21.415390 DIR_Penalty: 8.105269 Non_Causal_Loss: 25.000673
2025-12-06 18:26:24,315 - /home/kantorkristof/git/neurips-polymer/III_Experiment-Traffic-Prediction/GNN/DIR.py[line:445] - INFO: Epoch [115/1000] Train_MAPE: 25.726241% Val_MAPE: 28.828540% | Total_Loss: 21.127177 Causal_Loss: 21.112705 DIR_Penalty: 14.471917 Non_Causal_Loss: 25.080199
2025-12-06 18:26:25,764 - /home/kantorkristof/git/neurips-polymer/III_Experiment-Traffic-Prediction/GNN/DIR.py[line:445] - INFO: Epoch [116/1000] Train_MAPE: 25.204836% Val_MAPE: 28.467636% | Total_Loss: 21.082225 Causal_Loss: 21.073804 DIR_Penalty: 8.420910 Non_Causal_Loss: 24.678329
2025-12-06 18:26:27,201 - /home/kantorkristof/git/neurips-polymer/III_Experiment-Traffic-Prediction/GNN/DIR.py[line:445] - INFO: Epoch [117/1000] Train_MAPE: 26.156205% Val_MAPE: 29.491704% | Total_Loss: 21.539370 Causal_Loss: 21.525154 DIR_Penalty: 14.215919 Non_Causal_Loss: 26.020536
2025-12-06 18:26:28,635 - /home/kantorkristof/git/neurips-polymer/III_Experiment-Traffic-Prediction/GNN/DIR.py[line:445] - INFO: Epoch [118/1000] Train_MAPE: 24.037457% Val_MAPE: 26.357027% | Total_Loss: 21.490234 Causal_Loss: 21.474783 DIR_Penalty: 15.450650 Non_Causal_Loss: 25.664543
2025-12-06 18:26:30,078 - /home/kantorkristof/git/neurips-polymer/III_Experiment-Traffic-Prediction/GNN/DIR.py[line:445] - INFO: Epoch [119/1000] Train_MAPE: 24.062796% Val_MAPE: 26.870778% | Total_Loss: 21.245767 Causal_Loss: 21.234216 DIR_Penalty: 11.550451 Non_Causal_Loss: 24.738946
2025-12-06 18:26:31,564 - /home/kantorkristof/git/neurips-polymer/III_Experiment-Traffic-Prediction/GNN/DIR.py[line:445] - INFO: Epoch [120/1000] Train_MAPE: 24.247118% Val_MAPE: 26.869012% | Total_Loss: 21.426286 Causal_Loss: 21.416537 DIR_Penalty: 9.749935 Non_Causal_Loss: 24.716360
2025-12-06 18:26:33,017 - /home/kantorkristof/git/neurips-polymer/III_Experiment-Traffic-Prediction/GNN/DIR.py[line:445] - INFO: Epoch [121/1000] Train_MAPE: 24.386640% Val_MAPE: 27.047753% | Total_Loss: 22.525850 Causal_Loss: 22.516293 DIR_Penalty: 9.556873 Non_Causal_Loss: 24.743448
2025-12-06 18:26:34,527 - /home/kantorkristof/git/neurips-polymer/III_Experiment-Traffic-Prediction/GNN/DIR.py[line:445] - INFO: Epoch [122/1000] Train_MAPE: 23.753691% Val_MAPE: 26.174592% | Total_Loss: 20.905956 Causal_Loss: 20.898381 DIR_Penalty: 7.575249 Non_Causal_Loss: 24.175040
2025-12-06 18:26:35,995 - /home/kantorkristof/git/neurips-polymer/III_Experiment-Traffic-Prediction/GNN/DIR.py[line:445] - INFO: Epoch [123/1000] Train_MAPE: 24.553335% Val_MAPE: 27.320197% | Total_Loss: 21.549158 Causal_Loss: 21.540328 DIR_Penalty: 8.829345 Non_Causal_Loss: 25.346994
2025-12-06 18:26:37,401 - /home/kantorkristof/git/neurips-polymer/III_Experiment-Traffic-Prediction/GNN/DIR.py[line:445] - INFO: Epoch [124/1000] Train_MAPE: 25.976526% Val_MAPE: 28.761299% | Total_Loss: 21.949860 Causal_Loss: 21.943113 DIR_Penalty: 6.747287 Non_Causal_Loss: 23.638399
2025-12-06 18:26:38,860 - /home/kantorkristof/git/neurips-polymer/III_Experiment-Traffic-Prediction/GNN/DIR.py[line:445] - INFO: Epoch [125/1000] Train_MAPE: 24.728913% Val_MAPE: 27.683751% | Total_Loss: 22.216633 Causal_Loss: 22.209569 DIR_Penalty: 7.064110 Non_Causal_Loss: 25.596385
2025-12-06 18:26:40,328 - /home/kantorkristof/git/neurips-polymer/III_Experiment-Traffic-Prediction/GNN/DIR.py[line:445] - INFO: Epoch [126/1000] Train_MAPE: 25.622828% Val_MAPE: 28.536996% | Total_Loss: 21.482873 Causal_Loss: 21.467446 DIR_Penalty: 15.426996 Non_Causal_Loss: 25.953866
2025-12-06 18:26:41,773 - /home/kantorkristof/git/neurips-polymer/III_Experiment-Traffic-Prediction/GNN/DIR.py[line:445] - INFO: Epoch [127/1000] Train_MAPE: 25.175260% Val_MAPE: 27.730286% | Total_Loss: 21.923642 Causal_Loss: 21.919125 DIR_Penalty: 4.516731 Non_Causal_Loss: 24.170963
2025-12-06 18:26:43,186 - /home/kantorkristof/git/neurips-polymer/III_Experiment-Traffic-Prediction/GNN/DIR.py[line:445] - INFO: Epoch [128/1000] Train_MAPE: 26.259925% Val_MAPE: 29.653658% | Total_Loss: 21.272464 Causal_Loss: 21.257354 DIR_Penalty: 15.109982 Non_Causal_Loss: 25.919701
2025-12-06 18:26:44,660 - /home/kantorkristof/git/neurips-polymer/III_Experiment-Traffic-Prediction/GNN/DIR.py[line:445] - INFO: Epoch [129/1000] Train_MAPE: 26.572253% Val_MAPE: 29.427245% | Total_Loss: 21.852995 Causal_Loss: 21.844199 DIR_Penalty: 8.795945 Non_Causal_Loss: 24.844037
2025-12-06 18:26:46,122 - /home/kantorkristof/git/neurips-polymer/III_Experiment-Traffic-Prediction/GNN/DIR.py[line:445] - INFO: Epoch [130/1000] Train_MAPE: 23.403516% Val_MAPE: 26.433207% | Total_Loss: 21.691336 Causal_Loss: 21.679354 DIR_Penalty: 11.981637 Non_Causal_Loss: 25.857730
2025-12-06 18:26:47,582 - /home/kantorkristof/git/neurips-polymer/III_Experiment-Traffic-Prediction/GNN/DIR.py[line:445] - INFO: Epoch [131/1000] Train_MAPE: 24.920177% Val_MAPE: 28.016195% | Total_Loss: 22.011850 Causal_Loss: 22.000664 DIR_Penalty: 11.185566 Non_Causal_Loss: 24.857748
2025-12-06 18:26:48,996 - /home/kantorkristof/git/neurips-polymer/III_Experiment-Traffic-Prediction/GNN/DIR.py[line:445] - INFO: Epoch [132/1000] Train_MAPE: 24.325660% Val_MAPE: 27.757980% | Total_Loss: 21.672593 Causal_Loss: 21.663639 DIR_Penalty: 8.953685 Non_Causal_Loss: 24.303869
2025-12-06 18:26:50,418 - /home/kantorkristof/git/neurips-polymer/III_Experiment-Traffic-Prediction/GNN/DIR.py[line:445] - INFO: Epoch [133/1000] Train_MAPE: 24.302509% Val_MAPE: 27.397131% | Total_Loss: 21.558351 Causal_Loss: 21.549229 DIR_Penalty: 9.122264 Non_Causal_Loss: 24.175680
2025-12-06 18:26:51,877 - /home/kantorkristof/git/neurips-polymer/III_Experiment-Traffic-Prediction/GNN/DIR.py[line:445] - INFO: Epoch [134/1000] Train_MAPE: 23.575208% Val_MAPE: 26.406802% | Total_Loss: 20.821093 Causal_Loss: 20.807863 DIR_Penalty: 13.229728 Non_Causal_Loss: 24.950527
2025-12-06 18:26:53,315 - /home/kantorkristof/git/neurips-polymer/III_Experiment-Traffic-Prediction/GNN/DIR.py[line:445] - INFO: Epoch [135/1000] Train_MAPE: 24.986444% Val_MAPE: 27.719017% | Total_Loss: 22.495069 Causal_Loss: 22.487907 DIR_Penalty: 7.161637 Non_Causal_Loss: 25.514614
2025-12-06 18:26:54,732 - /home/kantorkristof/git/neurips-polymer/III_Experiment-Traffic-Prediction/GNN/DIR.py[line:445] - INFO: Epoch [136/1000] Train_MAPE: 25.446142% Val_MAPE: 28.511581% | Total_Loss: 21.348826 Causal_Loss: 21.340402 DIR_Penalty: 8.424971 Non_Causal_Loss: 25.209133
2025-12-06 18:26:56,136 - /home/kantorkristof/git/neurips-polymer/III_Experiment-Traffic-Prediction/GNN/DIR.py[line:445] - INFO: Epoch [137/1000] Train_MAPE: 26.323089% Val_MAPE: 29.204128% | Total_Loss: 21.837352 Causal_Loss: 21.822345 DIR_Penalty: 15.006650 Non_Causal_Loss: 26.318008
2025-12-06 18:26:57,629 - /home/kantorkristof/git/neurips-polymer/III_Experiment-Traffic-Prediction/GNN/DIR.py[line:445] - INFO: Epoch [138/1000] Train_MAPE: 24.746624% Val_MAPE: 27.655466% | Total_Loss: 21.829300 Causal_Loss: 21.820621 DIR_Penalty: 8.678296 Non_Causal_Loss: 25.573075
2025-12-06 18:26:57,629 - /home/kantorkristof/git/neurips-polymer/III_Experiment-Traffic-Prediction/GNN/DIR.py[line:469] - INFO: Early Stopping
2025-12-06 18:26:58,605 - /home/kantorkristof/git/neurips-polymer/III_Experiment-Traffic-Prediction/GNN/DIR.py[line:484] - INFO: Best model Accuracy for Avg_Travel_Time_10_km_CC, seed 42:
2025-12-06 18:26:58,605 - /home/kantorkristof/git/neurips-polymer/III_Experiment-Traffic-Prediction/GNN/DIR.py[line:485] - INFO:   Train MAPE: 21.919866%
2025-12-06 18:26:58,605 - /home/kantorkristof/git/neurips-polymer/III_Experiment-Traffic-Prediction/GNN/DIR.py[line:486] - INFO:   Val MAPE: 23.267823%
2025-12-06 18:26:58,605 - /home/kantorkristof/git/neurips-polymer/III_Experiment-Traffic-Prediction/GNN/DIR.py[line:487] - INFO:   Test MAPE: 21.370809%
2025-12-06 18:26:58,605 - /home/kantorkristof/git/neurips-polymer/III_Experiment-Traffic-Prediction/GNN/DIR.py[line:503] - INFO: 
=== Results for attribute Avg_Travel_Time_10_km_CC (MAPE) ===
2025-12-06 18:26:58,605 - /home/kantorkristof/git/neurips-polymer/III_Experiment-Traffic-Prediction/GNN/DIR.py[line:509] - INFO: Train MAPE: 21.919867% Val MAPE: 23.267824% Test MAPE: 21.370810%
