2025-12-03 10:26:02,040 - /home/kantorkristof/git/neurips-polymer/I_Experiment-Synthetic/GNN/GCN.py[line:180] - INFO: 
Model training started for property: III_Equally_Distributed_Base
2025-12-03 10:26:02,040 - /home/kantorkristof/git/neurips-polymer/I_Experiment-Synthetic/GNN/GCN.py[line:95] - INFO: 
+------------+-------+
| Parameter  | Value |
+------------+-------+
| cuda       | 7     |
+------------+-------+
| datadir    | data  |
+------------+-------+
| epoch      | 1000  |
+------------+-------+
| seed       | [42]  |
+------------+-------+
| channels   | 64    |
+------------+-------+
| pretrain   | 0     |
+------------+-------+
| batch_size | 1000  |
+------------+-------+
| net_lr     | 0.001 |
+------------+-------+
2025-12-03 10:26:02,041 - /home/kantorkristof/git/neurips-polymer/I_Experiment-Synthetic/GNN/GCN.py[line:185] - INFO: --- Starting training for III_Equally_Distributed_Base with seed 42 ---
2025-12-03 10:26:02,274 - /home/kantorkristof/git/neurips-polymer/I_Experiment-Synthetic/GNN/GCN.py[line:238] - INFO: Epoch [1/1000] Train_Acc: 0.6667 Val_Acc: 0.6667 | Loss: 0.6886
2025-12-03 10:26:02,277 - /home/kantorkristof/git/neurips-polymer/I_Experiment-Synthetic/GNN/GCN.py[line:248] - INFO: Best model saved at epoch 1 with val_acc 0.6667
2025-12-03 10:26:02,517 - /home/kantorkristof/git/neurips-polymer/I_Experiment-Synthetic/GNN/GCN.py[line:238] - INFO: Epoch [2/1000] Train_Acc: 0.6667 Val_Acc: 0.6667 | Loss: 0.6587
2025-12-03 10:26:02,749 - /home/kantorkristof/git/neurips-polymer/I_Experiment-Synthetic/GNN/GCN.py[line:238] - INFO: Epoch [3/1000] Train_Acc: 0.6667 Val_Acc: 0.6667 | Loss: 0.6371
2025-12-03 10:26:02,983 - /home/kantorkristof/git/neurips-polymer/I_Experiment-Synthetic/GNN/GCN.py[line:238] - INFO: Epoch [4/1000] Train_Acc: 0.6667 Val_Acc: 0.6667 | Loss: 0.6225
2025-12-03 10:26:03,214 - /home/kantorkristof/git/neurips-polymer/I_Experiment-Synthetic/GNN/GCN.py[line:238] - INFO: Epoch [5/1000] Train_Acc: 0.6667 Val_Acc: 0.6667 | Loss: 0.6095
2025-12-03 10:26:03,444 - /home/kantorkristof/git/neurips-polymer/I_Experiment-Synthetic/GNN/GCN.py[line:238] - INFO: Epoch [6/1000] Train_Acc: 0.6667 Val_Acc: 0.6667 | Loss: 0.5967
2025-12-03 10:26:03,693 - /home/kantorkristof/git/neurips-polymer/I_Experiment-Synthetic/GNN/GCN.py[line:238] - INFO: Epoch [7/1000] Train_Acc: 0.6667 Val_Acc: 0.6667 | Loss: 0.5797
2025-12-03 10:26:03,930 - /home/kantorkristof/git/neurips-polymer/I_Experiment-Synthetic/GNN/GCN.py[line:238] - INFO: Epoch [8/1000] Train_Acc: 0.6667 Val_Acc: 0.6667 | Loss: 0.5599
2025-12-03 10:26:04,183 - /home/kantorkristof/git/neurips-polymer/I_Experiment-Synthetic/GNN/GCN.py[line:238] - INFO: Epoch [9/1000] Train_Acc: 0.6667 Val_Acc: 0.6667 | Loss: 0.5397
2025-12-03 10:26:04,422 - /home/kantorkristof/git/neurips-polymer/I_Experiment-Synthetic/GNN/GCN.py[line:238] - INFO: Epoch [10/1000] Train_Acc: 0.6667 Val_Acc: 0.6667 | Loss: 0.5144
2025-12-03 10:26:04,663 - /home/kantorkristof/git/neurips-polymer/I_Experiment-Synthetic/GNN/GCN.py[line:238] - INFO: Epoch [11/1000] Train_Acc: 0.6667 Val_Acc: 0.6667 | Loss: 0.4838
2025-12-03 10:26:04,905 - /home/kantorkristof/git/neurips-polymer/I_Experiment-Synthetic/GNN/GCN.py[line:238] - INFO: Epoch [12/1000] Train_Acc: 0.6667 Val_Acc: 0.6667 | Loss: 0.4528
2025-12-03 10:26:05,152 - /home/kantorkristof/git/neurips-polymer/I_Experiment-Synthetic/GNN/GCN.py[line:238] - INFO: Epoch [13/1000] Train_Acc: 0.6667 Val_Acc: 0.6667 | Loss: 0.4193
2025-12-03 10:26:05,386 - /home/kantorkristof/git/neurips-polymer/I_Experiment-Synthetic/GNN/GCN.py[line:238] - INFO: Epoch [14/1000] Train_Acc: 0.7023 Val_Acc: 0.7060 | Loss: 0.3841
2025-12-03 10:26:05,388 - /home/kantorkristof/git/neurips-polymer/I_Experiment-Synthetic/GNN/GCN.py[line:248] - INFO: Best model saved at epoch 14 with val_acc 0.7060
2025-12-03 10:26:05,629 - /home/kantorkristof/git/neurips-polymer/I_Experiment-Synthetic/GNN/GCN.py[line:238] - INFO: Epoch [15/1000] Train_Acc: 0.8377 Val_Acc: 0.8343 | Loss: 0.3451
2025-12-03 10:26:05,631 - /home/kantorkristof/git/neurips-polymer/I_Experiment-Synthetic/GNN/GCN.py[line:248] - INFO: Best model saved at epoch 15 with val_acc 0.8343
2025-12-03 10:26:05,866 - /home/kantorkristof/git/neurips-polymer/I_Experiment-Synthetic/GNN/GCN.py[line:238] - INFO: Epoch [16/1000] Train_Acc: 0.8857 Val_Acc: 0.8773 | Loss: 0.3035
2025-12-03 10:26:05,868 - /home/kantorkristof/git/neurips-polymer/I_Experiment-Synthetic/GNN/GCN.py[line:248] - INFO: Best model saved at epoch 16 with val_acc 0.8773
2025-12-03 10:26:06,096 - /home/kantorkristof/git/neurips-polymer/I_Experiment-Synthetic/GNN/GCN.py[line:238] - INFO: Epoch [17/1000] Train_Acc: 0.9243 Val_Acc: 0.9253 | Loss: 0.2614
2025-12-03 10:26:06,098 - /home/kantorkristof/git/neurips-polymer/I_Experiment-Synthetic/GNN/GCN.py[line:248] - INFO: Best model saved at epoch 17 with val_acc 0.9253
2025-12-03 10:26:06,335 - /home/kantorkristof/git/neurips-polymer/I_Experiment-Synthetic/GNN/GCN.py[line:238] - INFO: Epoch [18/1000] Train_Acc: 0.9243 Val_Acc: 0.9253 | Loss: 0.2224
2025-12-03 10:26:06,571 - /home/kantorkristof/git/neurips-polymer/I_Experiment-Synthetic/GNN/GCN.py[line:238] - INFO: Epoch [19/1000] Train_Acc: 0.9243 Val_Acc: 0.9253 | Loss: 0.1833
2025-12-03 10:26:06,960 - /home/kantorkristof/git/neurips-polymer/I_Experiment-Synthetic/GNN/GCN.py[line:238] - INFO: Epoch [20/1000] Train_Acc: 0.9453 Val_Acc: 0.9457 | Loss: 0.1455
2025-12-03 10:26:06,962 - /home/kantorkristof/git/neurips-polymer/I_Experiment-Synthetic/GNN/GCN.py[line:248] - INFO: Best model saved at epoch 20 with val_acc 0.9457
2025-12-03 10:26:07,206 - /home/kantorkristof/git/neurips-polymer/I_Experiment-Synthetic/GNN/GCN.py[line:238] - INFO: Epoch [21/1000] Train_Acc: 0.9453 Val_Acc: 0.9457 | Loss: 0.1170
2025-12-03 10:26:07,449 - /home/kantorkristof/git/neurips-polymer/I_Experiment-Synthetic/GNN/GCN.py[line:238] - INFO: Epoch [22/1000] Train_Acc: 0.9453 Val_Acc: 0.9457 | Loss: 0.0883
2025-12-03 10:26:07,703 - /home/kantorkristof/git/neurips-polymer/I_Experiment-Synthetic/GNN/GCN.py[line:238] - INFO: Epoch [23/1000] Train_Acc: 0.9957 Val_Acc: 0.9967 | Loss: 0.0680
2025-12-03 10:26:07,706 - /home/kantorkristof/git/neurips-polymer/I_Experiment-Synthetic/GNN/GCN.py[line:248] - INFO: Best model saved at epoch 23 with val_acc 0.9967
2025-12-03 10:26:07,934 - /home/kantorkristof/git/neurips-polymer/I_Experiment-Synthetic/GNN/GCN.py[line:238] - INFO: Epoch [24/1000] Train_Acc: 0.9957 Val_Acc: 0.9967 | Loss: 0.0513
2025-12-03 10:26:08,161 - /home/kantorkristof/git/neurips-polymer/I_Experiment-Synthetic/GNN/GCN.py[line:238] - INFO: Epoch [25/1000] Train_Acc: 0.9957 Val_Acc: 0.9967 | Loss: 0.0406
2025-12-03 10:26:08,390 - /home/kantorkristof/git/neurips-polymer/I_Experiment-Synthetic/GNN/GCN.py[line:238] - INFO: Epoch [26/1000] Train_Acc: 0.9957 Val_Acc: 0.9967 | Loss: 0.0301
2025-12-03 10:26:08,617 - /home/kantorkristof/git/neurips-polymer/I_Experiment-Synthetic/GNN/GCN.py[line:238] - INFO: Epoch [27/1000] Train_Acc: 0.9747 Val_Acc: 0.9763 | Loss: 0.0249
2025-12-03 10:26:08,862 - /home/kantorkristof/git/neurips-polymer/I_Experiment-Synthetic/GNN/GCN.py[line:238] - INFO: Epoch [28/1000] Train_Acc: 0.7817 Val_Acc: 0.7637 | Loss: 0.0187
2025-12-03 10:26:09,092 - /home/kantorkristof/git/neurips-polymer/I_Experiment-Synthetic/GNN/GCN.py[line:238] - INFO: Epoch [29/1000] Train_Acc: 0.8707 Val_Acc: 0.8627 | Loss: 0.0132
2025-12-03 10:26:09,322 - /home/kantorkristof/git/neurips-polymer/I_Experiment-Synthetic/GNN/GCN.py[line:238] - INFO: Epoch [30/1000] Train_Acc: 0.9600 Val_Acc: 0.9590 | Loss: 0.0118
2025-12-03 10:26:09,558 - /home/kantorkristof/git/neurips-polymer/I_Experiment-Synthetic/GNN/GCN.py[line:238] - INFO: Epoch [31/1000] Train_Acc: 1.0000 Val_Acc: 1.0000 | Loss: 0.0109
2025-12-03 10:26:09,561 - /home/kantorkristof/git/neurips-polymer/I_Experiment-Synthetic/GNN/GCN.py[line:248] - INFO: Best model saved at epoch 31 with val_acc 1.0000
2025-12-03 10:26:09,561 - /home/kantorkristof/git/neurips-polymer/I_Experiment-Synthetic/GNN/GCN.py[line:258] - INFO: Validation accuracy reached 1.0, stopping training.
2025-12-03 10:26:09,787 - /home/kantorkristof/git/neurips-polymer/I_Experiment-Synthetic/GNN/GCN.py[line:273] - INFO: Legjobb modell pontosságai III_Equally_Distributed_Base esetén, seed 42:
2025-12-03 10:26:09,787 - /home/kantorkristof/git/neurips-polymer/I_Experiment-Synthetic/GNN/GCN.py[line:274] - INFO:   Train Accuracy: 1.0000
2025-12-03 10:26:09,787 - /home/kantorkristof/git/neurips-polymer/I_Experiment-Synthetic/GNN/GCN.py[line:275] - INFO:   Val Accuracy: 1.0000
2025-12-03 10:26:09,787 - /home/kantorkristof/git/neurips-polymer/I_Experiment-Synthetic/GNN/GCN.py[line:276] - INFO:   Test Accuracy: 1.0000
2025-12-03 10:26:09,787 - /home/kantorkristof/git/neurips-polymer/I_Experiment-Synthetic/GNN/GCN.py[line:292] - INFO: 
=== Eredmények az III_Equally_Distributed_Base attribútumhoz ===
2025-12-03 10:26:09,787 - /home/kantorkristof/git/neurips-polymer/I_Experiment-Synthetic/GNN/GCN.py[line:298] - INFO: Train Accuracy: 1.0000  Val Accuracy: 1.0000  Test Accuracy: 1.0000
