2025-12-05 16:57:36,735 - /home/kantorkristof/git/neurips-polymer/II_Experiment-Molecule/GNN/GAT.py[line:174] - INFO: 
Model training started for property: FFV
2025-12-05 16:57:36,736 - /home/kantorkristof/git/neurips-polymer/II_Experiment-Molecule/GNN/GAT.py[line:85] - INFO: 
+------------+--------------+
| Parameter  | Value        |
+------------+--------------+
| cuda       | 5            |
+------------+--------------+
| datadir    | data         |
+------------+--------------+
| epoch      | 1000         |
+------------+--------------+
| seed       | [42]         |
+------------+--------------+
| channels   | 64           |
+------------+--------------+
| heads      | 1            |
+------------+--------------+
| pretrain   | 0            |
+------------+--------------+
| batch_size | 32           |
+------------+--------------+
| net_lr     | 0.001        |
+------------+--------------+
2025-12-05 16:57:36,736 - /home/kantorkristof/git/neurips-polymer/II_Experiment-Molecule/GNN/GAT.py[line:179] - INFO: --- Starting training for FFV with seed 42 ---
2025-12-05 16:57:38,302 - /home/kantorkristof/git/neurips-polymer/II_Experiment-Molecule/GNN/GAT.py[line:234] - INFO: Epoch [1/1000] Train_MSE: 0.000724 Val_MSE: 0.000749 | Loss: 0.007811
2025-12-05 16:57:38,305 - /home/kantorkristof/git/neurips-polymer/II_Experiment-Molecule/GNN/GAT.py[line:244] - INFO: Best model saved at epoch 1 with val_mse 0.000749
2025-12-05 16:57:39,885 - /home/kantorkristof/git/neurips-polymer/II_Experiment-Molecule/GNN/GAT.py[line:234] - INFO: Epoch [2/1000] Train_MSE: 0.000789 Val_MSE: 0.000829 | Loss: 0.001027
2025-12-05 16:57:41,467 - /home/kantorkristof/git/neurips-polymer/II_Experiment-Molecule/GNN/GAT.py[line:234] - INFO: Epoch [3/1000] Train_MSE: 0.001005 Val_MSE: 0.001052 | Loss: 0.000949
2025-12-05 16:57:43,174 - /home/kantorkristof/git/neurips-polymer/II_Experiment-Molecule/GNN/GAT.py[line:234] - INFO: Epoch [4/1000] Train_MSE: 0.000674 Val_MSE: 0.000730 | Loss: 0.000809
2025-12-05 16:57:43,176 - /home/kantorkristof/git/neurips-polymer/II_Experiment-Molecule/GNN/GAT.py[line:244] - INFO: Best model saved at epoch 4 with val_mse 0.000730
2025-12-05 16:57:44,750 - /home/kantorkristof/git/neurips-polymer/II_Experiment-Molecule/GNN/GAT.py[line:234] - INFO: Epoch [5/1000] Train_MSE: 0.001098 Val_MSE: 0.001156 | Loss: 0.000720
2025-12-05 16:57:46,379 - /home/kantorkristof/git/neurips-polymer/II_Experiment-Molecule/GNN/GAT.py[line:234] - INFO: Epoch [6/1000] Train_MSE: 0.000429 Val_MSE: 0.000494 | Loss: 0.000663
2025-12-05 16:57:46,381 - /home/kantorkristof/git/neurips-polymer/II_Experiment-Molecule/GNN/GAT.py[line:244] - INFO: Best model saved at epoch 6 with val_mse 0.000494
2025-12-05 16:57:47,897 - /home/kantorkristof/git/neurips-polymer/II_Experiment-Molecule/GNN/GAT.py[line:234] - INFO: Epoch [7/1000] Train_MSE: 0.000979 Val_MSE: 0.001038 | Loss: 0.000650
2025-12-05 16:57:49,617 - /home/kantorkristof/git/neurips-polymer/II_Experiment-Molecule/GNN/GAT.py[line:234] - INFO: Epoch [8/1000] Train_MSE: 0.000730 Val_MSE: 0.000796 | Loss: 0.000607
2025-12-05 16:57:51,209 - /home/kantorkristof/git/neurips-polymer/II_Experiment-Molecule/GNN/GAT.py[line:234] - INFO: Epoch [9/1000] Train_MSE: 0.002106 Val_MSE: 0.002153 | Loss: 0.000582
2025-12-05 16:57:52,936 - /home/kantorkristof/git/neurips-polymer/II_Experiment-Molecule/GNN/GAT.py[line:234] - INFO: Epoch [10/1000] Train_MSE: 0.000785 Val_MSE: 0.000865 | Loss: 0.000555
2025-12-05 16:57:54,600 - /home/kantorkristof/git/neurips-polymer/II_Experiment-Molecule/GNN/GAT.py[line:234] - INFO: Epoch [11/1000] Train_MSE: 0.001129 Val_MSE: 0.001215 | Loss: 0.000560
2025-12-05 16:57:56,211 - /home/kantorkristof/git/neurips-polymer/II_Experiment-Molecule/GNN/GAT.py[line:234] - INFO: Epoch [12/1000] Train_MSE: 0.000412 Val_MSE: 0.000485 | Loss: 0.000552
2025-12-05 16:57:56,214 - /home/kantorkristof/git/neurips-polymer/II_Experiment-Molecule/GNN/GAT.py[line:244] - INFO: Best model saved at epoch 12 with val_mse 0.000485
2025-12-05 16:57:57,823 - /home/kantorkristof/git/neurips-polymer/II_Experiment-Molecule/GNN/GAT.py[line:234] - INFO: Epoch [13/1000] Train_MSE: 0.000833 Val_MSE: 0.000901 | Loss: 0.000530
2025-12-05 16:57:59,428 - /home/kantorkristof/git/neurips-polymer/II_Experiment-Molecule/GNN/GAT.py[line:234] - INFO: Epoch [14/1000] Train_MSE: 0.000604 Val_MSE: 0.000683 | Loss: 0.000528
2025-12-05 16:58:01,159 - /home/kantorkristof/git/neurips-polymer/II_Experiment-Molecule/GNN/GAT.py[line:234] - INFO: Epoch [15/1000] Train_MSE: 0.000798 Val_MSE: 0.000888 | Loss: 0.000508
2025-12-05 16:58:02,783 - /home/kantorkristof/git/neurips-polymer/II_Experiment-Molecule/GNN/GAT.py[line:234] - INFO: Epoch [16/1000] Train_MSE: 0.000458 Val_MSE: 0.000548 | Loss: 0.000490
2025-12-05 16:58:04,440 - /home/kantorkristof/git/neurips-polymer/II_Experiment-Molecule/GNN/GAT.py[line:234] - INFO: Epoch [17/1000] Train_MSE: 0.000527 Val_MSE: 0.000616 | Loss: 0.000440
2025-12-05 16:58:05,981 - /home/kantorkristof/git/neurips-polymer/II_Experiment-Molecule/GNN/GAT.py[line:234] - INFO: Epoch [18/1000] Train_MSE: 0.000453 Val_MSE: 0.000556 | Loss: 0.000437
2025-12-05 16:58:07,486 - /home/kantorkristof/git/neurips-polymer/II_Experiment-Molecule/GNN/GAT.py[line:234] - INFO: Epoch [19/1000] Train_MSE: 0.000394 Val_MSE: 0.000512 | Loss: 0.000445
2025-12-05 16:58:09,224 - /home/kantorkristof/git/neurips-polymer/II_Experiment-Molecule/GNN/GAT.py[line:234] - INFO: Epoch [20/1000] Train_MSE: 0.000400 Val_MSE: 0.000511 | Loss: 0.000468
2025-12-05 16:58:10,877 - /home/kantorkristof/git/neurips-polymer/II_Experiment-Molecule/GNN/GAT.py[line:234] - INFO: Epoch [21/1000] Train_MSE: 0.000448 Val_MSE: 0.000537 | Loss: 0.000442
2025-12-05 16:58:12,548 - /home/kantorkristof/git/neurips-polymer/II_Experiment-Molecule/GNN/GAT.py[line:234] - INFO: Epoch [22/1000] Train_MSE: 0.000410 Val_MSE: 0.000512 | Loss: 0.000410
2025-12-05 16:58:14,164 - /home/kantorkristof/git/neurips-polymer/II_Experiment-Molecule/GNN/GAT.py[line:234] - INFO: Epoch [23/1000] Train_MSE: 0.000446 Val_MSE: 0.000547 | Loss: 0.000408
2025-12-05 16:58:15,783 - /home/kantorkristof/git/neurips-polymer/II_Experiment-Molecule/GNN/GAT.py[line:234] - INFO: Epoch [24/1000] Train_MSE: 0.000479 Val_MSE: 0.000609 | Loss: 0.000415
2025-12-05 16:58:17,308 - /home/kantorkristof/git/neurips-polymer/II_Experiment-Molecule/GNN/GAT.py[line:234] - INFO: Epoch [25/1000] Train_MSE: 0.000500 Val_MSE: 0.000602 | Loss: 0.000403
2025-12-05 16:58:18,809 - /home/kantorkristof/git/neurips-polymer/II_Experiment-Molecule/GNN/GAT.py[line:234] - INFO: Epoch [26/1000] Train_MSE: 0.000385 Val_MSE: 0.000480 | Loss: 0.000418
2025-12-05 16:58:18,812 - /home/kantorkristof/git/neurips-polymer/II_Experiment-Molecule/GNN/GAT.py[line:244] - INFO: Best model saved at epoch 26 with val_mse 0.000480
2025-12-05 16:58:20,327 - /home/kantorkristof/git/neurips-polymer/II_Experiment-Molecule/GNN/GAT.py[line:234] - INFO: Epoch [27/1000] Train_MSE: 0.000358 Val_MSE: 0.000441 | Loss: 0.000392
2025-12-05 16:58:20,329 - /home/kantorkristof/git/neurips-polymer/II_Experiment-Molecule/GNN/GAT.py[line:244] - INFO: Best model saved at epoch 27 with val_mse 0.000441
2025-12-05 16:58:22,058 - /home/kantorkristof/git/neurips-polymer/II_Experiment-Molecule/GNN/GAT.py[line:234] - INFO: Epoch [28/1000] Train_MSE: 0.000414 Val_MSE: 0.000507 | Loss: 0.000393
2025-12-05 16:58:23,585 - /home/kantorkristof/git/neurips-polymer/II_Experiment-Molecule/GNN/GAT.py[line:234] - INFO: Epoch [29/1000] Train_MSE: 0.000627 Val_MSE: 0.000739 | Loss: 0.000403
2025-12-05 16:58:25,279 - /home/kantorkristof/git/neurips-polymer/II_Experiment-Molecule/GNN/GAT.py[line:234] - INFO: Epoch [30/1000] Train_MSE: 0.000395 Val_MSE: 0.000491 | Loss: 0.000405
2025-12-05 16:58:26,960 - /home/kantorkristof/git/neurips-polymer/II_Experiment-Molecule/GNN/GAT.py[line:234] - INFO: Epoch [31/1000] Train_MSE: 0.000393 Val_MSE: 0.000466 | Loss: 0.000409
2025-12-05 16:58:28,566 - /home/kantorkristof/git/neurips-polymer/II_Experiment-Molecule/GNN/GAT.py[line:234] - INFO: Epoch [32/1000] Train_MSE: 0.000466 Val_MSE: 0.000532 | Loss: 0.000399
2025-12-05 16:58:30,218 - /home/kantorkristof/git/neurips-polymer/II_Experiment-Molecule/GNN/GAT.py[line:234] - INFO: Epoch [33/1000] Train_MSE: 0.000550 Val_MSE: 0.000627 | Loss: 0.000384
2025-12-05 16:58:31,846 - /home/kantorkristof/git/neurips-polymer/II_Experiment-Molecule/GNN/GAT.py[line:234] - INFO: Epoch [34/1000] Train_MSE: 0.000366 Val_MSE: 0.000432 | Loss: 0.000385
2025-12-05 16:58:31,849 - /home/kantorkristof/git/neurips-polymer/II_Experiment-Molecule/GNN/GAT.py[line:244] - INFO: Best model saved at epoch 34 with val_mse 0.000432
2025-12-05 16:58:33,456 - /home/kantorkristof/git/neurips-polymer/II_Experiment-Molecule/GNN/GAT.py[line:234] - INFO: Epoch [35/1000] Train_MSE: 0.000657 Val_MSE: 0.000809 | Loss: 0.000365
2025-12-05 16:58:35,113 - /home/kantorkristof/git/neurips-polymer/II_Experiment-Molecule/GNN/GAT.py[line:234] - INFO: Epoch [36/1000] Train_MSE: 0.002896 Val_MSE: 0.003009 | Loss: 0.000397
2025-12-05 16:58:36,750 - /home/kantorkristof/git/neurips-polymer/II_Experiment-Molecule/GNN/GAT.py[line:234] - INFO: Epoch [37/1000] Train_MSE: 0.000370 Val_MSE: 0.000426 | Loss: 0.000372
2025-12-05 16:58:36,753 - /home/kantorkristof/git/neurips-polymer/II_Experiment-Molecule/GNN/GAT.py[line:244] - INFO: Best model saved at epoch 37 with val_mse 0.000426
2025-12-05 16:58:38,376 - /home/kantorkristof/git/neurips-polymer/II_Experiment-Molecule/GNN/GAT.py[line:234] - INFO: Epoch [38/1000] Train_MSE: 0.001218 Val_MSE: 0.001241 | Loss: 0.000389
2025-12-05 16:58:39,987 - /home/kantorkristof/git/neurips-polymer/II_Experiment-Molecule/GNN/GAT.py[line:234] - INFO: Epoch [39/1000] Train_MSE: 0.000451 Val_MSE: 0.000504 | Loss: 0.000388
2025-12-05 16:58:41,590 - /home/kantorkristof/git/neurips-polymer/II_Experiment-Molecule/GNN/GAT.py[line:234] - INFO: Epoch [40/1000] Train_MSE: 0.000373 Val_MSE: 0.000436 | Loss: 0.000380
2025-12-05 16:58:43,129 - /home/kantorkristof/git/neurips-polymer/II_Experiment-Molecule/GNN/GAT.py[line:234] - INFO: Epoch [41/1000] Train_MSE: 0.000485 Val_MSE: 0.000568 | Loss: 0.000375
2025-12-05 16:58:44,785 - /home/kantorkristof/git/neurips-polymer/II_Experiment-Molecule/GNN/GAT.py[line:234] - INFO: Epoch [42/1000] Train_MSE: 0.000518 Val_MSE: 0.000602 | Loss: 0.000381
2025-12-05 16:58:46,427 - /home/kantorkristof/git/neurips-polymer/II_Experiment-Molecule/GNN/GAT.py[line:234] - INFO: Epoch [43/1000] Train_MSE: 0.000363 Val_MSE: 0.000418 | Loss: 0.000366
2025-12-05 16:58:46,430 - /home/kantorkristof/git/neurips-polymer/II_Experiment-Molecule/GNN/GAT.py[line:244] - INFO: Best model saved at epoch 43 with val_mse 0.000418
2025-12-05 16:58:48,017 - /home/kantorkristof/git/neurips-polymer/II_Experiment-Molecule/GNN/GAT.py[line:234] - INFO: Epoch [44/1000] Train_MSE: 0.000350 Val_MSE: 0.000384 | Loss: 0.000369
2025-12-05 16:58:48,020 - /home/kantorkristof/git/neurips-polymer/II_Experiment-Molecule/GNN/GAT.py[line:244] - INFO: Best model saved at epoch 44 with val_mse 0.000384
2025-12-05 16:58:49,613 - /home/kantorkristof/git/neurips-polymer/II_Experiment-Molecule/GNN/GAT.py[line:234] - INFO: Epoch [45/1000] Train_MSE: 0.000369 Val_MSE: 0.000370 | Loss: 0.000364
2025-12-05 16:58:49,616 - /home/kantorkristof/git/neurips-polymer/II_Experiment-Molecule/GNN/GAT.py[line:244] - INFO: Best model saved at epoch 45 with val_mse 0.000370
2025-12-05 16:58:51,103 - /home/kantorkristof/git/neurips-polymer/II_Experiment-Molecule/GNN/GAT.py[line:234] - INFO: Epoch [46/1000] Train_MSE: 0.000420 Val_MSE: 0.000423 | Loss: 0.000364
2025-12-05 16:58:52,678 - /home/kantorkristof/git/neurips-polymer/II_Experiment-Molecule/GNN/GAT.py[line:234] - INFO: Epoch [47/1000] Train_MSE: 0.000354 Val_MSE: 0.000341 | Loss: 0.000369
2025-12-05 16:58:52,681 - /home/kantorkristof/git/neurips-polymer/II_Experiment-Molecule/GNN/GAT.py[line:244] - INFO: Best model saved at epoch 47 with val_mse 0.000341
2025-12-05 16:58:54,284 - /home/kantorkristof/git/neurips-polymer/II_Experiment-Molecule/GNN/GAT.py[line:234] - INFO: Epoch [48/1000] Train_MSE: 0.000398 Val_MSE: 0.000406 | Loss: 0.000367
2025-12-05 16:58:55,855 - /home/kantorkristof/git/neurips-polymer/II_Experiment-Molecule/GNN/GAT.py[line:234] - INFO: Epoch [49/1000] Train_MSE: 0.000339 Val_MSE: 0.000353 | Loss: 0.000360
2025-12-05 16:58:57,536 - /home/kantorkristof/git/neurips-polymer/II_Experiment-Molecule/GNN/GAT.py[line:234] - INFO: Epoch [50/1000] Train_MSE: 0.000318 Val_MSE: 0.000339 | Loss: 0.000354
2025-12-05 16:58:57,539 - /home/kantorkristof/git/neurips-polymer/II_Experiment-Molecule/GNN/GAT.py[line:244] - INFO: Best model saved at epoch 50 with val_mse 0.000339
2025-12-05 16:58:59,242 - /home/kantorkristof/git/neurips-polymer/II_Experiment-Molecule/GNN/GAT.py[line:234] - INFO: Epoch [51/1000] Train_MSE: 0.000346 Val_MSE: 0.000336 | Loss: 0.000346
2025-12-05 16:58:59,244 - /home/kantorkristof/git/neurips-polymer/II_Experiment-Molecule/GNN/GAT.py[line:244] - INFO: Best model saved at epoch 51 with val_mse 0.000336
2025-12-05 16:59:00,908 - /home/kantorkristof/git/neurips-polymer/II_Experiment-Molecule/GNN/GAT.py[line:234] - INFO: Epoch [52/1000] Train_MSE: 0.000337 Val_MSE: 0.000365 | Loss: 0.000350
2025-12-05 16:59:02,537 - /home/kantorkristof/git/neurips-polymer/II_Experiment-Molecule/GNN/GAT.py[line:234] - INFO: Epoch [53/1000] Train_MSE: 0.000306 Val_MSE: 0.000315 | Loss: 0.000369
2025-12-05 16:59:02,539 - /home/kantorkristof/git/neurips-polymer/II_Experiment-Molecule/GNN/GAT.py[line:244] - INFO: Best model saved at epoch 53 with val_mse 0.000315
2025-12-05 16:59:04,160 - /home/kantorkristof/git/neurips-polymer/II_Experiment-Molecule/GNN/GAT.py[line:234] - INFO: Epoch [54/1000] Train_MSE: 0.000418 Val_MSE: 0.000452 | Loss: 0.000342
2025-12-05 16:59:05,685 - /home/kantorkristof/git/neurips-polymer/II_Experiment-Molecule/GNN/GAT.py[line:234] - INFO: Epoch [55/1000] Train_MSE: 0.000356 Val_MSE: 0.000348 | Loss: 0.000367
2025-12-05 16:59:07,218 - /home/kantorkristof/git/neurips-polymer/II_Experiment-Molecule/GNN/GAT.py[line:234] - INFO: Epoch [56/1000] Train_MSE: 0.000352 Val_MSE: 0.000363 | Loss: 0.000353
2025-12-05 16:59:08,762 - /home/kantorkristof/git/neurips-polymer/II_Experiment-Molecule/GNN/GAT.py[line:234] - INFO: Epoch [57/1000] Train_MSE: 0.000383 Val_MSE: 0.000418 | Loss: 0.000362
2025-12-05 16:59:10,439 - /home/kantorkristof/git/neurips-polymer/II_Experiment-Molecule/GNN/GAT.py[line:234] - INFO: Epoch [58/1000] Train_MSE: 0.000350 Val_MSE: 0.000396 | Loss: 0.000345
2025-12-05 16:59:12,101 - /home/kantorkristof/git/neurips-polymer/II_Experiment-Molecule/GNN/GAT.py[line:234] - INFO: Epoch [59/1000] Train_MSE: 0.000377 Val_MSE: 0.000432 | Loss: 0.000368
2025-12-05 16:59:13,666 - /home/kantorkristof/git/neurips-polymer/II_Experiment-Molecule/GNN/GAT.py[line:234] - INFO: Epoch [60/1000] Train_MSE: 0.000476 Val_MSE: 0.000483 | Loss: 0.000349
2025-12-05 16:59:15,205 - /home/kantorkristof/git/neurips-polymer/II_Experiment-Molecule/GNN/GAT.py[line:234] - INFO: Epoch [61/1000] Train_MSE: 0.000590 Val_MSE: 0.000584 | Loss: 0.000374
2025-12-05 16:59:16,811 - /home/kantorkristof/git/neurips-polymer/II_Experiment-Molecule/GNN/GAT.py[line:234] - INFO: Epoch [62/1000] Train_MSE: 0.000331 Val_MSE: 0.000324 | Loss: 0.000354
2025-12-05 16:59:18,353 - /home/kantorkristof/git/neurips-polymer/II_Experiment-Molecule/GNN/GAT.py[line:234] - INFO: Epoch [63/1000] Train_MSE: 0.000367 Val_MSE: 0.000390 | Loss: 0.000331
2025-12-05 16:59:19,867 - /home/kantorkristof/git/neurips-polymer/II_Experiment-Molecule/GNN/GAT.py[line:234] - INFO: Epoch [64/1000] Train_MSE: 0.000737 Val_MSE: 0.000685 | Loss: 0.000351
2025-12-05 16:59:21,581 - /home/kantorkristof/git/neurips-polymer/II_Experiment-Molecule/GNN/GAT.py[line:234] - INFO: Epoch [65/1000] Train_MSE: 0.000335 Val_MSE: 0.000363 | Loss: 0.000331
2025-12-05 16:59:23,236 - /home/kantorkristof/git/neurips-polymer/II_Experiment-Molecule/GNN/GAT.py[line:234] - INFO: Epoch [66/1000] Train_MSE: 0.000413 Val_MSE: 0.000468 | Loss: 0.000322
2025-12-05 16:59:24,880 - /home/kantorkristof/git/neurips-polymer/II_Experiment-Molecule/GNN/GAT.py[line:234] - INFO: Epoch [67/1000] Train_MSE: 0.000299 Val_MSE: 0.000327 | Loss: 0.000350
2025-12-05 16:59:26,534 - /home/kantorkristof/git/neurips-polymer/II_Experiment-Molecule/GNN/GAT.py[line:234] - INFO: Epoch [68/1000] Train_MSE: 0.000513 Val_MSE: 0.000556 | Loss: 0.000341
2025-12-05 16:59:28,188 - /home/kantorkristof/git/neurips-polymer/II_Experiment-Molecule/GNN/GAT.py[line:234] - INFO: Epoch [69/1000] Train_MSE: 0.000363 Val_MSE: 0.000373 | Loss: 0.000366
2025-12-05 16:59:29,677 - /home/kantorkristof/git/neurips-polymer/II_Experiment-Molecule/GNN/GAT.py[line:234] - INFO: Epoch [70/1000] Train_MSE: 0.000355 Val_MSE: 0.000358 | Loss: 0.000347
2025-12-05 16:59:31,195 - /home/kantorkristof/git/neurips-polymer/II_Experiment-Molecule/GNN/GAT.py[line:234] - INFO: Epoch [71/1000] Train_MSE: 0.000357 Val_MSE: 0.000398 | Loss: 0.000349
2025-12-05 16:59:32,698 - /home/kantorkristof/git/neurips-polymer/II_Experiment-Molecule/GNN/GAT.py[line:234] - INFO: Epoch [72/1000] Train_MSE: 0.000291 Val_MSE: 0.000341 | Loss: 0.000337
2025-12-05 16:59:34,217 - /home/kantorkristof/git/neurips-polymer/II_Experiment-Molecule/GNN/GAT.py[line:234] - INFO: Epoch [73/1000] Train_MSE: 0.000419 Val_MSE: 0.000412 | Loss: 0.000326
2025-12-05 16:59:35,720 - /home/kantorkristof/git/neurips-polymer/II_Experiment-Molecule/GNN/GAT.py[line:234] - INFO: Epoch [74/1000] Train_MSE: 0.000315 Val_MSE: 0.000330 | Loss: 0.000338
2025-12-05 16:59:37,225 - /home/kantorkristof/git/neurips-polymer/II_Experiment-Molecule/GNN/GAT.py[line:234] - INFO: Epoch [75/1000] Train_MSE: 0.000302 Val_MSE: 0.000319 | Loss: 0.000335
2025-12-05 16:59:38,773 - /home/kantorkristof/git/neurips-polymer/II_Experiment-Molecule/GNN/GAT.py[line:234] - INFO: Epoch [76/1000] Train_MSE: 0.000594 Val_MSE: 0.000645 | Loss: 0.000325
2025-12-05 16:59:40,303 - /home/kantorkristof/git/neurips-polymer/II_Experiment-Molecule/GNN/GAT.py[line:234] - INFO: Epoch [77/1000] Train_MSE: 0.000335 Val_MSE: 0.000336 | Loss: 0.000332
2025-12-05 16:59:41,825 - /home/kantorkristof/git/neurips-polymer/II_Experiment-Molecule/GNN/GAT.py[line:234] - INFO: Epoch [78/1000] Train_MSE: 0.000361 Val_MSE: 0.000393 | Loss: 0.000347
2025-12-05 16:59:43,454 - /home/kantorkristof/git/neurips-polymer/II_Experiment-Molecule/GNN/GAT.py[line:234] - INFO: Epoch [79/1000] Train_MSE: 0.000380 Val_MSE: 0.000366 | Loss: 0.000319
2025-12-05 16:59:45,056 - /home/kantorkristof/git/neurips-polymer/II_Experiment-Molecule/GNN/GAT.py[line:234] - INFO: Epoch [80/1000] Train_MSE: 0.000322 Val_MSE: 0.000352 | Loss: 0.000322
2025-12-05 16:59:46,625 - /home/kantorkristof/git/neurips-polymer/II_Experiment-Molecule/GNN/GAT.py[line:234] - INFO: Epoch [81/1000] Train_MSE: 0.000536 Val_MSE: 0.000537 | Loss: 0.000360
2025-12-05 16:59:48,153 - /home/kantorkristof/git/neurips-polymer/II_Experiment-Molecule/GNN/GAT.py[line:234] - INFO: Epoch [82/1000] Train_MSE: 0.000356 Val_MSE: 0.000390 | Loss: 0.000327
2025-12-05 16:59:49,709 - /home/kantorkristof/git/neurips-polymer/II_Experiment-Molecule/GNN/GAT.py[line:234] - INFO: Epoch [83/1000] Train_MSE: 0.000364 Val_MSE: 0.000405 | Loss: 0.000308
2025-12-05 16:59:51,249 - /home/kantorkristof/git/neurips-polymer/II_Experiment-Molecule/GNN/GAT.py[line:234] - INFO: Epoch [84/1000] Train_MSE: 0.000344 Val_MSE: 0.000397 | Loss: 0.000341
2025-12-05 16:59:52,754 - /home/kantorkristof/git/neurips-polymer/II_Experiment-Molecule/GNN/GAT.py[line:234] - INFO: Epoch [85/1000] Train_MSE: 0.000324 Val_MSE: 0.000376 | Loss: 0.000335
2025-12-05 16:59:54,377 - /home/kantorkristof/git/neurips-polymer/II_Experiment-Molecule/GNN/GAT.py[line:234] - INFO: Epoch [86/1000] Train_MSE: 0.000433 Val_MSE: 0.000428 | Loss: 0.000308
2025-12-05 16:59:55,985 - /home/kantorkristof/git/neurips-polymer/II_Experiment-Molecule/GNN/GAT.py[line:234] - INFO: Epoch [87/1000] Train_MSE: 0.000369 Val_MSE: 0.000367 | Loss: 0.000328
2025-12-05 16:59:57,569 - /home/kantorkristof/git/neurips-polymer/II_Experiment-Molecule/GNN/GAT.py[line:234] - INFO: Epoch [88/1000] Train_MSE: 0.000303 Val_MSE: 0.000361 | Loss: 0.000319
2025-12-05 16:59:59,102 - /home/kantorkristof/git/neurips-polymer/II_Experiment-Molecule/GNN/GAT.py[line:234] - INFO: Epoch [89/1000] Train_MSE: 0.000358 Val_MSE: 0.000399 | Loss: 0.000317
2025-12-05 17:00:00,794 - /home/kantorkristof/git/neurips-polymer/II_Experiment-Molecule/GNN/GAT.py[line:234] - INFO: Epoch [90/1000] Train_MSE: 0.000408 Val_MSE: 0.000404 | Loss: 0.000317
2025-12-05 17:00:02,396 - /home/kantorkristof/git/neurips-polymer/II_Experiment-Molecule/GNN/GAT.py[line:234] - INFO: Epoch [91/1000] Train_MSE: 0.000586 Val_MSE: 0.000620 | Loss: 0.000316
2025-12-05 17:00:03,968 - /home/kantorkristof/git/neurips-polymer/II_Experiment-Molecule/GNN/GAT.py[line:234] - INFO: Epoch [92/1000] Train_MSE: 0.000368 Val_MSE: 0.000388 | Loss: 0.000307
2025-12-05 17:00:05,554 - /home/kantorkristof/git/neurips-polymer/II_Experiment-Molecule/GNN/GAT.py[line:234] - INFO: Epoch [93/1000] Train_MSE: 0.000302 Val_MSE: 0.000338 | Loss: 0.000316
2025-12-05 17:00:07,138 - /home/kantorkristof/git/neurips-polymer/II_Experiment-Molecule/GNN/GAT.py[line:234] - INFO: Epoch [94/1000] Train_MSE: 0.000393 Val_MSE: 0.000454 | Loss: 0.000308
2025-12-05 17:00:08,927 - /home/kantorkristof/git/neurips-polymer/II_Experiment-Molecule/GNN/GAT.py[line:234] - INFO: Epoch [95/1000] Train_MSE: 0.000351 Val_MSE: 0.000394 | Loss: 0.000308
2025-12-05 17:00:10,527 - /home/kantorkristof/git/neurips-polymer/II_Experiment-Molecule/GNN/GAT.py[line:234] - INFO: Epoch [96/1000] Train_MSE: 0.000325 Val_MSE: 0.000401 | Loss: 0.000291
2025-12-05 17:00:12,088 - /home/kantorkristof/git/neurips-polymer/II_Experiment-Molecule/GNN/GAT.py[line:234] - INFO: Epoch [97/1000] Train_MSE: 0.000275 Val_MSE: 0.000334 | Loss: 0.000319
2025-12-05 17:00:13,627 - /home/kantorkristof/git/neurips-polymer/II_Experiment-Molecule/GNN/GAT.py[line:234] - INFO: Epoch [98/1000] Train_MSE: 0.000396 Val_MSE: 0.000447 | Loss: 0.000287
2025-12-05 17:00:15,153 - /home/kantorkristof/git/neurips-polymer/II_Experiment-Molecule/GNN/GAT.py[line:234] - INFO: Epoch [99/1000] Train_MSE: 0.000325 Val_MSE: 0.000373 | Loss: 0.000324
2025-12-05 17:00:16,692 - /home/kantorkristof/git/neurips-polymer/II_Experiment-Molecule/GNN/GAT.py[line:234] - INFO: Epoch [100/1000] Train_MSE: 0.000299 Val_MSE: 0.000317 | Loss: 0.000316
2025-12-05 17:00:18,187 - /home/kantorkristof/git/neurips-polymer/II_Experiment-Molecule/GNN/GAT.py[line:234] - INFO: Epoch [101/1000] Train_MSE: 0.000764 Val_MSE: 0.000776 | Loss: 0.000328
2025-12-05 17:00:19,801 - /home/kantorkristof/git/neurips-polymer/II_Experiment-Molecule/GNN/GAT.py[line:234] - INFO: Epoch [102/1000] Train_MSE: 0.000296 Val_MSE: 0.000300 | Loss: 0.000315
2025-12-05 17:00:19,803 - /home/kantorkristof/git/neurips-polymer/II_Experiment-Molecule/GNN/GAT.py[line:244] - INFO: Best model saved at epoch 102 with val_mse 0.000300
2025-12-05 17:00:21,424 - /home/kantorkristof/git/neurips-polymer/II_Experiment-Molecule/GNN/GAT.py[line:234] - INFO: Epoch [103/1000] Train_MSE: 0.000707 Val_MSE: 0.000717 | Loss: 0.000320
2025-12-05 17:00:22,946 - /home/kantorkristof/git/neurips-polymer/II_Experiment-Molecule/GNN/GAT.py[line:234] - INFO: Epoch [104/1000] Train_MSE: 0.000334 Val_MSE: 0.000377 | Loss: 0.000328
2025-12-05 17:00:24,450 - /home/kantorkristof/git/neurips-polymer/II_Experiment-Molecule/GNN/GAT.py[line:234] - INFO: Epoch [105/1000] Train_MSE: 0.000266 Val_MSE: 0.000300 | Loss: 0.000308
2025-12-05 17:00:24,453 - /home/kantorkristof/git/neurips-polymer/II_Experiment-Molecule/GNN/GAT.py[line:244] - INFO: Best model saved at epoch 105 with val_mse 0.000300
2025-12-05 17:00:26,098 - /home/kantorkristof/git/neurips-polymer/II_Experiment-Molecule/GNN/GAT.py[line:234] - INFO: Epoch [106/1000] Train_MSE: 0.000372 Val_MSE: 0.000477 | Loss: 0.000291
2025-12-05 17:00:27,740 - /home/kantorkristof/git/neurips-polymer/II_Experiment-Molecule/GNN/GAT.py[line:234] - INFO: Epoch [107/1000] Train_MSE: 0.000288 Val_MSE: 0.000331 | Loss: 0.000296
2025-12-05 17:00:29,377 - /home/kantorkristof/git/neurips-polymer/II_Experiment-Molecule/GNN/GAT.py[line:234] - INFO: Epoch [108/1000] Train_MSE: 0.000415 Val_MSE: 0.000466 | Loss: 0.000288
2025-12-05 17:00:31,060 - /home/kantorkristof/git/neurips-polymer/II_Experiment-Molecule/GNN/GAT.py[line:234] - INFO: Epoch [109/1000] Train_MSE: 0.000437 Val_MSE: 0.000489 | Loss: 0.000296
2025-12-05 17:00:32,643 - /home/kantorkristof/git/neurips-polymer/II_Experiment-Molecule/GNN/GAT.py[line:234] - INFO: Epoch [110/1000] Train_MSE: 0.000269 Val_MSE: 0.000353 | Loss: 0.000278
2025-12-05 17:00:34,239 - /home/kantorkristof/git/neurips-polymer/II_Experiment-Molecule/GNN/GAT.py[line:234] - INFO: Epoch [111/1000] Train_MSE: 0.000482 Val_MSE: 0.000554 | Loss: 0.000276
2025-12-05 17:00:35,884 - /home/kantorkristof/git/neurips-polymer/II_Experiment-Molecule/GNN/GAT.py[line:234] - INFO: Epoch [112/1000] Train_MSE: 0.000407 Val_MSE: 0.000500 | Loss: 0.000273
2025-12-05 17:00:37,428 - /home/kantorkristof/git/neurips-polymer/II_Experiment-Molecule/GNN/GAT.py[line:234] - INFO: Epoch [113/1000] Train_MSE: 0.000306 Val_MSE: 0.000425 | Loss: 0.000292
2025-12-05 17:00:39,079 - /home/kantorkristof/git/neurips-polymer/II_Experiment-Molecule/GNN/GAT.py[line:234] - INFO: Epoch [114/1000] Train_MSE: 0.000361 Val_MSE: 0.000415 | Loss: 0.000302
2025-12-05 17:00:40,763 - /home/kantorkristof/git/neurips-polymer/II_Experiment-Molecule/GNN/GAT.py[line:234] - INFO: Epoch [115/1000] Train_MSE: 0.000433 Val_MSE: 0.000508 | Loss: 0.000285
2025-12-05 17:00:42,265 - /home/kantorkristof/git/neurips-polymer/II_Experiment-Molecule/GNN/GAT.py[line:234] - INFO: Epoch [116/1000] Train_MSE: 0.000290 Val_MSE: 0.000332 | Loss: 0.000303
2025-12-05 17:00:43,811 - /home/kantorkristof/git/neurips-polymer/II_Experiment-Molecule/GNN/GAT.py[line:234] - INFO: Epoch [117/1000] Train_MSE: 0.000305 Val_MSE: 0.000352 | Loss: 0.000291
2025-12-05 17:00:45,400 - /home/kantorkristof/git/neurips-polymer/II_Experiment-Molecule/GNN/GAT.py[line:234] - INFO: Epoch [118/1000] Train_MSE: 0.000277 Val_MSE: 0.000347 | Loss: 0.000306
2025-12-05 17:00:47,066 - /home/kantorkristof/git/neurips-polymer/II_Experiment-Molecule/GNN/GAT.py[line:234] - INFO: Epoch [119/1000] Train_MSE: 0.000294 Val_MSE: 0.000338 | Loss: 0.000291
2025-12-05 17:00:48,688 - /home/kantorkristof/git/neurips-polymer/II_Experiment-Molecule/GNN/GAT.py[line:234] - INFO: Epoch [120/1000] Train_MSE: 0.000322 Val_MSE: 0.000385 | Loss: 0.000297
2025-12-05 17:00:50,310 - /home/kantorkristof/git/neurips-polymer/II_Experiment-Molecule/GNN/GAT.py[line:234] - INFO: Epoch [121/1000] Train_MSE: 0.000348 Val_MSE: 0.000442 | Loss: 0.000304
2025-12-05 17:00:51,809 - /home/kantorkristof/git/neurips-polymer/II_Experiment-Molecule/GNN/GAT.py[line:234] - INFO: Epoch [122/1000] Train_MSE: 0.000823 Val_MSE: 0.000847 | Loss: 0.000271
2025-12-05 17:00:53,319 - /home/kantorkristof/git/neurips-polymer/II_Experiment-Molecule/GNN/GAT.py[line:234] - INFO: Epoch [123/1000] Train_MSE: 0.000413 Val_MSE: 0.000432 | Loss: 0.000286
2025-12-05 17:00:54,823 - /home/kantorkristof/git/neurips-polymer/II_Experiment-Molecule/GNN/GAT.py[line:234] - INFO: Epoch [124/1000] Train_MSE: 0.000486 Val_MSE: 0.000568 | Loss: 0.000277
2025-12-05 17:00:56,327 - /home/kantorkristof/git/neurips-polymer/II_Experiment-Molecule/GNN/GAT.py[line:234] - INFO: Epoch [125/1000] Train_MSE: 0.000256 Val_MSE: 0.000317 | Loss: 0.000291
2025-12-05 17:00:57,812 - /home/kantorkristof/git/neurips-polymer/II_Experiment-Molecule/GNN/GAT.py[line:234] - INFO: Epoch [126/1000] Train_MSE: 0.000277 Val_MSE: 0.000366 | Loss: 0.000255
2025-12-05 17:00:59,414 - /home/kantorkristof/git/neurips-polymer/II_Experiment-Molecule/GNN/GAT.py[line:234] - INFO: Epoch [127/1000] Train_MSE: 0.000310 Val_MSE: 0.000372 | Loss: 0.000294
2025-12-05 17:01:01,095 - /home/kantorkristof/git/neurips-polymer/II_Experiment-Molecule/GNN/GAT.py[line:234] - INFO: Epoch [128/1000] Train_MSE: 0.000258 Val_MSE: 0.000329 | Loss: 0.000304
2025-12-05 17:01:02,667 - /home/kantorkristof/git/neurips-polymer/II_Experiment-Molecule/GNN/GAT.py[line:234] - INFO: Epoch [129/1000] Train_MSE: 0.000421 Val_MSE: 0.000478 | Loss: 0.000304
2025-12-05 17:01:04,167 - /home/kantorkristof/git/neurips-polymer/II_Experiment-Molecule/GNN/GAT.py[line:234] - INFO: Epoch [130/1000] Train_MSE: 0.000273 Val_MSE: 0.000275 | Loss: 0.000325
2025-12-05 17:01:04,170 - /home/kantorkristof/git/neurips-polymer/II_Experiment-Molecule/GNN/GAT.py[line:244] - INFO: Best model saved at epoch 130 with val_mse 0.000275
2025-12-05 17:01:05,656 - /home/kantorkristof/git/neurips-polymer/II_Experiment-Molecule/GNN/GAT.py[line:234] - INFO: Epoch [131/1000] Train_MSE: 0.000772 Val_MSE: 0.000843 | Loss: 0.000306
2025-12-05 17:01:07,213 - /home/kantorkristof/git/neurips-polymer/II_Experiment-Molecule/GNN/GAT.py[line:234] - INFO: Epoch [132/1000] Train_MSE: 0.000270 Val_MSE: 0.000337 | Loss: 0.000303
2025-12-05 17:01:08,735 - /home/kantorkristof/git/neurips-polymer/II_Experiment-Molecule/GNN/GAT.py[line:234] - INFO: Epoch [133/1000] Train_MSE: 0.000374 Val_MSE: 0.000543 | Loss: 0.000292
2025-12-05 17:01:10,423 - /home/kantorkristof/git/neurips-polymer/II_Experiment-Molecule/GNN/GAT.py[line:234] - INFO: Epoch [134/1000] Train_MSE: 0.000971 Val_MSE: 0.001151 | Loss: 0.000262
2025-12-05 17:01:12,025 - /home/kantorkristof/git/neurips-polymer/II_Experiment-Molecule/GNN/GAT.py[line:234] - INFO: Epoch [135/1000] Train_MSE: 0.000285 Val_MSE: 0.000315 | Loss: 0.000291
2025-12-05 17:01:13,732 - /home/kantorkristof/git/neurips-polymer/II_Experiment-Molecule/GNN/GAT.py[line:234] - INFO: Epoch [136/1000] Train_MSE: 0.000435 Val_MSE: 0.000557 | Loss: 0.000304
2025-12-05 17:01:15,356 - /home/kantorkristof/git/neurips-polymer/II_Experiment-Molecule/GNN/GAT.py[line:234] - INFO: Epoch [137/1000] Train_MSE: 0.000454 Val_MSE: 0.000477 | Loss: 0.000276
2025-12-05 17:01:16,963 - /home/kantorkristof/git/neurips-polymer/II_Experiment-Molecule/GNN/GAT.py[line:234] - INFO: Epoch [138/1000] Train_MSE: 0.000280 Val_MSE: 0.000348 | Loss: 0.000251
2025-12-05 17:01:18,590 - /home/kantorkristof/git/neurips-polymer/II_Experiment-Molecule/GNN/GAT.py[line:234] - INFO: Epoch [139/1000] Train_MSE: 0.000255 Val_MSE: 0.000310 | Loss: 0.000267
2025-12-05 17:01:20,184 - /home/kantorkristof/git/neurips-polymer/II_Experiment-Molecule/GNN/GAT.py[line:234] - INFO: Epoch [140/1000] Train_MSE: 0.000417 Val_MSE: 0.000437 | Loss: 0.000285
2025-12-05 17:01:21,690 - /home/kantorkristof/git/neurips-polymer/II_Experiment-Molecule/GNN/GAT.py[line:234] - INFO: Epoch [141/1000] Train_MSE: 0.000292 Val_MSE: 0.000375 | Loss: 0.000281
2025-12-05 17:01:23,203 - /home/kantorkristof/git/neurips-polymer/II_Experiment-Molecule/GNN/GAT.py[line:234] - INFO: Epoch [142/1000] Train_MSE: 0.000357 Val_MSE: 0.000444 | Loss: 0.000284
2025-12-05 17:01:24,800 - /home/kantorkristof/git/neurips-polymer/II_Experiment-Molecule/GNN/GAT.py[line:234] - INFO: Epoch [143/1000] Train_MSE: 0.000394 Val_MSE: 0.000462 | Loss: 0.000250
2025-12-05 17:01:26,305 - /home/kantorkristof/git/neurips-polymer/II_Experiment-Molecule/GNN/GAT.py[line:234] - INFO: Epoch [144/1000] Train_MSE: 0.000282 Val_MSE: 0.000352 | Loss: 0.000303
2025-12-05 17:01:27,815 - /home/kantorkristof/git/neurips-polymer/II_Experiment-Molecule/GNN/GAT.py[line:234] - INFO: Epoch [145/1000] Train_MSE: 0.000327 Val_MSE: 0.000428 | Loss: 0.000278
2025-12-05 17:01:29,334 - /home/kantorkristof/git/neurips-polymer/II_Experiment-Molecule/GNN/GAT.py[line:234] - INFO: Epoch [146/1000] Train_MSE: 0.000283 Val_MSE: 0.000317 | Loss: 0.000284
2025-12-05 17:01:30,897 - /home/kantorkristof/git/neurips-polymer/II_Experiment-Molecule/GNN/GAT.py[line:234] - INFO: Epoch [147/1000] Train_MSE: 0.000313 Val_MSE: 0.000385 | Loss: 0.000260
2025-12-05 17:01:32,478 - /home/kantorkristof/git/neurips-polymer/II_Experiment-Molecule/GNN/GAT.py[line:234] - INFO: Epoch [148/1000] Train_MSE: 0.000297 Val_MSE: 0.000341 | Loss: 0.000282
2025-12-05 17:01:34,080 - /home/kantorkristof/git/neurips-polymer/II_Experiment-Molecule/GNN/GAT.py[line:234] - INFO: Epoch [149/1000] Train_MSE: 0.000439 Val_MSE: 0.000455 | Loss: 0.000284
2025-12-05 17:01:35,672 - /home/kantorkristof/git/neurips-polymer/II_Experiment-Molecule/GNN/GAT.py[line:234] - INFO: Epoch [150/1000] Train_MSE: 0.000500 Val_MSE: 0.000504 | Loss: 0.000257
2025-12-05 17:01:37,224 - /home/kantorkristof/git/neurips-polymer/II_Experiment-Molecule/GNN/GAT.py[line:234] - INFO: Epoch [151/1000] Train_MSE: 0.000305 Val_MSE: 0.000337 | Loss: 0.000281
2025-12-05 17:01:38,843 - /home/kantorkristof/git/neurips-polymer/II_Experiment-Molecule/GNN/GAT.py[line:234] - INFO: Epoch [152/1000] Train_MSE: 0.000245 Val_MSE: 0.000310 | Loss: 0.000294
2025-12-05 17:01:40,477 - /home/kantorkristof/git/neurips-polymer/II_Experiment-Molecule/GNN/GAT.py[line:234] - INFO: Epoch [153/1000] Train_MSE: 0.000377 Val_MSE: 0.000439 | Loss: 0.000254
2025-12-05 17:01:41,979 - /home/kantorkristof/git/neurips-polymer/II_Experiment-Molecule/GNN/GAT.py[line:234] - INFO: Epoch [154/1000] Train_MSE: 0.000454 Val_MSE: 0.000564 | Loss: 0.000246
2025-12-05 17:01:43,572 - /home/kantorkristof/git/neurips-polymer/II_Experiment-Molecule/GNN/GAT.py[line:234] - INFO: Epoch [155/1000] Train_MSE: 0.000383 Val_MSE: 0.000479 | Loss: 0.000248
2025-12-05 17:01:45,113 - /home/kantorkristof/git/neurips-polymer/II_Experiment-Molecule/GNN/GAT.py[line:234] - INFO: Epoch [156/1000] Train_MSE: 0.000608 Val_MSE: 0.000788 | Loss: 0.000274
2025-12-05 17:01:46,754 - /home/kantorkristof/git/neurips-polymer/II_Experiment-Molecule/GNN/GAT.py[line:234] - INFO: Epoch [157/1000] Train_MSE: 0.000421 Val_MSE: 0.000566 | Loss: 0.000272
2025-12-05 17:01:48,379 - /home/kantorkristof/git/neurips-polymer/II_Experiment-Molecule/GNN/GAT.py[line:234] - INFO: Epoch [158/1000] Train_MSE: 0.000433 Val_MSE: 0.000561 | Loss: 0.000290
2025-12-05 17:01:49,932 - /home/kantorkristof/git/neurips-polymer/II_Experiment-Molecule/GNN/GAT.py[line:234] - INFO: Epoch [159/1000] Train_MSE: 0.000260 Val_MSE: 0.000316 | Loss: 0.000246
2025-12-05 17:01:51,487 - /home/kantorkristof/git/neurips-polymer/II_Experiment-Molecule/GNN/GAT.py[line:234] - INFO: Epoch [160/1000] Train_MSE: 0.000634 Val_MSE: 0.000737 | Loss: 0.000273
2025-12-05 17:01:53,069 - /home/kantorkristof/git/neurips-polymer/II_Experiment-Molecule/GNN/GAT.py[line:234] - INFO: Epoch [161/1000] Train_MSE: 0.001498 Val_MSE: 0.001618 | Loss: 0.000273
2025-12-05 17:01:54,752 - /home/kantorkristof/git/neurips-polymer/II_Experiment-Molecule/GNN/GAT.py[line:234] - INFO: Epoch [162/1000] Train_MSE: 0.000300 Val_MSE: 0.000422 | Loss: 0.000290
2025-12-05 17:01:56,318 - /home/kantorkristof/git/neurips-polymer/II_Experiment-Molecule/GNN/GAT.py[line:234] - INFO: Epoch [163/1000] Train_MSE: 0.000241 Val_MSE: 0.000327 | Loss: 0.000254
2025-12-05 17:01:58,027 - /home/kantorkristof/git/neurips-polymer/II_Experiment-Molecule/GNN/GAT.py[line:234] - INFO: Epoch [164/1000] Train_MSE: 0.000287 Val_MSE: 0.000337 | Loss: 0.000266
2025-12-05 17:01:59,615 - /home/kantorkristof/git/neurips-polymer/II_Experiment-Molecule/GNN/GAT.py[line:234] - INFO: Epoch [165/1000] Train_MSE: 0.000376 Val_MSE: 0.000448 | Loss: 0.000303
2025-12-05 17:02:01,350 - /home/kantorkristof/git/neurips-polymer/II_Experiment-Molecule/GNN/GAT.py[line:234] - INFO: Epoch [166/1000] Train_MSE: 0.000267 Val_MSE: 0.000355 | Loss: 0.000271
2025-12-05 17:02:02,942 - /home/kantorkristof/git/neurips-polymer/II_Experiment-Molecule/GNN/GAT.py[line:234] - INFO: Epoch [167/1000] Train_MSE: 0.000495 Val_MSE: 0.000656 | Loss: 0.000233
2025-12-05 17:02:04,556 - /home/kantorkristof/git/neurips-polymer/II_Experiment-Molecule/GNN/GAT.py[line:234] - INFO: Epoch [168/1000] Train_MSE: 0.000255 Val_MSE: 0.000412 | Loss: 0.000253
2025-12-05 17:02:06,015 - /home/kantorkristof/git/neurips-polymer/II_Experiment-Molecule/GNN/GAT.py[line:234] - INFO: Epoch [169/1000] Train_MSE: 0.000304 Val_MSE: 0.000436 | Loss: 0.000264
2025-12-05 17:02:07,573 - /home/kantorkristof/git/neurips-polymer/II_Experiment-Molecule/GNN/GAT.py[line:234] - INFO: Epoch [170/1000] Train_MSE: 0.000414 Val_MSE: 0.000451 | Loss: 0.000301
2025-12-05 17:02:09,108 - /home/kantorkristof/git/neurips-polymer/II_Experiment-Molecule/GNN/GAT.py[line:234] - INFO: Epoch [171/1000] Train_MSE: 0.000396 Val_MSE: 0.000517 | Loss: 0.000257
2025-12-05 17:02:10,630 - /home/kantorkristof/git/neurips-polymer/II_Experiment-Molecule/GNN/GAT.py[line:234] - INFO: Epoch [172/1000] Train_MSE: 0.000397 Val_MSE: 0.000505 | Loss: 0.000266
2025-12-05 17:02:12,193 - /home/kantorkristof/git/neurips-polymer/II_Experiment-Molecule/GNN/GAT.py[line:234] - INFO: Epoch [173/1000] Train_MSE: 0.000267 Val_MSE: 0.000379 | Loss: 0.000270
2025-12-05 17:02:13,711 - /home/kantorkristof/git/neurips-polymer/II_Experiment-Molecule/GNN/GAT.py[line:234] - INFO: Epoch [174/1000] Train_MSE: 0.000385 Val_MSE: 0.000423 | Loss: 0.000251
2025-12-05 17:02:15,275 - /home/kantorkristof/git/neurips-polymer/II_Experiment-Molecule/GNN/GAT.py[line:234] - INFO: Epoch [175/1000] Train_MSE: 0.000308 Val_MSE: 0.000372 | Loss: 0.000274
2025-12-05 17:02:16,925 - /home/kantorkristof/git/neurips-polymer/II_Experiment-Molecule/GNN/GAT.py[line:234] - INFO: Epoch [176/1000] Train_MSE: 0.000685 Val_MSE: 0.000783 | Loss: 0.000249
2025-12-05 17:02:18,606 - /home/kantorkristof/git/neurips-polymer/II_Experiment-Molecule/GNN/GAT.py[line:234] - INFO: Epoch [177/1000] Train_MSE: 0.000288 Val_MSE: 0.000412 | Loss: 0.000249
2025-12-05 17:02:20,328 - /home/kantorkristof/git/neurips-polymer/II_Experiment-Molecule/GNN/GAT.py[line:234] - INFO: Epoch [178/1000] Train_MSE: 0.000303 Val_MSE: 0.000422 | Loss: 0.000266
2025-12-05 17:02:21,919 - /home/kantorkristof/git/neurips-polymer/II_Experiment-Molecule/GNN/GAT.py[line:234] - INFO: Epoch [179/1000] Train_MSE: 0.000363 Val_MSE: 0.000485 | Loss: 0.000251
2025-12-05 17:02:23,486 - /home/kantorkristof/git/neurips-polymer/II_Experiment-Molecule/GNN/GAT.py[line:234] - INFO: Epoch [180/1000] Train_MSE: 0.000317 Val_MSE: 0.000466 | Loss: 0.000248
2025-12-05 17:02:25,051 - /home/kantorkristof/git/neurips-polymer/II_Experiment-Molecule/GNN/GAT.py[line:234] - INFO: Epoch [181/1000] Train_MSE: 0.000299 Val_MSE: 0.000391 | Loss: 0.000241
2025-12-05 17:02:26,700 - /home/kantorkristof/git/neurips-polymer/II_Experiment-Molecule/GNN/GAT.py[line:234] - INFO: Epoch [182/1000] Train_MSE: 0.000260 Val_MSE: 0.000305 | Loss: 0.000258
2025-12-05 17:02:28,224 - /home/kantorkristof/git/neurips-polymer/II_Experiment-Molecule/GNN/GAT.py[line:234] - INFO: Epoch [183/1000] Train_MSE: 0.000347 Val_MSE: 0.000404 | Loss: 0.000232
2025-12-05 17:02:29,763 - /home/kantorkristof/git/neurips-polymer/II_Experiment-Molecule/GNN/GAT.py[line:234] - INFO: Epoch [184/1000] Train_MSE: 0.000372 Val_MSE: 0.000400 | Loss: 0.000319
2025-12-05 17:02:31,348 - /home/kantorkristof/git/neurips-polymer/II_Experiment-Molecule/GNN/GAT.py[line:234] - INFO: Epoch [185/1000] Train_MSE: 0.000262 Val_MSE: 0.000395 | Loss: 0.000328
2025-12-05 17:02:32,953 - /home/kantorkristof/git/neurips-polymer/II_Experiment-Molecule/GNN/GAT.py[line:234] - INFO: Epoch [186/1000] Train_MSE: 0.000297 Val_MSE: 0.000390 | Loss: 0.000268
2025-12-05 17:02:34,544 - /home/kantorkristof/git/neurips-polymer/II_Experiment-Molecule/GNN/GAT.py[line:234] - INFO: Epoch [187/1000] Train_MSE: 0.000235 Val_MSE: 0.000342 | Loss: 0.000273
2025-12-05 17:02:36,118 - /home/kantorkristof/git/neurips-polymer/II_Experiment-Molecule/GNN/GAT.py[line:234] - INFO: Epoch [188/1000] Train_MSE: 0.000251 Val_MSE: 0.000330 | Loss: 0.000256
2025-12-05 17:02:37,771 - /home/kantorkristof/git/neurips-polymer/II_Experiment-Molecule/GNN/GAT.py[line:234] - INFO: Epoch [189/1000] Train_MSE: 0.000479 Val_MSE: 0.000702 | Loss: 0.000253
2025-12-05 17:02:39,425 - /home/kantorkristof/git/neurips-polymer/II_Experiment-Molecule/GNN/GAT.py[line:234] - INFO: Epoch [190/1000] Train_MSE: 0.000373 Val_MSE: 0.000491 | Loss: 0.000254
2025-12-05 17:02:40,980 - /home/kantorkristof/git/neurips-polymer/II_Experiment-Molecule/GNN/GAT.py[line:234] - INFO: Epoch [191/1000] Train_MSE: 0.000386 Val_MSE: 0.000467 | Loss: 0.000266
2025-12-05 17:02:42,494 - /home/kantorkristof/git/neurips-polymer/II_Experiment-Molecule/GNN/GAT.py[line:234] - INFO: Epoch [192/1000] Train_MSE: 0.000309 Val_MSE: 0.000464 | Loss: 0.000266
2025-12-05 17:02:44,011 - /home/kantorkristof/git/neurips-polymer/II_Experiment-Molecule/GNN/GAT.py[line:234] - INFO: Epoch [193/1000] Train_MSE: 0.000285 Val_MSE: 0.000403 | Loss: 0.000255
2025-12-05 17:02:45,539 - /home/kantorkristof/git/neurips-polymer/II_Experiment-Molecule/GNN/GAT.py[line:234] - INFO: Epoch [194/1000] Train_MSE: 0.000256 Val_MSE: 0.000358 | Loss: 0.000247
2025-12-05 17:02:47,082 - /home/kantorkristof/git/neurips-polymer/II_Experiment-Molecule/GNN/GAT.py[line:234] - INFO: Epoch [195/1000] Train_MSE: 0.000490 Val_MSE: 0.000608 | Loss: 0.000260
2025-12-05 17:02:48,608 - /home/kantorkristof/git/neurips-polymer/II_Experiment-Molecule/GNN/GAT.py[line:234] - INFO: Epoch [196/1000] Train_MSE: 0.000257 Val_MSE: 0.000366 | Loss: 0.000242
2025-12-05 17:02:50,138 - /home/kantorkristof/git/neurips-polymer/II_Experiment-Molecule/GNN/GAT.py[line:234] - INFO: Epoch [197/1000] Train_MSE: 0.000230 Val_MSE: 0.000287 | Loss: 0.000245
2025-12-05 17:02:51,685 - /home/kantorkristof/git/neurips-polymer/II_Experiment-Molecule/GNN/GAT.py[line:234] - INFO: Epoch [198/1000] Train_MSE: 0.000428 Val_MSE: 0.000500 | Loss: 0.000268
2025-12-05 17:02:53,241 - /home/kantorkristof/git/neurips-polymer/II_Experiment-Molecule/GNN/GAT.py[line:234] - INFO: Epoch [199/1000] Train_MSE: 0.000304 Val_MSE: 0.000400 | Loss: 0.000269
2025-12-05 17:02:54,747 - /home/kantorkristof/git/neurips-polymer/II_Experiment-Molecule/GNN/GAT.py[line:234] - INFO: Epoch [200/1000] Train_MSE: 0.000309 Val_MSE: 0.000447 | Loss: 0.000239
2025-12-05 17:02:56,339 - /home/kantorkristof/git/neurips-polymer/II_Experiment-Molecule/GNN/GAT.py[line:234] - INFO: Epoch [201/1000] Train_MSE: 0.000299 Val_MSE: 0.000415 | Loss: 0.000273
2025-12-05 17:02:58,010 - /home/kantorkristof/git/neurips-polymer/II_Experiment-Molecule/GNN/GAT.py[line:234] - INFO: Epoch [202/1000] Train_MSE: 0.000272 Val_MSE: 0.000350 | Loss: 0.000235
2025-12-05 17:02:59,742 - /home/kantorkristof/git/neurips-polymer/II_Experiment-Molecule/GNN/GAT.py[line:234] - INFO: Epoch [203/1000] Train_MSE: 0.000325 Val_MSE: 0.000499 | Loss: 0.000227
2025-12-05 17:03:01,315 - /home/kantorkristof/git/neurips-polymer/II_Experiment-Molecule/GNN/GAT.py[line:234] - INFO: Epoch [204/1000] Train_MSE: 0.000286 Val_MSE: 0.000388 | Loss: 0.000281
2025-12-05 17:03:02,849 - /home/kantorkristof/git/neurips-polymer/II_Experiment-Molecule/GNN/GAT.py[line:234] - INFO: Epoch [205/1000] Train_MSE: 0.000404 Val_MSE: 0.000450 | Loss: 0.000280
2025-12-05 17:03:04,353 - /home/kantorkristof/git/neurips-polymer/II_Experiment-Molecule/GNN/GAT.py[line:234] - INFO: Epoch [206/1000] Train_MSE: 0.000288 Val_MSE: 0.000407 | Loss: 0.000247
2025-12-05 17:03:05,901 - /home/kantorkristof/git/neurips-polymer/II_Experiment-Molecule/GNN/GAT.py[line:234] - INFO: Epoch [207/1000] Train_MSE: 0.000306 Val_MSE: 0.000408 | Loss: 0.000253
2025-12-05 17:03:07,448 - /home/kantorkristof/git/neurips-polymer/II_Experiment-Molecule/GNN/GAT.py[line:234] - INFO: Epoch [208/1000] Train_MSE: 0.000475 Val_MSE: 0.000564 | Loss: 0.000259
2025-12-05 17:03:08,950 - /home/kantorkristof/git/neurips-polymer/II_Experiment-Molecule/GNN/GAT.py[line:234] - INFO: Epoch [209/1000] Train_MSE: 0.000449 Val_MSE: 0.000573 | Loss: 0.000269
2025-12-05 17:03:10,432 - /home/kantorkristof/git/neurips-polymer/II_Experiment-Molecule/GNN/GAT.py[line:234] - INFO: Epoch [210/1000] Train_MSE: 0.000750 Val_MSE: 0.000882 | Loss: 0.000241
2025-12-05 17:03:11,946 - /home/kantorkristof/git/neurips-polymer/II_Experiment-Molecule/GNN/GAT.py[line:234] - INFO: Epoch [211/1000] Train_MSE: 0.000269 Val_MSE: 0.000375 | Loss: 0.000230
2025-12-05 17:03:13,461 - /home/kantorkristof/git/neurips-polymer/II_Experiment-Molecule/GNN/GAT.py[line:234] - INFO: Epoch [212/1000] Train_MSE: 0.000348 Val_MSE: 0.000483 | Loss: 0.000254
2025-12-05 17:03:14,990 - /home/kantorkristof/git/neurips-polymer/II_Experiment-Molecule/GNN/GAT.py[line:234] - INFO: Epoch [213/1000] Train_MSE: 0.000256 Val_MSE: 0.000376 | Loss: 0.000237
2025-12-05 17:03:16,563 - /home/kantorkristof/git/neurips-polymer/II_Experiment-Molecule/GNN/GAT.py[line:234] - INFO: Epoch [214/1000] Train_MSE: 0.000214 Val_MSE: 0.000344 | Loss: 0.000239
2025-12-05 17:03:18,108 - /home/kantorkristof/git/neurips-polymer/II_Experiment-Molecule/GNN/GAT.py[line:234] - INFO: Epoch [215/1000] Train_MSE: 0.000320 Val_MSE: 0.000414 | Loss: 0.000270
2025-12-05 17:03:19,621 - /home/kantorkristof/git/neurips-polymer/II_Experiment-Molecule/GNN/GAT.py[line:234] - INFO: Epoch [216/1000] Train_MSE: 0.000242 Val_MSE: 0.000357 | Loss: 0.000239
2025-12-05 17:03:21,164 - /home/kantorkristof/git/neurips-polymer/II_Experiment-Molecule/GNN/GAT.py[line:234] - INFO: Epoch [217/1000] Train_MSE: 0.000346 Val_MSE: 0.000503 | Loss: 0.000231
2025-12-05 17:03:22,772 - /home/kantorkristof/git/neurips-polymer/II_Experiment-Molecule/GNN/GAT.py[line:234] - INFO: Epoch [218/1000] Train_MSE: 0.000627 Val_MSE: 0.000812 | Loss: 0.000251
2025-12-05 17:03:24,413 - /home/kantorkristof/git/neurips-polymer/II_Experiment-Molecule/GNN/GAT.py[line:234] - INFO: Epoch [219/1000] Train_MSE: 0.000326 Val_MSE: 0.000437 | Loss: 0.000270
2025-12-05 17:03:25,955 - /home/kantorkristof/git/neurips-polymer/II_Experiment-Molecule/GNN/GAT.py[line:234] - INFO: Epoch [220/1000] Train_MSE: 0.000309 Val_MSE: 0.000417 | Loss: 0.000315
2025-12-05 17:03:27,495 - /home/kantorkristof/git/neurips-polymer/II_Experiment-Molecule/GNN/GAT.py[line:234] - INFO: Epoch [221/1000] Train_MSE: 0.000288 Val_MSE: 0.000375 | Loss: 0.000295
2025-12-05 17:03:29,021 - /home/kantorkristof/git/neurips-polymer/II_Experiment-Molecule/GNN/GAT.py[line:234] - INFO: Epoch [222/1000] Train_MSE: 0.000293 Val_MSE: 0.000384 | Loss: 0.000310
2025-12-05 17:03:30,591 - /home/kantorkristof/git/neurips-polymer/II_Experiment-Molecule/GNN/GAT.py[line:234] - INFO: Epoch [223/1000] Train_MSE: 0.000276 Val_MSE: 0.000355 | Loss: 0.000279
2025-12-05 17:03:32,096 - /home/kantorkristof/git/neurips-polymer/II_Experiment-Molecule/GNN/GAT.py[line:234] - INFO: Epoch [224/1000] Train_MSE: 0.000331 Val_MSE: 0.000410 | Loss: 0.000275
2025-12-05 17:03:33,618 - /home/kantorkristof/git/neurips-polymer/II_Experiment-Molecule/GNN/GAT.py[line:234] - INFO: Epoch [225/1000] Train_MSE: 0.000346 Val_MSE: 0.000440 | Loss: 0.000258
2025-12-05 17:03:35,128 - /home/kantorkristof/git/neurips-polymer/II_Experiment-Molecule/GNN/GAT.py[line:234] - INFO: Epoch [226/1000] Train_MSE: 0.000306 Val_MSE: 0.000394 | Loss: 0.000258
2025-12-05 17:03:36,624 - /home/kantorkristof/git/neurips-polymer/II_Experiment-Molecule/GNN/GAT.py[line:234] - INFO: Epoch [227/1000] Train_MSE: 0.000362 Val_MSE: 0.000456 | Loss: 0.000274
2025-12-05 17:03:38,140 - /home/kantorkristof/git/neurips-polymer/II_Experiment-Molecule/GNN/GAT.py[line:234] - INFO: Epoch [228/1000] Train_MSE: 0.000310 Val_MSE: 0.000381 | Loss: 0.000304
2025-12-05 17:03:39,672 - /home/kantorkristof/git/neurips-polymer/II_Experiment-Molecule/GNN/GAT.py[line:234] - INFO: Epoch [229/1000] Train_MSE: 0.000353 Val_MSE: 0.000493 | Loss: 0.000282
2025-12-05 17:03:41,305 - /home/kantorkristof/git/neurips-polymer/II_Experiment-Molecule/GNN/GAT.py[line:234] - INFO: Epoch [230/1000] Train_MSE: 0.000353 Val_MSE: 0.000467 | Loss: 0.000250
2025-12-05 17:03:41,305 - /home/kantorkristof/git/neurips-polymer/II_Experiment-Molecule/GNN/GAT.py[line:254] - INFO: Early Stopping
2025-12-05 17:03:42,046 - /home/kantorkristof/git/neurips-polymer/II_Experiment-Molecule/GNN/GAT.py[line:266] - INFO: Best model Accuracy for FFV, seed 42:
2025-12-05 17:03:42,046 - /home/kantorkristof/git/neurips-polymer/II_Experiment-Molecule/GNN/GAT.py[line:267] - INFO:   Train MSE: 0.000273
2025-12-05 17:03:42,046 - /home/kantorkristof/git/neurips-polymer/II_Experiment-Molecule/GNN/GAT.py[line:268] - INFO:   Val MSE:   0.000275
2025-12-05 17:03:42,046 - /home/kantorkristof/git/neurips-polymer/II_Experiment-Molecule/GNN/GAT.py[line:269] - INFO:   Test MSE:  0.000465
2025-12-05 17:03:42,046 - /home/kantorkristof/git/neurips-polymer/II_Experiment-Molecule/GNN/GAT.py[line:285] - INFO: 
=== Results for attribute FFV ===
2025-12-05 17:03:42,046 - /home/kantorkristof/git/neurips-polymer/II_Experiment-Molecule/GNN/GAT.py[line:291] - INFO: Train MSE: 0.000273  Val MSE: 0.000275  Test MSE: 0.000465
