2025-12-03 17:36:42,299 - /home/kantorkristof/git/neurips-polymer/I_Experiment-Synthetic/GNN/DIR.py[line:335] - INFO: 
Model training started for property: IV_Biasly_Connected
2025-12-03 17:36:42,300 - /home/kantorkristof/git/neurips-polymer/I_Experiment-Synthetic/GNN/DIR.py[line:120] - INFO: 
+------------+-------+
| Parameter  | Value |
+------------+-------+
| cuda       | 5     |
+------------+-------+
| datadir    | data  |
+------------+-------+
| epoch      | 1000  |
+------------+-------+
| seed       | [42]  |
+------------+-------+
| channels   | 64    |
+------------+-------+
| pretrain   | 0     |
+------------+-------+
| alpha      | 1     |
+------------+-------+
| r          | 0.420 |
+------------+-------+
| batch_size | 1000  |
+------------+-------+
| net_lr     | 0.001 |
+------------+-------+
2025-12-03 17:36:42,300 - /home/kantorkristof/git/neurips-polymer/I_Experiment-Synthetic/GNN/DIR.py[line:340] - INFO: --- Starting training for IV_Biasly_Connected with seed 42 ---
2025-12-03 17:36:46,996 - /home/kantorkristof/git/neurips-polymer/I_Experiment-Synthetic/GNN/DIR.py[line:436] - INFO: Epoch [1/1000] Train_Acc: 0.6667 Val_Acc: 0.6667 | Total_Loss: 1.3807 Causal_Loss: 0.6897 DIR_Penalty: 0.000001 Spurious_Loss: 0.6909
2025-12-03 17:36:47,000 - /home/kantorkristof/git/neurips-polymer/I_Experiment-Synthetic/GNN/DIR.py[line:450] - INFO: Best model saved at epoch 1 with val_acc 0.6667
2025-12-03 17:36:51,642 - /home/kantorkristof/git/neurips-polymer/I_Experiment-Synthetic/GNN/DIR.py[line:436] - INFO: Epoch [2/1000] Train_Acc: 0.6667 Val_Acc: 0.6667 | Total_Loss: 1.3236 Causal_Loss: 0.6606 DIR_Penalty: 0.000003 Spurious_Loss: 0.6630
2025-12-03 17:36:56,370 - /home/kantorkristof/git/neurips-polymer/I_Experiment-Synthetic/GNN/DIR.py[line:436] - INFO: Epoch [3/1000] Train_Acc: 0.6667 Val_Acc: 0.6667 | Total_Loss: 1.2817 Causal_Loss: 0.6401 DIR_Penalty: 0.000001 Spurious_Loss: 0.6416
2025-12-03 17:37:01,171 - /home/kantorkristof/git/neurips-polymer/I_Experiment-Synthetic/GNN/DIR.py[line:436] - INFO: Epoch [4/1000] Train_Acc: 0.6667 Val_Acc: 0.6667 | Total_Loss: 1.2559 Causal_Loss: 0.6259 DIR_Penalty: 0.000010 Spurious_Loss: 0.6300
2025-12-03 17:37:05,916 - /home/kantorkristof/git/neurips-polymer/I_Experiment-Synthetic/GNN/DIR.py[line:436] - INFO: Epoch [5/1000] Train_Acc: 0.6667 Val_Acc: 0.6667 | Total_Loss: 1.2565 Causal_Loss: 0.6256 DIR_Penalty: 0.000020 Spurious_Loss: 0.6309
2025-12-03 17:37:10,760 - /home/kantorkristof/git/neurips-polymer/I_Experiment-Synthetic/GNN/DIR.py[line:436] - INFO: Epoch [6/1000] Train_Acc: 0.6667 Val_Acc: 0.6667 | Total_Loss: 1.2534 Causal_Loss: 0.6210 DIR_Penalty: 0.000074 Spurious_Loss: 0.6323
2025-12-03 17:37:15,524 - /home/kantorkristof/git/neurips-polymer/I_Experiment-Synthetic/GNN/DIR.py[line:436] - INFO: Epoch [7/1000] Train_Acc: 0.6667 Val_Acc: 0.6667 | Total_Loss: 1.2430 Causal_Loss: 0.6132 DIR_Penalty: 0.000145 Spurious_Loss: 0.6296
2025-12-03 17:37:20,396 - /home/kantorkristof/git/neurips-polymer/I_Experiment-Synthetic/GNN/DIR.py[line:436] - INFO: Epoch [8/1000] Train_Acc: 0.6667 Val_Acc: 0.6667 | Total_Loss: 1.2438 Causal_Loss: 0.6164 DIR_Penalty: 0.000061 Spurious_Loss: 0.6274
2025-12-03 17:37:25,171 - /home/kantorkristof/git/neurips-polymer/I_Experiment-Synthetic/GNN/DIR.py[line:436] - INFO: Epoch [9/1000] Train_Acc: 0.6667 Val_Acc: 0.6667 | Total_Loss: 1.2497 Causal_Loss: 0.6154 DIR_Penalty: 0.000211 Spurious_Loss: 0.6340
2025-12-03 17:37:29,967 - /home/kantorkristof/git/neurips-polymer/I_Experiment-Synthetic/GNN/DIR.py[line:436] - INFO: Epoch [10/1000] Train_Acc: 0.6667 Val_Acc: 0.6667 | Total_Loss: 1.2444 Causal_Loss: 0.6148 DIR_Penalty: 0.000132 Spurious_Loss: 0.6295
2025-12-03 17:37:34,736 - /home/kantorkristof/git/neurips-polymer/I_Experiment-Synthetic/GNN/DIR.py[line:436] - INFO: Epoch [11/1000] Train_Acc: 0.6667 Val_Acc: 0.6667 | Total_Loss: 1.2414 Causal_Loss: 0.6101 DIR_Penalty: 0.000222 Spurious_Loss: 0.6310
2025-12-03 17:37:39,451 - /home/kantorkristof/git/neurips-polymer/I_Experiment-Synthetic/GNN/DIR.py[line:436] - INFO: Epoch [12/1000] Train_Acc: 0.6667 Val_Acc: 0.6667 | Total_Loss: 1.2404 Causal_Loss: 0.6078 DIR_Penalty: 0.000303 Spurious_Loss: 0.6323
2025-12-03 17:37:44,162 - /home/kantorkristof/git/neurips-polymer/I_Experiment-Synthetic/GNN/DIR.py[line:436] - INFO: Epoch [13/1000] Train_Acc: 0.6667 Val_Acc: 0.6667 | Total_Loss: 1.2474 Causal_Loss: 0.6168 DIR_Penalty: 0.000105 Spurious_Loss: 0.6305
2025-12-03 17:37:48,845 - /home/kantorkristof/git/neurips-polymer/I_Experiment-Synthetic/GNN/DIR.py[line:436] - INFO: Epoch [14/1000] Train_Acc: 0.6667 Val_Acc: 0.6667 | Total_Loss: 1.2416 Causal_Loss: 0.6159 DIR_Penalty: 0.000050 Spurious_Loss: 0.6256
2025-12-03 17:37:53,555 - /home/kantorkristof/git/neurips-polymer/I_Experiment-Synthetic/GNN/DIR.py[line:436] - INFO: Epoch [15/1000] Train_Acc: 0.6667 Val_Acc: 0.6667 | Total_Loss: 1.2355 Causal_Loss: 0.6092 DIR_Penalty: 0.000169 Spurious_Loss: 0.6262
2025-12-03 17:37:58,478 - /home/kantorkristof/git/neurips-polymer/I_Experiment-Synthetic/GNN/DIR.py[line:436] - INFO: Epoch [16/1000] Train_Acc: 0.6667 Val_Acc: 0.6667 | Total_Loss: 1.2384 Causal_Loss: 0.6132 DIR_Penalty: 0.000075 Spurious_Loss: 0.6252
2025-12-03 17:38:03,297 - /home/kantorkristof/git/neurips-polymer/I_Experiment-Synthetic/GNN/DIR.py[line:436] - INFO: Epoch [17/1000] Train_Acc: 0.6667 Val_Acc: 0.6667 | Total_Loss: 1.2365 Causal_Loss: 0.6092 DIR_Penalty: 0.000178 Spurious_Loss: 0.6272
2025-12-03 17:38:07,956 - /home/kantorkristof/git/neurips-polymer/I_Experiment-Synthetic/GNN/DIR.py[line:436] - INFO: Epoch [18/1000] Train_Acc: 0.6667 Val_Acc: 0.6667 | Total_Loss: 1.2352 Causal_Loss: 0.6109 DIR_Penalty: 0.000099 Spurious_Loss: 0.6242
2025-12-03 17:38:12,612 - /home/kantorkristof/git/neurips-polymer/I_Experiment-Synthetic/GNN/DIR.py[line:436] - INFO: Epoch [19/1000] Train_Acc: 0.6667 Val_Acc: 0.6667 | Total_Loss: 1.2380 Causal_Loss: 0.6112 DIR_Penalty: 0.000138 Spurious_Loss: 0.6267
2025-12-03 17:38:17,299 - /home/kantorkristof/git/neurips-polymer/I_Experiment-Synthetic/GNN/DIR.py[line:436] - INFO: Epoch [20/1000] Train_Acc: 0.6667 Val_Acc: 0.6667 | Total_Loss: 1.2385 Causal_Loss: 0.6116 DIR_Penalty: 0.000158 Spurious_Loss: 0.6267
2025-12-03 17:38:21,974 - /home/kantorkristof/git/neurips-polymer/I_Experiment-Synthetic/GNN/DIR.py[line:436] - INFO: Epoch [21/1000] Train_Acc: 0.6667 Val_Acc: 0.6667 | Total_Loss: 1.2374 Causal_Loss: 0.6116 DIR_Penalty: 0.000100 Spurious_Loss: 0.6256
2025-12-03 17:38:26,708 - /home/kantorkristof/git/neurips-polymer/I_Experiment-Synthetic/GNN/DIR.py[line:436] - INFO: Epoch [22/1000] Train_Acc: 0.6667 Val_Acc: 0.6667 | Total_Loss: 1.2256 Causal_Loss: 0.6069 DIR_Penalty: 0.000074 Spurious_Loss: 0.6186
2025-12-03 17:38:31,409 - /home/kantorkristof/git/neurips-polymer/I_Experiment-Synthetic/GNN/DIR.py[line:436] - INFO: Epoch [23/1000] Train_Acc: 0.6667 Val_Acc: 0.6667 | Total_Loss: 1.2354 Causal_Loss: 0.6107 DIR_Penalty: 0.000120 Spurious_Loss: 0.6246
2025-12-03 17:38:36,111 - /home/kantorkristof/git/neurips-polymer/I_Experiment-Synthetic/GNN/DIR.py[line:436] - INFO: Epoch [24/1000] Train_Acc: 0.6667 Val_Acc: 0.6667 | Total_Loss: 1.2279 Causal_Loss: 0.6083 DIR_Penalty: 0.000066 Spurious_Loss: 0.6195
2025-12-03 17:38:40,811 - /home/kantorkristof/git/neurips-polymer/I_Experiment-Synthetic/GNN/DIR.py[line:436] - INFO: Epoch [25/1000] Train_Acc: 0.6667 Val_Acc: 0.6667 | Total_Loss: 1.2386 Causal_Loss: 0.6129 DIR_Penalty: 0.000103 Spurious_Loss: 0.6256
2025-12-03 17:38:45,517 - /home/kantorkristof/git/neurips-polymer/I_Experiment-Synthetic/GNN/DIR.py[line:436] - INFO: Epoch [26/1000] Train_Acc: 0.6667 Val_Acc: 0.6667 | Total_Loss: 1.2324 Causal_Loss: 0.6144 DIR_Penalty: 0.000024 Spurious_Loss: 0.6180
2025-12-03 17:38:50,211 - /home/kantorkristof/git/neurips-polymer/I_Experiment-Synthetic/GNN/DIR.py[line:436] - INFO: Epoch [27/1000] Train_Acc: 0.6830 Val_Acc: 0.6830 | Total_Loss: 1.2318 Causal_Loss: 0.6095 DIR_Penalty: 0.000093 Spurious_Loss: 0.6223
2025-12-03 17:38:50,215 - /home/kantorkristof/git/neurips-polymer/I_Experiment-Synthetic/GNN/DIR.py[line:450] - INFO: Best model saved at epoch 27 with val_acc 0.6830
2025-12-03 17:38:54,859 - /home/kantorkristof/git/neurips-polymer/I_Experiment-Synthetic/GNN/DIR.py[line:436] - INFO: Epoch [28/1000] Train_Acc: 0.6060 Val_Acc: 0.6127 | Total_Loss: 1.2289 Causal_Loss: 0.6127 DIR_Penalty: 0.000045 Spurious_Loss: 0.6162
2025-12-03 17:38:59,644 - /home/kantorkristof/git/neurips-polymer/I_Experiment-Synthetic/GNN/DIR.py[line:436] - INFO: Epoch [29/1000] Train_Acc: 0.6950 Val_Acc: 0.6977 | Total_Loss: 1.2340 Causal_Loss: 0.6094 DIR_Penalty: 0.000114 Spurious_Loss: 0.6244
2025-12-03 17:38:59,648 - /home/kantorkristof/git/neurips-polymer/I_Experiment-Synthetic/GNN/DIR.py[line:450] - INFO: Best model saved at epoch 29 with val_acc 0.6977
2025-12-03 17:39:04,282 - /home/kantorkristof/git/neurips-polymer/I_Experiment-Synthetic/GNN/DIR.py[line:436] - INFO: Epoch [30/1000] Train_Acc: 0.6950 Val_Acc: 0.6977 | Total_Loss: 1.2293 Causal_Loss: 0.6098 DIR_Penalty: 0.000091 Spurious_Loss: 0.6193
2025-12-03 17:39:08,885 - /home/kantorkristof/git/neurips-polymer/I_Experiment-Synthetic/GNN/DIR.py[line:436] - INFO: Epoch [31/1000] Train_Acc: 0.6060 Val_Acc: 0.6127 | Total_Loss: 1.2260 Causal_Loss: 0.6042 DIR_Penalty: 0.000196 Spurious_Loss: 0.6216
2025-12-03 17:39:13,610 - /home/kantorkristof/git/neurips-polymer/I_Experiment-Synthetic/GNN/DIR.py[line:436] - INFO: Epoch [32/1000] Train_Acc: 0.6950 Val_Acc: 0.6977 | Total_Loss: 1.2282 Causal_Loss: 0.6089 DIR_Penalty: 0.000072 Spurious_Loss: 0.6192
2025-12-03 17:39:18,357 - /home/kantorkristof/git/neurips-polymer/I_Experiment-Synthetic/GNN/DIR.py[line:436] - INFO: Epoch [33/1000] Train_Acc: 0.6950 Val_Acc: 0.6977 | Total_Loss: 1.2233 Causal_Loss: 0.6037 DIR_Penalty: 0.000186 Spurious_Loss: 0.6194
2025-12-03 17:39:23,143 - /home/kantorkristof/git/neurips-polymer/I_Experiment-Synthetic/GNN/DIR.py[line:436] - INFO: Epoch [34/1000] Train_Acc: 0.6950 Val_Acc: 0.6977 | Total_Loss: 1.2225 Causal_Loss: 0.6049 DIR_Penalty: 0.000095 Spurious_Loss: 0.6175
2025-12-03 17:39:27,841 - /home/kantorkristof/git/neurips-polymer/I_Experiment-Synthetic/GNN/DIR.py[line:436] - INFO: Epoch [35/1000] Train_Acc: 0.6950 Val_Acc: 0.6977 | Total_Loss: 1.2247 Causal_Loss: 0.6120 DIR_Penalty: 0.000037 Spurious_Loss: 0.6127
2025-12-03 17:39:32,511 - /home/kantorkristof/git/neurips-polymer/I_Experiment-Synthetic/GNN/DIR.py[line:436] - INFO: Epoch [36/1000] Train_Acc: 0.6700 Val_Acc: 0.6790 | Total_Loss: 1.2117 Causal_Loss: 0.6035 DIR_Penalty: 0.000047 Spurious_Loss: 0.6082
2025-12-03 17:39:37,261 - /home/kantorkristof/git/neurips-polymer/I_Experiment-Synthetic/GNN/DIR.py[line:436] - INFO: Epoch [37/1000] Train_Acc: 0.6950 Val_Acc: 0.6977 | Total_Loss: 1.2269 Causal_Loss: 0.6062 DIR_Penalty: 0.000117 Spurious_Loss: 0.6206
2025-12-03 17:39:41,923 - /home/kantorkristof/git/neurips-polymer/I_Experiment-Synthetic/GNN/DIR.py[line:436] - INFO: Epoch [38/1000] Train_Acc: 0.6950 Val_Acc: 0.6977 | Total_Loss: 1.2261 Causal_Loss: 0.6054 DIR_Penalty: 0.000130 Spurious_Loss: 0.6205
2025-12-03 17:39:46,559 - /home/kantorkristof/git/neurips-polymer/I_Experiment-Synthetic/GNN/DIR.py[line:436] - INFO: Epoch [39/1000] Train_Acc: 0.7290 Val_Acc: 0.7337 | Total_Loss: 1.2149 Causal_Loss: 0.6060 DIR_Penalty: 0.000032 Spurious_Loss: 0.6088
2025-12-03 17:39:46,563 - /home/kantorkristof/git/neurips-polymer/I_Experiment-Synthetic/GNN/DIR.py[line:450] - INFO: Best model saved at epoch 39 with val_acc 0.7337
2025-12-03 17:39:51,358 - /home/kantorkristof/git/neurips-polymer/I_Experiment-Synthetic/GNN/DIR.py[line:436] - INFO: Epoch [40/1000] Train_Acc: 0.6950 Val_Acc: 0.6977 | Total_Loss: 1.2137 Causal_Loss: 0.6010 DIR_Penalty: 0.000116 Spurious_Loss: 0.6126
2025-12-03 17:39:56,091 - /home/kantorkristof/git/neurips-polymer/I_Experiment-Synthetic/GNN/DIR.py[line:436] - INFO: Epoch [41/1000] Train_Acc: 0.8997 Val_Acc: 0.9030 | Total_Loss: 1.2147 Causal_Loss: 0.6028 DIR_Penalty: 0.000041 Spurious_Loss: 0.6119
2025-12-03 17:39:56,096 - /home/kantorkristof/git/neurips-polymer/I_Experiment-Synthetic/GNN/DIR.py[line:450] - INFO: Best model saved at epoch 41 with val_acc 0.9030
2025-12-03 17:40:00,704 - /home/kantorkristof/git/neurips-polymer/I_Experiment-Synthetic/GNN/DIR.py[line:436] - INFO: Epoch [42/1000] Train_Acc: 0.8997 Val_Acc: 0.9030 | Total_Loss: 1.2210 Causal_Loss: 0.6048 DIR_Penalty: 0.000077 Spurious_Loss: 0.6161
2025-12-03 17:40:05,325 - /home/kantorkristof/git/neurips-polymer/I_Experiment-Synthetic/GNN/DIR.py[line:436] - INFO: Epoch [43/1000] Train_Acc: 0.8997 Val_Acc: 0.9030 | Total_Loss: 1.2255 Causal_Loss: 0.6083 DIR_Penalty: 0.000120 Spurious_Loss: 0.6170
2025-12-03 17:40:09,947 - /home/kantorkristof/git/neurips-polymer/I_Experiment-Synthetic/GNN/DIR.py[line:436] - INFO: Epoch [44/1000] Train_Acc: 0.8997 Val_Acc: 0.9030 | Total_Loss: 1.2087 Causal_Loss: 0.5991 DIR_Penalty: 0.000116 Spurious_Loss: 0.6096
2025-12-03 17:40:14,593 - /home/kantorkristof/git/neurips-polymer/I_Experiment-Synthetic/GNN/DIR.py[line:436] - INFO: Epoch [45/1000] Train_Acc: 0.8823 Val_Acc: 0.8880 | Total_Loss: 1.2022 Causal_Loss: 0.5961 DIR_Penalty: 0.000052 Spurious_Loss: 0.6060
2025-12-03 17:40:19,235 - /home/kantorkristof/git/neurips-polymer/I_Experiment-Synthetic/GNN/DIR.py[line:436] - INFO: Epoch [46/1000] Train_Acc: 0.8997 Val_Acc: 0.9030 | Total_Loss: 1.2024 Causal_Loss: 0.5996 DIR_Penalty: 0.000031 Spurious_Loss: 0.6028
2025-12-03 17:40:23,862 - /home/kantorkristof/git/neurips-polymer/I_Experiment-Synthetic/GNN/DIR.py[line:436] - INFO: Epoch [47/1000] Train_Acc: 0.9510 Val_Acc: 0.9557 | Total_Loss: 1.2056 Causal_Loss: 0.5975 DIR_Penalty: 0.000083 Spurious_Loss: 0.6081
2025-12-03 17:40:23,866 - /home/kantorkristof/git/neurips-polymer/I_Experiment-Synthetic/GNN/DIR.py[line:450] - INFO: Best model saved at epoch 47 with val_acc 0.9557
2025-12-03 17:40:28,474 - /home/kantorkristof/git/neurips-polymer/I_Experiment-Synthetic/GNN/DIR.py[line:436] - INFO: Epoch [48/1000] Train_Acc: 0.9510 Val_Acc: 0.9557 | Total_Loss: 1.2097 Causal_Loss: 0.6006 DIR_Penalty: 0.000061 Spurious_Loss: 0.6090
2025-12-03 17:40:33,079 - /home/kantorkristof/git/neurips-polymer/I_Experiment-Synthetic/GNN/DIR.py[line:436] - INFO: Epoch [49/1000] Train_Acc: 0.8870 Val_Acc: 0.8893 | Total_Loss: 1.2088 Causal_Loss: 0.6035 DIR_Penalty: 0.000028 Spurious_Loss: 0.6053
2025-12-03 17:40:37,701 - /home/kantorkristof/git/neurips-polymer/I_Experiment-Synthetic/GNN/DIR.py[line:436] - INFO: Epoch [50/1000] Train_Acc: 0.9790 Val_Acc: 0.9790 | Total_Loss: 1.2136 Causal_Loss: 0.6091 DIR_Penalty: 0.000089 Spurious_Loss: 0.6044
2025-12-03 17:40:37,706 - /home/kantorkristof/git/neurips-polymer/I_Experiment-Synthetic/GNN/DIR.py[line:450] - INFO: Best model saved at epoch 50 with val_acc 0.9790
2025-12-03 17:40:42,309 - /home/kantorkristof/git/neurips-polymer/I_Experiment-Synthetic/GNN/DIR.py[line:436] - INFO: Epoch [51/1000] Train_Acc: 0.9510 Val_Acc: 0.9557 | Total_Loss: 1.2047 Causal_Loss: 0.5974 DIR_Penalty: 0.000069 Spurious_Loss: 0.6072
2025-12-03 17:40:47,100 - /home/kantorkristof/git/neurips-polymer/I_Experiment-Synthetic/GNN/DIR.py[line:436] - INFO: Epoch [52/1000] Train_Acc: 0.9587 Val_Acc: 0.9617 | Total_Loss: 1.2118 Causal_Loss: 0.6051 DIR_Penalty: 0.000027 Spurious_Loss: 0.6066
2025-12-03 17:40:51,724 - /home/kantorkristof/git/neurips-polymer/I_Experiment-Synthetic/GNN/DIR.py[line:436] - INFO: Epoch [53/1000] Train_Acc: 0.9043 Val_Acc: 0.9093 | Total_Loss: 1.2006 Causal_Loss: 0.5920 DIR_Penalty: 0.000138 Spurious_Loss: 0.6085
2025-12-03 17:40:56,348 - /home/kantorkristof/git/neurips-polymer/I_Experiment-Synthetic/GNN/DIR.py[line:436] - INFO: Epoch [54/1000] Train_Acc: 0.9790 Val_Acc: 0.9790 | Total_Loss: 1.2050 Causal_Loss: 0.5934 DIR_Penalty: 0.000166 Spurious_Loss: 0.6113
2025-12-03 17:41:00,973 - /home/kantorkristof/git/neurips-polymer/I_Experiment-Synthetic/GNN/DIR.py[line:436] - INFO: Epoch [55/1000] Train_Acc: 0.9933 Val_Acc: 0.9943 | Total_Loss: 1.2045 Causal_Loss: 0.6023 DIR_Penalty: 0.000007 Spurious_Loss: 0.6022
2025-12-03 17:41:00,977 - /home/kantorkristof/git/neurips-polymer/I_Experiment-Synthetic/GNN/DIR.py[line:450] - INFO: Best model saved at epoch 55 with val_acc 0.9943
2025-12-03 17:41:05,582 - /home/kantorkristof/git/neurips-polymer/I_Experiment-Synthetic/GNN/DIR.py[line:436] - INFO: Epoch [56/1000] Train_Acc: 0.8953 Val_Acc: 0.8987 | Total_Loss: 1.2004 Causal_Loss: 0.5968 DIR_Penalty: 0.000024 Spurious_Loss: 0.6036
2025-12-03 17:41:10,232 - /home/kantorkristof/git/neurips-polymer/I_Experiment-Synthetic/GNN/DIR.py[line:436] - INFO: Epoch [57/1000] Train_Acc: 0.8953 Val_Acc: 0.8987 | Total_Loss: 1.2056 Causal_Loss: 0.6015 DIR_Penalty: 0.000014 Spurious_Loss: 0.6040
2025-12-03 17:41:14,843 - /home/kantorkristof/git/neurips-polymer/I_Experiment-Synthetic/GNN/DIR.py[line:436] - INFO: Epoch [58/1000] Train_Acc: 1.0000 Val_Acc: 1.0000 | Total_Loss: 1.2098 Causal_Loss: 0.5993 DIR_Penalty: 0.000066 Spurious_Loss: 0.6105
2025-12-03 17:41:14,848 - /home/kantorkristof/git/neurips-polymer/I_Experiment-Synthetic/GNN/DIR.py[line:450] - INFO: Best model saved at epoch 58 with val_acc 1.0000
2025-12-03 17:41:14,848 - /home/kantorkristof/git/neurips-polymer/I_Experiment-Synthetic/GNN/DIR.py[line:460] - INFO: Validation accuracy reached 1.0, stopping training.
2025-12-03 17:41:19,353 - /home/kantorkristof/git/neurips-polymer/I_Experiment-Synthetic/GNN/DIR.py[line:478] - INFO: Best model Accuracy for IV_Biasly_Connected, seed 42:
2025-12-03 17:41:19,353 - /home/kantorkristof/git/neurips-polymer/I_Experiment-Synthetic/GNN/DIR.py[line:479] - INFO:   Train Accuracy: 1.0000
2025-12-03 17:41:19,353 - /home/kantorkristof/git/neurips-polymer/I_Experiment-Synthetic/GNN/DIR.py[line:480] - INFO:   Val Accuracy: 1.0000
2025-12-03 17:41:19,353 - /home/kantorkristof/git/neurips-polymer/I_Experiment-Synthetic/GNN/DIR.py[line:481] - INFO:   Test Accuracy: 0.7763
2025-12-03 17:41:19,353 - /home/kantorkristof/git/neurips-polymer/I_Experiment-Synthetic/GNN/DIR.py[line:497] - INFO: 
=== Results for attribute IV_Biasly_Connected ===
2025-12-03 17:41:19,353 - /home/kantorkristof/git/neurips-polymer/I_Experiment-Synthetic/GNN/DIR.py[line:503] - INFO: Train Accuracy: 1.0000  Val Accuracy: 1.0000  Test Accuracy: 0.7763
