2025-12-03 10:54:28,613 - /home/kantorkristof/git/neurips-polymer/I_Experiment-Synthetic/GNN/GAT.py[line:182] - INFO: 
Model training started for property: I_Hardly_Biased_Base
2025-12-03 10:54:28,614 - /home/kantorkristof/git/neurips-polymer/I_Experiment-Synthetic/GNN/GAT.py[line:97] - INFO: 
+------------+-------+
| Parameter  | Value |
+------------+-------+
| cuda       | 2     |
+------------+-------+
| datadir    | data  |
+------------+-------+
| epoch      | 1000  |
+------------+-------+
| seed       | [42]  |
+------------+-------+
| channels   | 64    |
+------------+-------+
| heads      | 8     |
+------------+-------+
| pretrain   | 0     |
+------------+-------+
| batch_size | 1000  |
+------------+-------+
| net_lr     | 0.001 |
+------------+-------+
2025-12-03 10:54:28,615 - /home/kantorkristof/git/neurips-polymer/I_Experiment-Synthetic/GNN/GAT.py[line:187] - INFO: --- Starting training for I_Hardly_Biased_Base with seed 42 ---
2025-12-03 10:54:30,092 - /home/kantorkristof/git/neurips-polymer/I_Experiment-Synthetic/GNN/GAT.py[line:238] - INFO: Epoch [1/1000] Train_Acc: 0.3333 Val_Acc: 0.3333 | Loss: 0.7066
2025-12-03 10:54:30,095 - /home/kantorkristof/git/neurips-polymer/I_Experiment-Synthetic/GNN/GAT.py[line:247] - INFO: Best model saved at epoch 1 with val_acc 0.3333
2025-12-03 10:54:30,354 - /home/kantorkristof/git/neurips-polymer/I_Experiment-Synthetic/GNN/GAT.py[line:238] - INFO: Epoch [2/1000] Train_Acc: 0.3333 Val_Acc: 0.3333 | Loss: 0.6789
2025-12-03 10:54:30,610 - /home/kantorkristof/git/neurips-polymer/I_Experiment-Synthetic/GNN/GAT.py[line:238] - INFO: Epoch [3/1000] Train_Acc: 0.6667 Val_Acc: 0.6667 | Loss: 0.6574
2025-12-03 10:54:30,613 - /home/kantorkristof/git/neurips-polymer/I_Experiment-Synthetic/GNN/GAT.py[line:247] - INFO: Best model saved at epoch 3 with val_acc 0.6667
2025-12-03 10:54:30,871 - /home/kantorkristof/git/neurips-polymer/I_Experiment-Synthetic/GNN/GAT.py[line:238] - INFO: Epoch [4/1000] Train_Acc: 0.6667 Val_Acc: 0.6667 | Loss: 0.6422
2025-12-03 10:54:31,149 - /home/kantorkristof/git/neurips-polymer/I_Experiment-Synthetic/GNN/GAT.py[line:238] - INFO: Epoch [5/1000] Train_Acc: 0.6667 Val_Acc: 0.6667 | Loss: 0.6404
2025-12-03 10:54:31,409 - /home/kantorkristof/git/neurips-polymer/I_Experiment-Synthetic/GNN/GAT.py[line:238] - INFO: Epoch [6/1000] Train_Acc: 0.6667 Val_Acc: 0.6667 | Loss: 0.6446
2025-12-03 10:54:31,659 - /home/kantorkristof/git/neurips-polymer/I_Experiment-Synthetic/GNN/GAT.py[line:238] - INFO: Epoch [7/1000] Train_Acc: 0.6667 Val_Acc: 0.6667 | Loss: 0.6428
2025-12-03 10:54:31,906 - /home/kantorkristof/git/neurips-polymer/I_Experiment-Synthetic/GNN/GAT.py[line:238] - INFO: Epoch [8/1000] Train_Acc: 0.6667 Val_Acc: 0.6667 | Loss: 0.6381
2025-12-03 10:54:32,154 - /home/kantorkristof/git/neurips-polymer/I_Experiment-Synthetic/GNN/GAT.py[line:238] - INFO: Epoch [9/1000] Train_Acc: 0.6667 Val_Acc: 0.6667 | Loss: 0.6387
2025-12-03 10:54:32,407 - /home/kantorkristof/git/neurips-polymer/I_Experiment-Synthetic/GNN/GAT.py[line:238] - INFO: Epoch [10/1000] Train_Acc: 0.6667 Val_Acc: 0.6667 | Loss: 0.6391
2025-12-03 10:54:32,656 - /home/kantorkristof/git/neurips-polymer/I_Experiment-Synthetic/GNN/GAT.py[line:238] - INFO: Epoch [11/1000] Train_Acc: 0.6667 Val_Acc: 0.6667 | Loss: 0.6394
2025-12-03 10:54:32,906 - /home/kantorkristof/git/neurips-polymer/I_Experiment-Synthetic/GNN/GAT.py[line:238] - INFO: Epoch [12/1000] Train_Acc: 0.6667 Val_Acc: 0.6667 | Loss: 0.6372
2025-12-03 10:54:33,156 - /home/kantorkristof/git/neurips-polymer/I_Experiment-Synthetic/GNN/GAT.py[line:238] - INFO: Epoch [13/1000] Train_Acc: 0.6667 Val_Acc: 0.6667 | Loss: 0.6377
2025-12-03 10:54:33,424 - /home/kantorkristof/git/neurips-polymer/I_Experiment-Synthetic/GNN/GAT.py[line:238] - INFO: Epoch [14/1000] Train_Acc: 0.6667 Val_Acc: 0.6667 | Loss: 0.6373
2025-12-03 10:54:33,705 - /home/kantorkristof/git/neurips-polymer/I_Experiment-Synthetic/GNN/GAT.py[line:238] - INFO: Epoch [15/1000] Train_Acc: 0.6667 Val_Acc: 0.6667 | Loss: 0.6390
2025-12-03 10:54:33,988 - /home/kantorkristof/git/neurips-polymer/I_Experiment-Synthetic/GNN/GAT.py[line:238] - INFO: Epoch [16/1000] Train_Acc: 0.6667 Val_Acc: 0.6667 | Loss: 0.6374
2025-12-03 10:54:34,500 - /home/kantorkristof/git/neurips-polymer/I_Experiment-Synthetic/GNN/GAT.py[line:238] - INFO: Epoch [17/1000] Train_Acc: 0.6667 Val_Acc: 0.6667 | Loss: 0.6373
2025-12-03 10:54:34,764 - /home/kantorkristof/git/neurips-polymer/I_Experiment-Synthetic/GNN/GAT.py[line:238] - INFO: Epoch [18/1000] Train_Acc: 0.6667 Val_Acc: 0.6667 | Loss: 0.6368
2025-12-03 10:54:35,038 - /home/kantorkristof/git/neurips-polymer/I_Experiment-Synthetic/GNN/GAT.py[line:238] - INFO: Epoch [19/1000] Train_Acc: 0.6667 Val_Acc: 0.6667 | Loss: 0.6371
2025-12-03 10:54:35,305 - /home/kantorkristof/git/neurips-polymer/I_Experiment-Synthetic/GNN/GAT.py[line:238] - INFO: Epoch [20/1000] Train_Acc: 0.6667 Val_Acc: 0.6667 | Loss: 0.6363
2025-12-03 10:54:35,582 - /home/kantorkristof/git/neurips-polymer/I_Experiment-Synthetic/GNN/GAT.py[line:238] - INFO: Epoch [21/1000] Train_Acc: 0.6667 Val_Acc: 0.6667 | Loss: 0.6365
2025-12-03 10:54:35,854 - /home/kantorkristof/git/neurips-polymer/I_Experiment-Synthetic/GNN/GAT.py[line:238] - INFO: Epoch [22/1000] Train_Acc: 0.6667 Val_Acc: 0.6667 | Loss: 0.6357
2025-12-03 10:54:36,116 - /home/kantorkristof/git/neurips-polymer/I_Experiment-Synthetic/GNN/GAT.py[line:238] - INFO: Epoch [23/1000] Train_Acc: 0.6667 Val_Acc: 0.6667 | Loss: 0.6361
2025-12-03 10:54:36,376 - /home/kantorkristof/git/neurips-polymer/I_Experiment-Synthetic/GNN/GAT.py[line:238] - INFO: Epoch [24/1000] Train_Acc: 0.6667 Val_Acc: 0.6667 | Loss: 0.6366
2025-12-03 10:54:36,632 - /home/kantorkristof/git/neurips-polymer/I_Experiment-Synthetic/GNN/GAT.py[line:238] - INFO: Epoch [25/1000] Train_Acc: 0.6667 Val_Acc: 0.6667 | Loss: 0.6364
2025-12-03 10:54:36,890 - /home/kantorkristof/git/neurips-polymer/I_Experiment-Synthetic/GNN/GAT.py[line:238] - INFO: Epoch [26/1000] Train_Acc: 0.6667 Val_Acc: 0.6667 | Loss: 0.6375
2025-12-03 10:54:37,141 - /home/kantorkristof/git/neurips-polymer/I_Experiment-Synthetic/GNN/GAT.py[line:238] - INFO: Epoch [27/1000] Train_Acc: 0.6667 Val_Acc: 0.6667 | Loss: 0.6352
2025-12-03 10:54:37,393 - /home/kantorkristof/git/neurips-polymer/I_Experiment-Synthetic/GNN/GAT.py[line:238] - INFO: Epoch [28/1000] Train_Acc: 0.6667 Val_Acc: 0.6667 | Loss: 0.6354
2025-12-03 10:54:37,649 - /home/kantorkristof/git/neurips-polymer/I_Experiment-Synthetic/GNN/GAT.py[line:238] - INFO: Epoch [29/1000] Train_Acc: 0.6667 Val_Acc: 0.6667 | Loss: 0.6359
2025-12-03 10:54:37,903 - /home/kantorkristof/git/neurips-polymer/I_Experiment-Synthetic/GNN/GAT.py[line:238] - INFO: Epoch [30/1000] Train_Acc: 0.6667 Val_Acc: 0.6667 | Loss: 0.6340
2025-12-03 10:54:38,182 - /home/kantorkristof/git/neurips-polymer/I_Experiment-Synthetic/GNN/GAT.py[line:238] - INFO: Epoch [31/1000] Train_Acc: 0.6667 Val_Acc: 0.6667 | Loss: 0.6359
2025-12-03 10:54:38,460 - /home/kantorkristof/git/neurips-polymer/I_Experiment-Synthetic/GNN/GAT.py[line:238] - INFO: Epoch [32/1000] Train_Acc: 0.6667 Val_Acc: 0.6667 | Loss: 0.6378
2025-12-03 10:54:38,753 - /home/kantorkristof/git/neurips-polymer/I_Experiment-Synthetic/GNN/GAT.py[line:238] - INFO: Epoch [33/1000] Train_Acc: 0.6667 Val_Acc: 0.6667 | Loss: 0.6363
2025-12-03 10:54:39,019 - /home/kantorkristof/git/neurips-polymer/I_Experiment-Synthetic/GNN/GAT.py[line:238] - INFO: Epoch [34/1000] Train_Acc: 0.6667 Val_Acc: 0.6667 | Loss: 0.6336
2025-12-03 10:54:39,288 - /home/kantorkristof/git/neurips-polymer/I_Experiment-Synthetic/GNN/GAT.py[line:238] - INFO: Epoch [35/1000] Train_Acc: 0.6667 Val_Acc: 0.6667 | Loss: 0.6363
2025-12-03 10:54:39,541 - /home/kantorkristof/git/neurips-polymer/I_Experiment-Synthetic/GNN/GAT.py[line:238] - INFO: Epoch [36/1000] Train_Acc: 0.6667 Val_Acc: 0.6667 | Loss: 0.6330
2025-12-03 10:54:39,801 - /home/kantorkristof/git/neurips-polymer/I_Experiment-Synthetic/GNN/GAT.py[line:238] - INFO: Epoch [37/1000] Train_Acc: 0.6667 Val_Acc: 0.6667 | Loss: 0.6336
2025-12-03 10:54:40,053 - /home/kantorkristof/git/neurips-polymer/I_Experiment-Synthetic/GNN/GAT.py[line:238] - INFO: Epoch [38/1000] Train_Acc: 0.6667 Val_Acc: 0.6667 | Loss: 0.6372
2025-12-03 10:54:40,315 - /home/kantorkristof/git/neurips-polymer/I_Experiment-Synthetic/GNN/GAT.py[line:238] - INFO: Epoch [39/1000] Train_Acc: 0.6667 Val_Acc: 0.6667 | Loss: 0.6359
2025-12-03 10:54:40,568 - /home/kantorkristof/git/neurips-polymer/I_Experiment-Synthetic/GNN/GAT.py[line:238] - INFO: Epoch [40/1000] Train_Acc: 0.6667 Val_Acc: 0.6667 | Loss: 0.6359
2025-12-03 10:54:40,832 - /home/kantorkristof/git/neurips-polymer/I_Experiment-Synthetic/GNN/GAT.py[line:238] - INFO: Epoch [41/1000] Train_Acc: 0.6667 Val_Acc: 0.6667 | Loss: 0.6361
2025-12-03 10:54:41,082 - /home/kantorkristof/git/neurips-polymer/I_Experiment-Synthetic/GNN/GAT.py[line:238] - INFO: Epoch [42/1000] Train_Acc: 0.6667 Val_Acc: 0.6667 | Loss: 0.6348
2025-12-03 10:54:41,340 - /home/kantorkristof/git/neurips-polymer/I_Experiment-Synthetic/GNN/GAT.py[line:238] - INFO: Epoch [43/1000] Train_Acc: 0.6667 Val_Acc: 0.6667 | Loss: 0.6367
2025-12-03 10:54:41,591 - /home/kantorkristof/git/neurips-polymer/I_Experiment-Synthetic/GNN/GAT.py[line:238] - INFO: Epoch [44/1000] Train_Acc: 0.6667 Val_Acc: 0.6667 | Loss: 0.6343
2025-12-03 10:54:41,841 - /home/kantorkristof/git/neurips-polymer/I_Experiment-Synthetic/GNN/GAT.py[line:238] - INFO: Epoch [45/1000] Train_Acc: 0.6667 Val_Acc: 0.6667 | Loss: 0.6362
2025-12-03 10:54:42,097 - /home/kantorkristof/git/neurips-polymer/I_Experiment-Synthetic/GNN/GAT.py[line:238] - INFO: Epoch [46/1000] Train_Acc: 0.6667 Val_Acc: 0.6667 | Loss: 0.6369
2025-12-03 10:54:42,349 - /home/kantorkristof/git/neurips-polymer/I_Experiment-Synthetic/GNN/GAT.py[line:238] - INFO: Epoch [47/1000] Train_Acc: 0.6667 Val_Acc: 0.6667 | Loss: 0.6349
2025-12-03 10:54:42,601 - /home/kantorkristof/git/neurips-polymer/I_Experiment-Synthetic/GNN/GAT.py[line:238] - INFO: Epoch [48/1000] Train_Acc: 0.6667 Val_Acc: 0.6667 | Loss: 0.6332
2025-12-03 10:54:42,853 - /home/kantorkristof/git/neurips-polymer/I_Experiment-Synthetic/GNN/GAT.py[line:238] - INFO: Epoch [49/1000] Train_Acc: 0.6667 Val_Acc: 0.6667 | Loss: 0.6365
2025-12-03 10:54:43,115 - /home/kantorkristof/git/neurips-polymer/I_Experiment-Synthetic/GNN/GAT.py[line:238] - INFO: Epoch [50/1000] Train_Acc: 0.6667 Val_Acc: 0.6667 | Loss: 0.6340
2025-12-03 10:54:43,366 - /home/kantorkristof/git/neurips-polymer/I_Experiment-Synthetic/GNN/GAT.py[line:238] - INFO: Epoch [51/1000] Train_Acc: 0.6667 Val_Acc: 0.6667 | Loss: 0.6340
2025-12-03 10:54:43,617 - /home/kantorkristof/git/neurips-polymer/I_Experiment-Synthetic/GNN/GAT.py[line:238] - INFO: Epoch [52/1000] Train_Acc: 0.6667 Val_Acc: 0.6667 | Loss: 0.6345
2025-12-03 10:54:43,868 - /home/kantorkristof/git/neurips-polymer/I_Experiment-Synthetic/GNN/GAT.py[line:238] - INFO: Epoch [53/1000] Train_Acc: 0.6667 Val_Acc: 0.6667 | Loss: 0.6342
2025-12-03 10:54:44,117 - /home/kantorkristof/git/neurips-polymer/I_Experiment-Synthetic/GNN/GAT.py[line:238] - INFO: Epoch [54/1000] Train_Acc: 0.6667 Val_Acc: 0.6667 | Loss: 0.6351
2025-12-03 10:54:44,369 - /home/kantorkristof/git/neurips-polymer/I_Experiment-Synthetic/GNN/GAT.py[line:238] - INFO: Epoch [55/1000] Train_Acc: 0.6667 Val_Acc: 0.6667 | Loss: 0.6323
2025-12-03 10:54:44,619 - /home/kantorkristof/git/neurips-polymer/I_Experiment-Synthetic/GNN/GAT.py[line:238] - INFO: Epoch [56/1000] Train_Acc: 0.6667 Val_Acc: 0.6667 | Loss: 0.6365
2025-12-03 10:54:44,878 - /home/kantorkristof/git/neurips-polymer/I_Experiment-Synthetic/GNN/GAT.py[line:238] - INFO: Epoch [57/1000] Train_Acc: 0.6667 Val_Acc: 0.6667 | Loss: 0.6331
2025-12-03 10:54:45,128 - /home/kantorkristof/git/neurips-polymer/I_Experiment-Synthetic/GNN/GAT.py[line:238] - INFO: Epoch [58/1000] Train_Acc: 0.6667 Val_Acc: 0.6667 | Loss: 0.6351
2025-12-03 10:54:45,378 - /home/kantorkristof/git/neurips-polymer/I_Experiment-Synthetic/GNN/GAT.py[line:238] - INFO: Epoch [59/1000] Train_Acc: 0.6667 Val_Acc: 0.6667 | Loss: 0.6326
2025-12-03 10:54:45,628 - /home/kantorkristof/git/neurips-polymer/I_Experiment-Synthetic/GNN/GAT.py[line:238] - INFO: Epoch [60/1000] Train_Acc: 0.6667 Val_Acc: 0.6667 | Loss: 0.6342
2025-12-03 10:54:45,882 - /home/kantorkristof/git/neurips-polymer/I_Experiment-Synthetic/GNN/GAT.py[line:238] - INFO: Epoch [61/1000] Train_Acc: 0.6667 Val_Acc: 0.6667 | Loss: 0.6342
2025-12-03 10:54:46,136 - /home/kantorkristof/git/neurips-polymer/I_Experiment-Synthetic/GNN/GAT.py[line:238] - INFO: Epoch [62/1000] Train_Acc: 0.6667 Val_Acc: 0.6667 | Loss: 0.6335
2025-12-03 10:54:46,389 - /home/kantorkristof/git/neurips-polymer/I_Experiment-Synthetic/GNN/GAT.py[line:238] - INFO: Epoch [63/1000] Train_Acc: 0.6667 Val_Acc: 0.6667 | Loss: 0.6335
2025-12-03 10:54:46,639 - /home/kantorkristof/git/neurips-polymer/I_Experiment-Synthetic/GNN/GAT.py[line:238] - INFO: Epoch [64/1000] Train_Acc: 0.6667 Val_Acc: 0.6667 | Loss: 0.6327
2025-12-03 10:54:46,889 - /home/kantorkristof/git/neurips-polymer/I_Experiment-Synthetic/GNN/GAT.py[line:238] - INFO: Epoch [65/1000] Train_Acc: 0.6667 Val_Acc: 0.6667 | Loss: 0.6322
2025-12-03 10:54:47,141 - /home/kantorkristof/git/neurips-polymer/I_Experiment-Synthetic/GNN/GAT.py[line:238] - INFO: Epoch [66/1000] Train_Acc: 0.6667 Val_Acc: 0.6667 | Loss: 0.6355
2025-12-03 10:54:47,392 - /home/kantorkristof/git/neurips-polymer/I_Experiment-Synthetic/GNN/GAT.py[line:238] - INFO: Epoch [67/1000] Train_Acc: 0.6667 Val_Acc: 0.6667 | Loss: 0.6329
2025-12-03 10:54:47,645 - /home/kantorkristof/git/neurips-polymer/I_Experiment-Synthetic/GNN/GAT.py[line:238] - INFO: Epoch [68/1000] Train_Acc: 0.6667 Val_Acc: 0.6667 | Loss: 0.6332
2025-12-03 10:54:47,895 - /home/kantorkristof/git/neurips-polymer/I_Experiment-Synthetic/GNN/GAT.py[line:238] - INFO: Epoch [69/1000] Train_Acc: 0.6667 Val_Acc: 0.6667 | Loss: 0.6311
2025-12-03 10:54:48,148 - /home/kantorkristof/git/neurips-polymer/I_Experiment-Synthetic/GNN/GAT.py[line:238] - INFO: Epoch [70/1000] Train_Acc: 0.6667 Val_Acc: 0.6667 | Loss: 0.6366
2025-12-03 10:54:48,412 - /home/kantorkristof/git/neurips-polymer/I_Experiment-Synthetic/GNN/GAT.py[line:238] - INFO: Epoch [71/1000] Train_Acc: 0.6667 Val_Acc: 0.6667 | Loss: 0.6353
2025-12-03 10:54:48,900 - /home/kantorkristof/git/neurips-polymer/I_Experiment-Synthetic/GNN/GAT.py[line:238] - INFO: Epoch [72/1000] Train_Acc: 0.6667 Val_Acc: 0.6667 | Loss: 0.6325
2025-12-03 10:54:49,149 - /home/kantorkristof/git/neurips-polymer/I_Experiment-Synthetic/GNN/GAT.py[line:238] - INFO: Epoch [73/1000] Train_Acc: 0.6667 Val_Acc: 0.6667 | Loss: 0.6306
2025-12-03 10:54:49,400 - /home/kantorkristof/git/neurips-polymer/I_Experiment-Synthetic/GNN/GAT.py[line:238] - INFO: Epoch [74/1000] Train_Acc: 0.6667 Val_Acc: 0.6667 | Loss: 0.6326
2025-12-03 10:54:49,651 - /home/kantorkristof/git/neurips-polymer/I_Experiment-Synthetic/GNN/GAT.py[line:238] - INFO: Epoch [75/1000] Train_Acc: 0.6667 Val_Acc: 0.6667 | Loss: 0.6318
2025-12-03 10:54:49,904 - /home/kantorkristof/git/neurips-polymer/I_Experiment-Synthetic/GNN/GAT.py[line:238] - INFO: Epoch [76/1000] Train_Acc: 0.6667 Val_Acc: 0.6667 | Loss: 0.6312
2025-12-03 10:54:50,155 - /home/kantorkristof/git/neurips-polymer/I_Experiment-Synthetic/GNN/GAT.py[line:238] - INFO: Epoch [77/1000] Train_Acc: 0.6667 Val_Acc: 0.6667 | Loss: 0.6326
2025-12-03 10:54:50,407 - /home/kantorkristof/git/neurips-polymer/I_Experiment-Synthetic/GNN/GAT.py[line:238] - INFO: Epoch [78/1000] Train_Acc: 0.6667 Val_Acc: 0.6667 | Loss: 0.6333
2025-12-03 10:54:50,657 - /home/kantorkristof/git/neurips-polymer/I_Experiment-Synthetic/GNN/GAT.py[line:238] - INFO: Epoch [79/1000] Train_Acc: 0.6667 Val_Acc: 0.6667 | Loss: 0.6320
2025-12-03 10:54:50,906 - /home/kantorkristof/git/neurips-polymer/I_Experiment-Synthetic/GNN/GAT.py[line:238] - INFO: Epoch [80/1000] Train_Acc: 0.6667 Val_Acc: 0.6667 | Loss: 0.6316
2025-12-03 10:54:51,157 - /home/kantorkristof/git/neurips-polymer/I_Experiment-Synthetic/GNN/GAT.py[line:238] - INFO: Epoch [81/1000] Train_Acc: 0.6667 Val_Acc: 0.6667 | Loss: 0.6333
2025-12-03 10:54:51,409 - /home/kantorkristof/git/neurips-polymer/I_Experiment-Synthetic/GNN/GAT.py[line:238] - INFO: Epoch [82/1000] Train_Acc: 0.6667 Val_Acc: 0.6667 | Loss: 0.6351
2025-12-03 10:54:51,667 - /home/kantorkristof/git/neurips-polymer/I_Experiment-Synthetic/GNN/GAT.py[line:238] - INFO: Epoch [83/1000] Train_Acc: 0.6667 Val_Acc: 0.6667 | Loss: 0.6340
2025-12-03 10:54:51,921 - /home/kantorkristof/git/neurips-polymer/I_Experiment-Synthetic/GNN/GAT.py[line:238] - INFO: Epoch [84/1000] Train_Acc: 0.6667 Val_Acc: 0.6667 | Loss: 0.6304
2025-12-03 10:54:52,172 - /home/kantorkristof/git/neurips-polymer/I_Experiment-Synthetic/GNN/GAT.py[line:238] - INFO: Epoch [85/1000] Train_Acc: 0.6667 Val_Acc: 0.6667 | Loss: 0.6306
2025-12-03 10:54:52,424 - /home/kantorkristof/git/neurips-polymer/I_Experiment-Synthetic/GNN/GAT.py[line:238] - INFO: Epoch [86/1000] Train_Acc: 0.6667 Val_Acc: 0.6667 | Loss: 0.6334
2025-12-03 10:54:52,675 - /home/kantorkristof/git/neurips-polymer/I_Experiment-Synthetic/GNN/GAT.py[line:238] - INFO: Epoch [87/1000] Train_Acc: 0.6667 Val_Acc: 0.6667 | Loss: 0.6360
2025-12-03 10:54:52,926 - /home/kantorkristof/git/neurips-polymer/I_Experiment-Synthetic/GNN/GAT.py[line:238] - INFO: Epoch [88/1000] Train_Acc: 0.6667 Val_Acc: 0.6667 | Loss: 0.6331
2025-12-03 10:54:53,180 - /home/kantorkristof/git/neurips-polymer/I_Experiment-Synthetic/GNN/GAT.py[line:238] - INFO: Epoch [89/1000] Train_Acc: 0.6667 Val_Acc: 0.6667 | Loss: 0.6347
2025-12-03 10:54:53,431 - /home/kantorkristof/git/neurips-polymer/I_Experiment-Synthetic/GNN/GAT.py[line:238] - INFO: Epoch [90/1000] Train_Acc: 0.6667 Val_Acc: 0.6667 | Loss: 0.6346
2025-12-03 10:54:53,683 - /home/kantorkristof/git/neurips-polymer/I_Experiment-Synthetic/GNN/GAT.py[line:238] - INFO: Epoch [91/1000] Train_Acc: 0.6667 Val_Acc: 0.6667 | Loss: 0.6334
2025-12-03 10:54:53,933 - /home/kantorkristof/git/neurips-polymer/I_Experiment-Synthetic/GNN/GAT.py[line:238] - INFO: Epoch [92/1000] Train_Acc: 0.6667 Val_Acc: 0.6667 | Loss: 0.6338
2025-12-03 10:54:54,190 - /home/kantorkristof/git/neurips-polymer/I_Experiment-Synthetic/GNN/GAT.py[line:238] - INFO: Epoch [93/1000] Train_Acc: 0.6667 Val_Acc: 0.6667 | Loss: 0.6331
2025-12-03 10:54:54,440 - /home/kantorkristof/git/neurips-polymer/I_Experiment-Synthetic/GNN/GAT.py[line:238] - INFO: Epoch [94/1000] Train_Acc: 0.6667 Val_Acc: 0.6667 | Loss: 0.6313
2025-12-03 10:54:54,693 - /home/kantorkristof/git/neurips-polymer/I_Experiment-Synthetic/GNN/GAT.py[line:238] - INFO: Epoch [95/1000] Train_Acc: 0.6667 Val_Acc: 0.6667 | Loss: 0.6326
2025-12-03 10:54:54,946 - /home/kantorkristof/git/neurips-polymer/I_Experiment-Synthetic/GNN/GAT.py[line:238] - INFO: Epoch [96/1000] Train_Acc: 0.6667 Val_Acc: 0.6667 | Loss: 0.6313
2025-12-03 10:54:55,204 - /home/kantorkristof/git/neurips-polymer/I_Experiment-Synthetic/GNN/GAT.py[line:238] - INFO: Epoch [97/1000] Train_Acc: 0.6667 Val_Acc: 0.6667 | Loss: 0.6355
2025-12-03 10:54:55,454 - /home/kantorkristof/git/neurips-polymer/I_Experiment-Synthetic/GNN/GAT.py[line:238] - INFO: Epoch [98/1000] Train_Acc: 0.6667 Val_Acc: 0.6667 | Loss: 0.6319
2025-12-03 10:54:55,707 - /home/kantorkristof/git/neurips-polymer/I_Experiment-Synthetic/GNN/GAT.py[line:238] - INFO: Epoch [99/1000] Train_Acc: 0.6667 Val_Acc: 0.6667 | Loss: 0.6321
2025-12-03 10:54:56,198 - /home/kantorkristof/git/neurips-polymer/I_Experiment-Synthetic/GNN/GAT.py[line:238] - INFO: Epoch [100/1000] Train_Acc: 0.6667 Val_Acc: 0.6667 | Loss: 0.6352
2025-12-03 10:54:56,450 - /home/kantorkristof/git/neurips-polymer/I_Experiment-Synthetic/GNN/GAT.py[line:238] - INFO: Epoch [101/1000] Train_Acc: 0.6667 Val_Acc: 0.6667 | Loss: 0.6338
2025-12-03 10:54:56,701 - /home/kantorkristof/git/neurips-polymer/I_Experiment-Synthetic/GNN/GAT.py[line:238] - INFO: Epoch [102/1000] Train_Acc: 0.6667 Val_Acc: 0.6667 | Loss: 0.6341
2025-12-03 10:54:56,951 - /home/kantorkristof/git/neurips-polymer/I_Experiment-Synthetic/GNN/GAT.py[line:238] - INFO: Epoch [103/1000] Train_Acc: 0.6667 Val_Acc: 0.6667 | Loss: 0.6331
2025-12-03 10:54:56,951 - /home/kantorkristof/git/neurips-polymer/I_Experiment-Synthetic/GNN/GAT.py[line:259] - INFO: Early Stopping
2025-12-03 10:54:57,190 - /home/kantorkristof/git/neurips-polymer/I_Experiment-Synthetic/GNN/GAT.py[line:269] - INFO: Legjobb modell pontosságai I_Hardly_Biased_Base esetén, seed 42:
2025-12-03 10:54:57,191 - /home/kantorkristof/git/neurips-polymer/I_Experiment-Synthetic/GNN/GAT.py[line:270] - INFO:   Train Accuracy: 0.6667
2025-12-03 10:54:57,191 - /home/kantorkristof/git/neurips-polymer/I_Experiment-Synthetic/GNN/GAT.py[line:271] - INFO:   Val Accuracy: 0.6667
2025-12-03 10:54:57,191 - /home/kantorkristof/git/neurips-polymer/I_Experiment-Synthetic/GNN/GAT.py[line:272] - INFO:   Test Accuracy: 0.6667
2025-12-03 10:54:57,191 - /home/kantorkristof/git/neurips-polymer/I_Experiment-Synthetic/GNN/GAT.py[line:288] - INFO: 
=== Eredmények az I_Hardly_Biased_Base attribútumhoz ===
2025-12-03 10:54:57,191 - /home/kantorkristof/git/neurips-polymer/I_Experiment-Synthetic/GNN/GAT.py[line:294] - INFO: Train Accuracy: 0.6667 Val Accuracy: 0.6667 Test Accuracy: 0.6667
