2025-12-03 10:25:45,365 - /home/kantorkristof/git/neurips-polymer/I_Experiment-Synthetic/GNN/GCN.py[line:180] - INFO: 
Model training started for property: I_Hardly_Biased_Base
2025-12-03 10:25:45,365 - /home/kantorkristof/git/neurips-polymer/I_Experiment-Synthetic/GNN/GCN.py[line:95] - INFO: 
+------------+-------+
| Parameter  | Value |
+------------+-------+
| cuda       | 7     |
+------------+-------+
| datadir    | data  |
+------------+-------+
| epoch      | 1000  |
+------------+-------+
| seed       | [42]  |
+------------+-------+
| channels   | 64    |
+------------+-------+
| pretrain   | 0     |
+------------+-------+
| batch_size | 1000  |
+------------+-------+
| net_lr     | 0.001 |
+------------+-------+
2025-12-03 10:25:45,366 - /home/kantorkristof/git/neurips-polymer/I_Experiment-Synthetic/GNN/GCN.py[line:185] - INFO: --- Starting training for I_Hardly_Biased_Base with seed 42 ---
2025-12-03 10:25:46,737 - /home/kantorkristof/git/neurips-polymer/I_Experiment-Synthetic/GNN/GCN.py[line:238] - INFO: Epoch [1/1000] Train_Acc: 0.6667 Val_Acc: 0.6667 | Loss: 0.6880
2025-12-03 10:25:46,740 - /home/kantorkristof/git/neurips-polymer/I_Experiment-Synthetic/GNN/GCN.py[line:248] - INFO: Best model saved at epoch 1 with val_acc 0.6667
2025-12-03 10:25:46,968 - /home/kantorkristof/git/neurips-polymer/I_Experiment-Synthetic/GNN/GCN.py[line:238] - INFO: Epoch [2/1000] Train_Acc: 0.6667 Val_Acc: 0.6667 | Loss: 0.6569
2025-12-03 10:25:47,207 - /home/kantorkristof/git/neurips-polymer/I_Experiment-Synthetic/GNN/GCN.py[line:238] - INFO: Epoch [3/1000] Train_Acc: 0.6667 Val_Acc: 0.6667 | Loss: 0.6331
2025-12-03 10:25:47,459 - /home/kantorkristof/git/neurips-polymer/I_Experiment-Synthetic/GNN/GCN.py[line:238] - INFO: Epoch [4/1000] Train_Acc: 0.6667 Val_Acc: 0.6667 | Loss: 0.6147
2025-12-03 10:25:47,686 - /home/kantorkristof/git/neurips-polymer/I_Experiment-Synthetic/GNN/GCN.py[line:238] - INFO: Epoch [5/1000] Train_Acc: 0.6667 Val_Acc: 0.6667 | Loss: 0.5970
2025-12-03 10:25:47,915 - /home/kantorkristof/git/neurips-polymer/I_Experiment-Synthetic/GNN/GCN.py[line:238] - INFO: Epoch [6/1000] Train_Acc: 0.6667 Val_Acc: 0.6667 | Loss: 0.5818
2025-12-03 10:25:48,139 - /home/kantorkristof/git/neurips-polymer/I_Experiment-Synthetic/GNN/GCN.py[line:238] - INFO: Epoch [7/1000] Train_Acc: 0.6667 Val_Acc: 0.6667 | Loss: 0.5664
2025-12-03 10:25:48,372 - /home/kantorkristof/git/neurips-polymer/I_Experiment-Synthetic/GNN/GCN.py[line:238] - INFO: Epoch [8/1000] Train_Acc: 0.6667 Val_Acc: 0.6667 | Loss: 0.5486
2025-12-03 10:25:48,614 - /home/kantorkristof/git/neurips-polymer/I_Experiment-Synthetic/GNN/GCN.py[line:238] - INFO: Epoch [9/1000] Train_Acc: 0.6667 Val_Acc: 0.6667 | Loss: 0.5327
2025-12-03 10:25:48,855 - /home/kantorkristof/git/neurips-polymer/I_Experiment-Synthetic/GNN/GCN.py[line:238] - INFO: Epoch [10/1000] Train_Acc: 0.6667 Val_Acc: 0.6667 | Loss: 0.5136
2025-12-03 10:25:49,083 - /home/kantorkristof/git/neurips-polymer/I_Experiment-Synthetic/GNN/GCN.py[line:238] - INFO: Epoch [11/1000] Train_Acc: 0.6667 Val_Acc: 0.6667 | Loss: 0.4888
2025-12-03 10:25:49,313 - /home/kantorkristof/git/neurips-polymer/I_Experiment-Synthetic/GNN/GCN.py[line:238] - INFO: Epoch [12/1000] Train_Acc: 0.6667 Val_Acc: 0.6667 | Loss: 0.4665
2025-12-03 10:25:49,541 - /home/kantorkristof/git/neurips-polymer/I_Experiment-Synthetic/GNN/GCN.py[line:238] - INFO: Epoch [13/1000] Train_Acc: 0.8250 Val_Acc: 0.8140 | Loss: 0.4402
2025-12-03 10:25:49,544 - /home/kantorkristof/git/neurips-polymer/I_Experiment-Synthetic/GNN/GCN.py[line:248] - INFO: Best model saved at epoch 13 with val_acc 0.8140
2025-12-03 10:25:49,769 - /home/kantorkristof/git/neurips-polymer/I_Experiment-Synthetic/GNN/GCN.py[line:238] - INFO: Epoch [14/1000] Train_Acc: 0.6940 Val_Acc: 0.6940 | Loss: 0.4115
2025-12-03 10:25:50,002 - /home/kantorkristof/git/neurips-polymer/I_Experiment-Synthetic/GNN/GCN.py[line:238] - INFO: Epoch [15/1000] Train_Acc: 0.8220 Val_Acc: 0.8117 | Loss: 0.3817
2025-12-03 10:25:50,230 - /home/kantorkristof/git/neurips-polymer/I_Experiment-Synthetic/GNN/GCN.py[line:238] - INFO: Epoch [16/1000] Train_Acc: 0.8200 Val_Acc: 0.8093 | Loss: 0.3515
2025-12-03 10:25:50,600 - /home/kantorkristof/git/neurips-polymer/I_Experiment-Synthetic/GNN/GCN.py[line:238] - INFO: Epoch [17/1000] Train_Acc: 0.8380 Val_Acc: 0.8287 | Loss: 0.3196
2025-12-03 10:25:50,602 - /home/kantorkristof/git/neurips-polymer/I_Experiment-Synthetic/GNN/GCN.py[line:248] - INFO: Best model saved at epoch 17 with val_acc 0.8287
2025-12-03 10:25:50,834 - /home/kantorkristof/git/neurips-polymer/I_Experiment-Synthetic/GNN/GCN.py[line:238] - INFO: Epoch [18/1000] Train_Acc: 0.8380 Val_Acc: 0.8287 | Loss: 0.2882
2025-12-03 10:25:51,060 - /home/kantorkristof/git/neurips-polymer/I_Experiment-Synthetic/GNN/GCN.py[line:238] - INFO: Epoch [19/1000] Train_Acc: 0.8380 Val_Acc: 0.8287 | Loss: 0.2587
2025-12-03 10:25:51,285 - /home/kantorkristof/git/neurips-polymer/I_Experiment-Synthetic/GNN/GCN.py[line:238] - INFO: Epoch [20/1000] Train_Acc: 0.8380 Val_Acc: 0.8287 | Loss: 0.2282
2025-12-03 10:25:51,511 - /home/kantorkristof/git/neurips-polymer/I_Experiment-Synthetic/GNN/GCN.py[line:238] - INFO: Epoch [21/1000] Train_Acc: 0.8337 Val_Acc: 0.8253 | Loss: 0.2031
2025-12-03 10:25:51,758 - /home/kantorkristof/git/neurips-polymer/I_Experiment-Synthetic/GNN/GCN.py[line:238] - INFO: Epoch [22/1000] Train_Acc: 0.8337 Val_Acc: 0.8253 | Loss: 0.1764
2025-12-03 10:25:52,009 - /home/kantorkristof/git/neurips-polymer/I_Experiment-Synthetic/GNN/GCN.py[line:238] - INFO: Epoch [23/1000] Train_Acc: 0.8337 Val_Acc: 0.8253 | Loss: 0.1522
2025-12-03 10:25:52,250 - /home/kantorkristof/git/neurips-polymer/I_Experiment-Synthetic/GNN/GCN.py[line:238] - INFO: Epoch [24/1000] Train_Acc: 0.8337 Val_Acc: 0.8253 | Loss: 0.1240
2025-12-03 10:25:52,473 - /home/kantorkristof/git/neurips-polymer/I_Experiment-Synthetic/GNN/GCN.py[line:238] - INFO: Epoch [25/1000] Train_Acc: 0.8337 Val_Acc: 0.8253 | Loss: 0.1036
2025-12-03 10:25:52,725 - /home/kantorkristof/git/neurips-polymer/I_Experiment-Synthetic/GNN/GCN.py[line:238] - INFO: Epoch [26/1000] Train_Acc: 0.9817 Val_Acc: 0.9830 | Loss: 0.0856
2025-12-03 10:25:52,728 - /home/kantorkristof/git/neurips-polymer/I_Experiment-Synthetic/GNN/GCN.py[line:248] - INFO: Best model saved at epoch 26 with val_acc 0.9830
2025-12-03 10:25:52,959 - /home/kantorkristof/git/neurips-polymer/I_Experiment-Synthetic/GNN/GCN.py[line:238] - INFO: Epoch [27/1000] Train_Acc: 0.7000 Val_Acc: 0.6887 | Loss: 0.0828
2025-12-03 10:25:53,185 - /home/kantorkristof/git/neurips-polymer/I_Experiment-Synthetic/GNN/GCN.py[line:238] - INFO: Epoch [28/1000] Train_Acc: 0.6867 Val_Acc: 0.6770 | Loss: 0.0686
2025-12-03 10:25:53,413 - /home/kantorkristof/git/neurips-polymer/I_Experiment-Synthetic/GNN/GCN.py[line:238] - INFO: Epoch [29/1000] Train_Acc: 0.5343 Val_Acc: 0.5153 | Loss: 0.0569
2025-12-03 10:25:53,637 - /home/kantorkristof/git/neurips-polymer/I_Experiment-Synthetic/GNN/GCN.py[line:238] - INFO: Epoch [30/1000] Train_Acc: 0.5233 Val_Acc: 0.5090 | Loss: 0.0453
2025-12-03 10:25:53,872 - /home/kantorkristof/git/neurips-polymer/I_Experiment-Synthetic/GNN/GCN.py[line:238] - INFO: Epoch [31/1000] Train_Acc: 0.5343 Val_Acc: 0.5153 | Loss: 0.0363
2025-12-03 10:25:54,099 - /home/kantorkristof/git/neurips-polymer/I_Experiment-Synthetic/GNN/GCN.py[line:238] - INFO: Epoch [32/1000] Train_Acc: 0.5233 Val_Acc: 0.5090 | Loss: 0.0259
2025-12-03 10:25:54,331 - /home/kantorkristof/git/neurips-polymer/I_Experiment-Synthetic/GNN/GCN.py[line:238] - INFO: Epoch [33/1000] Train_Acc: 0.3890 Val_Acc: 0.3870 | Loss: 0.0223
2025-12-03 10:25:54,556 - /home/kantorkristof/git/neurips-polymer/I_Experiment-Synthetic/GNN/GCN.py[line:238] - INFO: Epoch [34/1000] Train_Acc: 0.6917 Val_Acc: 0.6817 | Loss: 0.0207
2025-12-03 10:25:54,785 - /home/kantorkristof/git/neurips-polymer/I_Experiment-Synthetic/GNN/GCN.py[line:238] - INFO: Epoch [35/1000] Train_Acc: 0.6917 Val_Acc: 0.6817 | Loss: 0.0176
2025-12-03 10:25:55,008 - /home/kantorkristof/git/neurips-polymer/I_Experiment-Synthetic/GNN/GCN.py[line:238] - INFO: Epoch [36/1000] Train_Acc: 0.6893 Val_Acc: 0.6810 | Loss: 0.0132
2025-12-03 10:25:55,234 - /home/kantorkristof/git/neurips-polymer/I_Experiment-Synthetic/GNN/GCN.py[line:238] - INFO: Epoch [37/1000] Train_Acc: 0.6930 Val_Acc: 0.6833 | Loss: 0.0113
2025-12-03 10:25:55,460 - /home/kantorkristof/git/neurips-polymer/I_Experiment-Synthetic/GNN/GCN.py[line:238] - INFO: Epoch [38/1000] Train_Acc: 0.9880 Val_Acc: 0.9880 | Loss: 0.0086
2025-12-03 10:25:55,462 - /home/kantorkristof/git/neurips-polymer/I_Experiment-Synthetic/GNN/GCN.py[line:248] - INFO: Best model saved at epoch 38 with val_acc 0.9880
2025-12-03 10:25:55,689 - /home/kantorkristof/git/neurips-polymer/I_Experiment-Synthetic/GNN/GCN.py[line:238] - INFO: Epoch [39/1000] Train_Acc: 0.9880 Val_Acc: 0.9880 | Loss: 0.0070
2025-12-03 10:25:55,920 - /home/kantorkristof/git/neurips-polymer/I_Experiment-Synthetic/GNN/GCN.py[line:238] - INFO: Epoch [40/1000] Train_Acc: 0.8600 Val_Acc: 0.8580 | Loss: 0.0061
2025-12-03 10:25:56,145 - /home/kantorkristof/git/neurips-polymer/I_Experiment-Synthetic/GNN/GCN.py[line:238] - INFO: Epoch [41/1000] Train_Acc: 0.9973 Val_Acc: 0.9960 | Loss: 0.0053
2025-12-03 10:25:56,148 - /home/kantorkristof/git/neurips-polymer/I_Experiment-Synthetic/GNN/GCN.py[line:248] - INFO: Best model saved at epoch 41 with val_acc 0.9960
2025-12-03 10:25:56,375 - /home/kantorkristof/git/neurips-polymer/I_Experiment-Synthetic/GNN/GCN.py[line:238] - INFO: Epoch [42/1000] Train_Acc: 1.0000 Val_Acc: 1.0000 | Loss: 0.0048
2025-12-03 10:25:56,377 - /home/kantorkristof/git/neurips-polymer/I_Experiment-Synthetic/GNN/GCN.py[line:248] - INFO: Best model saved at epoch 42 with val_acc 1.0000
2025-12-03 10:25:56,378 - /home/kantorkristof/git/neurips-polymer/I_Experiment-Synthetic/GNN/GCN.py[line:258] - INFO: Validation accuracy reached 1.0, stopping training.
2025-12-03 10:25:56,597 - /home/kantorkristof/git/neurips-polymer/I_Experiment-Synthetic/GNN/GCN.py[line:273] - INFO: Legjobb modell pontosságai I_Hardly_Biased_Base esetén, seed 42:
2025-12-03 10:25:56,597 - /home/kantorkristof/git/neurips-polymer/I_Experiment-Synthetic/GNN/GCN.py[line:274] - INFO:   Train Accuracy: 1.0000
2025-12-03 10:25:56,597 - /home/kantorkristof/git/neurips-polymer/I_Experiment-Synthetic/GNN/GCN.py[line:275] - INFO:   Val Accuracy: 1.0000
2025-12-03 10:25:56,597 - /home/kantorkristof/git/neurips-polymer/I_Experiment-Synthetic/GNN/GCN.py[line:276] - INFO:   Test Accuracy: 0.7317
2025-12-03 10:25:56,597 - /home/kantorkristof/git/neurips-polymer/I_Experiment-Synthetic/GNN/GCN.py[line:292] - INFO: 
=== Eredmények az I_Hardly_Biased_Base attribútumhoz ===
2025-12-03 10:25:56,597 - /home/kantorkristof/git/neurips-polymer/I_Experiment-Synthetic/GNN/GCN.py[line:298] - INFO: Train Accuracy: 1.0000  Val Accuracy: 1.0000  Test Accuracy: 0.7317
