2025-12-05 16:57:47,781 - /home/kantorkristof/git/neurips-polymer/II_Experiment-Molecule/GNN/GCN.py[line:166] - INFO: 
Model training started for property: FFV
2025-12-05 16:57:47,782 - /home/kantorkristof/git/neurips-polymer/II_Experiment-Molecule/GNN/GCN.py[line:78] - INFO: 
+------------+--------------+
| Parameter  | Value        |
+------------+--------------+
| cuda       | 3            |
+------------+--------------+
| datadir    | data/NeurIPS |
+------------+--------------+
| epoch      | 1000         |
+------------+--------------+
| seed       | [42]         |
+------------+--------------+
| channels   | 64           |
+------------+--------------+
| pretrain   | 0            |
+------------+--------------+
| batch_size | 32           |
+------------+--------------+
| net_lr     | 0.001        |
+------------+--------------+
2025-12-05 16:57:47,782 - /home/kantorkristof/git/neurips-polymer/II_Experiment-Molecule/GNN/GCN.py[line:171] - INFO: --- Starting training for FFV with seed 42 ---
2025-12-05 16:57:48,763 - /home/kantorkristof/git/neurips-polymer/II_Experiment-Molecule/GNN/GCN.py[line:226] - INFO: Epoch [1/1000] Train_MSE: 0.000574 Val_MSE: 0.000695 | Loss: 0.004630
2025-12-05 16:57:48,766 - /home/kantorkristof/git/neurips-polymer/II_Experiment-Molecule/GNN/GCN.py[line:236] - INFO: Best model saved at epoch 1 with val_mse 0.000695
2025-12-05 16:57:49,765 - /home/kantorkristof/git/neurips-polymer/II_Experiment-Molecule/GNN/GCN.py[line:226] - INFO: Epoch [2/1000] Train_MSE: 0.001071 Val_MSE: 0.001140 | Loss: 0.000746
2025-12-05 16:57:50,733 - /home/kantorkristof/git/neurips-polymer/II_Experiment-Molecule/GNN/GCN.py[line:226] - INFO: Epoch [3/1000] Train_MSE: 0.001247 Val_MSE: 0.001329 | Loss: 0.000683
2025-12-05 16:57:51,697 - /home/kantorkristof/git/neurips-polymer/II_Experiment-Molecule/GNN/GCN.py[line:226] - INFO: Epoch [4/1000] Train_MSE: 0.000428 Val_MSE: 0.000513 | Loss: 0.000523
2025-12-05 16:57:51,699 - /home/kantorkristof/git/neurips-polymer/II_Experiment-Molecule/GNN/GCN.py[line:236] - INFO: Best model saved at epoch 4 with val_mse 0.000513
2025-12-05 16:57:52,804 - /home/kantorkristof/git/neurips-polymer/II_Experiment-Molecule/GNN/GCN.py[line:226] - INFO: Epoch [5/1000] Train_MSE: 0.000407 Val_MSE: 0.000524 | Loss: 0.000482
2025-12-05 16:57:53,873 - /home/kantorkristof/git/neurips-polymer/II_Experiment-Molecule/GNN/GCN.py[line:226] - INFO: Epoch [6/1000] Train_MSE: 0.000300 Val_MSE: 0.000391 | Loss: 0.000505
2025-12-05 16:57:53,876 - /home/kantorkristof/git/neurips-polymer/II_Experiment-Molecule/GNN/GCN.py[line:236] - INFO: Best model saved at epoch 6 with val_mse 0.000391
2025-12-05 16:57:54,941 - /home/kantorkristof/git/neurips-polymer/II_Experiment-Molecule/GNN/GCN.py[line:226] - INFO: Epoch [7/1000] Train_MSE: 0.000354 Val_MSE: 0.000447 | Loss: 0.000433
2025-12-05 16:57:55,951 - /home/kantorkristof/git/neurips-polymer/II_Experiment-Molecule/GNN/GCN.py[line:226] - INFO: Epoch [8/1000] Train_MSE: 0.000499 Val_MSE: 0.000579 | Loss: 0.000398
2025-12-05 16:57:56,932 - /home/kantorkristof/git/neurips-polymer/II_Experiment-Molecule/GNN/GCN.py[line:226] - INFO: Epoch [9/1000] Train_MSE: 0.000283 Val_MSE: 0.000373 | Loss: 0.000373
2025-12-05 16:57:56,935 - /home/kantorkristof/git/neurips-polymer/II_Experiment-Molecule/GNN/GCN.py[line:236] - INFO: Best model saved at epoch 9 with val_mse 0.000373
2025-12-05 16:57:57,898 - /home/kantorkristof/git/neurips-polymer/II_Experiment-Molecule/GNN/GCN.py[line:226] - INFO: Epoch [10/1000] Train_MSE: 0.001054 Val_MSE: 0.001120 | Loss: 0.000368
2025-12-05 16:57:58,891 - /home/kantorkristof/git/neurips-polymer/II_Experiment-Molecule/GNN/GCN.py[line:226] - INFO: Epoch [11/1000] Train_MSE: 0.000264 Val_MSE: 0.000345 | Loss: 0.000351
2025-12-05 16:57:58,894 - /home/kantorkristof/git/neurips-polymer/II_Experiment-Molecule/GNN/GCN.py[line:236] - INFO: Best model saved at epoch 11 with val_mse 0.000345
2025-12-05 16:57:59,872 - /home/kantorkristof/git/neurips-polymer/II_Experiment-Molecule/GNN/GCN.py[line:226] - INFO: Epoch [12/1000] Train_MSE: 0.000645 Val_MSE: 0.000717 | Loss: 0.000323
2025-12-05 16:58:00,934 - /home/kantorkristof/git/neurips-polymer/II_Experiment-Molecule/GNN/GCN.py[line:226] - INFO: Epoch [13/1000] Train_MSE: 0.000325 Val_MSE: 0.000408 | Loss: 0.000342
2025-12-05 16:58:01,958 - /home/kantorkristof/git/neurips-polymer/II_Experiment-Molecule/GNN/GCN.py[line:226] - INFO: Epoch [14/1000] Train_MSE: 0.000317 Val_MSE: 0.000396 | Loss: 0.000328
2025-12-05 16:58:02,955 - /home/kantorkristof/git/neurips-polymer/II_Experiment-Molecule/GNN/GCN.py[line:226] - INFO: Epoch [15/1000] Train_MSE: 0.000291 Val_MSE: 0.000374 | Loss: 0.000304
2025-12-05 16:58:03,912 - /home/kantorkristof/git/neurips-polymer/II_Experiment-Molecule/GNN/GCN.py[line:226] - INFO: Epoch [16/1000] Train_MSE: 0.000694 Val_MSE: 0.000759 | Loss: 0.000283
2025-12-05 16:58:04,818 - /home/kantorkristof/git/neurips-polymer/II_Experiment-Molecule/GNN/GCN.py[line:226] - INFO: Epoch [17/1000] Train_MSE: 0.000274 Val_MSE: 0.000331 | Loss: 0.000292
2025-12-05 16:58:04,821 - /home/kantorkristof/git/neurips-polymer/II_Experiment-Molecule/GNN/GCN.py[line:236] - INFO: Best model saved at epoch 17 with val_mse 0.000331
2025-12-05 16:58:05,827 - /home/kantorkristof/git/neurips-polymer/II_Experiment-Molecule/GNN/GCN.py[line:226] - INFO: Epoch [18/1000] Train_MSE: 0.000277 Val_MSE: 0.000345 | Loss: 0.000309
2025-12-05 16:58:06,755 - /home/kantorkristof/git/neurips-polymer/II_Experiment-Molecule/GNN/GCN.py[line:226] - INFO: Epoch [19/1000] Train_MSE: 0.000263 Val_MSE: 0.000328 | Loss: 0.000292
2025-12-05 16:58:06,758 - /home/kantorkristof/git/neurips-polymer/II_Experiment-Molecule/GNN/GCN.py[line:236] - INFO: Best model saved at epoch 19 with val_mse 0.000328
2025-12-05 16:58:07,717 - /home/kantorkristof/git/neurips-polymer/II_Experiment-Molecule/GNN/GCN.py[line:226] - INFO: Epoch [20/1000] Train_MSE: 0.000288 Val_MSE: 0.000351 | Loss: 0.000276
2025-12-05 16:58:08,823 - /home/kantorkristof/git/neurips-polymer/II_Experiment-Molecule/GNN/GCN.py[line:226] - INFO: Epoch [21/1000] Train_MSE: 0.000310 Val_MSE: 0.000379 | Loss: 0.000289
2025-12-05 16:58:09,822 - /home/kantorkristof/git/neurips-polymer/II_Experiment-Molecule/GNN/GCN.py[line:226] - INFO: Epoch [22/1000] Train_MSE: 0.000256 Val_MSE: 0.000322 | Loss: 0.000305
2025-12-05 16:58:09,825 - /home/kantorkristof/git/neurips-polymer/II_Experiment-Molecule/GNN/GCN.py[line:236] - INFO: Best model saved at epoch 22 with val_mse 0.000322
2025-12-05 16:58:10,891 - /home/kantorkristof/git/neurips-polymer/II_Experiment-Molecule/GNN/GCN.py[line:226] - INFO: Epoch [23/1000] Train_MSE: 0.000371 Val_MSE: 0.000433 | Loss: 0.000299
2025-12-05 16:58:11,890 - /home/kantorkristof/git/neurips-polymer/II_Experiment-Molecule/GNN/GCN.py[line:226] - INFO: Epoch [24/1000] Train_MSE: 0.000218 Val_MSE: 0.000278 | Loss: 0.000267
2025-12-05 16:58:11,893 - /home/kantorkristof/git/neurips-polymer/II_Experiment-Molecule/GNN/GCN.py[line:236] - INFO: Best model saved at epoch 24 with val_mse 0.000278
2025-12-05 16:58:12,908 - /home/kantorkristof/git/neurips-polymer/II_Experiment-Molecule/GNN/GCN.py[line:226] - INFO: Epoch [25/1000] Train_MSE: 0.000419 Val_MSE: 0.000471 | Loss: 0.000274
2025-12-05 16:58:13,953 - /home/kantorkristof/git/neurips-polymer/II_Experiment-Molecule/GNN/GCN.py[line:226] - INFO: Epoch [26/1000] Train_MSE: 0.000232 Val_MSE: 0.000299 | Loss: 0.000273
2025-12-05 16:58:14,992 - /home/kantorkristof/git/neurips-polymer/II_Experiment-Molecule/GNN/GCN.py[line:226] - INFO: Epoch [27/1000] Train_MSE: 0.000221 Val_MSE: 0.000290 | Loss: 0.000272
2025-12-05 16:58:15,998 - /home/kantorkristof/git/neurips-polymer/II_Experiment-Molecule/GNN/GCN.py[line:226] - INFO: Epoch [28/1000] Train_MSE: 0.000226 Val_MSE: 0.000307 | Loss: 0.000249
2025-12-05 16:58:16,977 - /home/kantorkristof/git/neurips-polymer/II_Experiment-Molecule/GNN/GCN.py[line:226] - INFO: Epoch [29/1000] Train_MSE: 0.000225 Val_MSE: 0.000291 | Loss: 0.000262
2025-12-05 16:58:17,978 - /home/kantorkristof/git/neurips-polymer/II_Experiment-Molecule/GNN/GCN.py[line:226] - INFO: Epoch [30/1000] Train_MSE: 0.000242 Val_MSE: 0.000314 | Loss: 0.000248
2025-12-05 16:58:18,962 - /home/kantorkristof/git/neurips-polymer/II_Experiment-Molecule/GNN/GCN.py[line:226] - INFO: Epoch [31/1000] Train_MSE: 0.000216 Val_MSE: 0.000276 | Loss: 0.000258
2025-12-05 16:58:18,965 - /home/kantorkristof/git/neurips-polymer/II_Experiment-Molecule/GNN/GCN.py[line:236] - INFO: Best model saved at epoch 31 with val_mse 0.000276
2025-12-05 16:58:19,927 - /home/kantorkristof/git/neurips-polymer/II_Experiment-Molecule/GNN/GCN.py[line:226] - INFO: Epoch [32/1000] Train_MSE: 0.000306 Val_MSE: 0.000369 | Loss: 0.000246
2025-12-05 16:58:20,916 - /home/kantorkristof/git/neurips-polymer/II_Experiment-Molecule/GNN/GCN.py[line:226] - INFO: Epoch [33/1000] Train_MSE: 0.000245 Val_MSE: 0.000308 | Loss: 0.000302
2025-12-05 16:58:21,970 - /home/kantorkristof/git/neurips-polymer/II_Experiment-Molecule/GNN/GCN.py[line:226] - INFO: Epoch [34/1000] Train_MSE: 0.000336 Val_MSE: 0.000396 | Loss: 0.000272
2025-12-05 16:58:23,011 - /home/kantorkristof/git/neurips-polymer/II_Experiment-Molecule/GNN/GCN.py[line:226] - INFO: Epoch [35/1000] Train_MSE: 0.000202 Val_MSE: 0.000254 | Loss: 0.000254
2025-12-05 16:58:23,014 - /home/kantorkristof/git/neurips-polymer/II_Experiment-Molecule/GNN/GCN.py[line:236] - INFO: Best model saved at epoch 35 with val_mse 0.000254
2025-12-05 16:58:24,016 - /home/kantorkristof/git/neurips-polymer/II_Experiment-Molecule/GNN/GCN.py[line:226] - INFO: Epoch [36/1000] Train_MSE: 0.000366 Val_MSE: 0.000397 | Loss: 0.000262
2025-12-05 16:58:25,025 - /home/kantorkristof/git/neurips-polymer/II_Experiment-Molecule/GNN/GCN.py[line:226] - INFO: Epoch [37/1000] Train_MSE: 0.000223 Val_MSE: 0.000291 | Loss: 0.000252
2025-12-05 16:58:26,132 - /home/kantorkristof/git/neurips-polymer/II_Experiment-Molecule/GNN/GCN.py[line:226] - INFO: Epoch [38/1000] Train_MSE: 0.000231 Val_MSE: 0.000322 | Loss: 0.000237
2025-12-05 16:58:27,231 - /home/kantorkristof/git/neurips-polymer/II_Experiment-Molecule/GNN/GCN.py[line:226] - INFO: Epoch [39/1000] Train_MSE: 0.000215 Val_MSE: 0.000274 | Loss: 0.000249
2025-12-05 16:58:28,237 - /home/kantorkristof/git/neurips-polymer/II_Experiment-Molecule/GNN/GCN.py[line:226] - INFO: Epoch [40/1000] Train_MSE: 0.000205 Val_MSE: 0.000263 | Loss: 0.000251
2025-12-05 16:58:29,301 - /home/kantorkristof/git/neurips-polymer/II_Experiment-Molecule/GNN/GCN.py[line:226] - INFO: Epoch [41/1000] Train_MSE: 0.000202 Val_MSE: 0.000245 | Loss: 0.000242
2025-12-05 16:58:29,304 - /home/kantorkristof/git/neurips-polymer/II_Experiment-Molecule/GNN/GCN.py[line:236] - INFO: Best model saved at epoch 41 with val_mse 0.000245
2025-12-05 16:58:30,285 - /home/kantorkristof/git/neurips-polymer/II_Experiment-Molecule/GNN/GCN.py[line:226] - INFO: Epoch [42/1000] Train_MSE: 0.000212 Val_MSE: 0.000275 | Loss: 0.000246
2025-12-05 16:58:31,315 - /home/kantorkristof/git/neurips-polymer/II_Experiment-Molecule/GNN/GCN.py[line:226] - INFO: Epoch [43/1000] Train_MSE: 0.000238 Val_MSE: 0.000272 | Loss: 0.000239
2025-12-05 16:58:32,312 - /home/kantorkristof/git/neurips-polymer/II_Experiment-Molecule/GNN/GCN.py[line:226] - INFO: Epoch [44/1000] Train_MSE: 0.000194 Val_MSE: 0.000240 | Loss: 0.000238
2025-12-05 16:58:32,314 - /home/kantorkristof/git/neurips-polymer/II_Experiment-Molecule/GNN/GCN.py[line:236] - INFO: Best model saved at epoch 44 with val_mse 0.000240
2025-12-05 16:58:33,287 - /home/kantorkristof/git/neurips-polymer/II_Experiment-Molecule/GNN/GCN.py[line:226] - INFO: Epoch [45/1000] Train_MSE: 0.000377 Val_MSE: 0.000443 | Loss: 0.000231
2025-12-05 16:58:34,239 - /home/kantorkristof/git/neurips-polymer/II_Experiment-Molecule/GNN/GCN.py[line:226] - INFO: Epoch [46/1000] Train_MSE: 0.000187 Val_MSE: 0.000244 | Loss: 0.000233
2025-12-05 16:58:35,188 - /home/kantorkristof/git/neurips-polymer/II_Experiment-Molecule/GNN/GCN.py[line:226] - INFO: Epoch [47/1000] Train_MSE: 0.000233 Val_MSE: 0.000300 | Loss: 0.000234
2025-12-05 16:58:36,146 - /home/kantorkristof/git/neurips-polymer/II_Experiment-Molecule/GNN/GCN.py[line:226] - INFO: Epoch [48/1000] Train_MSE: 0.000203 Val_MSE: 0.000258 | Loss: 0.000244
2025-12-05 16:58:37,221 - /home/kantorkristof/git/neurips-polymer/II_Experiment-Molecule/GNN/GCN.py[line:226] - INFO: Epoch [49/1000] Train_MSE: 0.000201 Val_MSE: 0.000236 | Loss: 0.000237
2025-12-05 16:58:37,224 - /home/kantorkristof/git/neurips-polymer/II_Experiment-Molecule/GNN/GCN.py[line:236] - INFO: Best model saved at epoch 49 with val_mse 0.000236
2025-12-05 16:58:38,285 - /home/kantorkristof/git/neurips-polymer/II_Experiment-Molecule/GNN/GCN.py[line:226] - INFO: Epoch [50/1000] Train_MSE: 0.000249 Val_MSE: 0.000319 | Loss: 0.000230
2025-12-05 16:58:39,336 - /home/kantorkristof/git/neurips-polymer/II_Experiment-Molecule/GNN/GCN.py[line:226] - INFO: Epoch [51/1000] Train_MSE: 0.000272 Val_MSE: 0.000343 | Loss: 0.000224
2025-12-05 16:58:40,369 - /home/kantorkristof/git/neurips-polymer/II_Experiment-Molecule/GNN/GCN.py[line:226] - INFO: Epoch [52/1000] Train_MSE: 0.000177 Val_MSE: 0.000232 | Loss: 0.000227
2025-12-05 16:58:40,372 - /home/kantorkristof/git/neurips-polymer/II_Experiment-Molecule/GNN/GCN.py[line:236] - INFO: Best model saved at epoch 52 with val_mse 0.000232
2025-12-05 16:58:41,352 - /home/kantorkristof/git/neurips-polymer/II_Experiment-Molecule/GNN/GCN.py[line:226] - INFO: Epoch [53/1000] Train_MSE: 0.000209 Val_MSE: 0.000302 | Loss: 0.000222
2025-12-05 16:58:42,356 - /home/kantorkristof/git/neurips-polymer/II_Experiment-Molecule/GNN/GCN.py[line:226] - INFO: Epoch [54/1000] Train_MSE: 0.000178 Val_MSE: 0.000240 | Loss: 0.000236
2025-12-05 16:58:43,336 - /home/kantorkristof/git/neurips-polymer/II_Experiment-Molecule/GNN/GCN.py[line:226] - INFO: Epoch [55/1000] Train_MSE: 0.000254 Val_MSE: 0.000299 | Loss: 0.000219
2025-12-05 16:58:44,294 - /home/kantorkristof/git/neurips-polymer/II_Experiment-Molecule/GNN/GCN.py[line:226] - INFO: Epoch [56/1000] Train_MSE: 0.000192 Val_MSE: 0.000279 | Loss: 0.000216
2025-12-05 16:58:45,246 - /home/kantorkristof/git/neurips-polymer/II_Experiment-Molecule/GNN/GCN.py[line:226] - INFO: Epoch [57/1000] Train_MSE: 0.000319 Val_MSE: 0.000366 | Loss: 0.000228
2025-12-05 16:58:46,187 - /home/kantorkristof/git/neurips-polymer/II_Experiment-Molecule/GNN/GCN.py[line:226] - INFO: Epoch [58/1000] Train_MSE: 0.000302 Val_MSE: 0.000341 | Loss: 0.000210
2025-12-05 16:58:47,178 - /home/kantorkristof/git/neurips-polymer/II_Experiment-Molecule/GNN/GCN.py[line:226] - INFO: Epoch [59/1000] Train_MSE: 0.000184 Val_MSE: 0.000229 | Loss: 0.000229
2025-12-05 16:58:47,181 - /home/kantorkristof/git/neurips-polymer/II_Experiment-Molecule/GNN/GCN.py[line:236] - INFO: Best model saved at epoch 59 with val_mse 0.000229
2025-12-05 16:58:48,162 - /home/kantorkristof/git/neurips-polymer/II_Experiment-Molecule/GNN/GCN.py[line:226] - INFO: Epoch [60/1000] Train_MSE: 0.000269 Val_MSE: 0.000319 | Loss: 0.000209
2025-12-05 16:58:49,209 - /home/kantorkristof/git/neurips-polymer/II_Experiment-Molecule/GNN/GCN.py[line:226] - INFO: Epoch [61/1000] Train_MSE: 0.000214 Val_MSE: 0.000256 | Loss: 0.000230
2025-12-05 16:58:50,188 - /home/kantorkristof/git/neurips-polymer/II_Experiment-Molecule/GNN/GCN.py[line:226] - INFO: Epoch [62/1000] Train_MSE: 0.000194 Val_MSE: 0.000230 | Loss: 0.000207
2025-12-05 16:58:51,206 - /home/kantorkristof/git/neurips-polymer/II_Experiment-Molecule/GNN/GCN.py[line:226] - INFO: Epoch [63/1000] Train_MSE: 0.000192 Val_MSE: 0.000231 | Loss: 0.000235
2025-12-05 16:58:52,264 - /home/kantorkristof/git/neurips-polymer/II_Experiment-Molecule/GNN/GCN.py[line:226] - INFO: Epoch [64/1000] Train_MSE: 0.000179 Val_MSE: 0.000217 | Loss: 0.000214
2025-12-05 16:58:52,267 - /home/kantorkristof/git/neurips-polymer/II_Experiment-Molecule/GNN/GCN.py[line:236] - INFO: Best model saved at epoch 64 with val_mse 0.000217
2025-12-05 16:58:53,288 - /home/kantorkristof/git/neurips-polymer/II_Experiment-Molecule/GNN/GCN.py[line:226] - INFO: Epoch [65/1000] Train_MSE: 0.000192 Val_MSE: 0.000216 | Loss: 0.000208
2025-12-05 16:58:53,291 - /home/kantorkristof/git/neurips-polymer/II_Experiment-Molecule/GNN/GCN.py[line:236] - INFO: Best model saved at epoch 65 with val_mse 0.000216
2025-12-05 16:58:54,349 - /home/kantorkristof/git/neurips-polymer/II_Experiment-Molecule/GNN/GCN.py[line:226] - INFO: Epoch [66/1000] Train_MSE: 0.000196 Val_MSE: 0.000221 | Loss: 0.000221
2025-12-05 16:58:55,347 - /home/kantorkristof/git/neurips-polymer/II_Experiment-Molecule/GNN/GCN.py[line:226] - INFO: Epoch [67/1000] Train_MSE: 0.000212 Val_MSE: 0.000253 | Loss: 0.000200
2025-12-05 16:58:56,293 - /home/kantorkristof/git/neurips-polymer/II_Experiment-Molecule/GNN/GCN.py[line:226] - INFO: Epoch [68/1000] Train_MSE: 0.000161 Val_MSE: 0.000183 | Loss: 0.000230
2025-12-05 16:58:56,296 - /home/kantorkristof/git/neurips-polymer/II_Experiment-Molecule/GNN/GCN.py[line:236] - INFO: Best model saved at epoch 68 with val_mse 0.000183
2025-12-05 16:58:57,276 - /home/kantorkristof/git/neurips-polymer/II_Experiment-Molecule/GNN/GCN.py[line:226] - INFO: Epoch [69/1000] Train_MSE: 0.000141 Val_MSE: 0.000177 | Loss: 0.000196
2025-12-05 16:58:57,279 - /home/kantorkristof/git/neurips-polymer/II_Experiment-Molecule/GNN/GCN.py[line:236] - INFO: Best model saved at epoch 69 with val_mse 0.000177
2025-12-05 16:58:58,279 - /home/kantorkristof/git/neurips-polymer/II_Experiment-Molecule/GNN/GCN.py[line:226] - INFO: Epoch [70/1000] Train_MSE: 0.000146 Val_MSE: 0.000185 | Loss: 0.000194
2025-12-05 16:58:59,272 - /home/kantorkristof/git/neurips-polymer/II_Experiment-Molecule/GNN/GCN.py[line:226] - INFO: Epoch [71/1000] Train_MSE: 0.000335 Val_MSE: 0.000385 | Loss: 0.000202
2025-12-05 16:59:00,270 - /home/kantorkristof/git/neurips-polymer/II_Experiment-Molecule/GNN/GCN.py[line:226] - INFO: Epoch [72/1000] Train_MSE: 0.000154 Val_MSE: 0.000177 | Loss: 0.000198
2025-12-05 16:59:00,273 - /home/kantorkristof/git/neurips-polymer/II_Experiment-Molecule/GNN/GCN.py[line:236] - INFO: Best model saved at epoch 72 with val_mse 0.000177
2025-12-05 16:59:01,248 - /home/kantorkristof/git/neurips-polymer/II_Experiment-Molecule/GNN/GCN.py[line:226] - INFO: Epoch [73/1000] Train_MSE: 0.000278 Val_MSE: 0.000347 | Loss: 0.000193
2025-12-05 16:59:02,200 - /home/kantorkristof/git/neurips-polymer/II_Experiment-Molecule/GNN/GCN.py[line:226] - INFO: Epoch [74/1000] Train_MSE: 0.000153 Val_MSE: 0.000191 | Loss: 0.000200
2025-12-05 16:59:03,206 - /home/kantorkristof/git/neurips-polymer/II_Experiment-Molecule/GNN/GCN.py[line:226] - INFO: Epoch [75/1000] Train_MSE: 0.000165 Val_MSE: 0.000211 | Loss: 0.000204
2025-12-05 16:59:04,193 - /home/kantorkristof/git/neurips-polymer/II_Experiment-Molecule/GNN/GCN.py[line:226] - INFO: Epoch [76/1000] Train_MSE: 0.000209 Val_MSE: 0.000307 | Loss: 0.000195
2025-12-05 16:59:05,138 - /home/kantorkristof/git/neurips-polymer/II_Experiment-Molecule/GNN/GCN.py[line:226] - INFO: Epoch [77/1000] Train_MSE: 0.000182 Val_MSE: 0.000227 | Loss: 0.000208
2025-12-05 16:59:06,095 - /home/kantorkristof/git/neurips-polymer/II_Experiment-Molecule/GNN/GCN.py[line:226] - INFO: Epoch [78/1000] Train_MSE: 0.000220 Val_MSE: 0.000297 | Loss: 0.000190
2025-12-05 16:59:07,080 - /home/kantorkristof/git/neurips-polymer/II_Experiment-Molecule/GNN/GCN.py[line:226] - INFO: Epoch [79/1000] Train_MSE: 0.000161 Val_MSE: 0.000213 | Loss: 0.000208
2025-12-05 16:59:08,085 - /home/kantorkristof/git/neurips-polymer/II_Experiment-Molecule/GNN/GCN.py[line:226] - INFO: Epoch [80/1000] Train_MSE: 0.000261 Val_MSE: 0.000326 | Loss: 0.000208
2025-12-05 16:59:09,084 - /home/kantorkristof/git/neurips-polymer/II_Experiment-Molecule/GNN/GCN.py[line:226] - INFO: Epoch [81/1000] Train_MSE: 0.000227 Val_MSE: 0.000312 | Loss: 0.000185
2025-12-05 16:59:10,135 - /home/kantorkristof/git/neurips-polymer/II_Experiment-Molecule/GNN/GCN.py[line:226] - INFO: Epoch [82/1000] Train_MSE: 0.000223 Val_MSE: 0.000262 | Loss: 0.000191
2025-12-05 16:59:11,173 - /home/kantorkristof/git/neurips-polymer/II_Experiment-Molecule/GNN/GCN.py[line:226] - INFO: Epoch [83/1000] Train_MSE: 0.000246 Val_MSE: 0.000300 | Loss: 0.000210
2025-12-05 16:59:12,159 - /home/kantorkristof/git/neurips-polymer/II_Experiment-Molecule/GNN/GCN.py[line:226] - INFO: Epoch [84/1000] Train_MSE: 0.000154 Val_MSE: 0.000218 | Loss: 0.000245
2025-12-05 16:59:13,141 - /home/kantorkristof/git/neurips-polymer/II_Experiment-Molecule/GNN/GCN.py[line:226] - INFO: Epoch [85/1000] Train_MSE: 0.000339 Val_MSE: 0.000371 | Loss: 0.000197
2025-12-05 16:59:14,100 - /home/kantorkristof/git/neurips-polymer/II_Experiment-Molecule/GNN/GCN.py[line:226] - INFO: Epoch [86/1000] Train_MSE: 0.000132 Val_MSE: 0.000197 | Loss: 0.000191
2025-12-05 16:59:15,066 - /home/kantorkristof/git/neurips-polymer/II_Experiment-Molecule/GNN/GCN.py[line:226] - INFO: Epoch [87/1000] Train_MSE: 0.000146 Val_MSE: 0.000200 | Loss: 0.000172
2025-12-05 16:59:16,030 - /home/kantorkristof/git/neurips-polymer/II_Experiment-Molecule/GNN/GCN.py[line:226] - INFO: Epoch [88/1000] Train_MSE: 0.000157 Val_MSE: 0.000220 | Loss: 0.000165
2025-12-05 16:59:16,992 - /home/kantorkristof/git/neurips-polymer/II_Experiment-Molecule/GNN/GCN.py[line:226] - INFO: Epoch [89/1000] Train_MSE: 0.000155 Val_MSE: 0.000211 | Loss: 0.000180
2025-12-05 16:59:17,992 - /home/kantorkristof/git/neurips-polymer/II_Experiment-Molecule/GNN/GCN.py[line:226] - INFO: Epoch [90/1000] Train_MSE: 0.000184 Val_MSE: 0.000214 | Loss: 0.000178
2025-12-05 16:59:18,991 - /home/kantorkristof/git/neurips-polymer/II_Experiment-Molecule/GNN/GCN.py[line:226] - INFO: Epoch [91/1000] Train_MSE: 0.000262 Val_MSE: 0.000305 | Loss: 0.000185
2025-12-05 16:59:19,987 - /home/kantorkristof/git/neurips-polymer/II_Experiment-Molecule/GNN/GCN.py[line:226] - INFO: Epoch [92/1000] Train_MSE: 0.000195 Val_MSE: 0.000239 | Loss: 0.000185
2025-12-05 16:59:20,958 - /home/kantorkristof/git/neurips-polymer/II_Experiment-Molecule/GNN/GCN.py[line:226] - INFO: Epoch [93/1000] Train_MSE: 0.000151 Val_MSE: 0.000202 | Loss: 0.000192
2025-12-05 16:59:21,963 - /home/kantorkristof/git/neurips-polymer/II_Experiment-Molecule/GNN/GCN.py[line:226] - INFO: Epoch [94/1000] Train_MSE: 0.000160 Val_MSE: 0.000212 | Loss: 0.000182
2025-12-05 16:59:22,965 - /home/kantorkristof/git/neurips-polymer/II_Experiment-Molecule/GNN/GCN.py[line:226] - INFO: Epoch [95/1000] Train_MSE: 0.000177 Val_MSE: 0.000239 | Loss: 0.000200
2025-12-05 16:59:23,979 - /home/kantorkristof/git/neurips-polymer/II_Experiment-Molecule/GNN/GCN.py[line:226] - INFO: Epoch [96/1000] Train_MSE: 0.000436 Val_MSE: 0.000480 | Loss: 0.000199
2025-12-05 16:59:24,937 - /home/kantorkristof/git/neurips-polymer/II_Experiment-Molecule/GNN/GCN.py[line:226] - INFO: Epoch [97/1000] Train_MSE: 0.000161 Val_MSE: 0.000193 | Loss: 0.000173
2025-12-05 16:59:25,898 - /home/kantorkristof/git/neurips-polymer/II_Experiment-Molecule/GNN/GCN.py[line:226] - INFO: Epoch [98/1000] Train_MSE: 0.000141 Val_MSE: 0.000192 | Loss: 0.000191
2025-12-05 16:59:26,858 - /home/kantorkristof/git/neurips-polymer/II_Experiment-Molecule/GNN/GCN.py[line:226] - INFO: Epoch [99/1000] Train_MSE: 0.000150 Val_MSE: 0.000190 | Loss: 0.000186
2025-12-05 16:59:27,869 - /home/kantorkristof/git/neurips-polymer/II_Experiment-Molecule/GNN/GCN.py[line:226] - INFO: Epoch [100/1000] Train_MSE: 0.000127 Val_MSE: 0.000164 | Loss: 0.000167
2025-12-05 16:59:27,872 - /home/kantorkristof/git/neurips-polymer/II_Experiment-Molecule/GNN/GCN.py[line:236] - INFO: Best model saved at epoch 100 with val_mse 0.000164
2025-12-05 16:59:28,962 - /home/kantorkristof/git/neurips-polymer/II_Experiment-Molecule/GNN/GCN.py[line:226] - INFO: Epoch [101/1000] Train_MSE: 0.000262 Val_MSE: 0.000313 | Loss: 0.000178
2025-12-05 16:59:29,964 - /home/kantorkristof/git/neurips-polymer/II_Experiment-Molecule/GNN/GCN.py[line:226] - INFO: Epoch [102/1000] Train_MSE: 0.000194 Val_MSE: 0.000237 | Loss: 0.000183
2025-12-05 16:59:30,926 - /home/kantorkristof/git/neurips-polymer/II_Experiment-Molecule/GNN/GCN.py[line:226] - INFO: Epoch [103/1000] Train_MSE: 0.000152 Val_MSE: 0.000207 | Loss: 0.000170
2025-12-05 16:59:31,906 - /home/kantorkristof/git/neurips-polymer/II_Experiment-Molecule/GNN/GCN.py[line:226] - INFO: Epoch [104/1000] Train_MSE: 0.000158 Val_MSE: 0.000196 | Loss: 0.000162
2025-12-05 16:59:32,878 - /home/kantorkristof/git/neurips-polymer/II_Experiment-Molecule/GNN/GCN.py[line:226] - INFO: Epoch [105/1000] Train_MSE: 0.000198 Val_MSE: 0.000228 | Loss: 0.000173
2025-12-05 16:59:33,866 - /home/kantorkristof/git/neurips-polymer/II_Experiment-Molecule/GNN/GCN.py[line:226] - INFO: Epoch [106/1000] Train_MSE: 0.000282 Val_MSE: 0.000341 | Loss: 0.000184
2025-12-05 16:59:34,847 - /home/kantorkristof/git/neurips-polymer/II_Experiment-Molecule/GNN/GCN.py[line:226] - INFO: Epoch [107/1000] Train_MSE: 0.000180 Val_MSE: 0.000231 | Loss: 0.000164
2025-12-05 16:59:35,836 - /home/kantorkristof/git/neurips-polymer/II_Experiment-Molecule/GNN/GCN.py[line:226] - INFO: Epoch [108/1000] Train_MSE: 0.000211 Val_MSE: 0.000244 | Loss: 0.000160
2025-12-05 16:59:36,791 - /home/kantorkristof/git/neurips-polymer/II_Experiment-Molecule/GNN/GCN.py[line:226] - INFO: Epoch [109/1000] Train_MSE: 0.000221 Val_MSE: 0.000279 | Loss: 0.000171
2025-12-05 16:59:37,766 - /home/kantorkristof/git/neurips-polymer/II_Experiment-Molecule/GNN/GCN.py[line:226] - INFO: Epoch [110/1000] Train_MSE: 0.000208 Val_MSE: 0.000225 | Loss: 0.000174
2025-12-05 16:59:38,753 - /home/kantorkristof/git/neurips-polymer/II_Experiment-Molecule/GNN/GCN.py[line:226] - INFO: Epoch [111/1000] Train_MSE: 0.000242 Val_MSE: 0.000315 | Loss: 0.000191
2025-12-05 16:59:39,756 - /home/kantorkristof/git/neurips-polymer/II_Experiment-Molecule/GNN/GCN.py[line:226] - INFO: Epoch [112/1000] Train_MSE: 0.000216 Val_MSE: 0.000283 | Loss: 0.000196
2025-12-05 16:59:40,778 - /home/kantorkristof/git/neurips-polymer/II_Experiment-Molecule/GNN/GCN.py[line:226] - INFO: Epoch [113/1000] Train_MSE: 0.000134 Val_MSE: 0.000183 | Loss: 0.000183
2025-12-05 16:59:41,739 - /home/kantorkristof/git/neurips-polymer/II_Experiment-Molecule/GNN/GCN.py[line:226] - INFO: Epoch [114/1000] Train_MSE: 0.000128 Val_MSE: 0.000186 | Loss: 0.000170
2025-12-05 16:59:42,695 - /home/kantorkristof/git/neurips-polymer/II_Experiment-Molecule/GNN/GCN.py[line:226] - INFO: Epoch [115/1000] Train_MSE: 0.000266 Val_MSE: 0.000291 | Loss: 0.000160
2025-12-05 16:59:43,678 - /home/kantorkristof/git/neurips-polymer/II_Experiment-Molecule/GNN/GCN.py[line:226] - INFO: Epoch [116/1000] Train_MSE: 0.000148 Val_MSE: 0.000178 | Loss: 0.000163
2025-12-05 16:59:44,693 - /home/kantorkristof/git/neurips-polymer/II_Experiment-Molecule/GNN/GCN.py[line:226] - INFO: Epoch [117/1000] Train_MSE: 0.000132 Val_MSE: 0.000189 | Loss: 0.000175
2025-12-05 16:59:45,656 - /home/kantorkristof/git/neurips-polymer/II_Experiment-Molecule/GNN/GCN.py[line:226] - INFO: Epoch [118/1000] Train_MSE: 0.000160 Val_MSE: 0.000208 | Loss: 0.000181
2025-12-05 16:59:46,664 - /home/kantorkristof/git/neurips-polymer/II_Experiment-Molecule/GNN/GCN.py[line:226] - INFO: Epoch [119/1000] Train_MSE: 0.000205 Val_MSE: 0.000235 | Loss: 0.000175
2025-12-05 16:59:47,803 - /home/kantorkristof/git/neurips-polymer/II_Experiment-Molecule/GNN/GCN.py[line:226] - INFO: Epoch [120/1000] Train_MSE: 0.000128 Val_MSE: 0.000191 | Loss: 0.000162
2025-12-05 16:59:48,771 - /home/kantorkristof/git/neurips-polymer/II_Experiment-Molecule/GNN/GCN.py[line:226] - INFO: Epoch [121/1000] Train_MSE: 0.000163 Val_MSE: 0.000200 | Loss: 0.000155
2025-12-05 16:59:49,826 - /home/kantorkristof/git/neurips-polymer/II_Experiment-Molecule/GNN/GCN.py[line:226] - INFO: Epoch [122/1000] Train_MSE: 0.000224 Val_MSE: 0.000272 | Loss: 0.000160
2025-12-05 16:59:50,921 - /home/kantorkristof/git/neurips-polymer/II_Experiment-Molecule/GNN/GCN.py[line:226] - INFO: Epoch [123/1000] Train_MSE: 0.000174 Val_MSE: 0.000202 | Loss: 0.000163
2025-12-05 16:59:51,908 - /home/kantorkristof/git/neurips-polymer/II_Experiment-Molecule/GNN/GCN.py[line:226] - INFO: Epoch [124/1000] Train_MSE: 0.000132 Val_MSE: 0.000190 | Loss: 0.000171
2025-12-05 16:59:52,894 - /home/kantorkristof/git/neurips-polymer/II_Experiment-Molecule/GNN/GCN.py[line:226] - INFO: Epoch [125/1000] Train_MSE: 0.000139 Val_MSE: 0.000192 | Loss: 0.000176
2025-12-05 16:59:53,856 - /home/kantorkristof/git/neurips-polymer/II_Experiment-Molecule/GNN/GCN.py[line:226] - INFO: Epoch [126/1000] Train_MSE: 0.000184 Val_MSE: 0.000259 | Loss: 0.000196
2025-12-05 16:59:54,806 - /home/kantorkristof/git/neurips-polymer/II_Experiment-Molecule/GNN/GCN.py[line:226] - INFO: Epoch [127/1000] Train_MSE: 0.000135 Val_MSE: 0.000207 | Loss: 0.000171
2025-12-05 16:59:55,823 - /home/kantorkristof/git/neurips-polymer/II_Experiment-Molecule/GNN/GCN.py[line:226] - INFO: Epoch [128/1000] Train_MSE: 0.000144 Val_MSE: 0.000185 | Loss: 0.000153
2025-12-05 16:59:56,823 - /home/kantorkristof/git/neurips-polymer/II_Experiment-Molecule/GNN/GCN.py[line:226] - INFO: Epoch [129/1000] Train_MSE: 0.000138 Val_MSE: 0.000185 | Loss: 0.000149
2025-12-05 16:59:57,866 - /home/kantorkristof/git/neurips-polymer/II_Experiment-Molecule/GNN/GCN.py[line:226] - INFO: Epoch [130/1000] Train_MSE: 0.000176 Val_MSE: 0.000237 | Loss: 0.000152
2025-12-05 16:59:58,823 - /home/kantorkristof/git/neurips-polymer/II_Experiment-Molecule/GNN/GCN.py[line:226] - INFO: Epoch [131/1000] Train_MSE: 0.000209 Val_MSE: 0.000268 | Loss: 0.000164
2025-12-05 16:59:59,856 - /home/kantorkristof/git/neurips-polymer/II_Experiment-Molecule/GNN/GCN.py[line:226] - INFO: Epoch [132/1000] Train_MSE: 0.000119 Val_MSE: 0.000165 | Loss: 0.000196
2025-12-05 17:00:00,888 - /home/kantorkristof/git/neurips-polymer/II_Experiment-Molecule/GNN/GCN.py[line:226] - INFO: Epoch [133/1000] Train_MSE: 0.000134 Val_MSE: 0.000169 | Loss: 0.000158
2025-12-05 17:00:01,882 - /home/kantorkristof/git/neurips-polymer/II_Experiment-Molecule/GNN/GCN.py[line:226] - INFO: Epoch [134/1000] Train_MSE: 0.000138 Val_MSE: 0.000179 | Loss: 0.000152
2025-12-05 17:00:02,858 - /home/kantorkristof/git/neurips-polymer/II_Experiment-Molecule/GNN/GCN.py[line:226] - INFO: Epoch [135/1000] Train_MSE: 0.000139 Val_MSE: 0.000176 | Loss: 0.000153
2025-12-05 17:00:03,841 - /home/kantorkristof/git/neurips-polymer/II_Experiment-Molecule/GNN/GCN.py[line:226] - INFO: Epoch [136/1000] Train_MSE: 0.000149 Val_MSE: 0.000198 | Loss: 0.000157
2025-12-05 17:00:04,887 - /home/kantorkristof/git/neurips-polymer/II_Experiment-Molecule/GNN/GCN.py[line:226] - INFO: Epoch [137/1000] Train_MSE: 0.000150 Val_MSE: 0.000197 | Loss: 0.000162
2025-12-05 17:00:05,849 - /home/kantorkristof/git/neurips-polymer/II_Experiment-Molecule/GNN/GCN.py[line:226] - INFO: Epoch [138/1000] Train_MSE: 0.000196 Val_MSE: 0.000219 | Loss: 0.000169
2025-12-05 17:00:06,838 - /home/kantorkristof/git/neurips-polymer/II_Experiment-Molecule/GNN/GCN.py[line:226] - INFO: Epoch [139/1000] Train_MSE: 0.000131 Val_MSE: 0.000192 | Loss: 0.000185
2025-12-05 17:00:07,858 - /home/kantorkristof/git/neurips-polymer/II_Experiment-Molecule/GNN/GCN.py[line:226] - INFO: Epoch [140/1000] Train_MSE: 0.000134 Val_MSE: 0.000177 | Loss: 0.000155
2025-12-05 17:00:08,868 - /home/kantorkristof/git/neurips-polymer/II_Experiment-Molecule/GNN/GCN.py[line:226] - INFO: Epoch [141/1000] Train_MSE: 0.000134 Val_MSE: 0.000178 | Loss: 0.000162
2025-12-05 17:00:09,871 - /home/kantorkristof/git/neurips-polymer/II_Experiment-Molecule/GNN/GCN.py[line:226] - INFO: Epoch [142/1000] Train_MSE: 0.000117 Val_MSE: 0.000156 | Loss: 0.000149
2025-12-05 17:00:09,874 - /home/kantorkristof/git/neurips-polymer/II_Experiment-Molecule/GNN/GCN.py[line:236] - INFO: Best model saved at epoch 142 with val_mse 0.000156
2025-12-05 17:00:10,867 - /home/kantorkristof/git/neurips-polymer/II_Experiment-Molecule/GNN/GCN.py[line:226] - INFO: Epoch [143/1000] Train_MSE: 0.000165 Val_MSE: 0.000236 | Loss: 0.000155
2025-12-05 17:00:11,844 - /home/kantorkristof/git/neurips-polymer/II_Experiment-Molecule/GNN/GCN.py[line:226] - INFO: Epoch [144/1000] Train_MSE: 0.000112 Val_MSE: 0.000173 | Loss: 0.000168
2025-12-05 17:00:12,819 - /home/kantorkristof/git/neurips-polymer/II_Experiment-Molecule/GNN/GCN.py[line:226] - INFO: Epoch [145/1000] Train_MSE: 0.000140 Val_MSE: 0.000196 | Loss: 0.000157
2025-12-05 17:00:13,771 - /home/kantorkristof/git/neurips-polymer/II_Experiment-Molecule/GNN/GCN.py[line:226] - INFO: Epoch [146/1000] Train_MSE: 0.000139 Val_MSE: 0.000192 | Loss: 0.000164
2025-12-05 17:00:14,749 - /home/kantorkristof/git/neurips-polymer/II_Experiment-Molecule/GNN/GCN.py[line:226] - INFO: Epoch [147/1000] Train_MSE: 0.000171 Val_MSE: 0.000221 | Loss: 0.000149
2025-12-05 17:00:15,697 - /home/kantorkristof/git/neurips-polymer/II_Experiment-Molecule/GNN/GCN.py[line:226] - INFO: Epoch [148/1000] Train_MSE: 0.000125 Val_MSE: 0.000192 | Loss: 0.000147
2025-12-05 17:00:16,667 - /home/kantorkristof/git/neurips-polymer/II_Experiment-Molecule/GNN/GCN.py[line:226] - INFO: Epoch [149/1000] Train_MSE: 0.000162 Val_MSE: 0.000222 | Loss: 0.000146
2025-12-05 17:00:17,644 - /home/kantorkristof/git/neurips-polymer/II_Experiment-Molecule/GNN/GCN.py[line:226] - INFO: Epoch [150/1000] Train_MSE: 0.000140 Val_MSE: 0.000190 | Loss: 0.000149
2025-12-05 17:00:18,661 - /home/kantorkristof/git/neurips-polymer/II_Experiment-Molecule/GNN/GCN.py[line:226] - INFO: Epoch [151/1000] Train_MSE: 0.000118 Val_MSE: 0.000166 | Loss: 0.000133
2025-12-05 17:00:19,643 - /home/kantorkristof/git/neurips-polymer/II_Experiment-Molecule/GNN/GCN.py[line:226] - INFO: Epoch [152/1000] Train_MSE: 0.000133 Val_MSE: 0.000179 | Loss: 0.000150
2025-12-05 17:00:20,654 - /home/kantorkristof/git/neurips-polymer/II_Experiment-Molecule/GNN/GCN.py[line:226] - INFO: Epoch [153/1000] Train_MSE: 0.000198 Val_MSE: 0.000242 | Loss: 0.000147
2025-12-05 17:00:21,659 - /home/kantorkristof/git/neurips-polymer/II_Experiment-Molecule/GNN/GCN.py[line:226] - INFO: Epoch [154/1000] Train_MSE: 0.000152 Val_MSE: 0.000195 | Loss: 0.000157
2025-12-05 17:00:22,670 - /home/kantorkristof/git/neurips-polymer/II_Experiment-Molecule/GNN/GCN.py[line:226] - INFO: Epoch [155/1000] Train_MSE: 0.000129 Val_MSE: 0.000186 | Loss: 0.000147
2025-12-05 17:00:23,726 - /home/kantorkristof/git/neurips-polymer/II_Experiment-Molecule/GNN/GCN.py[line:226] - INFO: Epoch [156/1000] Train_MSE: 0.000116 Val_MSE: 0.000157 | Loss: 0.000154
2025-12-05 17:00:24,707 - /home/kantorkristof/git/neurips-polymer/II_Experiment-Molecule/GNN/GCN.py[line:226] - INFO: Epoch [157/1000] Train_MSE: 0.000193 Val_MSE: 0.000221 | Loss: 0.000170
2025-12-05 17:00:25,651 - /home/kantorkristof/git/neurips-polymer/II_Experiment-Molecule/GNN/GCN.py[line:226] - INFO: Epoch [158/1000] Train_MSE: 0.000161 Val_MSE: 0.000212 | Loss: 0.000163
2025-12-05 17:00:26,565 - /home/kantorkristof/git/neurips-polymer/II_Experiment-Molecule/GNN/GCN.py[line:226] - INFO: Epoch [159/1000] Train_MSE: 0.000153 Val_MSE: 0.000193 | Loss: 0.000140
2025-12-05 17:00:27,501 - /home/kantorkristof/git/neurips-polymer/II_Experiment-Molecule/GNN/GCN.py[line:226] - INFO: Epoch [160/1000] Train_MSE: 0.000193 Val_MSE: 0.000243 | Loss: 0.000150
2025-12-05 17:00:28,484 - /home/kantorkristof/git/neurips-polymer/II_Experiment-Molecule/GNN/GCN.py[line:226] - INFO: Epoch [161/1000] Train_MSE: 0.000166 Val_MSE: 0.000222 | Loss: 0.000147
2025-12-05 17:00:29,455 - /home/kantorkristof/git/neurips-polymer/II_Experiment-Molecule/GNN/GCN.py[line:226] - INFO: Epoch [162/1000] Train_MSE: 0.000163 Val_MSE: 0.000241 | Loss: 0.000161
2025-12-05 17:00:30,470 - /home/kantorkristof/git/neurips-polymer/II_Experiment-Molecule/GNN/GCN.py[line:226] - INFO: Epoch [163/1000] Train_MSE: 0.000113 Val_MSE: 0.000168 | Loss: 0.000154
2025-12-05 17:00:31,442 - /home/kantorkristof/git/neurips-polymer/II_Experiment-Molecule/GNN/GCN.py[line:226] - INFO: Epoch [164/1000] Train_MSE: 0.000111 Val_MSE: 0.000177 | Loss: 0.000150
2025-12-05 17:00:32,404 - /home/kantorkristof/git/neurips-polymer/II_Experiment-Molecule/GNN/GCN.py[line:226] - INFO: Epoch [165/1000] Train_MSE: 0.000123 Val_MSE: 0.000202 | Loss: 0.000137
2025-12-05 17:00:33,396 - /home/kantorkristof/git/neurips-polymer/II_Experiment-Molecule/GNN/GCN.py[line:226] - INFO: Epoch [166/1000] Train_MSE: 0.000124 Val_MSE: 0.000188 | Loss: 0.000141
2025-12-05 17:00:34,359 - /home/kantorkristof/git/neurips-polymer/II_Experiment-Molecule/GNN/GCN.py[line:226] - INFO: Epoch [167/1000] Train_MSE: 0.000165 Val_MSE: 0.000213 | Loss: 0.000147
2025-12-05 17:00:35,340 - /home/kantorkristof/git/neurips-polymer/II_Experiment-Molecule/GNN/GCN.py[line:226] - INFO: Epoch [168/1000] Train_MSE: 0.000139 Val_MSE: 0.000197 | Loss: 0.000186
2025-12-05 17:00:36,371 - /home/kantorkristof/git/neurips-polymer/II_Experiment-Molecule/GNN/GCN.py[line:226] - INFO: Epoch [169/1000] Train_MSE: 0.000133 Val_MSE: 0.000173 | Loss: 0.000138
2025-12-05 17:00:37,387 - /home/kantorkristof/git/neurips-polymer/II_Experiment-Molecule/GNN/GCN.py[line:226] - INFO: Epoch [170/1000] Train_MSE: 0.000141 Val_MSE: 0.000188 | Loss: 0.000162
2025-12-05 17:00:38,382 - /home/kantorkristof/git/neurips-polymer/II_Experiment-Molecule/GNN/GCN.py[line:226] - INFO: Epoch [171/1000] Train_MSE: 0.000141 Val_MSE: 0.000189 | Loss: 0.000137
2025-12-05 17:00:39,391 - /home/kantorkristof/git/neurips-polymer/II_Experiment-Molecule/GNN/GCN.py[line:226] - INFO: Epoch [172/1000] Train_MSE: 0.000127 Val_MSE: 0.000181 | Loss: 0.000138
2025-12-05 17:00:40,388 - /home/kantorkristof/git/neurips-polymer/II_Experiment-Molecule/GNN/GCN.py[line:226] - INFO: Epoch [173/1000] Train_MSE: 0.000160 Val_MSE: 0.000217 | Loss: 0.000154
2025-12-05 17:00:41,441 - /home/kantorkristof/git/neurips-polymer/II_Experiment-Molecule/GNN/GCN.py[line:226] - INFO: Epoch [174/1000] Train_MSE: 0.000132 Val_MSE: 0.000187 | Loss: 0.000157
2025-12-05 17:00:42,435 - /home/kantorkristof/git/neurips-polymer/II_Experiment-Molecule/GNN/GCN.py[line:226] - INFO: Epoch [175/1000] Train_MSE: 0.000130 Val_MSE: 0.000186 | Loss: 0.000153
2025-12-05 17:00:43,404 - /home/kantorkristof/git/neurips-polymer/II_Experiment-Molecule/GNN/GCN.py[line:226] - INFO: Epoch [176/1000] Train_MSE: 0.000137 Val_MSE: 0.000182 | Loss: 0.000155
2025-12-05 17:00:44,464 - /home/kantorkristof/git/neurips-polymer/II_Experiment-Molecule/GNN/GCN.py[line:226] - INFO: Epoch [177/1000] Train_MSE: 0.000141 Val_MSE: 0.000206 | Loss: 0.000150
2025-12-05 17:00:45,511 - /home/kantorkristof/git/neurips-polymer/II_Experiment-Molecule/GNN/GCN.py[line:226] - INFO: Epoch [178/1000] Train_MSE: 0.000109 Val_MSE: 0.000162 | Loss: 0.000138
2025-12-05 17:00:46,542 - /home/kantorkristof/git/neurips-polymer/II_Experiment-Molecule/GNN/GCN.py[line:226] - INFO: Epoch [179/1000] Train_MSE: 0.000140 Val_MSE: 0.000182 | Loss: 0.000153
2025-12-05 17:00:47,570 - /home/kantorkristof/git/neurips-polymer/II_Experiment-Molecule/GNN/GCN.py[line:226] - INFO: Epoch [180/1000] Train_MSE: 0.000127 Val_MSE: 0.000174 | Loss: 0.000144
2025-12-05 17:00:48,593 - /home/kantorkristof/git/neurips-polymer/II_Experiment-Molecule/GNN/GCN.py[line:226] - INFO: Epoch [181/1000] Train_MSE: 0.000137 Val_MSE: 0.000182 | Loss: 0.000145
2025-12-05 17:00:49,598 - /home/kantorkristof/git/neurips-polymer/II_Experiment-Molecule/GNN/GCN.py[line:226] - INFO: Epoch [182/1000] Train_MSE: 0.000140 Val_MSE: 0.000192 | Loss: 0.000152
2025-12-05 17:00:50,644 - /home/kantorkristof/git/neurips-polymer/II_Experiment-Molecule/GNN/GCN.py[line:226] - INFO: Epoch [183/1000] Train_MSE: 0.000117 Val_MSE: 0.000167 | Loss: 0.000139
2025-12-05 17:00:51,654 - /home/kantorkristof/git/neurips-polymer/II_Experiment-Molecule/GNN/GCN.py[line:226] - INFO: Epoch [184/1000] Train_MSE: 0.000142 Val_MSE: 0.000173 | Loss: 0.000131
2025-12-05 17:00:52,719 - /home/kantorkristof/git/neurips-polymer/II_Experiment-Molecule/GNN/GCN.py[line:226] - INFO: Epoch [185/1000] Train_MSE: 0.000124 Val_MSE: 0.000180 | Loss: 0.000143
2025-12-05 17:00:53,648 - /home/kantorkristof/git/neurips-polymer/II_Experiment-Molecule/GNN/GCN.py[line:226] - INFO: Epoch [186/1000] Train_MSE: 0.000120 Val_MSE: 0.000164 | Loss: 0.000170
2025-12-05 17:00:54,637 - /home/kantorkristof/git/neurips-polymer/II_Experiment-Molecule/GNN/GCN.py[line:226] - INFO: Epoch [187/1000] Train_MSE: 0.000234 Val_MSE: 0.000272 | Loss: 0.000141
2025-12-05 17:00:55,657 - /home/kantorkristof/git/neurips-polymer/II_Experiment-Molecule/GNN/GCN.py[line:226] - INFO: Epoch [188/1000] Train_MSE: 0.000127 Val_MSE: 0.000179 | Loss: 0.000143
2025-12-05 17:00:56,683 - /home/kantorkristof/git/neurips-polymer/II_Experiment-Molecule/GNN/GCN.py[line:226] - INFO: Epoch [189/1000] Train_MSE: 0.000141 Val_MSE: 0.000191 | Loss: 0.000154
2025-12-05 17:00:57,668 - /home/kantorkristof/git/neurips-polymer/II_Experiment-Molecule/GNN/GCN.py[line:226] - INFO: Epoch [190/1000] Train_MSE: 0.000112 Val_MSE: 0.000165 | Loss: 0.000145
2025-12-05 17:00:58,702 - /home/kantorkristof/git/neurips-polymer/II_Experiment-Molecule/GNN/GCN.py[line:226] - INFO: Epoch [191/1000] Train_MSE: 0.000155 Val_MSE: 0.000214 | Loss: 0.000142
2025-12-05 17:00:59,701 - /home/kantorkristof/git/neurips-polymer/II_Experiment-Molecule/GNN/GCN.py[line:226] - INFO: Epoch [192/1000] Train_MSE: 0.000133 Val_MSE: 0.000197 | Loss: 0.000131
2025-12-05 17:01:00,680 - /home/kantorkristof/git/neurips-polymer/II_Experiment-Molecule/GNN/GCN.py[line:226] - INFO: Epoch [193/1000] Train_MSE: 0.000136 Val_MSE: 0.000208 | Loss: 0.000143
2025-12-05 17:01:01,659 - /home/kantorkristof/git/neurips-polymer/II_Experiment-Molecule/GNN/GCN.py[line:226] - INFO: Epoch [194/1000] Train_MSE: 0.000125 Val_MSE: 0.000166 | Loss: 0.000139
2025-12-05 17:01:02,636 - /home/kantorkristof/git/neurips-polymer/II_Experiment-Molecule/GNN/GCN.py[line:226] - INFO: Epoch [195/1000] Train_MSE: 0.000116 Val_MSE: 0.000169 | Loss: 0.000142
2025-12-05 17:01:03,661 - /home/kantorkristof/git/neurips-polymer/II_Experiment-Molecule/GNN/GCN.py[line:226] - INFO: Epoch [196/1000] Train_MSE: 0.000149 Val_MSE: 0.000204 | Loss: 0.000128
2025-12-05 17:01:04,644 - /home/kantorkristof/git/neurips-polymer/II_Experiment-Molecule/GNN/GCN.py[line:226] - INFO: Epoch [197/1000] Train_MSE: 0.000119 Val_MSE: 0.000166 | Loss: 0.000142
2025-12-05 17:01:05,681 - /home/kantorkristof/git/neurips-polymer/II_Experiment-Molecule/GNN/GCN.py[line:226] - INFO: Epoch [198/1000] Train_MSE: 0.000134 Val_MSE: 0.000191 | Loss: 0.000143
2025-12-05 17:01:06,680 - /home/kantorkristof/git/neurips-polymer/II_Experiment-Molecule/GNN/GCN.py[line:226] - INFO: Epoch [199/1000] Train_MSE: 0.000128 Val_MSE: 0.000178 | Loss: 0.000140
2025-12-05 17:01:07,649 - /home/kantorkristof/git/neurips-polymer/II_Experiment-Molecule/GNN/GCN.py[line:226] - INFO: Epoch [200/1000] Train_MSE: 0.000191 Val_MSE: 0.000256 | Loss: 0.000160
2025-12-05 17:01:08,592 - /home/kantorkristof/git/neurips-polymer/II_Experiment-Molecule/GNN/GCN.py[line:226] - INFO: Epoch [201/1000] Train_MSE: 0.000135 Val_MSE: 0.000201 | Loss: 0.000141
2025-12-05 17:01:09,647 - /home/kantorkristof/git/neurips-polymer/II_Experiment-Molecule/GNN/GCN.py[line:226] - INFO: Epoch [202/1000] Train_MSE: 0.000177 Val_MSE: 0.000237 | Loss: 0.000136
2025-12-05 17:01:10,653 - /home/kantorkristof/git/neurips-polymer/II_Experiment-Molecule/GNN/GCN.py[line:226] - INFO: Epoch [203/1000] Train_MSE: 0.000114 Val_MSE: 0.000182 | Loss: 0.000131
2025-12-05 17:01:11,609 - /home/kantorkristof/git/neurips-polymer/II_Experiment-Molecule/GNN/GCN.py[line:226] - INFO: Epoch [204/1000] Train_MSE: 0.000171 Val_MSE: 0.000250 | Loss: 0.000138
2025-12-05 17:01:12,572 - /home/kantorkristof/git/neurips-polymer/II_Experiment-Molecule/GNN/GCN.py[line:226] - INFO: Epoch [205/1000] Train_MSE: 0.000106 Val_MSE: 0.000166 | Loss: 0.000135
2025-12-05 17:01:13,568 - /home/kantorkristof/git/neurips-polymer/II_Experiment-Molecule/GNN/GCN.py[line:226] - INFO: Epoch [206/1000] Train_MSE: 0.000125 Val_MSE: 0.000191 | Loss: 0.000133
2025-12-05 17:01:14,568 - /home/kantorkristof/git/neurips-polymer/II_Experiment-Molecule/GNN/GCN.py[line:226] - INFO: Epoch [207/1000] Train_MSE: 0.000117 Val_MSE: 0.000166 | Loss: 0.000138
2025-12-05 17:01:15,525 - /home/kantorkristof/git/neurips-polymer/II_Experiment-Molecule/GNN/GCN.py[line:226] - INFO: Epoch [208/1000] Train_MSE: 0.000141 Val_MSE: 0.000199 | Loss: 0.000131
2025-12-05 17:01:16,485 - /home/kantorkristof/git/neurips-polymer/II_Experiment-Molecule/GNN/GCN.py[line:226] - INFO: Epoch [209/1000] Train_MSE: 0.000118 Val_MSE: 0.000195 | Loss: 0.000143
2025-12-05 17:01:17,442 - /home/kantorkristof/git/neurips-polymer/II_Experiment-Molecule/GNN/GCN.py[line:226] - INFO: Epoch [210/1000] Train_MSE: 0.000104 Val_MSE: 0.000181 | Loss: 0.000125
2025-12-05 17:01:18,437 - /home/kantorkristof/git/neurips-polymer/II_Experiment-Molecule/GNN/GCN.py[line:226] - INFO: Epoch [211/1000] Train_MSE: 0.000200 Val_MSE: 0.000252 | Loss: 0.000132
2025-12-05 17:01:19,446 - /home/kantorkristof/git/neurips-polymer/II_Experiment-Molecule/GNN/GCN.py[line:226] - INFO: Epoch [212/1000] Train_MSE: 0.000134 Val_MSE: 0.000175 | Loss: 0.000136
2025-12-05 17:01:20,446 - /home/kantorkristof/git/neurips-polymer/II_Experiment-Molecule/GNN/GCN.py[line:226] - INFO: Epoch [213/1000] Train_MSE: 0.000118 Val_MSE: 0.000181 | Loss: 0.000134
2025-12-05 17:01:21,411 - /home/kantorkristof/git/neurips-polymer/II_Experiment-Molecule/GNN/GCN.py[line:226] - INFO: Epoch [214/1000] Train_MSE: 0.000103 Val_MSE: 0.000165 | Loss: 0.000129
2025-12-05 17:01:22,463 - /home/kantorkristof/git/neurips-polymer/II_Experiment-Molecule/GNN/GCN.py[line:226] - INFO: Epoch [215/1000] Train_MSE: 0.000108 Val_MSE: 0.000167 | Loss: 0.000128
2025-12-05 17:01:23,499 - /home/kantorkristof/git/neurips-polymer/II_Experiment-Molecule/GNN/GCN.py[line:226] - INFO: Epoch [216/1000] Train_MSE: 0.000180 Val_MSE: 0.000239 | Loss: 0.000131
2025-12-05 17:01:24,516 - /home/kantorkristof/git/neurips-polymer/II_Experiment-Molecule/GNN/GCN.py[line:226] - INFO: Epoch [217/1000] Train_MSE: 0.000124 Val_MSE: 0.000180 | Loss: 0.000127
2025-12-05 17:01:25,554 - /home/kantorkristof/git/neurips-polymer/II_Experiment-Molecule/GNN/GCN.py[line:226] - INFO: Epoch [218/1000] Train_MSE: 0.000121 Val_MSE: 0.000173 | Loss: 0.000143
2025-12-05 17:01:26,589 - /home/kantorkristof/git/neurips-polymer/II_Experiment-Molecule/GNN/GCN.py[line:226] - INFO: Epoch [219/1000] Train_MSE: 0.000128 Val_MSE: 0.000190 | Loss: 0.000131
2025-12-05 17:01:27,546 - /home/kantorkristof/git/neurips-polymer/II_Experiment-Molecule/GNN/GCN.py[line:226] - INFO: Epoch [220/1000] Train_MSE: 0.000131 Val_MSE: 0.000202 | Loss: 0.000131
2025-12-05 17:01:28,493 - /home/kantorkristof/git/neurips-polymer/II_Experiment-Molecule/GNN/GCN.py[line:226] - INFO: Epoch [221/1000] Train_MSE: 0.000114 Val_MSE: 0.000189 | Loss: 0.000152
2025-12-05 17:01:29,442 - /home/kantorkristof/git/neurips-polymer/II_Experiment-Molecule/GNN/GCN.py[line:226] - INFO: Epoch [222/1000] Train_MSE: 0.000129 Val_MSE: 0.000210 | Loss: 0.000137
2025-12-05 17:01:30,499 - /home/kantorkristof/git/neurips-polymer/II_Experiment-Molecule/GNN/GCN.py[line:226] - INFO: Epoch [223/1000] Train_MSE: 0.000125 Val_MSE: 0.000166 | Loss: 0.000142
2025-12-05 17:01:31,612 - /home/kantorkristof/git/neurips-polymer/II_Experiment-Molecule/GNN/GCN.py[line:226] - INFO: Epoch [224/1000] Train_MSE: 0.000175 Val_MSE: 0.000265 | Loss: 0.000152
2025-12-05 17:01:32,756 - /home/kantorkristof/git/neurips-polymer/II_Experiment-Molecule/GNN/GCN.py[line:226] - INFO: Epoch [225/1000] Train_MSE: 0.000112 Val_MSE: 0.000191 | Loss: 0.000139
2025-12-05 17:01:33,825 - /home/kantorkristof/git/neurips-polymer/II_Experiment-Molecule/GNN/GCN.py[line:226] - INFO: Epoch [226/1000] Train_MSE: 0.000126 Val_MSE: 0.000185 | Loss: 0.000134
2025-12-05 17:01:34,818 - /home/kantorkristof/git/neurips-polymer/II_Experiment-Molecule/GNN/GCN.py[line:226] - INFO: Epoch [227/1000] Train_MSE: 0.000179 Val_MSE: 0.000236 | Loss: 0.000134
2025-12-05 17:01:35,817 - /home/kantorkristof/git/neurips-polymer/II_Experiment-Molecule/GNN/GCN.py[line:226] - INFO: Epoch [228/1000] Train_MSE: 0.000099 Val_MSE: 0.000156 | Loss: 0.000136
2025-12-05 17:01:36,885 - /home/kantorkristof/git/neurips-polymer/II_Experiment-Molecule/GNN/GCN.py[line:226] - INFO: Epoch [229/1000] Train_MSE: 0.000100 Val_MSE: 0.000164 | Loss: 0.000125
2025-12-05 17:01:37,907 - /home/kantorkristof/git/neurips-polymer/II_Experiment-Molecule/GNN/GCN.py[line:226] - INFO: Epoch [230/1000] Train_MSE: 0.000098 Val_MSE: 0.000164 | Loss: 0.000132
2025-12-05 17:01:39,009 - /home/kantorkristof/git/neurips-polymer/II_Experiment-Molecule/GNN/GCN.py[line:226] - INFO: Epoch [231/1000] Train_MSE: 0.000126 Val_MSE: 0.000182 | Loss: 0.000113
2025-12-05 17:01:40,105 - /home/kantorkristof/git/neurips-polymer/II_Experiment-Molecule/GNN/GCN.py[line:226] - INFO: Epoch [232/1000] Train_MSE: 0.000135 Val_MSE: 0.000180 | Loss: 0.000124
2025-12-05 17:01:41,069 - /home/kantorkristof/git/neurips-polymer/II_Experiment-Molecule/GNN/GCN.py[line:226] - INFO: Epoch [233/1000] Train_MSE: 0.000122 Val_MSE: 0.000176 | Loss: 0.000123
2025-12-05 17:01:42,061 - /home/kantorkristof/git/neurips-polymer/II_Experiment-Molecule/GNN/GCN.py[line:226] - INFO: Epoch [234/1000] Train_MSE: 0.000131 Val_MSE: 0.000203 | Loss: 0.000142
2025-12-05 17:01:43,128 - /home/kantorkristof/git/neurips-polymer/II_Experiment-Molecule/GNN/GCN.py[line:226] - INFO: Epoch [235/1000] Train_MSE: 0.000134 Val_MSE: 0.000194 | Loss: 0.000137
2025-12-05 17:01:44,182 - /home/kantorkristof/git/neurips-polymer/II_Experiment-Molecule/GNN/GCN.py[line:226] - INFO: Epoch [236/1000] Train_MSE: 0.000102 Val_MSE: 0.000166 | Loss: 0.000137
2025-12-05 17:01:45,173 - /home/kantorkristof/git/neurips-polymer/II_Experiment-Molecule/GNN/GCN.py[line:226] - INFO: Epoch [237/1000] Train_MSE: 0.000147 Val_MSE: 0.000235 | Loss: 0.000142
2025-12-05 17:01:46,234 - /home/kantorkristof/git/neurips-polymer/II_Experiment-Molecule/GNN/GCN.py[line:226] - INFO: Epoch [238/1000] Train_MSE: 0.000107 Val_MSE: 0.000198 | Loss: 0.000134
2025-12-05 17:01:47,181 - /home/kantorkristof/git/neurips-polymer/II_Experiment-Molecule/GNN/GCN.py[line:226] - INFO: Epoch [239/1000] Train_MSE: 0.000103 Val_MSE: 0.000181 | Loss: 0.000123
2025-12-05 17:01:48,263 - /home/kantorkristof/git/neurips-polymer/II_Experiment-Molecule/GNN/GCN.py[line:226] - INFO: Epoch [240/1000] Train_MSE: 0.000147 Val_MSE: 0.000201 | Loss: 0.000128
2025-12-05 17:01:49,264 - /home/kantorkristof/git/neurips-polymer/II_Experiment-Molecule/GNN/GCN.py[line:226] - INFO: Epoch [241/1000] Train_MSE: 0.000174 Val_MSE: 0.000238 | Loss: 0.000124
2025-12-05 17:01:50,254 - /home/kantorkristof/git/neurips-polymer/II_Experiment-Molecule/GNN/GCN.py[line:226] - INFO: Epoch [242/1000] Train_MSE: 0.000108 Val_MSE: 0.000168 | Loss: 0.000117
2025-12-05 17:01:50,254 - /home/kantorkristof/git/neurips-polymer/II_Experiment-Molecule/GNN/GCN.py[line:246] - INFO: Early Stopping
2025-12-05 17:01:50,751 - /home/kantorkristof/git/neurips-polymer/II_Experiment-Molecule/GNN/GCN.py[line:258] - INFO: Best model Accuracy for FFV, seed 42:
2025-12-05 17:01:50,752 - /home/kantorkristof/git/neurips-polymer/II_Experiment-Molecule/GNN/GCN.py[line:259] - INFO:   Train MSE: 0.000117
2025-12-05 17:01:50,752 - /home/kantorkristof/git/neurips-polymer/II_Experiment-Molecule/GNN/GCN.py[line:260] - INFO:   Val MSE:   0.000156
2025-12-05 17:01:50,752 - /home/kantorkristof/git/neurips-polymer/II_Experiment-Molecule/GNN/GCN.py[line:261] - INFO:   Test MSE:  0.000260
2025-12-05 17:01:50,752 - /home/kantorkristof/git/neurips-polymer/II_Experiment-Molecule/GNN/GCN.py[line:277] - INFO: 
=== Results for attribute FFV ===
2025-12-05 17:01:50,752 - /home/kantorkristof/git/neurips-polymer/II_Experiment-Molecule/GNN/GCN.py[line:283] - INFO: Train MSE: 0.000117  Val MSE: 0.000156  Test MSE: 0.000260
