2025-12-06 18:17:11,159 - /home/kantorkristof/git/neurips-polymer/III_Experiment-Traffic-Prediction/GNN/GAT.py[line:173] - INFO: 
Model training started for property: Yearly_Time_Lost_Rush_Hours_CC (MAPE metric)
2025-12-06 18:17:11,160 - /home/kantorkristof/git/neurips-polymer/III_Experiment-Traffic-Prediction/GNN/GAT.py[line:84] - INFO: 
+------------+-------+
| Parameter  | Value |
+------------+-------+
| cuda       | 5     |
+------------+-------+
| datadir    | data  |
+------------+-------+
| epoch      | 1000  |
+------------+-------+
| seed       | [42]  |
+------------+-------+
| channels   | 64    |
+------------+-------+
| heads      | 1     |
+------------+-------+
| pretrain   | 0     |
+------------+-------+
| batch_size | 32    |
+------------+-------+
| net_lr     | 0.001 |
+------------+-------+
2025-12-06 18:17:11,160 - /home/kantorkristof/git/neurips-polymer/III_Experiment-Traffic-Prediction/GNN/GAT.py[line:178] - INFO: --- Starting training for Yearly_Time_Lost_Rush_Hours_CC with seed 42 ---
2025-12-06 18:17:11,690 - /home/kantorkristof/git/neurips-polymer/III_Experiment-Traffic-Prediction/GNN/GAT.py[line:232] - INFO: Epoch [1/1000] Train_MAPE: 98.334725% Val_MAPE: 98.243362% | Loss: 99.190511
2025-12-06 18:17:11,693 - /home/kantorkristof/git/neurips-polymer/III_Experiment-Traffic-Prediction/GNN/GAT.py[line:242] - INFO: Best model saved at epoch 1 with val_mape 98.243362%
2025-12-06 18:17:12,204 - /home/kantorkristof/git/neurips-polymer/III_Experiment-Traffic-Prediction/GNN/GAT.py[line:232] - INFO: Epoch [2/1000] Train_MAPE: 95.638579% Val_MAPE: 95.438258% | Loss: 96.942361
2025-12-06 18:17:12,207 - /home/kantorkristof/git/neurips-polymer/III_Experiment-Traffic-Prediction/GNN/GAT.py[line:242] - INFO: Best model saved at epoch 2 with val_mape 95.438258%
2025-12-06 18:17:12,724 - /home/kantorkristof/git/neurips-polymer/III_Experiment-Traffic-Prediction/GNN/GAT.py[line:232] - INFO: Epoch [3/1000] Train_MAPE: 88.622665% Val_MAPE: 88.144818% | Loss: 92.381765
2025-12-06 18:17:12,727 - /home/kantorkristof/git/neurips-polymer/III_Experiment-Traffic-Prediction/GNN/GAT.py[line:242] - INFO: Best model saved at epoch 3 with val_mape 88.144818%
2025-12-06 18:17:13,237 - /home/kantorkristof/git/neurips-polymer/III_Experiment-Traffic-Prediction/GNN/GAT.py[line:232] - INFO: Epoch [4/1000] Train_MAPE: 75.949806% Val_MAPE: 74.894113% | Loss: 83.433698
2025-12-06 18:17:13,240 - /home/kantorkristof/git/neurips-polymer/III_Experiment-Traffic-Prediction/GNN/GAT.py[line:242] - INFO: Best model saved at epoch 4 with val_mape 74.894113%
2025-12-06 18:17:13,762 - /home/kantorkristof/git/neurips-polymer/III_Experiment-Traffic-Prediction/GNN/GAT.py[line:232] - INFO: Epoch [5/1000] Train_MAPE: 58.166124% Val_MAPE: 52.437344% | Loss: 69.010540
2025-12-06 18:17:13,764 - /home/kantorkristof/git/neurips-polymer/III_Experiment-Traffic-Prediction/GNN/GAT.py[line:242] - INFO: Best model saved at epoch 5 with val_mape 52.437344%
2025-12-06 18:17:14,281 - /home/kantorkristof/git/neurips-polymer/III_Experiment-Traffic-Prediction/GNN/GAT.py[line:232] - INFO: Epoch [6/1000] Train_MAPE: 51.697593% Val_MAPE: 45.089993% | Loss: 56.201183
2025-12-06 18:17:14,284 - /home/kantorkristof/git/neurips-polymer/III_Experiment-Traffic-Prediction/GNN/GAT.py[line:242] - INFO: Best model saved at epoch 6 with val_mape 45.089993%
2025-12-06 18:17:14,805 - /home/kantorkristof/git/neurips-polymer/III_Experiment-Traffic-Prediction/GNN/GAT.py[line:232] - INFO: Epoch [7/1000] Train_MAPE: 50.632411% Val_MAPE: 43.855301% | Loss: 49.310177
2025-12-06 18:17:14,808 - /home/kantorkristof/git/neurips-polymer/III_Experiment-Traffic-Prediction/GNN/GAT.py[line:242] - INFO: Best model saved at epoch 7 with val_mape 43.855301%
2025-12-06 18:17:15,326 - /home/kantorkristof/git/neurips-polymer/III_Experiment-Traffic-Prediction/GNN/GAT.py[line:232] - INFO: Epoch [8/1000] Train_MAPE: 48.807978% Val_MAPE: 44.355936% | Loss: 48.398118
2025-12-06 18:17:15,869 - /home/kantorkristof/git/neurips-polymer/III_Experiment-Traffic-Prediction/GNN/GAT.py[line:232] - INFO: Epoch [9/1000] Train_MAPE: 49.686575% Val_MAPE: 46.048080% | Loss: 46.479774
2025-12-06 18:17:16,388 - /home/kantorkristof/git/neurips-polymer/III_Experiment-Traffic-Prediction/GNN/GAT.py[line:232] - INFO: Epoch [10/1000] Train_MAPE: 48.142448% Val_MAPE: 45.517349% | Loss: 46.258233
2025-12-06 18:17:16,926 - /home/kantorkristof/git/neurips-polymer/III_Experiment-Traffic-Prediction/GNN/GAT.py[line:232] - INFO: Epoch [11/1000] Train_MAPE: 46.694945% Val_MAPE: 45.032401% | Loss: 46.537436
2025-12-06 18:17:17,481 - /home/kantorkristof/git/neurips-polymer/III_Experiment-Traffic-Prediction/GNN/GAT.py[line:232] - INFO: Epoch [12/1000] Train_MAPE: 44.775533% Val_MAPE: 44.162614% | Loss: 46.788848
2025-12-06 18:17:18,027 - /home/kantorkristof/git/neurips-polymer/III_Experiment-Traffic-Prediction/GNN/GAT.py[line:232] - INFO: Epoch [13/1000] Train_MAPE: 44.774886% Val_MAPE: 43.399924% | Loss: 45.631015
2025-12-06 18:17:18,030 - /home/kantorkristof/git/neurips-polymer/III_Experiment-Traffic-Prediction/GNN/GAT.py[line:242] - INFO: Best model saved at epoch 13 with val_mape 43.399924%
2025-12-06 18:17:18,549 - /home/kantorkristof/git/neurips-polymer/III_Experiment-Traffic-Prediction/GNN/GAT.py[line:232] - INFO: Epoch [14/1000] Train_MAPE: 45.021751% Val_MAPE: 43.956249% | Loss: 45.198390
2025-12-06 18:17:19,078 - /home/kantorkristof/git/neurips-polymer/III_Experiment-Traffic-Prediction/GNN/GAT.py[line:232] - INFO: Epoch [15/1000] Train_MAPE: 44.833867% Val_MAPE: 43.502216% | Loss: 45.535714
2025-12-06 18:17:19,596 - /home/kantorkristof/git/neurips-polymer/III_Experiment-Traffic-Prediction/GNN/GAT.py[line:232] - INFO: Epoch [16/1000] Train_MAPE: 44.611232% Val_MAPE: 43.774371% | Loss: 44.569080
2025-12-06 18:17:20,122 - /home/kantorkristof/git/neurips-polymer/III_Experiment-Traffic-Prediction/GNN/GAT.py[line:232] - INFO: Epoch [17/1000] Train_MAPE: 44.355526% Val_MAPE: 44.060657% | Loss: 45.374497
2025-12-06 18:17:20,640 - /home/kantorkristof/git/neurips-polymer/III_Experiment-Traffic-Prediction/GNN/GAT.py[line:232] - INFO: Epoch [18/1000] Train_MAPE: 44.312911% Val_MAPE: 43.960047% | Loss: 44.529448
2025-12-06 18:17:21,165 - /home/kantorkristof/git/neurips-polymer/III_Experiment-Traffic-Prediction/GNN/GAT.py[line:232] - INFO: Epoch [19/1000] Train_MAPE: 44.009271% Val_MAPE: 44.724244% | Loss: 44.935344
2025-12-06 18:17:21,688 - /home/kantorkristof/git/neurips-polymer/III_Experiment-Traffic-Prediction/GNN/GAT.py[line:232] - INFO: Epoch [20/1000] Train_MAPE: 44.068205% Val_MAPE: 44.461132% | Loss: 46.484086
2025-12-06 18:17:22,202 - /home/kantorkristof/git/neurips-polymer/III_Experiment-Traffic-Prediction/GNN/GAT.py[line:232] - INFO: Epoch [21/1000] Train_MAPE: 44.284279% Val_MAPE: 44.259955% | Loss: 45.159057
2025-12-06 18:17:22,714 - /home/kantorkristof/git/neurips-polymer/III_Experiment-Traffic-Prediction/GNN/GAT.py[line:232] - INFO: Epoch [22/1000] Train_MAPE: 44.342918% Val_MAPE: 44.727143% | Loss: 45.531198
2025-12-06 18:17:23,230 - /home/kantorkristof/git/neurips-polymer/III_Experiment-Traffic-Prediction/GNN/GAT.py[line:232] - INFO: Epoch [23/1000] Train_MAPE: 44.020624% Val_MAPE: 44.816492% | Loss: 44.772885
2025-12-06 18:17:23,742 - /home/kantorkristof/git/neurips-polymer/III_Experiment-Traffic-Prediction/GNN/GAT.py[line:232] - INFO: Epoch [24/1000] Train_MAPE: 44.007152% Val_MAPE: 45.168233% | Loss: 43.911140
2025-12-06 18:17:24,257 - /home/kantorkristof/git/neurips-polymer/III_Experiment-Traffic-Prediction/GNN/GAT.py[line:232] - INFO: Epoch [25/1000] Train_MAPE: 43.568865% Val_MAPE: 44.870912% | Loss: 42.892062
2025-12-06 18:17:24,772 - /home/kantorkristof/git/neurips-polymer/III_Experiment-Traffic-Prediction/GNN/GAT.py[line:232] - INFO: Epoch [26/1000] Train_MAPE: 43.586049% Val_MAPE: 44.241420% | Loss: 43.767329
2025-12-06 18:17:25,295 - /home/kantorkristof/git/neurips-polymer/III_Experiment-Traffic-Prediction/GNN/GAT.py[line:232] - INFO: Epoch [27/1000] Train_MAPE: 43.846306% Val_MAPE: 43.941325% | Loss: 45.310102
2025-12-06 18:17:25,808 - /home/kantorkristof/git/neurips-polymer/III_Experiment-Traffic-Prediction/GNN/GAT.py[line:232] - INFO: Epoch [28/1000] Train_MAPE: 46.418223% Val_MAPE: 44.413864% | Loss: 44.730484
2025-12-06 18:17:26,312 - /home/kantorkristof/git/neurips-polymer/III_Experiment-Traffic-Prediction/GNN/GAT.py[line:232] - INFO: Epoch [29/1000] Train_MAPE: 44.651728% Val_MAPE: 43.482112% | Loss: 44.291605
2025-12-06 18:17:26,817 - /home/kantorkristof/git/neurips-polymer/III_Experiment-Traffic-Prediction/GNN/GAT.py[line:232] - INFO: Epoch [30/1000] Train_MAPE: 44.981094% Val_MAPE: 43.424342% | Loss: 45.495367
2025-12-06 18:17:27,333 - /home/kantorkristof/git/neurips-polymer/III_Experiment-Traffic-Prediction/GNN/GAT.py[line:232] - INFO: Epoch [31/1000] Train_MAPE: 45.319771% Val_MAPE: 43.993330% | Loss: 45.653422
2025-12-06 18:17:27,838 - /home/kantorkristof/git/neurips-polymer/III_Experiment-Traffic-Prediction/GNN/GAT.py[line:232] - INFO: Epoch [32/1000] Train_MAPE: 45.075589% Val_MAPE: 44.060112% | Loss: 45.339281
2025-12-06 18:17:28,339 - /home/kantorkristof/git/neurips-polymer/III_Experiment-Traffic-Prediction/GNN/GAT.py[line:232] - INFO: Epoch [33/1000] Train_MAPE: 45.110033% Val_MAPE: 43.974393% | Loss: 45.150158
2025-12-06 18:17:28,845 - /home/kantorkristof/git/neurips-polymer/III_Experiment-Traffic-Prediction/GNN/GAT.py[line:232] - INFO: Epoch [34/1000] Train_MAPE: 45.290856% Val_MAPE: 44.290145% | Loss: 45.305450
2025-12-06 18:17:29,346 - /home/kantorkristof/git/neurips-polymer/III_Experiment-Traffic-Prediction/GNN/GAT.py[line:232] - INFO: Epoch [35/1000] Train_MAPE: 44.483018% Val_MAPE: 44.771947% | Loss: 46.727243
2025-12-06 18:17:29,855 - /home/kantorkristof/git/neurips-polymer/III_Experiment-Traffic-Prediction/GNN/GAT.py[line:232] - INFO: Epoch [36/1000] Train_MAPE: 44.411169% Val_MAPE: 44.827695% | Loss: 44.517939
2025-12-06 18:17:30,358 - /home/kantorkristof/git/neurips-polymer/III_Experiment-Traffic-Prediction/GNN/GAT.py[line:232] - INFO: Epoch [37/1000] Train_MAPE: 44.080396% Val_MAPE: 44.714336% | Loss: 44.076482
2025-12-06 18:17:30,859 - /home/kantorkristof/git/neurips-polymer/III_Experiment-Traffic-Prediction/GNN/GAT.py[line:232] - INFO: Epoch [38/1000] Train_MAPE: 43.607983% Val_MAPE: 44.382339% | Loss: 44.310215
2025-12-06 18:17:31,376 - /home/kantorkristof/git/neurips-polymer/III_Experiment-Traffic-Prediction/GNN/GAT.py[line:232] - INFO: Epoch [39/1000] Train_MAPE: 43.906307% Val_MAPE: 44.204173% | Loss: 44.886651
2025-12-06 18:17:31,900 - /home/kantorkristof/git/neurips-polymer/III_Experiment-Traffic-Prediction/GNN/GAT.py[line:232] - INFO: Epoch [40/1000] Train_MAPE: 44.276033% Val_MAPE: 44.716285% | Loss: 44.293298
2025-12-06 18:17:32,421 - /home/kantorkristof/git/neurips-polymer/III_Experiment-Traffic-Prediction/GNN/GAT.py[line:232] - INFO: Epoch [41/1000] Train_MAPE: 44.069259% Val_MAPE: 44.786318% | Loss: 43.945929
2025-12-06 18:17:32,938 - /home/kantorkristof/git/neurips-polymer/III_Experiment-Traffic-Prediction/GNN/GAT.py[line:232] - INFO: Epoch [42/1000] Train_MAPE: 43.930994% Val_MAPE: 45.148891% | Loss: 46.601911
2025-12-06 18:17:33,461 - /home/kantorkristof/git/neurips-polymer/III_Experiment-Traffic-Prediction/GNN/GAT.py[line:232] - INFO: Epoch [43/1000] Train_MAPE: 43.779207% Val_MAPE: 44.850328% | Loss: 43.683979
2025-12-06 18:17:33,980 - /home/kantorkristof/git/neurips-polymer/III_Experiment-Traffic-Prediction/GNN/GAT.py[line:232] - INFO: Epoch [44/1000] Train_MAPE: 43.865678% Val_MAPE: 44.787833% | Loss: 43.636648
2025-12-06 18:17:34,505 - /home/kantorkristof/git/neurips-polymer/III_Experiment-Traffic-Prediction/GNN/GAT.py[line:232] - INFO: Epoch [45/1000] Train_MAPE: 43.857386% Val_MAPE: 44.741946% | Loss: 43.587368
2025-12-06 18:17:35,030 - /home/kantorkristof/git/neurips-polymer/III_Experiment-Traffic-Prediction/GNN/GAT.py[line:232] - INFO: Epoch [46/1000] Train_MAPE: 43.994324% Val_MAPE: 44.378735% | Loss: 43.983537
2025-12-06 18:17:35,550 - /home/kantorkristof/git/neurips-polymer/III_Experiment-Traffic-Prediction/GNN/GAT.py[line:232] - INFO: Epoch [47/1000] Train_MAPE: 43.731197% Val_MAPE: 45.183227% | Loss: 44.704287
2025-12-06 18:17:36,070 - /home/kantorkristof/git/neurips-polymer/III_Experiment-Traffic-Prediction/GNN/GAT.py[line:232] - INFO: Epoch [48/1000] Train_MAPE: 43.786162% Val_MAPE: 45.425447% | Loss: 43.131731
2025-12-06 18:17:36,596 - /home/kantorkristof/git/neurips-polymer/III_Experiment-Traffic-Prediction/GNN/GAT.py[line:232] - INFO: Epoch [49/1000] Train_MAPE: 43.878871% Val_MAPE: 45.348763% | Loss: 44.623986
2025-12-06 18:17:37,131 - /home/kantorkristof/git/neurips-polymer/III_Experiment-Traffic-Prediction/GNN/GAT.py[line:232] - INFO: Epoch [50/1000] Train_MAPE: 43.546415% Val_MAPE: 45.226486% | Loss: 44.986415
2025-12-06 18:17:37,659 - /home/kantorkristof/git/neurips-polymer/III_Experiment-Traffic-Prediction/GNN/GAT.py[line:232] - INFO: Epoch [51/1000] Train_MAPE: 43.272986% Val_MAPE: 44.485793% | Loss: 45.281764
2025-12-06 18:17:38,181 - /home/kantorkristof/git/neurips-polymer/III_Experiment-Traffic-Prediction/GNN/GAT.py[line:232] - INFO: Epoch [52/1000] Train_MAPE: 43.310878% Val_MAPE: 44.091528% | Loss: 42.980659
2025-12-06 18:17:38,726 - /home/kantorkristof/git/neurips-polymer/III_Experiment-Traffic-Prediction/GNN/GAT.py[line:232] - INFO: Epoch [53/1000] Train_MAPE: 43.341687% Val_MAPE: 43.837514% | Loss: 46.584372
2025-12-06 18:17:39,250 - /home/kantorkristof/git/neurips-polymer/III_Experiment-Traffic-Prediction/GNN/GAT.py[line:232] - INFO: Epoch [54/1000] Train_MAPE: 43.540287% Val_MAPE: 43.429691% | Loss: 44.102837
2025-12-06 18:17:39,838 - /home/kantorkristof/git/neurips-polymer/III_Experiment-Traffic-Prediction/GNN/GAT.py[line:232] - INFO: Epoch [55/1000] Train_MAPE: 43.214749% Val_MAPE: 44.326649% | Loss: 44.016222
2025-12-06 18:17:40,363 - /home/kantorkristof/git/neurips-polymer/III_Experiment-Traffic-Prediction/GNN/GAT.py[line:232] - INFO: Epoch [56/1000] Train_MAPE: 43.330320% Val_MAPE: 44.449387% | Loss: 43.191365
2025-12-06 18:17:40,881 - /home/kantorkristof/git/neurips-polymer/III_Experiment-Traffic-Prediction/GNN/GAT.py[line:232] - INFO: Epoch [57/1000] Train_MAPE: 43.315818% Val_MAPE: 44.121957% | Loss: 44.911637
2025-12-06 18:17:41,400 - /home/kantorkristof/git/neurips-polymer/III_Experiment-Traffic-Prediction/GNN/GAT.py[line:232] - INFO: Epoch [58/1000] Train_MAPE: 43.273463% Val_MAPE: 44.116175% | Loss: 43.515233
2025-12-06 18:17:41,920 - /home/kantorkristof/git/neurips-polymer/III_Experiment-Traffic-Prediction/GNN/GAT.py[line:232] - INFO: Epoch [59/1000] Train_MAPE: 43.401962% Val_MAPE: 44.567174% | Loss: 44.164019
2025-12-06 18:17:42,431 - /home/kantorkristof/git/neurips-polymer/III_Experiment-Traffic-Prediction/GNN/GAT.py[line:232] - INFO: Epoch [60/1000] Train_MAPE: 43.792060% Val_MAPE: 44.765223% | Loss: 43.233829
2025-12-06 18:17:42,932 - /home/kantorkristof/git/neurips-polymer/III_Experiment-Traffic-Prediction/GNN/GAT.py[line:232] - INFO: Epoch [61/1000] Train_MAPE: 44.014734% Val_MAPE: 45.032074% | Loss: 43.543083
2025-12-06 18:17:43,455 - /home/kantorkristof/git/neurips-polymer/III_Experiment-Traffic-Prediction/GNN/GAT.py[line:232] - INFO: Epoch [62/1000] Train_MAPE: 43.450090% Val_MAPE: 44.817149% | Loss: 43.450734
2025-12-06 18:17:43,974 - /home/kantorkristof/git/neurips-polymer/III_Experiment-Traffic-Prediction/GNN/GAT.py[line:232] - INFO: Epoch [63/1000] Train_MAPE: 43.209346% Val_MAPE: 45.042873% | Loss: 44.328736
2025-12-06 18:17:44,487 - /home/kantorkristof/git/neurips-polymer/III_Experiment-Traffic-Prediction/GNN/GAT.py[line:232] - INFO: Epoch [64/1000] Train_MAPE: 42.932596% Val_MAPE: 43.946616% | Loss: 44.235108
2025-12-06 18:17:45,002 - /home/kantorkristof/git/neurips-polymer/III_Experiment-Traffic-Prediction/GNN/GAT.py[line:232] - INFO: Epoch [65/1000] Train_MAPE: 43.271570% Val_MAPE: 43.839935% | Loss: 43.725378
2025-12-06 18:17:45,533 - /home/kantorkristof/git/neurips-polymer/III_Experiment-Traffic-Prediction/GNN/GAT.py[line:232] - INFO: Epoch [66/1000] Train_MAPE: 43.691303% Val_MAPE: 44.595206% | Loss: 46.462574
2025-12-06 18:17:46,050 - /home/kantorkristof/git/neurips-polymer/III_Experiment-Traffic-Prediction/GNN/GAT.py[line:232] - INFO: Epoch [67/1000] Train_MAPE: 43.375386% Val_MAPE: 44.633549% | Loss: 45.626211
2025-12-06 18:17:46,563 - /home/kantorkristof/git/neurips-polymer/III_Experiment-Traffic-Prediction/GNN/GAT.py[line:232] - INFO: Epoch [68/1000] Train_MAPE: 43.266271% Val_MAPE: 44.167281% | Loss: 43.473277
2025-12-06 18:17:47,081 - /home/kantorkristof/git/neurips-polymer/III_Experiment-Traffic-Prediction/GNN/GAT.py[line:232] - INFO: Epoch [69/1000] Train_MAPE: 43.193795% Val_MAPE: 44.123615% | Loss: 44.668684
2025-12-06 18:17:47,597 - /home/kantorkristof/git/neurips-polymer/III_Experiment-Traffic-Prediction/GNN/GAT.py[line:232] - INFO: Epoch [70/1000] Train_MAPE: 43.087826% Val_MAPE: 43.916277% | Loss: 44.335538
2025-12-06 18:17:48,125 - /home/kantorkristof/git/neurips-polymer/III_Experiment-Traffic-Prediction/GNN/GAT.py[line:232] - INFO: Epoch [71/1000] Train_MAPE: 43.440024% Val_MAPE: 44.186082% | Loss: 43.587278
2025-12-06 18:17:48,638 - /home/kantorkristof/git/neurips-polymer/III_Experiment-Traffic-Prediction/GNN/GAT.py[line:232] - INFO: Epoch [72/1000] Train_MAPE: 43.231582% Val_MAPE: 44.285045% | Loss: 43.132724
2025-12-06 18:17:49,151 - /home/kantorkristof/git/neurips-polymer/III_Experiment-Traffic-Prediction/GNN/GAT.py[line:232] - INFO: Epoch [73/1000] Train_MAPE: 43.268027% Val_MAPE: 44.432928% | Loss: 44.411432
2025-12-06 18:17:49,665 - /home/kantorkristof/git/neurips-polymer/III_Experiment-Traffic-Prediction/GNN/GAT.py[line:232] - INFO: Epoch [74/1000] Train_MAPE: 43.870768% Val_MAPE: 44.300252% | Loss: 43.439079
2025-12-06 18:17:50,186 - /home/kantorkristof/git/neurips-polymer/III_Experiment-Traffic-Prediction/GNN/GAT.py[line:232] - INFO: Epoch [75/1000] Train_MAPE: 43.654762% Val_MAPE: 44.740331% | Loss: 44.333536
2025-12-06 18:17:50,702 - /home/kantorkristof/git/neurips-polymer/III_Experiment-Traffic-Prediction/GNN/GAT.py[line:232] - INFO: Epoch [76/1000] Train_MAPE: 43.386552% Val_MAPE: 44.841556% | Loss: 43.642594
2025-12-06 18:17:51,217 - /home/kantorkristof/git/neurips-polymer/III_Experiment-Traffic-Prediction/GNN/GAT.py[line:232] - INFO: Epoch [77/1000] Train_MAPE: 43.319518% Val_MAPE: 44.675338% | Loss: 42.536729
2025-12-06 18:17:51,833 - /home/kantorkristof/git/neurips-polymer/III_Experiment-Traffic-Prediction/GNN/GAT.py[line:232] - INFO: Epoch [78/1000] Train_MAPE: 43.298222% Val_MAPE: 44.562432% | Loss: 43.543735
2025-12-06 18:17:52,349 - /home/kantorkristof/git/neurips-polymer/III_Experiment-Traffic-Prediction/GNN/GAT.py[line:232] - INFO: Epoch [79/1000] Train_MAPE: 43.307408% Val_MAPE: 44.016610% | Loss: 42.724020
2025-12-06 18:17:52,863 - /home/kantorkristof/git/neurips-polymer/III_Experiment-Traffic-Prediction/GNN/GAT.py[line:232] - INFO: Epoch [80/1000] Train_MAPE: 43.543988% Val_MAPE: 44.688760% | Loss: 43.651900
2025-12-06 18:17:53,380 - /home/kantorkristof/git/neurips-polymer/III_Experiment-Traffic-Prediction/GNN/GAT.py[line:232] - INFO: Epoch [81/1000] Train_MAPE: 43.364616% Val_MAPE: 44.608531% | Loss: 43.890353
2025-12-06 18:17:53,893 - /home/kantorkristof/git/neurips-polymer/III_Experiment-Traffic-Prediction/GNN/GAT.py[line:232] - INFO: Epoch [82/1000] Train_MAPE: 43.367740% Val_MAPE: 44.448563% | Loss: 42.806920
2025-12-06 18:17:54,408 - /home/kantorkristof/git/neurips-polymer/III_Experiment-Traffic-Prediction/GNN/GAT.py[line:232] - INFO: Epoch [83/1000] Train_MAPE: 43.352621% Val_MAPE: 44.985943% | Loss: 44.286697
2025-12-06 18:17:54,925 - /home/kantorkristof/git/neurips-polymer/III_Experiment-Traffic-Prediction/GNN/GAT.py[line:232] - INFO: Epoch [84/1000] Train_MAPE: 43.316004% Val_MAPE: 44.751730% | Loss: 44.400074
2025-12-06 18:17:55,447 - /home/kantorkristof/git/neurips-polymer/III_Experiment-Traffic-Prediction/GNN/GAT.py[line:232] - INFO: Epoch [85/1000] Train_MAPE: 43.515071% Val_MAPE: 43.851976% | Loss: 43.873273
2025-12-06 18:17:55,957 - /home/kantorkristof/git/neurips-polymer/III_Experiment-Traffic-Prediction/GNN/GAT.py[line:232] - INFO: Epoch [86/1000] Train_MAPE: 43.908852% Val_MAPE: 44.070944% | Loss: 42.974717
2025-12-06 18:17:56,469 - /home/kantorkristof/git/neurips-polymer/III_Experiment-Traffic-Prediction/GNN/GAT.py[line:232] - INFO: Epoch [87/1000] Train_MAPE: 43.108199% Val_MAPE: 43.913007% | Loss: 43.506708
2025-12-06 18:17:56,979 - /home/kantorkristof/git/neurips-polymer/III_Experiment-Traffic-Prediction/GNN/GAT.py[line:232] - INFO: Epoch [88/1000] Train_MAPE: 43.186954% Val_MAPE: 44.406403% | Loss: 42.973128
2025-12-06 18:17:57,499 - /home/kantorkristof/git/neurips-polymer/III_Experiment-Traffic-Prediction/GNN/GAT.py[line:232] - INFO: Epoch [89/1000] Train_MAPE: 42.942096% Val_MAPE: 44.488820% | Loss: 43.854483
2025-12-06 18:17:58,010 - /home/kantorkristof/git/neurips-polymer/III_Experiment-Traffic-Prediction/GNN/GAT.py[line:232] - INFO: Epoch [90/1000] Train_MAPE: 43.195106% Val_MAPE: 44.240793% | Loss: 43.124615
2025-12-06 18:17:58,519 - /home/kantorkristof/git/neurips-polymer/III_Experiment-Traffic-Prediction/GNN/GAT.py[line:232] - INFO: Epoch [91/1000] Train_MAPE: 43.764667% Val_MAPE: 44.127949% | Loss: 43.816631
2025-12-06 18:17:59,034 - /home/kantorkristof/git/neurips-polymer/III_Experiment-Traffic-Prediction/GNN/GAT.py[line:232] - INFO: Epoch [92/1000] Train_MAPE: 43.314181% Val_MAPE: 43.739955% | Loss: 43.670357
2025-12-06 18:17:59,550 - /home/kantorkristof/git/neurips-polymer/III_Experiment-Traffic-Prediction/GNN/GAT.py[line:232] - INFO: Epoch [93/1000] Train_MAPE: 43.135000% Val_MAPE: 44.351502% | Loss: 42.074692
2025-12-06 18:18:00,068 - /home/kantorkristof/git/neurips-polymer/III_Experiment-Traffic-Prediction/GNN/GAT.py[line:232] - INFO: Epoch [94/1000] Train_MAPE: 43.191950% Val_MAPE: 44.611122% | Loss: 43.118650
2025-12-06 18:18:00,587 - /home/kantorkristof/git/neurips-polymer/III_Experiment-Traffic-Prediction/GNN/GAT.py[line:232] - INFO: Epoch [95/1000] Train_MAPE: 43.191280% Val_MAPE: 44.698033% | Loss: 42.241595
2025-12-06 18:18:01,108 - /home/kantorkristof/git/neurips-polymer/III_Experiment-Traffic-Prediction/GNN/GAT.py[line:232] - INFO: Epoch [96/1000] Train_MAPE: 43.137180% Val_MAPE: 43.970985% | Loss: 44.212905
2025-12-06 18:18:01,641 - /home/kantorkristof/git/neurips-polymer/III_Experiment-Traffic-Prediction/GNN/GAT.py[line:232] - INFO: Epoch [97/1000] Train_MAPE: 43.627414% Val_MAPE: 43.978842% | Loss: 43.904912
2025-12-06 18:18:02,156 - /home/kantorkristof/git/neurips-polymer/III_Experiment-Traffic-Prediction/GNN/GAT.py[line:232] - INFO: Epoch [98/1000] Train_MAPE: 43.375197% Val_MAPE: 44.120109% | Loss: 42.794293
2025-12-06 18:18:02,679 - /home/kantorkristof/git/neurips-polymer/III_Experiment-Traffic-Prediction/GNN/GAT.py[line:232] - INFO: Epoch [99/1000] Train_MAPE: 43.182501% Val_MAPE: 43.886849% | Loss: 43.364227
2025-12-06 18:18:03,205 - /home/kantorkristof/git/neurips-polymer/III_Experiment-Traffic-Prediction/GNN/GAT.py[line:232] - INFO: Epoch [100/1000] Train_MAPE: 43.038465% Val_MAPE: 44.051987% | Loss: 43.944122
2025-12-06 18:18:03,792 - /home/kantorkristof/git/neurips-polymer/III_Experiment-Traffic-Prediction/GNN/GAT.py[line:232] - INFO: Epoch [101/1000] Train_MAPE: 42.981653% Val_MAPE: 43.602988% | Loss: 42.548003
2025-12-06 18:18:04,317 - /home/kantorkristof/git/neurips-polymer/III_Experiment-Traffic-Prediction/GNN/GAT.py[line:232] - INFO: Epoch [102/1000] Train_MAPE: 42.995573% Val_MAPE: 43.575238% | Loss: 43.319491
2025-12-06 18:18:04,840 - /home/kantorkristof/git/neurips-polymer/III_Experiment-Traffic-Prediction/GNN/GAT.py[line:232] - INFO: Epoch [103/1000] Train_MAPE: 43.099819% Val_MAPE: 44.056720% | Loss: 42.970731
2025-12-06 18:18:05,372 - /home/kantorkristof/git/neurips-polymer/III_Experiment-Traffic-Prediction/GNN/GAT.py[line:232] - INFO: Epoch [104/1000] Train_MAPE: 42.915691% Val_MAPE: 43.980699% | Loss: 44.244091
2025-12-06 18:18:05,901 - /home/kantorkristof/git/neurips-polymer/III_Experiment-Traffic-Prediction/GNN/GAT.py[line:232] - INFO: Epoch [105/1000] Train_MAPE: 43.333617% Val_MAPE: 44.096873% | Loss: 44.222848
2025-12-06 18:18:06,420 - /home/kantorkristof/git/neurips-polymer/III_Experiment-Traffic-Prediction/GNN/GAT.py[line:232] - INFO: Epoch [106/1000] Train_MAPE: 43.197503% Val_MAPE: 43.693764% | Loss: 43.145737
2025-12-06 18:18:06,937 - /home/kantorkristof/git/neurips-polymer/III_Experiment-Traffic-Prediction/GNN/GAT.py[line:232] - INFO: Epoch [107/1000] Train_MAPE: 43.104149% Val_MAPE: 43.893746% | Loss: 42.827909
2025-12-06 18:18:07,455 - /home/kantorkristof/git/neurips-polymer/III_Experiment-Traffic-Prediction/GNN/GAT.py[line:232] - INFO: Epoch [108/1000] Train_MAPE: 42.878522% Val_MAPE: 43.475726% | Loss: 43.455853
2025-12-06 18:18:07,967 - /home/kantorkristof/git/neurips-polymer/III_Experiment-Traffic-Prediction/GNN/GAT.py[line:232] - INFO: Epoch [109/1000] Train_MAPE: 43.085947% Val_MAPE: 42.985920% | Loss: 44.031569
2025-12-06 18:18:07,970 - /home/kantorkristof/git/neurips-polymer/III_Experiment-Traffic-Prediction/GNN/GAT.py[line:242] - INFO: Best model saved at epoch 109 with val_mape 42.985920%
2025-12-06 18:18:08,483 - /home/kantorkristof/git/neurips-polymer/III_Experiment-Traffic-Prediction/GNN/GAT.py[line:232] - INFO: Epoch [110/1000] Train_MAPE: 43.018782% Val_MAPE: 43.085100% | Loss: 43.796956
2025-12-06 18:18:08,998 - /home/kantorkristof/git/neurips-polymer/III_Experiment-Traffic-Prediction/GNN/GAT.py[line:232] - INFO: Epoch [111/1000] Train_MAPE: 42.761490% Val_MAPE: 43.526107% | Loss: 43.998728
2025-12-06 18:18:09,511 - /home/kantorkristof/git/neurips-polymer/III_Experiment-Traffic-Prediction/GNN/GAT.py[line:232] - INFO: Epoch [112/1000] Train_MAPE: 42.607966% Val_MAPE: 43.910920% | Loss: 43.465408
2025-12-06 18:18:10,026 - /home/kantorkristof/git/neurips-polymer/III_Experiment-Traffic-Prediction/GNN/GAT.py[line:232] - INFO: Epoch [113/1000] Train_MAPE: 42.554377% Val_MAPE: 43.527747% | Loss: 43.552957
2025-12-06 18:18:10,540 - /home/kantorkristof/git/neurips-polymer/III_Experiment-Traffic-Prediction/GNN/GAT.py[line:232] - INFO: Epoch [114/1000] Train_MAPE: 42.854462% Val_MAPE: 43.328745% | Loss: 43.151739
2025-12-06 18:18:11,053 - /home/kantorkristof/git/neurips-polymer/III_Experiment-Traffic-Prediction/GNN/GAT.py[line:232] - INFO: Epoch [115/1000] Train_MAPE: 43.228986% Val_MAPE: 44.174201% | Loss: 42.789261
2025-12-06 18:18:11,568 - /home/kantorkristof/git/neurips-polymer/III_Experiment-Traffic-Prediction/GNN/GAT.py[line:232] - INFO: Epoch [116/1000] Train_MAPE: 43.204744% Val_MAPE: 44.064365% | Loss: 42.941267
2025-12-06 18:18:12,086 - /home/kantorkristof/git/neurips-polymer/III_Experiment-Traffic-Prediction/GNN/GAT.py[line:232] - INFO: Epoch [117/1000] Train_MAPE: 43.228573% Val_MAPE: 43.646061% | Loss: 44.615741
2025-12-06 18:18:12,604 - /home/kantorkristof/git/neurips-polymer/III_Experiment-Traffic-Prediction/GNN/GAT.py[line:232] - INFO: Epoch [118/1000] Train_MAPE: 43.177116% Val_MAPE: 43.895473% | Loss: 43.888255
2025-12-06 18:18:13,126 - /home/kantorkristof/git/neurips-polymer/III_Experiment-Traffic-Prediction/GNN/GAT.py[line:232] - INFO: Epoch [119/1000] Train_MAPE: 42.826626% Val_MAPE: 43.620257% | Loss: 43.656956
2025-12-06 18:18:13,647 - /home/kantorkristof/git/neurips-polymer/III_Experiment-Traffic-Prediction/GNN/GAT.py[line:232] - INFO: Epoch [120/1000] Train_MAPE: 42.893311% Val_MAPE: 43.247668% | Loss: 44.290365
2025-12-06 18:18:14,164 - /home/kantorkristof/git/neurips-polymer/III_Experiment-Traffic-Prediction/GNN/GAT.py[line:232] - INFO: Epoch [121/1000] Train_MAPE: 43.214289% Val_MAPE: 42.985047% | Loss: 43.162861
2025-12-06 18:18:14,167 - /home/kantorkristof/git/neurips-polymer/III_Experiment-Traffic-Prediction/GNN/GAT.py[line:242] - INFO: Best model saved at epoch 121 with val_mape 42.985047%
2025-12-06 18:18:14,682 - /home/kantorkristof/git/neurips-polymer/III_Experiment-Traffic-Prediction/GNN/GAT.py[line:232] - INFO: Epoch [122/1000] Train_MAPE: 43.332131% Val_MAPE: 43.137886% | Loss: 42.470929
2025-12-06 18:18:15,193 - /home/kantorkristof/git/neurips-polymer/III_Experiment-Traffic-Prediction/GNN/GAT.py[line:232] - INFO: Epoch [123/1000] Train_MAPE: 43.101243% Val_MAPE: 43.918894% | Loss: 41.268661
2025-12-06 18:18:15,707 - /home/kantorkristof/git/neurips-polymer/III_Experiment-Traffic-Prediction/GNN/GAT.py[line:232] - INFO: Epoch [124/1000] Train_MAPE: 42.921999% Val_MAPE: 44.256070% | Loss: 42.397854
2025-12-06 18:18:16,221 - /home/kantorkristof/git/neurips-polymer/III_Experiment-Traffic-Prediction/GNN/GAT.py[line:232] - INFO: Epoch [125/1000] Train_MAPE: 42.717235% Val_MAPE: 43.747042% | Loss: 43.739870
2025-12-06 18:18:16,737 - /home/kantorkristof/git/neurips-polymer/III_Experiment-Traffic-Prediction/GNN/GAT.py[line:232] - INFO: Epoch [126/1000] Train_MAPE: 43.072397% Val_MAPE: 44.390616% | Loss: 44.311989
2025-12-06 18:18:17,242 - /home/kantorkristof/git/neurips-polymer/III_Experiment-Traffic-Prediction/GNN/GAT.py[line:232] - INFO: Epoch [127/1000] Train_MAPE: 42.960399% Val_MAPE: 44.454673% | Loss: 43.721940
2025-12-06 18:18:17,759 - /home/kantorkristof/git/neurips-polymer/III_Experiment-Traffic-Prediction/GNN/GAT.py[line:232] - INFO: Epoch [128/1000] Train_MAPE: 42.530110% Val_MAPE: 43.789905% | Loss: 43.410272
2025-12-06 18:18:18,281 - /home/kantorkristof/git/neurips-polymer/III_Experiment-Traffic-Prediction/GNN/GAT.py[line:232] - INFO: Epoch [129/1000] Train_MAPE: 42.772694% Val_MAPE: 43.609366% | Loss: 43.361638
2025-12-06 18:18:18,798 - /home/kantorkristof/git/neurips-polymer/III_Experiment-Traffic-Prediction/GNN/GAT.py[line:232] - INFO: Epoch [130/1000] Train_MAPE: 42.544426% Val_MAPE: 43.467326% | Loss: 43.345174
2025-12-06 18:18:19,312 - /home/kantorkristof/git/neurips-polymer/III_Experiment-Traffic-Prediction/GNN/GAT.py[line:232] - INFO: Epoch [131/1000] Train_MAPE: 42.691269% Val_MAPE: 43.223377% | Loss: 42.940175
2025-12-06 18:18:19,828 - /home/kantorkristof/git/neurips-polymer/III_Experiment-Traffic-Prediction/GNN/GAT.py[line:232] - INFO: Epoch [132/1000] Train_MAPE: 43.139853% Val_MAPE: 43.647252% | Loss: 43.283676
2025-12-06 18:18:20,342 - /home/kantorkristof/git/neurips-polymer/III_Experiment-Traffic-Prediction/GNN/GAT.py[line:232] - INFO: Epoch [133/1000] Train_MAPE: 43.056975% Val_MAPE: 44.076697% | Loss: 44.273203
2025-12-06 18:18:20,861 - /home/kantorkristof/git/neurips-polymer/III_Experiment-Traffic-Prediction/GNN/GAT.py[line:232] - INFO: Epoch [134/1000] Train_MAPE: 43.001686% Val_MAPE: 43.571254% | Loss: 42.412005
2025-12-06 18:18:21,379 - /home/kantorkristof/git/neurips-polymer/III_Experiment-Traffic-Prediction/GNN/GAT.py[line:232] - INFO: Epoch [135/1000] Train_MAPE: 43.022258% Val_MAPE: 43.665504% | Loss: 42.808957
2025-12-06 18:18:21,893 - /home/kantorkristof/git/neurips-polymer/III_Experiment-Traffic-Prediction/GNN/GAT.py[line:232] - INFO: Epoch [136/1000] Train_MAPE: 42.596060% Val_MAPE: 43.374281% | Loss: 43.789087
2025-12-06 18:18:22,400 - /home/kantorkristof/git/neurips-polymer/III_Experiment-Traffic-Prediction/GNN/GAT.py[line:232] - INFO: Epoch [137/1000] Train_MAPE: 43.696066% Val_MAPE: 43.829918% | Loss: 43.896641
2025-12-06 18:18:22,914 - /home/kantorkristof/git/neurips-polymer/III_Experiment-Traffic-Prediction/GNN/GAT.py[line:232] - INFO: Epoch [138/1000] Train_MAPE: 43.606761% Val_MAPE: 43.834465% | Loss: 43.627323
2025-12-06 18:18:23,427 - /home/kantorkristof/git/neurips-polymer/III_Experiment-Traffic-Prediction/GNN/GAT.py[line:232] - INFO: Epoch [139/1000] Train_MAPE: 43.044768% Val_MAPE: 43.514659% | Loss: 42.079282
2025-12-06 18:18:23,930 - /home/kantorkristof/git/neurips-polymer/III_Experiment-Traffic-Prediction/GNN/GAT.py[line:232] - INFO: Epoch [140/1000] Train_MAPE: 42.614090% Val_MAPE: 43.573518% | Loss: 43.578111
2025-12-06 18:18:24,432 - /home/kantorkristof/git/neurips-polymer/III_Experiment-Traffic-Prediction/GNN/GAT.py[line:232] - INFO: Epoch [141/1000] Train_MAPE: 42.472789% Val_MAPE: 42.891098% | Loss: 43.096794
2025-12-06 18:18:24,435 - /home/kantorkristof/git/neurips-polymer/III_Experiment-Traffic-Prediction/GNN/GAT.py[line:242] - INFO: Best model saved at epoch 141 with val_mape 42.891098%
2025-12-06 18:18:24,938 - /home/kantorkristof/git/neurips-polymer/III_Experiment-Traffic-Prediction/GNN/GAT.py[line:232] - INFO: Epoch [142/1000] Train_MAPE: 42.496251% Val_MAPE: 43.020119% | Loss: 42.434110
2025-12-06 18:18:25,442 - /home/kantorkristof/git/neurips-polymer/III_Experiment-Traffic-Prediction/GNN/GAT.py[line:232] - INFO: Epoch [143/1000] Train_MAPE: 42.929913% Val_MAPE: 42.920186% | Loss: 42.117368
2025-12-06 18:18:25,942 - /home/kantorkristof/git/neurips-polymer/III_Experiment-Traffic-Prediction/GNN/GAT.py[line:232] - INFO: Epoch [144/1000] Train_MAPE: 43.420125% Val_MAPE: 43.618649% | Loss: 43.463795
2025-12-06 18:18:26,459 - /home/kantorkristof/git/neurips-polymer/III_Experiment-Traffic-Prediction/GNN/GAT.py[line:232] - INFO: Epoch [145/1000] Train_MAPE: 43.263067% Val_MAPE: 43.618622% | Loss: 42.680943
2025-12-06 18:18:26,974 - /home/kantorkristof/git/neurips-polymer/III_Experiment-Traffic-Prediction/GNN/GAT.py[line:232] - INFO: Epoch [146/1000] Train_MAPE: 42.776789% Val_MAPE: 43.340804% | Loss: 43.031790
2025-12-06 18:18:27,490 - /home/kantorkristof/git/neurips-polymer/III_Experiment-Traffic-Prediction/GNN/GAT.py[line:232] - INFO: Epoch [147/1000] Train_MAPE: 43.148247% Val_MAPE: 43.235373% | Loss: 42.357592
2025-12-06 18:18:27,992 - /home/kantorkristof/git/neurips-polymer/III_Experiment-Traffic-Prediction/GNN/GAT.py[line:232] - INFO: Epoch [148/1000] Train_MAPE: 43.304207% Val_MAPE: 43.084017% | Loss: 42.964577
2025-12-06 18:18:28,507 - /home/kantorkristof/git/neurips-polymer/III_Experiment-Traffic-Prediction/GNN/GAT.py[line:232] - INFO: Epoch [149/1000] Train_MAPE: 42.510557% Val_MAPE: 42.669969% | Loss: 43.738327
2025-12-06 18:18:28,509 - /home/kantorkristof/git/neurips-polymer/III_Experiment-Traffic-Prediction/GNN/GAT.py[line:242] - INFO: Best model saved at epoch 149 with val_mape 42.669969%
2025-12-06 18:18:29,021 - /home/kantorkristof/git/neurips-polymer/III_Experiment-Traffic-Prediction/GNN/GAT.py[line:232] - INFO: Epoch [150/1000] Train_MAPE: 42.967582% Val_MAPE: 43.014211% | Loss: 42.807241
2025-12-06 18:18:29,540 - /home/kantorkristof/git/neurips-polymer/III_Experiment-Traffic-Prediction/GNN/GAT.py[line:232] - INFO: Epoch [151/1000] Train_MAPE: 43.816792% Val_MAPE: 43.267014% | Loss: 42.768397
2025-12-06 18:18:30,051 - /home/kantorkristof/git/neurips-polymer/III_Experiment-Traffic-Prediction/GNN/GAT.py[line:232] - INFO: Epoch [152/1000] Train_MAPE: 43.000073% Val_MAPE: 43.608022% | Loss: 43.285488
2025-12-06 18:18:30,583 - /home/kantorkristof/git/neurips-polymer/III_Experiment-Traffic-Prediction/GNN/GAT.py[line:232] - INFO: Epoch [153/1000] Train_MAPE: 42.808666% Val_MAPE: 44.914454% | Loss: 43.915800
2025-12-06 18:18:31,088 - /home/kantorkristof/git/neurips-polymer/III_Experiment-Traffic-Prediction/GNN/GAT.py[line:232] - INFO: Epoch [154/1000] Train_MAPE: 42.808014% Val_MAPE: 44.815594% | Loss: 41.664154
2025-12-06 18:18:31,598 - /home/kantorkristof/git/neurips-polymer/III_Experiment-Traffic-Prediction/GNN/GAT.py[line:232] - INFO: Epoch [155/1000] Train_MAPE: 43.036805% Val_MAPE: 43.952744% | Loss: 43.032816
2025-12-06 18:18:32,104 - /home/kantorkristof/git/neurips-polymer/III_Experiment-Traffic-Prediction/GNN/GAT.py[line:232] - INFO: Epoch [156/1000] Train_MAPE: 42.904376% Val_MAPE: 43.398455% | Loss: 42.722430
2025-12-06 18:18:32,611 - /home/kantorkristof/git/neurips-polymer/III_Experiment-Traffic-Prediction/GNN/GAT.py[line:232] - INFO: Epoch [157/1000] Train_MAPE: 42.929243% Val_MAPE: 43.571403% | Loss: 44.513531
2025-12-06 18:18:33,131 - /home/kantorkristof/git/neurips-polymer/III_Experiment-Traffic-Prediction/GNN/GAT.py[line:232] - INFO: Epoch [158/1000] Train_MAPE: 43.365169% Val_MAPE: 43.416599% | Loss: 43.691586
2025-12-06 18:18:33,656 - /home/kantorkristof/git/neurips-polymer/III_Experiment-Traffic-Prediction/GNN/GAT.py[line:232] - INFO: Epoch [159/1000] Train_MAPE: 42.851414% Val_MAPE: 42.860503% | Loss: 43.672429
2025-12-06 18:18:34,202 - /home/kantorkristof/git/neurips-polymer/III_Experiment-Traffic-Prediction/GNN/GAT.py[line:232] - INFO: Epoch [160/1000] Train_MAPE: 43.129649% Val_MAPE: 43.340398% | Loss: 43.875515
2025-12-06 18:18:34,730 - /home/kantorkristof/git/neurips-polymer/III_Experiment-Traffic-Prediction/GNN/GAT.py[line:232] - INFO: Epoch [161/1000] Train_MAPE: 42.919546% Val_MAPE: 43.148448% | Loss: 44.036858
2025-12-06 18:18:35,262 - /home/kantorkristof/git/neurips-polymer/III_Experiment-Traffic-Prediction/GNN/GAT.py[line:232] - INFO: Epoch [162/1000] Train_MAPE: 43.107714% Val_MAPE: 42.719358% | Loss: 43.738528
2025-12-06 18:18:35,785 - /home/kantorkristof/git/neurips-polymer/III_Experiment-Traffic-Prediction/GNN/GAT.py[line:232] - INFO: Epoch [163/1000] Train_MAPE: 43.647837% Val_MAPE: 42.962360% | Loss: 42.431215
2025-12-06 18:18:36,313 - /home/kantorkristof/git/neurips-polymer/III_Experiment-Traffic-Prediction/GNN/GAT.py[line:232] - INFO: Epoch [164/1000] Train_MAPE: 42.825006% Val_MAPE: 42.954532% | Loss: 42.997094
2025-12-06 18:18:36,836 - /home/kantorkristof/git/neurips-polymer/III_Experiment-Traffic-Prediction/GNN/GAT.py[line:232] - INFO: Epoch [165/1000] Train_MAPE: 42.499575% Val_MAPE: 43.146407% | Loss: 44.192775
2025-12-06 18:18:37,357 - /home/kantorkristof/git/neurips-polymer/III_Experiment-Traffic-Prediction/GNN/GAT.py[line:232] - INFO: Epoch [166/1000] Train_MAPE: 42.605725% Val_MAPE: 42.843412% | Loss: 42.403310
2025-12-06 18:18:37,884 - /home/kantorkristof/git/neurips-polymer/III_Experiment-Traffic-Prediction/GNN/GAT.py[line:232] - INFO: Epoch [167/1000] Train_MAPE: 42.889148% Val_MAPE: 42.980614% | Loss: 42.714269
2025-12-06 18:18:38,405 - /home/kantorkristof/git/neurips-polymer/III_Experiment-Traffic-Prediction/GNN/GAT.py[line:232] - INFO: Epoch [168/1000] Train_MAPE: 43.488781% Val_MAPE: 43.450819% | Loss: 43.043789
2025-12-06 18:18:38,926 - /home/kantorkristof/git/neurips-polymer/III_Experiment-Traffic-Prediction/GNN/GAT.py[line:232] - INFO: Epoch [169/1000] Train_MAPE: 43.241465% Val_MAPE: 43.641814% | Loss: 42.633597
2025-12-06 18:18:39,441 - /home/kantorkristof/git/neurips-polymer/III_Experiment-Traffic-Prediction/GNN/GAT.py[line:232] - INFO: Epoch [170/1000] Train_MAPE: 43.197621% Val_MAPE: 43.228329% | Loss: 43.442708
2025-12-06 18:18:39,968 - /home/kantorkristof/git/neurips-polymer/III_Experiment-Traffic-Prediction/GNN/GAT.py[line:232] - INFO: Epoch [171/1000] Train_MAPE: 43.540122% Val_MAPE: 43.583218% | Loss: 40.716331
2025-12-06 18:18:40,490 - /home/kantorkristof/git/neurips-polymer/III_Experiment-Traffic-Prediction/GNN/GAT.py[line:232] - INFO: Epoch [172/1000] Train_MAPE: 43.760373% Val_MAPE: 43.762129% | Loss: 43.489395
2025-12-06 18:18:41,012 - /home/kantorkristof/git/neurips-polymer/III_Experiment-Traffic-Prediction/GNN/GAT.py[line:232] - INFO: Epoch [173/1000] Train_MAPE: 43.854850% Val_MAPE: 43.903642% | Loss: 43.939274
2025-12-06 18:18:41,535 - /home/kantorkristof/git/neurips-polymer/III_Experiment-Traffic-Prediction/GNN/GAT.py[line:232] - INFO: Epoch [174/1000] Train_MAPE: 42.992371% Val_MAPE: 43.662318% | Loss: 42.530793
2025-12-06 18:18:42,060 - /home/kantorkristof/git/neurips-polymer/III_Experiment-Traffic-Prediction/GNN/GAT.py[line:232] - INFO: Epoch [175/1000] Train_MAPE: 42.822415% Val_MAPE: 43.808681% | Loss: 43.111399
2025-12-06 18:18:42,578 - /home/kantorkristof/git/neurips-polymer/III_Experiment-Traffic-Prediction/GNN/GAT.py[line:232] - INFO: Epoch [176/1000] Train_MAPE: 43.513893% Val_MAPE: 43.418604% | Loss: 42.645552
2025-12-06 18:18:43,101 - /home/kantorkristof/git/neurips-polymer/III_Experiment-Traffic-Prediction/GNN/GAT.py[line:232] - INFO: Epoch [177/1000] Train_MAPE: 43.407471% Val_MAPE: 43.633489% | Loss: 42.638626
2025-12-06 18:18:43,625 - /home/kantorkristof/git/neurips-polymer/III_Experiment-Traffic-Prediction/GNN/GAT.py[line:232] - INFO: Epoch [178/1000] Train_MAPE: 43.022687% Val_MAPE: 43.281717% | Loss: 42.783464
2025-12-06 18:18:44,163 - /home/kantorkristof/git/neurips-polymer/III_Experiment-Traffic-Prediction/GNN/GAT.py[line:232] - INFO: Epoch [179/1000] Train_MAPE: 42.504500% Val_MAPE: 42.933057% | Loss: 42.149363
2025-12-06 18:18:44,686 - /home/kantorkristof/git/neurips-polymer/III_Experiment-Traffic-Prediction/GNN/GAT.py[line:232] - INFO: Epoch [180/1000] Train_MAPE: 42.396769% Val_MAPE: 43.236329% | Loss: 43.283932
2025-12-06 18:18:45,233 - /home/kantorkristof/git/neurips-polymer/III_Experiment-Traffic-Prediction/GNN/GAT.py[line:232] - INFO: Epoch [181/1000] Train_MAPE: 43.355025% Val_MAPE: 43.210936% | Loss: 43.294263
2025-12-06 18:18:45,784 - /home/kantorkristof/git/neurips-polymer/III_Experiment-Traffic-Prediction/GNN/GAT.py[line:232] - INFO: Epoch [182/1000] Train_MAPE: 42.709613% Val_MAPE: 43.970448% | Loss: 43.639575
2025-12-06 18:18:46,307 - /home/kantorkristof/git/neurips-polymer/III_Experiment-Traffic-Prediction/GNN/GAT.py[line:232] - INFO: Epoch [183/1000] Train_MAPE: 42.677503% Val_MAPE: 44.255464% | Loss: 44.493738
2025-12-06 18:18:46,824 - /home/kantorkristof/git/neurips-polymer/III_Experiment-Traffic-Prediction/GNN/GAT.py[line:232] - INFO: Epoch [184/1000] Train_MAPE: 42.665139% Val_MAPE: 42.889214% | Loss: 42.112238
2025-12-06 18:18:47,346 - /home/kantorkristof/git/neurips-polymer/III_Experiment-Traffic-Prediction/GNN/GAT.py[line:232] - INFO: Epoch [185/1000] Train_MAPE: 42.609327% Val_MAPE: 42.846629% | Loss: 42.470961
2025-12-06 18:18:47,869 - /home/kantorkristof/git/neurips-polymer/III_Experiment-Traffic-Prediction/GNN/GAT.py[line:232] - INFO: Epoch [186/1000] Train_MAPE: 42.764218% Val_MAPE: 43.187438% | Loss: 43.568241
2025-12-06 18:18:48,386 - /home/kantorkristof/git/neurips-polymer/III_Experiment-Traffic-Prediction/GNN/GAT.py[line:232] - INFO: Epoch [187/1000] Train_MAPE: 43.327307% Val_MAPE: 43.029778% | Loss: 43.405237
2025-12-06 18:18:48,901 - /home/kantorkristof/git/neurips-polymer/III_Experiment-Traffic-Prediction/GNN/GAT.py[line:232] - INFO: Epoch [188/1000] Train_MAPE: 44.086597% Val_MAPE: 43.859916% | Loss: 42.605870
2025-12-06 18:18:49,413 - /home/kantorkristof/git/neurips-polymer/III_Experiment-Traffic-Prediction/GNN/GAT.py[line:232] - INFO: Epoch [189/1000] Train_MAPE: 43.993143% Val_MAPE: 44.098257% | Loss: 42.739531
2025-12-06 18:18:49,920 - /home/kantorkristof/git/neurips-polymer/III_Experiment-Traffic-Prediction/GNN/GAT.py[line:232] - INFO: Epoch [190/1000] Train_MAPE: 43.528995% Val_MAPE: 44.236166% | Loss: 42.946911
2025-12-06 18:18:50,421 - /home/kantorkristof/git/neurips-polymer/III_Experiment-Traffic-Prediction/GNN/GAT.py[line:232] - INFO: Epoch [191/1000] Train_MAPE: 42.987870% Val_MAPE: 43.761988% | Loss: 41.986343
2025-12-06 18:18:50,922 - /home/kantorkristof/git/neurips-polymer/III_Experiment-Traffic-Prediction/GNN/GAT.py[line:232] - INFO: Epoch [192/1000] Train_MAPE: 42.887160% Val_MAPE: 43.608232% | Loss: 41.595255
2025-12-06 18:18:51,427 - /home/kantorkristof/git/neurips-polymer/III_Experiment-Traffic-Prediction/GNN/GAT.py[line:232] - INFO: Epoch [193/1000] Train_MAPE: 42.755777% Val_MAPE: 43.461600% | Loss: 43.089517
2025-12-06 18:18:51,939 - /home/kantorkristof/git/neurips-polymer/III_Experiment-Traffic-Prediction/GNN/GAT.py[line:232] - INFO: Epoch [194/1000] Train_MAPE: 42.978974% Val_MAPE: 43.236539% | Loss: 43.355119
2025-12-06 18:18:52,450 - /home/kantorkristof/git/neurips-polymer/III_Experiment-Traffic-Prediction/GNN/GAT.py[line:232] - INFO: Epoch [195/1000] Train_MAPE: 43.057421% Val_MAPE: 43.159187% | Loss: 42.653224
2025-12-06 18:18:52,957 - /home/kantorkristof/git/neurips-polymer/III_Experiment-Traffic-Prediction/GNN/GAT.py[line:232] - INFO: Epoch [196/1000] Train_MAPE: 42.509659% Val_MAPE: 43.032832% | Loss: 42.282126
2025-12-06 18:18:53,463 - /home/kantorkristof/git/neurips-polymer/III_Experiment-Traffic-Prediction/GNN/GAT.py[line:232] - INFO: Epoch [197/1000] Train_MAPE: 42.704092% Val_MAPE: 43.233788% | Loss: 43.306634
2025-12-06 18:18:53,977 - /home/kantorkristof/git/neurips-polymer/III_Experiment-Traffic-Prediction/GNN/GAT.py[line:232] - INFO: Epoch [198/1000] Train_MAPE: 42.992421% Val_MAPE: 43.191576% | Loss: 44.090991
2025-12-06 18:18:54,484 - /home/kantorkristof/git/neurips-polymer/III_Experiment-Traffic-Prediction/GNN/GAT.py[line:232] - INFO: Epoch [199/1000] Train_MAPE: 44.007325% Val_MAPE: 43.251308% | Loss: 43.144627
2025-12-06 18:18:54,986 - /home/kantorkristof/git/neurips-polymer/III_Experiment-Traffic-Prediction/GNN/GAT.py[line:232] - INFO: Epoch [200/1000] Train_MAPE: 43.630797% Val_MAPE: 43.455074% | Loss: 41.850929
2025-12-06 18:18:55,492 - /home/kantorkristof/git/neurips-polymer/III_Experiment-Traffic-Prediction/GNN/GAT.py[line:232] - INFO: Epoch [201/1000] Train_MAPE: 43.121391% Val_MAPE: 42.967968% | Loss: 42.936783
2025-12-06 18:18:55,990 - /home/kantorkristof/git/neurips-polymer/III_Experiment-Traffic-Prediction/GNN/GAT.py[line:232] - INFO: Epoch [202/1000] Train_MAPE: 42.876167% Val_MAPE: 43.410159% | Loss: 43.965269
2025-12-06 18:18:56,496 - /home/kantorkristof/git/neurips-polymer/III_Experiment-Traffic-Prediction/GNN/GAT.py[line:232] - INFO: Epoch [203/1000] Train_MAPE: 43.038943% Val_MAPE: 43.292172% | Loss: 43.928921
2025-12-06 18:18:57,015 - /home/kantorkristof/git/neurips-polymer/III_Experiment-Traffic-Prediction/GNN/GAT.py[line:232] - INFO: Epoch [204/1000] Train_MAPE: 42.737542% Val_MAPE: 42.602715% | Loss: 42.198619
2025-12-06 18:18:57,018 - /home/kantorkristof/git/neurips-polymer/III_Experiment-Traffic-Prediction/GNN/GAT.py[line:242] - INFO: Best model saved at epoch 204 with val_mape 42.602715%
2025-12-06 18:18:57,525 - /home/kantorkristof/git/neurips-polymer/III_Experiment-Traffic-Prediction/GNN/GAT.py[line:232] - INFO: Epoch [205/1000] Train_MAPE: 42.713778% Val_MAPE: 42.447864% | Loss: 43.262538
2025-12-06 18:18:57,528 - /home/kantorkristof/git/neurips-polymer/III_Experiment-Traffic-Prediction/GNN/GAT.py[line:242] - INFO: Best model saved at epoch 205 with val_mape 42.447864%
2025-12-06 18:18:58,030 - /home/kantorkristof/git/neurips-polymer/III_Experiment-Traffic-Prediction/GNN/GAT.py[line:232] - INFO: Epoch [206/1000] Train_MAPE: 43.132557% Val_MAPE: 43.596822% | Loss: 42.869890
2025-12-06 18:18:58,551 - /home/kantorkristof/git/neurips-polymer/III_Experiment-Traffic-Prediction/GNN/GAT.py[line:232] - INFO: Epoch [207/1000] Train_MAPE: 43.590009% Val_MAPE: 43.597023% | Loss: 42.330229
2025-12-06 18:18:59,097 - /home/kantorkristof/git/neurips-polymer/III_Experiment-Traffic-Prediction/GNN/GAT.py[line:232] - INFO: Epoch [208/1000] Train_MAPE: 43.285324% Val_MAPE: 43.452182% | Loss: 41.535110
2025-12-06 18:18:59,641 - /home/kantorkristof/git/neurips-polymer/III_Experiment-Traffic-Prediction/GNN/GAT.py[line:232] - INFO: Epoch [209/1000] Train_MAPE: 43.161988% Val_MAPE: 43.015275% | Loss: 42.731719
2025-12-06 18:19:00,154 - /home/kantorkristof/git/neurips-polymer/III_Experiment-Traffic-Prediction/GNN/GAT.py[line:232] - INFO: Epoch [210/1000] Train_MAPE: 42.514616% Val_MAPE: 41.896205% | Loss: 42.482593
2025-12-06 18:19:00,157 - /home/kantorkristof/git/neurips-polymer/III_Experiment-Traffic-Prediction/GNN/GAT.py[line:242] - INFO: Best model saved at epoch 210 with val_mape 41.896205%
2025-12-06 18:19:00,677 - /home/kantorkristof/git/neurips-polymer/III_Experiment-Traffic-Prediction/GNN/GAT.py[line:232] - INFO: Epoch [211/1000] Train_MAPE: 42.216566% Val_MAPE: 42.349156% | Loss: 42.692152
2025-12-06 18:19:01,194 - /home/kantorkristof/git/neurips-polymer/III_Experiment-Traffic-Prediction/GNN/GAT.py[line:232] - INFO: Epoch [212/1000] Train_MAPE: 42.814704% Val_MAPE: 43.304895% | Loss: 41.166525
2025-12-06 18:19:01,713 - /home/kantorkristof/git/neurips-polymer/III_Experiment-Traffic-Prediction/GNN/GAT.py[line:232] - INFO: Epoch [213/1000] Train_MAPE: 43.229498% Val_MAPE: 43.409892% | Loss: 43.869917
2025-12-06 18:19:02,229 - /home/kantorkristof/git/neurips-polymer/III_Experiment-Traffic-Prediction/GNN/GAT.py[line:232] - INFO: Epoch [214/1000] Train_MAPE: 43.111597% Val_MAPE: 43.200090% | Loss: 43.467161
2025-12-06 18:19:02,743 - /home/kantorkristof/git/neurips-polymer/III_Experiment-Traffic-Prediction/GNN/GAT.py[line:232] - INFO: Epoch [215/1000] Train_MAPE: 42.892090% Val_MAPE: 43.099246% | Loss: 41.818827
2025-12-06 18:19:03,261 - /home/kantorkristof/git/neurips-polymer/III_Experiment-Traffic-Prediction/GNN/GAT.py[line:232] - INFO: Epoch [216/1000] Train_MAPE: 42.566342% Val_MAPE: 42.625849% | Loss: 42.531789
2025-12-06 18:19:03,786 - /home/kantorkristof/git/neurips-polymer/III_Experiment-Traffic-Prediction/GNN/GAT.py[line:232] - INFO: Epoch [217/1000] Train_MAPE: 42.709259% Val_MAPE: 42.876717% | Loss: 42.987337
2025-12-06 18:19:04,301 - /home/kantorkristof/git/neurips-polymer/III_Experiment-Traffic-Prediction/GNN/GAT.py[line:232] - INFO: Epoch [218/1000] Train_MAPE: 43.070569% Val_MAPE: 43.019530% | Loss: 43.921710
2025-12-06 18:19:04,819 - /home/kantorkristof/git/neurips-polymer/III_Experiment-Traffic-Prediction/GNN/GAT.py[line:232] - INFO: Epoch [219/1000] Train_MAPE: 42.929920% Val_MAPE: 42.713350% | Loss: 43.428265
2025-12-06 18:19:05,334 - /home/kantorkristof/git/neurips-polymer/III_Experiment-Traffic-Prediction/GNN/GAT.py[line:232] - INFO: Epoch [220/1000] Train_MAPE: 42.800365% Val_MAPE: 42.875327% | Loss: 42.551646
2025-12-06 18:19:05,847 - /home/kantorkristof/git/neurips-polymer/III_Experiment-Traffic-Prediction/GNN/GAT.py[line:232] - INFO: Epoch [221/1000] Train_MAPE: 42.557644% Val_MAPE: 42.557702% | Loss: 43.186952
2025-12-06 18:19:06,349 - /home/kantorkristof/git/neurips-polymer/III_Experiment-Traffic-Prediction/GNN/GAT.py[line:232] - INFO: Epoch [222/1000] Train_MAPE: 43.075846% Val_MAPE: 42.856141% | Loss: 42.466491
2025-12-06 18:19:06,850 - /home/kantorkristof/git/neurips-polymer/III_Experiment-Traffic-Prediction/GNN/GAT.py[line:232] - INFO: Epoch [223/1000] Train_MAPE: 42.469081% Val_MAPE: 42.911322% | Loss: 43.507806
2025-12-06 18:19:07,349 - /home/kantorkristof/git/neurips-polymer/III_Experiment-Traffic-Prediction/GNN/GAT.py[line:232] - INFO: Epoch [224/1000] Train_MAPE: 42.522541% Val_MAPE: 42.726703% | Loss: 41.480237
2025-12-06 18:19:07,849 - /home/kantorkristof/git/neurips-polymer/III_Experiment-Traffic-Prediction/GNN/GAT.py[line:232] - INFO: Epoch [225/1000] Train_MAPE: 42.755694% Val_MAPE: 42.468359% | Loss: 42.533426
2025-12-06 18:19:08,363 - /home/kantorkristof/git/neurips-polymer/III_Experiment-Traffic-Prediction/GNN/GAT.py[line:232] - INFO: Epoch [226/1000] Train_MAPE: 43.272300% Val_MAPE: 42.577822% | Loss: 41.181534
2025-12-06 18:19:08,873 - /home/kantorkristof/git/neurips-polymer/III_Experiment-Traffic-Prediction/GNN/GAT.py[line:232] - INFO: Epoch [227/1000] Train_MAPE: 43.525738% Val_MAPE: 43.196229% | Loss: 43.944145
2025-12-06 18:19:09,386 - /home/kantorkristof/git/neurips-polymer/III_Experiment-Traffic-Prediction/GNN/GAT.py[line:232] - INFO: Epoch [228/1000] Train_MAPE: 42.552125% Val_MAPE: 42.811382% | Loss: 42.533973
2025-12-06 18:19:09,968 - /home/kantorkristof/git/neurips-polymer/III_Experiment-Traffic-Prediction/GNN/GAT.py[line:232] - INFO: Epoch [229/1000] Train_MAPE: 42.494890% Val_MAPE: 42.820264% | Loss: 42.528131
2025-12-06 18:19:10,533 - /home/kantorkristof/git/neurips-polymer/III_Experiment-Traffic-Prediction/GNN/GAT.py[line:232] - INFO: Epoch [230/1000] Train_MAPE: 42.260728% Val_MAPE: 42.301231% | Loss: 42.544274
2025-12-06 18:19:11,083 - /home/kantorkristof/git/neurips-polymer/III_Experiment-Traffic-Prediction/GNN/GAT.py[line:232] - INFO: Epoch [231/1000] Train_MAPE: 42.296267% Val_MAPE: 42.026882% | Loss: 42.026608
2025-12-06 18:19:11,625 - /home/kantorkristof/git/neurips-polymer/III_Experiment-Traffic-Prediction/GNN/GAT.py[line:232] - INFO: Epoch [232/1000] Train_MAPE: 42.818840% Val_MAPE: 42.262030% | Loss: 42.304192
2025-12-06 18:19:12,169 - /home/kantorkristof/git/neurips-polymer/III_Experiment-Traffic-Prediction/GNN/GAT.py[line:232] - INFO: Epoch [233/1000] Train_MAPE: 42.795077% Val_MAPE: 42.689870% | Loss: 43.047939
2025-12-06 18:19:12,707 - /home/kantorkristof/git/neurips-polymer/III_Experiment-Traffic-Prediction/GNN/GAT.py[line:232] - INFO: Epoch [234/1000] Train_MAPE: 42.795962% Val_MAPE: 42.869416% | Loss: 42.101253
2025-12-06 18:19:13,245 - /home/kantorkristof/git/neurips-polymer/III_Experiment-Traffic-Prediction/GNN/GAT.py[line:232] - INFO: Epoch [235/1000] Train_MAPE: 42.889275% Val_MAPE: 42.907169% | Loss: 43.052883
2025-12-06 18:19:13,779 - /home/kantorkristof/git/neurips-polymer/III_Experiment-Traffic-Prediction/GNN/GAT.py[line:232] - INFO: Epoch [236/1000] Train_MAPE: 43.160148% Val_MAPE: 43.026308% | Loss: 40.917718
2025-12-06 18:19:14,322 - /home/kantorkristof/git/neurips-polymer/III_Experiment-Traffic-Prediction/GNN/GAT.py[line:232] - INFO: Epoch [237/1000] Train_MAPE: 43.697482% Val_MAPE: 43.558315% | Loss: 43.082089
2025-12-06 18:19:14,861 - /home/kantorkristof/git/neurips-polymer/III_Experiment-Traffic-Prediction/GNN/GAT.py[line:232] - INFO: Epoch [238/1000] Train_MAPE: 43.833423% Val_MAPE: 43.300682% | Loss: 43.617372
2025-12-06 18:19:15,397 - /home/kantorkristof/git/neurips-polymer/III_Experiment-Traffic-Prediction/GNN/GAT.py[line:232] - INFO: Epoch [239/1000] Train_MAPE: 43.118154% Val_MAPE: 42.703813% | Loss: 41.811152
2025-12-06 18:19:15,925 - /home/kantorkristof/git/neurips-polymer/III_Experiment-Traffic-Prediction/GNN/GAT.py[line:232] - INFO: Epoch [240/1000] Train_MAPE: 42.358711% Val_MAPE: 42.328594% | Loss: 42.735925
2025-12-06 18:19:16,449 - /home/kantorkristof/git/neurips-polymer/III_Experiment-Traffic-Prediction/GNN/GAT.py[line:232] - INFO: Epoch [241/1000] Train_MAPE: 42.687791% Val_MAPE: 43.225489% | Loss: 41.018746
2025-12-06 18:19:16,958 - /home/kantorkristof/git/neurips-polymer/III_Experiment-Traffic-Prediction/GNN/GAT.py[line:232] - INFO: Epoch [242/1000] Train_MAPE: 42.602378% Val_MAPE: 42.631940% | Loss: 42.380972
2025-12-06 18:19:17,467 - /home/kantorkristof/git/neurips-polymer/III_Experiment-Traffic-Prediction/GNN/GAT.py[line:232] - INFO: Epoch [243/1000] Train_MAPE: 42.056249% Val_MAPE: 42.283137% | Loss: 42.317023
2025-12-06 18:19:17,995 - /home/kantorkristof/git/neurips-polymer/III_Experiment-Traffic-Prediction/GNN/GAT.py[line:232] - INFO: Epoch [244/1000] Train_MAPE: 42.563554% Val_MAPE: 42.393784% | Loss: 41.461595
2025-12-06 18:19:18,513 - /home/kantorkristof/git/neurips-polymer/III_Experiment-Traffic-Prediction/GNN/GAT.py[line:232] - INFO: Epoch [245/1000] Train_MAPE: 42.551346% Val_MAPE: 42.415554% | Loss: 41.876931
2025-12-06 18:19:19,028 - /home/kantorkristof/git/neurips-polymer/III_Experiment-Traffic-Prediction/GNN/GAT.py[line:232] - INFO: Epoch [246/1000] Train_MAPE: 42.862956% Val_MAPE: 42.952634% | Loss: 42.018389
2025-12-06 18:19:19,564 - /home/kantorkristof/git/neurips-polymer/III_Experiment-Traffic-Prediction/GNN/GAT.py[line:232] - INFO: Epoch [247/1000] Train_MAPE: 43.396043% Val_MAPE: 43.291097% | Loss: 42.743114
2025-12-06 18:19:20,091 - /home/kantorkristof/git/neurips-polymer/III_Experiment-Traffic-Prediction/GNN/GAT.py[line:232] - INFO: Epoch [248/1000] Train_MAPE: 43.396526% Val_MAPE: 43.346635% | Loss: 40.750134
2025-12-06 18:19:20,617 - /home/kantorkristof/git/neurips-polymer/III_Experiment-Traffic-Prediction/GNN/GAT.py[line:232] - INFO: Epoch [249/1000] Train_MAPE: 43.133250% Val_MAPE: 42.704642% | Loss: 42.936450
2025-12-06 18:19:21,124 - /home/kantorkristof/git/neurips-polymer/III_Experiment-Traffic-Prediction/GNN/GAT.py[line:232] - INFO: Epoch [250/1000] Train_MAPE: 42.227707% Val_MAPE: 42.132349% | Loss: 43.283260
2025-12-06 18:19:21,632 - /home/kantorkristof/git/neurips-polymer/III_Experiment-Traffic-Prediction/GNN/GAT.py[line:232] - INFO: Epoch [251/1000] Train_MAPE: 42.631413% Val_MAPE: 42.587569% | Loss: 43.591792
2025-12-06 18:19:22,161 - /home/kantorkristof/git/neurips-polymer/III_Experiment-Traffic-Prediction/GNN/GAT.py[line:232] - INFO: Epoch [252/1000] Train_MAPE: 42.716423% Val_MAPE: 42.603745% | Loss: 41.736264
2025-12-06 18:19:22,686 - /home/kantorkristof/git/neurips-polymer/III_Experiment-Traffic-Prediction/GNN/GAT.py[line:232] - INFO: Epoch [253/1000] Train_MAPE: 42.299642% Val_MAPE: 42.872117% | Loss: 42.757379
2025-12-06 18:19:23,226 - /home/kantorkristof/git/neurips-polymer/III_Experiment-Traffic-Prediction/GNN/GAT.py[line:232] - INFO: Epoch [254/1000] Train_MAPE: 42.798903% Val_MAPE: 42.982433% | Loss: 42.762990
2025-12-06 18:19:23,753 - /home/kantorkristof/git/neurips-polymer/III_Experiment-Traffic-Prediction/GNN/GAT.py[line:232] - INFO: Epoch [255/1000] Train_MAPE: 42.546789% Val_MAPE: 42.860360% | Loss: 44.899199
2025-12-06 18:19:24,282 - /home/kantorkristof/git/neurips-polymer/III_Experiment-Traffic-Prediction/GNN/GAT.py[line:232] - INFO: Epoch [256/1000] Train_MAPE: 42.166269% Val_MAPE: 41.607391% | Loss: 42.269351
2025-12-06 18:19:24,285 - /home/kantorkristof/git/neurips-polymer/III_Experiment-Traffic-Prediction/GNN/GAT.py[line:242] - INFO: Best model saved at epoch 256 with val_mape 41.607391%
2025-12-06 18:19:24,814 - /home/kantorkristof/git/neurips-polymer/III_Experiment-Traffic-Prediction/GNN/GAT.py[line:232] - INFO: Epoch [257/1000] Train_MAPE: 42.213745% Val_MAPE: 42.132986% | Loss: 43.303970
2025-12-06 18:19:25,332 - /home/kantorkristof/git/neurips-polymer/III_Experiment-Traffic-Prediction/GNN/GAT.py[line:232] - INFO: Epoch [258/1000] Train_MAPE: 42.834630% Val_MAPE: 42.440749% | Loss: 41.634717
2025-12-06 18:19:25,842 - /home/kantorkristof/git/neurips-polymer/III_Experiment-Traffic-Prediction/GNN/GAT.py[line:232] - INFO: Epoch [259/1000] Train_MAPE: 42.300608% Val_MAPE: 42.089492% | Loss: 42.288682
2025-12-06 18:19:26,365 - /home/kantorkristof/git/neurips-polymer/III_Experiment-Traffic-Prediction/GNN/GAT.py[line:232] - INFO: Epoch [260/1000] Train_MAPE: 42.992392% Val_MAPE: 42.934262% | Loss: 42.943399
2025-12-06 18:19:26,879 - /home/kantorkristof/git/neurips-polymer/III_Experiment-Traffic-Prediction/GNN/GAT.py[line:232] - INFO: Epoch [261/1000] Train_MAPE: 42.788570% Val_MAPE: 42.724413% | Loss: 42.849714
2025-12-06 18:19:27,395 - /home/kantorkristof/git/neurips-polymer/III_Experiment-Traffic-Prediction/GNN/GAT.py[line:232] - INFO: Epoch [262/1000] Train_MAPE: 42.397838% Val_MAPE: 42.234860% | Loss: 44.087720
2025-12-06 18:19:27,905 - /home/kantorkristof/git/neurips-polymer/III_Experiment-Traffic-Prediction/GNN/GAT.py[line:232] - INFO: Epoch [263/1000] Train_MAPE: 42.975825% Val_MAPE: 42.284280% | Loss: 42.440391
2025-12-06 18:19:28,412 - /home/kantorkristof/git/neurips-polymer/III_Experiment-Traffic-Prediction/GNN/GAT.py[line:232] - INFO: Epoch [264/1000] Train_MAPE: 42.566808% Val_MAPE: 41.981823% | Loss: 42.688628
2025-12-06 18:19:28,926 - /home/kantorkristof/git/neurips-polymer/III_Experiment-Traffic-Prediction/GNN/GAT.py[line:232] - INFO: Epoch [265/1000] Train_MAPE: 42.864822% Val_MAPE: 42.221558% | Loss: 42.096444
2025-12-06 18:19:29,430 - /home/kantorkristof/git/neurips-polymer/III_Experiment-Traffic-Prediction/GNN/GAT.py[line:232] - INFO: Epoch [266/1000] Train_MAPE: 43.736508% Val_MAPE: 43.245494% | Loss: 42.326138
2025-12-06 18:19:29,948 - /home/kantorkristof/git/neurips-polymer/III_Experiment-Traffic-Prediction/GNN/GAT.py[line:232] - INFO: Epoch [267/1000] Train_MAPE: 42.485047% Val_MAPE: 43.615845% | Loss: 42.993400
2025-12-06 18:19:30,463 - /home/kantorkristof/git/neurips-polymer/III_Experiment-Traffic-Prediction/GNN/GAT.py[line:232] - INFO: Epoch [268/1000] Train_MAPE: 42.307230% Val_MAPE: 44.071260% | Loss: 43.491466
2025-12-06 18:19:30,982 - /home/kantorkristof/git/neurips-polymer/III_Experiment-Traffic-Prediction/GNN/GAT.py[line:232] - INFO: Epoch [269/1000] Train_MAPE: 42.671568% Val_MAPE: 43.318750% | Loss: 41.595452
2025-12-06 18:19:31,495 - /home/kantorkristof/git/neurips-polymer/III_Experiment-Traffic-Prediction/GNN/GAT.py[line:232] - INFO: Epoch [270/1000] Train_MAPE: 42.188665% Val_MAPE: 42.750859% | Loss: 41.861044
2025-12-06 18:19:32,013 - /home/kantorkristof/git/neurips-polymer/III_Experiment-Traffic-Prediction/GNN/GAT.py[line:232] - INFO: Epoch [271/1000] Train_MAPE: 41.841717% Val_MAPE: 42.457272% | Loss: 42.340840
2025-12-06 18:19:32,540 - /home/kantorkristof/git/neurips-polymer/III_Experiment-Traffic-Prediction/GNN/GAT.py[line:232] - INFO: Epoch [272/1000] Train_MAPE: 42.052007% Val_MAPE: 42.129160% | Loss: 41.953679
2025-12-06 18:19:33,060 - /home/kantorkristof/git/neurips-polymer/III_Experiment-Traffic-Prediction/GNN/GAT.py[line:232] - INFO: Epoch [273/1000] Train_MAPE: 42.875230% Val_MAPE: 42.649303% | Loss: 43.353906
2025-12-06 18:19:33,582 - /home/kantorkristof/git/neurips-polymer/III_Experiment-Traffic-Prediction/GNN/GAT.py[line:232] - INFO: Epoch [274/1000] Train_MAPE: 43.711930% Val_MAPE: 43.154583% | Loss: 41.383584
2025-12-06 18:19:34,107 - /home/kantorkristof/git/neurips-polymer/III_Experiment-Traffic-Prediction/GNN/GAT.py[line:232] - INFO: Epoch [275/1000] Train_MAPE: 42.419941% Val_MAPE: 43.119500% | Loss: 42.729891
2025-12-06 18:19:34,637 - /home/kantorkristof/git/neurips-polymer/III_Experiment-Traffic-Prediction/GNN/GAT.py[line:232] - INFO: Epoch [276/1000] Train_MAPE: 42.038437% Val_MAPE: 42.854904% | Loss: 41.714154
2025-12-06 18:19:35,171 - /home/kantorkristof/git/neurips-polymer/III_Experiment-Traffic-Prediction/GNN/GAT.py[line:232] - INFO: Epoch [277/1000] Train_MAPE: 42.553682% Val_MAPE: 43.261689% | Loss: 42.146005
2025-12-06 18:19:35,699 - /home/kantorkristof/git/neurips-polymer/III_Experiment-Traffic-Prediction/GNN/GAT.py[line:232] - INFO: Epoch [278/1000] Train_MAPE: 42.789245% Val_MAPE: 43.118302% | Loss: 42.941241
2025-12-06 18:19:36,230 - /home/kantorkristof/git/neurips-polymer/III_Experiment-Traffic-Prediction/GNN/GAT.py[line:232] - INFO: Epoch [279/1000] Train_MAPE: 42.578176% Val_MAPE: 42.903773% | Loss: 41.971318
2025-12-06 18:19:36,769 - /home/kantorkristof/git/neurips-polymer/III_Experiment-Traffic-Prediction/GNN/GAT.py[line:232] - INFO: Epoch [280/1000] Train_MAPE: 42.280082% Val_MAPE: 42.968083% | Loss: 43.136438
2025-12-06 18:19:37,301 - /home/kantorkristof/git/neurips-polymer/III_Experiment-Traffic-Prediction/GNN/GAT.py[line:232] - INFO: Epoch [281/1000] Train_MAPE: 42.617087% Val_MAPE: 42.373682% | Loss: 41.674443
2025-12-06 18:19:37,833 - /home/kantorkristof/git/neurips-polymer/III_Experiment-Traffic-Prediction/GNN/GAT.py[line:232] - INFO: Epoch [282/1000] Train_MAPE: 42.680215% Val_MAPE: 42.591579% | Loss: 44.492310
2025-12-06 18:19:38,362 - /home/kantorkristof/git/neurips-polymer/III_Experiment-Traffic-Prediction/GNN/GAT.py[line:232] - INFO: Epoch [283/1000] Train_MAPE: 42.180988% Val_MAPE: 41.843539% | Loss: 43.117102
2025-12-06 18:19:38,886 - /home/kantorkristof/git/neurips-polymer/III_Experiment-Traffic-Prediction/GNN/GAT.py[line:232] - INFO: Epoch [284/1000] Train_MAPE: 41.995782% Val_MAPE: 41.964517% | Loss: 43.099358
2025-12-06 18:19:39,409 - /home/kantorkristof/git/neurips-polymer/III_Experiment-Traffic-Prediction/GNN/GAT.py[line:232] - INFO: Epoch [285/1000] Train_MAPE: 42.320797% Val_MAPE: 42.656911% | Loss: 41.532054
2025-12-06 18:19:39,932 - /home/kantorkristof/git/neurips-polymer/III_Experiment-Traffic-Prediction/GNN/GAT.py[line:232] - INFO: Epoch [286/1000] Train_MAPE: 42.033731% Val_MAPE: 42.134604% | Loss: 43.973142
2025-12-06 18:19:40,453 - /home/kantorkristof/git/neurips-polymer/III_Experiment-Traffic-Prediction/GNN/GAT.py[line:232] - INFO: Epoch [287/1000] Train_MAPE: 42.289504% Val_MAPE: 42.117077% | Loss: 43.192605
2025-12-06 18:19:40,979 - /home/kantorkristof/git/neurips-polymer/III_Experiment-Traffic-Prediction/GNN/GAT.py[line:232] - INFO: Epoch [288/1000] Train_MAPE: 42.417407% Val_MAPE: 42.480879% | Loss: 42.591269
2025-12-06 18:19:41,503 - /home/kantorkristof/git/neurips-polymer/III_Experiment-Traffic-Prediction/GNN/GAT.py[line:232] - INFO: Epoch [289/1000] Train_MAPE: 43.218974% Val_MAPE: 43.015212% | Loss: 42.681913
2025-12-06 18:19:42,032 - /home/kantorkristof/git/neurips-polymer/III_Experiment-Traffic-Prediction/GNN/GAT.py[line:232] - INFO: Epoch [290/1000] Train_MAPE: 43.223374% Val_MAPE: 43.019739% | Loss: 41.948412
2025-12-06 18:19:42,554 - /home/kantorkristof/git/neurips-polymer/III_Experiment-Traffic-Prediction/GNN/GAT.py[line:232] - INFO: Epoch [291/1000] Train_MAPE: 42.379919% Val_MAPE: 42.823199% | Loss: 41.082708
2025-12-06 18:19:43,085 - /home/kantorkristof/git/neurips-polymer/III_Experiment-Traffic-Prediction/GNN/GAT.py[line:232] - INFO: Epoch [292/1000] Train_MAPE: 42.250511% Val_MAPE: 42.403060% | Loss: 43.123649
2025-12-06 18:19:43,612 - /home/kantorkristof/git/neurips-polymer/III_Experiment-Traffic-Prediction/GNN/GAT.py[line:232] - INFO: Epoch [293/1000] Train_MAPE: 41.722889% Val_MAPE: 41.787469% | Loss: 41.401907
2025-12-06 18:19:44,133 - /home/kantorkristof/git/neurips-polymer/III_Experiment-Traffic-Prediction/GNN/GAT.py[line:232] - INFO: Epoch [294/1000] Train_MAPE: 41.677237% Val_MAPE: 41.960860% | Loss: 41.127741
2025-12-06 18:19:44,655 - /home/kantorkristof/git/neurips-polymer/III_Experiment-Traffic-Prediction/GNN/GAT.py[line:232] - INFO: Epoch [295/1000] Train_MAPE: 41.619056% Val_MAPE: 41.824574% | Loss: 43.159926
2025-12-06 18:19:45,181 - /home/kantorkristof/git/neurips-polymer/III_Experiment-Traffic-Prediction/GNN/GAT.py[line:232] - INFO: Epoch [296/1000] Train_MAPE: 43.121696% Val_MAPE: 42.522042% | Loss: 43.688494
2025-12-06 18:19:45,690 - /home/kantorkristof/git/neurips-polymer/III_Experiment-Traffic-Prediction/GNN/GAT.py[line:232] - INFO: Epoch [297/1000] Train_MAPE: 43.135786% Val_MAPE: 43.126801% | Loss: 42.684493
2025-12-06 18:19:46,219 - /home/kantorkristof/git/neurips-polymer/III_Experiment-Traffic-Prediction/GNN/GAT.py[line:232] - INFO: Epoch [298/1000] Train_MAPE: 41.955000% Val_MAPE: 42.265569% | Loss: 40.793549
2025-12-06 18:19:46,748 - /home/kantorkristof/git/neurips-polymer/III_Experiment-Traffic-Prediction/GNN/GAT.py[line:232] - INFO: Epoch [299/1000] Train_MAPE: 41.541875% Val_MAPE: 41.683660% | Loss: 42.102628
2025-12-06 18:19:47,287 - /home/kantorkristof/git/neurips-polymer/III_Experiment-Traffic-Prediction/GNN/GAT.py[line:232] - INFO: Epoch [300/1000] Train_MAPE: 42.167184% Val_MAPE: 41.590701% | Loss: 41.607537
2025-12-06 18:19:47,289 - /home/kantorkristof/git/neurips-polymer/III_Experiment-Traffic-Prediction/GNN/GAT.py[line:242] - INFO: Best model saved at epoch 300 with val_mape 41.590701%
2025-12-06 18:19:47,793 - /home/kantorkristof/git/neurips-polymer/III_Experiment-Traffic-Prediction/GNN/GAT.py[line:232] - INFO: Epoch [301/1000] Train_MAPE: 42.306581% Val_MAPE: 42.044254% | Loss: 43.068371
2025-12-06 18:19:48,296 - /home/kantorkristof/git/neurips-polymer/III_Experiment-Traffic-Prediction/GNN/GAT.py[line:232] - INFO: Epoch [302/1000] Train_MAPE: 42.705022% Val_MAPE: 42.605554% | Loss: 41.555000
2025-12-06 18:19:48,795 - /home/kantorkristof/git/neurips-polymer/III_Experiment-Traffic-Prediction/GNN/GAT.py[line:232] - INFO: Epoch [303/1000] Train_MAPE: 43.046128% Val_MAPE: 42.810651% | Loss: 43.177346
2025-12-06 18:19:49,304 - /home/kantorkristof/git/neurips-polymer/III_Experiment-Traffic-Prediction/GNN/GAT.py[line:232] - INFO: Epoch [304/1000] Train_MAPE: 42.904715% Val_MAPE: 42.745428% | Loss: 42.097214
2025-12-06 18:19:49,837 - /home/kantorkristof/git/neurips-polymer/III_Experiment-Traffic-Prediction/GNN/GAT.py[line:232] - INFO: Epoch [305/1000] Train_MAPE: 41.968412% Val_MAPE: 41.864871% | Loss: 41.281121
2025-12-06 18:19:50,350 - /home/kantorkristof/git/neurips-polymer/III_Experiment-Traffic-Prediction/GNN/GAT.py[line:232] - INFO: Epoch [306/1000] Train_MAPE: 41.920265% Val_MAPE: 41.844504% | Loss: 41.752996
2025-12-06 18:19:50,870 - /home/kantorkristof/git/neurips-polymer/III_Experiment-Traffic-Prediction/GNN/GAT.py[line:232] - INFO: Epoch [307/1000] Train_MAPE: 41.886235% Val_MAPE: 41.400273% | Loss: 42.591538
2025-12-06 18:19:50,872 - /home/kantorkristof/git/neurips-polymer/III_Experiment-Traffic-Prediction/GNN/GAT.py[line:242] - INFO: Best model saved at epoch 307 with val_mape 41.400273%
2025-12-06 18:19:51,385 - /home/kantorkristof/git/neurips-polymer/III_Experiment-Traffic-Prediction/GNN/GAT.py[line:232] - INFO: Epoch [308/1000] Train_MAPE: 42.113400% Val_MAPE: 41.774024% | Loss: 41.747911
2025-12-06 18:19:51,909 - /home/kantorkristof/git/neurips-polymer/III_Experiment-Traffic-Prediction/GNN/GAT.py[line:232] - INFO: Epoch [309/1000] Train_MAPE: 41.659950% Val_MAPE: 41.777433% | Loss: 41.971767
2025-12-06 18:19:52,425 - /home/kantorkristof/git/neurips-polymer/III_Experiment-Traffic-Prediction/GNN/GAT.py[line:232] - INFO: Epoch [310/1000] Train_MAPE: 41.314982% Val_MAPE: 41.534865% | Loss: 41.025003
2025-12-06 18:19:52,958 - /home/kantorkristof/git/neurips-polymer/III_Experiment-Traffic-Prediction/GNN/GAT.py[line:232] - INFO: Epoch [311/1000] Train_MAPE: 42.878079% Val_MAPE: 42.410009% | Loss: 42.046170
2025-12-06 18:19:53,469 - /home/kantorkristof/git/neurips-polymer/III_Experiment-Traffic-Prediction/GNN/GAT.py[line:232] - INFO: Epoch [312/1000] Train_MAPE: 42.227866% Val_MAPE: 42.321625% | Loss: 43.123264
2025-12-06 18:19:53,989 - /home/kantorkristof/git/neurips-polymer/III_Experiment-Traffic-Prediction/GNN/GAT.py[line:232] - INFO: Epoch [313/1000] Train_MAPE: 42.486027% Val_MAPE: 42.826965% | Loss: 42.586668
2025-12-06 18:19:54,508 - /home/kantorkristof/git/neurips-polymer/III_Experiment-Traffic-Prediction/GNN/GAT.py[line:232] - INFO: Epoch [314/1000] Train_MAPE: 42.005212% Val_MAPE: 42.535867% | Loss: 41.172140
2025-12-06 18:19:55,092 - /home/kantorkristof/git/neurips-polymer/III_Experiment-Traffic-Prediction/GNN/GAT.py[line:232] - INFO: Epoch [315/1000] Train_MAPE: 41.344127% Val_MAPE: 41.261893% | Loss: 42.339959
2025-12-06 18:19:55,095 - /home/kantorkristof/git/neurips-polymer/III_Experiment-Traffic-Prediction/GNN/GAT.py[line:242] - INFO: Best model saved at epoch 315 with val_mape 41.261893%
2025-12-06 18:19:55,626 - /home/kantorkristof/git/neurips-polymer/III_Experiment-Traffic-Prediction/GNN/GAT.py[line:232] - INFO: Epoch [316/1000] Train_MAPE: 42.681873% Val_MAPE: 42.143040% | Loss: 42.402200
2025-12-06 18:19:56,149 - /home/kantorkristof/git/neurips-polymer/III_Experiment-Traffic-Prediction/GNN/GAT.py[line:232] - INFO: Epoch [317/1000] Train_MAPE: 43.203519% Val_MAPE: 42.619254% | Loss: 41.133389
2025-12-06 18:19:56,674 - /home/kantorkristof/git/neurips-polymer/III_Experiment-Traffic-Prediction/GNN/GAT.py[line:232] - INFO: Epoch [318/1000] Train_MAPE: 42.337241% Val_MAPE: 42.766284% | Loss: 41.971787
2025-12-06 18:19:57,184 - /home/kantorkristof/git/neurips-polymer/III_Experiment-Traffic-Prediction/GNN/GAT.py[line:232] - INFO: Epoch [319/1000] Train_MAPE: 42.797867% Val_MAPE: 43.249296% | Loss: 41.942372
2025-12-06 18:19:57,690 - /home/kantorkristof/git/neurips-polymer/III_Experiment-Traffic-Prediction/GNN/GAT.py[line:232] - INFO: Epoch [320/1000] Train_MAPE: 42.193357% Val_MAPE: 42.860294% | Loss: 41.751636
2025-12-06 18:19:58,198 - /home/kantorkristof/git/neurips-polymer/III_Experiment-Traffic-Prediction/GNN/GAT.py[line:232] - INFO: Epoch [321/1000] Train_MAPE: 41.934090% Val_MAPE: 42.916586% | Loss: 42.477804
2025-12-06 18:19:58,700 - /home/kantorkristof/git/neurips-polymer/III_Experiment-Traffic-Prediction/GNN/GAT.py[line:232] - INFO: Epoch [322/1000] Train_MAPE: 41.619131% Val_MAPE: 42.110883% | Loss: 42.039331
2025-12-06 18:19:59,215 - /home/kantorkristof/git/neurips-polymer/III_Experiment-Traffic-Prediction/GNN/GAT.py[line:232] - INFO: Epoch [323/1000] Train_MAPE: 42.224405% Val_MAPE: 41.596681% | Loss: 41.053108
2025-12-06 18:19:59,720 - /home/kantorkristof/git/neurips-polymer/III_Experiment-Traffic-Prediction/GNN/GAT.py[line:232] - INFO: Epoch [324/1000] Train_MAPE: 41.665791% Val_MAPE: 41.235640% | Loss: 43.181137
2025-12-06 18:19:59,723 - /home/kantorkristof/git/neurips-polymer/III_Experiment-Traffic-Prediction/GNN/GAT.py[line:242] - INFO: Best model saved at epoch 324 with val_mape 41.235640%
2025-12-06 18:20:00,225 - /home/kantorkristof/git/neurips-polymer/III_Experiment-Traffic-Prediction/GNN/GAT.py[line:232] - INFO: Epoch [325/1000] Train_MAPE: 41.708849% Val_MAPE: 41.560681% | Loss: 41.865619
2025-12-06 18:20:00,743 - /home/kantorkristof/git/neurips-polymer/III_Experiment-Traffic-Prediction/GNN/GAT.py[line:232] - INFO: Epoch [326/1000] Train_MAPE: 42.038938% Val_MAPE: 41.931731% | Loss: 40.772305
2025-12-06 18:20:01,241 - /home/kantorkristof/git/neurips-polymer/III_Experiment-Traffic-Prediction/GNN/GAT.py[line:232] - INFO: Epoch [327/1000] Train_MAPE: 42.026071% Val_MAPE: 42.008722% | Loss: 40.872095
2025-12-06 18:20:01,746 - /home/kantorkristof/git/neurips-polymer/III_Experiment-Traffic-Prediction/GNN/GAT.py[line:232] - INFO: Epoch [328/1000] Train_MAPE: 41.557950% Val_MAPE: 41.893661% | Loss: 42.649473
2025-12-06 18:20:02,277 - /home/kantorkristof/git/neurips-polymer/III_Experiment-Traffic-Prediction/GNN/GAT.py[line:232] - INFO: Epoch [329/1000] Train_MAPE: 42.450139% Val_MAPE: 41.988560% | Loss: 41.941972
2025-12-06 18:20:02,801 - /home/kantorkristof/git/neurips-polymer/III_Experiment-Traffic-Prediction/GNN/GAT.py[line:232] - INFO: Epoch [330/1000] Train_MAPE: 42.026239% Val_MAPE: 41.847062% | Loss: 41.262574
2025-12-06 18:20:03,312 - /home/kantorkristof/git/neurips-polymer/III_Experiment-Traffic-Prediction/GNN/GAT.py[line:232] - INFO: Epoch [331/1000] Train_MAPE: 42.076294% Val_MAPE: 41.896349% | Loss: 41.864999
2025-12-06 18:20:03,809 - /home/kantorkristof/git/neurips-polymer/III_Experiment-Traffic-Prediction/GNN/GAT.py[line:232] - INFO: Epoch [332/1000] Train_MAPE: 43.005852% Val_MAPE: 42.496027% | Loss: 42.032093
2025-12-06 18:20:04,305 - /home/kantorkristof/git/neurips-polymer/III_Experiment-Traffic-Prediction/GNN/GAT.py[line:232] - INFO: Epoch [333/1000] Train_MAPE: 42.266862% Val_MAPE: 42.696677% | Loss: 43.342424
2025-12-06 18:20:04,802 - /home/kantorkristof/git/neurips-polymer/III_Experiment-Traffic-Prediction/GNN/GAT.py[line:232] - INFO: Epoch [334/1000] Train_MAPE: 41.764752% Val_MAPE: 41.805491% | Loss: 42.257793
2025-12-06 18:20:05,301 - /home/kantorkristof/git/neurips-polymer/III_Experiment-Traffic-Prediction/GNN/GAT.py[line:232] - INFO: Epoch [335/1000] Train_MAPE: 41.710474% Val_MAPE: 41.688783% | Loss: 41.714264
2025-12-06 18:20:05,799 - /home/kantorkristof/git/neurips-polymer/III_Experiment-Traffic-Prediction/GNN/GAT.py[line:232] - INFO: Epoch [336/1000] Train_MAPE: 42.684657% Val_MAPE: 42.481879% | Loss: 41.351572
2025-12-06 18:20:06,298 - /home/kantorkristof/git/neurips-polymer/III_Experiment-Traffic-Prediction/GNN/GAT.py[line:232] - INFO: Epoch [337/1000] Train_MAPE: 41.765269% Val_MAPE: 41.843884% | Loss: 40.701276
2025-12-06 18:20:06,802 - /home/kantorkristof/git/neurips-polymer/III_Experiment-Traffic-Prediction/GNN/GAT.py[line:232] - INFO: Epoch [338/1000] Train_MAPE: 41.490739% Val_MAPE: 41.648309% | Loss: 41.099794
2025-12-06 18:20:07,322 - /home/kantorkristof/git/neurips-polymer/III_Experiment-Traffic-Prediction/GNN/GAT.py[line:232] - INFO: Epoch [339/1000] Train_MAPE: 41.122492% Val_MAPE: 40.729597% | Loss: 42.270683
2025-12-06 18:20:07,325 - /home/kantorkristof/git/neurips-polymer/III_Experiment-Traffic-Prediction/GNN/GAT.py[line:242] - INFO: Best model saved at epoch 339 with val_mape 40.729597%
2025-12-06 18:20:07,838 - /home/kantorkristof/git/neurips-polymer/III_Experiment-Traffic-Prediction/GNN/GAT.py[line:232] - INFO: Epoch [340/1000] Train_MAPE: 41.497819% Val_MAPE: 41.051346% | Loss: 41.924173
2025-12-06 18:20:08,343 - /home/kantorkristof/git/neurips-polymer/III_Experiment-Traffic-Prediction/GNN/GAT.py[line:232] - INFO: Epoch [341/1000] Train_MAPE: 41.464218% Val_MAPE: 40.696743% | Loss: 42.461912
2025-12-06 18:20:08,346 - /home/kantorkristof/git/neurips-polymer/III_Experiment-Traffic-Prediction/GNN/GAT.py[line:242] - INFO: Best model saved at epoch 341 with val_mape 40.696743%
2025-12-06 18:20:08,842 - /home/kantorkristof/git/neurips-polymer/III_Experiment-Traffic-Prediction/GNN/GAT.py[line:232] - INFO: Epoch [342/1000] Train_MAPE: 41.749040% Val_MAPE: 40.306284% | Loss: 42.011199
2025-12-06 18:20:08,844 - /home/kantorkristof/git/neurips-polymer/III_Experiment-Traffic-Prediction/GNN/GAT.py[line:242] - INFO: Best model saved at epoch 342 with val_mape 40.306284%
2025-12-06 18:20:09,368 - /home/kantorkristof/git/neurips-polymer/III_Experiment-Traffic-Prediction/GNN/GAT.py[line:232] - INFO: Epoch [343/1000] Train_MAPE: 41.787608% Val_MAPE: 40.896247% | Loss: 41.724608
2025-12-06 18:20:09,895 - /home/kantorkristof/git/neurips-polymer/III_Experiment-Traffic-Prediction/GNN/GAT.py[line:232] - INFO: Epoch [344/1000] Train_MAPE: 41.407490% Val_MAPE: 40.900888% | Loss: 42.025465
2025-12-06 18:20:10,422 - /home/kantorkristof/git/neurips-polymer/III_Experiment-Traffic-Prediction/GNN/GAT.py[line:232] - INFO: Epoch [345/1000] Train_MAPE: 41.689491% Val_MAPE: 40.945402% | Loss: 40.922250
2025-12-06 18:20:10,955 - /home/kantorkristof/git/neurips-polymer/III_Experiment-Traffic-Prediction/GNN/GAT.py[line:232] - INFO: Epoch [346/1000] Train_MAPE: 41.464507% Val_MAPE: 40.972897% | Loss: 42.865016
2025-12-06 18:20:11,499 - /home/kantorkristof/git/neurips-polymer/III_Experiment-Traffic-Prediction/GNN/GAT.py[line:232] - INFO: Epoch [347/1000] Train_MAPE: 42.130851% Val_MAPE: 41.408389% | Loss: 42.468916
2025-12-06 18:20:12,040 - /home/kantorkristof/git/neurips-polymer/III_Experiment-Traffic-Prediction/GNN/GAT.py[line:232] - INFO: Epoch [348/1000] Train_MAPE: 42.219225% Val_MAPE: 41.987246% | Loss: 43.038889
2025-12-06 18:20:12,578 - /home/kantorkristof/git/neurips-polymer/III_Experiment-Traffic-Prediction/GNN/GAT.py[line:232] - INFO: Epoch [349/1000] Train_MAPE: 42.660715% Val_MAPE: 42.859463% | Loss: 40.752109
2025-12-06 18:20:13,103 - /home/kantorkristof/git/neurips-polymer/III_Experiment-Traffic-Prediction/GNN/GAT.py[line:232] - INFO: Epoch [350/1000] Train_MAPE: 42.628897% Val_MAPE: 42.277657% | Loss: 43.257552
2025-12-06 18:20:13,628 - /home/kantorkristof/git/neurips-polymer/III_Experiment-Traffic-Prediction/GNN/GAT.py[line:232] - INFO: Epoch [351/1000] Train_MAPE: 42.692531% Val_MAPE: 42.223906% | Loss: 42.271121
2025-12-06 18:20:14,153 - /home/kantorkristof/git/neurips-polymer/III_Experiment-Traffic-Prediction/GNN/GAT.py[line:232] - INFO: Epoch [352/1000] Train_MAPE: 42.265678% Val_MAPE: 42.338365% | Loss: 42.850074
2025-12-06 18:20:14,679 - /home/kantorkristof/git/neurips-polymer/III_Experiment-Traffic-Prediction/GNN/GAT.py[line:232] - INFO: Epoch [353/1000] Train_MAPE: 41.518070% Val_MAPE: 41.771136% | Loss: 41.198410
2025-12-06 18:20:15,201 - /home/kantorkristof/git/neurips-polymer/III_Experiment-Traffic-Prediction/GNN/GAT.py[line:232] - INFO: Epoch [354/1000] Train_MAPE: 42.048715% Val_MAPE: 42.026646% | Loss: 42.278867
2025-12-06 18:20:15,723 - /home/kantorkristof/git/neurips-polymer/III_Experiment-Traffic-Prediction/GNN/GAT.py[line:232] - INFO: Epoch [355/1000] Train_MAPE: 41.509629% Val_MAPE: 41.292215% | Loss: 41.110068
2025-12-06 18:20:16,253 - /home/kantorkristof/git/neurips-polymer/III_Experiment-Traffic-Prediction/GNN/GAT.py[line:232] - INFO: Epoch [356/1000] Train_MAPE: 41.555641% Val_MAPE: 42.115788% | Loss: 42.350835
2025-12-06 18:20:16,767 - /home/kantorkristof/git/neurips-polymer/III_Experiment-Traffic-Prediction/GNN/GAT.py[line:232] - INFO: Epoch [357/1000] Train_MAPE: 42.302437% Val_MAPE: 42.842141% | Loss: 43.675924
2025-12-06 18:20:17,280 - /home/kantorkristof/git/neurips-polymer/III_Experiment-Traffic-Prediction/GNN/GAT.py[line:232] - INFO: Epoch [358/1000] Train_MAPE: 42.524561% Val_MAPE: 42.580508% | Loss: 41.363268
2025-12-06 18:20:17,800 - /home/kantorkristof/git/neurips-polymer/III_Experiment-Traffic-Prediction/GNN/GAT.py[line:232] - INFO: Epoch [359/1000] Train_MAPE: 41.633988% Val_MAPE: 41.758959% | Loss: 42.062951
2025-12-06 18:20:18,320 - /home/kantorkristof/git/neurips-polymer/III_Experiment-Traffic-Prediction/GNN/GAT.py[line:232] - INFO: Epoch [360/1000] Train_MAPE: 41.123282% Val_MAPE: 41.963672% | Loss: 41.461167
2025-12-06 18:20:18,829 - /home/kantorkristof/git/neurips-polymer/III_Experiment-Traffic-Prediction/GNN/GAT.py[line:232] - INFO: Epoch [361/1000] Train_MAPE: 42.051814% Val_MAPE: 42.204876% | Loss: 41.264790
2025-12-06 18:20:19,350 - /home/kantorkristof/git/neurips-polymer/III_Experiment-Traffic-Prediction/GNN/GAT.py[line:232] - INFO: Epoch [362/1000] Train_MAPE: 42.755476% Val_MAPE: 42.316154% | Loss: 41.179051
2025-12-06 18:20:19,883 - /home/kantorkristof/git/neurips-polymer/III_Experiment-Traffic-Prediction/GNN/GAT.py[line:232] - INFO: Epoch [363/1000] Train_MAPE: 41.323327% Val_MAPE: 41.561195% | Loss: 41.875615
2025-12-06 18:20:20,417 - /home/kantorkristof/git/neurips-polymer/III_Experiment-Traffic-Prediction/GNN/GAT.py[line:232] - INFO: Epoch [364/1000] Train_MAPE: 40.942727% Val_MAPE: 41.430484% | Loss: 40.982619
2025-12-06 18:20:20,944 - /home/kantorkristof/git/neurips-polymer/III_Experiment-Traffic-Prediction/GNN/GAT.py[line:232] - INFO: Epoch [365/1000] Train_MAPE: 41.915201% Val_MAPE: 42.155014% | Loss: 42.459721
2025-12-06 18:20:21,466 - /home/kantorkristof/git/neurips-polymer/III_Experiment-Traffic-Prediction/GNN/GAT.py[line:232] - INFO: Epoch [366/1000] Train_MAPE: 41.589859% Val_MAPE: 41.873837% | Loss: 40.293632
2025-12-06 18:20:21,988 - /home/kantorkristof/git/neurips-polymer/III_Experiment-Traffic-Prediction/GNN/GAT.py[line:232] - INFO: Epoch [367/1000] Train_MAPE: 41.684247% Val_MAPE: 41.956111% | Loss: 41.456930
2025-12-06 18:20:22,515 - /home/kantorkristof/git/neurips-polymer/III_Experiment-Traffic-Prediction/GNN/GAT.py[line:232] - INFO: Epoch [368/1000] Train_MAPE: 41.636279% Val_MAPE: 42.278683% | Loss: 40.794469
2025-12-06 18:20:23,043 - /home/kantorkristof/git/neurips-polymer/III_Experiment-Traffic-Prediction/GNN/GAT.py[line:232] - INFO: Epoch [369/1000] Train_MAPE: 41.316413% Val_MAPE: 41.881385% | Loss: 41.469339
2025-12-06 18:20:23,565 - /home/kantorkristof/git/neurips-polymer/III_Experiment-Traffic-Prediction/GNN/GAT.py[line:232] - INFO: Epoch [370/1000] Train_MAPE: 42.107563% Val_MAPE: 41.630733% | Loss: 39.650509
2025-12-06 18:20:24,086 - /home/kantorkristof/git/neurips-polymer/III_Experiment-Traffic-Prediction/GNN/GAT.py[line:232] - INFO: Epoch [371/1000] Train_MAPE: 40.939822% Val_MAPE: 40.858992% | Loss: 40.510146
2025-12-06 18:20:24,607 - /home/kantorkristof/git/neurips-polymer/III_Experiment-Traffic-Prediction/GNN/GAT.py[line:232] - INFO: Epoch [372/1000] Train_MAPE: 40.897307% Val_MAPE: 40.513334% | Loss: 41.785734
2025-12-06 18:20:25,124 - /home/kantorkristof/git/neurips-polymer/III_Experiment-Traffic-Prediction/GNN/GAT.py[line:232] - INFO: Epoch [373/1000] Train_MAPE: 41.288941% Val_MAPE: 41.400798% | Loss: 42.301975
2025-12-06 18:20:25,630 - /home/kantorkristof/git/neurips-polymer/III_Experiment-Traffic-Prediction/GNN/GAT.py[line:232] - INFO: Epoch [374/1000] Train_MAPE: 41.182217% Val_MAPE: 41.639643% | Loss: 41.451640
2025-12-06 18:20:26,153 - /home/kantorkristof/git/neurips-polymer/III_Experiment-Traffic-Prediction/GNN/GAT.py[line:232] - INFO: Epoch [375/1000] Train_MAPE: 41.713331% Val_MAPE: 41.724645% | Loss: 41.774542
2025-12-06 18:20:26,672 - /home/kantorkristof/git/neurips-polymer/III_Experiment-Traffic-Prediction/GNN/GAT.py[line:232] - INFO: Epoch [376/1000] Train_MAPE: 41.871544% Val_MAPE: 41.505110% | Loss: 40.909795
2025-12-06 18:20:27,191 - /home/kantorkristof/git/neurips-polymer/III_Experiment-Traffic-Prediction/GNN/GAT.py[line:232] - INFO: Epoch [377/1000] Train_MAPE: 40.753927% Val_MAPE: 41.118988% | Loss: 42.069673
2025-12-06 18:20:27,730 - /home/kantorkristof/git/neurips-polymer/III_Experiment-Traffic-Prediction/GNN/GAT.py[line:232] - INFO: Epoch [378/1000] Train_MAPE: 41.334745% Val_MAPE: 41.636955% | Loss: 41.157245
2025-12-06 18:20:28,255 - /home/kantorkristof/git/neurips-polymer/III_Experiment-Traffic-Prediction/GNN/GAT.py[line:232] - INFO: Epoch [379/1000] Train_MAPE: 42.123829% Val_MAPE: 41.894749% | Loss: 43.472435
2025-12-06 18:20:28,780 - /home/kantorkristof/git/neurips-polymer/III_Experiment-Traffic-Prediction/GNN/GAT.py[line:232] - INFO: Epoch [380/1000] Train_MAPE: 41.651102% Val_MAPE: 41.897566% | Loss: 41.267330
2025-12-06 18:20:29,302 - /home/kantorkristof/git/neurips-polymer/III_Experiment-Traffic-Prediction/GNN/GAT.py[line:232] - INFO: Epoch [381/1000] Train_MAPE: 40.914888% Val_MAPE: 41.478445% | Loss: 41.600888
2025-12-06 18:20:29,823 - /home/kantorkristof/git/neurips-polymer/III_Experiment-Traffic-Prediction/GNN/GAT.py[line:232] - INFO: Epoch [382/1000] Train_MAPE: 41.237961% Val_MAPE: 41.296358% | Loss: 39.072096
2025-12-06 18:20:30,330 - /home/kantorkristof/git/neurips-polymer/III_Experiment-Traffic-Prediction/GNN/GAT.py[line:232] - INFO: Epoch [383/1000] Train_MAPE: 41.481395% Val_MAPE: 41.546635% | Loss: 41.256772
2025-12-06 18:20:30,846 - /home/kantorkristof/git/neurips-polymer/III_Experiment-Traffic-Prediction/GNN/GAT.py[line:232] - INFO: Epoch [384/1000] Train_MAPE: 40.839257% Val_MAPE: 41.749149% | Loss: 42.345382
2025-12-06 18:20:31,374 - /home/kantorkristof/git/neurips-polymer/III_Experiment-Traffic-Prediction/GNN/GAT.py[line:232] - INFO: Epoch [385/1000] Train_MAPE: 40.944409% Val_MAPE: 41.090469% | Loss: 42.059067
2025-12-06 18:20:31,898 - /home/kantorkristof/git/neurips-polymer/III_Experiment-Traffic-Prediction/GNN/GAT.py[line:232] - INFO: Epoch [386/1000] Train_MAPE: 41.814854% Val_MAPE: 41.667944% | Loss: 41.522040
2025-12-06 18:20:32,425 - /home/kantorkristof/git/neurips-polymer/III_Experiment-Traffic-Prediction/GNN/GAT.py[line:232] - INFO: Epoch [387/1000] Train_MAPE: 41.917640% Val_MAPE: 41.767063% | Loss: 43.033477
2025-12-06 18:20:32,956 - /home/kantorkristof/git/neurips-polymer/III_Experiment-Traffic-Prediction/GNN/GAT.py[line:232] - INFO: Epoch [388/1000] Train_MAPE: 41.285567% Val_MAPE: 41.977084% | Loss: 41.234423
2025-12-06 18:20:33,490 - /home/kantorkristof/git/neurips-polymer/III_Experiment-Traffic-Prediction/GNN/GAT.py[line:232] - INFO: Epoch [389/1000] Train_MAPE: 41.336080% Val_MAPE: 41.799900% | Loss: 41.218441
2025-12-06 18:20:33,995 - /home/kantorkristof/git/neurips-polymer/III_Experiment-Traffic-Prediction/GNN/GAT.py[line:232] - INFO: Epoch [390/1000] Train_MAPE: 41.112025% Val_MAPE: 41.384428% | Loss: 41.243705
2025-12-06 18:20:34,569 - /home/kantorkristof/git/neurips-polymer/III_Experiment-Traffic-Prediction/GNN/GAT.py[line:232] - INFO: Epoch [391/1000] Train_MAPE: 41.934843% Val_MAPE: 41.309426% | Loss: 40.873548
2025-12-06 18:20:35,082 - /home/kantorkristof/git/neurips-polymer/III_Experiment-Traffic-Prediction/GNN/GAT.py[line:232] - INFO: Epoch [392/1000] Train_MAPE: 42.288354% Val_MAPE: 42.015008% | Loss: 41.058297
2025-12-06 18:20:35,602 - /home/kantorkristof/git/neurips-polymer/III_Experiment-Traffic-Prediction/GNN/GAT.py[line:232] - INFO: Epoch [393/1000] Train_MAPE: 41.228239% Val_MAPE: 41.931443% | Loss: 41.687220
2025-12-06 18:20:36,115 - /home/kantorkristof/git/neurips-polymer/III_Experiment-Traffic-Prediction/GNN/GAT.py[line:232] - INFO: Epoch [394/1000] Train_MAPE: 41.234417% Val_MAPE: 41.510294% | Loss: 41.555142
2025-12-06 18:20:36,626 - /home/kantorkristof/git/neurips-polymer/III_Experiment-Traffic-Prediction/GNN/GAT.py[line:232] - INFO: Epoch [395/1000] Train_MAPE: 40.732400% Val_MAPE: 41.267574% | Loss: 41.559710
2025-12-06 18:20:37,141 - /home/kantorkristof/git/neurips-polymer/III_Experiment-Traffic-Prediction/GNN/GAT.py[line:232] - INFO: Epoch [396/1000] Train_MAPE: 40.657184% Val_MAPE: 41.654307% | Loss: 43.957048
2025-12-06 18:20:37,654 - /home/kantorkristof/git/neurips-polymer/III_Experiment-Traffic-Prediction/GNN/GAT.py[line:232] - INFO: Epoch [397/1000] Train_MAPE: 41.503070% Val_MAPE: 42.047106% | Loss: 40.650054
2025-12-06 18:20:38,165 - /home/kantorkristof/git/neurips-polymer/III_Experiment-Traffic-Prediction/GNN/GAT.py[line:232] - INFO: Epoch [398/1000] Train_MAPE: 41.529430% Val_MAPE: 42.093411% | Loss: 41.815134
2025-12-06 18:20:38,677 - /home/kantorkristof/git/neurips-polymer/III_Experiment-Traffic-Prediction/GNN/GAT.py[line:232] - INFO: Epoch [399/1000] Train_MAPE: 42.060864% Val_MAPE: 42.572825% | Loss: 42.297490
2025-12-06 18:20:39,194 - /home/kantorkristof/git/neurips-polymer/III_Experiment-Traffic-Prediction/GNN/GAT.py[line:232] - INFO: Epoch [400/1000] Train_MAPE: 40.693071% Val_MAPE: 41.669680% | Loss: 40.367344
2025-12-06 18:20:39,711 - /home/kantorkristof/git/neurips-polymer/III_Experiment-Traffic-Prediction/GNN/GAT.py[line:232] - INFO: Epoch [401/1000] Train_MAPE: 40.680111% Val_MAPE: 41.340592% | Loss: 41.737352
2025-12-06 18:20:40,226 - /home/kantorkristof/git/neurips-polymer/III_Experiment-Traffic-Prediction/GNN/GAT.py[line:232] - INFO: Epoch [402/1000] Train_MAPE: 40.722083% Val_MAPE: 41.317480% | Loss: 39.219935
2025-12-06 18:20:40,741 - /home/kantorkristof/git/neurips-polymer/III_Experiment-Traffic-Prediction/GNN/GAT.py[line:232] - INFO: Epoch [403/1000] Train_MAPE: 41.968191% Val_MAPE: 41.963265% | Loss: 41.252749
2025-12-06 18:20:41,257 - /home/kantorkristof/git/neurips-polymer/III_Experiment-Traffic-Prediction/GNN/GAT.py[line:232] - INFO: Epoch [404/1000] Train_MAPE: 41.374766% Val_MAPE: 41.966628% | Loss: 40.845939
2025-12-06 18:20:41,771 - /home/kantorkristof/git/neurips-polymer/III_Experiment-Traffic-Prediction/GNN/GAT.py[line:232] - INFO: Epoch [405/1000] Train_MAPE: 40.698770% Val_MAPE: 41.669099% | Loss: 42.020720
2025-12-06 18:20:42,295 - /home/kantorkristof/git/neurips-polymer/III_Experiment-Traffic-Prediction/GNN/GAT.py[line:232] - INFO: Epoch [406/1000] Train_MAPE: 41.608338% Val_MAPE: 41.918874% | Loss: 40.993835
2025-12-06 18:20:42,825 - /home/kantorkristof/git/neurips-polymer/III_Experiment-Traffic-Prediction/GNN/GAT.py[line:232] - INFO: Epoch [407/1000] Train_MAPE: 41.627590% Val_MAPE: 41.936494% | Loss: 40.284387
2025-12-06 18:20:43,351 - /home/kantorkristof/git/neurips-polymer/III_Experiment-Traffic-Prediction/GNN/GAT.py[line:232] - INFO: Epoch [408/1000] Train_MAPE: 40.466458% Val_MAPE: 41.661990% | Loss: 40.971139
2025-12-06 18:20:43,879 - /home/kantorkristof/git/neurips-polymer/III_Experiment-Traffic-Prediction/GNN/GAT.py[line:232] - INFO: Epoch [409/1000] Train_MAPE: 40.692319% Val_MAPE: 41.692972% | Loss: 41.194677
2025-12-06 18:20:44,397 - /home/kantorkristof/git/neurips-polymer/III_Experiment-Traffic-Prediction/GNN/GAT.py[line:232] - INFO: Epoch [410/1000] Train_MAPE: 42.051392% Val_MAPE: 42.384237% | Loss: 42.565594
2025-12-06 18:20:44,958 - /home/kantorkristof/git/neurips-polymer/III_Experiment-Traffic-Prediction/GNN/GAT.py[line:232] - INFO: Epoch [411/1000] Train_MAPE: 42.781289% Val_MAPE: 42.311041% | Loss: 41.336164
2025-12-06 18:20:45,474 - /home/kantorkristof/git/neurips-polymer/III_Experiment-Traffic-Prediction/GNN/GAT.py[line:232] - INFO: Epoch [412/1000] Train_MAPE: 41.107314% Val_MAPE: 41.459435% | Loss: 40.796477
2025-12-06 18:20:46,001 - /home/kantorkristof/git/neurips-polymer/III_Experiment-Traffic-Prediction/GNN/GAT.py[line:232] - INFO: Epoch [413/1000] Train_MAPE: 40.899982% Val_MAPE: 41.984068% | Loss: 41.392415
2025-12-06 18:20:46,515 - /home/kantorkristof/git/neurips-polymer/III_Experiment-Traffic-Prediction/GNN/GAT.py[line:232] - INFO: Epoch [414/1000] Train_MAPE: 40.487068% Val_MAPE: 41.759222% | Loss: 41.642856
2025-12-06 18:20:47,030 - /home/kantorkristof/git/neurips-polymer/III_Experiment-Traffic-Prediction/GNN/GAT.py[line:232] - INFO: Epoch [415/1000] Train_MAPE: 40.886658% Val_MAPE: 41.339564% | Loss: 40.741410
2025-12-06 18:20:47,545 - /home/kantorkristof/git/neurips-polymer/III_Experiment-Traffic-Prediction/GNN/GAT.py[line:232] - INFO: Epoch [416/1000] Train_MAPE: 41.505918% Val_MAPE: 41.674606% | Loss: 40.260990
2025-12-06 18:20:48,075 - /home/kantorkristof/git/neurips-polymer/III_Experiment-Traffic-Prediction/GNN/GAT.py[line:232] - INFO: Epoch [417/1000] Train_MAPE: 41.705569% Val_MAPE: 42.522828% | Loss: 41.427742
2025-12-06 18:20:48,604 - /home/kantorkristof/git/neurips-polymer/III_Experiment-Traffic-Prediction/GNN/GAT.py[line:232] - INFO: Epoch [418/1000] Train_MAPE: 41.956017% Val_MAPE: 43.120467% | Loss: 42.816060
2025-12-06 18:20:49,129 - /home/kantorkristof/git/neurips-polymer/III_Experiment-Traffic-Prediction/GNN/GAT.py[line:232] - INFO: Epoch [419/1000] Train_MAPE: 41.546526% Val_MAPE: 42.807690% | Loss: 40.667855
2025-12-06 18:20:49,646 - /home/kantorkristof/git/neurips-polymer/III_Experiment-Traffic-Prediction/GNN/GAT.py[line:232] - INFO: Epoch [420/1000] Train_MAPE: 40.955742% Val_MAPE: 41.803339% | Loss: 40.713646
2025-12-06 18:20:50,162 - /home/kantorkristof/git/neurips-polymer/III_Experiment-Traffic-Prediction/GNN/GAT.py[line:232] - INFO: Epoch [421/1000] Train_MAPE: 41.132457% Val_MAPE: 42.319041% | Loss: 41.774575
2025-12-06 18:20:50,670 - /home/kantorkristof/git/neurips-polymer/III_Experiment-Traffic-Prediction/GNN/GAT.py[line:232] - INFO: Epoch [422/1000] Train_MAPE: 41.135597% Val_MAPE: 42.146965% | Loss: 41.397820
2025-12-06 18:20:51,176 - /home/kantorkristof/git/neurips-polymer/III_Experiment-Traffic-Prediction/GNN/GAT.py[line:232] - INFO: Epoch [423/1000] Train_MAPE: 41.383563% Val_MAPE: 42.246345% | Loss: 40.652972
2025-12-06 18:20:51,713 - /home/kantorkristof/git/neurips-polymer/III_Experiment-Traffic-Prediction/GNN/GAT.py[line:232] - INFO: Epoch [424/1000] Train_MAPE: 41.524681% Val_MAPE: 41.915639% | Loss: 40.357014
2025-12-06 18:20:52,238 - /home/kantorkristof/git/neurips-polymer/III_Experiment-Traffic-Prediction/GNN/GAT.py[line:232] - INFO: Epoch [425/1000] Train_MAPE: 40.405791% Val_MAPE: 41.051895% | Loss: 40.720184
2025-12-06 18:20:52,754 - /home/kantorkristof/git/neurips-polymer/III_Experiment-Traffic-Prediction/GNN/GAT.py[line:232] - INFO: Epoch [426/1000] Train_MAPE: 40.510578% Val_MAPE: 41.154648% | Loss: 41.995907
2025-12-06 18:20:53,275 - /home/kantorkristof/git/neurips-polymer/III_Experiment-Traffic-Prediction/GNN/GAT.py[line:232] - INFO: Epoch [427/1000] Train_MAPE: 41.675653% Val_MAPE: 41.931123% | Loss: 39.874372
2025-12-06 18:20:53,798 - /home/kantorkristof/git/neurips-polymer/III_Experiment-Traffic-Prediction/GNN/GAT.py[line:232] - INFO: Epoch [428/1000] Train_MAPE: 41.123595% Val_MAPE: 41.891329% | Loss: 39.738630
2025-12-06 18:20:54,324 - /home/kantorkristof/git/neurips-polymer/III_Experiment-Traffic-Prediction/GNN/GAT.py[line:232] - INFO: Epoch [429/1000] Train_MAPE: 42.110399% Val_MAPE: 42.678065% | Loss: 43.864671
2025-12-06 18:20:54,832 - /home/kantorkristof/git/neurips-polymer/III_Experiment-Traffic-Prediction/GNN/GAT.py[line:232] - INFO: Epoch [430/1000] Train_MAPE: 41.669023% Val_MAPE: 42.297651% | Loss: 40.659164
2025-12-06 18:20:55,345 - /home/kantorkristof/git/neurips-polymer/III_Experiment-Traffic-Prediction/GNN/GAT.py[line:232] - INFO: Epoch [431/1000] Train_MAPE: 40.733613% Val_MAPE: 41.929153% | Loss: 41.756707
2025-12-06 18:20:55,854 - /home/kantorkristof/git/neurips-polymer/III_Experiment-Traffic-Prediction/GNN/GAT.py[line:232] - INFO: Epoch [432/1000] Train_MAPE: 41.301822% Val_MAPE: 41.535391% | Loss: 41.339848
2025-12-06 18:20:56,369 - /home/kantorkristof/git/neurips-polymer/III_Experiment-Traffic-Prediction/GNN/GAT.py[line:232] - INFO: Epoch [433/1000] Train_MAPE: 40.437091% Val_MAPE: 41.253766% | Loss: 40.098488
2025-12-06 18:20:56,899 - /home/kantorkristof/git/neurips-polymer/III_Experiment-Traffic-Prediction/GNN/GAT.py[line:232] - INFO: Epoch [434/1000] Train_MAPE: 40.910620% Val_MAPE: 41.570278% | Loss: 41.917405
2025-12-06 18:20:57,420 - /home/kantorkristof/git/neurips-polymer/III_Experiment-Traffic-Prediction/GNN/GAT.py[line:232] - INFO: Epoch [435/1000] Train_MAPE: 40.919403% Val_MAPE: 41.344043% | Loss: 40.017508
2025-12-06 18:20:57,956 - /home/kantorkristof/git/neurips-polymer/III_Experiment-Traffic-Prediction/GNN/GAT.py[line:232] - INFO: Epoch [436/1000] Train_MAPE: 41.303383% Val_MAPE: 41.189755% | Loss: 41.453610
2025-12-06 18:20:58,474 - /home/kantorkristof/git/neurips-polymer/III_Experiment-Traffic-Prediction/GNN/GAT.py[line:232] - INFO: Epoch [437/1000] Train_MAPE: 41.126142% Val_MAPE: 41.045889% | Loss: 41.362822
2025-12-06 18:20:58,975 - /home/kantorkristof/git/neurips-polymer/III_Experiment-Traffic-Prediction/GNN/GAT.py[line:232] - INFO: Epoch [438/1000] Train_MAPE: 41.101020% Val_MAPE: 41.406732% | Loss: 41.080882
2025-12-06 18:20:59,480 - /home/kantorkristof/git/neurips-polymer/III_Experiment-Traffic-Prediction/GNN/GAT.py[line:232] - INFO: Epoch [439/1000] Train_MAPE: 40.939777% Val_MAPE: 41.823706% | Loss: 41.356471
2025-12-06 18:20:59,987 - /home/kantorkristof/git/neurips-polymer/III_Experiment-Traffic-Prediction/GNN/GAT.py[line:232] - INFO: Epoch [440/1000] Train_MAPE: 42.684751% Val_MAPE: 42.856721% | Loss: 40.906278
2025-12-06 18:21:00,495 - /home/kantorkristof/git/neurips-polymer/III_Experiment-Traffic-Prediction/GNN/GAT.py[line:232] - INFO: Epoch [441/1000] Train_MAPE: 41.953068% Val_MAPE: 42.713267% | Loss: 39.974113
2025-12-06 18:21:01,003 - /home/kantorkristof/git/neurips-polymer/III_Experiment-Traffic-Prediction/GNN/GAT.py[line:232] - INFO: Epoch [442/1000] Train_MAPE: 40.590151% Val_MAPE: 42.065589% | Loss: 42.079996
2025-12-06 18:21:01,003 - /home/kantorkristof/git/neurips-polymer/III_Experiment-Traffic-Prediction/GNN/GAT.py[line:252] - INFO: Early Stopping
2025-12-06 18:21:01,319 - /home/kantorkristof/git/neurips-polymer/III_Experiment-Traffic-Prediction/GNN/GAT.py[line:264] - INFO: Best model Accuracy for Yearly_Time_Lost_Rush_Hours_CC, seed 42:
2025-12-06 18:21:01,320 - /home/kantorkristof/git/neurips-polymer/III_Experiment-Traffic-Prediction/GNN/GAT.py[line:265] - INFO:   Train MAPE: 41.749040%
2025-12-06 18:21:01,320 - /home/kantorkristof/git/neurips-polymer/III_Experiment-Traffic-Prediction/GNN/GAT.py[line:266] - INFO:   Val MAPE:   40.306288%
2025-12-06 18:21:01,320 - /home/kantorkristof/git/neurips-polymer/III_Experiment-Traffic-Prediction/GNN/GAT.py[line:267] - INFO:   Test MAPE:  34.473460%
2025-12-06 18:21:01,320 - /home/kantorkristof/git/neurips-polymer/III_Experiment-Traffic-Prediction/GNN/GAT.py[line:283] - INFO: 
=== Results for attribute Yearly_Time_Lost_Rush_Hours_CC (MAPE) ===
2025-12-06 18:21:01,320 - /home/kantorkristof/git/neurips-polymer/III_Experiment-Traffic-Prediction/GNN/GAT.py[line:289] - INFO: Train MAPE: 41.749039% Val MAPE: 40.306290% Test MAPE: 34.473461%
