2025-12-05 16:55:59,982 - /home/kantorkristof/git/neurips-polymer/II_Experiment-Molecule/GNN/GCN.py[line:166] - INFO: 
Model training started for property: Rg
2025-12-05 16:55:59,982 - /home/kantorkristof/git/neurips-polymer/II_Experiment-Molecule/GNN/GCN.py[line:78] - INFO: 
+------------+--------------+
| Parameter  | Value        |
+------------+--------------+
| cuda       | 3            |
+------------+--------------+
| datadir    | data/NeurIPS |
+------------+--------------+
| epoch      | 1000         |
+------------+--------------+
| seed       | [42]         |
+------------+--------------+
| channels   | 64           |
+------------+--------------+
| pretrain   | 0            |
+------------+--------------+
| batch_size | 32           |
+------------+--------------+
| net_lr     | 0.001        |
+------------+--------------+
2025-12-05 16:55:59,983 - /home/kantorkristof/git/neurips-polymer/II_Experiment-Molecule/GNN/GCN.py[line:171] - INFO: --- Starting training for Rg with seed 42 ---
2025-12-05 16:56:01,086 - /home/kantorkristof/git/neurips-polymer/II_Experiment-Molecule/GNN/GCN.py[line:226] - INFO: Epoch [1/1000] Train_MSE: 278.421502 Val_MSE: 279.120406 | Loss: 270.181236
2025-12-05 16:56:01,090 - /home/kantorkristof/git/neurips-polymer/II_Experiment-Molecule/GNN/GCN.py[line:236] - INFO: Best model saved at epoch 1 with val_mse 279.120406
2025-12-05 16:56:01,178 - /home/kantorkristof/git/neurips-polymer/II_Experiment-Molecule/GNN/GCN.py[line:226] - INFO: Epoch [2/1000] Train_MSE: 248.877984 Val_MSE: 250.248696 | Loss: 210.182711
2025-12-05 16:56:01,180 - /home/kantorkristof/git/neurips-polymer/II_Experiment-Molecule/GNN/GCN.py[line:236] - INFO: Best model saved at epoch 2 with val_mse 250.248696
2025-12-05 16:56:01,279 - /home/kantorkristof/git/neurips-polymer/II_Experiment-Molecule/GNN/GCN.py[line:226] - INFO: Epoch [3/1000] Train_MSE: 133.637006 Val_MSE: 137.551649 | Loss: 88.901660
2025-12-05 16:56:01,283 - /home/kantorkristof/git/neurips-polymer/II_Experiment-Molecule/GNN/GCN.py[line:236] - INFO: Best model saved at epoch 3 with val_mse 137.551649
2025-12-05 16:56:01,374 - /home/kantorkristof/git/neurips-polymer/II_Experiment-Molecule/GNN/GCN.py[line:226] - INFO: Epoch [4/1000] Train_MSE: 45.320848 Val_MSE: 46.872125 | Loss: 23.814378
2025-12-05 16:56:01,376 - /home/kantorkristof/git/neurips-polymer/II_Experiment-Molecule/GNN/GCN.py[line:236] - INFO: Best model saved at epoch 4 with val_mse 46.872125
2025-12-05 16:56:01,460 - /home/kantorkristof/git/neurips-polymer/II_Experiment-Molecule/GNN/GCN.py[line:226] - INFO: Epoch [5/1000] Train_MSE: 18.118275 Val_MSE: 20.309801 | Loss: 18.768378
2025-12-05 16:56:01,463 - /home/kantorkristof/git/neurips-polymer/II_Experiment-Molecule/GNN/GCN.py[line:236] - INFO: Best model saved at epoch 5 with val_mse 20.309801
2025-12-05 16:56:01,546 - /home/kantorkristof/git/neurips-polymer/II_Experiment-Molecule/GNN/GCN.py[line:226] - INFO: Epoch [6/1000] Train_MSE: 17.426093 Val_MSE: 20.088692 | Loss: 17.811901
2025-12-05 16:56:01,548 - /home/kantorkristof/git/neurips-polymer/II_Experiment-Molecule/GNN/GCN.py[line:236] - INFO: Best model saved at epoch 6 with val_mse 20.088692
2025-12-05 16:56:01,639 - /home/kantorkristof/git/neurips-polymer/II_Experiment-Molecule/GNN/GCN.py[line:226] - INFO: Epoch [7/1000] Train_MSE: 15.577097 Val_MSE: 18.242457 | Loss: 16.363981
2025-12-05 16:56:01,641 - /home/kantorkristof/git/neurips-polymer/II_Experiment-Molecule/GNN/GCN.py[line:236] - INFO: Best model saved at epoch 7 with val_mse 18.242457
2025-12-05 16:56:01,725 - /home/kantorkristof/git/neurips-polymer/II_Experiment-Molecule/GNN/GCN.py[line:226] - INFO: Epoch [8/1000] Train_MSE: 17.225506 Val_MSE: 19.999216 | Loss: 16.718515
2025-12-05 16:56:01,808 - /home/kantorkristof/git/neurips-polymer/II_Experiment-Molecule/GNN/GCN.py[line:226] - INFO: Epoch [9/1000] Train_MSE: 15.323932 Val_MSE: 17.960767 | Loss: 17.121394
2025-12-05 16:56:01,810 - /home/kantorkristof/git/neurips-polymer/II_Experiment-Molecule/GNN/GCN.py[line:236] - INFO: Best model saved at epoch 9 with val_mse 17.960767
2025-12-05 16:56:01,891 - /home/kantorkristof/git/neurips-polymer/II_Experiment-Molecule/GNN/GCN.py[line:226] - INFO: Epoch [10/1000] Train_MSE: 15.666958 Val_MSE: 18.431959 | Loss: 16.407089
2025-12-05 16:56:01,975 - /home/kantorkristof/git/neurips-polymer/II_Experiment-Molecule/GNN/GCN.py[line:226] - INFO: Epoch [11/1000] Train_MSE: 14.850727 Val_MSE: 17.460191 | Loss: 15.980656
2025-12-05 16:56:01,977 - /home/kantorkristof/git/neurips-polymer/II_Experiment-Molecule/GNN/GCN.py[line:236] - INFO: Best model saved at epoch 11 with val_mse 17.460191
2025-12-05 16:56:02,064 - /home/kantorkristof/git/neurips-polymer/II_Experiment-Molecule/GNN/GCN.py[line:226] - INFO: Epoch [12/1000] Train_MSE: 15.754425 Val_MSE: 18.417065 | Loss: 16.769700
2025-12-05 16:56:02,155 - /home/kantorkristof/git/neurips-polymer/II_Experiment-Molecule/GNN/GCN.py[line:226] - INFO: Epoch [13/1000] Train_MSE: 17.419373 Val_MSE: 20.258146 | Loss: 17.296422
2025-12-05 16:56:02,256 - /home/kantorkristof/git/neurips-polymer/II_Experiment-Molecule/GNN/GCN.py[line:226] - INFO: Epoch [14/1000] Train_MSE: 14.626082 Val_MSE: 17.423659 | Loss: 15.838085
2025-12-05 16:56:02,259 - /home/kantorkristof/git/neurips-polymer/II_Experiment-Molecule/GNN/GCN.py[line:236] - INFO: Best model saved at epoch 14 with val_mse 17.423659
2025-12-05 16:56:02,343 - /home/kantorkristof/git/neurips-polymer/II_Experiment-Molecule/GNN/GCN.py[line:226] - INFO: Epoch [15/1000] Train_MSE: 14.838978 Val_MSE: 17.657282 | Loss: 15.697844
2025-12-05 16:56:02,444 - /home/kantorkristof/git/neurips-polymer/II_Experiment-Molecule/GNN/GCN.py[line:226] - INFO: Epoch [16/1000] Train_MSE: 14.848391 Val_MSE: 17.693370 | Loss: 15.142080
2025-12-05 16:56:02,535 - /home/kantorkristof/git/neurips-polymer/II_Experiment-Molecule/GNN/GCN.py[line:226] - INFO: Epoch [17/1000] Train_MSE: 14.590845 Val_MSE: 17.221504 | Loss: 15.992197
2025-12-05 16:56:02,538 - /home/kantorkristof/git/neurips-polymer/II_Experiment-Molecule/GNN/GCN.py[line:236] - INFO: Best model saved at epoch 17 with val_mse 17.221504
2025-12-05 16:56:02,623 - /home/kantorkristof/git/neurips-polymer/II_Experiment-Molecule/GNN/GCN.py[line:226] - INFO: Epoch [18/1000] Train_MSE: 14.510792 Val_MSE: 17.149978 | Loss: 14.758111
2025-12-05 16:56:02,625 - /home/kantorkristof/git/neurips-polymer/II_Experiment-Molecule/GNN/GCN.py[line:236] - INFO: Best model saved at epoch 18 with val_mse 17.149978
2025-12-05 16:56:02,732 - /home/kantorkristof/git/neurips-polymer/II_Experiment-Molecule/GNN/GCN.py[line:226] - INFO: Epoch [19/1000] Train_MSE: 17.110092 Val_MSE: 20.135291 | Loss: 15.887428
2025-12-05 16:56:02,827 - /home/kantorkristof/git/neurips-polymer/II_Experiment-Molecule/GNN/GCN.py[line:226] - INFO: Epoch [20/1000] Train_MSE: 14.376962 Val_MSE: 17.561888 | Loss: 14.705099
2025-12-05 16:56:02,929 - /home/kantorkristof/git/neurips-polymer/II_Experiment-Molecule/GNN/GCN.py[line:226] - INFO: Epoch [21/1000] Train_MSE: 15.179708 Val_MSE: 18.206718 | Loss: 16.124252
2025-12-05 16:56:03,014 - /home/kantorkristof/git/neurips-polymer/II_Experiment-Molecule/GNN/GCN.py[line:226] - INFO: Epoch [22/1000] Train_MSE: 15.594229 Val_MSE: 18.603805 | Loss: 15.889466
2025-12-05 16:56:03,101 - /home/kantorkristof/git/neurips-polymer/II_Experiment-Molecule/GNN/GCN.py[line:226] - INFO: Epoch [23/1000] Train_MSE: 15.238519 Val_MSE: 18.186449 | Loss: 15.109743
2025-12-05 16:56:03,190 - /home/kantorkristof/git/neurips-polymer/II_Experiment-Molecule/GNN/GCN.py[line:226] - INFO: Epoch [24/1000] Train_MSE: 19.357443 Val_MSE: 22.013762 | Loss: 15.012840
2025-12-05 16:56:03,277 - /home/kantorkristof/git/neurips-polymer/II_Experiment-Molecule/GNN/GCN.py[line:226] - INFO: Epoch [25/1000] Train_MSE: 14.704128 Val_MSE: 17.624673 | Loss: 15.884470
2025-12-05 16:56:03,359 - /home/kantorkristof/git/neurips-polymer/II_Experiment-Molecule/GNN/GCN.py[line:226] - INFO: Epoch [26/1000] Train_MSE: 14.828160 Val_MSE: 17.909109 | Loss: 15.290617
2025-12-05 16:56:03,448 - /home/kantorkristof/git/neurips-polymer/II_Experiment-Molecule/GNN/GCN.py[line:226] - INFO: Epoch [27/1000] Train_MSE: 15.824705 Val_MSE: 18.867964 | Loss: 14.857079
2025-12-05 16:56:03,530 - /home/kantorkristof/git/neurips-polymer/II_Experiment-Molecule/GNN/GCN.py[line:226] - INFO: Epoch [28/1000] Train_MSE: 17.313877 Val_MSE: 20.110800 | Loss: 14.082320
2025-12-05 16:56:03,611 - /home/kantorkristof/git/neurips-polymer/II_Experiment-Molecule/GNN/GCN.py[line:226] - INFO: Epoch [29/1000] Train_MSE: 14.219492 Val_MSE: 17.216928 | Loss: 15.001229
2025-12-05 16:56:03,687 - /home/kantorkristof/git/neurips-polymer/II_Experiment-Molecule/GNN/GCN.py[line:226] - INFO: Epoch [30/1000] Train_MSE: 14.672415 Val_MSE: 17.829850 | Loss: 15.301233
2025-12-05 16:56:03,763 - /home/kantorkristof/git/neurips-polymer/II_Experiment-Molecule/GNN/GCN.py[line:226] - INFO: Epoch [31/1000] Train_MSE: 14.126482 Val_MSE: 16.957854 | Loss: 14.942995
2025-12-05 16:56:03,766 - /home/kantorkristof/git/neurips-polymer/II_Experiment-Molecule/GNN/GCN.py[line:236] - INFO: Best model saved at epoch 31 with val_mse 16.957854
2025-12-05 16:56:03,843 - /home/kantorkristof/git/neurips-polymer/II_Experiment-Molecule/GNN/GCN.py[line:226] - INFO: Epoch [32/1000] Train_MSE: 14.001636 Val_MSE: 16.846055 | Loss: 14.025156
2025-12-05 16:56:03,845 - /home/kantorkristof/git/neurips-polymer/II_Experiment-Molecule/GNN/GCN.py[line:236] - INFO: Best model saved at epoch 32 with val_mse 16.846055
2025-12-05 16:56:03,930 - /home/kantorkristof/git/neurips-polymer/II_Experiment-Molecule/GNN/GCN.py[line:226] - INFO: Epoch [33/1000] Train_MSE: 13.676545 Val_MSE: 16.572873 | Loss: 15.526336
2025-12-05 16:56:03,932 - /home/kantorkristof/git/neurips-polymer/II_Experiment-Molecule/GNN/GCN.py[line:236] - INFO: Best model saved at epoch 33 with val_mse 16.572873
2025-12-05 16:56:04,019 - /home/kantorkristof/git/neurips-polymer/II_Experiment-Molecule/GNN/GCN.py[line:226] - INFO: Epoch [34/1000] Train_MSE: 13.504692 Val_MSE: 16.519375 | Loss: 14.335751
2025-12-05 16:56:04,022 - /home/kantorkristof/git/neurips-polymer/II_Experiment-Molecule/GNN/GCN.py[line:236] - INFO: Best model saved at epoch 34 with val_mse 16.519375
2025-12-05 16:56:04,106 - /home/kantorkristof/git/neurips-polymer/II_Experiment-Molecule/GNN/GCN.py[line:226] - INFO: Epoch [35/1000] Train_MSE: 13.490574 Val_MSE: 16.600626 | Loss: 14.701131
2025-12-05 16:56:04,188 - /home/kantorkristof/git/neurips-polymer/II_Experiment-Molecule/GNN/GCN.py[line:226] - INFO: Epoch [36/1000] Train_MSE: 18.781848 Val_MSE: 21.664534 | Loss: 14.780095
2025-12-05 16:56:04,271 - /home/kantorkristof/git/neurips-polymer/II_Experiment-Molecule/GNN/GCN.py[line:226] - INFO: Epoch [37/1000] Train_MSE: 13.360233 Val_MSE: 16.709242 | Loss: 14.099704
2025-12-05 16:56:04,354 - /home/kantorkristof/git/neurips-polymer/II_Experiment-Molecule/GNN/GCN.py[line:226] - INFO: Epoch [38/1000] Train_MSE: 13.864499 Val_MSE: 17.129757 | Loss: 14.142766
2025-12-05 16:56:04,437 - /home/kantorkristof/git/neurips-polymer/II_Experiment-Molecule/GNN/GCN.py[line:226] - INFO: Epoch [39/1000] Train_MSE: 14.481185 Val_MSE: 17.532294 | Loss: 14.189875
2025-12-05 16:56:04,520 - /home/kantorkristof/git/neurips-polymer/II_Experiment-Molecule/GNN/GCN.py[line:226] - INFO: Epoch [40/1000] Train_MSE: 13.375879 Val_MSE: 16.460538 | Loss: 14.923378
2025-12-05 16:56:04,522 - /home/kantorkristof/git/neurips-polymer/II_Experiment-Molecule/GNN/GCN.py[line:236] - INFO: Best model saved at epoch 40 with val_mse 16.460538
2025-12-05 16:56:04,608 - /home/kantorkristof/git/neurips-polymer/II_Experiment-Molecule/GNN/GCN.py[line:226] - INFO: Epoch [41/1000] Train_MSE: 12.837272 Val_MSE: 15.919059 | Loss: 15.077505
2025-12-05 16:56:04,611 - /home/kantorkristof/git/neurips-polymer/II_Experiment-Molecule/GNN/GCN.py[line:236] - INFO: Best model saved at epoch 41 with val_mse 15.919059
2025-12-05 16:56:04,699 - /home/kantorkristof/git/neurips-polymer/II_Experiment-Molecule/GNN/GCN.py[line:226] - INFO: Epoch [42/1000] Train_MSE: 12.712825 Val_MSE: 15.887022 | Loss: 14.075478
2025-12-05 16:56:04,701 - /home/kantorkristof/git/neurips-polymer/II_Experiment-Molecule/GNN/GCN.py[line:236] - INFO: Best model saved at epoch 42 with val_mse 15.887022
2025-12-05 16:56:04,788 - /home/kantorkristof/git/neurips-polymer/II_Experiment-Molecule/GNN/GCN.py[line:226] - INFO: Epoch [43/1000] Train_MSE: 12.781170 Val_MSE: 15.805347 | Loss: 13.145817
2025-12-05 16:56:04,791 - /home/kantorkristof/git/neurips-polymer/II_Experiment-Molecule/GNN/GCN.py[line:236] - INFO: Best model saved at epoch 43 with val_mse 15.805347
2025-12-05 16:56:04,877 - /home/kantorkristof/git/neurips-polymer/II_Experiment-Molecule/GNN/GCN.py[line:226] - INFO: Epoch [44/1000] Train_MSE: 12.798925 Val_MSE: 15.768923 | Loss: 13.106908
2025-12-05 16:56:04,880 - /home/kantorkristof/git/neurips-polymer/II_Experiment-Molecule/GNN/GCN.py[line:236] - INFO: Best model saved at epoch 44 with val_mse 15.768923
2025-12-05 16:56:04,971 - /home/kantorkristof/git/neurips-polymer/II_Experiment-Molecule/GNN/GCN.py[line:226] - INFO: Epoch [45/1000] Train_MSE: 12.421563 Val_MSE: 15.499578 | Loss: 13.479493
2025-12-05 16:56:04,973 - /home/kantorkristof/git/neurips-polymer/II_Experiment-Molecule/GNN/GCN.py[line:236] - INFO: Best model saved at epoch 45 with val_mse 15.499578
2025-12-05 16:56:05,059 - /home/kantorkristof/git/neurips-polymer/II_Experiment-Molecule/GNN/GCN.py[line:226] - INFO: Epoch [46/1000] Train_MSE: 12.621933 Val_MSE: 15.559005 | Loss: 13.824460
2025-12-05 16:56:05,151 - /home/kantorkristof/git/neurips-polymer/II_Experiment-Molecule/GNN/GCN.py[line:226] - INFO: Epoch [47/1000] Train_MSE: 12.259514 Val_MSE: 15.190927 | Loss: 13.318936
2025-12-05 16:56:05,154 - /home/kantorkristof/git/neurips-polymer/II_Experiment-Molecule/GNN/GCN.py[line:236] - INFO: Best model saved at epoch 47 with val_mse 15.190927
2025-12-05 16:56:05,243 - /home/kantorkristof/git/neurips-polymer/II_Experiment-Molecule/GNN/GCN.py[line:226] - INFO: Epoch [48/1000] Train_MSE: 12.362185 Val_MSE: 15.743369 | Loss: 13.520241
2025-12-05 16:56:05,331 - /home/kantorkristof/git/neurips-polymer/II_Experiment-Molecule/GNN/GCN.py[line:226] - INFO: Epoch [49/1000] Train_MSE: 12.175748 Val_MSE: 15.288341 | Loss: 12.712951
2025-12-05 16:56:05,422 - /home/kantorkristof/git/neurips-polymer/II_Experiment-Molecule/GNN/GCN.py[line:226] - INFO: Epoch [50/1000] Train_MSE: 12.679663 Val_MSE: 15.972008 | Loss: 14.510455
2025-12-05 16:56:05,509 - /home/kantorkristof/git/neurips-polymer/II_Experiment-Molecule/GNN/GCN.py[line:226] - INFO: Epoch [51/1000] Train_MSE: 11.886504 Val_MSE: 15.045016 | Loss: 12.828433
2025-12-05 16:56:05,512 - /home/kantorkristof/git/neurips-polymer/II_Experiment-Molecule/GNN/GCN.py[line:236] - INFO: Best model saved at epoch 51 with val_mse 15.045016
2025-12-05 16:56:05,597 - /home/kantorkristof/git/neurips-polymer/II_Experiment-Molecule/GNN/GCN.py[line:226] - INFO: Epoch [52/1000] Train_MSE: 11.756392 Val_MSE: 14.680777 | Loss: 14.015257
2025-12-05 16:56:05,599 - /home/kantorkristof/git/neurips-polymer/II_Experiment-Molecule/GNN/GCN.py[line:236] - INFO: Best model saved at epoch 52 with val_mse 14.680777
2025-12-05 16:56:05,692 - /home/kantorkristof/git/neurips-polymer/II_Experiment-Molecule/GNN/GCN.py[line:226] - INFO: Epoch [53/1000] Train_MSE: 12.188347 Val_MSE: 15.165397 | Loss: 13.204493
2025-12-05 16:56:05,783 - /home/kantorkristof/git/neurips-polymer/II_Experiment-Molecule/GNN/GCN.py[line:226] - INFO: Epoch [54/1000] Train_MSE: 12.074849 Val_MSE: 15.046512 | Loss: 12.988581
2025-12-05 16:56:05,874 - /home/kantorkristof/git/neurips-polymer/II_Experiment-Molecule/GNN/GCN.py[line:226] - INFO: Epoch [55/1000] Train_MSE: 12.019796 Val_MSE: 15.096973 | Loss: 13.069079
2025-12-05 16:56:05,959 - /home/kantorkristof/git/neurips-polymer/II_Experiment-Molecule/GNN/GCN.py[line:226] - INFO: Epoch [56/1000] Train_MSE: 12.524289 Val_MSE: 15.723944 | Loss: 13.271178
2025-12-05 16:56:06,051 - /home/kantorkristof/git/neurips-polymer/II_Experiment-Molecule/GNN/GCN.py[line:226] - INFO: Epoch [57/1000] Train_MSE: 11.634399 Val_MSE: 14.734605 | Loss: 12.783709
2025-12-05 16:56:06,145 - /home/kantorkristof/git/neurips-polymer/II_Experiment-Molecule/GNN/GCN.py[line:226] - INFO: Epoch [58/1000] Train_MSE: 12.387168 Val_MSE: 15.368861 | Loss: 13.193485
2025-12-05 16:56:06,240 - /home/kantorkristof/git/neurips-polymer/II_Experiment-Molecule/GNN/GCN.py[line:226] - INFO: Epoch [59/1000] Train_MSE: 11.518628 Val_MSE: 14.661849 | Loss: 12.802882
2025-12-05 16:56:06,242 - /home/kantorkristof/git/neurips-polymer/II_Experiment-Molecule/GNN/GCN.py[line:236] - INFO: Best model saved at epoch 59 with val_mse 14.661849
2025-12-05 16:56:06,328 - /home/kantorkristof/git/neurips-polymer/II_Experiment-Molecule/GNN/GCN.py[line:226] - INFO: Epoch [60/1000] Train_MSE: 12.310146 Val_MSE: 15.238645 | Loss: 12.820983
2025-12-05 16:56:06,414 - /home/kantorkristof/git/neurips-polymer/II_Experiment-Molecule/GNN/GCN.py[line:226] - INFO: Epoch [61/1000] Train_MSE: 11.333379 Val_MSE: 14.433900 | Loss: 12.567370
2025-12-05 16:56:06,416 - /home/kantorkristof/git/neurips-polymer/II_Experiment-Molecule/GNN/GCN.py[line:236] - INFO: Best model saved at epoch 61 with val_mse 14.433900
2025-12-05 16:56:06,508 - /home/kantorkristof/git/neurips-polymer/II_Experiment-Molecule/GNN/GCN.py[line:226] - INFO: Epoch [62/1000] Train_MSE: 12.556970 Val_MSE: 15.508308 | Loss: 12.091226
2025-12-05 16:56:06,598 - /home/kantorkristof/git/neurips-polymer/II_Experiment-Molecule/GNN/GCN.py[line:226] - INFO: Epoch [63/1000] Train_MSE: 11.788930 Val_MSE: 14.742457 | Loss: 12.118594
2025-12-05 16:56:06,695 - /home/kantorkristof/git/neurips-polymer/II_Experiment-Molecule/GNN/GCN.py[line:226] - INFO: Epoch [64/1000] Train_MSE: 11.203666 Val_MSE: 14.408882 | Loss: 12.883620
2025-12-05 16:56:06,698 - /home/kantorkristof/git/neurips-polymer/II_Experiment-Molecule/GNN/GCN.py[line:236] - INFO: Best model saved at epoch 64 with val_mse 14.408882
2025-12-05 16:56:06,783 - /home/kantorkristof/git/neurips-polymer/II_Experiment-Molecule/GNN/GCN.py[line:226] - INFO: Epoch [65/1000] Train_MSE: 11.673270 Val_MSE: 14.528448 | Loss: 11.570710
2025-12-05 16:56:06,872 - /home/kantorkristof/git/neurips-polymer/II_Experiment-Molecule/GNN/GCN.py[line:226] - INFO: Epoch [66/1000] Train_MSE: 11.191200 Val_MSE: 14.198738 | Loss: 11.816775
2025-12-05 16:56:06,875 - /home/kantorkristof/git/neurips-polymer/II_Experiment-Molecule/GNN/GCN.py[line:236] - INFO: Best model saved at epoch 66 with val_mse 14.198738
2025-12-05 16:56:06,977 - /home/kantorkristof/git/neurips-polymer/II_Experiment-Molecule/GNN/GCN.py[line:226] - INFO: Epoch [67/1000] Train_MSE: 11.964741 Val_MSE: 14.908901 | Loss: 12.111331
2025-12-05 16:56:07,059 - /home/kantorkristof/git/neurips-polymer/II_Experiment-Molecule/GNN/GCN.py[line:226] - INFO: Epoch [68/1000] Train_MSE: 11.056125 Val_MSE: 14.104929 | Loss: 12.065411
2025-12-05 16:56:07,062 - /home/kantorkristof/git/neurips-polymer/II_Experiment-Molecule/GNN/GCN.py[line:236] - INFO: Best model saved at epoch 68 with val_mse 14.104929
2025-12-05 16:56:07,146 - /home/kantorkristof/git/neurips-polymer/II_Experiment-Molecule/GNN/GCN.py[line:226] - INFO: Epoch [69/1000] Train_MSE: 11.869696 Val_MSE: 14.604109 | Loss: 11.719479
2025-12-05 16:56:07,234 - /home/kantorkristof/git/neurips-polymer/II_Experiment-Molecule/GNN/GCN.py[line:226] - INFO: Epoch [70/1000] Train_MSE: 10.840437 Val_MSE: 13.861915 | Loss: 12.205490
2025-12-05 16:56:07,237 - /home/kantorkristof/git/neurips-polymer/II_Experiment-Molecule/GNN/GCN.py[line:236] - INFO: Best model saved at epoch 70 with val_mse 13.861915
2025-12-05 16:56:07,329 - /home/kantorkristof/git/neurips-polymer/II_Experiment-Molecule/GNN/GCN.py[line:226] - INFO: Epoch [71/1000] Train_MSE: 11.047999 Val_MSE: 14.093019 | Loss: 13.681425
2025-12-05 16:56:07,410 - /home/kantorkristof/git/neurips-polymer/II_Experiment-Molecule/GNN/GCN.py[line:226] - INFO: Epoch [72/1000] Train_MSE: 10.943987 Val_MSE: 14.166798 | Loss: 12.836017
2025-12-05 16:56:07,497 - /home/kantorkristof/git/neurips-polymer/II_Experiment-Molecule/GNN/GCN.py[line:226] - INFO: Epoch [73/1000] Train_MSE: 10.887016 Val_MSE: 14.125169 | Loss: 12.559128
2025-12-05 16:56:07,580 - /home/kantorkristof/git/neurips-polymer/II_Experiment-Molecule/GNN/GCN.py[line:226] - INFO: Epoch [74/1000] Train_MSE: 10.973679 Val_MSE: 14.099359 | Loss: 12.840375
2025-12-05 16:56:07,662 - /home/kantorkristof/git/neurips-polymer/II_Experiment-Molecule/GNN/GCN.py[line:226] - INFO: Epoch [75/1000] Train_MSE: 14.448143 Val_MSE: 17.300312 | Loss: 12.351624
2025-12-05 16:56:07,743 - /home/kantorkristof/git/neurips-polymer/II_Experiment-Molecule/GNN/GCN.py[line:226] - INFO: Epoch [76/1000] Train_MSE: 11.712286 Val_MSE: 14.910157 | Loss: 12.423789
2025-12-05 16:56:07,837 - /home/kantorkristof/git/neurips-polymer/II_Experiment-Molecule/GNN/GCN.py[line:226] - INFO: Epoch [77/1000] Train_MSE: 12.805810 Val_MSE: 15.664687 | Loss: 11.363164
2025-12-05 16:56:07,923 - /home/kantorkristof/git/neurips-polymer/II_Experiment-Molecule/GNN/GCN.py[line:226] - INFO: Epoch [78/1000] Train_MSE: 12.104918 Val_MSE: 14.852926 | Loss: 12.031963
2025-12-05 16:56:08,007 - /home/kantorkristof/git/neurips-polymer/II_Experiment-Molecule/GNN/GCN.py[line:226] - INFO: Epoch [79/1000] Train_MSE: 10.728578 Val_MSE: 13.817231 | Loss: 12.671472
2025-12-05 16:56:08,010 - /home/kantorkristof/git/neurips-polymer/II_Experiment-Molecule/GNN/GCN.py[line:236] - INFO: Best model saved at epoch 79 with val_mse 13.817231
2025-12-05 16:56:08,098 - /home/kantorkristof/git/neurips-polymer/II_Experiment-Molecule/GNN/GCN.py[line:226] - INFO: Epoch [80/1000] Train_MSE: 12.319092 Val_MSE: 15.331627 | Loss: 11.327829
2025-12-05 16:56:08,181 - /home/kantorkristof/git/neurips-polymer/II_Experiment-Molecule/GNN/GCN.py[line:226] - INFO: Epoch [81/1000] Train_MSE: 10.595632 Val_MSE: 13.757349 | Loss: 12.203840
2025-12-05 16:56:08,184 - /home/kantorkristof/git/neurips-polymer/II_Experiment-Molecule/GNN/GCN.py[line:236] - INFO: Best model saved at epoch 81 with val_mse 13.757349
2025-12-05 16:56:08,267 - /home/kantorkristof/git/neurips-polymer/II_Experiment-Molecule/GNN/GCN.py[line:226] - INFO: Epoch [82/1000] Train_MSE: 13.146543 Val_MSE: 16.495883 | Loss: 12.429324
2025-12-05 16:56:08,362 - /home/kantorkristof/git/neurips-polymer/II_Experiment-Molecule/GNN/GCN.py[line:226] - INFO: Epoch [83/1000] Train_MSE: 13.729294 Val_MSE: 17.137619 | Loss: 11.784760
2025-12-05 16:56:08,439 - /home/kantorkristof/git/neurips-polymer/II_Experiment-Molecule/GNN/GCN.py[line:226] - INFO: Epoch [84/1000] Train_MSE: 10.440951 Val_MSE: 13.369917 | Loss: 11.175312
2025-12-05 16:56:08,442 - /home/kantorkristof/git/neurips-polymer/II_Experiment-Molecule/GNN/GCN.py[line:236] - INFO: Best model saved at epoch 84 with val_mse 13.369917
2025-12-05 16:56:08,525 - /home/kantorkristof/git/neurips-polymer/II_Experiment-Molecule/GNN/GCN.py[line:226] - INFO: Epoch [85/1000] Train_MSE: 10.524822 Val_MSE: 13.292077 | Loss: 12.064664
2025-12-05 16:56:08,528 - /home/kantorkristof/git/neurips-polymer/II_Experiment-Molecule/GNN/GCN.py[line:236] - INFO: Best model saved at epoch 85 with val_mse 13.292077
2025-12-05 16:56:08,614 - /home/kantorkristof/git/neurips-polymer/II_Experiment-Molecule/GNN/GCN.py[line:226] - INFO: Epoch [86/1000] Train_MSE: 14.152962 Val_MSE: 17.121746 | Loss: 11.875524
2025-12-05 16:56:08,700 - /home/kantorkristof/git/neurips-polymer/II_Experiment-Molecule/GNN/GCN.py[line:226] - INFO: Epoch [87/1000] Train_MSE: 11.612443 Val_MSE: 14.635600 | Loss: 11.775283
2025-12-05 16:56:08,787 - /home/kantorkristof/git/neurips-polymer/II_Experiment-Molecule/GNN/GCN.py[line:226] - INFO: Epoch [88/1000] Train_MSE: 17.833688 Val_MSE: 20.867634 | Loss: 11.854761
2025-12-05 16:56:08,870 - /home/kantorkristof/git/neurips-polymer/II_Experiment-Molecule/GNN/GCN.py[line:226] - INFO: Epoch [89/1000] Train_MSE: 14.265099 Val_MSE: 17.627534 | Loss: 12.265724
2025-12-05 16:56:08,954 - /home/kantorkristof/git/neurips-polymer/II_Experiment-Molecule/GNN/GCN.py[line:226] - INFO: Epoch [90/1000] Train_MSE: 10.687269 Val_MSE: 14.161243 | Loss: 11.500926
2025-12-05 16:56:09,042 - /home/kantorkristof/git/neurips-polymer/II_Experiment-Molecule/GNN/GCN.py[line:226] - INFO: Epoch [91/1000] Train_MSE: 10.204391 Val_MSE: 13.359065 | Loss: 11.666968
2025-12-05 16:56:09,120 - /home/kantorkristof/git/neurips-polymer/II_Experiment-Molecule/GNN/GCN.py[line:226] - INFO: Epoch [92/1000] Train_MSE: 11.160779 Val_MSE: 13.951163 | Loss: 10.471079
2025-12-05 16:56:09,210 - /home/kantorkristof/git/neurips-polymer/II_Experiment-Molecule/GNN/GCN.py[line:226] - INFO: Epoch [93/1000] Train_MSE: 9.853834 Val_MSE: 12.835457 | Loss: 10.895830
2025-12-05 16:56:09,212 - /home/kantorkristof/git/neurips-polymer/II_Experiment-Molecule/GNN/GCN.py[line:236] - INFO: Best model saved at epoch 93 with val_mse 12.835457
2025-12-05 16:56:09,295 - /home/kantorkristof/git/neurips-polymer/II_Experiment-Molecule/GNN/GCN.py[line:226] - INFO: Epoch [94/1000] Train_MSE: 11.749156 Val_MSE: 14.694786 | Loss: 11.365257
2025-12-05 16:56:09,374 - /home/kantorkristof/git/neurips-polymer/II_Experiment-Molecule/GNN/GCN.py[line:226] - INFO: Epoch [95/1000] Train_MSE: 9.879807 Val_MSE: 13.116246 | Loss: 12.885278
2025-12-05 16:56:09,458 - /home/kantorkristof/git/neurips-polymer/II_Experiment-Molecule/GNN/GCN.py[line:226] - INFO: Epoch [96/1000] Train_MSE: 10.130144 Val_MSE: 13.332795 | Loss: 11.370436
2025-12-05 16:56:09,548 - /home/kantorkristof/git/neurips-polymer/II_Experiment-Molecule/GNN/GCN.py[line:226] - INFO: Epoch [97/1000] Train_MSE: 9.698363 Val_MSE: 13.048054 | Loss: 10.815329
2025-12-05 16:56:09,634 - /home/kantorkristof/git/neurips-polymer/II_Experiment-Molecule/GNN/GCN.py[line:226] - INFO: Epoch [98/1000] Train_MSE: 10.871787 Val_MSE: 14.194751 | Loss: 11.103919
2025-12-05 16:56:09,720 - /home/kantorkristof/git/neurips-polymer/II_Experiment-Molecule/GNN/GCN.py[line:226] - INFO: Epoch [99/1000] Train_MSE: 10.863110 Val_MSE: 13.894620 | Loss: 10.871535
2025-12-05 16:56:09,802 - /home/kantorkristof/git/neurips-polymer/II_Experiment-Molecule/GNN/GCN.py[line:226] - INFO: Epoch [100/1000] Train_MSE: 15.674370 Val_MSE: 18.634207 | Loss: 11.092207
2025-12-05 16:56:09,890 - /home/kantorkristof/git/neurips-polymer/II_Experiment-Molecule/GNN/GCN.py[line:226] - INFO: Epoch [101/1000] Train_MSE: 9.448266 Val_MSE: 12.580430 | Loss: 11.976505
2025-12-05 16:56:09,892 - /home/kantorkristof/git/neurips-polymer/II_Experiment-Molecule/GNN/GCN.py[line:236] - INFO: Best model saved at epoch 101 with val_mse 12.580430
2025-12-05 16:56:09,976 - /home/kantorkristof/git/neurips-polymer/II_Experiment-Molecule/GNN/GCN.py[line:226] - INFO: Epoch [102/1000] Train_MSE: 10.507176 Val_MSE: 13.766159 | Loss: 11.951571
2025-12-05 16:56:10,062 - /home/kantorkristof/git/neurips-polymer/II_Experiment-Molecule/GNN/GCN.py[line:226] - INFO: Epoch [103/1000] Train_MSE: 11.112550 Val_MSE: 14.621260 | Loss: 11.634419
2025-12-05 16:56:10,143 - /home/kantorkristof/git/neurips-polymer/II_Experiment-Molecule/GNN/GCN.py[line:226] - INFO: Epoch [104/1000] Train_MSE: 10.359409 Val_MSE: 13.721975 | Loss: 10.906191
2025-12-05 16:56:10,226 - /home/kantorkristof/git/neurips-polymer/II_Experiment-Molecule/GNN/GCN.py[line:226] - INFO: Epoch [105/1000] Train_MSE: 9.631989 Val_MSE: 12.446854 | Loss: 10.678304
2025-12-05 16:56:10,228 - /home/kantorkristof/git/neurips-polymer/II_Experiment-Molecule/GNN/GCN.py[line:236] - INFO: Best model saved at epoch 105 with val_mse 12.446854
2025-12-05 16:56:10,325 - /home/kantorkristof/git/neurips-polymer/II_Experiment-Molecule/GNN/GCN.py[line:226] - INFO: Epoch [106/1000] Train_MSE: 9.395078 Val_MSE: 12.387327 | Loss: 10.778013
2025-12-05 16:56:10,328 - /home/kantorkristof/git/neurips-polymer/II_Experiment-Molecule/GNN/GCN.py[line:236] - INFO: Best model saved at epoch 106 with val_mse 12.387327
2025-12-05 16:56:10,414 - /home/kantorkristof/git/neurips-polymer/II_Experiment-Molecule/GNN/GCN.py[line:226] - INFO: Epoch [107/1000] Train_MSE: 9.954471 Val_MSE: 13.157283 | Loss: 11.220448
2025-12-05 16:56:10,504 - /home/kantorkristof/git/neurips-polymer/II_Experiment-Molecule/GNN/GCN.py[line:226] - INFO: Epoch [108/1000] Train_MSE: 9.269294 Val_MSE: 12.637584 | Loss: 10.913367
2025-12-05 16:56:10,584 - /home/kantorkristof/git/neurips-polymer/II_Experiment-Molecule/GNN/GCN.py[line:226] - INFO: Epoch [109/1000] Train_MSE: 9.948532 Val_MSE: 12.924243 | Loss: 10.231217
2025-12-05 16:56:10,668 - /home/kantorkristof/git/neurips-polymer/II_Experiment-Molecule/GNN/GCN.py[line:226] - INFO: Epoch [110/1000] Train_MSE: 9.173591 Val_MSE: 12.486141 | Loss: 10.520786
2025-12-05 16:56:10,757 - /home/kantorkristof/git/neurips-polymer/II_Experiment-Molecule/GNN/GCN.py[line:226] - INFO: Epoch [111/1000] Train_MSE: 11.972488 Val_MSE: 15.063494 | Loss: 10.747476
2025-12-05 16:56:10,839 - /home/kantorkristof/git/neurips-polymer/II_Experiment-Molecule/GNN/GCN.py[line:226] - INFO: Epoch [112/1000] Train_MSE: 9.247781 Val_MSE: 12.523026 | Loss: 10.016576
2025-12-05 16:56:10,922 - /home/kantorkristof/git/neurips-polymer/II_Experiment-Molecule/GNN/GCN.py[line:226] - INFO: Epoch [113/1000] Train_MSE: 9.160009 Val_MSE: 12.084709 | Loss: 9.874283
2025-12-05 16:56:10,925 - /home/kantorkristof/git/neurips-polymer/II_Experiment-Molecule/GNN/GCN.py[line:236] - INFO: Best model saved at epoch 113 with val_mse 12.084709
2025-12-05 16:56:11,007 - /home/kantorkristof/git/neurips-polymer/II_Experiment-Molecule/GNN/GCN.py[line:226] - INFO: Epoch [114/1000] Train_MSE: 9.466348 Val_MSE: 12.599316 | Loss: 10.427068
2025-12-05 16:56:11,090 - /home/kantorkristof/git/neurips-polymer/II_Experiment-Molecule/GNN/GCN.py[line:226] - INFO: Epoch [115/1000] Train_MSE: 12.566745 Val_MSE: 15.300524 | Loss: 10.927741
2025-12-05 16:56:11,177 - /home/kantorkristof/git/neurips-polymer/II_Experiment-Molecule/GNN/GCN.py[line:226] - INFO: Epoch [116/1000] Train_MSE: 9.417297 Val_MSE: 12.772112 | Loss: 12.838618
2025-12-05 16:56:11,262 - /home/kantorkristof/git/neurips-polymer/II_Experiment-Molecule/GNN/GCN.py[line:226] - INFO: Epoch [117/1000] Train_MSE: 9.089577 Val_MSE: 12.227591 | Loss: 11.134380
2025-12-05 16:56:11,345 - /home/kantorkristof/git/neurips-polymer/II_Experiment-Molecule/GNN/GCN.py[line:226] - INFO: Epoch [118/1000] Train_MSE: 11.353389 Val_MSE: 14.925929 | Loss: 10.502928
2025-12-05 16:56:11,427 - /home/kantorkristof/git/neurips-polymer/II_Experiment-Molecule/GNN/GCN.py[line:226] - INFO: Epoch [119/1000] Train_MSE: 9.011459 Val_MSE: 12.609343 | Loss: 10.016267
2025-12-05 16:56:11,510 - /home/kantorkristof/git/neurips-polymer/II_Experiment-Molecule/GNN/GCN.py[line:226] - INFO: Epoch [120/1000] Train_MSE: 9.879367 Val_MSE: 13.470577 | Loss: 9.988718
2025-12-05 16:56:11,599 - /home/kantorkristof/git/neurips-polymer/II_Experiment-Molecule/GNN/GCN.py[line:226] - INFO: Epoch [121/1000] Train_MSE: 9.289824 Val_MSE: 12.963591 | Loss: 10.414683
2025-12-05 16:56:11,683 - /home/kantorkristof/git/neurips-polymer/II_Experiment-Molecule/GNN/GCN.py[line:226] - INFO: Epoch [122/1000] Train_MSE: 9.351031 Val_MSE: 12.882725 | Loss: 12.449839
2025-12-05 16:56:11,764 - /home/kantorkristof/git/neurips-polymer/II_Experiment-Molecule/GNN/GCN.py[line:226] - INFO: Epoch [123/1000] Train_MSE: 17.235497 Val_MSE: 20.591995 | Loss: 10.046551
2025-12-05 16:56:11,848 - /home/kantorkristof/git/neurips-polymer/II_Experiment-Molecule/GNN/GCN.py[line:226] - INFO: Epoch [124/1000] Train_MSE: 17.185456 Val_MSE: 20.002031 | Loss: 10.029995
2025-12-05 16:56:11,931 - /home/kantorkristof/git/neurips-polymer/II_Experiment-Molecule/GNN/GCN.py[line:226] - INFO: Epoch [125/1000] Train_MSE: 9.529829 Val_MSE: 12.854135 | Loss: 10.655498
2025-12-05 16:56:12,018 - /home/kantorkristof/git/neurips-polymer/II_Experiment-Molecule/GNN/GCN.py[line:226] - INFO: Epoch [126/1000] Train_MSE: 8.890857 Val_MSE: 12.210483 | Loss: 10.124422
2025-12-05 16:56:12,107 - /home/kantorkristof/git/neurips-polymer/II_Experiment-Molecule/GNN/GCN.py[line:226] - INFO: Epoch [127/1000] Train_MSE: 13.713758 Val_MSE: 16.828762 | Loss: 9.526932
2025-12-05 16:56:12,188 - /home/kantorkristof/git/neurips-polymer/II_Experiment-Molecule/GNN/GCN.py[line:226] - INFO: Epoch [128/1000] Train_MSE: 9.920210 Val_MSE: 13.123673 | Loss: 9.785847
2025-12-05 16:56:12,279 - /home/kantorkristof/git/neurips-polymer/II_Experiment-Molecule/GNN/GCN.py[line:226] - INFO: Epoch [129/1000] Train_MSE: 9.556350 Val_MSE: 13.342131 | Loss: 9.698560
2025-12-05 16:56:12,362 - /home/kantorkristof/git/neurips-polymer/II_Experiment-Molecule/GNN/GCN.py[line:226] - INFO: Epoch [130/1000] Train_MSE: 8.690515 Val_MSE: 12.381548 | Loss: 9.258536
2025-12-05 16:56:12,445 - /home/kantorkristof/git/neurips-polymer/II_Experiment-Molecule/GNN/GCN.py[line:226] - INFO: Epoch [131/1000] Train_MSE: 9.466976 Val_MSE: 12.961850 | Loss: 9.556409
2025-12-05 16:56:12,529 - /home/kantorkristof/git/neurips-polymer/II_Experiment-Molecule/GNN/GCN.py[line:226] - INFO: Epoch [132/1000] Train_MSE: 8.667060 Val_MSE: 12.149474 | Loss: 10.706947
2025-12-05 16:56:12,614 - /home/kantorkristof/git/neurips-polymer/II_Experiment-Molecule/GNN/GCN.py[line:226] - INFO: Epoch [133/1000] Train_MSE: 9.726609 Val_MSE: 13.148026 | Loss: 9.409093
2025-12-05 16:56:12,708 - /home/kantorkristof/git/neurips-polymer/II_Experiment-Molecule/GNN/GCN.py[line:226] - INFO: Epoch [134/1000] Train_MSE: 8.355329 Val_MSE: 12.248175 | Loss: 9.347392
2025-12-05 16:56:12,792 - /home/kantorkristof/git/neurips-polymer/II_Experiment-Molecule/GNN/GCN.py[line:226] - INFO: Epoch [135/1000] Train_MSE: 9.067189 Val_MSE: 12.622387 | Loss: 9.850867
2025-12-05 16:56:12,882 - /home/kantorkristof/git/neurips-polymer/II_Experiment-Molecule/GNN/GCN.py[line:226] - INFO: Epoch [136/1000] Train_MSE: 8.773048 Val_MSE: 12.294537 | Loss: 11.119280
2025-12-05 16:56:12,971 - /home/kantorkristof/git/neurips-polymer/II_Experiment-Molecule/GNN/GCN.py[line:226] - INFO: Epoch [137/1000] Train_MSE: 8.988930 Val_MSE: 12.502403 | Loss: 9.199164
2025-12-05 16:56:13,057 - /home/kantorkristof/git/neurips-polymer/II_Experiment-Molecule/GNN/GCN.py[line:226] - INFO: Epoch [138/1000] Train_MSE: 10.002807 Val_MSE: 13.554971 | Loss: 12.664601
2025-12-05 16:56:13,145 - /home/kantorkristof/git/neurips-polymer/II_Experiment-Molecule/GNN/GCN.py[line:226] - INFO: Epoch [139/1000] Train_MSE: 8.520799 Val_MSE: 12.493858 | Loss: 10.544737
2025-12-05 16:56:13,229 - /home/kantorkristof/git/neurips-polymer/II_Experiment-Molecule/GNN/GCN.py[line:226] - INFO: Epoch [140/1000] Train_MSE: 9.785097 Val_MSE: 13.698326 | Loss: 9.270237
2025-12-05 16:56:13,324 - /home/kantorkristof/git/neurips-polymer/II_Experiment-Molecule/GNN/GCN.py[line:226] - INFO: Epoch [141/1000] Train_MSE: 10.010234 Val_MSE: 13.437268 | Loss: 9.954450
2025-12-05 16:56:13,405 - /home/kantorkristof/git/neurips-polymer/II_Experiment-Molecule/GNN/GCN.py[line:226] - INFO: Epoch [142/1000] Train_MSE: 8.578841 Val_MSE: 12.518529 | Loss: 10.105236
2025-12-05 16:56:13,495 - /home/kantorkristof/git/neurips-polymer/II_Experiment-Molecule/GNN/GCN.py[line:226] - INFO: Epoch [143/1000] Train_MSE: 10.258518 Val_MSE: 14.114337 | Loss: 10.341053
2025-12-05 16:56:13,575 - /home/kantorkristof/git/neurips-polymer/II_Experiment-Molecule/GNN/GCN.py[line:226] - INFO: Epoch [144/1000] Train_MSE: 15.509978 Val_MSE: 19.162602 | Loss: 10.517903
2025-12-05 16:56:13,665 - /home/kantorkristof/git/neurips-polymer/II_Experiment-Molecule/GNN/GCN.py[line:226] - INFO: Epoch [145/1000] Train_MSE: 11.067634 Val_MSE: 14.737423 | Loss: 10.283943
2025-12-05 16:56:13,756 - /home/kantorkristof/git/neurips-polymer/II_Experiment-Molecule/GNN/GCN.py[line:226] - INFO: Epoch [146/1000] Train_MSE: 12.036974 Val_MSE: 15.761750 | Loss: 10.911212
2025-12-05 16:56:13,842 - /home/kantorkristof/git/neurips-polymer/II_Experiment-Molecule/GNN/GCN.py[line:226] - INFO: Epoch [147/1000] Train_MSE: 8.364484 Val_MSE: 12.066266 | Loss: 9.944927
2025-12-05 16:56:13,845 - /home/kantorkristof/git/neurips-polymer/II_Experiment-Molecule/GNN/GCN.py[line:236] - INFO: Best model saved at epoch 147 with val_mse 12.066266
2025-12-05 16:56:13,946 - /home/kantorkristof/git/neurips-polymer/II_Experiment-Molecule/GNN/GCN.py[line:226] - INFO: Epoch [148/1000] Train_MSE: 8.233898 Val_MSE: 12.024381 | Loss: 9.401648
2025-12-05 16:56:13,949 - /home/kantorkristof/git/neurips-polymer/II_Experiment-Molecule/GNN/GCN.py[line:236] - INFO: Best model saved at epoch 148 with val_mse 12.024381
2025-12-05 16:56:14,060 - /home/kantorkristof/git/neurips-polymer/II_Experiment-Molecule/GNN/GCN.py[line:226] - INFO: Epoch [149/1000] Train_MSE: 11.023070 Val_MSE: 14.499929 | Loss: 10.563780
2025-12-05 16:56:14,158 - /home/kantorkristof/git/neurips-polymer/II_Experiment-Molecule/GNN/GCN.py[line:226] - INFO: Epoch [150/1000] Train_MSE: 8.785614 Val_MSE: 12.508219 | Loss: 9.806674
2025-12-05 16:56:14,246 - /home/kantorkristof/git/neurips-polymer/II_Experiment-Molecule/GNN/GCN.py[line:226] - INFO: Epoch [151/1000] Train_MSE: 8.366874 Val_MSE: 12.415908 | Loss: 9.983834
2025-12-05 16:56:14,336 - /home/kantorkristof/git/neurips-polymer/II_Experiment-Molecule/GNN/GCN.py[line:226] - INFO: Epoch [152/1000] Train_MSE: 8.417617 Val_MSE: 12.406632 | Loss: 10.379301
2025-12-05 16:56:14,438 - /home/kantorkristof/git/neurips-polymer/II_Experiment-Molecule/GNN/GCN.py[line:226] - INFO: Epoch [153/1000] Train_MSE: 10.116436 Val_MSE: 13.360085 | Loss: 10.640267
2025-12-05 16:56:14,536 - /home/kantorkristof/git/neurips-polymer/II_Experiment-Molecule/GNN/GCN.py[line:226] - INFO: Epoch [154/1000] Train_MSE: 8.643199 Val_MSE: 12.057222 | Loss: 9.051774
2025-12-05 16:56:14,624 - /home/kantorkristof/git/neurips-polymer/II_Experiment-Molecule/GNN/GCN.py[line:226] - INFO: Epoch [155/1000] Train_MSE: 8.420741 Val_MSE: 11.758948 | Loss: 9.770892
2025-12-05 16:56:14,626 - /home/kantorkristof/git/neurips-polymer/II_Experiment-Molecule/GNN/GCN.py[line:236] - INFO: Best model saved at epoch 155 with val_mse 11.758948
2025-12-05 16:56:14,714 - /home/kantorkristof/git/neurips-polymer/II_Experiment-Molecule/GNN/GCN.py[line:226] - INFO: Epoch [156/1000] Train_MSE: 13.933760 Val_MSE: 17.599975 | Loss: 10.065071
2025-12-05 16:56:14,810 - /home/kantorkristof/git/neurips-polymer/II_Experiment-Molecule/GNN/GCN.py[line:226] - INFO: Epoch [157/1000] Train_MSE: 13.326296 Val_MSE: 16.978810 | Loss: 9.844103
2025-12-05 16:56:14,907 - /home/kantorkristof/git/neurips-polymer/II_Experiment-Molecule/GNN/GCN.py[line:226] - INFO: Epoch [158/1000] Train_MSE: 13.899827 Val_MSE: 17.749866 | Loss: 10.432781
2025-12-05 16:56:15,000 - /home/kantorkristof/git/neurips-polymer/II_Experiment-Molecule/GNN/GCN.py[line:226] - INFO: Epoch [159/1000] Train_MSE: 8.049369 Val_MSE: 11.915430 | Loss: 9.079262
2025-12-05 16:56:15,106 - /home/kantorkristof/git/neurips-polymer/II_Experiment-Molecule/GNN/GCN.py[line:226] - INFO: Epoch [160/1000] Train_MSE: 8.271204 Val_MSE: 12.284827 | Loss: 9.148186
2025-12-05 16:56:15,237 - /home/kantorkristof/git/neurips-polymer/II_Experiment-Molecule/GNN/GCN.py[line:226] - INFO: Epoch [161/1000] Train_MSE: 8.408474 Val_MSE: 12.430272 | Loss: 10.336809
2025-12-05 16:56:15,333 - /home/kantorkristof/git/neurips-polymer/II_Experiment-Molecule/GNN/GCN.py[line:226] - INFO: Epoch [162/1000] Train_MSE: 8.931784 Val_MSE: 12.539950 | Loss: 9.012796
2025-12-05 16:56:15,418 - /home/kantorkristof/git/neurips-polymer/II_Experiment-Molecule/GNN/GCN.py[line:226] - INFO: Epoch [163/1000] Train_MSE: 7.835051 Val_MSE: 11.856604 | Loss: 9.367531
2025-12-05 16:56:15,504 - /home/kantorkristof/git/neurips-polymer/II_Experiment-Molecule/GNN/GCN.py[line:226] - INFO: Epoch [164/1000] Train_MSE: 8.563804 Val_MSE: 12.588988 | Loss: 9.295075
2025-12-05 16:56:15,591 - /home/kantorkristof/git/neurips-polymer/II_Experiment-Molecule/GNN/GCN.py[line:226] - INFO: Epoch [165/1000] Train_MSE: 8.768825 Val_MSE: 12.679104 | Loss: 9.033623
2025-12-05 16:56:15,685 - /home/kantorkristof/git/neurips-polymer/II_Experiment-Molecule/GNN/GCN.py[line:226] - INFO: Epoch [166/1000] Train_MSE: 7.863103 Val_MSE: 11.770492 | Loss: 8.365059
2025-12-05 16:56:15,780 - /home/kantorkristof/git/neurips-polymer/II_Experiment-Molecule/GNN/GCN.py[line:226] - INFO: Epoch [167/1000] Train_MSE: 10.013454 Val_MSE: 13.952016 | Loss: 9.928575
2025-12-05 16:56:15,869 - /home/kantorkristof/git/neurips-polymer/II_Experiment-Molecule/GNN/GCN.py[line:226] - INFO: Epoch [168/1000] Train_MSE: 8.113460 Val_MSE: 12.404720 | Loss: 9.718194
2025-12-05 16:56:15,974 - /home/kantorkristof/git/neurips-polymer/II_Experiment-Molecule/GNN/GCN.py[line:226] - INFO: Epoch [169/1000] Train_MSE: 9.076249 Val_MSE: 12.986204 | Loss: 9.527134
2025-12-05 16:56:16,062 - /home/kantorkristof/git/neurips-polymer/II_Experiment-Molecule/GNN/GCN.py[line:226] - INFO: Epoch [170/1000] Train_MSE: 7.763779 Val_MSE: 11.860517 | Loss: 9.083588
2025-12-05 16:56:16,151 - /home/kantorkristof/git/neurips-polymer/II_Experiment-Molecule/GNN/GCN.py[line:226] - INFO: Epoch [171/1000] Train_MSE: 8.995932 Val_MSE: 13.207385 | Loss: 9.428539
2025-12-05 16:56:16,235 - /home/kantorkristof/git/neurips-polymer/II_Experiment-Molecule/GNN/GCN.py[line:226] - INFO: Epoch [172/1000] Train_MSE: 12.706997 Val_MSE: 16.433122 | Loss: 10.549142
2025-12-05 16:56:16,334 - /home/kantorkristof/git/neurips-polymer/II_Experiment-Molecule/GNN/GCN.py[line:226] - INFO: Epoch [173/1000] Train_MSE: 7.632940 Val_MSE: 11.532923 | Loss: 9.321266
2025-12-05 16:56:16,336 - /home/kantorkristof/git/neurips-polymer/II_Experiment-Molecule/GNN/GCN.py[line:236] - INFO: Best model saved at epoch 173 with val_mse 11.532923
2025-12-05 16:56:16,430 - /home/kantorkristof/git/neurips-polymer/II_Experiment-Molecule/GNN/GCN.py[line:226] - INFO: Epoch [174/1000] Train_MSE: 7.523777 Val_MSE: 11.760409 | Loss: 8.704242
2025-12-05 16:56:16,516 - /home/kantorkristof/git/neurips-polymer/II_Experiment-Molecule/GNN/GCN.py[line:226] - INFO: Epoch [175/1000] Train_MSE: 7.554205 Val_MSE: 11.719424 | Loss: 9.235553
2025-12-05 16:56:16,597 - /home/kantorkristof/git/neurips-polymer/II_Experiment-Molecule/GNN/GCN.py[line:226] - INFO: Epoch [176/1000] Train_MSE: 9.300133 Val_MSE: 13.242688 | Loss: 8.969176
2025-12-05 16:56:16,682 - /home/kantorkristof/git/neurips-polymer/II_Experiment-Molecule/GNN/GCN.py[line:226] - INFO: Epoch [177/1000] Train_MSE: 7.760910 Val_MSE: 11.756755 | Loss: 8.669041
2025-12-05 16:56:16,767 - /home/kantorkristof/git/neurips-polymer/II_Experiment-Molecule/GNN/GCN.py[line:226] - INFO: Epoch [178/1000] Train_MSE: 10.013633 Val_MSE: 14.278126 | Loss: 8.850509
2025-12-05 16:56:16,852 - /home/kantorkristof/git/neurips-polymer/II_Experiment-Molecule/GNN/GCN.py[line:226] - INFO: Epoch [179/1000] Train_MSE: 8.170941 Val_MSE: 12.229664 | Loss: 9.064572
2025-12-05 16:56:16,943 - /home/kantorkristof/git/neurips-polymer/II_Experiment-Molecule/GNN/GCN.py[line:226] - INFO: Epoch [180/1000] Train_MSE: 8.520119 Val_MSE: 12.641888 | Loss: 8.831442
2025-12-05 16:56:17,028 - /home/kantorkristof/git/neurips-polymer/II_Experiment-Molecule/GNN/GCN.py[line:226] - INFO: Epoch [181/1000] Train_MSE: 9.092735 Val_MSE: 13.441852 | Loss: 8.900258
2025-12-05 16:56:17,112 - /home/kantorkristof/git/neurips-polymer/II_Experiment-Molecule/GNN/GCN.py[line:226] - INFO: Epoch [182/1000] Train_MSE: 7.573151 Val_MSE: 11.739085 | Loss: 8.278489
2025-12-05 16:56:17,195 - /home/kantorkristof/git/neurips-polymer/II_Experiment-Molecule/GNN/GCN.py[line:226] - INFO: Epoch [183/1000] Train_MSE: 10.684686 Val_MSE: 15.050656 | Loss: 8.169525
2025-12-05 16:56:17,279 - /home/kantorkristof/git/neurips-polymer/II_Experiment-Molecule/GNN/GCN.py[line:226] - INFO: Epoch [184/1000] Train_MSE: 10.175518 Val_MSE: 14.125168 | Loss: 9.035041
2025-12-05 16:56:17,362 - /home/kantorkristof/git/neurips-polymer/II_Experiment-Molecule/GNN/GCN.py[line:226] - INFO: Epoch [185/1000] Train_MSE: 15.413299 Val_MSE: 18.726177 | Loss: 10.047312
2025-12-05 16:56:17,444 - /home/kantorkristof/git/neurips-polymer/II_Experiment-Molecule/GNN/GCN.py[line:226] - INFO: Epoch [186/1000] Train_MSE: 7.486136 Val_MSE: 11.883331 | Loss: 9.291694
2025-12-05 16:56:17,525 - /home/kantorkristof/git/neurips-polymer/II_Experiment-Molecule/GNN/GCN.py[line:226] - INFO: Epoch [187/1000] Train_MSE: 7.856382 Val_MSE: 12.595166 | Loss: 9.335451
2025-12-05 16:56:17,603 - /home/kantorkristof/git/neurips-polymer/II_Experiment-Molecule/GNN/GCN.py[line:226] - INFO: Epoch [188/1000] Train_MSE: 9.251799 Val_MSE: 13.352582 | Loss: 9.863078
2025-12-05 16:56:17,686 - /home/kantorkristof/git/neurips-polymer/II_Experiment-Molecule/GNN/GCN.py[line:226] - INFO: Epoch [189/1000] Train_MSE: 11.676127 Val_MSE: 15.500953 | Loss: 10.190780
2025-12-05 16:56:17,768 - /home/kantorkristof/git/neurips-polymer/II_Experiment-Molecule/GNN/GCN.py[line:226] - INFO: Epoch [190/1000] Train_MSE: 7.707587 Val_MSE: 11.834141 | Loss: 8.510394
2025-12-05 16:56:17,842 - /home/kantorkristof/git/neurips-polymer/II_Experiment-Molecule/GNN/GCN.py[line:226] - INFO: Epoch [191/1000] Train_MSE: 8.135837 Val_MSE: 12.143815 | Loss: 9.261663
2025-12-05 16:56:17,918 - /home/kantorkristof/git/neurips-polymer/II_Experiment-Molecule/GNN/GCN.py[line:226] - INFO: Epoch [192/1000] Train_MSE: 7.628312 Val_MSE: 11.654534 | Loss: 8.972594
2025-12-05 16:56:17,998 - /home/kantorkristof/git/neurips-polymer/II_Experiment-Molecule/GNN/GCN.py[line:226] - INFO: Epoch [193/1000] Train_MSE: 8.076570 Val_MSE: 12.215278 | Loss: 8.882513
2025-12-05 16:56:18,078 - /home/kantorkristof/git/neurips-polymer/II_Experiment-Molecule/GNN/GCN.py[line:226] - INFO: Epoch [194/1000] Train_MSE: 9.100435 Val_MSE: 13.473902 | Loss: 8.608351
2025-12-05 16:56:18,163 - /home/kantorkristof/git/neurips-polymer/II_Experiment-Molecule/GNN/GCN.py[line:226] - INFO: Epoch [195/1000] Train_MSE: 7.477818 Val_MSE: 11.858025 | Loss: 9.992533
2025-12-05 16:56:18,246 - /home/kantorkristof/git/neurips-polymer/II_Experiment-Molecule/GNN/GCN.py[line:226] - INFO: Epoch [196/1000] Train_MSE: 10.071809 Val_MSE: 14.680647 | Loss: 9.831275
2025-12-05 16:56:18,329 - /home/kantorkristof/git/neurips-polymer/II_Experiment-Molecule/GNN/GCN.py[line:226] - INFO: Epoch [197/1000] Train_MSE: 18.566172 Val_MSE: 22.424215 | Loss: 9.428869
2025-12-05 16:56:18,412 - /home/kantorkristof/git/neurips-polymer/II_Experiment-Molecule/GNN/GCN.py[line:226] - INFO: Epoch [198/1000] Train_MSE: 7.651807 Val_MSE: 11.825641 | Loss: 9.064738
2025-12-05 16:56:18,493 - /home/kantorkristof/git/neurips-polymer/II_Experiment-Molecule/GNN/GCN.py[line:226] - INFO: Epoch [199/1000] Train_MSE: 7.647524 Val_MSE: 11.855026 | Loss: 8.477353
2025-12-05 16:56:18,575 - /home/kantorkristof/git/neurips-polymer/II_Experiment-Molecule/GNN/GCN.py[line:226] - INFO: Epoch [200/1000] Train_MSE: 8.210787 Val_MSE: 12.246207 | Loss: 9.101605
2025-12-05 16:56:18,660 - /home/kantorkristof/git/neurips-polymer/II_Experiment-Molecule/GNN/GCN.py[line:226] - INFO: Epoch [201/1000] Train_MSE: 8.147177 Val_MSE: 12.113302 | Loss: 8.978294
2025-12-05 16:56:18,742 - /home/kantorkristof/git/neurips-polymer/II_Experiment-Molecule/GNN/GCN.py[line:226] - INFO: Epoch [202/1000] Train_MSE: 10.522308 Val_MSE: 15.302420 | Loss: 8.337432
2025-12-05 16:56:18,828 - /home/kantorkristof/git/neurips-polymer/II_Experiment-Molecule/GNN/GCN.py[line:226] - INFO: Epoch [203/1000] Train_MSE: 7.157798 Val_MSE: 11.775187 | Loss: 8.663308
2025-12-05 16:56:18,910 - /home/kantorkristof/git/neurips-polymer/II_Experiment-Molecule/GNN/GCN.py[line:226] - INFO: Epoch [204/1000] Train_MSE: 7.396175 Val_MSE: 11.984698 | Loss: 8.909990
2025-12-05 16:56:18,994 - /home/kantorkristof/git/neurips-polymer/II_Experiment-Molecule/GNN/GCN.py[line:226] - INFO: Epoch [205/1000] Train_MSE: 7.323108 Val_MSE: 11.798445 | Loss: 8.438760
2025-12-05 16:56:19,075 - /home/kantorkristof/git/neurips-polymer/II_Experiment-Molecule/GNN/GCN.py[line:226] - INFO: Epoch [206/1000] Train_MSE: 8.327983 Val_MSE: 12.386921 | Loss: 8.550425
2025-12-05 16:56:19,157 - /home/kantorkristof/git/neurips-polymer/II_Experiment-Molecule/GNN/GCN.py[line:226] - INFO: Epoch [207/1000] Train_MSE: 9.650399 Val_MSE: 13.653882 | Loss: 9.223633
2025-12-05 16:56:19,243 - /home/kantorkristof/git/neurips-polymer/II_Experiment-Molecule/GNN/GCN.py[line:226] - INFO: Epoch [208/1000] Train_MSE: 7.431967 Val_MSE: 12.054512 | Loss: 8.385609
2025-12-05 16:56:19,336 - /home/kantorkristof/git/neurips-polymer/II_Experiment-Molecule/GNN/GCN.py[line:226] - INFO: Epoch [209/1000] Train_MSE: 7.150954 Val_MSE: 11.883585 | Loss: 9.417284
2025-12-05 16:56:19,425 - /home/kantorkristof/git/neurips-polymer/II_Experiment-Molecule/GNN/GCN.py[line:226] - INFO: Epoch [210/1000] Train_MSE: 7.166433 Val_MSE: 11.907856 | Loss: 8.269828
2025-12-05 16:56:19,522 - /home/kantorkristof/git/neurips-polymer/II_Experiment-Molecule/GNN/GCN.py[line:226] - INFO: Epoch [211/1000] Train_MSE: 8.227729 Val_MSE: 12.974891 | Loss: 7.790164
2025-12-05 16:56:19,608 - /home/kantorkristof/git/neurips-polymer/II_Experiment-Molecule/GNN/GCN.py[line:226] - INFO: Epoch [212/1000] Train_MSE: 13.515020 Val_MSE: 17.165890 | Loss: 10.081273
2025-12-05 16:56:19,693 - /home/kantorkristof/git/neurips-polymer/II_Experiment-Molecule/GNN/GCN.py[line:226] - INFO: Epoch [213/1000] Train_MSE: 7.563122 Val_MSE: 12.096417 | Loss: 9.319461
2025-12-05 16:56:19,779 - /home/kantorkristof/git/neurips-polymer/II_Experiment-Molecule/GNN/GCN.py[line:226] - INFO: Epoch [214/1000] Train_MSE: 7.494840 Val_MSE: 12.284794 | Loss: 8.630152
2025-12-05 16:56:19,865 - /home/kantorkristof/git/neurips-polymer/II_Experiment-Molecule/GNN/GCN.py[line:226] - INFO: Epoch [215/1000] Train_MSE: 7.022023 Val_MSE: 11.509229 | Loss: 8.444031
2025-12-05 16:56:19,867 - /home/kantorkristof/git/neurips-polymer/II_Experiment-Molecule/GNN/GCN.py[line:236] - INFO: Best model saved at epoch 215 with val_mse 11.509229
2025-12-05 16:56:19,953 - /home/kantorkristof/git/neurips-polymer/II_Experiment-Molecule/GNN/GCN.py[line:226] - INFO: Epoch [216/1000] Train_MSE: 8.977562 Val_MSE: 13.666554 | Loss: 8.559155
2025-12-05 16:56:20,047 - /home/kantorkristof/git/neurips-polymer/II_Experiment-Molecule/GNN/GCN.py[line:226] - INFO: Epoch [217/1000] Train_MSE: 7.879835 Val_MSE: 12.215975 | Loss: 8.696640
2025-12-05 16:56:20,137 - /home/kantorkristof/git/neurips-polymer/II_Experiment-Molecule/GNN/GCN.py[line:226] - INFO: Epoch [218/1000] Train_MSE: 15.239144 Val_MSE: 19.093719 | Loss: 9.217308
2025-12-05 16:56:20,227 - /home/kantorkristof/git/neurips-polymer/II_Experiment-Molecule/GNN/GCN.py[line:226] - INFO: Epoch [219/1000] Train_MSE: 7.879549 Val_MSE: 12.281350 | Loss: 8.471121
2025-12-05 16:56:20,314 - /home/kantorkristof/git/neurips-polymer/II_Experiment-Molecule/GNN/GCN.py[line:226] - INFO: Epoch [220/1000] Train_MSE: 8.956725 Val_MSE: 13.805422 | Loss: 8.688263
2025-12-05 16:56:20,402 - /home/kantorkristof/git/neurips-polymer/II_Experiment-Molecule/GNN/GCN.py[line:226] - INFO: Epoch [221/1000] Train_MSE: 7.324481 Val_MSE: 12.251240 | Loss: 9.665015
2025-12-05 16:56:20,489 - /home/kantorkristof/git/neurips-polymer/II_Experiment-Molecule/GNN/GCN.py[line:226] - INFO: Epoch [222/1000] Train_MSE: 8.449486 Val_MSE: 13.386455 | Loss: 9.412208
2025-12-05 16:56:20,582 - /home/kantorkristof/git/neurips-polymer/II_Experiment-Molecule/GNN/GCN.py[line:226] - INFO: Epoch [223/1000] Train_MSE: 7.213638 Val_MSE: 11.888593 | Loss: 8.578653
2025-12-05 16:56:20,679 - /home/kantorkristof/git/neurips-polymer/II_Experiment-Molecule/GNN/GCN.py[line:226] - INFO: Epoch [224/1000] Train_MSE: 10.107498 Val_MSE: 14.086862 | Loss: 8.817979
2025-12-05 16:56:20,778 - /home/kantorkristof/git/neurips-polymer/II_Experiment-Molecule/GNN/GCN.py[line:226] - INFO: Epoch [225/1000] Train_MSE: 7.854254 Val_MSE: 11.919277 | Loss: 8.441226
2025-12-05 16:56:20,888 - /home/kantorkristof/git/neurips-polymer/II_Experiment-Molecule/GNN/GCN.py[line:226] - INFO: Epoch [226/1000] Train_MSE: 10.120476 Val_MSE: 15.299580 | Loss: 7.995384
2025-12-05 16:56:20,979 - /home/kantorkristof/git/neurips-polymer/II_Experiment-Molecule/GNN/GCN.py[line:226] - INFO: Epoch [227/1000] Train_MSE: 7.324876 Val_MSE: 12.126329 | Loss: 8.939005
2025-12-05 16:56:21,068 - /home/kantorkristof/git/neurips-polymer/II_Experiment-Molecule/GNN/GCN.py[line:226] - INFO: Epoch [228/1000] Train_MSE: 7.604547 Val_MSE: 12.563878 | Loss: 9.184772
2025-12-05 16:56:21,162 - /home/kantorkristof/git/neurips-polymer/II_Experiment-Molecule/GNN/GCN.py[line:226] - INFO: Epoch [229/1000] Train_MSE: 8.142003 Val_MSE: 13.107261 | Loss: 9.024283
2025-12-05 16:56:21,253 - /home/kantorkristof/git/neurips-polymer/II_Experiment-Molecule/GNN/GCN.py[line:226] - INFO: Epoch [230/1000] Train_MSE: 8.682500 Val_MSE: 13.146455 | Loss: 8.844467
2025-12-05 16:56:21,350 - /home/kantorkristof/git/neurips-polymer/II_Experiment-Molecule/GNN/GCN.py[line:226] - INFO: Epoch [231/1000] Train_MSE: 7.158865 Val_MSE: 11.522302 | Loss: 9.050380
2025-12-05 16:56:21,441 - /home/kantorkristof/git/neurips-polymer/II_Experiment-Molecule/GNN/GCN.py[line:226] - INFO: Epoch [232/1000] Train_MSE: 7.066378 Val_MSE: 11.409614 | Loss: 8.381199
2025-12-05 16:56:21,443 - /home/kantorkristof/git/neurips-polymer/II_Experiment-Molecule/GNN/GCN.py[line:236] - INFO: Best model saved at epoch 232 with val_mse 11.409614
2025-12-05 16:56:21,535 - /home/kantorkristof/git/neurips-polymer/II_Experiment-Molecule/GNN/GCN.py[line:226] - INFO: Epoch [233/1000] Train_MSE: 7.945054 Val_MSE: 12.495625 | Loss: 9.348159
2025-12-05 16:56:21,630 - /home/kantorkristof/git/neurips-polymer/II_Experiment-Molecule/GNN/GCN.py[line:226] - INFO: Epoch [234/1000] Train_MSE: 7.108744 Val_MSE: 11.493503 | Loss: 9.821798
2025-12-05 16:56:21,721 - /home/kantorkristof/git/neurips-polymer/II_Experiment-Molecule/GNN/GCN.py[line:226] - INFO: Epoch [235/1000] Train_MSE: 11.962787 Val_MSE: 16.740195 | Loss: 7.757880
2025-12-05 16:56:21,810 - /home/kantorkristof/git/neurips-polymer/II_Experiment-Molecule/GNN/GCN.py[line:226] - INFO: Epoch [236/1000] Train_MSE: 6.971680 Val_MSE: 11.484308 | Loss: 8.459820
2025-12-05 16:56:21,901 - /home/kantorkristof/git/neurips-polymer/II_Experiment-Molecule/GNN/GCN.py[line:226] - INFO: Epoch [237/1000] Train_MSE: 16.312416 Val_MSE: 19.544458 | Loss: 8.958123
2025-12-05 16:56:21,989 - /home/kantorkristof/git/neurips-polymer/II_Experiment-Molecule/GNN/GCN.py[line:226] - INFO: Epoch [238/1000] Train_MSE: 7.073701 Val_MSE: 11.468877 | Loss: 9.430669
2025-12-05 16:56:22,074 - /home/kantorkristof/git/neurips-polymer/II_Experiment-Molecule/GNN/GCN.py[line:226] - INFO: Epoch [239/1000] Train_MSE: 11.552665 Val_MSE: 16.245544 | Loss: 8.019224
2025-12-05 16:56:22,161 - /home/kantorkristof/git/neurips-polymer/II_Experiment-Molecule/GNN/GCN.py[line:226] - INFO: Epoch [240/1000] Train_MSE: 8.688902 Val_MSE: 12.747736 | Loss: 7.814343
2025-12-05 16:56:22,249 - /home/kantorkristof/git/neurips-polymer/II_Experiment-Molecule/GNN/GCN.py[line:226] - INFO: Epoch [241/1000] Train_MSE: 7.198807 Val_MSE: 11.827601 | Loss: 8.245278
2025-12-05 16:56:22,344 - /home/kantorkristof/git/neurips-polymer/II_Experiment-Molecule/GNN/GCN.py[line:226] - INFO: Epoch [242/1000] Train_MSE: 7.169136 Val_MSE: 11.762627 | Loss: 9.277665
2025-12-05 16:56:22,436 - /home/kantorkristof/git/neurips-polymer/II_Experiment-Molecule/GNN/GCN.py[line:226] - INFO: Epoch [243/1000] Train_MSE: 7.274950 Val_MSE: 11.980217 | Loss: 8.301122
2025-12-05 16:56:22,524 - /home/kantorkristof/git/neurips-polymer/II_Experiment-Molecule/GNN/GCN.py[line:226] - INFO: Epoch [244/1000] Train_MSE: 6.686479 Val_MSE: 11.386919 | Loss: 7.650015
2025-12-05 16:56:22,526 - /home/kantorkristof/git/neurips-polymer/II_Experiment-Molecule/GNN/GCN.py[line:236] - INFO: Best model saved at epoch 244 with val_mse 11.386919
2025-12-05 16:56:22,615 - /home/kantorkristof/git/neurips-polymer/II_Experiment-Molecule/GNN/GCN.py[line:226] - INFO: Epoch [245/1000] Train_MSE: 6.800602 Val_MSE: 11.442827 | Loss: 8.026334
2025-12-05 16:56:22,700 - /home/kantorkristof/git/neurips-polymer/II_Experiment-Molecule/GNN/GCN.py[line:226] - INFO: Epoch [246/1000] Train_MSE: 9.077360 Val_MSE: 13.437450 | Loss: 8.069740
2025-12-05 16:56:22,787 - /home/kantorkristof/git/neurips-polymer/II_Experiment-Molecule/GNN/GCN.py[line:226] - INFO: Epoch [247/1000] Train_MSE: 9.213835 Val_MSE: 14.531192 | Loss: 9.943615
2025-12-05 16:56:22,875 - /home/kantorkristof/git/neurips-polymer/II_Experiment-Molecule/GNN/GCN.py[line:226] - INFO: Epoch [248/1000] Train_MSE: 8.365881 Val_MSE: 12.937865 | Loss: 8.760340
2025-12-05 16:56:22,963 - /home/kantorkristof/git/neurips-polymer/II_Experiment-Molecule/GNN/GCN.py[line:226] - INFO: Epoch [249/1000] Train_MSE: 6.961423 Val_MSE: 11.766213 | Loss: 8.824069
2025-12-05 16:56:23,049 - /home/kantorkristof/git/neurips-polymer/II_Experiment-Molecule/GNN/GCN.py[line:226] - INFO: Epoch [250/1000] Train_MSE: 11.201443 Val_MSE: 16.710442 | Loss: 8.717783
2025-12-05 16:56:23,135 - /home/kantorkristof/git/neurips-polymer/II_Experiment-Molecule/GNN/GCN.py[line:226] - INFO: Epoch [251/1000] Train_MSE: 6.792722 Val_MSE: 11.697169 | Loss: 7.943273
2025-12-05 16:56:23,219 - /home/kantorkristof/git/neurips-polymer/II_Experiment-Molecule/GNN/GCN.py[line:226] - INFO: Epoch [252/1000] Train_MSE: 7.421839 Val_MSE: 12.438319 | Loss: 8.412018
2025-12-05 16:56:23,307 - /home/kantorkristof/git/neurips-polymer/II_Experiment-Molecule/GNN/GCN.py[line:226] - INFO: Epoch [253/1000] Train_MSE: 7.235574 Val_MSE: 12.094926 | Loss: 8.326195
2025-12-05 16:56:23,394 - /home/kantorkristof/git/neurips-polymer/II_Experiment-Molecule/GNN/GCN.py[line:226] - INFO: Epoch [254/1000] Train_MSE: 9.179954 Val_MSE: 13.422244 | Loss: 8.589124
2025-12-05 16:56:23,487 - /home/kantorkristof/git/neurips-polymer/II_Experiment-Molecule/GNN/GCN.py[line:226] - INFO: Epoch [255/1000] Train_MSE: 8.030059 Val_MSE: 13.073332 | Loss: 8.244210
2025-12-05 16:56:23,574 - /home/kantorkristof/git/neurips-polymer/II_Experiment-Molecule/GNN/GCN.py[line:226] - INFO: Epoch [256/1000] Train_MSE: 6.717478 Val_MSE: 11.759808 | Loss: 8.161241
2025-12-05 16:56:23,663 - /home/kantorkristof/git/neurips-polymer/II_Experiment-Molecule/GNN/GCN.py[line:226] - INFO: Epoch [257/1000] Train_MSE: 7.577487 Val_MSE: 12.732747 | Loss: 7.227856
2025-12-05 16:56:23,751 - /home/kantorkristof/git/neurips-polymer/II_Experiment-Molecule/GNN/GCN.py[line:226] - INFO: Epoch [258/1000] Train_MSE: 7.668346 Val_MSE: 12.680868 | Loss: 8.370877
2025-12-05 16:56:23,840 - /home/kantorkristof/git/neurips-polymer/II_Experiment-Molecule/GNN/GCN.py[line:226] - INFO: Epoch [259/1000] Train_MSE: 10.792699 Val_MSE: 15.189597 | Loss: 8.386685
2025-12-05 16:56:23,934 - /home/kantorkristof/git/neurips-polymer/II_Experiment-Molecule/GNN/GCN.py[line:226] - INFO: Epoch [260/1000] Train_MSE: 7.779568 Val_MSE: 12.309578 | Loss: 8.098864
2025-12-05 16:56:24,021 - /home/kantorkristof/git/neurips-polymer/II_Experiment-Molecule/GNN/GCN.py[line:226] - INFO: Epoch [261/1000] Train_MSE: 7.710164 Val_MSE: 12.876169 | Loss: 8.055473
2025-12-05 16:56:24,108 - /home/kantorkristof/git/neurips-polymer/II_Experiment-Molecule/GNN/GCN.py[line:226] - INFO: Epoch [262/1000] Train_MSE: 6.781797 Val_MSE: 11.615922 | Loss: 8.302662
2025-12-05 16:56:24,198 - /home/kantorkristof/git/neurips-polymer/II_Experiment-Molecule/GNN/GCN.py[line:226] - INFO: Epoch [263/1000] Train_MSE: 6.802812 Val_MSE: 11.995490 | Loss: 8.559734
2025-12-05 16:56:24,291 - /home/kantorkristof/git/neurips-polymer/II_Experiment-Molecule/GNN/GCN.py[line:226] - INFO: Epoch [264/1000] Train_MSE: 6.596193 Val_MSE: 11.788869 | Loss: 8.479032
2025-12-05 16:56:24,381 - /home/kantorkristof/git/neurips-polymer/II_Experiment-Molecule/GNN/GCN.py[line:226] - INFO: Epoch [265/1000] Train_MSE: 6.731834 Val_MSE: 11.775097 | Loss: 8.423118
2025-12-05 16:56:24,470 - /home/kantorkristof/git/neurips-polymer/II_Experiment-Molecule/GNN/GCN.py[line:226] - INFO: Epoch [266/1000] Train_MSE: 7.999813 Val_MSE: 12.696479 | Loss: 7.693742
2025-12-05 16:56:24,560 - /home/kantorkristof/git/neurips-polymer/II_Experiment-Molecule/GNN/GCN.py[line:226] - INFO: Epoch [267/1000] Train_MSE: 6.653135 Val_MSE: 11.771977 | Loss: 8.402099
2025-12-05 16:56:24,651 - /home/kantorkristof/git/neurips-polymer/II_Experiment-Molecule/GNN/GCN.py[line:226] - INFO: Epoch [268/1000] Train_MSE: 8.763029 Val_MSE: 13.909672 | Loss: 8.098969
2025-12-05 16:56:24,744 - /home/kantorkristof/git/neurips-polymer/II_Experiment-Molecule/GNN/GCN.py[line:226] - INFO: Epoch [269/1000] Train_MSE: 7.222178 Val_MSE: 12.080727 | Loss: 8.698798
2025-12-05 16:56:24,833 - /home/kantorkristof/git/neurips-polymer/II_Experiment-Molecule/GNN/GCN.py[line:226] - INFO: Epoch [270/1000] Train_MSE: 6.662273 Val_MSE: 12.023419 | Loss: 7.750899
2025-12-05 16:56:24,921 - /home/kantorkristof/git/neurips-polymer/II_Experiment-Molecule/GNN/GCN.py[line:226] - INFO: Epoch [271/1000] Train_MSE: 6.998525 Val_MSE: 12.235350 | Loss: 7.792466
2025-12-05 16:56:25,008 - /home/kantorkristof/git/neurips-polymer/II_Experiment-Molecule/GNN/GCN.py[line:226] - INFO: Epoch [272/1000] Train_MSE: 8.593380 Val_MSE: 14.111645 | Loss: 7.349798
2025-12-05 16:56:25,094 - /home/kantorkristof/git/neurips-polymer/II_Experiment-Molecule/GNN/GCN.py[line:226] - INFO: Epoch [273/1000] Train_MSE: 6.953970 Val_MSE: 11.919548 | Loss: 7.648115
2025-12-05 16:56:25,184 - /home/kantorkristof/git/neurips-polymer/II_Experiment-Molecule/GNN/GCN.py[line:226] - INFO: Epoch [274/1000] Train_MSE: 10.168404 Val_MSE: 14.641501 | Loss: 8.921890
2025-12-05 16:56:25,278 - /home/kantorkristof/git/neurips-polymer/II_Experiment-Molecule/GNN/GCN.py[line:226] - INFO: Epoch [275/1000] Train_MSE: 9.220234 Val_MSE: 14.710354 | Loss: 7.451575
2025-12-05 16:56:25,365 - /home/kantorkristof/git/neurips-polymer/II_Experiment-Molecule/GNN/GCN.py[line:226] - INFO: Epoch [276/1000] Train_MSE: 7.699360 Val_MSE: 12.645246 | Loss: 7.900184
2025-12-05 16:56:25,450 - /home/kantorkristof/git/neurips-polymer/II_Experiment-Molecule/GNN/GCN.py[line:226] - INFO: Epoch [277/1000] Train_MSE: 9.488343 Val_MSE: 15.493484 | Loss: 8.242901
2025-12-05 16:56:25,537 - /home/kantorkristof/git/neurips-polymer/II_Experiment-Molecule/GNN/GCN.py[line:226] - INFO: Epoch [278/1000] Train_MSE: 7.302692 Val_MSE: 12.945597 | Loss: 7.552728
2025-12-05 16:56:25,627 - /home/kantorkristof/git/neurips-polymer/II_Experiment-Molecule/GNN/GCN.py[line:226] - INFO: Epoch [279/1000] Train_MSE: 7.289695 Val_MSE: 12.097164 | Loss: 8.299244
2025-12-05 16:56:25,712 - /home/kantorkristof/git/neurips-polymer/II_Experiment-Molecule/GNN/GCN.py[line:226] - INFO: Epoch [280/1000] Train_MSE: 8.431389 Val_MSE: 13.963084 | Loss: 8.281537
2025-12-05 16:56:25,803 - /home/kantorkristof/git/neurips-polymer/II_Experiment-Molecule/GNN/GCN.py[line:226] - INFO: Epoch [281/1000] Train_MSE: 6.674598 Val_MSE: 11.693541 | Loss: 7.368984
2025-12-05 16:56:25,889 - /home/kantorkristof/git/neurips-polymer/II_Experiment-Molecule/GNN/GCN.py[line:226] - INFO: Epoch [282/1000] Train_MSE: 6.716716 Val_MSE: 11.876649 | Loss: 10.091420
2025-12-05 16:56:25,975 - /home/kantorkristof/git/neurips-polymer/II_Experiment-Molecule/GNN/GCN.py[line:226] - INFO: Epoch [283/1000] Train_MSE: 7.187677 Val_MSE: 11.504368 | Loss: 7.664292
2025-12-05 16:56:26,067 - /home/kantorkristof/git/neurips-polymer/II_Experiment-Molecule/GNN/GCN.py[line:226] - INFO: Epoch [284/1000] Train_MSE: 7.690676 Val_MSE: 12.927582 | Loss: 8.330330
2025-12-05 16:56:26,160 - /home/kantorkristof/git/neurips-polymer/II_Experiment-Molecule/GNN/GCN.py[line:226] - INFO: Epoch [285/1000] Train_MSE: 6.540980 Val_MSE: 11.854290 | Loss: 7.840967
2025-12-05 16:56:26,250 - /home/kantorkristof/git/neurips-polymer/II_Experiment-Molecule/GNN/GCN.py[line:226] - INFO: Epoch [286/1000] Train_MSE: 6.403549 Val_MSE: 11.691753 | Loss: 7.486966
2025-12-05 16:56:26,336 - /home/kantorkristof/git/neurips-polymer/II_Experiment-Molecule/GNN/GCN.py[line:226] - INFO: Epoch [287/1000] Train_MSE: 6.936948 Val_MSE: 12.067324 | Loss: 7.382242
2025-12-05 16:56:26,421 - /home/kantorkristof/git/neurips-polymer/II_Experiment-Molecule/GNN/GCN.py[line:226] - INFO: Epoch [288/1000] Train_MSE: 8.229813 Val_MSE: 13.098895 | Loss: 8.316862
2025-12-05 16:56:26,515 - /home/kantorkristof/git/neurips-polymer/II_Experiment-Molecule/GNN/GCN.py[line:226] - INFO: Epoch [289/1000] Train_MSE: 6.756306 Val_MSE: 12.128068 | Loss: 8.330843
2025-12-05 16:56:26,602 - /home/kantorkristof/git/neurips-polymer/II_Experiment-Molecule/GNN/GCN.py[line:226] - INFO: Epoch [290/1000] Train_MSE: 7.082983 Val_MSE: 11.951217 | Loss: 7.513870
2025-12-05 16:56:26,689 - /home/kantorkristof/git/neurips-polymer/II_Experiment-Molecule/GNN/GCN.py[line:226] - INFO: Epoch [291/1000] Train_MSE: 6.813575 Val_MSE: 12.510685 | Loss: 8.723047
2025-12-05 16:56:26,786 - /home/kantorkristof/git/neurips-polymer/II_Experiment-Molecule/GNN/GCN.py[line:226] - INFO: Epoch [292/1000] Train_MSE: 6.524058 Val_MSE: 11.978830 | Loss: 7.628226
2025-12-05 16:56:26,882 - /home/kantorkristof/git/neurips-polymer/II_Experiment-Molecule/GNN/GCN.py[line:226] - INFO: Epoch [293/1000] Train_MSE: 6.493954 Val_MSE: 11.870052 | Loss: 7.791459
2025-12-05 16:56:26,972 - /home/kantorkristof/git/neurips-polymer/II_Experiment-Molecule/GNN/GCN.py[line:226] - INFO: Epoch [294/1000] Train_MSE: 6.669378 Val_MSE: 11.854901 | Loss: 7.707310
2025-12-05 16:56:27,060 - /home/kantorkristof/git/neurips-polymer/II_Experiment-Molecule/GNN/GCN.py[line:226] - INFO: Epoch [295/1000] Train_MSE: 8.148020 Val_MSE: 13.981442 | Loss: 8.072039
2025-12-05 16:56:27,154 - /home/kantorkristof/git/neurips-polymer/II_Experiment-Molecule/GNN/GCN.py[line:226] - INFO: Epoch [296/1000] Train_MSE: 6.341097 Val_MSE: 11.662845 | Loss: 7.909914
2025-12-05 16:56:27,241 - /home/kantorkristof/git/neurips-polymer/II_Experiment-Molecule/GNN/GCN.py[line:226] - INFO: Epoch [297/1000] Train_MSE: 6.524206 Val_MSE: 11.904066 | Loss: 7.955861
2025-12-05 16:56:27,331 - /home/kantorkristof/git/neurips-polymer/II_Experiment-Molecule/GNN/GCN.py[line:226] - INFO: Epoch [298/1000] Train_MSE: 6.886379 Val_MSE: 12.320366 | Loss: 8.167016
2025-12-05 16:56:27,415 - /home/kantorkristof/git/neurips-polymer/II_Experiment-Molecule/GNN/GCN.py[line:226] - INFO: Epoch [299/1000] Train_MSE: 6.910723 Val_MSE: 12.445035 | Loss: 8.211913
2025-12-05 16:56:27,505 - /home/kantorkristof/git/neurips-polymer/II_Experiment-Molecule/GNN/GCN.py[line:226] - INFO: Epoch [300/1000] Train_MSE: 6.311212 Val_MSE: 11.697435 | Loss: 8.451311
2025-12-05 16:56:27,600 - /home/kantorkristof/git/neurips-polymer/II_Experiment-Molecule/GNN/GCN.py[line:226] - INFO: Epoch [301/1000] Train_MSE: 7.898909 Val_MSE: 13.072300 | Loss: 7.985192
2025-12-05 16:56:27,691 - /home/kantorkristof/git/neurips-polymer/II_Experiment-Molecule/GNN/GCN.py[line:226] - INFO: Epoch [302/1000] Train_MSE: 11.779341 Val_MSE: 16.254337 | Loss: 7.496888
2025-12-05 16:56:27,781 - /home/kantorkristof/git/neurips-polymer/II_Experiment-Molecule/GNN/GCN.py[line:226] - INFO: Epoch [303/1000] Train_MSE: 19.410085 Val_MSE: 25.631674 | Loss: 8.157391
2025-12-05 16:56:27,874 - /home/kantorkristof/git/neurips-polymer/II_Experiment-Molecule/GNN/GCN.py[line:226] - INFO: Epoch [304/1000] Train_MSE: 7.515937 Val_MSE: 12.627373 | Loss: 9.646699
2025-12-05 16:56:27,963 - /home/kantorkristof/git/neurips-polymer/II_Experiment-Molecule/GNN/GCN.py[line:226] - INFO: Epoch [305/1000] Train_MSE: 8.201079 Val_MSE: 13.440159 | Loss: 8.079072
2025-12-05 16:56:28,052 - /home/kantorkristof/git/neurips-polymer/II_Experiment-Molecule/GNN/GCN.py[line:226] - INFO: Epoch [306/1000] Train_MSE: 6.332316 Val_MSE: 11.636225 | Loss: 7.682809
2025-12-05 16:56:28,143 - /home/kantorkristof/git/neurips-polymer/II_Experiment-Molecule/GNN/GCN.py[line:226] - INFO: Epoch [307/1000] Train_MSE: 7.156520 Val_MSE: 13.047086 | Loss: 9.441982
2025-12-05 16:56:28,235 - /home/kantorkristof/git/neurips-polymer/II_Experiment-Molecule/GNN/GCN.py[line:226] - INFO: Epoch [308/1000] Train_MSE: 8.359278 Val_MSE: 14.116629 | Loss: 7.683333
2025-12-05 16:56:28,321 - /home/kantorkristof/git/neurips-polymer/II_Experiment-Molecule/GNN/GCN.py[line:226] - INFO: Epoch [309/1000] Train_MSE: 6.924624 Val_MSE: 12.177106 | Loss: 7.404684
2025-12-05 16:56:28,410 - /home/kantorkristof/git/neurips-polymer/II_Experiment-Molecule/GNN/GCN.py[line:226] - INFO: Epoch [310/1000] Train_MSE: 7.964701 Val_MSE: 13.077344 | Loss: 7.302260
2025-12-05 16:56:28,517 - /home/kantorkristof/git/neurips-polymer/II_Experiment-Molecule/GNN/GCN.py[line:226] - INFO: Epoch [311/1000] Train_MSE: 6.344028 Val_MSE: 12.181088 | Loss: 8.535422
2025-12-05 16:56:28,612 - /home/kantorkristof/git/neurips-polymer/II_Experiment-Molecule/GNN/GCN.py[line:226] - INFO: Epoch [312/1000] Train_MSE: 9.450800 Val_MSE: 15.551775 | Loss: 8.952515
2025-12-05 16:56:28,696 - /home/kantorkristof/git/neurips-polymer/II_Experiment-Molecule/GNN/GCN.py[line:226] - INFO: Epoch [313/1000] Train_MSE: 6.638252 Val_MSE: 12.361240 | Loss: 8.365528
2025-12-05 16:56:28,791 - /home/kantorkristof/git/neurips-polymer/II_Experiment-Molecule/GNN/GCN.py[line:226] - INFO: Epoch [314/1000] Train_MSE: 6.920609 Val_MSE: 12.394181 | Loss: 7.763230
2025-12-05 16:56:28,880 - /home/kantorkristof/git/neurips-polymer/II_Experiment-Molecule/GNN/GCN.py[line:226] - INFO: Epoch [315/1000] Train_MSE: 6.829036 Val_MSE: 12.135041 | Loss: 7.621875
2025-12-05 16:56:28,978 - /home/kantorkristof/git/neurips-polymer/II_Experiment-Molecule/GNN/GCN.py[line:226] - INFO: Epoch [316/1000] Train_MSE: 8.716257 Val_MSE: 13.940271 | Loss: 7.936464
2025-12-05 16:56:29,067 - /home/kantorkristof/git/neurips-polymer/II_Experiment-Molecule/GNN/GCN.py[line:226] - INFO: Epoch [317/1000] Train_MSE: 7.063209 Val_MSE: 13.072194 | Loss: 7.799187
2025-12-05 16:56:29,161 - /home/kantorkristof/git/neurips-polymer/II_Experiment-Molecule/GNN/GCN.py[line:226] - INFO: Epoch [318/1000] Train_MSE: 8.317367 Val_MSE: 13.396436 | Loss: 7.209967
2025-12-05 16:56:29,253 - /home/kantorkristof/git/neurips-polymer/II_Experiment-Molecule/GNN/GCN.py[line:226] - INFO: Epoch [319/1000] Train_MSE: 6.516196 Val_MSE: 12.023935 | Loss: 8.027943
2025-12-05 16:56:29,349 - /home/kantorkristof/git/neurips-polymer/II_Experiment-Molecule/GNN/GCN.py[line:226] - INFO: Epoch [320/1000] Train_MSE: 7.199910 Val_MSE: 13.035385 | Loss: 7.719000
2025-12-05 16:56:29,437 - /home/kantorkristof/git/neurips-polymer/II_Experiment-Molecule/GNN/GCN.py[line:226] - INFO: Epoch [321/1000] Train_MSE: 10.559601 Val_MSE: 16.361903 | Loss: 9.232130
2025-12-05 16:56:29,522 - /home/kantorkristof/git/neurips-polymer/II_Experiment-Molecule/GNN/GCN.py[line:226] - INFO: Epoch [322/1000] Train_MSE: 7.770172 Val_MSE: 13.343569 | Loss: 7.939677
2025-12-05 16:56:29,617 - /home/kantorkristof/git/neurips-polymer/II_Experiment-Molecule/GNN/GCN.py[line:226] - INFO: Epoch [323/1000] Train_MSE: 6.702167 Val_MSE: 12.091411 | Loss: 8.057010
2025-12-05 16:56:29,706 - /home/kantorkristof/git/neurips-polymer/II_Experiment-Molecule/GNN/GCN.py[line:226] - INFO: Epoch [324/1000] Train_MSE: 7.065531 Val_MSE: 12.807915 | Loss: 7.226270
2025-12-05 16:56:29,791 - /home/kantorkristof/git/neurips-polymer/II_Experiment-Molecule/GNN/GCN.py[line:226] - INFO: Epoch [325/1000] Train_MSE: 6.337846 Val_MSE: 12.113912 | Loss: 7.911646
2025-12-05 16:56:29,894 - /home/kantorkristof/git/neurips-polymer/II_Experiment-Molecule/GNN/GCN.py[line:226] - INFO: Epoch [326/1000] Train_MSE: 7.290500 Val_MSE: 12.661097 | Loss: 8.161968
2025-12-05 16:56:29,980 - /home/kantorkristof/git/neurips-polymer/II_Experiment-Molecule/GNN/GCN.py[line:226] - INFO: Epoch [327/1000] Train_MSE: 6.410304 Val_MSE: 12.214114 | Loss: 7.445767
2025-12-05 16:56:30,080 - /home/kantorkristof/git/neurips-polymer/II_Experiment-Molecule/GNN/GCN.py[line:226] - INFO: Epoch [328/1000] Train_MSE: 6.375722 Val_MSE: 11.849069 | Loss: 8.052248
2025-12-05 16:56:30,162 - /home/kantorkristof/git/neurips-polymer/II_Experiment-Molecule/GNN/GCN.py[line:226] - INFO: Epoch [329/1000] Train_MSE: 8.793006 Val_MSE: 13.622129 | Loss: 7.074228
2025-12-05 16:56:30,250 - /home/kantorkristof/git/neurips-polymer/II_Experiment-Molecule/GNN/GCN.py[line:226] - INFO: Epoch [330/1000] Train_MSE: 6.509068 Val_MSE: 11.972126 | Loss: 7.939459
2025-12-05 16:56:30,345 - /home/kantorkristof/git/neurips-polymer/II_Experiment-Molecule/GNN/GCN.py[line:226] - INFO: Epoch [331/1000] Train_MSE: 6.748013 Val_MSE: 12.826912 | Loss: 8.151050
2025-12-05 16:56:30,442 - /home/kantorkristof/git/neurips-polymer/II_Experiment-Molecule/GNN/GCN.py[line:226] - INFO: Epoch [332/1000] Train_MSE: 6.210050 Val_MSE: 11.914927 | Loss: 8.263709
2025-12-05 16:56:30,532 - /home/kantorkristof/git/neurips-polymer/II_Experiment-Molecule/GNN/GCN.py[line:226] - INFO: Epoch [333/1000] Train_MSE: 6.371109 Val_MSE: 11.837124 | Loss: 7.549991
2025-12-05 16:56:30,618 - /home/kantorkristof/git/neurips-polymer/II_Experiment-Molecule/GNN/GCN.py[line:226] - INFO: Epoch [334/1000] Train_MSE: 6.377037 Val_MSE: 11.575969 | Loss: 6.552507
2025-12-05 16:56:30,707 - /home/kantorkristof/git/neurips-polymer/II_Experiment-Molecule/GNN/GCN.py[line:226] - INFO: Epoch [335/1000] Train_MSE: 6.067302 Val_MSE: 11.609526 | Loss: 8.424973
2025-12-05 16:56:30,795 - /home/kantorkristof/git/neurips-polymer/II_Experiment-Molecule/GNN/GCN.py[line:226] - INFO: Epoch [336/1000] Train_MSE: 6.517200 Val_MSE: 12.372963 | Loss: 6.828808
2025-12-05 16:56:30,889 - /home/kantorkristof/git/neurips-polymer/II_Experiment-Molecule/GNN/GCN.py[line:226] - INFO: Epoch [337/1000] Train_MSE: 6.413121 Val_MSE: 12.118111 | Loss: 6.865196
2025-12-05 16:56:30,972 - /home/kantorkristof/git/neurips-polymer/II_Experiment-Molecule/GNN/GCN.py[line:226] - INFO: Epoch [338/1000] Train_MSE: 7.674130 Val_MSE: 13.601913 | Loss: 7.696240
2025-12-05 16:56:31,055 - /home/kantorkristof/git/neurips-polymer/II_Experiment-Molecule/GNN/GCN.py[line:226] - INFO: Epoch [339/1000] Train_MSE: 6.825575 Val_MSE: 11.961859 | Loss: 8.098325
2025-12-05 16:56:31,144 - /home/kantorkristof/git/neurips-polymer/II_Experiment-Molecule/GNN/GCN.py[line:226] - INFO: Epoch [340/1000] Train_MSE: 8.874928 Val_MSE: 13.560737 | Loss: 7.498519
2025-12-05 16:56:31,232 - /home/kantorkristof/git/neurips-polymer/II_Experiment-Molecule/GNN/GCN.py[line:226] - INFO: Epoch [341/1000] Train_MSE: 6.030373 Val_MSE: 11.557019 | Loss: 7.069391
2025-12-05 16:56:31,321 - /home/kantorkristof/git/neurips-polymer/II_Experiment-Molecule/GNN/GCN.py[line:226] - INFO: Epoch [342/1000] Train_MSE: 8.024782 Val_MSE: 13.183876 | Loss: 7.298291
2025-12-05 16:56:31,408 - /home/kantorkristof/git/neurips-polymer/II_Experiment-Molecule/GNN/GCN.py[line:226] - INFO: Epoch [343/1000] Train_MSE: 6.152758 Val_MSE: 11.782628 | Loss: 7.257390
2025-12-05 16:56:31,507 - /home/kantorkristof/git/neurips-polymer/II_Experiment-Molecule/GNN/GCN.py[line:226] - INFO: Epoch [344/1000] Train_MSE: 6.222357 Val_MSE: 11.843106 | Loss: 7.433630
2025-12-05 16:56:31,507 - /home/kantorkristof/git/neurips-polymer/II_Experiment-Molecule/GNN/GCN.py[line:246] - INFO: Early Stopping
2025-12-05 16:56:31,562 - /home/kantorkristof/git/neurips-polymer/II_Experiment-Molecule/GNN/GCN.py[line:258] - INFO: Best model Accuracy for Rg, seed 42:
2025-12-05 16:56:31,562 - /home/kantorkristof/git/neurips-polymer/II_Experiment-Molecule/GNN/GCN.py[line:259] - INFO:   Train MSE: 6.686479
2025-12-05 16:56:31,562 - /home/kantorkristof/git/neurips-polymer/II_Experiment-Molecule/GNN/GCN.py[line:260] - INFO:   Val MSE:   11.386918
2025-12-05 16:56:31,562 - /home/kantorkristof/git/neurips-polymer/II_Experiment-Molecule/GNN/GCN.py[line:261] - INFO:   Test MSE:  12.602722
2025-12-05 16:56:31,562 - /home/kantorkristof/git/neurips-polymer/II_Experiment-Molecule/GNN/GCN.py[line:277] - INFO: 
=== Results for attribute Rg ===
2025-12-05 16:56:31,562 - /home/kantorkristof/git/neurips-polymer/II_Experiment-Molecule/GNN/GCN.py[line:283] - INFO: Train MSE: 6.686479  Val MSE: 11.386918  Test MSE: 12.602722
