2025-12-03 17:30:18,539 - /home/kantorkristof/git/neurips-polymer/I_Experiment-Synthetic/GNN/DIR.py[line:335] - INFO: 
Model training started for property: III_Equally_Distributed_Base
2025-12-03 17:30:18,540 - /home/kantorkristof/git/neurips-polymer/I_Experiment-Synthetic/GNN/DIR.py[line:120] - INFO: 
+------------+-------+
| Parameter  | Value |
+------------+-------+
| cuda       | 5     |
+------------+-------+
| datadir    | data  |
+------------+-------+
| epoch      | 1000  |
+------------+-------+
| seed       | [42]  |
+------------+-------+
| channels   | 64    |
+------------+-------+
| pretrain   | 0     |
+------------+-------+
| alpha      | 1     |
+------------+-------+
| r          | 0.420 |
+------------+-------+
| batch_size | 1000  |
+------------+-------+
| net_lr     | 0.001 |
+------------+-------+
2025-12-03 17:30:18,540 - /home/kantorkristof/git/neurips-polymer/I_Experiment-Synthetic/GNN/DIR.py[line:340] - INFO: --- Starting training for III_Equally_Distributed_Base with seed 42 ---
2025-12-03 17:30:23,149 - /home/kantorkristof/git/neurips-polymer/I_Experiment-Synthetic/GNN/DIR.py[line:436] - INFO: Epoch [1/1000] Train_Acc: 0.6667 Val_Acc: 0.6667 | Total_Loss: 1.3813 Causal_Loss: 0.6900 DIR_Penalty: 0.000001 Spurious_Loss: 0.6913
2025-12-03 17:30:23,153 - /home/kantorkristof/git/neurips-polymer/I_Experiment-Synthetic/GNN/DIR.py[line:450] - INFO: Best model saved at epoch 1 with val_acc 0.6667
2025-12-03 17:30:27,805 - /home/kantorkristof/git/neurips-polymer/I_Experiment-Synthetic/GNN/DIR.py[line:436] - INFO: Epoch [2/1000] Train_Acc: 0.6667 Val_Acc: 0.6667 | Total_Loss: 1.3285 Causal_Loss: 0.6632 DIR_Penalty: 0.000002 Spurious_Loss: 0.6653
2025-12-03 17:30:32,553 - /home/kantorkristof/git/neurips-polymer/I_Experiment-Synthetic/GNN/DIR.py[line:436] - INFO: Epoch [3/1000] Train_Acc: 0.6667 Val_Acc: 0.6667 | Total_Loss: 1.2886 Causal_Loss: 0.6424 DIR_Penalty: 0.000007 Spurious_Loss: 0.6462
2025-12-03 17:30:37,190 - /home/kantorkristof/git/neurips-polymer/I_Experiment-Synthetic/GNN/DIR.py[line:436] - INFO: Epoch [4/1000] Train_Acc: 0.6667 Val_Acc: 0.6667 | Total_Loss: 1.2675 Causal_Loss: 0.6316 DIR_Penalty: 0.000010 Spurious_Loss: 0.6359
2025-12-03 17:30:41,801 - /home/kantorkristof/git/neurips-polymer/I_Experiment-Synthetic/GNN/DIR.py[line:436] - INFO: Epoch [5/1000] Train_Acc: 0.6667 Val_Acc: 0.6667 | Total_Loss: 1.2589 Causal_Loss: 0.6230 DIR_Penalty: 0.000087 Spurious_Loss: 0.6359
2025-12-03 17:30:46,416 - /home/kantorkristof/git/neurips-polymer/I_Experiment-Synthetic/GNN/DIR.py[line:436] - INFO: Epoch [6/1000] Train_Acc: 0.6667 Val_Acc: 0.6667 | Total_Loss: 1.2607 Causal_Loss: 0.6200 DIR_Penalty: 0.000208 Spurious_Loss: 0.6404
2025-12-03 17:30:50,997 - /home/kantorkristof/git/neurips-polymer/I_Experiment-Synthetic/GNN/DIR.py[line:436] - INFO: Epoch [7/1000] Train_Acc: 0.6667 Val_Acc: 0.6667 | Total_Loss: 1.2602 Causal_Loss: 0.6249 DIR_Penalty: 0.000054 Spurious_Loss: 0.6353
2025-12-03 17:30:55,574 - /home/kantorkristof/git/neurips-polymer/I_Experiment-Synthetic/GNN/DIR.py[line:436] - INFO: Epoch [8/1000] Train_Acc: 0.6667 Val_Acc: 0.6667 | Total_Loss: 1.2491 Causal_Loss: 0.6140 DIR_Penalty: 0.000219 Spurious_Loss: 0.6348
2025-12-03 17:31:00,215 - /home/kantorkristof/git/neurips-polymer/I_Experiment-Synthetic/GNN/DIR.py[line:436] - INFO: Epoch [9/1000] Train_Acc: 0.6667 Val_Acc: 0.6667 | Total_Loss: 1.2521 Causal_Loss: 0.6178 DIR_Penalty: 0.000146 Spurious_Loss: 0.6342
2025-12-03 17:31:04,850 - /home/kantorkristof/git/neurips-polymer/I_Experiment-Synthetic/GNN/DIR.py[line:436] - INFO: Epoch [10/1000] Train_Acc: 0.6667 Val_Acc: 0.6667 | Total_Loss: 1.2455 Causal_Loss: 0.6165 DIR_Penalty: 0.000084 Spurious_Loss: 0.6290
2025-12-03 17:31:09,527 - /home/kantorkristof/git/neurips-polymer/I_Experiment-Synthetic/GNN/DIR.py[line:436] - INFO: Epoch [11/1000] Train_Acc: 0.6667 Val_Acc: 0.6667 | Total_Loss: 1.2522 Causal_Loss: 0.6195 DIR_Penalty: 0.000089 Spurious_Loss: 0.6326
2025-12-03 17:31:14,113 - /home/kantorkristof/git/neurips-polymer/I_Experiment-Synthetic/GNN/DIR.py[line:436] - INFO: Epoch [12/1000] Train_Acc: 0.6667 Val_Acc: 0.6667 | Total_Loss: 1.2450 Causal_Loss: 0.6157 DIR_Penalty: 0.000111 Spurious_Loss: 0.6292
2025-12-03 17:31:18,721 - /home/kantorkristof/git/neurips-polymer/I_Experiment-Synthetic/GNN/DIR.py[line:436] - INFO: Epoch [13/1000] Train_Acc: 0.6667 Val_Acc: 0.6667 | Total_Loss: 1.2500 Causal_Loss: 0.6154 DIR_Penalty: 0.000197 Spurious_Loss: 0.6344
2025-12-03 17:31:23,334 - /home/kantorkristof/git/neurips-polymer/I_Experiment-Synthetic/GNN/DIR.py[line:436] - INFO: Epoch [14/1000] Train_Acc: 0.6667 Val_Acc: 0.6667 | Total_Loss: 1.2435 Causal_Loss: 0.6117 DIR_Penalty: 0.000200 Spurious_Loss: 0.6317
2025-12-03 17:31:27,955 - /home/kantorkristof/git/neurips-polymer/I_Experiment-Synthetic/GNN/DIR.py[line:436] - INFO: Epoch [15/1000] Train_Acc: 0.6667 Val_Acc: 0.6667 | Total_Loss: 1.2423 Causal_Loss: 0.6133 DIR_Penalty: 0.000124 Spurious_Loss: 0.6289
2025-12-03 17:31:32,631 - /home/kantorkristof/git/neurips-polymer/I_Experiment-Synthetic/GNN/DIR.py[line:436] - INFO: Epoch [16/1000] Train_Acc: 0.6667 Val_Acc: 0.6667 | Total_Loss: 1.2490 Causal_Loss: 0.6156 DIR_Penalty: 0.000170 Spurious_Loss: 0.6332
2025-12-03 17:31:37,490 - /home/kantorkristof/git/neurips-polymer/I_Experiment-Synthetic/GNN/DIR.py[line:436] - INFO: Epoch [17/1000] Train_Acc: 0.6867 Val_Acc: 0.6823 | Total_Loss: 1.2397 Causal_Loss: 0.6096 DIR_Penalty: 0.000258 Spurious_Loss: 0.6298
2025-12-03 17:31:37,494 - /home/kantorkristof/git/neurips-polymer/I_Experiment-Synthetic/GNN/DIR.py[line:450] - INFO: Best model saved at epoch 17 with val_acc 0.6823
2025-12-03 17:31:42,164 - /home/kantorkristof/git/neurips-polymer/I_Experiment-Synthetic/GNN/DIR.py[line:436] - INFO: Epoch [18/1000] Train_Acc: 0.6867 Val_Acc: 0.6823 | Total_Loss: 1.2428 Causal_Loss: 0.6123 DIR_Penalty: 0.000170 Spurious_Loss: 0.6304
2025-12-03 17:31:46,842 - /home/kantorkristof/git/neurips-polymer/I_Experiment-Synthetic/GNN/DIR.py[line:436] - INFO: Epoch [19/1000] Train_Acc: 0.7323 Val_Acc: 0.7393 | Total_Loss: 1.2382 Causal_Loss: 0.6102 DIR_Penalty: 0.000157 Spurious_Loss: 0.6278
2025-12-03 17:31:46,847 - /home/kantorkristof/git/neurips-polymer/I_Experiment-Synthetic/GNN/DIR.py[line:450] - INFO: Best model saved at epoch 19 with val_acc 0.7393
2025-12-03 17:31:51,518 - /home/kantorkristof/git/neurips-polymer/I_Experiment-Synthetic/GNN/DIR.py[line:436] - INFO: Epoch [20/1000] Train_Acc: 0.7683 Val_Acc: 0.7657 | Total_Loss: 1.2421 Causal_Loss: 0.6106 DIR_Penalty: 0.000222 Spurious_Loss: 0.6313
2025-12-03 17:31:51,522 - /home/kantorkristof/git/neurips-polymer/I_Experiment-Synthetic/GNN/DIR.py[line:450] - INFO: Best model saved at epoch 20 with val_acc 0.7657
2025-12-03 17:31:56,188 - /home/kantorkristof/git/neurips-polymer/I_Experiment-Synthetic/GNN/DIR.py[line:436] - INFO: Epoch [21/1000] Train_Acc: 0.7870 Val_Acc: 0.7897 | Total_Loss: 1.2396 Causal_Loss: 0.6098 DIR_Penalty: 0.000195 Spurious_Loss: 0.6295
2025-12-03 17:31:56,192 - /home/kantorkristof/git/neurips-polymer/I_Experiment-Synthetic/GNN/DIR.py[line:450] - INFO: Best model saved at epoch 21 with val_acc 0.7897
2025-12-03 17:32:00,834 - /home/kantorkristof/git/neurips-polymer/I_Experiment-Synthetic/GNN/DIR.py[line:436] - INFO: Epoch [22/1000] Train_Acc: 0.7870 Val_Acc: 0.7897 | Total_Loss: 1.2415 Causal_Loss: 0.6125 DIR_Penalty: 0.000226 Spurious_Loss: 0.6288
2025-12-03 17:32:05,471 - /home/kantorkristof/git/neurips-polymer/I_Experiment-Synthetic/GNN/DIR.py[line:436] - INFO: Epoch [23/1000] Train_Acc: 0.8650 Val_Acc: 0.8623 | Total_Loss: 1.2401 Causal_Loss: 0.6095 DIR_Penalty: 0.000225 Spurious_Loss: 0.6304
2025-12-03 17:32:05,479 - /home/kantorkristof/git/neurips-polymer/I_Experiment-Synthetic/GNN/DIR.py[line:450] - INFO: Best model saved at epoch 23 with val_acc 0.8623
2025-12-03 17:32:10,080 - /home/kantorkristof/git/neurips-polymer/I_Experiment-Synthetic/GNN/DIR.py[line:436] - INFO: Epoch [24/1000] Train_Acc: 0.8450 Val_Acc: 0.8410 | Total_Loss: 1.2325 Causal_Loss: 0.6069 DIR_Penalty: 0.000200 Spurious_Loss: 0.6254
2025-12-03 17:32:14,701 - /home/kantorkristof/git/neurips-polymer/I_Experiment-Synthetic/GNN/DIR.py[line:436] - INFO: Epoch [25/1000] Train_Acc: 0.8087 Val_Acc: 0.8090 | Total_Loss: 1.2435 Causal_Loss: 0.6078 DIR_Penalty: 0.000392 Spurious_Loss: 0.6354
2025-12-03 17:32:19,386 - /home/kantorkristof/git/neurips-polymer/I_Experiment-Synthetic/GNN/DIR.py[line:436] - INFO: Epoch [26/1000] Train_Acc: 0.8087 Val_Acc: 0.8090 | Total_Loss: 1.2367 Causal_Loss: 0.6065 DIR_Penalty: 0.000280 Spurious_Loss: 0.6299
2025-12-03 17:32:23,989 - /home/kantorkristof/git/neurips-polymer/I_Experiment-Synthetic/GNN/DIR.py[line:436] - INFO: Epoch [27/1000] Train_Acc: 0.8743 Val_Acc: 0.8760 | Total_Loss: 1.2388 Causal_Loss: 0.6064 DIR_Penalty: 0.000339 Spurious_Loss: 0.6320
2025-12-03 17:32:23,993 - /home/kantorkristof/git/neurips-polymer/I_Experiment-Synthetic/GNN/DIR.py[line:450] - INFO: Best model saved at epoch 27 with val_acc 0.8760
2025-12-03 17:32:28,613 - /home/kantorkristof/git/neurips-polymer/I_Experiment-Synthetic/GNN/DIR.py[line:436] - INFO: Epoch [28/1000] Train_Acc: 0.8743 Val_Acc: 0.8760 | Total_Loss: 1.2370 Causal_Loss: 0.6056 DIR_Penalty: 0.000335 Spurious_Loss: 0.6311
2025-12-03 17:32:33,419 - /home/kantorkristof/git/neurips-polymer/I_Experiment-Synthetic/GNN/DIR.py[line:436] - INFO: Epoch [29/1000] Train_Acc: 0.8253 Val_Acc: 0.8253 | Total_Loss: 1.2226 Causal_Loss: 0.5993 DIR_Penalty: 0.000285 Spurious_Loss: 0.6230
2025-12-03 17:32:38,017 - /home/kantorkristof/git/neurips-polymer/I_Experiment-Synthetic/GNN/DIR.py[line:436] - INFO: Epoch [30/1000] Train_Acc: 0.8650 Val_Acc: 0.8623 | Total_Loss: 1.2354 Causal_Loss: 0.6106 DIR_Penalty: 0.000102 Spurious_Loss: 0.6247
2025-12-03 17:32:42,611 - /home/kantorkristof/git/neurips-polymer/I_Experiment-Synthetic/GNN/DIR.py[line:436] - INFO: Epoch [31/1000] Train_Acc: 0.8650 Val_Acc: 0.8623 | Total_Loss: 1.2373 Causal_Loss: 0.6115 DIR_Penalty: 0.000109 Spurious_Loss: 0.6257
2025-12-03 17:32:47,217 - /home/kantorkristof/git/neurips-polymer/I_Experiment-Synthetic/GNN/DIR.py[line:436] - INFO: Epoch [32/1000] Train_Acc: 0.8777 Val_Acc: 0.8813 | Total_Loss: 1.2370 Causal_Loss: 0.6061 DIR_Penalty: 0.000339 Spurious_Loss: 0.6306
2025-12-03 17:32:47,221 - /home/kantorkristof/git/neurips-polymer/I_Experiment-Synthetic/GNN/DIR.py[line:450] - INFO: Best model saved at epoch 32 with val_acc 0.8813
2025-12-03 17:32:51,866 - /home/kantorkristof/git/neurips-polymer/I_Experiment-Synthetic/GNN/DIR.py[line:436] - INFO: Epoch [33/1000] Train_Acc: 0.8777 Val_Acc: 0.8813 | Total_Loss: 1.2370 Causal_Loss: 0.6078 DIR_Penalty: 0.000235 Spurious_Loss: 0.6289
2025-12-03 17:32:56,463 - /home/kantorkristof/git/neurips-polymer/I_Experiment-Synthetic/GNN/DIR.py[line:436] - INFO: Epoch [34/1000] Train_Acc: 0.8743 Val_Acc: 0.8760 | Total_Loss: 1.2326 Causal_Loss: 0.6057 DIR_Penalty: 0.000308 Spurious_Loss: 0.6266
2025-12-03 17:33:01,071 - /home/kantorkristof/git/neurips-polymer/I_Experiment-Synthetic/GNN/DIR.py[line:436] - INFO: Epoch [35/1000] Train_Acc: 0.8843 Val_Acc: 0.8837 | Total_Loss: 1.2329 Causal_Loss: 0.6031 DIR_Penalty: 0.000353 Spurious_Loss: 0.6295
2025-12-03 17:33:01,076 - /home/kantorkristof/git/neurips-polymer/I_Experiment-Synthetic/GNN/DIR.py[line:450] - INFO: Best model saved at epoch 35 with val_acc 0.8837
2025-12-03 17:33:05,739 - /home/kantorkristof/git/neurips-polymer/I_Experiment-Synthetic/GNN/DIR.py[line:436] - INFO: Epoch [36/1000] Train_Acc: 0.8843 Val_Acc: 0.8837 | Total_Loss: 1.2222 Causal_Loss: 0.5948 DIR_Penalty: 0.000526 Spurious_Loss: 0.6269
2025-12-03 17:33:10,392 - /home/kantorkristof/git/neurips-polymer/I_Experiment-Synthetic/GNN/DIR.py[line:436] - INFO: Epoch [37/1000] Train_Acc: 0.8843 Val_Acc: 0.8837 | Total_Loss: 1.2336 Causal_Loss: 0.6019 DIR_Penalty: 0.000527 Spurious_Loss: 0.6312
2025-12-03 17:33:15,015 - /home/kantorkristof/git/neurips-polymer/I_Experiment-Synthetic/GNN/DIR.py[line:436] - INFO: Epoch [38/1000] Train_Acc: 0.8797 Val_Acc: 0.8787 | Total_Loss: 1.2289 Causal_Loss: 0.5976 DIR_Penalty: 0.000549 Spurious_Loss: 0.6307
2025-12-03 17:33:19,731 - /home/kantorkristof/git/neurips-polymer/I_Experiment-Synthetic/GNN/DIR.py[line:436] - INFO: Epoch [39/1000] Train_Acc: 0.8777 Val_Acc: 0.8813 | Total_Loss: 1.2259 Causal_Loss: 0.5982 DIR_Penalty: 0.000450 Spurious_Loss: 0.6272
2025-12-03 17:33:24,357 - /home/kantorkristof/git/neurips-polymer/I_Experiment-Synthetic/GNN/DIR.py[line:436] - INFO: Epoch [40/1000] Train_Acc: 0.8797 Val_Acc: 0.8787 | Total_Loss: 1.2288 Causal_Loss: 0.6011 DIR_Penalty: 0.000356 Spurious_Loss: 0.6274
2025-12-03 17:33:29,093 - /home/kantorkristof/git/neurips-polymer/I_Experiment-Synthetic/GNN/DIR.py[line:436] - INFO: Epoch [41/1000] Train_Acc: 0.8843 Val_Acc: 0.8837 | Total_Loss: 1.2280 Causal_Loss: 0.6006 DIR_Penalty: 0.000417 Spurious_Loss: 0.6269
2025-12-03 17:33:33,714 - /home/kantorkristof/git/neurips-polymer/I_Experiment-Synthetic/GNN/DIR.py[line:436] - INFO: Epoch [42/1000] Train_Acc: 0.8843 Val_Acc: 0.8837 | Total_Loss: 1.2339 Causal_Loss: 0.6058 DIR_Penalty: 0.000245 Spurious_Loss: 0.6279
2025-12-03 17:33:38,321 - /home/kantorkristof/git/neurips-polymer/I_Experiment-Synthetic/GNN/DIR.py[line:436] - INFO: Epoch [43/1000] Train_Acc: 0.8963 Val_Acc: 0.8950 | Total_Loss: 1.2260 Causal_Loss: 0.6040 DIR_Penalty: 0.000207 Spurious_Loss: 0.6218
2025-12-03 17:33:38,326 - /home/kantorkristof/git/neurips-polymer/I_Experiment-Synthetic/GNN/DIR.py[line:450] - INFO: Best model saved at epoch 43 with val_acc 0.8950
2025-12-03 17:33:42,924 - /home/kantorkristof/git/neurips-polymer/I_Experiment-Synthetic/GNN/DIR.py[line:436] - INFO: Epoch [44/1000] Train_Acc: 0.8910 Val_Acc: 0.8923 | Total_Loss: 1.2273 Causal_Loss: 0.6042 DIR_Penalty: 0.000176 Spurious_Loss: 0.6229
2025-12-03 17:33:47,528 - /home/kantorkristof/git/neurips-polymer/I_Experiment-Synthetic/GNN/DIR.py[line:436] - INFO: Epoch [45/1000] Train_Acc: 0.8963 Val_Acc: 0.8950 | Total_Loss: 1.2281 Causal_Loss: 0.6029 DIR_Penalty: 0.000269 Spurious_Loss: 0.6249
2025-12-03 17:33:52,135 - /home/kantorkristof/git/neurips-polymer/I_Experiment-Synthetic/GNN/DIR.py[line:436] - INFO: Epoch [46/1000] Train_Acc: 0.8843 Val_Acc: 0.8837 | Total_Loss: 1.2335 Causal_Loss: 0.6070 DIR_Penalty: 0.000254 Spurious_Loss: 0.6263
2025-12-03 17:33:56,748 - /home/kantorkristof/git/neurips-polymer/I_Experiment-Synthetic/GNN/DIR.py[line:436] - INFO: Epoch [47/1000] Train_Acc: 0.8843 Val_Acc: 0.8837 | Total_Loss: 1.2240 Causal_Loss: 0.6027 DIR_Penalty: 0.000224 Spurious_Loss: 0.6211
2025-12-03 17:34:01,415 - /home/kantorkristof/git/neurips-polymer/I_Experiment-Synthetic/GNN/DIR.py[line:436] - INFO: Epoch [48/1000] Train_Acc: 0.8843 Val_Acc: 0.8837 | Total_Loss: 1.2229 Causal_Loss: 0.5983 DIR_Penalty: 0.000350 Spurious_Loss: 0.6243
2025-12-03 17:34:06,079 - /home/kantorkristof/git/neurips-polymer/I_Experiment-Synthetic/GNN/DIR.py[line:436] - INFO: Epoch [49/1000] Train_Acc: 0.8843 Val_Acc: 0.8837 | Total_Loss: 1.2229 Causal_Loss: 0.6019 DIR_Penalty: 0.000215 Spurious_Loss: 0.6208
2025-12-03 17:34:10,790 - /home/kantorkristof/git/neurips-polymer/I_Experiment-Synthetic/GNN/DIR.py[line:436] - INFO: Epoch [50/1000] Train_Acc: 0.8843 Val_Acc: 0.8837 | Total_Loss: 1.2273 Causal_Loss: 0.5984 DIR_Penalty: 0.000504 Spurious_Loss: 0.6284
2025-12-03 17:34:15,555 - /home/kantorkristof/git/neurips-polymer/I_Experiment-Synthetic/GNN/DIR.py[line:436] - INFO: Epoch [51/1000] Train_Acc: 0.9010 Val_Acc: 0.9000 | Total_Loss: 1.2188 Causal_Loss: 0.5988 DIR_Penalty: 0.000271 Spurious_Loss: 0.6197
2025-12-03 17:34:15,559 - /home/kantorkristof/git/neurips-polymer/I_Experiment-Synthetic/GNN/DIR.py[line:450] - INFO: Best model saved at epoch 51 with val_acc 0.9000
2025-12-03 17:34:20,308 - /home/kantorkristof/git/neurips-polymer/I_Experiment-Synthetic/GNN/DIR.py[line:436] - INFO: Epoch [52/1000] Train_Acc: 0.8843 Val_Acc: 0.8837 | Total_Loss: 1.2256 Causal_Loss: 0.6030 DIR_Penalty: 0.000238 Spurious_Loss: 0.6224
2025-12-03 17:34:25,131 - /home/kantorkristof/git/neurips-polymer/I_Experiment-Synthetic/GNN/DIR.py[line:436] - INFO: Epoch [53/1000] Train_Acc: 0.8843 Val_Acc: 0.8837 | Total_Loss: 1.2283 Causal_Loss: 0.6021 DIR_Penalty: 0.000314 Spurious_Loss: 0.6259
2025-12-03 17:34:29,789 - /home/kantorkristof/git/neurips-polymer/I_Experiment-Synthetic/GNN/DIR.py[line:436] - INFO: Epoch [54/1000] Train_Acc: 0.9010 Val_Acc: 0.9000 | Total_Loss: 1.2315 Causal_Loss: 0.6076 DIR_Penalty: 0.000157 Spurious_Loss: 0.6238
2025-12-03 17:34:34,492 - /home/kantorkristof/git/neurips-polymer/I_Experiment-Synthetic/GNN/DIR.py[line:436] - INFO: Epoch [55/1000] Train_Acc: 0.9010 Val_Acc: 0.9000 | Total_Loss: 1.2220 Causal_Loss: 0.6036 DIR_Penalty: 0.000143 Spurious_Loss: 0.6182
2025-12-03 17:34:39,427 - /home/kantorkristof/git/neurips-polymer/I_Experiment-Synthetic/GNN/DIR.py[line:436] - INFO: Epoch [56/1000] Train_Acc: 0.8843 Val_Acc: 0.8837 | Total_Loss: 1.2219 Causal_Loss: 0.6019 DIR_Penalty: 0.000210 Spurious_Loss: 0.6198
2025-12-03 17:34:44,110 - /home/kantorkristof/git/neurips-polymer/I_Experiment-Synthetic/GNN/DIR.py[line:436] - INFO: Epoch [57/1000] Train_Acc: 0.9010 Val_Acc: 0.9000 | Total_Loss: 1.2212 Causal_Loss: 0.6076 DIR_Penalty: 0.000030 Spurious_Loss: 0.6135
2025-12-03 17:34:48,719 - /home/kantorkristof/git/neurips-polymer/I_Experiment-Synthetic/GNN/DIR.py[line:436] - INFO: Epoch [58/1000] Train_Acc: 0.9207 Val_Acc: 0.9157 | Total_Loss: 1.2263 Causal_Loss: 0.5996 DIR_Penalty: 0.000358 Spurious_Loss: 0.6263
2025-12-03 17:34:48,724 - /home/kantorkristof/git/neurips-polymer/I_Experiment-Synthetic/GNN/DIR.py[line:450] - INFO: Best model saved at epoch 58 with val_acc 0.9157
2025-12-03 17:34:53,333 - /home/kantorkristof/git/neurips-polymer/I_Experiment-Synthetic/GNN/DIR.py[line:436] - INFO: Epoch [59/1000] Train_Acc: 0.9010 Val_Acc: 0.9000 | Total_Loss: 1.2178 Causal_Loss: 0.5953 DIR_Penalty: 0.000403 Spurious_Loss: 0.6221
2025-12-03 17:34:57,971 - /home/kantorkristof/git/neurips-polymer/I_Experiment-Synthetic/GNN/DIR.py[line:436] - INFO: Epoch [60/1000] Train_Acc: 0.9867 Val_Acc: 0.9890 | Total_Loss: 1.2309 Causal_Loss: 0.6094 DIR_Penalty: 0.000091 Spurious_Loss: 0.6215
2025-12-03 17:34:57,975 - /home/kantorkristof/git/neurips-polymer/I_Experiment-Synthetic/GNN/DIR.py[line:450] - INFO: Best model saved at epoch 60 with val_acc 0.9890
2025-12-03 17:35:02,609 - /home/kantorkristof/git/neurips-polymer/I_Experiment-Synthetic/GNN/DIR.py[line:436] - INFO: Epoch [61/1000] Train_Acc: 0.9407 Val_Acc: 0.9370 | Total_Loss: 1.2222 Causal_Loss: 0.6051 DIR_Penalty: 0.000076 Spurious_Loss: 0.6170
2025-12-03 17:35:07,281 - /home/kantorkristof/git/neurips-polymer/I_Experiment-Synthetic/GNN/DIR.py[line:436] - INFO: Epoch [62/1000] Train_Acc: 0.8843 Val_Acc: 0.8837 | Total_Loss: 1.2222 Causal_Loss: 0.5960 DIR_Penalty: 0.000450 Spurious_Loss: 0.6257
2025-12-03 17:35:12,247 - /home/kantorkristof/git/neurips-polymer/I_Experiment-Synthetic/GNN/DIR.py[line:436] - INFO: Epoch [63/1000] Train_Acc: 0.9010 Val_Acc: 0.9000 | Total_Loss: 1.2243 Causal_Loss: 0.6019 DIR_Penalty: 0.000226 Spurious_Loss: 0.6222
2025-12-03 17:35:16,957 - /home/kantorkristof/git/neurips-polymer/I_Experiment-Synthetic/GNN/DIR.py[line:436] - INFO: Epoch [64/1000] Train_Acc: 0.9017 Val_Acc: 0.9007 | Total_Loss: 1.2343 Causal_Loss: 0.6107 DIR_Penalty: 0.000104 Spurious_Loss: 0.6235
2025-12-03 17:35:21,804 - /home/kantorkristof/git/neurips-polymer/I_Experiment-Synthetic/GNN/DIR.py[line:436] - INFO: Epoch [65/1000] Train_Acc: 0.9207 Val_Acc: 0.9157 | Total_Loss: 1.2275 Causal_Loss: 0.6047 DIR_Penalty: 0.000182 Spurious_Loss: 0.6227
2025-12-03 17:35:26,496 - /home/kantorkristof/git/neurips-polymer/I_Experiment-Synthetic/GNN/DIR.py[line:436] - INFO: Epoch [66/1000] Train_Acc: 0.8843 Val_Acc: 0.8837 | Total_Loss: 1.2288 Causal_Loss: 0.6014 DIR_Penalty: 0.000352 Spurious_Loss: 0.6271
2025-12-03 17:35:31,123 - /home/kantorkristof/git/neurips-polymer/I_Experiment-Synthetic/GNN/DIR.py[line:436] - INFO: Epoch [67/1000] Train_Acc: 0.8843 Val_Acc: 0.8837 | Total_Loss: 1.2190 Causal_Loss: 0.6036 DIR_Penalty: 0.000081 Spurious_Loss: 0.6154
2025-12-03 17:35:35,756 - /home/kantorkristof/git/neurips-polymer/I_Experiment-Synthetic/GNN/DIR.py[line:436] - INFO: Epoch [68/1000] Train_Acc: 0.8843 Val_Acc: 0.8837 | Total_Loss: 1.2272 Causal_Loss: 0.6068 DIR_Penalty: 0.000128 Spurious_Loss: 0.6202
2025-12-03 17:35:40,361 - /home/kantorkristof/git/neurips-polymer/I_Experiment-Synthetic/GNN/DIR.py[line:436] - INFO: Epoch [69/1000] Train_Acc: 0.8910 Val_Acc: 0.8923 | Total_Loss: 1.2250 Causal_Loss: 0.6041 DIR_Penalty: 0.000145 Spurious_Loss: 0.6208
2025-12-03 17:35:44,977 - /home/kantorkristof/git/neurips-polymer/I_Experiment-Synthetic/GNN/DIR.py[line:436] - INFO: Epoch [70/1000] Train_Acc: 0.8743 Val_Acc: 0.8760 | Total_Loss: 1.2288 Causal_Loss: 0.6032 DIR_Penalty: 0.000245 Spurious_Loss: 0.6253
2025-12-03 17:35:49,578 - /home/kantorkristof/git/neurips-polymer/I_Experiment-Synthetic/GNN/DIR.py[line:436] - INFO: Epoch [71/1000] Train_Acc: 0.8843 Val_Acc: 0.8837 | Total_Loss: 1.2268 Causal_Loss: 0.6031 DIR_Penalty: 0.000242 Spurious_Loss: 0.6235
2025-12-03 17:35:54,154 - /home/kantorkristof/git/neurips-polymer/I_Experiment-Synthetic/GNN/DIR.py[line:436] - INFO: Epoch [72/1000] Train_Acc: 0.8843 Val_Acc: 0.8837 | Total_Loss: 1.2288 Causal_Loss: 0.6032 DIR_Penalty: 0.000307 Spurious_Loss: 0.6252
2025-12-03 17:35:58,784 - /home/kantorkristof/git/neurips-polymer/I_Experiment-Synthetic/GNN/DIR.py[line:436] - INFO: Epoch [73/1000] Train_Acc: 0.8843 Val_Acc: 0.8837 | Total_Loss: 1.2203 Causal_Loss: 0.5974 DIR_Penalty: 0.000349 Spurious_Loss: 0.6225
2025-12-03 17:36:03,480 - /home/kantorkristof/git/neurips-polymer/I_Experiment-Synthetic/GNN/DIR.py[line:436] - INFO: Epoch [74/1000] Train_Acc: 0.9207 Val_Acc: 0.9157 | Total_Loss: 1.2236 Causal_Loss: 0.5993 DIR_Penalty: 0.000317 Spurious_Loss: 0.6239
2025-12-03 17:36:08,153 - /home/kantorkristof/git/neurips-polymer/I_Experiment-Synthetic/GNN/DIR.py[line:436] - INFO: Epoch [75/1000] Train_Acc: 0.9207 Val_Acc: 0.9157 | Total_Loss: 1.2252 Causal_Loss: 0.5986 DIR_Penalty: 0.000420 Spurious_Loss: 0.6262
2025-12-03 17:36:12,835 - /home/kantorkristof/git/neurips-polymer/I_Experiment-Synthetic/GNN/DIR.py[line:436] - INFO: Epoch [76/1000] Train_Acc: 0.9010 Val_Acc: 0.9000 | Total_Loss: 1.2204 Causal_Loss: 0.6036 DIR_Penalty: 0.000136 Spurious_Loss: 0.6166
2025-12-03 17:36:17,692 - /home/kantorkristof/git/neurips-polymer/I_Experiment-Synthetic/GNN/DIR.py[line:436] - INFO: Epoch [77/1000] Train_Acc: 0.9010 Val_Acc: 0.9000 | Total_Loss: 1.2197 Causal_Loss: 0.6016 DIR_Penalty: 0.000138 Spurious_Loss: 0.6179
2025-12-03 17:36:22,354 - /home/kantorkristof/git/neurips-polymer/I_Experiment-Synthetic/GNN/DIR.py[line:436] - INFO: Epoch [78/1000] Train_Acc: 0.8963 Val_Acc: 0.8950 | Total_Loss: 1.2179 Causal_Loss: 0.5991 DIR_Penalty: 0.000230 Spurious_Loss: 0.6185
2025-12-03 17:36:27,134 - /home/kantorkristof/git/neurips-polymer/I_Experiment-Synthetic/GNN/DIR.py[line:436] - INFO: Epoch [79/1000] Train_Acc: 0.8843 Val_Acc: 0.8837 | Total_Loss: 1.2127 Causal_Loss: 0.5930 DIR_Penalty: 0.000348 Spurious_Loss: 0.6193
2025-12-03 17:36:31,835 - /home/kantorkristof/git/neurips-polymer/I_Experiment-Synthetic/GNN/DIR.py[line:436] - INFO: Epoch [80/1000] Train_Acc: 0.8843 Val_Acc: 0.8837 | Total_Loss: 1.2210 Causal_Loss: 0.5994 DIR_Penalty: 0.000257 Spurious_Loss: 0.6213
2025-12-03 17:36:36,493 - /home/kantorkristof/git/neurips-polymer/I_Experiment-Synthetic/GNN/DIR.py[line:436] - INFO: Epoch [81/1000] Train_Acc: 1.0000 Val_Acc: 1.0000 | Total_Loss: 1.2174 Causal_Loss: 0.6024 DIR_Penalty: 0.000165 Spurious_Loss: 0.6148
2025-12-03 17:36:36,498 - /home/kantorkristof/git/neurips-polymer/I_Experiment-Synthetic/GNN/DIR.py[line:450] - INFO: Best model saved at epoch 81 with val_acc 1.0000
2025-12-03 17:36:36,498 - /home/kantorkristof/git/neurips-polymer/I_Experiment-Synthetic/GNN/DIR.py[line:460] - INFO: Validation accuracy reached 1.0, stopping training.
2025-12-03 17:36:41,026 - /home/kantorkristof/git/neurips-polymer/I_Experiment-Synthetic/GNN/DIR.py[line:478] - INFO: Best model Accuracy for III_Equally_Distributed_Base, seed 42:
2025-12-03 17:36:41,026 - /home/kantorkristof/git/neurips-polymer/I_Experiment-Synthetic/GNN/DIR.py[line:479] - INFO:   Train Accuracy: 1.0000
2025-12-03 17:36:41,026 - /home/kantorkristof/git/neurips-polymer/I_Experiment-Synthetic/GNN/DIR.py[line:480] - INFO:   Val Accuracy: 1.0000
2025-12-03 17:36:41,026 - /home/kantorkristof/git/neurips-polymer/I_Experiment-Synthetic/GNN/DIR.py[line:481] - INFO:   Test Accuracy: 1.0000
2025-12-03 17:36:41,026 - /home/kantorkristof/git/neurips-polymer/I_Experiment-Synthetic/GNN/DIR.py[line:497] - INFO: 
=== Results for attribute III_Equally_Distributed_Base ===
2025-12-03 17:36:41,026 - /home/kantorkristof/git/neurips-polymer/I_Experiment-Synthetic/GNN/DIR.py[line:503] - INFO: Train Accuracy: 1.0000  Val Accuracy: 1.0000  Test Accuracy: 1.0000
