2025-12-06 18:26:58,906 - /home/kantorkristof/git/neurips-polymer/III_Experiment-Traffic-Prediction/GNN/DIR.py[line:342] - INFO: 
Model training started for property: Yearly_Time_Lost_Rush_Hours_CC (MAPE metric)
2025-12-06 18:26:58,907 - /home/kantorkristof/git/neurips-polymer/III_Experiment-Traffic-Prediction/GNN/DIR.py[line:141] - INFO: 
+------------+-------+
| Parameter  | Value |
+------------+-------+
| cuda       | 2     |
+------------+-------+
| datadir    | data  |
+------------+-------+
| epoch      | 1000  |
+------------+-------+
| seed       | [42]  |
+------------+-------+
| channels   | 64    |
+------------+-------+
| pretrain   | 0     |
+------------+-------+
| alpha      | 0.001 |
+------------+-------+
| r          | 0.900 |
+------------+-------+
| batch_size | 32    |
+------------+-------+
| net_lr     | 0.001 |
+------------+-------+
2025-12-06 18:26:58,907 - /home/kantorkristof/git/neurips-polymer/III_Experiment-Traffic-Prediction/GNN/DIR.py[line:347] - INFO: --- Starting training for Yearly_Time_Lost_Rush_Hours_CC with seed 42 ---
2025-12-06 18:27:00,368 - /home/kantorkristof/git/neurips-polymer/III_Experiment-Traffic-Prediction/GNN/DIR.py[line:445] - INFO: Epoch [1/1000] Train_MAPE: 98.276327% Val_MAPE: 98.191449% | Total_Loss: 99.506847 Causal_Loss: 99.506762 DIR_Penalty: 0.085936 Non_Causal_Loss: 99.807081
2025-12-06 18:27:00,372 - /home/kantorkristof/git/neurips-polymer/III_Experiment-Traffic-Prediction/GNN/DIR.py[line:459] - INFO: Best model saved at epoch 1 with val_mape 98.191449%
2025-12-06 18:27:01,856 - /home/kantorkristof/git/neurips-polymer/III_Experiment-Traffic-Prediction/GNN/DIR.py[line:445] - INFO: Epoch [2/1000] Train_MAPE: 95.095071% Val_MAPE: 94.932179% | Total_Loss: 97.833873 Causal_Loss: 97.832652 DIR_Penalty: 1.219398 Non_Causal_Loss: 99.275686
2025-12-06 18:27:01,860 - /home/kantorkristof/git/neurips-polymer/III_Experiment-Traffic-Prediction/GNN/DIR.py[line:459] - INFO: Best model saved at epoch 2 with val_mape 94.932179%
2025-12-06 18:27:03,300 - /home/kantorkristof/git/neurips-polymer/III_Experiment-Traffic-Prediction/GNN/DIR.py[line:445] - INFO: Epoch [3/1000] Train_MAPE: 89.108340% Val_MAPE: 88.902209% | Total_Loss: 94.197575 Causal_Loss: 94.189662 DIR_Penalty: 7.912468 Non_Causal_Loss: 98.042568
2025-12-06 18:27:03,304 - /home/kantorkristof/git/neurips-polymer/III_Experiment-Traffic-Prediction/GNN/DIR.py[line:459] - INFO: Best model saved at epoch 3 with val_mape 88.902209%
2025-12-06 18:27:04,774 - /home/kantorkristof/git/neurips-polymer/III_Experiment-Traffic-Prediction/GNN/DIR.py[line:445] - INFO: Epoch [4/1000] Train_MAPE: 78.680722% Val_MAPE: 78.426659% | Total_Loss: 86.208094 Causal_Loss: 86.168297 DIR_Penalty: 39.796919 Non_Causal_Loss: 94.645765
2025-12-06 18:27:04,778 - /home/kantorkristof/git/neurips-polymer/III_Experiment-Traffic-Prediction/GNN/DIR.py[line:459] - INFO: Best model saved at epoch 4 with val_mape 78.426659%
2025-12-06 18:27:06,174 - /home/kantorkristof/git/neurips-polymer/III_Experiment-Traffic-Prediction/GNN/DIR.py[line:445] - INFO: Epoch [5/1000] Train_MAPE: 66.528184% Val_MAPE: 65.600691% | Total_Loss: 72.883050 Causal_Loss: 72.764218 DIR_Penalty: 118.832751 Non_Causal_Loss: 87.986745
2025-12-06 18:27:06,178 - /home/kantorkristof/git/neurips-polymer/III_Experiment-Traffic-Prediction/GNN/DIR.py[line:459] - INFO: Best model saved at epoch 5 with val_mape 65.600691%
2025-12-06 18:27:07,577 - /home/kantorkristof/git/neurips-polymer/III_Experiment-Traffic-Prediction/GNN/DIR.py[line:445] - INFO: Epoch [6/1000] Train_MAPE: 64.385096% Val_MAPE: 62.332764% | Total_Loss: 62.063448 Causal_Loss: 61.959751 DIR_Penalty: 103.697938 Non_Causal_Loss: 73.904807
2025-12-06 18:27:07,581 - /home/kantorkristof/git/neurips-polymer/III_Experiment-Traffic-Prediction/GNN/DIR.py[line:459] - INFO: Best model saved at epoch 6 with val_mape 62.332764%
2025-12-06 18:27:09,013 - /home/kantorkristof/git/neurips-polymer/III_Experiment-Traffic-Prediction/GNN/DIR.py[line:445] - INFO: Epoch [7/1000] Train_MAPE: 62.112732% Val_MAPE: 60.085861% | Total_Loss: 51.391288 Causal_Loss: 51.332165 DIR_Penalty: 59.122979 Non_Causal_Loss: 59.194883
2025-12-06 18:27:09,017 - /home/kantorkristof/git/neurips-polymer/III_Experiment-Traffic-Prediction/GNN/DIR.py[line:459] - INFO: Best model saved at epoch 7 with val_mape 60.085861%
2025-12-06 18:27:10,475 - /home/kantorkristof/git/neurips-polymer/III_Experiment-Traffic-Prediction/GNN/DIR.py[line:445] - INFO: Epoch [8/1000] Train_MAPE: 54.236757% Val_MAPE: 48.986105% | Total_Loss: 45.834430 Causal_Loss: 45.811707 DIR_Penalty: 22.722134 Non_Causal_Loss: 50.978345
2025-12-06 18:27:10,479 - /home/kantorkristof/git/neurips-polymer/III_Experiment-Traffic-Prediction/GNN/DIR.py[line:459] - INFO: Best model saved at epoch 8 with val_mape 48.986105%
2025-12-06 18:27:11,873 - /home/kantorkristof/git/neurips-polymer/III_Experiment-Traffic-Prediction/GNN/DIR.py[line:445] - INFO: Epoch [9/1000] Train_MAPE: 50.237838% Val_MAPE: 44.689968% | Total_Loss: 45.505306 Causal_Loss: 45.480680 DIR_Penalty: 24.626746 Non_Causal_Loss: 50.150243
2025-12-06 18:27:11,878 - /home/kantorkristof/git/neurips-polymer/III_Experiment-Traffic-Prediction/GNN/DIR.py[line:459] - INFO: Best model saved at epoch 9 with val_mape 44.689968%
2025-12-06 18:27:13,289 - /home/kantorkristof/git/neurips-polymer/III_Experiment-Traffic-Prediction/GNN/DIR.py[line:445] - INFO: Epoch [10/1000] Train_MAPE: 52.202214% Val_MAPE: 46.517463% | Total_Loss: 44.419914 Causal_Loss: 44.402270 DIR_Penalty: 17.643817 Non_Causal_Loss: 46.580355
2025-12-06 18:27:14,685 - /home/kantorkristof/git/neurips-polymer/III_Experiment-Traffic-Prediction/GNN/DIR.py[line:445] - INFO: Epoch [11/1000] Train_MAPE: 54.240215% Val_MAPE: 48.685343% | Total_Loss: 43.604273 Causal_Loss: 43.591737 DIR_Penalty: 12.536928 Non_Causal_Loss: 47.138442
2025-12-06 18:27:16,080 - /home/kantorkristof/git/neurips-polymer/III_Experiment-Traffic-Prediction/GNN/DIR.py[line:445] - INFO: Epoch [12/1000] Train_MAPE: 50.577091% Val_MAPE: 45.316362% | Total_Loss: 44.178509 Causal_Loss: 44.165029 DIR_Penalty: 13.480466 Non_Causal_Loss: 47.590868
2025-12-06 18:27:17,494 - /home/kantorkristof/git/neurips-polymer/III_Experiment-Traffic-Prediction/GNN/DIR.py[line:445] - INFO: Epoch [13/1000] Train_MAPE: 49.878098% Val_MAPE: 44.572151% | Total_Loss: 42.356278 Causal_Loss: 42.330771 DIR_Penalty: 25.507559 Non_Causal_Loss: 47.681169
2025-12-06 18:27:17,498 - /home/kantorkristof/git/neurips-polymer/III_Experiment-Traffic-Prediction/GNN/DIR.py[line:459] - INFO: Best model saved at epoch 13 with val_mape 44.572151%
2025-12-06 18:27:18,929 - /home/kantorkristof/git/neurips-polymer/III_Experiment-Traffic-Prediction/GNN/DIR.py[line:445] - INFO: Epoch [14/1000] Train_MAPE: 47.953069% Val_MAPE: 42.772042% | Total_Loss: 42.276757 Causal_Loss: 42.230145 DIR_Penalty: 46.611229 Non_Causal_Loss: 48.386597
2025-12-06 18:27:18,933 - /home/kantorkristof/git/neurips-polymer/III_Experiment-Traffic-Prediction/GNN/DIR.py[line:459] - INFO: Best model saved at epoch 14 with val_mape 42.772042%
2025-12-06 18:27:20,354 - /home/kantorkristof/git/neurips-polymer/III_Experiment-Traffic-Prediction/GNN/DIR.py[line:445] - INFO: Epoch [15/1000] Train_MAPE: 47.065779% Val_MAPE: 41.714690% | Total_Loss: 42.180315 Causal_Loss: 42.158052 DIR_Penalty: 22.262091 Non_Causal_Loss: 48.466695
2025-12-06 18:27:20,358 - /home/kantorkristof/git/neurips-polymer/III_Experiment-Traffic-Prediction/GNN/DIR.py[line:459] - INFO: Best model saved at epoch 15 with val_mape 41.714690%
2025-12-06 18:27:21,745 - /home/kantorkristof/git/neurips-polymer/III_Experiment-Traffic-Prediction/GNN/DIR.py[line:445] - INFO: Epoch [16/1000] Train_MAPE: 45.604415% Val_MAPE: 40.783774% | Total_Loss: 42.857333 Causal_Loss: 42.787673 DIR_Penalty: 69.659742 Non_Causal_Loss: 53.426489
2025-12-06 18:27:21,749 - /home/kantorkristof/git/neurips-polymer/III_Experiment-Traffic-Prediction/GNN/DIR.py[line:459] - INFO: Best model saved at epoch 16 with val_mape 40.783774%
2025-12-06 18:27:23,142 - /home/kantorkristof/git/neurips-polymer/III_Experiment-Traffic-Prediction/GNN/DIR.py[line:445] - INFO: Epoch [17/1000] Train_MAPE: 45.203819% Val_MAPE: 40.597144% | Total_Loss: 41.405715 Causal_Loss: 41.341532 DIR_Penalty: 64.183195 Non_Causal_Loss: 51.182866
2025-12-06 18:27:23,146 - /home/kantorkristof/git/neurips-polymer/III_Experiment-Traffic-Prediction/GNN/DIR.py[line:459] - INFO: Best model saved at epoch 17 with val_mape 40.597144%
2025-12-06 18:27:24,525 - /home/kantorkristof/git/neurips-polymer/III_Experiment-Traffic-Prediction/GNN/DIR.py[line:445] - INFO: Epoch [18/1000] Train_MAPE: 44.568864% Val_MAPE: 40.175777% | Total_Loss: 41.702013 Causal_Loss: 41.598681 DIR_Penalty: 103.331050 Non_Causal_Loss: 54.721494
2025-12-06 18:27:24,529 - /home/kantorkristof/git/neurips-polymer/III_Experiment-Traffic-Prediction/GNN/DIR.py[line:459] - INFO: Best model saved at epoch 18 with val_mape 40.175777%
2025-12-06 18:27:25,945 - /home/kantorkristof/git/neurips-polymer/III_Experiment-Traffic-Prediction/GNN/DIR.py[line:445] - INFO: Epoch [19/1000] Train_MAPE: 47.012186% Val_MAPE: 41.769321% | Total_Loss: 41.690005 Causal_Loss: 41.649057 DIR_Penalty: 40.948348 Non_Causal_Loss: 49.842607
2025-12-06 18:27:27,358 - /home/kantorkristof/git/neurips-polymer/III_Experiment-Traffic-Prediction/GNN/DIR.py[line:445] - INFO: Epoch [20/1000] Train_MAPE: 42.490739% Val_MAPE: 39.729995% | Total_Loss: 41.163033 Causal_Loss: 41.087330 DIR_Penalty: 75.702570 Non_Causal_Loss: 52.719999
2025-12-06 18:27:27,362 - /home/kantorkristof/git/neurips-polymer/III_Experiment-Traffic-Prediction/GNN/DIR.py[line:459] - INFO: Best model saved at epoch 20 with val_mape 39.729995%
2025-12-06 18:27:28,780 - /home/kantorkristof/git/neurips-polymer/III_Experiment-Traffic-Prediction/GNN/DIR.py[line:445] - INFO: Epoch [21/1000] Train_MAPE: 43.415654% Val_MAPE: 39.490939% | Total_Loss: 41.800375 Causal_Loss: 41.777985 DIR_Penalty: 22.391041 Non_Causal_Loss: 47.352931
2025-12-06 18:27:28,784 - /home/kantorkristof/git/neurips-polymer/III_Experiment-Traffic-Prediction/GNN/DIR.py[line:459] - INFO: Best model saved at epoch 21 with val_mape 39.490939%
2025-12-06 18:27:30,173 - /home/kantorkristof/git/neurips-polymer/III_Experiment-Traffic-Prediction/GNN/DIR.py[line:445] - INFO: Epoch [22/1000] Train_MAPE: 42.881277% Val_MAPE: 38.962196% | Total_Loss: 41.270740 Causal_Loss: 41.222733 DIR_Penalty: 48.006620 Non_Causal_Loss: 50.281950
2025-12-06 18:27:30,177 - /home/kantorkristof/git/neurips-polymer/III_Experiment-Traffic-Prediction/GNN/DIR.py[line:459] - INFO: Best model saved at epoch 22 with val_mape 38.962196%
2025-12-06 18:27:31,585 - /home/kantorkristof/git/neurips-polymer/III_Experiment-Traffic-Prediction/GNN/DIR.py[line:445] - INFO: Epoch [23/1000] Train_MAPE: 42.487807% Val_MAPE: 40.548608% | Total_Loss: 41.273072 Causal_Loss: 41.213501 DIR_Penalty: 59.571424 Non_Causal_Loss: 49.773047
2025-12-06 18:27:32,994 - /home/kantorkristof/git/neurips-polymer/III_Experiment-Traffic-Prediction/GNN/DIR.py[line:445] - INFO: Epoch [24/1000] Train_MAPE: 41.899185% Val_MAPE: 39.440028% | Total_Loss: 41.155504 Causal_Loss: 41.108885 DIR_Penalty: 46.619999 Non_Causal_Loss: 49.699057
2025-12-06 18:27:34,407 - /home/kantorkristof/git/neurips-polymer/III_Experiment-Traffic-Prediction/GNN/DIR.py[line:445] - INFO: Epoch [25/1000] Train_MAPE: 42.467000% Val_MAPE: 42.475714% | Total_Loss: 42.904938 Causal_Loss: 42.873076 DIR_Penalty: 31.861617 Non_Causal_Loss: 49.527077
2025-12-06 18:27:35,795 - /home/kantorkristof/git/neurips-polymer/III_Experiment-Traffic-Prediction/GNN/DIR.py[line:445] - INFO: Epoch [26/1000] Train_MAPE: 41.537224% Val_MAPE: 39.839960% | Total_Loss: 42.448764 Causal_Loss: 42.408413 DIR_Penalty: 40.350458 Non_Causal_Loss: 50.239529
2025-12-06 18:27:37,191 - /home/kantorkristof/git/neurips-polymer/III_Experiment-Traffic-Prediction/GNN/DIR.py[line:445] - INFO: Epoch [27/1000] Train_MAPE: 42.057743% Val_MAPE: 39.540875% | Total_Loss: 41.334017 Causal_Loss: 41.300018 DIR_Penalty: 33.999316 Non_Causal_Loss: 48.972553
2025-12-06 18:27:38,615 - /home/kantorkristof/git/neurips-polymer/III_Experiment-Traffic-Prediction/GNN/DIR.py[line:445] - INFO: Epoch [28/1000] Train_MAPE: 43.478225% Val_MAPE: 39.990631% | Total_Loss: 42.212242 Causal_Loss: 42.160707 DIR_Penalty: 51.534368 Non_Causal_Loss: 51.642868
2025-12-06 18:27:39,998 - /home/kantorkristof/git/neurips-polymer/III_Experiment-Traffic-Prediction/GNN/DIR.py[line:445] - INFO: Epoch [29/1000] Train_MAPE: 40.873181% Val_MAPE: 39.649989% | Total_Loss: 41.827093 Causal_Loss: 41.793331 DIR_Penalty: 33.762552 Non_Causal_Loss: 49.490452
2025-12-06 18:27:41,400 - /home/kantorkristof/git/neurips-polymer/III_Experiment-Traffic-Prediction/GNN/DIR.py[line:445] - INFO: Epoch [30/1000] Train_MAPE: 42.193691% Val_MAPE: 39.663658% | Total_Loss: 41.194599 Causal_Loss: 41.134280 DIR_Penalty: 60.318119 Non_Causal_Loss: 49.991616
2025-12-06 18:27:42,823 - /home/kantorkristof/git/neurips-polymer/III_Experiment-Traffic-Prediction/GNN/DIR.py[line:445] - INFO: Epoch [31/1000] Train_MAPE: 43.761098% Val_MAPE: 39.707928% | Total_Loss: 41.076798 Causal_Loss: 41.032302 DIR_Penalty: 44.496357 Non_Causal_Loss: 48.245635
2025-12-06 18:27:44,269 - /home/kantorkristof/git/neurips-polymer/III_Experiment-Traffic-Prediction/GNN/DIR.py[line:445] - INFO: Epoch [32/1000] Train_MAPE: 42.796659% Val_MAPE: 43.207275% | Total_Loss: 41.306175 Causal_Loss: 41.273782 DIR_Penalty: 32.393496 Non_Causal_Loss: 48.225160
2025-12-06 18:27:45,728 - /home/kantorkristof/git/neurips-polymer/III_Experiment-Traffic-Prediction/GNN/DIR.py[line:445] - INFO: Epoch [33/1000] Train_MAPE: 42.642257% Val_MAPE: 40.338800% | Total_Loss: 40.876282 Causal_Loss: 40.836829 DIR_Penalty: 39.453074 Non_Causal_Loss: 48.279757
2025-12-06 18:27:47,156 - /home/kantorkristof/git/neurips-polymer/III_Experiment-Traffic-Prediction/GNN/DIR.py[line:445] - INFO: Epoch [34/1000] Train_MAPE: 42.631693% Val_MAPE: 39.229675% | Total_Loss: 41.165909 Causal_Loss: 41.131774 DIR_Penalty: 34.133759 Non_Causal_Loss: 47.100511
2025-12-06 18:27:48,570 - /home/kantorkristof/git/neurips-polymer/III_Experiment-Traffic-Prediction/GNN/DIR.py[line:445] - INFO: Epoch [35/1000] Train_MAPE: 41.725695% Val_MAPE: 39.645922% | Total_Loss: 40.849999 Causal_Loss: 40.823256 DIR_Penalty: 26.742211 Non_Causal_Loss: 47.006614
2025-12-06 18:27:49,965 - /home/kantorkristof/git/neurips-polymer/III_Experiment-Traffic-Prediction/GNN/DIR.py[line:445] - INFO: Epoch [36/1000] Train_MAPE: 45.142909% Val_MAPE: 40.594351% | Total_Loss: 40.066166 Causal_Loss: 40.023720 DIR_Penalty: 42.445827 Non_Causal_Loss: 47.421360
2025-12-06 18:27:51,356 - /home/kantorkristof/git/neurips-polymer/III_Experiment-Traffic-Prediction/GNN/DIR.py[line:445] - INFO: Epoch [37/1000] Train_MAPE: 45.946154% Val_MAPE: 41.531622% | Total_Loss: 40.491007 Causal_Loss: 40.460169 DIR_Penalty: 30.838387 Non_Causal_Loss: 47.024248
2025-12-06 18:27:52,728 - /home/kantorkristof/git/neurips-polymer/III_Experiment-Traffic-Prediction/GNN/DIR.py[line:445] - INFO: Epoch [38/1000] Train_MAPE: 42.363885% Val_MAPE: 39.012202% | Total_Loss: 40.261034 Causal_Loss: 40.223032 DIR_Penalty: 38.002416 Non_Causal_Loss: 46.893973
2025-12-06 18:27:54,117 - /home/kantorkristof/git/neurips-polymer/III_Experiment-Traffic-Prediction/GNN/DIR.py[line:445] - INFO: Epoch [39/1000] Train_MAPE: 41.798077% Val_MAPE: 39.767942% | Total_Loss: 40.707267 Causal_Loss: 40.684619 DIR_Penalty: 22.648250 Non_Causal_Loss: 46.591598
2025-12-06 18:27:55,516 - /home/kantorkristof/git/neurips-polymer/III_Experiment-Traffic-Prediction/GNN/DIR.py[line:445] - INFO: Epoch [40/1000] Train_MAPE: 44.046838% Val_MAPE: 44.570962% | Total_Loss: 39.681465 Causal_Loss: 39.649879 DIR_Penalty: 31.585587 Non_Causal_Loss: 47.098991
2025-12-06 18:27:56,940 - /home/kantorkristof/git/neurips-polymer/III_Experiment-Traffic-Prediction/GNN/DIR.py[line:445] - INFO: Epoch [41/1000] Train_MAPE: 42.134102% Val_MAPE: 40.403777% | Total_Loss: 40.709733 Causal_Loss: 40.665132 DIR_Penalty: 44.601107 Non_Causal_Loss: 48.550320
2025-12-06 18:27:58,345 - /home/kantorkristof/git/neurips-polymer/III_Experiment-Traffic-Prediction/GNN/DIR.py[line:445] - INFO: Epoch [42/1000] Train_MAPE: 42.073704% Val_MAPE: 40.233326% | Total_Loss: 41.044188 Causal_Loss: 41.014766 DIR_Penalty: 29.421833 Non_Causal_Loss: 47.106956
2025-12-06 18:27:59,758 - /home/kantorkristof/git/neurips-polymer/III_Experiment-Traffic-Prediction/GNN/DIR.py[line:445] - INFO: Epoch [43/1000] Train_MAPE: 43.259962% Val_MAPE: 39.920212% | Total_Loss: 41.468367 Causal_Loss: 41.443810 DIR_Penalty: 24.556958 Non_Causal_Loss: 47.429358
2025-12-06 18:28:01,188 - /home/kantorkristof/git/neurips-polymer/III_Experiment-Traffic-Prediction/GNN/DIR.py[line:445] - INFO: Epoch [44/1000] Train_MAPE: 44.713132% Val_MAPE: 40.743135% | Total_Loss: 39.949270 Causal_Loss: 39.909965 DIR_Penalty: 39.304816 Non_Causal_Loss: 47.294694
2025-12-06 18:28:02,590 - /home/kantorkristof/git/neurips-polymer/III_Experiment-Traffic-Prediction/GNN/DIR.py[line:445] - INFO: Epoch [45/1000] Train_MAPE: 44.456893% Val_MAPE: 40.657345% | Total_Loss: 39.863766 Causal_Loss: 39.836283 DIR_Penalty: 27.482366 Non_Causal_Loss: 46.496330
2025-12-06 18:28:04,021 - /home/kantorkristof/git/neurips-polymer/III_Experiment-Traffic-Prediction/GNN/DIR.py[line:445] - INFO: Epoch [46/1000] Train_MAPE: 42.087183% Val_MAPE: 39.870670% | Total_Loss: 41.105386 Causal_Loss: 41.057790 DIR_Penalty: 47.595897 Non_Causal_Loss: 49.315858
2025-12-06 18:28:05,405 - /home/kantorkristof/git/neurips-polymer/III_Experiment-Traffic-Prediction/GNN/DIR.py[line:445] - INFO: Epoch [47/1000] Train_MAPE: 44.152234% Val_MAPE: 40.416322% | Total_Loss: 41.930826 Causal_Loss: 41.902002 DIR_Penalty: 28.822666 Non_Causal_Loss: 47.686875
2025-12-06 18:28:06,827 - /home/kantorkristof/git/neurips-polymer/III_Experiment-Traffic-Prediction/GNN/DIR.py[line:445] - INFO: Epoch [48/1000] Train_MAPE: 45.770751% Val_MAPE: 41.371736% | Total_Loss: 40.297772 Causal_Loss: 40.255261 DIR_Penalty: 42.510208 Non_Causal_Loss: 47.653993
2025-12-06 18:28:08,211 - /home/kantorkristof/git/neurips-polymer/III_Experiment-Traffic-Prediction/GNN/DIR.py[line:445] - INFO: Epoch [49/1000] Train_MAPE: 43.680310% Val_MAPE: 40.263703% | Total_Loss: 41.163284 Causal_Loss: 41.136447 DIR_Penalty: 26.836424 Non_Causal_Loss: 47.440616
2025-12-06 18:28:09,622 - /home/kantorkristof/git/neurips-polymer/III_Experiment-Traffic-Prediction/GNN/DIR.py[line:445] - INFO: Epoch [50/1000] Train_MAPE: 41.985208% Val_MAPE: 39.756966% | Total_Loss: 42.146920 Causal_Loss: 42.109331 DIR_Penalty: 37.588701 Non_Causal_Loss: 48.687325
2025-12-06 18:28:11,022 - /home/kantorkristof/git/neurips-polymer/III_Experiment-Traffic-Prediction/GNN/DIR.py[line:445] - INFO: Epoch [51/1000] Train_MAPE: 45.076077% Val_MAPE: 41.642995% | Total_Loss: 39.646191 Causal_Loss: 39.602036 DIR_Penalty: 44.155113 Non_Causal_Loss: 46.611901
2025-12-06 18:28:12,412 - /home/kantorkristof/git/neurips-polymer/III_Experiment-Traffic-Prediction/GNN/DIR.py[line:445] - INFO: Epoch [52/1000] Train_MAPE: 44.989556% Val_MAPE: 41.209615% | Total_Loss: 40.297671 Causal_Loss: 40.249391 DIR_Penalty: 48.281098 Non_Causal_Loss: 48.885514
2025-12-06 18:28:13,829 - /home/kantorkristof/git/neurips-polymer/III_Experiment-Traffic-Prediction/GNN/DIR.py[line:445] - INFO: Epoch [53/1000] Train_MAPE: 42.827107% Val_MAPE: 43.927071% | Total_Loss: 39.527325 Causal_Loss: 39.482805 DIR_Penalty: 44.520382 Non_Causal_Loss: 47.034862
2025-12-06 18:28:15,310 - /home/kantorkristof/git/neurips-polymer/III_Experiment-Traffic-Prediction/GNN/DIR.py[line:445] - INFO: Epoch [54/1000] Train_MAPE: 42.144669% Val_MAPE: 40.579652% | Total_Loss: 41.706447 Causal_Loss: 41.661027 DIR_Penalty: 45.419549 Non_Causal_Loss: 47.576867
2025-12-06 18:28:16,722 - /home/kantorkristof/git/neurips-polymer/III_Experiment-Traffic-Prediction/GNN/DIR.py[line:445] - INFO: Epoch [55/1000] Train_MAPE: 47.134360% Val_MAPE: 42.224433% | Total_Loss: 41.126128 Causal_Loss: 41.074026 DIR_Penalty: 52.102853 Non_Causal_Loss: 49.918763
2025-12-06 18:28:18,279 - /home/kantorkristof/git/neurips-polymer/III_Experiment-Traffic-Prediction/GNN/DIR.py[line:445] - INFO: Epoch [56/1000] Train_MAPE: 44.185149% Val_MAPE: 40.957432% | Total_Loss: 40.211588 Causal_Loss: 40.178663 DIR_Penalty: 32.924654 Non_Causal_Loss: 47.257916
2025-12-06 18:28:19,668 - /home/kantorkristof/git/neurips-polymer/III_Experiment-Traffic-Prediction/GNN/DIR.py[line:445] - INFO: Epoch [57/1000] Train_MAPE: 41.437007% Val_MAPE: 39.855946% | Total_Loss: 42.450542 Causal_Loss: 42.413028 DIR_Penalty: 37.514786 Non_Causal_Loss: 48.880797
2025-12-06 18:28:21,052 - /home/kantorkristof/git/neurips-polymer/III_Experiment-Traffic-Prediction/GNN/DIR.py[line:445] - INFO: Epoch [58/1000] Train_MAPE: 45.130132% Val_MAPE: 41.194308% | Total_Loss: 40.158936 Causal_Loss: 40.103554 DIR_Penalty: 55.381794 Non_Causal_Loss: 47.201597
2025-12-06 18:28:22,446 - /home/kantorkristof/git/neurips-polymer/III_Experiment-Traffic-Prediction/GNN/DIR.py[line:445] - INFO: Epoch [59/1000] Train_MAPE: 44.165329% Val_MAPE: 40.910131% | Total_Loss: 40.008436 Causal_Loss: 39.959617 DIR_Penalty: 48.820112 Non_Causal_Loss: 48.334360
2025-12-06 18:28:23,850 - /home/kantorkristof/git/neurips-polymer/III_Experiment-Traffic-Prediction/GNN/DIR.py[line:445] - INFO: Epoch [60/1000] Train_MAPE: 44.508129% Val_MAPE: 40.347432% | Total_Loss: 40.658185 Causal_Loss: 40.626957 DIR_Penalty: 31.228103 Non_Causal_Loss: 47.335493
2025-12-06 18:28:25,238 - /home/kantorkristof/git/neurips-polymer/III_Experiment-Traffic-Prediction/GNN/DIR.py[line:445] - INFO: Epoch [61/1000] Train_MAPE: 41.344689% Val_MAPE: 40.472801% | Total_Loss: 42.144517 Causal_Loss: 42.109326 DIR_Penalty: 35.191441 Non_Causal_Loss: 47.611419
2025-12-06 18:28:26,651 - /home/kantorkristof/git/neurips-polymer/III_Experiment-Traffic-Prediction/GNN/DIR.py[line:445] - INFO: Epoch [62/1000] Train_MAPE: 43.024300% Val_MAPE: 41.276794% | Total_Loss: 40.851798 Causal_Loss: 40.830423 DIR_Penalty: 21.374491 Non_Causal_Loss: 46.671116
2025-12-06 18:28:28,073 - /home/kantorkristof/git/neurips-polymer/III_Experiment-Traffic-Prediction/GNN/DIR.py[line:445] - INFO: Epoch [63/1000] Train_MAPE: 47.689792% Val_MAPE: 43.279339% | Total_Loss: 41.279346 Causal_Loss: 41.252626 DIR_Penalty: 26.720052 Non_Causal_Loss: 47.393646
2025-12-06 18:28:29,499 - /home/kantorkristof/git/neurips-polymer/III_Experiment-Traffic-Prediction/GNN/DIR.py[line:445] - INFO: Epoch [64/1000] Train_MAPE: 45.358999% Val_MAPE: 41.110785% | Total_Loss: 40.710080 Causal_Loss: 40.673667 DIR_Penalty: 36.412418 Non_Causal_Loss: 46.652182
2025-12-06 18:28:30,952 - /home/kantorkristof/git/neurips-polymer/III_Experiment-Traffic-Prediction/GNN/DIR.py[line:445] - INFO: Epoch [65/1000] Train_MAPE: 42.604391% Val_MAPE: 39.696301% | Total_Loss: 41.222072 Causal_Loss: 41.186896 DIR_Penalty: 35.176597 Non_Causal_Loss: 48.011875
2025-12-06 18:28:32,366 - /home/kantorkristof/git/neurips-polymer/III_Experiment-Traffic-Prediction/GNN/DIR.py[line:445] - INFO: Epoch [66/1000] Train_MAPE: 44.037579% Val_MAPE: 40.053558% | Total_Loss: 42.449816 Causal_Loss: 42.432448 DIR_Penalty: 17.367449 Non_Causal_Loss: 48.143507
2025-12-06 18:28:33,853 - /home/kantorkristof/git/neurips-polymer/III_Experiment-Traffic-Prediction/GNN/DIR.py[line:445] - INFO: Epoch [67/1000] Train_MAPE: 42.734795% Val_MAPE: 39.978481% | Total_Loss: 39.441935 Causal_Loss: 39.403692 DIR_Penalty: 38.243421 Non_Causal_Loss: 46.524595
2025-12-06 18:28:35,251 - /home/kantorkristof/git/neurips-polymer/III_Experiment-Traffic-Prediction/GNN/DIR.py[line:445] - INFO: Epoch [68/1000] Train_MAPE: 43.741423% Val_MAPE: 40.861362% | Total_Loss: 40.698730 Causal_Loss: 40.659972 DIR_Penalty: 38.758331 Non_Causal_Loss: 47.853296
2025-12-06 18:28:36,635 - /home/kantorkristof/git/neurips-polymer/III_Experiment-Traffic-Prediction/GNN/DIR.py[line:445] - INFO: Epoch [69/1000] Train_MAPE: 43.069609% Val_MAPE: 40.292300% | Total_Loss: 40.269720 Causal_Loss: 40.227817 DIR_Penalty: 41.902474 Non_Causal_Loss: 47.366443
2025-12-06 18:28:38,032 - /home/kantorkristof/git/neurips-polymer/III_Experiment-Traffic-Prediction/GNN/DIR.py[line:445] - INFO: Epoch [70/1000] Train_MAPE: 43.281268% Val_MAPE: 40.965858% | Total_Loss: 39.387702 Causal_Loss: 39.329338 DIR_Penalty: 58.363881 Non_Causal_Loss: 48.100927
2025-12-06 18:28:39,457 - /home/kantorkristof/git/neurips-polymer/III_Experiment-Traffic-Prediction/GNN/DIR.py[line:445] - INFO: Epoch [71/1000] Train_MAPE: 43.376055% Val_MAPE: 39.895697% | Total_Loss: 40.062007 Causal_Loss: 40.020757 DIR_Penalty: 41.249756 Non_Causal_Loss: 47.579845
2025-12-06 18:28:40,886 - /home/kantorkristof/git/neurips-polymer/III_Experiment-Traffic-Prediction/GNN/DIR.py[line:445] - INFO: Epoch [72/1000] Train_MAPE: 42.541985% Val_MAPE: 39.950712% | Total_Loss: 39.926768 Causal_Loss: 39.900414 DIR_Penalty: 26.354594 Non_Causal_Loss: 46.558298
2025-12-06 18:28:42,338 - /home/kantorkristof/git/neurips-polymer/III_Experiment-Traffic-Prediction/GNN/DIR.py[line:445] - INFO: Epoch [73/1000] Train_MAPE: 42.382327% Val_MAPE: 39.961222% | Total_Loss: 39.904547 Causal_Loss: 39.869197 DIR_Penalty: 35.350202 Non_Causal_Loss: 47.462303
2025-12-06 18:28:43,746 - /home/kantorkristof/git/neurips-polymer/III_Experiment-Traffic-Prediction/GNN/DIR.py[line:445] - INFO: Epoch [74/1000] Train_MAPE: 42.705860% Val_MAPE: 39.801836% | Total_Loss: 39.882459 Causal_Loss: 39.851933 DIR_Penalty: 30.525975 Non_Causal_Loss: 46.810364
2025-12-06 18:28:45,139 - /home/kantorkristof/git/neurips-polymer/III_Experiment-Traffic-Prediction/GNN/DIR.py[line:445] - INFO: Epoch [75/1000] Train_MAPE: 43.483790% Val_MAPE: 42.881023% | Total_Loss: 42.298267 Causal_Loss: 42.268675 DIR_Penalty: 29.592190 Non_Causal_Loss: 47.634423
2025-12-06 18:28:46,553 - /home/kantorkristof/git/neurips-polymer/III_Experiment-Traffic-Prediction/GNN/DIR.py[line:445] - INFO: Epoch [76/1000] Train_MAPE: 46.226902% Val_MAPE: 42.306292% | Total_Loss: 40.161603 Causal_Loss: 40.127940 DIR_Penalty: 33.662644 Non_Causal_Loss: 47.260584
2025-12-06 18:28:47,957 - /home/kantorkristof/git/neurips-polymer/III_Experiment-Traffic-Prediction/GNN/DIR.py[line:445] - INFO: Epoch [77/1000] Train_MAPE: 44.210531% Val_MAPE: 40.471261% | Total_Loss: 40.155799 Causal_Loss: 40.091842 DIR_Penalty: 63.956936 Non_Causal_Loss: 48.424506
2025-12-06 18:28:49,426 - /home/kantorkristof/git/neurips-polymer/III_Experiment-Traffic-Prediction/GNN/DIR.py[line:445] - INFO: Epoch [78/1000] Train_MAPE: 44.804177% Val_MAPE: 41.373613% | Total_Loss: 41.018185 Causal_Loss: 40.987357 DIR_Penalty: 30.827660 Non_Causal_Loss: 46.629664
2025-12-06 18:28:50,923 - /home/kantorkristof/git/neurips-polymer/III_Experiment-Traffic-Prediction/GNN/DIR.py[line:445] - INFO: Epoch [79/1000] Train_MAPE: 43.799336% Val_MAPE: 40.503030% | Total_Loss: 40.001161 Causal_Loss: 39.974042 DIR_Penalty: 27.118732 Non_Causal_Loss: 46.584196
2025-12-06 18:28:52,315 - /home/kantorkristof/git/neurips-polymer/III_Experiment-Traffic-Prediction/GNN/DIR.py[line:445] - INFO: Epoch [80/1000] Train_MAPE: 41.692554% Val_MAPE: 40.057454% | Total_Loss: 40.621539 Causal_Loss: 40.585978 DIR_Penalty: 35.561649 Non_Causal_Loss: 46.632511
2025-12-06 18:28:53,774 - /home/kantorkristof/git/neurips-polymer/III_Experiment-Traffic-Prediction/GNN/DIR.py[line:445] - INFO: Epoch [81/1000] Train_MAPE: 43.310452% Val_MAPE: 40.610943% | Total_Loss: 40.833385 Causal_Loss: 40.788576 DIR_Penalty: 44.810046 Non_Causal_Loss: 47.997998
2025-12-06 18:28:55,245 - /home/kantorkristof/git/neurips-polymer/III_Experiment-Traffic-Prediction/GNN/DIR.py[line:445] - INFO: Epoch [82/1000] Train_MAPE: 45.595259% Val_MAPE: 41.857178% | Total_Loss: 39.087345 Causal_Loss: 39.034871 DIR_Penalty: 52.473263 Non_Causal_Loss: 47.438109
2025-12-06 18:28:56,671 - /home/kantorkristof/git/neurips-polymer/III_Experiment-Traffic-Prediction/GNN/DIR.py[line:445] - INFO: Epoch [83/1000] Train_MAPE: 44.127772% Val_MAPE: 40.883119% | Total_Loss: 40.925345 Causal_Loss: 40.886250 DIR_Penalty: 39.095173 Non_Causal_Loss: 47.786557
2025-12-06 18:28:58,230 - /home/kantorkristof/git/neurips-polymer/III_Experiment-Traffic-Prediction/GNN/DIR.py[line:445] - INFO: Epoch [84/1000] Train_MAPE: 46.015848% Val_MAPE: 46.951250% | Total_Loss: 41.014113 Causal_Loss: 40.973733 DIR_Penalty: 40.380356 Non_Causal_Loss: 48.449501
2025-12-06 18:28:59,681 - /home/kantorkristof/git/neurips-polymer/III_Experiment-Traffic-Prediction/GNN/DIR.py[line:445] - INFO: Epoch [85/1000] Train_MAPE: 42.623977% Val_MAPE: 39.987856% | Total_Loss: 39.789973 Causal_Loss: 39.747591 DIR_Penalty: 42.382961 Non_Causal_Loss: 47.639016
2025-12-06 18:29:01,107 - /home/kantorkristof/git/neurips-polymer/III_Experiment-Traffic-Prediction/GNN/DIR.py[line:445] - INFO: Epoch [86/1000] Train_MAPE: 44.910920% Val_MAPE: 41.364146% | Total_Loss: 40.481362 Causal_Loss: 40.452849 DIR_Penalty: 28.513073 Non_Causal_Loss: 46.761159
2025-12-06 18:29:02,502 - /home/kantorkristof/git/neurips-polymer/III_Experiment-Traffic-Prediction/GNN/DIR.py[line:445] - INFO: Epoch [87/1000] Train_MAPE: 43.707813% Val_MAPE: 40.028046% | Total_Loss: 40.387817 Causal_Loss: 40.344963 DIR_Penalty: 42.854591 Non_Causal_Loss: 48.798813
2025-12-06 18:29:03,909 - /home/kantorkristof/git/neurips-polymer/III_Experiment-Traffic-Prediction/GNN/DIR.py[line:445] - INFO: Epoch [88/1000] Train_MAPE: 44.814625% Val_MAPE: 41.207597% | Total_Loss: 41.485011 Causal_Loss: 41.435718 DIR_Penalty: 49.292982 Non_Causal_Loss: 48.425812
2025-12-06 18:29:05,320 - /home/kantorkristof/git/neurips-polymer/III_Experiment-Traffic-Prediction/GNN/DIR.py[line:445] - INFO: Epoch [89/1000] Train_MAPE: 43.231635% Val_MAPE: 39.714459% | Total_Loss: 39.935162 Causal_Loss: 39.909328 DIR_Penalty: 25.834377 Non_Causal_Loss: 46.630964
2025-12-06 18:29:06,724 - /home/kantorkristof/git/neurips-polymer/III_Experiment-Traffic-Prediction/GNN/DIR.py[line:445] - INFO: Epoch [90/1000] Train_MAPE: 42.773913% Val_MAPE: 39.936153% | Total_Loss: 38.883631 Causal_Loss: 38.849837 DIR_Penalty: 33.793832 Non_Causal_Loss: 46.580180
2025-12-06 18:29:08,103 - /home/kantorkristof/git/neurips-polymer/III_Experiment-Traffic-Prediction/GNN/DIR.py[line:445] - INFO: Epoch [91/1000] Train_MAPE: 43.683248% Val_MAPE: 42.851856% | Total_Loss: 40.189497 Causal_Loss: 40.152800 DIR_Penalty: 36.698221 Non_Causal_Loss: 48.091829
2025-12-06 18:29:09,500 - /home/kantorkristof/git/neurips-polymer/III_Experiment-Traffic-Prediction/GNN/DIR.py[line:445] - INFO: Epoch [92/1000] Train_MAPE: 43.676191% Val_MAPE: 40.045775% | Total_Loss: 41.230812 Causal_Loss: 41.196908 DIR_Penalty: 33.904431 Non_Causal_Loss: 48.184206
2025-12-06 18:29:10,929 - /home/kantorkristof/git/neurips-polymer/III_Experiment-Traffic-Prediction/GNN/DIR.py[line:445] - INFO: Epoch [93/1000] Train_MAPE: 42.427202% Val_MAPE: 40.167363% | Total_Loss: 40.007528 Causal_Loss: 39.964768 DIR_Penalty: 42.759348 Non_Causal_Loss: 47.033350
2025-12-06 18:29:12,309 - /home/kantorkristof/git/neurips-polymer/III_Experiment-Traffic-Prediction/GNN/DIR.py[line:445] - INFO: Epoch [94/1000] Train_MAPE: 46.165169% Val_MAPE: 42.909216% | Total_Loss: 40.872205 Causal_Loss: 40.834154 DIR_Penalty: 38.052241 Non_Causal_Loss: 48.591867
2025-12-06 18:29:13,702 - /home/kantorkristof/git/neurips-polymer/III_Experiment-Traffic-Prediction/GNN/DIR.py[line:445] - INFO: Epoch [95/1000] Train_MAPE: 45.084497% Val_MAPE: 41.239512% | Total_Loss: 39.436784 Causal_Loss: 39.400578 DIR_Penalty: 36.205368 Non_Causal_Loss: 46.858386
2025-12-06 18:29:15,100 - /home/kantorkristof/git/neurips-polymer/III_Experiment-Traffic-Prediction/GNN/DIR.py[line:445] - INFO: Epoch [96/1000] Train_MAPE: 43.692242% Val_MAPE: 40.690475% | Total_Loss: 40.370629 Causal_Loss: 40.341363 DIR_Penalty: 29.265813 Non_Causal_Loss: 47.239476
2025-12-06 18:29:16,495 - /home/kantorkristof/git/neurips-polymer/III_Experiment-Traffic-Prediction/GNN/DIR.py[line:445] - INFO: Epoch [97/1000] Train_MAPE: 42.343083% Val_MAPE: 40.176405% | Total_Loss: 39.051995 Causal_Loss: 38.983123 DIR_Penalty: 68.871418 Non_Causal_Loss: 47.435449
2025-12-06 18:29:17,895 - /home/kantorkristof/git/neurips-polymer/III_Experiment-Traffic-Prediction/GNN/DIR.py[line:445] - INFO: Epoch [98/1000] Train_MAPE: 43.920000% Val_MAPE: 42.064591% | Total_Loss: 40.911453 Causal_Loss: 40.871471 DIR_Penalty: 39.981394 Non_Causal_Loss: 48.396798
2025-12-06 18:29:19,311 - /home/kantorkristof/git/neurips-polymer/III_Experiment-Traffic-Prediction/GNN/DIR.py[line:445] - INFO: Epoch [99/1000] Train_MAPE: 43.054805% Val_MAPE: 40.822846% | Total_Loss: 40.966260 Causal_Loss: 40.924954 DIR_Penalty: 41.306531 Non_Causal_Loss: 48.812437
2025-12-06 18:29:20,853 - /home/kantorkristof/git/neurips-polymer/III_Experiment-Traffic-Prediction/GNN/DIR.py[line:445] - INFO: Epoch [100/1000] Train_MAPE: 45.160985% Val_MAPE: 42.001369% | Total_Loss: 41.422803 Causal_Loss: 41.400521 DIR_Penalty: 22.282253 Non_Causal_Loss: 46.560743
2025-12-06 18:29:22,244 - /home/kantorkristof/git/neurips-polymer/III_Experiment-Traffic-Prediction/GNN/DIR.py[line:445] - INFO: Epoch [101/1000] Train_MAPE: 47.750515% Val_MAPE: 43.345113% | Total_Loss: 39.839505 Causal_Loss: 39.788084 DIR_Penalty: 51.420300 Non_Causal_Loss: 48.098120
2025-12-06 18:29:23,631 - /home/kantorkristof/git/neurips-polymer/III_Experiment-Traffic-Prediction/GNN/DIR.py[line:445] - INFO: Epoch [102/1000] Train_MAPE: 44.182643% Val_MAPE: 40.973871% | Total_Loss: 41.196217 Causal_Loss: 41.150150 DIR_Penalty: 46.066484 Non_Causal_Loss: 49.255461
2025-12-06 18:29:25,005 - /home/kantorkristof/git/neurips-polymer/III_Experiment-Traffic-Prediction/GNN/DIR.py[line:445] - INFO: Epoch [103/1000] Train_MAPE: 43.955019% Val_MAPE: 40.883951% | Total_Loss: 40.326540 Causal_Loss: 40.283948 DIR_Penalty: 42.591872 Non_Causal_Loss: 47.712732
2025-12-06 18:29:26,394 - /home/kantorkristof/git/neurips-polymer/III_Experiment-Traffic-Prediction/GNN/DIR.py[line:445] - INFO: Epoch [104/1000] Train_MAPE: 44.734365% Val_MAPE: 41.378316% | Total_Loss: 41.274790 Causal_Loss: 41.243308 DIR_Penalty: 31.481742 Non_Causal_Loss: 47.516392
2025-12-06 18:29:27,790 - /home/kantorkristof/git/neurips-polymer/III_Experiment-Traffic-Prediction/GNN/DIR.py[line:445] - INFO: Epoch [105/1000] Train_MAPE: 43.941908% Val_MAPE: 40.889810% | Total_Loss: 40.311152 Causal_Loss: 40.266561 DIR_Penalty: 44.591913 Non_Causal_Loss: 47.702432
2025-12-06 18:29:29,173 - /home/kantorkristof/git/neurips-polymer/III_Experiment-Traffic-Prediction/GNN/DIR.py[line:445] - INFO: Epoch [106/1000] Train_MAPE: 41.177829% Val_MAPE: 39.773283% | Total_Loss: 39.400629 Causal_Loss: 39.363963 DIR_Penalty: 36.666308 Non_Causal_Loss: 46.749921
2025-12-06 18:29:30,583 - /home/kantorkristof/git/neurips-polymer/III_Experiment-Traffic-Prediction/GNN/DIR.py[line:445] - INFO: Epoch [107/1000] Train_MAPE: 43.753461% Val_MAPE: 40.655644% | Total_Loss: 39.101941 Causal_Loss: 39.069451 DIR_Penalty: 32.490180 Non_Causal_Loss: 46.387131
2025-12-06 18:29:31,976 - /home/kantorkristof/git/neurips-polymer/III_Experiment-Traffic-Prediction/GNN/DIR.py[line:445] - INFO: Epoch [108/1000] Train_MAPE: 43.745303% Val_MAPE: 40.338161% | Total_Loss: 41.204346 Causal_Loss: 41.180051 DIR_Penalty: 24.294958 Non_Causal_Loss: 46.786410
2025-12-06 18:29:33,398 - /home/kantorkristof/git/neurips-polymer/III_Experiment-Traffic-Prediction/GNN/DIR.py[line:445] - INFO: Epoch [109/1000] Train_MAPE: 44.269640% Val_MAPE: 41.105445% | Total_Loss: 39.573388 Causal_Loss: 39.531795 DIR_Penalty: 41.593701 Non_Causal_Loss: 47.080507
2025-12-06 18:29:34,801 - /home/kantorkristof/git/neurips-polymer/III_Experiment-Traffic-Prediction/GNN/DIR.py[line:445] - INFO: Epoch [110/1000] Train_MAPE: 44.784658% Val_MAPE: 41.584550% | Total_Loss: 39.534715 Causal_Loss: 39.492067 DIR_Penalty: 42.648649 Non_Causal_Loss: 46.776062
2025-12-06 18:29:36,257 - /home/kantorkristof/git/neurips-polymer/III_Experiment-Traffic-Prediction/GNN/DIR.py[line:445] - INFO: Epoch [111/1000] Train_MAPE: 43.205734% Val_MAPE: 40.423611% | Total_Loss: 39.132980 Causal_Loss: 39.077014 DIR_Penalty: 55.966437 Non_Causal_Loss: 48.287139
2025-12-06 18:29:37,681 - /home/kantorkristof/git/neurips-polymer/III_Experiment-Traffic-Prediction/GNN/DIR.py[line:445] - INFO: Epoch [112/1000] Train_MAPE: 42.766099% Val_MAPE: 41.625341% | Total_Loss: 40.072512 Causal_Loss: 40.019146 DIR_Penalty: 53.365887 Non_Causal_Loss: 48.790169
2025-12-06 18:29:39,068 - /home/kantorkristof/git/neurips-polymer/III_Experiment-Traffic-Prediction/GNN/DIR.py[line:445] - INFO: Epoch [113/1000] Train_MAPE: 44.658256% Val_MAPE: 42.505386% | Total_Loss: 40.573176 Causal_Loss: 40.520923 DIR_Penalty: 52.253756 Non_Causal_Loss: 48.238029
2025-12-06 18:29:40,467 - /home/kantorkristof/git/neurips-polymer/III_Experiment-Traffic-Prediction/GNN/DIR.py[line:445] - INFO: Epoch [114/1000] Train_MAPE: 46.873529% Val_MAPE: 43.019501% | Total_Loss: 39.588615 Causal_Loss: 39.530024 DIR_Penalty: 58.591895 Non_Causal_Loss: 49.814408
2025-12-06 18:29:41,837 - /home/kantorkristof/git/neurips-polymer/III_Experiment-Traffic-Prediction/GNN/DIR.py[line:445] - INFO: Epoch [115/1000] Train_MAPE: 48.266809% Val_MAPE: 44.010567% | Total_Loss: 39.969730 Causal_Loss: 39.923882 DIR_Penalty: 45.848119 Non_Causal_Loss: 47.948241
2025-12-06 18:29:43,224 - /home/kantorkristof/git/neurips-polymer/III_Experiment-Traffic-Prediction/GNN/DIR.py[line:445] - INFO: Epoch [116/1000] Train_MAPE: 43.155090% Val_MAPE: 40.178879% | Total_Loss: 39.081820 Causal_Loss: 39.032859 DIR_Penalty: 48.962053 Non_Causal_Loss: 46.511207
2025-12-06 18:29:44,622 - /home/kantorkristof/git/neurips-polymer/III_Experiment-Traffic-Prediction/GNN/DIR.py[line:445] - INFO: Epoch [117/1000] Train_MAPE: 42.921585% Val_MAPE: 40.336562% | Total_Loss: 39.810779 Causal_Loss: 39.771211 DIR_Penalty: 39.568134 Non_Causal_Loss: 46.689342
2025-12-06 18:29:46,013 - /home/kantorkristof/git/neurips-polymer/III_Experiment-Traffic-Prediction/GNN/DIR.py[line:445] - INFO: Epoch [118/1000] Train_MAPE: 44.220747% Val_MAPE: 41.450021% | Total_Loss: 39.158370 Causal_Loss: 39.106677 DIR_Penalty: 51.693319 Non_Causal_Loss: 48.653450
2025-12-06 18:29:47,409 - /home/kantorkristof/git/neurips-polymer/III_Experiment-Traffic-Prediction/GNN/DIR.py[line:445] - INFO: Epoch [119/1000] Train_MAPE: 45.963502% Val_MAPE: 42.776872% | Total_Loss: 39.288781 Causal_Loss: 39.255438 DIR_Penalty: 33.343374 Non_Causal_Loss: 46.940772
2025-12-06 18:29:48,804 - /home/kantorkristof/git/neurips-polymer/III_Experiment-Traffic-Prediction/GNN/DIR.py[line:445] - INFO: Epoch [120/1000] Train_MAPE: 43.607871% Val_MAPE: 41.079793% | Total_Loss: 40.046448 Causal_Loss: 39.984151 DIR_Penalty: 62.296803 Non_Causal_Loss: 49.232383
2025-12-06 18:29:50,220 - /home/kantorkristof/git/neurips-polymer/III_Experiment-Traffic-Prediction/GNN/DIR.py[line:445] - INFO: Epoch [121/1000] Train_MAPE: 44.195264% Val_MAPE: 42.029773% | Total_Loss: 39.791440 Causal_Loss: 39.727049 DIR_Penalty: 64.390751 Non_Causal_Loss: 48.468529
2025-12-06 18:29:51,628 - /home/kantorkristof/git/neurips-polymer/III_Experiment-Traffic-Prediction/GNN/DIR.py[line:445] - INFO: Epoch [122/1000] Train_MAPE: 44.534434% Val_MAPE: 41.321948% | Total_Loss: 39.591679 Causal_Loss: 39.524067 DIR_Penalty: 67.611482 Non_Causal_Loss: 48.179864
2025-12-06 18:29:51,628 - /home/kantorkristof/git/neurips-polymer/III_Experiment-Traffic-Prediction/GNN/DIR.py[line:469] - INFO: Early Stopping
2025-12-06 18:29:52,569 - /home/kantorkristof/git/neurips-polymer/III_Experiment-Traffic-Prediction/GNN/DIR.py[line:484] - INFO: Best model Accuracy for Yearly_Time_Lost_Rush_Hours_CC, seed 42:
2025-12-06 18:29:52,569 - /home/kantorkristof/git/neurips-polymer/III_Experiment-Traffic-Prediction/GNN/DIR.py[line:485] - INFO:   Train MAPE: 42.142004%
2025-12-06 18:29:52,569 - /home/kantorkristof/git/neurips-polymer/III_Experiment-Traffic-Prediction/GNN/DIR.py[line:486] - INFO:   Val MAPE: 38.962177%
2025-12-06 18:29:52,569 - /home/kantorkristof/git/neurips-polymer/III_Experiment-Traffic-Prediction/GNN/DIR.py[line:487] - INFO:   Test MAPE: 38.744289%
2025-12-06 18:29:52,569 - /home/kantorkristof/git/neurips-polymer/III_Experiment-Traffic-Prediction/GNN/DIR.py[line:503] - INFO: 
=== Results for attribute Yearly_Time_Lost_Rush_Hours_CC (MAPE) ===
2025-12-06 18:29:52,570 - /home/kantorkristof/git/neurips-polymer/III_Experiment-Traffic-Prediction/GNN/DIR.py[line:509] - INFO: Train MAPE: 42.142002% Val MAPE: 38.962177% Test MAPE: 38.744289%
